[{"Bao": {"Bao prediction": "NaN", "Bao recommended hint": "(no hint)"}}, {"Plan": {"Node Type": "Aggregate", "Strategy": "Plain", "Partial Mode": "Finalize", "Parallel Aware": false, "Startup Cost": 355193.82, "Total Cost": 355193.83, "Plan Rows": 1, "Plan Width": 8, "Actual Startup Time": 1554.442, "Actual Total Time": 1606.469, "Actual Rows": 1, "Actual Loops": 1, "Plans": [{"Node Type": "Gather", "Parent Relationship": "Outer", "Parallel Aware": false, "Startup Cost": 355193.61, "Total Cost": 355193.82, "Plan Rows": 2, "Plan Width": 8, "Actual Startup Time": 1554.315, "Actual Total Time": 1606.45, "Actual Rows": 3, "Actual Loops": 1, "Workers Planned": 2, "Workers Launched": 2, "Single Copy": false, "Plans": [{"Node Type": "Aggregate", "Strategy": "Plain", "Partial Mode": "Partial", "Parent Relationship": "Outer", "Parallel Aware": false, "Startup Cost": 354193.61, "Total Cost": 354193.62, "Plan Rows": 1, "Plan Width": 8, "Actual Startup Time": 1552.165, "Actual Total Time": 1552.168, "Actual Rows": 1, "Actual Loops": 3, "Plans": [{"Node Type": "Hash Join", "Parent Relationship": "Outer", "Parallel Aware": true, "Join Type": "Inner", "Startup Cost": 50968.92, "Total Cost": 354192.98, "Plan Rows": 252, "Plan Width": 0, "Actual Startup Time": 307.351, "Actual Total Time": 1552.041, "Actual Rows": 2417, "Actual Loops": 3, "Inner Unique": false, "Hash Cond": "(mi.movie_id = t.id)", "Plans": [{"Node Type": "Seq Scan", "Parent Relationship": "Outer", "Parallel Aware": true, "Relation Name": "movie_info", "Alias": "mi", "Startup Cost": 0.0, "Total Cost": 302038.28, "Plan Rows": 316166, "Plan Width": 4, "Actual Startup Time": 0.567, "Actual Total Time": 1226.368, "Actual Rows": 235558, "Actual Loops": 3, "Filter": "((info)::text = ANY ('{Sweden,Norway,Germany,Denmark,Swedish,Denish,Norwegian,German,USA,American}'::text[]))", "Rows Removed by Filter": 4709682}, {"Node Type": "Hash", "Parent Relationship": "Inner", "Parallel Aware": true, "Startup Cost": 50967.34, "Total Cost": 50967.34, "Plan Rows": 126, "Plan Width": 8, "Actual Startup Time": 304.298, "Actual Total Time": 304.3, "Actual Rows": 2625, "Actual Loops": 3, "Hash Buckets": 8192, "Original Hash Buckets": 1024, "Hash Batches": 1, "Original Hash Batches": 1, "Peak Memory Usage": 472, "Plans": [{"Node Type": "Nested Loop", "Parent Relationship": "Outer", "Parallel Aware": false, "Join Type": "Inner", "Startup Cost": 2626.72, "Total Cost": 50967.34, "Plan Rows": 126, "Plan Width": 8, "Actual Startup Time": 20.088, "Actual Total Time": 235.994, "Actual Rows": 2625, "Actual Loops": 3, "Inner Unique": true, "Plans": [{"Node Type": "Hash Join", "Parent Relationship": "Outer", "Parallel Aware": false, "Join Type": "Inner", "Startup Cost": 2626.29, "Total Cost": 50878.2, "Plan Rows": 182, "Plan Width": 4, "Actual Startup Time": 19.753, "Actual Total Time": 224.454, "Actual Rows": 4317, "Actual Loops": 3, "Inner Unique": true, "Hash Cond": "(mk.keyword_id = k.id)", "Plans": [{"Node Type": "Seq Scan", "Parent Relationship": "Outer", "Parallel Aware": true, "Relation Name": "movie_keyword", "Alias": "mk", "Startup Cost": 0.0, "Total Cost": 43303.71, "Plan Rows": 1884971, "Plan Width": 8, "Actual Startup Time": 0.012, "Actual Total Time": 101.509, "Actual Rows": 1507977, "Actual Loops": 3}, {"Node Type": "Hash", "Parent Relationship": "Inner", "Parallel Aware": false, "Startup Cost": 2626.12, "Total Cost": 2626.12, "Plan Rows": 13, "Plan Width": 4, "Actual Startup Time": 19.29, "Actual Total Time": 19.29, "Actual Rows": 30, "Actual Loops": 3, "Hash Buckets": 1024, "Original Hash Buckets": 1024, "Hash Batches": 1, "Original Hash Batches": 1, "Peak Memory Usage": 10, "Plans": [{"Node Type": "Seq Scan", "Parent Relationship": "Outer", "Parallel Aware": false, "Relation Name": "keyword", "Alias": "k", "Startup Cost": 0.0, "Total Cost": 2626.12, "Plan Rows": 13, "Plan Width": 4, "Actual Startup Time": 1.111, "Actual Total Time": 19.274, "Actual Rows": 30, "Actual Loops": 3, "Filter": "((keyword)::text ~~ '%sequel%'::text)", "Rows Removed by Filter": 134140}]}]}, {"Node Type": "Index Scan", "Parent Relationship": "Inner", "Parallel Aware": false, "Scan Direction": "Forward", "Index Name": "title_pkey", "Relation Name": "title", "Alias": "t", "Startup Cost": 0.43, "Total Cost": 0.49, "Plan Rows": 1, "Plan Width": 4, "Actual Startup Time": 0.002, "Actual Total Time": 0.002, "Actual Rows": 1, "Actual Loops": 12951, "Index Cond": "(id = mk.movie_id)", "Rows Removed by Index Recheck": 0, "Filter": "(production_year > 1990)", "Rows Removed by Filter": 0}]}]}]}]}]}]}, "Planning Time": 35.043, "Triggers": [], "Execution Time": 1606.537}]
[{"Bao": {"Bao prediction": "NaN", "Bao recommended hint": "(no hint)"}}, {"Plan": {"Node Type": "Aggregate", "Strategy": "Plain", "Partial Mode": "Finalize", "Parallel Aware": false, "Startup Cost": 50226.61, "Total Cost": 50226.62, "Plan Rows": 1, "Plan Width": 8, "Actual Startup Time": 232.045, "Actual Total Time": 240.541, "Actual Rows": 1, "Actual Loops": 1, "Plans": [{"Node Type": "Gather", "Parent Relationship": "Outer", "Parallel Aware": false, "Startup Cost": 50226.4, "Total Cost": 50226.61, "Plan Rows": 2, "Plan Width": 8, "Actual Startup Time": 231.416, "Actual Total Time": 240.524, "Actual Rows": 3, "Actual Loops": 1, "Workers Planned": 2, "Workers Launched": 2, "Single Copy": false, "Plans": [{"Node Type": "Aggregate", "Strategy": "Plain", "Partial Mode": "Partial", "Parent Relationship": "Outer", "Parallel Aware": false, "Startup Cost": 49226.4, "Total Cost": 49226.41, "Plan Rows": 1, "Plan Width": 8, "Actual Startup Time": 229.259, "Actual Total Time": 229.263, "Actual Rows": 1, "Actual Loops": 3, "Plans": [{"Node Type": "Nested Loop", "Parent Relationship": "Outer", "Parallel Aware": false, "Join Type": "Inner", "Startup Cost": 33908.15, "Total Cost": 49226.28, "Plan Rows": 45, "Plan Width": 0, "Actual Startup Time": 229.224, "Actual Total Time": 229.26, "Actual Rows": 1, "Actual Loops": 3, "Inner Unique": true, "Plans": [{"Node Type": "Hash Join", "Parent Relationship": "Outer", "Parallel Aware": true, "Join Type": "Inner", "Startup Cost": 33907.72, "Total Cost": 49178.32, "Plan Rows": 82, "Plan Width": 8, "Actual Startup Time": 229.196, "Actual Total Time": 229.226, "Actual Rows": 2, "Actual Loops": 3, "Inner Unique": false, "Hash Cond": "(mi_idx.movie_id = mc.movie_id)", "Plans": [{"Node Type": "Hash Join", "Parent Relationship": "Outer", "Parallel Aware": false, "Join Type": "Inner", "Startup Cost": 2.43, "Total Cost": 15253.6, "Plan Rows": 5089, "Plan Width": 4, "Actual Startup Time": 63.766, "Actual Total Time": 63.769, "Actual Rows": 3, "Actual Loops": 3, "Inner Unique": true, "Hash Cond": "(mi_idx.info_type_id = it.id)", "Plans": [{"Node Type": "Seq Scan", "Parent Relationship": "Outer", "Parallel Aware": true, "Relation Name": "movie_info_idx", "Alias": "mi_idx", "Startup Cost": 0.0, "Total Cost": 13685.15, "Plan Rows": 575015, "Plan Width": 8, "Actual Startup Time": 0.018, "Actual Total Time": 32.208, "Actual Rows": 460012, "Actual Loops": 3}, {"Node Type": "Hash", "Parent Relationship": "Inner", "Parallel Aware": false, "Startup Cost": 2.41, "Total Cost": 2.41, "Plan Rows": 1, "Plan Width": 4, "Actual Startup Time": 0.039, "Actual Total Time": 0.04, "Actual Rows": 1, "Actual Loops": 3, "Hash Buckets": 1024, "Original Hash Buckets": 1024, "Hash Batches": 1, "Original Hash Batches": 1, "Peak Memory Usage": 9, "Plans": [{"Node Type": "Seq Scan", "Parent Relationship": "Outer", "Parallel Aware": false, "Relation Name": "info_type", "Alias": "it", "Startup Cost": 0.0, "Total Cost": 2.41, "Plan Rows": 1, "Plan Width": 4, "Actual Startup Time": 0.027, "Actual Total Time": 0.028, "Actual Rows": 1, "Actual Loops": 3, "Filter": "((info)::text = 'bottom 10 rank'::text)", "Rows Removed by Filter": 112}]}]}, {"Node Type": "Hash", "Parent Relationship": "Inner", "Parallel Aware": true, "Startup Cost": 33866.15, "Total Cost": 33866.15, "Plan Rows": 3132, "Plan Width": 4, "Actual Startup Time": 165.157, "Actual Total Time": 165.159, "Actual Rows": 46968, "Actual Loops": 3, "Hash Buckets": 262144, "Original Hash Buckets": 8192, "Hash Batches": 1, "Original Hash Batches": 1, "Peak Memory Usage": 9568, "Plans": [{"Node Type": "Hash Join", "Parent Relationship": "Outer", "Parallel Aware": false, "Join Type": "Inner", "Startup Cost": 18.93, "Total Cost": 33866.15, "Plan Rows": 3132, "Plan Width": 4, "Actual Startup Time": 106.035, "Actual Total Time": 150.279, "Actual Rows": 46968, "Actual Loops": 3, "Inner Unique": true, "Hash Cond": "(mc.company_type_id = ct.id)", "Plans": [{"Node Type": "Seq Scan", "Parent Relationship": "Outer", "Parallel Aware": true, "Relation Name": "movie_companies", "Alias": "mc", "Startup Cost": 0.0, "Total Cost": 32379.21, "Plan Rows": 555923, "Plan Width": 8, "Actual Startup Time": 0.015, "Actual Total Time": 122.964, "Actual Rows": 445696, "Actual Loops": 3, "Filter": "((note)::text !~~ '%(as Metro-Goldwyn-Mayer Pictures)%'::text)", "Rows Removed by Filter": 424014}, {"Node Type": "Hash", "Parent Relationship": "Inner", "Parallel Aware": false, "Startup Cost": 18.88, "Total Cost": 18.88, "Plan Rows": 4, "Plan Width": 4, "Actual Startup Time": 0.019, "Actual Total Time": 0.02, "Actual Rows": 1, "Actual Loops": 3, "Hash Buckets": 1024, "Original Hash Buckets": 1024, "Hash Batches": 1, "Original Hash Batches": 1, "Peak Memory Usage": 9, "Plans": [{"Node Type": "Seq Scan", "Parent Relationship": "Outer", "Parallel Aware": false, "Relation Name": "company_type", "Alias": "ct", "Startup Cost": 0.0, "Total Cost": 18.88, "Plan Rows": 4, "Plan Width": 4, "Actual Startup Time": 0.012, "Actual Total Time": 0.013, "Actual Rows": 1, "Actual Loops": 3, "Filter": "((kind)::text = 'production companies'::text)", "Rows Removed by Filter": 3}]}]}]}]}, {"Node Type": "Index Scan", "Parent Relationship": "Inner", "Parallel Aware": false, "Scan Direction": "Forward", "Index Name": "title_pkey", "Relation Name": "title", "Alias": "t", "Startup Cost": 0.43, "Total Cost": 0.58, "Plan Rows": 1, "Plan Width": 4, "Actual Startup Time": 0.019, "Actual Total Time": 0.019, "Actual Rows": 1, "Actual Loops": 5, "Index Cond": "(id = mc.movie_id)", "Rows Removed by Index Recheck": 0, "Filter": "(production_year > 2000)", "Rows Removed by Filter": 0}]}]}]}]}, "Planning Time": 35.156, "Triggers": [], "Execution Time": 240.636}]
[{"Bao": {"Bao prediction": "NaN", "Bao recommended hint": "(no hint)"}}, {"Plan": {"Node Type": "Aggregate", "Strategy": "Plain", "Partial Mode": "Finalize", "Parallel Aware": false, "Startup Cost": 333838.26, "Total Cost": 333838.27, "Plan Rows": 1, "Plan Width": 8, "Actual Startup Time": 1029.307, "Actual Total Time": 1062.138, "Actual Rows": 1, "Actual Loops": 1, "Plans": [{"Node Type": "Gather", "Parent Relationship": "Outer", "Parallel Aware": false, "Startup Cost": 333838.04, "Total Cost": 333838.25, "Plan Rows": 2, "Plan Width": 8, "Actual Startup Time": 1029.038, "Actual Total Time": 1062.13, "Actual Rows": 3, "Actual Loops": 1, "Workers Planned": 2, "Workers Launched": 2, "Single Copy": false, "Plans": [{"Node Type": "Aggregate", "Strategy": "Plain", "Partial Mode": "Partial", "Parent Relationship": "Outer", "Parallel Aware": false, "Startup Cost": 332838.04, "Total Cost": 332838.05, "Plan Rows": 1, "Plan Width": 8, "Actual Startup Time": 1026.669, "Actual Total Time": 1026.677, "Actual Rows": 1, "Actual Loops": 3, "Plans": [{"Node Type": "Hash Join", "Parent Relationship": "Outer", "Parallel Aware": true, "Join Type": "Inner", "Startup Cost": 324570.39, "Total Cost": 332833.72, "Plan Rows": 1728, "Plan Width": 0, "Actual Startup Time": 1004.506, "Actual Total Time": 1026.514, "Actual Rows": 3782, "Actual Loops": 3, "Inner Unique": false, "Hash Cond": "(at.movie_id = t.id)", "Plans": [{"Node Type": "Seq Scan", "Parent Relationship": "Outer", "Parallel Aware": true, "Relation Name": "aka_title", "Alias": "at", "Startup Cost": 0.0, "Total Cost": 7698.13, "Plan Rows": 150613, "Plan Width": 4, "Actual Startup Time": 0.007, "Actual Total Time": 11.591, "Actual Rows": 120491, "Actual Loops": 3}, {"Node Type": "Hash", "Parent Relationship": "Inner", "Parallel Aware": true, "Startup Cost": 324561.94, "Total Cost": 324561.94, "Plan Rows": 676, "Plan Width": 16, "Actual Startup Time": 1003.993, "Actual Total Time": 1004.0, "Actual Rows": 8521, "Actual Loops": 3, "Hash Buckets": 32768, "Original Hash Buckets": 2048, "Hash Batches": 1, "Original Hash Batches": 1, "Peak Memory Usage": 1744, "Plans": [{"Node Type": "Nested Loop", "Parent Relationship": "Outer", "Parallel Aware": false, "Join Type": "Inner", "Startup Cost": 273892.97, "Total Cost": 324561.94, "Plan Rows": 676, "Plan Width": 16, "Actual Startup Time": 710.693, "Actual Total Time": 967.503, "Actual Rows": 8521, "Actual Loops": 3, "Inner Unique": true, "Plans": [{"Node Type": "Hash Join", "Parent Relationship": "Outer", "Parallel Aware": true, "Join Type": "Inner", "Startup Cost": 273892.55, "Total Cost": 324265.32, "Plan Rows": 676, "Plan Width": 20, "Actual Startup Time": 710.654, "Actual Total Time": 952.029, "Actual Rows": 8521, "Actual Loops": 3, "Inner Unique": false, "Hash Cond": "(mk.movie_id = t.id)", "Plans": [{"Node Type": "Seq Scan", "Parent Relationship": "Outer", "Parallel Aware": true, "Relation Name": "movie_keyword", "Alias": "mk", "Startup Cost": 0.0, "Total Cost": 43303.71, "Plan Rows": 1884971, "Plan Width": 8, "Actual Startup Time": 0.014, "Actual Total Time": 109.554, "Actual Rows": 1507977, "Actual Loops": 3}, {"Node Type": "Hash", "Parent Relationship": "Inner", "Parallel Aware": true, "Startup Cost": 273891.84, "Total Cost": 273891.84, "Plan Rows": 57, "Plan Width": 12, "Actual Startup Time": 710.546, "Actual Total Time": 710.551, "Actual Rows": 3286, "Actual Loops": 3, "Hash Buckets": 8192, "Original Hash Buckets": 1024, "Hash Batches": 1, "Original Hash Batches": 1, "Peak Memory Usage": 600, "Plans": [{"Node Type": "Nested Loop", "Parent Relationship": "Outer", "Parallel Aware": false, "Join Type": "Inner", "Startup Cost": 240074.15, "Total Cost": 273891.84, "Plan Rows": 57, "Plan Width": 12, "Actual Startup Time": 512.48, "Actual Total Time": 669.125, "Actual Rows": 3286, "Actual Loops": 3, "Inner Unique": true, "Plans": [{"Node Type": "Nested Loop", "Parent Relationship": "Outer", "Parallel Aware": false, "Join Type": "Inner", "Startup Cost": 240074.0, "Total Cost": 273882.29, "Plan Rows": 57, "Plan Width": 16, "Actual Startup Time": 512.457, "Actual Total Time": 665.908, "Actual Rows": 3286, "Actual Loops": 3, "Inner Unique": true, "Plans": [{"Node Type": "Hash Join", "Parent Relationship": "Outer", "Parallel Aware": true, "Join Type": "Inner", "Startup Cost": 240073.58, "Total Cost": 273811.83, "Plan Rows": 158, "Plan Width": 20, "Actual Startup Time": 512.433, "Actual Total Time": 653.93, "Actual Rows": 4792, "Actual Loops": 3, "Inner Unique": false, "Hash Cond": "(mc.movie_id = t.id)", "Plans": [{"Node Type": "Seq Scan", "Parent Relationship": "Outer", "Parallel Aware": true, "Relation Name": "movie_companies", "Alias": "mc", "Startup Cost": 0.0, "Total Cost": 29661.37, "Plan Rows": 1087137, "Plan Width": 12, "Actual Startup Time": 0.006, "Actual Total Time": 64.093, "Actual Rows": 869710, "Actual Loops": 3}, {"Node Type": "Hash", "Parent Relationship": "Inner", "Parallel Aware": true, "Startup Cost": 240073.23, "Total Cost": 240073.23, "Plan Rows": 28, "Plan Width": 8, "Actual Startup Time": 512.314, "Actual Total Time": 512.316, "Actual Rows": 3554, "Actual Loops": 3, "Hash Buckets": 16384, "Original Hash Buckets": 1024, "Hash Batches": 1, "Original Hash Batches": 1, "Peak Memory Usage": 760, "Plans": [{"Node Type": "Nested Loop", "Parent Relationship": "Outer", "Parallel Aware": false, "Join Type": "Inner", "Startup Cost": 2.86, "Total Cost": 240073.23, "Plan Rows": 28, "Plan Width": 8, "Actual Startup Time": 122.517, "Actual Total Time": 471.768, "Actual Rows": 3554, "Actual Loops": 3, "Inner Unique": true, "Plans": [{"Node Type": "Hash Join", "Parent Relationship": "Outer", "Parallel Aware": false, "Join Type": "Inner", "Startup Cost": 2.43, "Total Cost": 239810.89, "Plan Rows": 41, "Plan Width": 4, "Actual Startup Time": 122.489, "Actual Total Time": 457.413, "Actual Rows": 3560, "Actual Loops": 3, "Inner Unique": true, "Hash Cond": "(mi.info_type_id = it1.id)", "Plans": [{"Node Type": "Seq Scan", "Parent Relationship": "Outer", "Parallel Aware": true, "Relation Name": "movie_info", "Alias": "mi", "Startup Cost": 0.0, "Total Cost": 239795.93, "Plan Rows": 4599, "Plan Width": 8, "Actual Startup Time": 20.865, "Actual Total Time": 456.763, "Actual Rows": 3603, "Actual Loops": 3, "Filter": "((note)::text ~~ '%internet%'::text)", "Rows Removed by Filter": 4941637}, {"Node Type": "Hash", "Parent Relationship": "Inner", "Parallel Aware": false, "Startup Cost": 2.41, "Total Cost": 2.41, "Plan Rows": 1, "Plan Width": 4, "Actual Startup Time": 0.043, "Actual Total Time": 0.044, "Actual Rows": 1, "Actual Loops": 3, "Hash Buckets": 1024, "Original Hash Buckets": 1024, "Hash Batches": 1, "Original Hash Batches": 1, "Peak Memory Usage": 9, "Plans": [{"Node Type": "Seq Scan", "Parent Relationship": "Outer", "Parallel Aware": false, "Relation Name": "info_type", "Alias": "it1", "Startup Cost": 0.0, "Total Cost": 2.41, "Plan Rows": 1, "Plan Width": 4, "Actual Startup Time": 0.032, "Actual Total Time": 0.037, "Actual Rows": 1, "Actual Loops": 3, "Filter": "((info)::text = 'release dates'::text)", "Rows Removed by Filter": 112}]}]}, {"Node Type": "Index Scan", "Parent Relationship": "Inner", "Parallel Aware": false, "Scan Direction": "Forward", "Index Name": "title_pkey", "Relation Name": "title", "Alias": "t", "Startup Cost": 0.43, "Total Cost": 6.4, "Plan Rows": 1, "Plan Width": 4, "Actual Startup Time": 0.004, "Actual Total Time": 0.004, "Actual Rows": 1, "Actual Loops": 10679, "Index Cond": "(id = mi.movie_id)", "Rows Removed by Index Recheck": 0, "Filter": "(production_year > 1990)", "Rows Removed by Filter": 0}]}]}]}, {"Node Type": "Index Scan", "Parent Relationship": "Inner", "Parallel Aware": false, "Scan Direction": "Forward", "Index Name": "company_name_pkey", "Relation Name": "company_name", "Alias": "cn", "Startup Cost": 0.42, "Total Cost": 0.45, "Plan Rows": 1, "Plan Width": 4, "Actual Startup Time": 0.002, "Actual Total Time": 0.002, "Actual Rows": 1, "Actual Loops": 14377, "Index Cond": "(id = mc.company_id)", "Rows Removed by Index Recheck": 0, "Filter": "((country_code)::text = '[us]'::text)", "Rows Removed by Filter": 0}]}, {"Node Type": "Index Only Scan", "Parent Relationship": "Inner", "Parallel Aware": false, "Scan Direction": "Forward", "Index Name": "company_type_pkey", "Relation Name": "company_type", "Alias": "ct", "Startup Cost": 0.15, "Total Cost": 0.17, "Plan Rows": 1, "Plan Width": 4, "Actual Startup Time": 0.001, "Actual Total Time": 0.001, "Actual Rows": 1, "Actual Loops": 9857, "Index Cond": "(id = mc.company_type_id)", "Rows Removed by Index Recheck": 0, "Heap Fetches": 9857}]}]}]}, {"Node Type": "Index Only Scan", "Parent Relationship": "Inner", "Parallel Aware": false, "Scan Direction": "Forward", "Index Name": "keyword_pkey", "Relation Name": "keyword", "Alias": "k", "Startup Cost": 0.42, "Total Cost": 0.44, "Plan Rows": 1, "Plan Width": 4, "Actual Startup Time": 0.002, "Actual Total Time": 0.002, "Actual Rows": 1, "Actual Loops": 25564, "Index Cond": "(id = mk.keyword_id)", "Rows Removed by Index Recheck": 0, "Heap Fetches": 25564}]}]}]}]}]}]}, "Planning Time": 55.536, "Triggers": [], "Execution Time": 1062.299}]
[{"Bao": {"Bao prediction": "NaN", "Bao recommended hint": "(no hint)"}}, {"Plan": {"Node Type": "Aggregate", "Strategy": "Plain", "Partial Mode": "Simple", "Parallel Aware": false, "Startup Cost": 409634.32, "Total Cost": 409634.33, "Plan Rows": 1, "Plan Width": 8, "Actual Startup Time": 3808.168, "Actual Total Time": 3842.529, "Actual Rows": 1, "Actual Loops": 1, "Plans": [{"Node Type": "Nested Loop", "Parent Relationship": "Outer", "Parallel Aware": false, "Join Type": "Inner", "Startup Cost": 359259.75, "Total Cost": 409634.32, "Plan Rows": 1, "Plan Width": 0, "Actual Startup Time": 1731.257, "Actual Total Time": 3841.938, "Actual Rows": 8373, "Actual Loops": 1, "Inner Unique": true, "Plans": [{"Node Type": "Nested Loop", "Parent Relationship": "Outer", "Parallel Aware": false, "Join Type": "Inner", "Startup Cost": 359259.33, "Total Cost": 409633.77, "Plan Rows": 1, "Plan Width": 4, "Actual Startup Time": 1731.25, "Actual Total Time": 3824.235, "Actual Rows": 8771, "Actual Loops": 1, "Inner Unique": true, "Plans": [{"Node Type": "Nested Loop", "Parent Relationship": "Outer", "Parallel Aware": false, "Join Type": "Inner", "Startup Cost": 359259.18, "Total Cost": 409633.59, "Plan Rows": 1, "Plan Width": 8, "Actual Startup Time": 1731.245, "Actual Total Time": 3814.515, "Actual Rows": 9923, "Actual Loops": 1, "Inner Unique": true, "Plans": [{"Node Type": "Nested Loop", "Parent Relationship": "Outer", "Parallel Aware": false, "Join Type": "Inner", "Startup Cost": 359259.03, "Total Cost": 409633.41, "Plan Rows": 1, "Plan Width": 12, "Actual Startup Time": 1731.24, "Actual Total Time": 3804.579, "Actual Rows": 10319, "Actual Loops": 1, "Inner Unique": true, "Join Filter": "(mi.movie_id = t.id)", "Rows Removed by Join Filter": 0, "Plans": [{"Node Type": "Gather", "Parent Relationship": "Outer", "Parallel Aware": false, "Startup Cost": 359258.6, "Total Cost": 409632.91, "Plan Rows": 1, "Plan Width": 28, "Actual Startup Time": 1722.089, "Actual Total Time": 3759.121, "Actual Rows": 28348, "Actual Loops": 1, "Workers Planned": 2, "Workers Launched": 2, "Single Copy": false, "Plans": [{"Node Type": "Nested Loop", "Parent Relationship": "Outer", "Parallel Aware": false, "Join Type": "Inner", "Startup Cost": 358258.6, "Total Cost": 408632.81, "Plan Rows": 1, "Plan Width": 28, "Actual Startup Time": 1722.589, "Actual Total Time": 3770.789, "Actual Rows": 9449, "Actual Loops": 3, "Inner Unique": true, "Plans": [{"Node Type": "Hash Join", "Parent Relationship": "Outer", "Parallel Aware": true, "Join Type": "Inner", "Startup Cost": 358258.18, "Total Cost": 408630.58, "Plan Rows": 5, "Plan Width": 32, "Actual Startup Time": 1717.518, "Actual Total Time": 2074.579, "Actual Rows": 1053061, "Actual Loops": 3, "Inner Unique": false, "Hash Cond": "(mk.movie_id = mi.movie_id)", "Plans": [{"Node Type": "Seq Scan", "Parent Relationship": "Outer", "Parallel Aware": true, "Relation Name": "movie_keyword", "Alias": "mk", "Startup Cost": 0.0, "Total Cost": 43303.71, "Plan Rows": 1884971, "Plan Width": 8, "Actual Startup Time": 0.016, "Actual Total Time": 103.112, "Actual Rows": 1507977, "Actual Loops": 3}, {"Node Type": "Hash", "Parent Relationship": "Inner", "Parallel Aware": true, "Startup Cost": 358258.17, "Total Cost": 358258.17, "Plan Rows": 1, "Plan Width": 24, "Actual Startup Time": 1717.03, "Actual Total Time": 1717.136, "Actual Rows": 12636, "Actual Loops": 3, "Hash Buckets": 65536, "Original Hash Buckets": 1024, "Hash Batches": 1, "Original Hash Batches": 1, "Peak Memory Usage": 3128, "Plans": [{"Node Type": "Nested Loop", "Parent Relationship": "Outer", "Parallel Aware": false, "Join Type": "Inner", "Startup Cost": 55017.21, "Total Cost": 358258.17, "Plan Rows": 1, "Plan Width": 24, "Actual Startup Time": 402.476, "Actual Total Time": 1654.351, "Actual Rows": 12636, "Actual Loops": 3, "Inner Unique": true, "Plans": [{"Node Type": "Hash Join", "Parent Relationship": "Outer", "Parallel Aware": true, "Join Type": "Inner", "Startup Cost": 55017.06, "Total Cost": 358257.48, "Plan Rows": 4, "Plan Width": 28, "Actual Startup Time": 402.465, "Actual Total Time": 1637.463, "Actual Rows": 20220, "Actual Loops": 3, "Inner Unique": false, "Hash Cond": "(mi.movie_id = mi_idx.movie_id)", "Plans": [{"Node Type": "Seq Scan", "Parent Relationship": "Outer", "Parallel Aware": true, "Relation Name": "movie_info", "Alias": "mi", "Startup Cost": 0.0, "Total Cost": 302038.28, "Plan Rows": 320570, "Plan Width": 8, "Actual Startup Time": 0.612, "Actual Total Time": 1210.535, "Actual Rows": 238737, "Actual Loops": 3, "Filter": "((info)::text = ANY ('{Sweden,Norway,Germany,Denmark,Swedish,Danish,Norwegian,German,USA,American}'::text[]))", "Rows Removed by Filter": 4706503}, {"Node Type": "Hash", "Parent Relationship": "Inner", "Parallel Aware": true, "Startup Cost": 55017.03, "Total Cost": 55017.03, "Plan Rows": 2, "Plan Width": 20, "Actual Startup Time": 399.815, "Actual Total Time": 399.919, "Actual Rows": 18919, "Actual Loops": 3, "Hash Buckets": 65536, "Original Hash Buckets": 1024, "Hash Batches": 1, "Original Hash Batches": 1, "Peak Memory Usage": 4152, "Plans": [{"Node Type": "Nested Loop", "Parent Relationship": "Outer", "Parallel Aware": false, "Join Type": "Inner", "Startup Cost": 37788.12, "Total Cost": 55017.03, "Plan Rows": 2, "Plan Width": 20, "Actual Startup Time": 241.358, "Actual Total Time": 382.005, "Actual Rows": 18919, "Actual Loops": 3, "Inner Unique": true, "Plans": [{"Node Type": "Hash Join", "Parent Relationship": "Outer", "Parallel Aware": false, "Join Type": "Inner", "Startup Cost": 37787.97, "Total Cost": 55016.69, "Plan Rows": 2, "Plan Width": 24, "Actual Startup Time": 241.335, "Actual Total Time": 365.517, "Actual Rows": 18919, "Actual Loops": 3, "Inner Unique": true, "Hash Cond": "(mi_idx.info_type_id = it2.id)", "Plans": [{"Node Type": "Hash Join", "Parent Relationship": "Outer", "Parallel Aware": true, "Join Type": "Inner", "Startup Cost": 37785.54, "Total Cost": 55013.52, "Plan Rows": 276, "Plan Width": 28, "Actual Startup Time": 241.293, "Actual Total Time": 360.374, "Actual Rows": 56711, "Actual Loops": 3, "Inner Unique": false, "Hash Cond": "(mi_idx.movie_id = mc.movie_id)", "Plans": [{"Node Type": "Seq Scan", "Parent Relationship": "Outer", "Parallel Aware": true, "Relation Name": "movie_info_idx", "Alias": "mi_idx", "Startup Cost": 0.0, "Total Cost": 15122.68, "Plan Rows": 561109, "Plan Width": 8, "Actual Startup Time": 0.016, "Actual Total Time": 76.443, "Actual Rows": 447629, "Actual Loops": 3, "Filter": "((info)::text < '8.5'::text)", "Rows Removed by Filter": 12383}, {"Node Type": "Hash", "Parent Relationship": "Inner", "Parallel Aware": true, "Startup Cost": 37784.35, "Total Cost": 37784.35, "Plan Rows": 95, "Plan Width": 20, "Actual Startup Time": 241.116, "Actual Total Time": 241.118, "Actual Rows": 20581, "Actual Loops": 3, "Hash Buckets": 65536, "Original Hash Buckets": 1024, "Hash Batches": 1, "Original Hash Batches": 1, "Peak Memory Usage": 4440, "Plans": [{"Node Type": "Hash Join", "Parent Relationship": "Outer", "Parallel Aware": false, "Join Type": "Inner", "Startup Cost": 2467.01, "Total Cost": 37784.35, "Plan Rows": 95, "Plan Width": 20, "Actual Startup Time": 46.041, "Actual Total Time": 218.825, "Actual Rows": 20581, "Actual Loops": 3, "Inner Unique": false, "Hash Cond": "(mc.movie_id = cc.movie_id)", "Plans": [{"Node Type": "Seq Scan", "Parent Relationship": "Outer", "Parallel Aware": true, "Relation Name": "movie_companies", "Alias": "mc", "Startup Cost": 0.0, "Total Cost": 35097.06, "Plan Rows": 58487, "Plan Width": 12, "Actual Startup Time": 0.011, "Actual Total Time": 138.262, "Actual Rows": 101090, "Actual Loops": 3, "Filter": "(((note)::text !~~ '%(USA)%'::text) AND ((note)::text ~~ '%(200%)%'::text))", "Rows Removed by Filter": 768619}, {"Node Type": "Hash", "Parent Relationship": "Inner", "Parallel Aware": false, "Startup Cost": 2457.5, "Total Cost": 2457.5, "Plan Rows": 761, "Plan Width": 8, "Actual Startup Time": 45.914, "Actual Total Time": 45.916, "Actual Rows": 110494, "Actual Loops": 3, "Hash Buckets": 131072, "Original Hash Buckets": 1024, "Hash Batches": 2, "Original Hash Batches": 1, "Peak Memory Usage": 3172, "Plans": [{"Node Type": "Hash Join", "Parent Relationship": "Outer", "Parallel Aware": false, "Join Type": "Inner", "Startup Cost": 18.93, "Total Cost": 2457.5, "Plan Rows": 761, "Plan Width": 8, "Actual Startup Time": 0.031, "Actual Total Time": 29.219, "Actual Rows": 110494, "Actual Loops": 3, "Inner Unique": true, "Hash Cond": "(cc.status_id = cct2.id)", "Plans": [{"Node Type": "Seq Scan", "Parent Relationship": "Outer", "Parallel Aware": false, "Relation Name": "complete_cast", "Alias": "cc", "Startup Cost": 0.0, "Total Cost": 2081.86, "Plan Rows": 135086, "Plan Width": 12, "Actual Startup Time": 0.012, "Actual Total Time": 9.658, "Actual Rows": 135086, "Actual Loops": 3}, {"Node Type": "Hash", "Parent Relationship": "Inner", "Parallel Aware": false, "Startup Cost": 18.88, "Total Cost": 18.88, "Plan Rows": 4, "Plan Width": 4, "Actual Startup Time": 0.01, "Actual Total Time": 0.01, "Actual Rows": 1, "Actual Loops": 3, "Hash Buckets": 1024, "Original Hash Buckets": 1024, "Hash Batches": 1, "Original Hash Batches": 1, "Peak Memory Usage": 9, "Plans": [{"Node Type": "Seq Scan", "Parent Relationship": "Outer", "Parallel Aware": false, "Relation Name": "comp_cast_type", "Alias": "cct2", "Startup Cost": 0.0, "Total Cost": 18.88, "Plan Rows": 4, "Plan Width": 4, "Actual Startup Time": 0.008, "Actual Total Time": 0.008, "Actual Rows": 1, "Actual Loops": 3, "Filter": "((kind)::text = 'complete'::text)", "Rows Removed by Filter": 3}]}]}]}]}]}]}, {"Node Type": "Hash", "Parent Relationship": "Inner", "Parallel Aware": false, "Startup Cost": 2.41, "Total Cost": 2.41, "Plan Rows": 1, "Plan Width": 4, "Actual Startup Time": 0.029, "Actual Total Time": 0.03, "Actual Rows": 1, "Actual Loops": 3, "Hash Buckets": 1024, "Original Hash Buckets": 1024, "Hash Batches": 1, "Original Hash Batches": 1, "Peak Memory Usage": 9, "Plans": [{"Node Type": "Seq Scan", "Parent Relationship": "Outer", "Parallel Aware": false, "Relation Name": "info_type", "Alias": "it2", "Startup Cost": 0.0, "Total Cost": 2.41, "Plan Rows": 1, "Plan Width": 4, "Actual Startup Time": 0.023, "Actual Total Time": 0.025, "Actual Rows": 1, "Actual Loops": 3, "Filter": "((info)::text = 'rating'::text)", "Rows Removed by Filter": 112}]}]}, {"Node Type": "Index Only Scan", "Parent Relationship": "Inner", "Parallel Aware": false, "Scan Direction": "Forward", "Index Name": "company_type_pkey", "Relation Name": "company_type", "Alias": "ct", "Startup Cost": 0.15, "Total Cost": 0.17, "Plan Rows": 1, "Plan Width": 4, "Actual Startup Time": 0.001, "Actual Total Time": 0.001, "Actual Rows": 1, "Actual Loops": 56756, "Index Cond": "(id = mc.company_type_id)", "Rows Removed by Index Recheck": 0, "Heap Fetches": 56756}]}]}]}, {"Node Type": "Index Scan", "Parent Relationship": "Inner", "Parallel Aware": false, "Scan Direction": "Forward", "Index Name": "comp_cast_type_pkey", "Relation Name": "comp_cast_type", "Alias": "cct1", "Startup Cost": 0.15, "Total Cost": 0.17, "Plan Rows": 1, "Plan Width": 4, "Actual Startup Time": 0.001, "Actual Total Time": 0.001, "Actual Rows": 1, "Actual Loops": 60660, "Index Cond": "(id = cc.subject_id)", "Rows Removed by Index Recheck": 0, "Filter": "((kind)::text = 'cast'::text)", "Rows Removed by Filter": 0}]}]}]}, {"Node Type": "Index Scan", "Parent Relationship": "Inner", "Parallel Aware": false, "Scan Direction": "Forward", "Index Name": "keyword_pkey", "Relation Name": "keyword", "Alias": "k", "Startup Cost": 0.42, "Total Cost": 0.44, "Plan Rows": 1, "Plan Width": 4, "Actual Startup Time": 0.001, "Actual Total Time": 0.001, "Actual Rows": 0, "Actual Loops": 3159183, "Index Cond": "(id = mk.keyword_id)", "Rows Removed by Index Recheck": 0, "Filter": "((keyword)::text = ANY ('{murder,murder-in-title,blood,violence}'::text[]))", "Rows Removed by Filter": 1}]}]}, {"Node Type": "Index Scan", "Parent Relationship": "Inner", "Parallel Aware": false, "Scan Direction": "Forward", "Index Name": "title_pkey", "Relation Name": "title", "Alias": "t", "Startup Cost": 0.43, "Total Cost": 0.49, "Plan Rows": 1, "Plan Width": 8, "Actual Startup Time": 0.001, "Actual Total Time": 0.001, "Actual Rows": 0, "Actual Loops": 28348, "Index Cond": "(id = mk.movie_id)", "Rows Removed by Index Recheck": 0, "Filter": "(production_year > 2005)", "Rows Removed by Filter": 1}]}, {"Node Type": "Index Scan", "Parent Relationship": "Inner", "Parallel Aware": false, "Scan Direction": "Forward", "Index Name": "kind_type_pkey", "Relation Name": "kind_type", "Alias": "kt", "Startup Cost": 0.15, "Total Cost": 0.17, "Plan Rows": 1, "Plan Width": 4, "Actual Startup Time": 0.001, "Actual Total Time": 0.001, "Actual Rows": 1, "Actual Loops": 10319, "Index Cond": "(id = t.kind_id)", "Rows Removed by Index Recheck": 0, "Filter": "((kind)::text = ANY ('{movie,episode}'::text[]))", "Rows Removed by Filter": 0}]}, {"Node Type": "Index Scan", "Parent Relationship": "Inner", "Parallel Aware": false, "Scan Direction": "Forward", "Index Name": "info_type_pkey", "Relation Name": "info_type", "Alias": "it1", "Startup Cost": 0.14, "Total Cost": 0.16, "Plan Rows": 1, "Plan Width": 4, "Actual Startup Time": 0.001, "Actual Total Time": 0.001, "Actual Rows": 1, "Actual Loops": 9923, "Index Cond": "(id = mi.info_type_id)", "Rows Removed by Index Recheck": 0, "Filter": "((info)::text = 'countries'::text)", "Rows Removed by Filter": 0}]}, {"Node Type": "Index Scan", "Parent Relationship": "Inner", "Parallel Aware": false, "Scan Direction": "Forward", "Index Name": "company_name_pkey", "Relation Name": "company_name", "Alias": "cn", "Startup Cost": 0.42, "Total Cost": 0.55, "Plan Rows": 1, "Plan Width": 4, "Actual Startup Time": 0.002, "Actual Total Time": 0.002, "Actual Rows": 1, "Actual Loops": 8771, "Index Cond": "(id = mc.company_id)", "Rows Removed by Index Recheck": 0, "Filter": "((country_code)::text <> '[us]'::text)", "Rows Removed by Filter": 0}]}]}, "Planning Time": 190.036, "Triggers": [], "Execution Time": 3842.651}]
[{"Bao": {"Bao prediction": "NaN", "Bao recommended hint": "(no hint)"}}, {"Plan": {"Node Type": "Aggregate", "Strategy": "Plain", "Partial Mode": "Simple", "Parallel Aware": false, "Startup Cost": 101499.5, "Total Cost": 101499.51, "Plan Rows": 1, "Plan Width": 8, "Actual Startup Time": 400.095, "Actual Total Time": 405.325, "Actual Rows": 1, "Actual Loops": 1, "Plans": [{"Node Type": "Nested Loop", "Parent Relationship": "Outer", "Parallel Aware": false, "Join Type": "Inner", "Startup Cost": 85657.89, "Total Cost": 101499.5, "Plan Rows": 1, "Plan Width": 0, "Actual Startup Time": 338.356, "Actual Total Time": 405.319, "Actual Rows": 8, "Actual Loops": 1, "Inner Unique": true, "Plans": [{"Node Type": "Gather", "Parent Relationship": "Outer", "Parallel Aware": false, "Startup Cost": 85657.75, "Total Cost": 101499.31, "Plan Rows": 1, "Plan Width": 4, "Actual Startup Time": 338.324, "Actual Total Time": 405.286, "Actual Rows": 24, "Actual Loops": 1, "Workers Planned": 2, "Workers Launched": 2, "Single Copy": false, "Plans": [{"Node Type": "Hash Join", "Parent Relationship": "Outer", "Parallel Aware": true, "Join Type": "Inner", "Startup Cost": 84657.75, "Total Cost": 100499.21, "Plan Rows": 1, "Plan Width": 4, "Actual Startup Time": 376.918, "Actual Total Time": 397.42, "Actual Rows": 8, "Actual Loops": 3, "Inner Unique": false, "Hash Cond": "(mi_idx1.movie_id = t1.id)", "Plans": [{"Node Type": "Seq Scan", "Parent Relationship": "Outer", "Parallel Aware": true, "Relation Name": "movie_info_idx", "Alias": "mi_idx1", "Startup Cost": 0.0, "Total Cost": 13685.15, "Plan Rows": 575015, "Plan Width": 8, "Actual Startup Time": 0.017, "Actual Total Time": 31.157, "Actual Rows": 460012, "Actual Loops": 3}, {"Node Type": "Hash", "Parent Relationship": "Inner", "Parallel Aware": true, "Startup Cost": 84657.74, "Total Cost": 84657.74, "Plan Rows": 1, "Plan Width": 12, "Actual Startup Time": 335.161, "Actual Total Time": 335.171, "Actual Rows": 3, "Actual Loops": 3, "Hash Buckets": 1024, "Original Hash Buckets": 1024, "Hash Batches": 1, "Original Hash Batches": 1, "Peak Memory Usage": 72, "Plans": [{"Node Type": "Nested Loop", "Parent Relationship": "Outer", "Parallel Aware": false, "Join Type": "Inner", "Startup Cost": 50919.57, "Total Cost": 84657.74, "Plan Rows": 1, "Plan Width": 12, "Actual Startup Time": 275.202, "Actual Total Time": 335.085, "Actual Rows": 3, "Actual Loops": 3, "Inner Unique": true, "Plans": [{"Node Type": "Hash Join", "Parent Relationship": "Outer", "Parallel Aware": true, "Join Type": "Inner", "Startup Cost": 50919.15, "Total Cost": 84657.29, "Plan Rows": 1, "Plan Width": 16, "Actual Startup Time": 235.659, "Actual Total Time": 335.015, "Actual Rows": 10, "Actual Loops": 3, "Inner Unique": false, "Hash Cond": "(mc1.movie_id = t1.id)", "Plans": [{"Node Type": "Seq Scan", "Parent Relationship": "Outer", "Parallel Aware": true, "Relation Name": "movie_companies", "Alias": "mc1", "Startup Cost": 0.0, "Total Cost": 29661.37, "Plan Rows": 1087137, "Plan Width": 8, "Actual Startup Time": 0.017, "Actual Total Time": 59.365, "Actual Rows": 869710, "Actual Loops": 3}, {"Node Type": "Hash", "Parent Relationship": "Inner", "Parallel Aware": true, "Startup Cost": 50919.14, "Total Cost": 50919.14, "Plan Rows": 1, "Plan Width": 8, "Actual Startup Time": 215.204, "Actual Total Time": 215.213, "Actual Rows": 4, "Actual Loops": 3, "Hash Buckets": 1024, "Original Hash Buckets": 1024, "Hash Batches": 1, "Original Hash Batches": 1, "Peak Memory Usage": 72, "Plans": [{"Node Type": "Nested Loop", "Parent Relationship": "Outer", "Parallel Aware": false, "Join Type": "Inner", "Startup Cost": 17176.91, "Total Cost": 50919.14, "Plan Rows": 1, "Plan Width": 8, "Actual Startup Time": 134.406, "Actual Total Time": 215.153, "Actual Rows": 4, "Actual Loops": 3, "Inner Unique": true, "Join Filter": "(kt1.id = t1.kind_id)", "Rows Removed by Join Filter": 0, "Plans": [{"Node Type": "Nested Loop", "Parent Relationship": "Outer", "Parallel Aware": false, "Join Type": "Inner", "Startup Cost": 17176.48, "Total Cost": 50914.65, "Plan Rows": 1, "Plan Width": 8, "Actual Startup Time": 134.396, "Actual Total Time": 215.123, "Actual Rows": 4, "Actual Loops": 3, "Inner Unique": true, "Plans": [{"Node Type": "Hash Join", "Parent Relationship": "Outer", "Parallel Aware": true, "Join Type": "Inner", "Startup Cost": 17176.06, "Total Cost": 50914.21, "Plan Rows": 1, "Plan Width": 12, "Actual Startup Time": 134.358, "Actual Total Time": 215.05, "Actual Rows": 4, "Actual Loops": 3, "Inner Unique": false, "Hash Cond": "(mc2.movie_id = t2.id)", "Plans": [{"Node Type": "Seq Scan", "Parent Relationship": "Outer", "Parallel Aware": true, "Relation Name": "movie_companies", "Alias": "mc2", "Startup Cost": 0.0, "Total Cost": 29661.37, "Plan Rows": 1087137, "Plan Width": 8, "Actual Startup Time": 0.009, "Actual Total Time": 62.093, "Actual Rows": 869710, "Actual Loops": 3}, {"Node Type": "Hash", "Parent Relationship": "Inner", "Parallel Aware": true, "Startup Cost": 17176.05, "Total Cost": 17176.05, "Plan Rows": 1, "Plan Width": 20, "Actual Startup Time": 93.402, "Actual Total Time": 93.408, "Actual Rows": 2, "Actual Loops": 3, "Hash Buckets": 1024, "Original Hash Buckets": 1024, "Hash Batches": 1, "Original Hash Batches": 1, "Peak Memory Usage": 104, "Plans": [{"Node Type": "Nested Loop", "Parent Relationship": "Outer", "Parallel Aware": false, "Join Type": "Inner", "Startup Cost": 860.69, "Total Cost": 17176.05, "Plan Rows": 1, "Plan Width": 20, "Actual Startup Time": 17.419, "Actual Total Time": 93.37, "Actual Rows": 2, "Actual Loops": 3, "Inner Unique": false, "Join Filter": "(kt2.id = t2.kind_id)", "Rows Removed by Join Filter": 0, "Plans": [{"Node Type": "Nested Loop", "Parent Relationship": "Outer", "Parallel Aware": false, "Join Type": "Inner", "Startup Cost": 860.69, "Total Cost": 17129.91, "Plan Rows": 1, "Plan Width": 20, "Actual Startup Time": 17.393, "Actual Total Time": 93.338, "Actual Rows": 2, "Actual Loops": 3, "Inner Unique": true, "Join Filter": "(ml.linked_movie_id = t2.id)", "Rows Removed by Join Filter": 0, "Plans": [{"Node Type": "Hash Join", "Parent Relationship": "Outer", "Parallel Aware": false, "Join Type": "Inner", "Startup Cost": 860.26, "Total Cost": 17128.43, "Plan Rows": 2, "Plan Width": 12, "Actual Startup Time": 9.646, "Actual Total Time": 93.199, "Actual Rows": 11, "Actual Loops": 3, "Inner Unique": true, "Hash Cond": "(ml.link_type_id = lt.id)", "Plans": [{"Node Type": "Hash Join", "Parent Relationship": "Outer", "Parallel Aware": false, "Join Type": "Inner", "Startup Cost": 840.36, "Total Cost": 17108.12, "Plan Rows": 158, "Plan Width": 16, "Actual Startup Time": 7.709, "Actual Total Time": 93.123, "Actual Rows": 362, "Actual Loops": 3, "Inner Unique": false, "Hash Cond": "(mi_idx2.movie_id = ml.linked_movie_id)", "Plans": [{"Node Type": "Hash Join", "Parent Relationship": "Outer", "Parallel Aware": false, "Join Type": "Inner", "Startup Cost": 2.43, "Total Cost": 15867.61, "Plan Rows": 2412, "Plan Width": 4, "Actual Startup Time": 0.087, "Actual Total Time": 83.814, "Actual Rows": 8530, "Actual Loops": 3, "Inner Unique": true, "Hash Cond": "(mi_idx2.info_type_id = it2.id)", "Plans": [{"Node Type": "Seq Scan", "Parent Relationship": "Outer", "Parallel Aware": true, "Relation Name": "movie_info_idx", "Alias": "mi_idx2", "Startup Cost": 0.0, "Total Cost": 15122.68, "Plan Rows": 272632, "Plan Width": 8, "Actual Startup Time": 0.014, "Actual Total Time": 70.973, "Actual Rows": 218320, "Actual Loops": 3, "Filter": "((info)::text < '3.0'::text)", "Rows Removed by Filter": 241691}, {"Node Type": "Hash", "Parent Relationship": "Inner", "Parallel Aware": false, "Startup Cost": 2.41, "Total Cost": 2.41, "Plan Rows": 1, "Plan Width": 4, "Actual Startup Time": 0.021, "Actual Total Time": 0.022, "Actual Rows": 1, "Actual Loops": 3, "Hash Buckets": 1024, "Original Hash Buckets": 1024, "Hash Batches": 1, "Original Hash Batches": 1, "Peak Memory Usage": 9, "Plans": [{"Node Type": "Seq Scan", "Parent Relationship": "Outer", "Parallel Aware": false, "Relation Name": "info_type", "Alias": "it2", "Startup Cost": 0.0, "Total Cost": 2.41, "Plan Rows": 1, "Plan Width": 4, "Actual Startup Time": 0.019, "Actual Total Time": 0.02, "Actual Rows": 1, "Actual Loops": 3, "Filter": "((info)::text = 'rating'::text)", "Rows Removed by Filter": 112}]}]}, {"Node Type": "Hash", "Parent Relationship": "Inner", "Parallel Aware": false, "Startup Cost": 462.97, "Total Cost": 462.97, "Plan Rows": 29997, "Plan Width": 12, "Actual Startup Time": 7.045, "Actual Total Time": 7.046, "Actual Rows": 29997, "Actual Loops": 3, "Hash Buckets": 32768, "Original Hash Buckets": 32768, "Hash Batches": 1, "Original Hash Batches": 1, "Peak Memory Usage": 1545, "Plans": [{"Node Type": "Seq Scan", "Parent Relationship": "Outer", "Parallel Aware": false, "Relation Name": "movie_link", "Alias": "ml", "Startup Cost": 0.0, "Total Cost": 462.97, "Plan Rows": 29997, "Plan Width": 12, "Actual Startup Time": 0.008, "Actual Total Time": 3.352, "Actual Rows": 29997, "Actual Loops": 3}]}]}, {"Node Type": "Hash", "Parent Relationship": "Inner", "Parallel Aware": false, "Startup Cost": 19.76, "Total Cost": 19.76, "Plan Rows": 11, "Plan Width": 4, "Actual Startup Time": 0.034, "Actual Total Time": 0.035, "Actual Rows": 2, "Actual Loops": 3, "Hash Buckets": 1024, "Original Hash Buckets": 1024, "Hash Batches": 1, "Original Hash Batches": 1, "Peak Memory Usage": 9, "Plans": [{"Node Type": "Seq Scan", "Parent Relationship": "Outer", "Parallel Aware": false, "Relation Name": "link_type", "Alias": "lt", "Startup Cost": 0.0, "Total Cost": 19.76, "Plan Rows": 11, "Plan Width": 4, "Actual Startup Time": 0.025, "Actual Total Time": 0.028, "Actual Rows": 2, "Actual Loops": 3, "Filter": "((link)::text = ANY ('{sequel,follows,\"followed by\"}'::text[]))", "Rows Removed by Filter": 16}]}]}, {"Node Type": "Index Scan", "Parent Relationship": "Inner", "Parallel Aware": false, "Scan Direction": "Forward", "Index Name": "title_pkey", "Relation Name": "title", "Alias": "t2", "Startup Cost": 0.43, "Total Cost": 0.73, "Plan Rows": 1, "Plan Width": 8, "Actual Startup Time": 0.011, "Actual Total Time": 0.011, "Actual Rows": 0, "Actual Loops": 34, "Index Cond": "(id = mi_idx2.movie_id)", "Rows Removed by Index Recheck": 0, "Filter": "((production_year >= 2005) AND (production_year <= 2008))", "Rows Removed by Filter": 1}]}, {"Node Type": "Nested Loop", "Parent Relationship": "Inner", "Parallel Aware": false, "Join Type": "Inner", "Startup Cost": 0.0, "Total Cost": 45.82, "Plan Rows": 25, "Plan Width": 8, "Actual Startup Time": 0.013, "Actual Total Time": 0.014, "Actual Rows": 1, "Actual Loops": 6, "Inner Unique": false, "Plans": [{"Node Type": "Seq Scan", "Parent Relationship": "Outer", "Parallel Aware": false, "Relation Name": "kind_type", "Alias": "kt2", "Startup Cost": 0.0, "Total Cost": 22.75, "Plan Rows": 5, "Plan Width": 4, "Actual Startup Time": 0.01, "Actual Total Time": 0.01, "Actual Rows": 1, "Actual Loops": 6, "Filter": "((kind)::text = 'tv series'::text)", "Rows Removed by Filter": 6}, {"Node Type": "Materialize", "Parent Relationship": "Inner", "Parallel Aware": false, "Startup Cost": 0.0, "Total Cost": 22.77, "Plan Rows": 5, "Plan Width": 4, "Actual Startup Time": 0.002, "Actual Total Time": 0.003, "Actual Rows": 1, "Actual Loops": 6, "Plans": [{"Node Type": "Seq Scan", "Parent Relationship": "Outer", "Parallel Aware": false, "Relation Name": "kind_type", "Alias": "kt1", "Startup Cost": 0.0, "Total Cost": 22.75, "Plan Rows": 5, "Plan Width": 4, "Actual Startup Time": 0.002, "Actual Total Time": 0.002, "Actual Rows": 1, "Actual Loops": 3, "Filter": "((kind)::text = 'tv series'::text)", "Rows Removed by Filter": 6}]}]}]}]}]}, {"Node Type": "Index Only Scan", "Parent Relationship": "Inner", "Parallel Aware": false, "Scan Direction": "Forward", "Index Name": "company_name_pkey", "Relation Name": "company_name", "Alias": "cn2", "Startup Cost": 0.42, "Total Cost": 0.44, "Plan Rows": 1, "Plan Width": 4, "Actual Startup Time": 0.018, "Actual Total Time": 0.018, "Actual Rows": 1, "Actual Loops": 11, "Index Cond": "(id = mc2.company_id)", "Rows Removed by Index Recheck": 0, "Heap Fetches": 11}]}, {"Node Type": "Index Scan", "Parent Relationship": "Inner", "Parallel Aware": false, "Scan Direction": "Forward", "Index Name": "title_pkey", "Relation Name": "title", "Alias": "t1", "Startup Cost": 0.43, "Total Cost": 4.47, "Plan Rows": 1, "Plan Width": 8, "Actual Startup Time": 0.007, "Actual Total Time": 0.007, "Actual Rows": 1, "Actual Loops": 11, "Index Cond": "(id = ml.movie_id)", "Rows Removed by Index Recheck": 0}]}]}]}, {"Node Type": "Index Scan", "Parent Relationship": "Inner", "Parallel Aware": false, "Scan Direction": "Forward", "Index Name": "company_name_pkey", "Relation Name": "company_name", "Alias": "cn1", "Startup Cost": 0.42, "Total Cost": 0.45, "Plan Rows": 1, "Plan Width": 4, "Actual Startup Time": 0.006, "Actual Total Time": 0.006, "Actual Rows": 0, "Actual Loops": 29, "Index Cond": "(id = mc1.company_id)", "Rows Removed by Index Recheck": 0, "Filter": "((country_code)::text = '[us]'::text)", "Rows Removed by Filter": 1}]}]}]}]}, {"Node Type": "Index Scan", "Parent Relationship": "Inner", "Parallel Aware": false, "Scan Direction": "Forward", "Index Name": "info_type_pkey", "Relation Name": "info_type", "Alias": "it1", "Startup Cost": 0.14, "Total Cost": 0.16, "Plan Rows": 1, "Plan Width": 4, "Actual Startup Time": 0.001, "Actual Total Time": 0.001, "Actual Rows": 0, "Actual Loops": 24, "Index Cond": "(id = mi_idx1.info_type_id)", "Rows Removed by Index Recheck": 0, "Filter": "((info)::text = 'rating'::text)", "Rows Removed by Filter": 1}]}]}, "Planning Time": 208.05, "Triggers": [], "Execution Time": 405.442}]
[{"Bao": {"Bao prediction": "NaN", "Bao recommended hint": "(no hint)"}}, {"Plan": {"Node Type": "Aggregate", "Strategy": "Plain", "Partial Mode": "Simple", "Parallel Aware": false, "Startup Cost": 908558.61, "Total Cost": 908558.62, "Plan Rows": 1, "Plan Width": 8, "Actual Startup Time": 2935.555, "Actual Total Time": 3032.166, "Actual Rows": 1, "Actual Loops": 1, "Plans": [{"Node Type": "Nested Loop", "Parent Relationship": "Outer", "Parallel Aware": false, "Join Type": "Inner", "Startup Cost": 891997.92, "Total Cost": 908558.61, "Plan Rows": 1, "Plan Width": 0, "Actual Startup Time": 2822.632, "Actual Total Time": 3031.346, "Actual Rows": 16308, "Actual Loops": 1, "Inner Unique": true, "Plans": [{"Node Type": "Nested Loop", "Parent Relationship": "Outer", "Parallel Aware": false, "Join Type": "Inner", "Startup Cost": 891997.78, "Total Cost": 908558.42, "Plan Rows": 1, "Plan Width": 4, "Actual Startup Time": 2818.683, "Actual Total Time": 2976.195, "Actual Rows": 67827, "Actual Loops": 1, "Inner Unique": true, "Plans": [{"Node Type": "Gather", "Parent Relationship": "Outer", "Parallel Aware": false, "Startup Cost": 891997.63, "Total Cost": 908557.69, "Plan Rows": 1, "Plan Width": 8, "Actual Startup Time": 2818.669, "Actual Total Time": 2922.242, "Actual Rows": 67827, "Actual Loops": 1, "Workers Planned": 2, "Workers Launched": 2, "Single Copy": false, "Plans": [{"Node Type": "Hash Join", "Parent Relationship": "Outer", "Parallel Aware": true, "Join Type": "Inner", "Startup Cost": 890997.63, "Total Cost": 907557.59, "Plan Rows": 1, "Plan Width": 8, "Actual Startup Time": 2771.675, "Actual Total Time": 2789.115, "Actual Rows": 22609, "Actual Loops": 3, "Inner Unique": false, "Hash Cond": "(an.person_id = n.id)", "Plans": [{"Node Type": "Seq Scan", "Parent Relationship": "Outer", "Parallel Aware": true, "Relation Name": "aka_name", "Alias": "an", "Startup Cost": 0.0, "Total Cost": 15151.6, "Plan Rows": 375560, "Plan Width": 4, "Actual Startup Time": 0.005, "Actual Total Time": 23.006, "Actual Rows": 300448, "Actual Loops": 3}, {"Node Type": "Hash", "Parent Relationship": "Inner", "Parallel Aware": true, "Startup Cost": 890997.62, "Total Cost": 890997.62, "Plan Rows": 1, "Plan Width": 20, "Actual Startup Time": 2739.566, "Actual Total Time": 2739.579, "Actual Rows": 5114, "Actual Loops": 3, "Hash Buckets": 16384, "Original Hash Buckets": 1024, "Hash Batches": 1, "Original Hash Batches": 1, "Peak Memory Usage": 1144, "Plans": [{"Node Type": "Hash Join", "Parent Relationship": "Outer", "Parallel Aware": true, "Join Type": "Inner", "Startup Cost": 822953.04, "Total Cost": 890997.62, "Plan Rows": 1, "Plan Width": 20, "Actual Startup Time": 2578.334, "Actual Total Time": 2736.794, "Actual Rows": 5114, "Actual Loops": 3, "Inner Unique": false, "Hash Cond": "(pi.person_id = n.id)", "Plans": [{"Node Type": "Seq Scan", "Parent Relationship": "Outer", "Parallel Aware": true, "Relation Name": "person_info", "Alias": "pi", "Startup Cost": 0.0, "Total Cost": 63409.96, "Plan Rows": 1235896, "Plan Width": 8, "Actual Startup Time": 0.014, "Actual Total Time": 94.297, "Actual Rows": 987888, "Actual Loops": 3}, {"Node Type": "Hash", "Parent Relationship": "Inner", "Parallel Aware": true, "Startup Cost": 822953.03, "Total Cost": 822953.03, "Plan Rows": 1, "Plan Width": 12, "Actual Startup Time": 2574.084, "Actual Total Time": 2574.096, "Actual Rows": 15, "Actual Loops": 3, "Hash Buckets": 1024, "Original Hash Buckets": 1024, "Hash Batches": 1, "Original Hash Batches": 1, "Peak Memory Usage": 72, "Plans": [{"Node Type": "Nested Loop", "Parent Relationship": "Outer", "Parallel Aware": false, "Join Type": "Inner", "Startup Cost": 772575.87, "Total Cost": 822953.03, "Plan Rows": 1, "Plan Width": 12, "Actual Startup Time": 2486.207, "Actual Total Time": 2574.055, "Actual Rows": 15, "Actual Loops": 3, "Inner Unique": true, "Plans": [{"Node Type": "Nested Loop", "Parent Relationship": "Outer", "Parallel Aware": false, "Join Type": "Inner", "Startup Cost": 772575.45, "Total Cost": 822951.0, "Plan Rows": 1, "Plan Width": 16, "Actual Startup Time": 2486.179, "Actual Total Time": 2573.804, "Actual Rows": 69, "Actual Loops": 3, "Inner Unique": true, "Plans": [{"Node Type": "Hash Join", "Parent Relationship": "Outer", "Parallel Aware": true, "Join Type": "Inner", "Startup Cost": 772575.03, "Total Cost": 822947.39, "Plan Rows": 1, "Plan Width": 20, "Actual Startup Time": 2304.553, "Actual Total Time": 2505.034, "Actual Rows": 50295, "Actual Loops": 3, "Inner Unique": false, "Hash Cond": "(mk.movie_id = t.id)", "Plans": [{"Node Type": "Seq Scan", "Parent Relationship": "Outer", "Parallel Aware": true, "Relation Name": "movie_keyword", "Alias": "mk", "Startup Cost": 0.0, "Total Cost": 43303.71, "Plan Rows": 1884971, "Plan Width": 8, "Actual Startup Time": 0.007, "Actual Total Time": 104.507, "Actual Rows": 1507977, "Actual Loops": 3}, {"Node Type": "Hash", "Parent Relationship": "Inner", "Parallel Aware": true, "Startup Cost": 772575.01, "Total Cost": 772575.01, "Plan Rows": 1, "Plan Width": 36, "Actual Startup Time": 2280.511, "Actual Total Time": 2280.521, "Actual Rows": 357, "Actual Loops": 3, "Hash Buckets": 1024, "Original Hash Buckets": 1024, "Hash Batches": 1, "Original Hash Batches": 1, "Peak Memory Usage": 136, "Plans": [{"Node Type": "Nested Loop", "Parent Relationship": "Outer", "Parallel Aware": false, "Join Type": "Inner", "Startup Cost": 516740.22, "Total Cost": 772575.01, "Plan Rows": 1, "Plan Width": 36, "Actual Startup Time": 1762.826, "Actual Total Time": 2280.413, "Actual Rows": 357, "Actual Loops": 3, "Inner Unique": true, "Join Filter": "(mi.movie_id = t.id)", "Rows Removed by Join Filter": 0, "Plans": [{"Node Type": "Nested Loop", "Parent Relationship": "Outer", "Parallel Aware": false, "Join Type": "Inner", "Startup Cost": 516739.79, "Total Cost": 772572.85, "Plan Rows": 1, "Plan Width": 32, "Actual Startup Time": 1762.804, "Actual Total Time": 2279.549, "Actual Rows": 548, "Actual Loops": 3, "Inner Unique": true, "Plans": [{"Node Type": "Hash Join", "Parent Relationship": "Outer", "Parallel Aware": true, "Join Type": "Inner", "Startup Cost": 516739.65, "Total Cost": 772572.66, "Plan Rows": 1, "Plan Width": 36, "Actual Startup Time": 1762.782, "Actual Total Time": 2279.009, "Actual Rows": 548, "Actual Loops": 3, "Inner Unique": false, "Hash Cond": "(mi.movie_id = mc.movie_id)", "Plans": [{"Node Type": "Seq Scan", "Parent Relationship": "Outer", "Parallel Aware": true, "Relation Name": "movie_info", "Alias": "mi", "Startup Cost": 0.0, "Total Cost": 255356.52, "Plan Rows": 127064, "Plan Width": 8, "Actual Startup Time": 84.526, "Actual Total Time": 759.29, "Actual Rows": 150368, "Actual Loops": 3, "Filter": "((info IS NOT NULL) AND (((info)::text ~~ 'Japan:%200%'::text) OR ((info)::text ~~ 'USA:%200%'::text)))", "Rows Removed by Filter": 4794872}, {"Node Type": "Hash", "Parent Relationship": "Inner", "Parallel Aware": true, "Startup Cost": 516739.63, "Total Cost": 516739.63, "Plan Rows": 1, "Plan Width": 28, "Actual Startup Time": 1509.053, "Actual Total Time": 1509.06, "Actual Rows": 371, "Actual Loops": 3, "Hash Buckets": 1024, "Original Hash Buckets": 1024, "Hash Batches": 1, "Original Hash Batches": 1, "Peak Memory Usage": 104, "Plans": [{"Node Type": "Hash Join", "Parent Relationship": "Outer", "Parallel Aware": true, "Join Type": "Inner", "Startup Cost": 483001.49, "Total Cost": 516739.63, "Plan Rows": 1, "Plan Width": 28, "Actual Startup Time": 1390.237, "Actual Total Time": 1508.879, "Actual Rows": 371, "Actual Loops": 3, "Inner Unique": false, "Hash Cond": "(mc.movie_id = ci.movie_id)", "Plans": [{"Node Type": "Seq Scan", "Parent Relationship": "Outer", "Parallel Aware": true, "Relation Name": "movie_companies", "Alias": "mc", "Startup Cost": 0.0, "Total Cost": 29661.37, "Plan Rows": 1087137, "Plan Width": 8, "Actual Startup Time": 0.018, "Actual Total Time": 61.733, "Actual Rows": 869710, "Actual Loops": 3}, {"Node Type": "Hash", "Parent Relationship": "Inner", "Parallel Aware": true, "Startup Cost": 483001.48, "Total Cost": 483001.48, "Plan Rows": 1, "Plan Width": 20, "Actual Startup Time": 1386.978, "Actual Total Time": 1386.982, "Actual Rows": 22, "Actual Loops": 3, "Hash Buckets": 1024, "Original Hash Buckets": 1024, "Hash Batches": 1, "Original Hash Batches": 1, "Peak Memory Usage": 104, "Plans": [{"Node Type": "Nested Loop", "Parent Relationship": "Outer", "Parallel Aware": false, "Join Type": "Inner", "Startup Cost": 2479.34, "Total Cost": 483001.48, "Plan Rows": 1, "Plan Width": 20, "Actual Startup Time": 471.317, "Actual Total Time": 1386.95, "Actual Rows": 22, "Actual Loops": 3, "Inner Unique": true, "Plans": [{"Node Type": "Nested Loop", "Parent Relationship": "Outer", "Parallel Aware": false, "Join Type": "Inner", "Startup Cost": 2478.91, "Total Cost": 482999.23, "Plan Rows": 1, "Plan Width": 24, "Actual Startup Time": 471.289, "Actual Total Time": 1386.79, "Actual Rows": 25, "Actual Loops": 3, "Inner Unique": true, "Plans": [{"Node Type": "Hash Join", "Parent Relationship": "Outer", "Parallel Aware": false, "Join Type": "Inner", "Startup Cost": 2478.48, "Total Cost": 482994.56, "Plan Rows": 2, "Plan Width": 20, "Actual Startup Time": 36.242, "Actual Total Time": 1379.063, "Actual Rows": 2376, "Actual Loops": 3, "Inner Unique": false, "Hash Cond": "(ci.movie_id = cc.movie_id)", "Plans": [{"Node Type": "Seq Scan", "Parent Relationship": "Outer", "Parallel Aware": true, "Relation Name": "cast_info", "Alias": "ci", "Startup Cost": 0.0, "Total Cost": 479115.98, "Plan Rows": 373356, "Plan Width": 16, "Actual Startup Time": 0.031, "Actual Total Time": 1304.302, "Actual Rows": 289159, "Actual Loops": 3, "Filter": "((note)::text = ANY ('{(voice),\"(voice: Japanese version)\",\"(voice) (uncredited)\",\"(voice: English version)\"}'::text[]))", "Rows Removed by Filter": 11792289}, {"Node Type": "Hash", "Parent Relationship": "Inner", "Parallel Aware": false, "Startup Cost": 2478.43, "Total Cost": 2478.43, "Plan Rows": 4, "Plan Width": 4, "Actual Startup Time": 35.101, "Actual Total Time": 35.104, "Actual Rows": 17879, "Actual Loops": 3, "Hash Buckets": 32768, "Original Hash Buckets": 1024, "Hash Batches": 1, "Original Hash Batches": 1, "Peak Memory Usage": 885, "Plans": [{"Node Type": "Hash Join", "Parent Relationship": "Outer", "Parallel Aware": false, "Join Type": "Inner", "Startup Cost": 37.85, "Total Cost": 2478.43, "Plan Rows": 4, "Plan Width": 4, "Actual Startup Time": 0.051, "Actual Total Time": 32.743, "Actual Rows": 17879, "Actual Loops": 3, "Inner Unique": true, "Hash Cond": "(cc.status_id = cct2.id)", "Plans": [{"Node Type": "Hash Join", "Parent Relationship": "Outer", "Parallel Aware": false, "Join Type": "Inner", "Startup Cost": 18.93, "Total Cost": 2457.5, "Plan Rows": 761, "Plan Width": 8, "Actual Startup Time": 0.023, "Actual Total Time": 26.428, "Actual Rows": 85941, "Actual Loops": 3, "Inner Unique": true, "Hash Cond": "(cc.subject_id = cct1.id)", "Plans": [{"Node Type": "Seq Scan", "Parent Relationship": "Outer", "Parallel Aware": false, "Relation Name": "complete_cast", "Alias": "cc", "Startup Cost": 0.0, "Total Cost": 2081.86, "Plan Rows": 135086, "Plan Width": 12, "Actual Startup Time": 0.008, "Actual Total Time": 9.249, "Actual Rows": 135086, "Actual Loops": 3}, {"Node Type": "Hash", "Parent Relationship": "Inner", "Parallel Aware": false, "Startup Cost": 18.88, "Total Cost": 18.88, "Plan Rows": 4, "Plan Width": 4, "Actual Startup Time": 0.004, "Actual Total Time": 0.004, "Actual Rows": 1, "Actual Loops": 3, "Hash Buckets": 1024, "Original Hash Buckets": 1024, "Hash Batches": 1, "Original Hash Batches": 1, "Peak Memory Usage": 9, "Plans": [{"Node Type": "Seq Scan", "Parent Relationship": "Outer", "Parallel Aware": false, "Relation Name": "comp_cast_type", "Alias": "cct1", "Startup Cost": 0.0, "Total Cost": 18.88, "Plan Rows": 4, "Plan Width": 4, "Actual Startup Time": 0.002, "Actual Total Time": 0.002, "Actual Rows": 1, "Actual Loops": 3, "Filter": "((kind)::text = 'cast'::text)", "Rows Removed by Filter": 3}]}]}, {"Node Type": "Hash", "Parent Relationship": "Inner", "Parallel Aware": false, "Startup Cost": 18.88, "Total Cost": 18.88, "Plan Rows": 4, "Plan Width": 4, "Actual Startup Time": 0.019, "Actual Total Time": 0.02, "Actual Rows": 1, "Actual Loops": 3, "Hash Buckets": 1024, "Original Hash Buckets": 1024, "Hash Batches": 1, "Original Hash Batches": 1, "Peak Memory Usage": 9, "Plans": [{"Node Type": "Seq Scan", "Parent Relationship": "Outer", "Parallel Aware": false, "Relation Name": "comp_cast_type", "Alias": "cct2", "Startup Cost": 0.0, "Total Cost": 18.88, "Plan Rows": 4, "Plan Width": 4, "Actual Startup Time": 0.015, "Actual Total Time": 0.015, "Actual Rows": 1, "Actual Loops": 3, "Filter": "((kind)::text = 'complete+verified'::text)", "Rows Removed by Filter": 3}]}]}]}]}, {"Node Type": "Index Scan", "Parent Relationship": "Inner", "Parallel Aware": false, "Scan Direction": "Forward", "Index Name": "name_pkey", "Relation Name": "name", "Alias": "n", "Startup Cost": 0.43, "Total Cost": 2.33, "Plan Rows": 1, "Plan Width": 4, "Actual Startup Time": 0.003, "Actual Total Time": 0.003, "Actual Rows": 0, "Actual Loops": 7127, "Index Cond": "(id = ci.person_id)", "Rows Removed by Index Recheck": 0, "Filter": "(((name)::text ~~ '%An%'::text) AND ((gender)::text = 'f'::text))", "Rows Removed by Filter": 1}]}, {"Node Type": "Index Only Scan", "Parent Relationship": "Inner", "Parallel Aware": false, "Scan Direction": "Forward", "Index Name": "char_name_pkey", "Relation Name": "char_name", "Alias": "chn", "Startup Cost": 0.43, "Total Cost": 2.24, "Plan Rows": 1, "Plan Width": 4, "Actual Startup Time": 0.005, "Actual Total Time": 0.005, "Actual Rows": 1, "Actual Loops": 76, "Index Cond": "(id = ci.person_role_id)", "Rows Removed by Index Recheck": 0, "Heap Fetches": 67}]}]}]}]}]}, {"Node Type": "Index Scan", "Parent Relationship": "Inner", "Parallel Aware": false, "Scan Direction": "Forward", "Index Name": "info_type_pkey", "Relation Name": "info_type", "Alias": "it", "Startup Cost": 0.14, "Total Cost": 0.16, "Plan Rows": 1, "Plan Width": 4, "Actual Startup Time": 0.001, "Actual Total Time": 0.001, "Actual Rows": 1, "Actual Loops": 1644, "Index Cond": "(id = mi.info_type_id)", "Rows Removed by Index Recheck": 0, "Filter": "((info)::text = 'release dates'::text)", "Rows Removed by Filter": 0}]}, {"Node Type": "Index Scan", "Parent Relationship": "Inner", "Parallel Aware": false, "Scan Direction": "Forward", "Index Name": "title_pkey", "Relation Name": "title", "Alias": "t", "Startup Cost": 0.43, "Total Cost": 2.15, "Plan Rows": 1, "Plan Width": 4, "Actual Startup Time": 0.001, "Actual Total Time": 0.001, "Actual Rows": 1, "Actual Loops": 1644, "Index Cond": "(id = mc.movie_id)", "Rows Removed by Index Recheck": 0, "Filter": "((production_year >= 2000) AND (production_year <= 2010))", "Rows Removed by Filter": 0}]}]}]}, {"Node Type": "Index Scan", "Parent Relationship": "Inner", "Parallel Aware": false, "Scan Direction": "Forward", "Index Name": "keyword_pkey", "Relation Name": "keyword", "Alias": "k", "Startup Cost": 0.42, "Total Cost": 2.02, "Plan Rows": 1, "Plan Width": 4, "Actual Startup Time": 0.001, "Actual Total Time": 0.001, "Actual Rows": 0, "Actual Loops": 150884, "Index Cond": "(id = mk.keyword_id)", "Rows Removed by Index Recheck": 0, "Filter": "((keyword)::text = 'computer-animation'::text)", "Rows Removed by Filter": 1}]}, {"Node Type": "Index Scan", "Parent Relationship": "Inner", "Parallel Aware": false, "Scan Direction": "Forward", "Index Name": "company_name_pkey", "Relation Name": "company_name", "Alias": "cn", "Startup Cost": 0.42, "Total Cost": 2.03, "Plan Rows": 1, "Plan Width": 4, "Actual Startup Time": 0.003, "Actual Total Time": 0.003, "Actual Rows": 0, "Actual Loops": 206, "Index Cond": "(id = mc.company_id)", "Rows Removed by Index Recheck": 0, "Filter": "((country_code)::text = '[us]'::text)", "Rows Removed by Filter": 1}]}]}]}]}]}]}, {"Node Type": "Index Scan", "Parent Relationship": "Inner", "Parallel Aware": false, "Scan Direction": "Forward", "Index Name": "role_type_pkey", "Relation Name": "role_type", "Alias": "rt", "Startup Cost": 0.15, "Total Cost": 0.57, "Plan Rows": 1, "Plan Width": 4, "Actual Startup Time": 0.001, "Actual Total Time": 0.001, "Actual Rows": 1, "Actual Loops": 67827, "Index Cond": "(id = ci.role_id)", "Rows Removed by Index Recheck": 0, "Filter": "((role)::text = 'actress'::text)", "Rows Removed by Filter": 0}]}, {"Node Type": "Index Scan", "Parent Relationship": "Inner", "Parallel Aware": false, "Scan Direction": "Forward", "Index Name": "info_type_pkey", "Relation Name": "info_type", "Alias": "it3", "Startup Cost": 0.14, "Total Cost": 0.16, "Plan Rows": 1, "Plan Width": 4, "Actual Startup Time": 0.001, "Actual Total Time": 0.001, "Actual Rows": 0, "Actual Loops": 67827, "Index Cond": "(id = pi.info_type_id)", "Rows Removed by Index Recheck": 0, "Filter": "((info)::text = 'trivia'::text)", "Rows Removed by Filter": 1}]}]}, "Planning Time": 280.836, "Triggers": [], "Execution Time": 3032.491}]
[{"Bao": {"Bao prediction": "NaN", "Bao recommended hint": "(no hint)"}}, {"Plan": {"Node Type": "Aggregate", "Strategy": "Plain", "Partial Mode": "Finalize", "Parallel Aware": false, "Startup Cost": 499622.06, "Total Cost": 499622.07, "Plan Rows": 1, "Plan Width": 8, "Actual Startup Time": 1342.008, "Actual Total Time": 1373.855, "Actual Rows": 1, "Actual Loops": 1, "Plans": [{"Node Type": "Gather", "Parent Relationship": "Outer", "Parallel Aware": false, "Startup Cost": 499621.85, "Total Cost": 499622.06, "Plan Rows": 2, "Plan Width": 8, "Actual Startup Time": 1341.792, "Actual Total Time": 1373.843, "Actual Rows": 3, "Actual Loops": 1, "Workers Planned": 2, "Workers Launched": 2, "Single Copy": false, "Plans": [{"Node Type": "Aggregate", "Strategy": "Plain", "Partial Mode": "Partial", "Parent Relationship": "Outer", "Parallel Aware": false, "Startup Cost": 498621.85, "Total Cost": 498621.86, "Plan Rows": 1, "Plan Width": 8, "Actual Startup Time": 1339.499, "Actual Total Time": 1339.504, "Actual Rows": 1, "Actual Loops": 3, "Plans": [{"Node Type": "Nested Loop", "Parent Relationship": "Outer", "Parallel Aware": false, "Join Type": "Inner", "Startup Cost": 482053.13, "Total Cost": 498621.85, "Plan Rows": 1, "Plan Width": 0, "Actual Startup Time": 1331.478, "Actual Total Time": 1339.5, "Actual Rows": 2, "Actual Loops": 3, "Inner Unique": true, "Plans": [{"Node Type": "Nested Loop", "Parent Relationship": "Outer", "Parallel Aware": false, "Join Type": "Inner", "Startup Cost": 482052.7, "Total Cost": 498619.64, "Plan Rows": 1, "Plan Width": 8, "Actual Startup Time": 1331.452, "Actual Total Time": 1339.431, "Actual Rows": 8, "Actual Loops": 3, "Inner Unique": true, "Plans": [{"Node Type": "Nested Loop", "Parent Relationship": "Outer", "Parallel Aware": false, "Join Type": "Inner", "Startup Cost": 482052.27, "Total Cost": 498618.87, "Plan Rows": 1, "Plan Width": 16, "Actual Startup Time": 1287.464, "Actual Total Time": 1337.84, "Actual Rows": 915, "Actual Loops": 3, "Inner Unique": true, "Plans": [{"Node Type": "Hash Join", "Parent Relationship": "Outer", "Parallel Aware": true, "Join Type": "Inner", "Startup Cost": 482051.85, "Total Cost": 498611.8, "Plan Rows": 1, "Plan Width": 20, "Actual Startup Time": 1287.438, "Actual Total Time": 1336.244, "Actual Rows": 917, "Actual Loops": 3, "Inner Unique": false, "Hash Cond": "(an.person_id = ci.person_id)", "Plans": [{"Node Type": "Seq Scan", "Parent Relationship": "Outer", "Parallel Aware": true, "Relation Name": "aka_name", "Alias": "an", "Startup Cost": 0.0, "Total Cost": 15151.6, "Plan Rows": 375560, "Plan Width": 4, "Actual Startup Time": 0.029, "Actual Total Time": 24.682, "Actual Rows": 300448, "Actual Loops": 3}, {"Node Type": "Hash", "Parent Relationship": "Inner", "Parallel Aware": true, "Startup Cost": 482051.83, "Total Cost": 482051.83, "Plan Rows": 1, "Plan Width": 16, "Actual Startup Time": 1285.968, "Actual Total Time": 1285.972, "Actual Rows": 360, "Actual Loops": 3, "Hash Buckets": 1024, "Original Hash Buckets": 1024, "Hash Batches": 1, "Original Hash Batches": 1, "Peak Memory Usage": 104, "Plans": [{"Node Type": "Hash Join", "Parent Relationship": "Outer", "Parallel Aware": true, "Join Type": "Inner", "Startup Cost": 441518.14, "Total Cost": 482051.83, "Plan Rows": 1, "Plan Width": 16, "Actual Startup Time": 1176.992, "Actual Total Time": 1285.856, "Actual Rows": 360, "Actual Loops": 3, "Inner Unique": false, "Hash Cond": "(mc.movie_id = ci.movie_id)", "Plans": [{"Node Type": "Seq Scan", "Parent Relationship": "Outer", "Parallel Aware": true, "Relation Name": "movie_companies", "Alias": "mc", "Startup Cost": 0.0, "Total Cost": 40532.74, "Plan Rows": 251, "Plan Width": 8, "Actual Startup Time": 0.05, "Actual Total Time": 110.437, "Actual Rows": 2856, "Actual Loops": 3, "Filter": "(((note)::text ~~ '%(Japan)%'::text) AND ((note)::text !~~ '%(USA)%'::text) AND (((note)::text ~~ '%(2006)%'::text) OR ((note)::text ~~ '%(2007)%'::text)))", "Rows Removed by Filter": 866853}, {"Node Type": "Hash", "Parent Relationship": "Inner", "Parallel Aware": true, "Startup Cost": 441514.99, "Total Cost": 441514.99, "Plan Rows": 252, "Plan Width": 8, "Actual Startup Time": 1174.81, "Actual Total Time": 1174.812, "Actual Rows": 11616, "Actual Loops": 3, "Hash Buckets": 65536, "Original Hash Buckets": 1024, "Hash Batches": 1, "Original Hash Batches": 1, "Peak Memory Usage": 2424, "Plans": [{"Node Type": "Hash Join", "Parent Relationship": "Outer", "Parallel Aware": false, "Join Type": "Inner", "Startup Cost": 18.93, "Total Cost": 441514.99, "Plan Rows": 252, "Plan Width": 8, "Actual Startup Time": 327.607, "Actual Total Time": 931.67, "Actual Rows": 11616, "Actual Loops": 3, "Inner Unique": true, "Hash Cond": "(ci.role_id = rt.id)", "Plans": [{"Node Type": "Seq Scan", "Parent Relationship": "Outer", "Parallel Aware": true, "Relation Name": "cast_info", "Alias": "ci", "Startup Cost": 0.0, "Total Cost": 441377.81, "Plan Rows": 44782, "Plan Width": 12, "Actual Startup Time": 0.31, "Actual Total Time": 928.411, "Actual Rows": 31032, "Actual Loops": 3, "Filter": "((note)::text = '(voice: English version)'::text)", "Rows Removed by Filter": 12050416}, {"Node Type": "Hash", "Parent Relationship": "Inner", "Parallel Aware": false, "Startup Cost": 18.88, "Total Cost": 18.88, "Plan Rows": 4, "Plan Width": 4, "Actual Startup Time": 0.026, "Actual Total Time": 0.026, "Actual Rows": 1, "Actual Loops": 3, "Hash Buckets": 1024, "Original Hash Buckets": 1024, "Hash Batches": 1, "Original Hash Batches": 1, "Peak Memory Usage": 9, "Plans": [{"Node Type": "Seq Scan", "Parent Relationship": "Outer", "Parallel Aware": false, "Relation Name": "role_type", "Alias": "rt", "Startup Cost": 0.0, "Total Cost": 18.88, "Plan Rows": 4, "Plan Width": 4, "Actual Startup Time": 0.02, "Actual Total Time": 0.021, "Actual Rows": 1, "Actual Loops": 3, "Filter": "((role)::text = 'actress'::text)", "Rows Removed by Filter": 11}]}]}]}]}]}]}, {"Node Type": "Index Scan", "Parent Relationship": "Inner", "Parallel Aware": false, "Scan Direction": "Forward", "Index Name": "company_name_pkey", "Relation Name": "company_name", "Alias": "cn", "Startup Cost": 0.42, "Total Cost": 7.06, "Plan Rows": 1, "Plan Width": 4, "Actual Startup Time": 0.001, "Actual Total Time": 0.001, "Actual Rows": 1, "Actual Loops": 2751, "Index Cond": "(id = mc.company_id)", "Rows Removed by Index Recheck": 0, "Filter": "((country_code)::text = '[jp]'::text)", "Rows Removed by Filter": 0}]}, {"Node Type": "Index Scan", "Parent Relationship": "Inner", "Parallel Aware": false, "Scan Direction": "Forward", "Index Name": "name_pkey", "Relation Name": "name", "Alias": "n", "Startup Cost": 0.43, "Total Cost": 0.77, "Plan Rows": 1, "Plan Width": 4, "Actual Startup Time": 0.002, "Actual Total Time": 0.002, "Actual Rows": 0, "Actual Loops": 2745, "Index Cond": "(id = an.person_id)", "Rows Removed by Index Recheck": 0, "Filter": "(((name)::text ~~ '%Yo%'::text) AND ((name)::text !~~ '%Yu%'::text))", "Rows Removed by Filter": 1}]}, {"Node Type": "Index Scan", "Parent Relationship": "Inner", "Parallel Aware": false, "Scan Direction": "Forward", "Index Name": "title_pkey", "Relation Name": "title", "Alias": "t", "Startup Cost": 0.43, "Total Cost": 2.13, "Plan Rows": 1, "Plan Width": 4, "Actual Startup Time": 0.008, "Actual Total Time": 0.008, "Actual Rows": 0, "Actual Loops": 25, "Index Cond": "(id = ci.movie_id)", "Rows Removed by Index Recheck": 0, "Filter": "((production_year >= 2006) AND (production_year <= 2007) AND (((title)::text ~~ 'One Piece%'::text) OR ((title)::text ~~ 'Dragon Ball Z%'::text)))", "Rows Removed by Filter": 1}]}]}]}]}, "Planning Time": 67.191, "Triggers": [], "Execution Time": 1373.925}]
[{"Bao": {"Bao prediction": "NaN", "Bao recommended hint": "(no hint)"}}, {"Plan": {"Node Type": "Aggregate", "Strategy": "Plain", "Partial Mode": "Simple", "Parallel Aware": false, "Startup Cost": 290311.73, "Total Cost": 290311.74, "Plan Rows": 1, "Plan Width": 8, "Actual Startup Time": 3484.482, "Actual Total Time": 3522.142, "Actual Rows": 1, "Actual Loops": 1, "Plans": [{"Node Type": "Gather", "Parent Relationship": "Outer", "Parallel Aware": false, "Startup Cost": 48897.35, "Total Cost": 290311.73, "Plan Rows": 1, "Plan Width": 0, "Actual Startup Time": 1635.721, "Actual Total Time": 3516.174, "Actual Rows": 111101, "Actual Loops": 1, "Workers Planned": 2, "Workers Launched": 2, "Single Copy": false, "Plans": [{"Node Type": "Nested Loop", "Parent Relationship": "Outer", "Parallel Aware": false, "Join Type": "Inner", "Startup Cost": 47897.35, "Total Cost": 289311.63, "Plan Rows": 1, "Plan Width": 0, "Actual Startup Time": 1628.643, "Actual Total Time": 3468.585, "Actual Rows": 37034, "Actual Loops": 3, "Inner Unique": true, "Plans": [{"Node Type": "Nested Loop", "Parent Relationship": "Outer", "Parallel Aware": false, "Join Type": "Inner", "Startup Cost": 47897.2, "Total Cost": 289311.28, "Plan Rows": 2, "Plan Width": 4, "Actual Startup Time": 1563.383, "Actual Total Time": 3425.174, "Actual Rows": 44730, "Actual Loops": 3, "Inner Unique": true, "Plans": [{"Node Type": "Nested Loop", "Parent Relationship": "Outer", "Parallel Aware": false, "Join Type": "Inner", "Startup Cost": 47896.77, "Total Cost": 289310.36, "Plan Rows": 2, "Plan Width": 12, "Actual Startup Time": 1563.358, "Actual Total Time": 3333.112, "Actual Rows": 44730, "Actual Loops": 3, "Inner Unique": true, "Plans": [{"Node Type": "Hash Join", "Parent Relationship": "Outer", "Parallel Aware": true, "Join Type": "Inner", "Startup Cost": 47896.35, "Total Cost": 289289.85, "Plan Rows": 46, "Plan Width": 16, "Actual Startup Time": 1562.827, "Actual Total Time": 1855.364, "Actual Rows": 834997, "Actual Loops": 3, "Inner Unique": false, "Hash Cond": "(mi.movie_id = mc.movie_id)", "Plans": [{"Node Type": "Hash Join", "Parent Relationship": "Outer", "Parallel Aware": false, "Join Type": "Inner", "Startup Cost": 2.43, "Total Cost": 241189.17, "Plan Rows": 55082, "Plan Width": 4, "Actual Startup Time": 212.374, "Actual Total Time": 921.699, "Actual Rows": 1012240, "Actual Loops": 3, "Inner Unique": true, "Hash Cond": "(mi.info_type_id = it2.id)", "Plans": [{"Node Type": "Seq Scan", "Parent Relationship": "Outer", "Parallel Aware": true, "Relation Name": "movie_info", "Alias": "mi", "Startup Cost": 0.0, "Total Cost": 224235.35, "Plan Rows": 6224235, "Plan Width": 8, "Actual Startup Time": 0.016, "Actual Total Time": 439.707, "Actual Rows": 4945240, "Actual Loops": 3}, {"Node Type": "Hash", "Parent Relationship": "Inner", "Parallel Aware": false, "Startup Cost": 2.41, "Total Cost": 2.41, "Plan Rows": 1, "Plan Width": 4, "Actual Startup Time": 0.017, "Actual Total Time": 0.018, "Actual Rows": 1, "Actual Loops": 3, "Hash Buckets": 1024, "Original Hash Buckets": 1024, "Hash Batches": 1, "Original Hash Batches": 1, "Peak Memory Usage": 9, "Plans": [{"Node Type": "Seq Scan", "Parent Relationship": "Outer", "Parallel Aware": false, "Relation Name": "info_type", "Alias": "it2", "Startup Cost": 0.0, "Total Cost": 2.41, "Plan Rows": 1, "Plan Width": 4, "Actual Startup Time": 0.009, "Actual Total Time": 0.016, "Actual Rows": 1, "Actual Loops": 3, "Filter": "((info)::text = 'release dates'::text)", "Rows Removed by Filter": 112}]}]}, {"Node Type": "Hash", "Parent Relationship": "Inner", "Parallel Aware": true, "Startup Cost": 47891.91, "Total Cost": 47891.91, "Plan Rows": 161, "Plan Width": 12, "Actual Startup Time": 497.655, "Actual Total Time": 497.659, "Actual Rows": 194741, "Actual Loops": 3, "Hash Buckets": 65536, "Original Hash Buckets": 1024, "Hash Batches": 8, "Original Hash Batches": 1, "Peak Memory Usage": 4000, "Plans": [{"Node Type": "Hash Join", "Parent Relationship": "Outer", "Parallel Aware": true, "Join Type": "Inner", "Startup Cost": 15336.14, "Total Cost": 47891.91, "Plan Rows": 161, "Plan Width": 12, "Actual Startup Time": 355.431, "Actual Total Time": 447.487, "Actual Rows": 194741, "Actual Loops": 3, "Inner Unique": false, "Hash Cond": "(mc.movie_id = miidx.movie_id)", "Plans": [{"Node Type": "Hash Join", "Parent Relationship": "Outer", "Parallel Aware": false, "Join Type": "Inner", "Startup Cost": 18.93, "Total Cost": 32551.06, "Plan Rows": 6125, "Plan Width": 8, "Actual Startup Time": 63.693, "Actual Total Time": 170.394, "Actual Rows": 444961, "Actual Loops": 3, "Inner Unique": true, "Hash Cond": "(mc.company_type_id = ct.id)", "Plans": [{"Node Type": "Seq Scan", "Parent Relationship": "Outer", "Parallel Aware": true, "Relation Name": "movie_companies", "Alias": "mc", "Startup Cost": 0.0, "Total Cost": 29661.37, "Plan Rows": 1087137, "Plan Width": 12, "Actual Startup Time": 0.007, "Actual Total Time": 65.709, "Actual Rows": 869710, "Actual Loops": 3}, {"Node Type": "Hash", "Parent Relationship": "Inner", "Parallel Aware": false, "Startup Cost": 18.88, "Total Cost": 18.88, "Plan Rows": 4, "Plan Width": 4, "Actual Startup Time": 0.028, "Actual Total Time": 0.028, "Actual Rows": 1, "Actual Loops": 3, "Hash Buckets": 1024, "Original Hash Buckets": 1024, "Hash Batches": 1, "Original Hash Batches": 1, "Peak Memory Usage": 9, "Plans": [{"Node Type": "Seq Scan", "Parent Relationship": "Outer", "Parallel Aware": false, "Relation Name": "company_type", "Alias": "ct", "Startup Cost": 0.0, "Total Cost": 18.88, "Plan Rows": 4, "Plan Width": 4, "Actual Startup Time": 0.019, "Actual Total Time": 0.019, "Actual Rows": 1, "Actual Loops": 3, "Filter": "((kind)::text = 'production companies'::text)", "Rows Removed by Filter": 3}]}]}, {"Node Type": "Hash", "Parent Relationship": "Inner", "Parallel Aware": true, "Startup Cost": 15253.6, "Total Cost": 15253.6, "Plan Rows": 5089, "Plan Width": 4, "Actual Startup Time": 124.33, "Actual Total Time": 124.332, "Actual Rows": 153308, "Actual Loops": 3, "Hash Buckets": 131072, "Original Hash Buckets": 16384, "Hash Batches": 8, "Original Hash Batches": 1, "Peak Memory Usage": 3360, "Plans": [{"Node Type": "Hash Join", "Parent Relationship": "Outer", "Parallel Aware": false, "Join Type": "Inner", "Startup Cost": 2.43, "Total Cost": 15253.6, "Plan Rows": 5089, "Plan Width": 4, "Actual Startup Time": 0.055, "Actual Total Time": 83.96, "Actual Rows": 153308, "Actual Loops": 3, "Inner Unique": true, "Hash Cond": "(miidx.info_type_id = it.id)", "Plans": [{"Node Type": "Seq Scan", "Parent Relationship": "Outer", "Parallel Aware": true, "Relation Name": "movie_info_idx", "Alias": "miidx", "Startup Cost": 0.0, "Total Cost": 13685.15, "Plan Rows": 575015, "Plan Width": 8, "Actual Startup Time": 0.016, "Actual Total Time": 35.425, "Actual Rows": 460012, "Actual Loops": 3}, {"Node Type": "Hash", "Parent Relationship": "Inner", "Parallel Aware": false, "Startup Cost": 2.41, "Total Cost": 2.41, "Plan Rows": 1, "Plan Width": 4, "Actual Startup Time": 0.029, "Actual Total Time": 0.029, "Actual Rows": 1, "Actual Loops": 3, "Hash Buckets": 1024, "Original Hash Buckets": 1024, "Hash Batches": 1, "Original Hash Batches": 1, "Peak Memory Usage": 9, "Plans": [{"Node Type": "Seq Scan", "Parent Relationship": "Outer", "Parallel Aware": false, "Relation Name": "info_type", "Alias": "it", "Startup Cost": 0.0, "Total Cost": 2.41, "Plan Rows": 1, "Plan Width": 4, "Actual Startup Time": 0.022, "Actual Total Time": 0.024, "Actual Rows": 1, "Actual Loops": 3, "Filter": "((info)::text = 'rating'::text)", "Rows Removed by Filter": 112}]}]}]}]}]}]}, {"Node Type": "Index Scan", "Parent Relationship": "Inner", "Parallel Aware": false, "Scan Direction": "Forward", "Index Name": "company_name_pkey", "Relation Name": "company_name", "Alias": "cn", "Startup Cost": 0.42, "Total Cost": 0.45, "Plan Rows": 1, "Plan Width": 4, "Actual Startup Time": 0.002, "Actual Total Time": 0.002, "Actual Rows": 0, "Actual Loops": 2504990, "Index Cond": "(id = mc.company_id)", "Rows Removed by Index Recheck": 0, "Filter": "((country_code)::text = '[de]'::text)", "Rows Removed by Filter": 1}]}, {"Node Type": "Index Scan", "Parent Relationship": "Inner", "Parallel Aware": false, "Scan Direction": "Forward", "Index Name": "title_pkey", "Relation Name": "title", "Alias": "t", "Startup Cost": 0.43, "Total Cost": 0.46, "Plan Rows": 1, "Plan Width": 8, "Actual Startup Time": 0.002, "Actual Total Time": 0.002, "Actual Rows": 1, "Actual Loops": 134189, "Index Cond": "(id = mi.movie_id)", "Rows Removed by Index Recheck": 0}]}, {"Node Type": "Index Scan", "Parent Relationship": "Inner", "Parallel Aware": false, "Scan Direction": "Forward", "Index Name": "kind_type_pkey", "Relation Name": "kind_type", "Alias": "kt", "Startup Cost": 0.15, "Total Cost": 0.17, "Plan Rows": 1, "Plan Width": 4, "Actual Startup Time": 0.001, "Actual Total Time": 0.001, "Actual Rows": 1, "Actual Loops": 134189, "Index Cond": "(id = t.kind_id)", "Rows Removed by Index Recheck": 0, "Filter": "((kind)::text = 'movie'::text)", "Rows Removed by Filter": 0}]}]}]}, "Planning Time": 82.644, "Triggers": [], "Execution Time": 3522.244}]
[{"Bao": {"Bao prediction": "NaN", "Bao recommended hint": "(no hint)"}}, {"Plan": {"Node Type": "Aggregate", "Strategy": "Plain", "Partial Mode": "Simple", "Parallel Aware": false, "Startup Cost": 890239.54, "Total Cost": 890239.55, "Plan Rows": 1, "Plan Width": 8, "Actual Startup Time": 2766.565, "Actual Total Time": 2833.899, "Actual Rows": 1, "Actual Loops": 1, "Plans": [{"Node Type": "Nested Loop", "Parent Relationship": "Outer", "Parallel Aware": false, "Join Type": "Inner", "Startup Cost": 873678.85, "Total Cost": 890239.53, "Plan Rows": 1, "Plan Width": 0, "Actual Startup Time": 2755.592, "Actual Total Time": 2833.817, "Actual Rows": 1620, "Actual Loops": 1, "Inner Unique": true, "Plans": [{"Node Type": "Nested Loop", "Parent Relationship": "Outer", "Parallel Aware": false, "Join Type": "Inner", "Startup Cost": 873678.7, "Total Cost": 890238.8, "Plan Rows": 1, "Plan Width": 4, "Actual Startup Time": 2755.587, "Actual Total Time": 2832.626, "Actual Rows": 1620, "Actual Loops": 1, "Inner Unique": true, "Plans": [{"Node Type": "Gather", "Parent Relationship": "Outer", "Parallel Aware": false, "Startup Cost": 873678.56, "Total Cost": 890238.61, "Plan Rows": 1, "Plan Width": 8, "Actual Startup Time": 2755.573, "Actual Total Time": 2831.258, "Actual Rows": 1620, "Actual Loops": 1, "Workers Planned": 2, "Workers Launched": 2, "Single Copy": false, "Plans": [{"Node Type": "Hash Join", "Parent Relationship": "Outer", "Parallel Aware": true, "Join Type": "Inner", "Startup Cost": 872678.56, "Total Cost": 889238.51, "Plan Rows": 1, "Plan Width": 8, "Actual Startup Time": 2744.445, "Actual Total Time": 2762.703, "Actual Rows": 540, "Actual Loops": 3, "Inner Unique": false, "Hash Cond": "(an.person_id = n.id)", "Plans": [{"Node Type": "Seq Scan", "Parent Relationship": "Outer", "Parallel Aware": true, "Relation Name": "aka_name", "Alias": "an", "Startup Cost": 0.0, "Total Cost": 15151.6, "Plan Rows": 375560, "Plan Width": 4, "Actual Startup Time": 0.007, "Actual Total Time": 24.822, "Actual Rows": 300448, "Actual Loops": 3}, {"Node Type": "Hash", "Parent Relationship": "Inner", "Parallel Aware": true, "Startup Cost": 872678.54, "Total Cost": 872678.54, "Plan Rows": 1, "Plan Width": 20, "Actual Startup Time": 2715.594, "Actual Total Time": 2715.606, "Actual Rows": 180, "Actual Loops": 3, "Hash Buckets": 1024, "Original Hash Buckets": 1024, "Hash Batches": 1, "Original Hash Batches": 1, "Peak Memory Usage": 72, "Plans": [{"Node Type": "Nested Loop", "Parent Relationship": "Outer", "Parallel Aware": false, "Join Type": "Inner", "Startup Cost": 804633.93, "Total Cost": 872678.54, "Plan Rows": 1, "Plan Width": 20, "Actual Startup Time": 2613.998, "Actual Total Time": 2715.522, "Actual Rows": 180, "Actual Loops": 3, "Inner Unique": true, "Plans": [{"Node Type": "Hash Join", "Parent Relationship": "Outer", "Parallel Aware": true, "Join Type": "Inner", "Startup Cost": 804633.78, "Total Cost": 872678.36, "Plan Rows": 1, "Plan Width": 24, "Actual Startup Time": 2563.103, "Actual Total Time": 2714.949, "Actual Rows": 543, "Actual Loops": 3, "Inner Unique": false, "Hash Cond": "(pi.person_id = n.id)", "Plans": [{"Node Type": "Seq Scan", "Parent Relationship": "Outer", "Parallel Aware": true, "Relation Name": "person_info", "Alias": "pi", "Startup Cost": 0.0, "Total Cost": 63409.96, "Plan Rows": 1235896, "Plan Width": 8, "Actual Startup Time": 0.022, "Actual Total Time": 88.136, "Actual Rows": 987888, "Actual Loops": 3}, {"Node Type": "Hash", "Parent Relationship": "Inner", "Parallel Aware": true, "Startup Cost": 804633.77, "Total Cost": 804633.77, "Plan Rows": 1, "Plan Width": 16, "Actual Startup Time": 2559.16, "Actual Total Time": 2559.171, "Actual Rows": 3, "Actual Loops": 3, "Hash Buckets": 1024, "Original Hash Buckets": 1024, "Hash Batches": 1, "Original Hash Batches": 1, "Peak Memory Usage": 40, "Plans": [{"Node Type": "Nested Loop", "Parent Relationship": "Outer", "Parallel Aware": false, "Join Type": "Inner", "Startup Cost": 754254.58, "Total Cost": 804633.77, "Plan Rows": 1, "Plan Width": 16, "Actual Startup Time": 2540.966, "Actual Total Time": 2559.124, "Actual Rows": 3, "Actual Loops": 3, "Inner Unique": true, "Plans": [{"Node Type": "Nested Loop", "Parent Relationship": "Outer", "Parallel Aware": false, "Join Type": "Inner", "Startup Cost": 754254.15, "Total Cost": 804629.7, "Plan Rows": 1, "Plan Width": 20, "Actual Startup Time": 2540.952, "Actual Total Time": 2559.105, "Actual Rows": 3, "Actual Loops": 3, "Inner Unique": true, "Plans": [{"Node Type": "Hash Join", "Parent Relationship": "Outer", "Parallel Aware": true, "Join Type": "Inner", "Startup Cost": 754253.73, "Total Cost": 804626.09, "Plan Rows": 1, "Plan Width": 24, "Actual Startup Time": 2540.832, "Actual Total Time": 2558.538, "Actual Rows": 360, "Actual Loops": 3, "Inner Unique": false, "Hash Cond": "(mk.movie_id = t.id)", "Plans": [{"Node Type": "Seq Scan", "Parent Relationship": "Outer", "Parallel Aware": true, "Relation Name": "movie_keyword", "Alias": "mk", "Startup Cost": 0.0, "Total Cost": 43303.71, "Plan Rows": 1884971, "Plan Width": 8, "Actual Startup Time": 0.019, "Actual Total Time": 105.694, "Actual Rows": 1507977, "Actual Loops": 3}, {"Node Type": "Hash", "Parent Relationship": "Inner", "Parallel Aware": true, "Startup Cost": 754253.71, "Total Cost": 754253.71, "Plan Rows": 1, "Plan Width": 40, "Actual Startup Time": 2346.098, "Actual Total Time": 2346.106, "Actual Rows": 3, "Actual Loops": 3, "Hash Buckets": 1024, "Original Hash Buckets": 1024, "Hash Batches": 1, "Original Hash Batches": 1, "Peak Memory Usage": 40, "Plans": [{"Node Type": "Nested Loop", "Parent Relationship": "Outer", "Parallel Aware": false, "Join Type": "Inner", "Startup Cost": 292662.72, "Total Cost": 754253.71, "Plan Rows": 1, "Plan Width": 40, "Actual Startup Time": 2044.552, "Actual Total Time": 2346.082, "Actual Rows": 3, "Actual Loops": 3, "Inner Unique": true, "Plans": [{"Node Type": "Nested Loop", "Parent Relationship": "Outer", "Parallel Aware": false, "Join Type": "Inner", "Startup Cost": 292662.57, "Total Cost": 754252.98, "Plan Rows": 1, "Plan Width": 44, "Actual Startup Time": 2044.548, "Actual Total Time": 2346.073, "Actual Rows": 3, "Actual Loops": 3, "Inner Unique": true, "Plans": [{"Node Type": "Hash Join", "Parent Relationship": "Outer", "Parallel Aware": true, "Join Type": "Inner", "Startup Cost": 292662.14, "Total Cost": 754250.63, "Plan Rows": 1, "Plan Width": 40, "Actual Startup Time": 1020.265, "Actual Total Time": 2345.749, "Actual Rows": 127, "Actual Loops": 3, "Inner Unique": false, "Hash Cond": "(ci.movie_id = t.id)", "Plans": [{"Node Type": "Seq Scan", "Parent Relationship": "Outer", "Parallel Aware": true, "Relation Name": "cast_info", "Alias": "ci", "Startup Cost": 0.0, "Total Cost": 460246.89, "Plan Rows": 357758, "Plan Width": 16, "Actual Startup Time": 0.067, "Actual Total Time": 1318.827, "Actual Rows": 278900, "Actual Loops": 3, "Filter": "((note)::text = ANY ('{(voice),\"(voice) (uncredited)\",\"(voice: English version)\"}'::text[]))", "Rows Removed by Filter": 11802548}, {"Node Type": "Hash", "Parent Relationship": "Inner", "Parallel Aware": true, "Startup Cost": 292662.13, "Total Cost": 292662.13, "Plan Rows": 1, "Plan Width": 24, "Actual Startup Time": 1008.804, "Actual Total Time": 1008.81, "Actual Rows": 3, "Actual Loops": 3, "Hash Buckets": 1024, "Original Hash Buckets": 1024, "Hash Batches": 1, "Original Hash Batches": 1, "Peak Memory Usage": 40, "Plans": [{"Node Type": "Nested Loop", "Parent Relationship": "Outer", "Parallel Aware": false, "Join Type": "Inner", "Startup Cost": 258922.37, "Total Cost": 292662.13, "Plan Rows": 1, "Plan Width": 24, "Actual Startup Time": 983.926, "Actual Total Time": 1008.735, "Actual Rows": 3, "Actual Loops": 3, "Inner Unique": true, "Plans": [{"Node Type": "Hash Join", "Parent Relationship": "Outer", "Parallel Aware": true, "Join Type": "Inner", "Startup Cost": 258921.95, "Total Cost": 292660.1, "Plan Rows": 1, "Plan Width": 28, "Actual Startup Time": 983.92, "Actual Total Time": 1008.695, "Actual Rows": 15, "Actual Loops": 3, "Inner Unique": false, "Hash Cond": "(mc.movie_id = t.id)", "Plans": [{"Node Type": "Seq Scan", "Parent Relationship": "Outer", "Parallel Aware": true, "Relation Name": "movie_companies", "Alias": "mc", "Startup Cost": 0.0, "Total Cost": 29661.37, "Plan Rows": 1087137, "Plan Width": 8, "Actual Startup Time": 0.011, "Actual Total Time": 64.221, "Actual Rows": 869710, "Actual Loops": 3}, {"Node Type": "Hash", "Parent Relationship": "Inner", "Parallel Aware": true, "Startup Cost": 258921.94, "Total Cost": 258921.94, "Plan Rows": 1, "Plan Width": 20, "Actual Startup Time": 884.628, "Actual Total Time": 884.632, "Actual Rows": 1, "Actual Loops": 3, "Hash Buckets": 1024, "Original Hash Buckets": 1024, "Hash Batches": 1, "Original Hash Batches": 1, "Peak Memory Usage": 40, "Plans": [{"Node Type": "Nested Loop", "Parent Relationship": "Outer", "Parallel Aware": false, "Join Type": "Inner", "Startup Cost": 2467.44, "Total Cost": 258921.94, "Plan Rows": 1, "Plan Width": 20, "Actual Startup Time": 882.305, "Actual Total Time": 883.968, "Actual Rows": 1, "Actual Loops": 3, "Inner Unique": true, "Plans": [{"Node Type": "Hash Join", "Parent Relationship": "Outer", "Parallel Aware": false, "Join Type": "Inner", "Startup Cost": 2467.01, "Total Cost": 258302.57, "Plan Rows": 255, "Plan Width": 16, "Actual Startup Time": 209.296, "Actual Total Time": 863.12, "Actual Rows": 5875, "Actual Loops": 3, "Inner Unique": false, "Hash Cond": "(mi.movie_id = cc.movie_id)", "Plans": [{"Node Type": "Seq Scan", "Parent Relationship": "Outer", "Parallel Aware": true, "Relation Name": "movie_info", "Alias": "mi", "Startup Cost": 0.0, "Total Cost": 255356.52, "Plan Rows": 127064, "Plan Width": 8, "Actual Startup Time": 83.891, "Actual Total Time": 775.42, "Actual Rows": 150368, "Actual Loops": 3, "Filter": "((info IS NOT NULL) AND (((info)::text ~~ 'Japan:%200%'::text) OR ((info)::text ~~ 'USA:%200%'::text)))", "Rows Removed by Filter": 4794872}, {"Node Type": "Hash", "Parent Relationship": "Inner", "Parallel Aware": false, "Startup Cost": 2457.5, "Total Cost": 2457.5, "Plan Rows": 761, "Plan Width": 8, "Actual Startup Time": 40.011, "Actual Total Time": 40.013, "Actual Rows": 85941, "Actual Loops": 3, "Hash Buckets": 131072, "Original Hash Buckets": 1024, "Hash Batches": 2, "Original Hash Batches": 1, "Peak Memory Usage": 3073, "Plans": [{"Node Type": "Hash Join", "Parent Relationship": "Outer", "Parallel Aware": false, "Join Type": "Inner", "Startup Cost": 18.93, "Total Cost": 2457.5, "Plan Rows": 761, "Plan Width": 8, "Actual Startup Time": 0.046, "Actual Total Time": 27.038, "Actual Rows": 85941, "Actual Loops": 3, "Inner Unique": true, "Hash Cond": "(cc.subject_id = cct1.id)", "Plans": [{"Node Type": "Seq Scan", "Parent Relationship": "Outer", "Parallel Aware": false, "Relation Name": "complete_cast", "Alias": "cc", "Startup Cost": 0.0, "Total Cost": 2081.86, "Plan Rows": 135086, "Plan Width": 12, "Actual Startup Time": 0.021, "Actual Total Time": 9.221, "Actual Rows": 135086, "Actual Loops": 3}, {"Node Type": "Hash", "Parent Relationship": "Inner", "Parallel Aware": false, "Startup Cost": 18.88, "Total Cost": 18.88, "Plan Rows": 4, "Plan Width": 4, "Actual Startup Time": 0.017, "Actual Total Time": 0.017, "Actual Rows": 1, "Actual Loops": 3, "Hash Buckets": 1024, "Original Hash Buckets": 1024, "Hash Batches": 1, "Original Hash Batches": 1, "Peak Memory Usage": 9, "Plans": [{"Node Type": "Seq Scan", "Parent Relationship": "Outer", "Parallel Aware": false, "Relation Name": "comp_cast_type", "Alias": "cct1", "Startup Cost": 0.0, "Total Cost": 18.88, "Plan Rows": 4, "Plan Width": 4, "Actual Startup Time": 0.008, "Actual Total Time": 0.009, "Actual Rows": 1, "Actual Loops": 3, "Filter": "((kind)::text = 'cast'::text)", "Rows Removed by Filter": 3}]}]}]}]}, {"Node Type": "Index Scan", "Parent Relationship": "Inner", "Parallel Aware": false, "Scan Direction": "Forward", "Index Name": "title_pkey", "Relation Name": "title", "Alias": "t", "Startup Cost": 0.43, "Total Cost": 2.43, "Plan Rows": 1, "Plan Width": 4, "Actual Startup Time": 0.003, "Actual Total Time": 0.003, "Actual Rows": 0, "Actual Loops": 17626, "Index Cond": "(id = mi.movie_id)", "Rows Removed by Index Recheck": 0, "Filter": "((production_year >= 2000) AND (production_year <= 2010) AND ((title)::text = 'Shrek 2'::text))", "Rows Removed by Filter": 1}]}]}]}, {"Node Type": "Index Scan", "Parent Relationship": "Inner", "Parallel Aware": false, "Scan Direction": "Forward", "Index Name": "company_name_pkey", "Relation Name": "company_name", "Alias": "cn", "Startup Cost": 0.42, "Total Cost": 2.03, "Plan Rows": 1, "Plan Width": 4, "Actual Startup Time": 0.002, "Actual Total Time": 0.002, "Actual Rows": 0, "Actual Loops": 44, "Index Cond": "(id = mc.company_id)", "Rows Removed by Index Recheck": 0, "Filter": "((country_code)::text = '[us]'::text)", "Rows Removed by Filter": 1}]}]}]}, {"Node Type": "Index Scan", "Parent Relationship": "Inner", "Parallel Aware": false, "Scan Direction": "Forward", "Index Name": "name_pkey", "Relation Name": "name", "Alias": "n", "Startup Cost": 0.43, "Total Cost": 2.34, "Plan Rows": 1, "Plan Width": 4, "Actual Startup Time": 0.002, "Actual Total Time": 0.002, "Actual Rows": 0, "Actual Loops": 380, "Index Cond": "(id = ci.person_id)", "Rows Removed by Index Recheck": 0, "Filter": "(((name)::text ~~ '%An%'::text) AND ((gender)::text = 'f'::text))", "Rows Removed by Filter": 1}]}, {"Node Type": "Index Scan", "Parent Relationship": "Inner", "Parallel Aware": false, "Scan Direction": "Forward", "Index Name": "role_type_pkey", "Relation Name": "role_type", "Alias": "rt", "Startup Cost": 0.15, "Total Cost": 0.57, "Plan Rows": 1, "Plan Width": 4, "Actual Startup Time": 0.002, "Actual Total Time": 0.002, "Actual Rows": 1, "Actual Loops": 10, "Index Cond": "(id = ci.role_id)", "Rows Removed by Index Recheck": 0, "Filter": "((role)::text = 'actress'::text)", "Rows Removed by Filter": 0}]}]}]}, {"Node Type": "Index Scan", "Parent Relationship": "Inner", "Parallel Aware": false, "Scan Direction": "Forward", "Index Name": "keyword_pkey", "Relation Name": "keyword", "Alias": "k", "Startup Cost": 0.42, "Total Cost": 2.02, "Plan Rows": 1, "Plan Width": 4, "Actual Startup Time": 0.001, "Actual Total Time": 0.001, "Actual Rows": 0, "Actual Loops": 1080, "Index Cond": "(id = mk.keyword_id)", "Rows Removed by Index Recheck": 0, "Filter": "((keyword)::text = 'computer-animation'::text)", "Rows Removed by Filter": 1}]}, {"Node Type": "Index Scan", "Parent Relationship": "Inner", "Parallel Aware": false, "Scan Direction": "Forward", "Index Name": "char_name_pkey", "Relation Name": "char_name", "Alias": "chn", "Startup Cost": 0.43, "Total Cost": 2.25, "Plan Rows": 1, "Plan Width": 4, "Actual Startup Time": 0.005, "Actual Total Time": 0.005, "Actual Rows": 1, "Actual Loops": 10, "Index Cond": "(id = ci.person_role_id)", "Rows Removed by Index Recheck": 0, "Filter": "((name)::text = 'Queen'::text)", "Rows Removed by Filter": 0}]}]}]}, {"Node Type": "Index Scan", "Parent Relationship": "Inner", "Parallel Aware": false, "Scan Direction": "Forward", "Index Name": "info_type_pkey", "Relation Name": "info_type", "Alias": "it3", "Startup Cost": 0.14, "Total Cost": 0.16, "Plan Rows": 1, "Plan Width": 4, "Actual Startup Time": 0.001, "Actual Total Time": 0.001, "Actual Rows": 0, "Actual Loops": 1630, "Index Cond": "(id = pi.info_type_id)", "Rows Removed by Index Recheck": 0, "Filter": "((info)::text = 'trivia'::text)", "Rows Removed by Filter": 1}]}]}]}]}, {"Node Type": "Index Scan", "Parent Relationship": "Inner", "Parallel Aware": false, "Scan Direction": "Forward", "Index Name": "info_type_pkey", "Relation Name": "info_type", "Alias": "it", "Startup Cost": 0.14, "Total Cost": 0.16, "Plan Rows": 1, "Plan Width": 4, "Actual Startup Time": 0.001, "Actual Total Time": 0.001, "Actual Rows": 1, "Actual Loops": 1620, "Index Cond": "(id = mi.info_type_id)", "Rows Removed by Index Recheck": 0, "Filter": "((info)::text = 'release dates'::text)", "Rows Removed by Filter": 0}]}, {"Node Type": "Index Scan", "Parent Relationship": "Inner", "Parallel Aware": false, "Scan Direction": "Forward", "Index Name": "comp_cast_type_pkey", "Relation Name": "comp_cast_type", "Alias": "cct2", "Startup Cost": 0.15, "Total Cost": 0.57, "Plan Rows": 1, "Plan Width": 4, "Actual Startup Time": 0.001, "Actual Total Time": 0.001, "Actual Rows": 1, "Actual Loops": 1620, "Index Cond": "(id = cc.status_id)", "Rows Removed by Index Recheck": 0, "Filter": "((kind)::text = 'complete+verified'::text)", "Rows Removed by Filter": 0}]}]}, "Planning Time": 284.616, "Triggers": [], "Execution Time": 2834.04}]
[{"Bao": {"Bao prediction": "NaN", "Bao recommended hint": "(no hint)"}}, {"Plan": {"Node Type": "Aggregate", "Strategy": "Plain", "Partial Mode": "Simple", "Parallel Aware": false, "Startup Cost": 513186.8, "Total Cost": 513186.81, "Plan Rows": 1, "Plan Width": 8, "Actual Startup Time": 2045.095, "Actual Total Time": 2088.719, "Actual Rows": 1, "Actual Loops": 1, "Plans": [{"Node Type": "Nested Loop", "Parent Relationship": "Outer", "Parallel Aware": false, "Join Type": "Inner", "Startup Cost": 52939.71, "Total Cost": 513186.79, "Plan Rows": 1, "Plan Width": 0, "Actual Startup Time": 435.198, "Actual Total Time": 2088.711, "Actual Rows": 12, "Actual Loops": 1, "Inner Unique": true, "Plans": [{"Node Type": "Gather", "Parent Relationship": "Outer", "Parallel Aware": false, "Startup Cost": 52939.28, "Total Cost": 513186.34, "Plan Rows": 1, "Plan Width": 4, "Actual Startup Time": 299.947, "Actual Total Time": 2087.131, "Actual Rows": 383, "Actual Loops": 1, "Workers Planned": 2, "Workers Launched": 2, "Single Copy": false, "Plans": [{"Node Type": "Hash Join", "Parent Relationship": "Outer", "Parallel Aware": true, "Join Type": "Inner", "Startup Cost": 51939.28, "Total Cost": 512186.24, "Plan Rows": 1, "Plan Width": 4, "Actual Startup Time": 312.114, "Actual Total Time": 2042.41, "Actual Rows": 128, "Actual Loops": 3, "Inner Unique": false, "Hash Cond": "(ci.movie_id = t.id)", "Plans": [{"Node Type": "Seq Scan", "Parent Relationship": "Outer", "Parallel Aware": true, "Relation Name": "cast_info", "Alias": "ci", "Startup Cost": 0.0, "Total Cost": 403639.65, "Plan Rows": 15095265, "Plan Width": 8, "Actual Startup Time": 0.015, "Actual Total Time": 883.966, "Actual Rows": 12081448, "Actual Loops": 3}, {"Node Type": "Hash", "Parent Relationship": "Inner", "Parallel Aware": true, "Startup Cost": 51939.27, "Total Cost": 51939.27, "Plan Rows": 1, "Plan Width": 8, "Actual Startup Time": 263.206, "Actual Total Time": 263.21, "Actual Rows": 12, "Actual Loops": 3, "Hash Buckets": 1024, "Original Hash Buckets": 1024, "Hash Batches": 1, "Original Hash Batches": 1, "Peak Memory Usage": 104, "Plans": [{"Node Type": "Nested Loop", "Parent Relationship": "Outer", "Parallel Aware": false, "Join Type": "Inner", "Startup Cost": 3632.93, "Total Cost": 51939.27, "Plan Rows": 1, "Plan Width": 8, "Actual Startup Time": 100.072, "Actual Total Time": 263.141, "Actual Rows": 12, "Actual Loops": 3, "Inner Unique": true, "Plans": [{"Node Type": "Hash Join", "Parent Relationship": "Outer", "Parallel Aware": false, "Join Type": "Inner", "Startup Cost": 3632.5, "Total Cost": 51884.41, "Plan Rows": 112, "Plan Width": 4, "Actual Startup Time": 27.701, "Actual Total Time": 230.811, "Actual Rows": 11849, "Actual Loops": 3, "Inner Unique": true, "Hash Cond": "(mk.keyword_id = k.id)", "Plans": [{"Node Type": "Seq Scan", "Parent Relationship": "Outer", "Parallel Aware": true, "Relation Name": "movie_keyword", "Alias": "mk", "Startup Cost": 0.0, "Total Cost": 43303.71, "Plan Rows": 1884971, "Plan Width": 8, "Actual Startup Time": 0.009, "Actual Total Time": 99.442, "Actual Rows": 1507977, "Actual Loops": 3}, {"Node Type": "Hash", "Parent Relationship": "Inner", "Parallel Aware": false, "Startup Cost": 3632.4, "Total Cost": 3632.4, "Plan Rows": 8, "Plan Width": 4, "Actual Startup Time": 27.557, "Actual Total Time": 27.558, "Actual Rows": 8, "Actual Loops": 3, "Hash Buckets": 1024, "Original Hash Buckets": 1024, "Hash Batches": 1, "Original Hash Batches": 1, "Peak Memory Usage": 9, "Plans": [{"Node Type": "Seq Scan", "Parent Relationship": "Outer", "Parallel Aware": false, "Relation Name": "keyword", "Alias": "k", "Startup Cost": 0.0, "Total Cost": 3632.4, "Plan Rows": 8, "Plan Width": 4, "Actual Startup Time": 0.12, "Actual Total Time": 27.55, "Actual Rows": 8, "Actual Loops": 3, "Filter": "((keyword)::text = ANY ('{superhero,sequel,second-part,marvel-comics,based-on-comic,tv-special,fight,violence}'::text[]))", "Rows Removed by Filter": 134162}]}]}, {"Node Type": "Index Scan", "Parent Relationship": "Inner", "Parallel Aware": false, "Scan Direction": "Forward", "Index Name": "title_pkey", "Relation Name": "title", "Alias": "t", "Startup Cost": 0.43, "Total Cost": 0.49, "Plan Rows": 1, "Plan Width": 4, "Actual Startup Time": 0.003, "Actual Total Time": 0.003, "Actual Rows": 0, "Actual Loops": 35548, "Index Cond": "(id = mk.movie_id)", "Rows Removed by Index Recheck": 0, "Filter": "(production_year > 2014)", "Rows Removed by Filter": 1}]}]}]}]}, {"Node Type": "Index Scan", "Parent Relationship": "Inner", "Parallel Aware": false, "Scan Direction": "Forward", "Index Name": "name_pkey", "Relation Name": "name", "Alias": "n", "Startup Cost": 0.43, "Total Cost": 0.46, "Plan Rows": 1, "Plan Width": 4, "Actual Startup Time": 0.003, "Actual Total Time": 0.003, "Actual Rows": 0, "Actual Loops": 383, "Index Cond": "(id = ci.person_id)", "Rows Removed by Index Recheck": 0, "Filter": "((name)::text ~~ '%Downey%Robert%'::text)", "Rows Removed by Filter": 1}]}]}, "Planning Time": 64.148, "Triggers": [], "Execution Time": 2088.779}]
[{"Bao": {"Bao prediction": "NaN", "Bao recommended hint": "(no hint)"}}, {"Plan": {"Node Type": "Aggregate", "Strategy": "Plain", "Partial Mode": "Finalize", "Parallel Aware": false, "Startup Cost": 806451.6, "Total Cost": 806451.61, "Plan Rows": 1, "Plan Width": 8, "Actual Startup Time": 2219.386, "Actual Total Time": 2277.7, "Actual Rows": 1, "Actual Loops": 1, "Plans": [{"Node Type": "Gather", "Parent Relationship": "Outer", "Parallel Aware": false, "Startup Cost": 806451.38, "Total Cost": 806451.59, "Plan Rows": 2, "Plan Width": 8, "Actual Startup Time": 2218.074, "Actual Total Time": 2277.695, "Actual Rows": 3, "Actual Loops": 1, "Workers Planned": 2, "Workers Launched": 2, "Single Copy": false, "Plans": [{"Node Type": "Aggregate", "Strategy": "Plain", "Partial Mode": "Partial", "Parent Relationship": "Outer", "Parallel Aware": false, "Startup Cost": 805451.38, "Total Cost": 805451.39, "Plan Rows": 1, "Plan Width": 8, "Actual Startup Time": 2215.646, "Actual Total Time": 2215.659, "Actual Rows": 1, "Actual Loops": 3, "Plans": [{"Node Type": "Nested Loop", "Parent Relationship": "Outer", "Parallel Aware": false, "Join Type": "Inner", "Startup Cost": 755078.03, "Total Cost": 805451.38, "Plan Rows": 1, "Plan Width": 0, "Actual Startup Time": 2209.608, "Actual Total Time": 2215.656, "Actual Rows": 2, "Actual Loops": 3, "Inner Unique": true, "Plans": [{"Node Type": "Nested Loop", "Parent Relationship": "Outer", "Parallel Aware": false, "Join Type": "Inner", "Startup Cost": 755077.6, "Total Cost": 805450.3, "Plan Rows": 1, "Plan Width": 4, "Actual Startup Time": 2209.596, "Actual Total Time": 2215.636, "Actual Rows": 2, "Actual Loops": 3, "Inner Unique": true, "Plans": [{"Node Type": "Hash Join", "Parent Relationship": "Outer", "Parallel Aware": true, "Join Type": "Inner", "Startup Cost": 755077.18, "Total Cost": 805449.54, "Plan Rows": 1, "Plan Width": 8, "Actual Startup Time": 2206.541, "Actual Total Time": 2215.563, "Actual Rows": 12, "Actual Loops": 3, "Inner Unique": false, "Hash Cond": "(mk.movie_id = t.id)", "Plans": [{"Node Type": "Seq Scan", "Parent Relationship": "Outer", "Parallel Aware": true, "Relation Name": "movie_keyword", "Alias": "mk", "Startup Cost": 0.0, "Total Cost": 43303.71, "Plan Rows": 1884971, "Plan Width": 8, "Actual Startup Time": 0.007, "Actual Total Time": 100.162, "Actual Rows": 1507977, "Actual Loops": 3}, {"Node Type": "Hash", "Parent Relationship": "Inner", "Parallel Aware": true, "Startup Cost": 755077.17, "Total Cost": 755077.17, "Plan Rows": 1, "Plan Width": 20, "Actual Startup Time": 2014.582, "Actual Total Time": 2014.589, "Actual Rows": 1, "Actual Loops": 3, "Hash Buckets": 1024, "Original Hash Buckets": 1024, "Hash Batches": 1, "Original Hash Batches": 1, "Peak Memory Usage": 72, "Plans": [{"Node Type": "Hash Join", "Parent Relationship": "Outer", "Parallel Aware": true, "Join Type": "Inner", "Startup Cost": 255156.14, "Total Cost": 755077.17, "Plan Rows": 1, "Plan Width": 20, "Actual Startup Time": 1706.988, "Actual Total Time": 2014.545, "Actual Rows": 1, "Actual Loops": 3, "Inner Unique": false, "Hash Cond": "(ci.movie_id = t.id)", "Plans": [{"Node Type": "Seq Scan", "Parent Relationship": "Outer", "Parallel Aware": true, "Relation Name": "cast_info", "Alias": "ci", "Startup Cost": 0.0, "Total Cost": 497985.06, "Plan Rows": 516258, "Plan Width": 8, "Actual Startup Time": 95.162, "Actual Total Time": 1371.069, "Actual Rows": 414905, "Actual Loops": 3, "Filter": "((note)::text = ANY ('{(writer),\"(head writer)\",\"(written by)\",(story),\"(story editor)\"}'::text[]))", "Rows Removed by Filter": 11666543}, {"Node Type": "Hash", "Parent Relationship": "Inner", "Parallel Aware": true, "Startup Cost": 255156.13, "Total Cost": 255156.13, "Plan Rows": 1, "Plan Width": 12, "Actual Startup Time": 618.806, "Actual Total Time": 618.812, "Actual Rows": 3, "Actual Loops": 3, "Hash Buckets": 1024, "Original Hash Buckets": 1024, "Hash Batches": 1, "Original Hash Batches": 1, "Peak Memory Usage": 104, "Plans": [{"Node Type": "Nested Loop", "Parent Relationship": "Outer", "Parallel Aware": false, "Join Type": "Inner", "Startup Cost": 15320.07, "Total Cost": 255156.13, "Plan Rows": 1, "Plan Width": 12, "Actual Startup Time": 592.699, "Actual Total Time": 618.215, "Actual Rows": 3, "Actual Loops": 3, "Inner Unique": true, "Join Filter": "(mi.movie_id = t.id)", "Rows Removed by Join Filter": 0, "Plans": [{"Node Type": "Hash Join", "Parent Relationship": "Outer", "Parallel Aware": true, "Join Type": "Inner", "Startup Cost": 15319.64, "Total Cost": 255153.32, "Plan Rows": 3, "Plan Width": 8, "Actual Startup Time": 580.789, "Actual Total Time": 593.725, "Actual Rows": 5493, "Actual Loops": 3, "Inner Unique": false, "Hash Cond": "(mi.movie_id = mi_idx.movie_id)", "Plans": [{"Node Type": "Hash Join", "Parent Relationship": "Outer", "Parallel Aware": false, "Join Type": "Inner", "Startup Cost": 2.43, "Total Cost": 239835.65, "Plan Rows": 121, "Plan Width": 4, "Actual Startup Time": 401.935, "Actual Total Time": 452.026, "Actual Rows": 10138, "Actual Loops": 3, "Inner Unique": true, "Hash Cond": "(mi.info_type_id = it1.id)", "Plans": [{"Node Type": "Seq Scan", "Parent Relationship": "Outer", "Parallel Aware": true, "Relation Name": "movie_info", "Alias": "mi", "Startup Cost": 0.0, "Total Cost": 239795.93, "Plan Rows": 13693, "Plan Width": 8, "Actual Startup Time": 284.67, "Actual Total Time": 450.622, "Actual Rows": 10267, "Actual Loops": 3, "Filter": "((info)::text = 'Horror'::text)", "Rows Removed by Filter": 4934973}, {"Node Type": "Hash", "Parent Relationship": "Inner", "Parallel Aware": false, "Startup Cost": 2.41, "Total Cost": 2.41, "Plan Rows": 1, "Plan Width": 4, "Actual Startup Time": 0.018, "Actual Total Time": 0.019, "Actual Rows": 1, "Actual Loops": 3, "Hash Buckets": 1024, "Original Hash Buckets": 1024, "Hash Batches": 1, "Original Hash Batches": 1, "Peak Memory Usage": 9, "Plans": [{"Node Type": "Seq Scan", "Parent Relationship": "Outer", "Parallel Aware": false, "Relation Name": "info_type", "Alias": "it1", "Startup Cost": 0.0, "Total Cost": 2.41, "Plan Rows": 1, "Plan Width": 4, "Actual Startup Time": 0.01, "Actual Total Time": 0.016, "Actual Rows": 1, "Actual Loops": 3, "Filter": "((info)::text = 'genres'::text)", "Rows Removed by Filter": 112}]}]}, {"Node Type": "Hash", "Parent Relationship": "Inner", "Parallel Aware": true, "Startup Cost": 15253.6, "Total Cost": 15253.6, "Plan Rows": 5089, "Plan Width": 4, "Actual Startup Time": 122.324, "Actual Total Time": 122.325, "Actual Rows": 153308, "Actual Loops": 3, "Hash Buckets": 131072, "Original Hash Buckets": 16384, "Hash Batches": 8, "Original Hash Batches": 1, "Peak Memory Usage": 3328, "Plans": [{"Node Type": "Hash Join", "Parent Relationship": "Outer", "Parallel Aware": false, "Join Type": "Inner", "Startup Cost": 2.43, "Total Cost": 15253.6, "Plan Rows": 5089, "Plan Width": 4, "Actual Startup Time": 0.061, "Actual Total Time": 81.147, "Actual Rows": 153308, "Actual Loops": 3, "Inner Unique": true, "Hash Cond": "(mi_idx.info_type_id = it2.id)", "Plans": [{"Node Type": "Seq Scan", "Parent Relationship": "Outer", "Parallel Aware": true, "Relation Name": "movie_info_idx", "Alias": "mi_idx", "Startup Cost": 0.0, "Total Cost": 13685.15, "Plan Rows": 575015, "Plan Width": 8, "Actual Startup Time": 0.018, "Actual Total Time": 33.955, "Actual Rows": 460012, "Actual Loops": 3}, {"Node Type": "Hash", "Parent Relationship": "Inner", "Parallel Aware": false, "Startup Cost": 2.41, "Total Cost": 2.41, "Plan Rows": 1, "Plan Width": 4, "Actual Startup Time": 0.033, "Actual Total Time": 0.033, "Actual Rows": 1, "Actual Loops": 3, "Hash Buckets": 1024, "Original Hash Buckets": 1024, "Hash Batches": 1, "Original Hash Batches": 1, "Peak Memory Usage": 9, "Plans": [{"Node Type": "Seq Scan", "Parent Relationship": "Outer", "Parallel Aware": false, "Relation Name": "info_type", "Alias": "it2", "Startup Cost": 0.0, "Total Cost": 2.41, "Plan Rows": 1, "Plan Width": 4, "Actual Startup Time": 0.026, "Actual Total Time": 0.027, "Actual Rows": 1, "Actual Loops": 3, "Filter": "((info)::text = 'votes'::text)", "Rows Removed by Filter": 112}]}]}]}]}, {"Node Type": "Index Scan", "Parent Relationship": "Inner", "Parallel Aware": false, "Scan Direction": "Forward", "Index Name": "title_pkey", "Relation Name": "title", "Alias": "t", "Startup Cost": 0.43, "Total Cost": 0.92, "Plan Rows": 1, "Plan Width": 4, "Actual Startup Time": 0.004, "Actual Total Time": 0.004, "Actual Rows": 0, "Actual Loops": 16480, "Index Cond": "(id = mi_idx.movie_id)", "Rows Removed by Index Recheck": 0, "Filter": "((production_year > 2010) AND ((title)::text ~~ 'Vampire%'::text))", "Rows Removed by Filter": 1}]}]}]}]}]}, {"Node Type": "Index Scan", "Parent Relationship": "Inner", "Parallel Aware": false, "Scan Direction": "Forward", "Index Name": "keyword_pkey", "Relation Name": "keyword", "Alias": "k", "Startup Cost": 0.42, "Total Cost": 0.67, "Plan Rows": 1, "Plan Width": 4, "Actual Startup Time": 0.006, "Actual Total Time": 0.006, "Actual Rows": 0, "Actual Loops": 35, "Index Cond": "(id = mk.keyword_id)", "Rows Removed by Index Recheck": 0, "Filter": "((keyword)::text = ANY ('{murder,blood,gore,death,female-nudity}'::text[]))", "Rows Removed by Filter": 1}]}, {"Node Type": "Index Scan", "Parent Relationship": "Inner", "Parallel Aware": false, "Scan Direction": "Forward", "Index Name": "name_pkey", "Relation Name": "name", "Alias": "n", "Startup Cost": 0.43, "Total Cost": 1.08, "Plan Rows": 1, "Plan Width": 4, "Actual Startup Time": 0.007, "Actual Total Time": 0.007, "Actual Rows": 1, "Actual Loops": 6, "Index Cond": "(id = ci.person_id)", "Rows Removed by Index Recheck": 0, "Filter": "((gender)::text = 'm'::text)", "Rows Removed by Filter": 0}]}]}]}]}, "Planning Time": 104.484, "Triggers": [], "Execution Time": 2277.811}]
[{"Bao": {"Bao prediction": "NaN", "Bao recommended hint": "(no hint)"}}, {"Plan": {"Node Type": "Aggregate", "Strategy": "Plain", "Partial Mode": "Finalize", "Parallel Aware": false, "Startup Cost": 358501.69, "Total Cost": 358501.7, "Plan Rows": 1, "Plan Width": 8, "Actual Startup Time": 46175.893, "Actual Total Time": 46207.7, "Actual Rows": 1, "Actual Loops": 1, "Plans": [{"Node Type": "Gather", "Parent Relationship": "Outer", "Parallel Aware": false, "Startup Cost": 358501.48, "Total Cost": 358501.69, "Plan Rows": 2, "Plan Width": 8, "Actual Startup Time": 43840.787, "Actual Total Time": 46207.692, "Actual Rows": 3, "Actual Loops": 1, "Workers Planned": 2, "Workers Launched": 2, "Single Copy": false, "Plans": [{"Node Type": "Aggregate", "Strategy": "Plain", "Partial Mode": "Partial", "Parent Relationship": "Outer", "Parallel Aware": false, "Startup Cost": 357501.48, "Total Cost": 357501.49, "Plan Rows": 1, "Plan Width": 8, "Actual Startup Time": 44241.17, "Actual Total Time": 44241.185, "Actual Rows": 1, "Actual Loops": 3, "Plans": [{"Node Type": "Nested Loop", "Parent Relationship": "Outer", "Parallel Aware": false, "Join Type": "Inner", "Startup Cost": 304680.99, "Total Cost": 357501.47, "Plan Rows": 1, "Plan Width": 0, "Actual Startup Time": 26480.837, "Actual Total Time": 44241.132, "Actual Rows": 209, "Actual Loops": 3, "Inner Unique": true, "Plans": [{"Node Type": "Nested Loop", "Parent Relationship": "Outer", "Parallel Aware": false, "Join Type": "Inner", "Startup Cost": 304680.57, "Total Cost": 357501.03, "Plan Rows": 1, "Plan Width": 4, "Actual Startup Time": 26480.819, "Actual Total Time": 44240.144, "Actual Rows": 209, "Actual Loops": 3, "Inner Unique": true, "Plans": [{"Node Type": "Nested Loop", "Parent Relationship": "Outer", "Parallel Aware": false, "Join Type": "Inner", "Startup Cost": 304680.42, "Total Cost": 357500.87, "Plan Rows": 1, "Plan Width": 8, "Actual Startup Time": 26480.785, "Actual Total Time": 44239.486, "Actual Rows": 209, "Actual Loops": 3, "Inner Unique": false, "Join Filter": "(cc.movie_id = t.id)", "Rows Removed by Join Filter": 50495364, "Plans": [{"Node Type": "Hash Join", "Parent Relationship": "Outer", "Parallel Aware": true, "Join Type": "Inner", "Startup Cost": 304661.5, "Total Cost": 355033.86, "Plan Rows": 1, "Plan Width": 24, "Actual Startup Time": 677.372, "Actual Total Time": 863.859, "Actual Rows": 2053, "Actual Loops": 3, "Inner Unique": false, "Hash Cond": "(mk.movie_id = t.id)", "Plans": [{"Node Type": "Seq Scan", "Parent Relationship": "Outer", "Parallel Aware": true, "Relation Name": "movie_keyword", "Alias": "mk", "Startup Cost": 0.0, "Total Cost": 43303.71, "Plan Rows": 1884971, "Plan Width": 8, "Actual Startup Time": 0.008, "Actual Total Time": 100.09, "Actual Rows": 1507977, "Actual Loops": 3}, {"Node Type": "Hash", "Parent Relationship": "Inner", "Parallel Aware": true, "Startup Cost": 304661.48, "Total Cost": 304661.48, "Plan Rows": 1, "Plan Width": 16, "Actual Startup Time": 633.457, "Actual Total Time": 633.468, "Actual Rows": 578, "Actual Loops": 3, "Hash Buckets": 1024, "Original Hash Buckets": 1024, "Hash Batches": 1, "Original Hash Batches": 1, "Peak Memory Usage": 104, "Plans": [{"Node Type": "Nested Loop", "Parent Relationship": "Outer", "Parallel Aware": false, "Join Type": "Inner", "Startup Cost": 270920.86, "Total Cost": 304661.48, "Plan Rows": 1, "Plan Width": 16, "Actual Startup Time": 502.325, "Actual Total Time": 633.241, "Actual Rows": 578, "Actual Loops": 3, "Inner Unique": true, "Plans": [{"Node Type": "Nested Loop", "Parent Relationship": "Outer", "Parallel Aware": false, "Join Type": "Inner", "Startup Cost": 270920.71, "Total Cost": 304661.31, "Plan Rows": 1, "Plan Width": 20, "Actual Startup Time": 477.107, "Actual Total Time": 632.231, "Actual Rows": 882, "Actual Loops": 3, "Inner Unique": true, "Join Filter": "(mi.movie_id = t.id)", "Rows Removed by Join Filter": 0, "Plans": [{"Node Type": "Nested Loop", "Parent Relationship": "Outer", "Parallel Aware": false, "Join Type": "Inner", "Startup Cost": 270920.28, "Total Cost": 304660.25, "Plan Rows": 2, "Plan Width": 12, "Actual Startup Time": 477.09, "Actual Total Time": 627.63, "Actual Rows": 882, "Actual Loops": 3, "Inner Unique": true, "Plans": [{"Node Type": "Hash Join", "Parent Relationship": "Outer", "Parallel Aware": true, "Join Type": "Inner", "Startup Cost": 270919.86, "Total Cost": 304658.02, "Plan Rows": 5, "Plan Width": 16, "Actual Startup Time": 477.058, "Actual Total Time": 624.435, "Actual Rows": 961, "Actual Loops": 3, "Inner Unique": false, "Hash Cond": "(mc.movie_id = mi.movie_id)", "Plans": [{"Node Type": "Seq Scan", "Parent Relationship": "Outer", "Parallel Aware": true, "Relation Name": "movie_companies", "Alias": "mc", "Startup Cost": 0.0, "Total Cost": 29661.37, "Plan Rows": 1087137, "Plan Width": 12, "Actual Startup Time": 0.005, "Actual Total Time": 64.223, "Actual Rows": 869710, "Actual Loops": 3}, {"Node Type": "Hash", "Parent Relationship": "Inner", "Parallel Aware": true, "Startup Cost": 270919.85, "Total Cost": 270919.85, "Plan Rows": 1, "Plan Width": 4, "Actual Startup Time": 476.818, "Actual Total Time": 476.825, "Actual Rows": 594, "Actual Loops": 3, "Hash Buckets": 1024, "Original Hash Buckets": 1024, "Hash Batches": 1, "Original Hash Batches": 1, "Peak Memory Usage": 104, "Plans": [{"Node Type": "Hash Join", "Parent Relationship": "Outer", "Parallel Aware": false, "Join Type": "Inner", "Startup Cost": 2.43, "Total Cost": 270919.85, "Plan Rows": 1, "Plan Width": 4, "Actual Startup Time": 128.938, "Actual Total Time": 476.667, "Actual Rows": 594, "Actual Loops": 3, "Inner Unique": true, "Hash Cond": "(mi.info_type_id = it1.id)", "Plans": [{"Node Type": "Seq Scan", "Parent Relationship": "Outer", "Parallel Aware": true, "Relation Name": "movie_info", "Alias": "mi", "Startup Cost": 0.0, "Total Cost": 270917.11, "Plan Rows": 117, "Plan Width": 8, "Actual Startup Time": 128.889, "Actual Total Time": 476.495, "Actual Rows": 594, "Actual Loops": 3, "Filter": "((info IS NOT NULL) AND ((note)::text ~~ '%internet%'::text) AND (((info)::text ~~ 'USA:% 199%'::text) OR ((info)::text ~~ 'USA:% 200%'::text)))", "Rows Removed by Filter": 4944646}, {"Node Type": "Hash", "Parent Relationship": "Inner", "Parallel Aware": false, "Startup Cost": 2.41, "Total Cost": 2.41, "Plan Rows": 1, "Plan Width": 4, "Actual Startup Time": 0.034, "Actual Total Time": 0.035, "Actual Rows": 1, "Actual Loops": 3, "Hash Buckets": 1024, "Original Hash Buckets": 1024, "Hash Batches": 1, "Original Hash Batches": 1, "Peak Memory Usage": 9, "Plans": [{"Node Type": "Seq Scan", "Parent Relationship": "Outer", "Parallel Aware": false, "Relation Name": "info_type", "Alias": "it1", "Startup Cost": 0.0, "Total Cost": 2.41, "Plan Rows": 1, "Plan Width": 4, "Actual Startup Time": 0.02, "Actual Total Time": 0.026, "Actual Rows": 1, "Actual Loops": 3, "Filter": "((info)::text = 'release dates'::text)", "Rows Removed by Filter": 112}]}]}]}]}, {"Node Type": "Index Scan", "Parent Relationship": "Inner", "Parallel Aware": false, "Scan Direction": "Forward", "Index Name": "company_name_pkey", "Relation Name": "company_name", "Alias": "cn", "Startup Cost": 0.42, "Total Cost": 0.45, "Plan Rows": 1, "Plan Width": 4, "Actual Startup Time": 0.003, "Actual Total Time": 0.003, "Actual Rows": 1, "Actual Loops": 2884, "Index Cond": "(id = mc.company_id)", "Rows Removed by Index Recheck": 0, "Filter": "((country_code)::text = '[us]'::text)", "Rows Removed by Filter": 0}]}, {"Node Type": "Index Scan", "Parent Relationship": "Inner", "Parallel Aware": false, "Scan Direction": "Forward", "Index Name": "title_pkey", "Relation Name": "title", "Alias": "t", "Startup Cost": 0.43, "Total Cost": 0.52, "Plan Rows": 1, "Plan Width": 8, "Actual Startup Time": 0.005, "Actual Total Time": 0.005, "Actual Rows": 1, "Actual Loops": 2647, "Index Cond": "(id = mc.movie_id)", "Rows Removed by Index Recheck": 0, "Filter": "(production_year > 1990)", "Rows Removed by Filter": 0}]}, {"Node Type": "Index Scan", "Parent Relationship": "Inner", "Parallel Aware": false, "Scan Direction": "Forward", "Index Name": "kind_type_pkey", "Relation Name": "kind_type", "Alias": "kt", "Startup Cost": 0.15, "Total Cost": 0.17, "Plan Rows": 1, "Plan Width": 4, "Actual Startup Time": 0.001, "Actual Total Time": 0.001, "Actual Rows": 1, "Actual Loops": 2647, "Index Cond": "(id = t.kind_id)", "Rows Removed by Index Recheck": 0, "Filter": "((kind)::text = ANY ('{movie,\"tv movie\",\"video movie\",\"video game\"}'::text[]))", "Rows Removed by Filter": 0}]}]}]}, {"Node Type": "Hash Join", "Parent Relationship": "Inner", "Parallel Aware": false, "Join Type": "Inner", "Startup Cost": 18.93, "Total Cost": 2457.5, "Plan Rows": 761, "Plan Width": 4, "Actual Startup Time": 0.003, "Actual Total Time": 20.096, "Actual Rows": 24592, "Actual Loops": 6160, "Inner Unique": true, "Hash Cond": "(cc.status_id = cct1.id)", "Plans": [{"Node Type": "Seq Scan", "Parent Relationship": "Outer", "Parallel Aware": false, "Relation Name": "complete_cast", "Alias": "cc", "Startup Cost": 0.0, "Total Cost": 2081.86, "Plan Rows": 135086, "Plan Width": 8, "Actual Startup Time": 0.003, "Actual Total Time": 8.231, "Actual Rows": 135086, "Actual Loops": 6160}, {"Node Type": "Hash", "Parent Relationship": "Inner", "Parallel Aware": false, "Startup Cost": 18.88, "Total Cost": 18.88, "Plan Rows": 4, "Plan Width": 4, "Actual Startup Time": 0.011, "Actual Total Time": 0.011, "Actual Rows": 1, "Actual Loops": 3, "Hash Buckets": 1024, "Original Hash Buckets": 1024, "Hash Batches": 1, "Original Hash Batches": 1, "Peak Memory Usage": 9, "Plans": [{"Node Type": "Seq Scan", "Parent Relationship": "Outer", "Parallel Aware": false, "Relation Name": "comp_cast_type", "Alias": "cct1", "Startup Cost": 0.0, "Total Cost": 18.88, "Plan Rows": 4, "Plan Width": 4, "Actual Startup Time": 0.008, "Actual Total Time": 0.008, "Actual Rows": 1, "Actual Loops": 3, "Filter": "((kind)::text = 'complete+verified'::text)", "Rows Removed by Filter": 3}]}]}]}, {"Node Type": "Index Only Scan", "Parent Relationship": "Inner", "Parallel Aware": false, "Scan Direction": "Forward", "Index Name": "company_type_pkey", "Relation Name": "company_type", "Alias": "ct", "Startup Cost": 0.15, "Total Cost": 0.17, "Plan Rows": 1, "Plan Width": 4, "Actual Startup Time": 0.002, "Actual Total Time": 0.002, "Actual Rows": 1, "Actual Loops": 628, "Index Cond": "(id = mc.company_type_id)", "Rows Removed by Index Recheck": 0, "Heap Fetches": 628}]}, {"Node Type": "Index Only Scan", "Parent Relationship": "Inner", "Parallel Aware": false, "Scan Direction": "Forward", "Index Name": "keyword_pkey", "Relation Name": "keyword", "Alias": "k", "Startup Cost": 0.42, "Total Cost": 0.44, "Plan Rows": 1, "Plan Width": 4, "Actual Startup Time": 0.004, "Actual Total Time": 0.004, "Actual Rows": 1, "Actual Loops": 628, "Index Cond": "(id = mk.keyword_id)", "Rows Removed by Index Recheck": 0, "Heap Fetches": 628}]}]}]}]}, "Planning Time": 119.142, "Triggers": [], "Execution Time": 46207.852}]
[{"Bao": {"Bao prediction": "NaN", "Bao recommended hint": "(no hint)"}}, {"Plan": {"Node Type": "Aggregate", "Strategy": "Plain", "Partial Mode": "Simple", "Parallel Aware": false, "Startup Cost": 323081.74, "Total Cost": 323081.75, "Plan Rows": 1, "Plan Width": 8, "Actual Startup Time": 1083.884, "Actual Total Time": 1115.627, "Actual Rows": 1, "Actual Loops": 1, "Plans": [{"Node Type": "Gather", "Parent Relationship": "Outer", "Parallel Aware": false, "Startup Cost": 272709.06, "Total Cost": 323081.74, "Plan Rows": 1, "Plan Width": 0, "Actual Startup Time": 878.559, "Actual Total Time": 1115.619, "Actual Rows": 38, "Actual Loops": 1, "Workers Planned": 2, "Workers Launched": 2, "Single Copy": false, "Plans": [{"Node Type": "Nested Loop", "Parent Relationship": "Outer", "Parallel Aware": false, "Join Type": "Inner", "Startup Cost": 271709.06, "Total Cost": 322081.64, "Plan Rows": 1, "Plan Width": 0, "Actual Startup Time": 1012.138, "Actual Total Time": 1080.098, "Actual Rows": 13, "Actual Loops": 3, "Inner Unique": true, "Plans": [{"Node Type": "Hash Join", "Parent Relationship": "Outer", "Parallel Aware": true, "Join Type": "Inner", "Startup Cost": 271708.64, "Total Cost": 322081.17, "Plan Rows": 1, "Plan Width": 4, "Actual Startup Time": 873.878, "Actual Total Time": 1079.534, "Actual Rows": 405, "Actual Loops": 3, "Inner Unique": false, "Hash Cond": "(mk.movie_id = ml.movie_id)", "Plans": [{"Node Type": "Seq Scan", "Parent Relationship": "Outer", "Parallel Aware": true, "Relation Name": "movie_keyword", "Alias": "mk", "Startup Cost": 0.0, "Total Cost": 43303.71, "Plan Rows": 1884971, "Plan Width": 8, "Actual Startup Time": 0.016, "Actual Total Time": 102.467, "Actual Rows": 1507977, "Actual Loops": 3}, {"Node Type": "Hash", "Parent Relationship": "Inner", "Parallel Aware": true, "Startup Cost": 271708.62, "Total Cost": 271708.62, "Plan Rows": 1, "Plan Width": 16, "Actual Startup Time": 872.298, "Actual Total Time": 872.307, "Actual Rows": 147, "Actual Loops": 3, "Hash Buckets": 1024, "Original Hash Buckets": 1024, "Hash Batches": 1, "Original Hash Batches": 1, "Peak Memory Usage": 104, "Plans": [{"Node Type": "Nested Loop", "Parent Relationship": "Outer", "Parallel Aware": false, "Join Type": "Inner", "Startup Cost": 271708.04, "Total Cost": 271708.62, "Plan Rows": 1, "Plan Width": 16, "Actual Startup Time": 869.044, "Actual Total Time": 871.799, "Actual Rows": 147, "Actual Loops": 3, "Inner Unique": true, "Join Filter": "(ml.movie_id = t.id)", "Rows Removed by Join Filter": 0, "Plans": [{"Node Type": "Nested Loop", "Parent Relationship": "Outer", "Parallel Aware": false, "Join Type": "Inner", "Startup Cost": 271707.61, "Total Cost": 271708.02, "Plan Rows": 1, "Plan Width": 12, "Actual Startup Time": 869.018, "Actual Total Time": 871.129, "Actual Rows": 357, "Actual Loops": 3, "Inner Unique": true, "Plans": [{"Node Type": "Merge Join", "Parent Relationship": "Outer", "Parallel Aware": false, "Join Type": "Inner", "Startup Cost": 271707.19, "Total Cost": 271707.56, "Plan Rows": 1, "Plan Width": 16, "Actual Startup Time": 868.949, "Actual Total Time": 869.39, "Actual Rows": 970, "Actual Loops": 3, "Inner Unique": false, "Merge Cond": "(mc.movie_id = ml.movie_id)", "Plans": [{"Node Type": "Sort", "Parent Relationship": "Outer", "Parallel Aware": false, "Startup Cost": 271144.99, "Total Cost": 271146.93, "Plan Rows": 775, "Plan Width": 12, "Actual Startup Time": 864.385, "Actual Total Time": 864.433, "Actual Rows": 769, "Actual Loops": 3, "Sort Key": ["mc.movie_id"], "Sort Method": "quicksort", "Sort Space Used": 3170, "Sort Space Type": "Memory", "Workers": [{"Worker Number": 0, "Sort Method": "quicksort", "Sort Space Used": 3035, "Sort Space Type": "Memory"}, {"Worker Number": 1, "Sort Method": "quicksort", "Sort Space Used": 3345, "Sort Space Type": "Memory"}], "Plans": [{"Node Type": "Hash Join", "Parent Relationship": "Outer", "Parallel Aware": true, "Join Type": "Inner", "Startup Cost": 31120.35, "Total Cost": 271107.8, "Plan Rows": 775, "Plan Width": 12, "Actual Startup Time": 815.954, "Actual Total Time": 855.864, "Actual Rows": 38777, "Actual Loops": 3, "Inner Unique": false, "Hash Cond": "(mi.movie_id = mc.movie_id)", "Plans": [{"Node Type": "Seq Scan", "Parent Relationship": "Outer", "Parallel Aware": true, "Relation Name": "movie_info", "Alias": "mi", "Startup Cost": 0.0, "Total Cost": 239795.93, "Plan Rows": 50209, "Plan Width": 4, "Actual Startup Time": 0.252, "Actual Total Time": 592.728, "Actual Rows": 38853, "Actual Loops": 3, "Filter": "((info)::text = ANY ('{Germany,German}'::text[]))", "Rows Removed by Filter": 4906387}, {"Node Type": "Hash", "Parent Relationship": "Inner", "Parallel Aware": true, "Startup Cost": 31082.95, "Total Cost": 31082.95, "Plan Rows": 2992, "Plan Width": 8, "Actual Startup Time": 212.858, "Actual Total Time": 212.859, "Actual Rows": 397976, "Actual Loops": 3, "Hash Buckets": 65536, "Original Hash Buckets": 8192, "Hash Batches": 16, "Original Hash Batches": 1, "Peak Memory Usage": 3488, "Plans": [{"Node Type": "Hash Join", "Parent Relationship": "Outer", "Parallel Aware": false, "Join Type": "Inner", "Startup Cost": 18.93, "Total Cost": 31082.95, "Plan Rows": 2992, "Plan Width": 8, "Actual Startup Time": 35.542, "Actual Total Time": 132.567, "Actual Rows": 397976, "Actual Loops": 3, "Inner Unique": true, "Hash Cond": "(mc.company_type_id = ct.id)", "Plans": [{"Node Type": "Seq Scan", "Parent Relationship": "Outer", "Parallel Aware": true, "Relation Name": "movie_companies", "Alias": "mc", "Startup Cost": 0.0, "Total Cost": 29661.37, "Plan Rows": 531175, "Plan Width": 12, "Actual Startup Time": 0.02, "Actual Total Time": 79.428, "Actual Rows": 423996, "Actual Loops": 3, "Filter": "(note IS NULL)", "Rows Removed by Filter": 445713}, {"Node Type": "Hash", "Parent Relationship": "Inner", "Parallel Aware": false, "Startup Cost": 18.88, "Total Cost": 18.88, "Plan Rows": 4, "Plan Width": 4, "Actual Startup Time": 0.018, "Actual Total Time": 0.018, "Actual Rows": 1, "Actual Loops": 3, "Hash Buckets": 1024, "Original Hash Buckets": 1024, "Hash Batches": 1, "Original Hash Batches": 1, "Peak Memory Usage": 9, "Plans": [{"Node Type": "Seq Scan", "Parent Relationship": "Outer", "Parallel Aware": false, "Relation Name": "company_type", "Alias": "ct", "Startup Cost": 0.0, "Total Cost": 18.88, "Plan Rows": 4, "Plan Width": 4, "Actual Startup Time": 0.012, "Actual Total Time": 0.013, "Actual Rows": 1, "Actual Loops": 3, "Filter": "((kind)::text = 'production companies'::text)", "Rows Removed by Filter": 3}]}]}]}]}]}, {"Node Type": "Sort", "Parent Relationship": "Inner", "Parallel Aware": false, "Startup Cost": 562.2, "Total Cost": 562.3, "Plan Rows": 42, "Plan Width": 4, "Actual Startup Time": 4.553, "Actual Total Time": 4.684, "Actual Rows": 3091, "Actual Loops": 3, "Sort Key": ["ml.movie_id"], "Sort Method": "quicksort", "Sort Space Used": 205, "Sort Space Type": "Memory", "Workers": [{"Worker Number": 0, "Sort Method": "quicksort", "Sort Space Used": 205, "Sort Space Type": "Memory"}, {"Worker Number": 1, "Sort Method": "quicksort", "Sort Space Used": 205, "Sort Space Type": "Memory"}], "Plans": [{"Node Type": "Hash Join", "Parent Relationship": "Outer", "Parallel Aware": false, "Join Type": "Inner", "Startup Cost": 18.89, "Total Cost": 561.07, "Plan Rows": 42, "Plan Width": 4, "Actual Startup Time": 0.044, "Actual Total Time": 4.197, "Actual Rows": 2315, "Actual Loops": 3, "Inner Unique": true, "Hash Cond": "(ml.link_type_id = lt.id)", "Plans": [{"Node Type": "Seq Scan", "Parent Relationship": "Outer", "Parallel Aware": false, "Relation Name": "movie_link", "Alias": "ml", "Startup Cost": 0.0, "Total Cost": 462.97, "Plan Rows": 29997, "Plan Width": 8, "Actual Startup Time": 0.019, "Actual Total Time": 1.888, "Actual Rows": 29997, "Actual Loops": 3}, {"Node Type": "Hash", "Parent Relationship": "Inner", "Parallel Aware": false, "Startup Cost": 18.88, "Total Cost": 18.88, "Plan Rows": 1, "Plan Width": 4, "Actual Startup Time": 0.015, "Actual Total Time": 0.015, "Actual Rows": 2, "Actual Loops": 3, "Hash Buckets": 1024, "Original Hash Buckets": 1024, "Hash Batches": 1, "Original Hash Batches": 1, "Peak Memory Usage": 9, "Plans": [{"Node Type": "Seq Scan", "Parent Relationship": "Outer", "Parallel Aware": false, "Relation Name": "link_type", "Alias": "lt", "Startup Cost": 0.0, "Total Cost": 18.88, "Plan Rows": 1, "Plan Width": 4, "Actual Startup Time": 0.01, "Actual Total Time": 0.013, "Actual Rows": 2, "Actual Loops": 3, "Filter": "((link)::text ~~ '%follow%'::text)", "Rows Removed by Filter": 16}]}]}]}]}, {"Node Type": "Index Scan", "Parent Relationship": "Inner", "Parallel Aware": false, "Scan Direction": "Forward", "Index Name": "company_name_pkey", "Relation Name": "company_name", "Alias": "cn", "Startup Cost": 0.42, "Total Cost": 0.46, "Plan Rows": 1, "Plan Width": 4, "Actual Startup Time": 0.002, "Actual Total Time": 0.002, "Actual Rows": 0, "Actual Loops": 2911, "Index Cond": "(id = mc.company_id)", "Rows Removed by Index Recheck": 0, "Filter": "(((country_code)::text <> '[pl]'::text) AND (((name)::text ~~ '%Film%'::text) OR ((name)::text ~~ '%Warner%'::text)))", "Rows Removed by Filter": 1}]}, {"Node Type": "Index Scan", "Parent Relationship": "Inner", "Parallel Aware": false, "Scan Direction": "Forward", "Index Name": "title_pkey", "Relation Name": "title", "Alias": "t", "Startup Cost": 0.43, "Total Cost": 0.59, "Plan Rows": 1, "Plan Width": 4, "Actual Startup Time": 0.002, "Actual Total Time": 0.002, "Actual Rows": 0, "Actual Loops": 1072, "Index Cond": "(id = mc.movie_id)", "Rows Removed by Index Recheck": 0, "Filter": "((production_year >= 2000) AND (production_year <= 2010))", "Rows Removed by Filter": 1}]}]}]}, {"Node Type": "Index Scan", "Parent Relationship": "Inner", "Parallel Aware": false, "Scan Direction": "Forward", "Index Name": "keyword_pkey", "Relation Name": "keyword", "Alias": "k", "Startup Cost": 0.42, "Total Cost": 0.44, "Plan Rows": 1, "Plan Width": 4, "Actual Startup Time": 0.001, "Actual Total Time": 0.001, "Actual Rows": 0, "Actual Loops": 1215, "Index Cond": "(id = mk.keyword_id)", "Rows Removed by Index Recheck": 0, "Filter": "((keyword)::text = 'sequel'::text)", "Rows Removed by Filter": 1}]}]}]}, "Planning Time": 84.257, "Triggers": [], "Execution Time": 1115.723}]
[{"Bao": {"Bao prediction": "NaN", "Bao recommended hint": "(no hint)"}}, {"Plan": {"Node Type": "Aggregate", "Strategy": "Plain", "Partial Mode": "Finalize", "Parallel Aware": false, "Startup Cost": 533805.79, "Total Cost": 533805.8, "Plan Rows": 1, "Plan Width": 8, "Actual Startup Time": 2480.418, "Actual Total Time": 2527.198, "Actual Rows": 1, "Actual Loops": 1, "Plans": [{"Node Type": "Gather", "Parent Relationship": "Outer", "Parallel Aware": false, "Startup Cost": 533805.58, "Total Cost": 533805.79, "Plan Rows": 2, "Plan Width": 8, "Actual Startup Time": 2478.839, "Actual Total Time": 2527.19, "Actual Rows": 3, "Actual Loops": 1, "Workers Planned": 2, "Workers Launched": 2, "Single Copy": false, "Plans": [{"Node Type": "Aggregate", "Strategy": "Plain", "Partial Mode": "Partial", "Parent Relationship": "Outer", "Parallel Aware": false, "Startup Cost": 532805.58, "Total Cost": 532805.59, "Plan Rows": 1, "Plan Width": 8, "Actual Startup Time": 2476.611, "Actual Total Time": 2476.773, "Actual Rows": 1, "Actual Loops": 3, "Plans": [{"Node Type": "Hash Join", "Parent Relationship": "Outer", "Parallel Aware": true, "Join Type": "Inner", "Startup Cost": 516243.96, "Total Cost": 532804.14, "Plan Rows": 576, "Plan Width": 0, "Actual Startup Time": 2388.881, "Actual Total Time": 2469.601, "Actual Rows": 161027, "Actual Loops": 3, "Inner Unique": false, "Hash Cond": "(an.person_id = n.id)", "Plans": [{"Node Type": "Seq Scan", "Parent Relationship": "Outer", "Parallel Aware": true, "Relation Name": "aka_name", "Alias": "an", "Startup Cost": 0.0, "Total Cost": 15151.6, "Plan Rows": 375560, "Plan Width": 4, "Actual Startup Time": 0.025, "Actual Total Time": 26.123, "Actual Rows": 300448, "Actual Loops": 3}, {"Node Type": "Hash", "Parent Relationship": "Inner", "Parallel Aware": true, "Startup Cost": 516240.84, "Total Cost": 516240.84, "Plan Rows": 250, "Plan Width": 8, "Actual Startup Time": 2388.412, "Actual Total Time": 2388.572, "Actual Rows": 57856, "Actual Loops": 3, "Hash Buckets": 262144, "Original Hash Buckets": 1024, "Hash Batches": 1, "Original Hash Batches": 1, "Peak Memory Usage": 10936, "Plans": [{"Node Type": "Nested Loop", "Parent Relationship": "Outer", "Parallel Aware": false, "Join Type": "Inner", "Startup Cost": 482057.58, "Total Cost": 516240.84, "Plan Rows": 250, "Plan Width": 8, "Actual Startup Time": 1874.43, "Actual Total Time": 2353.495, "Actual Rows": 57856, "Actual Loops": 3, "Inner Unique": true, "Join Filter": "(ci.movie_id = t.id)", "Rows Removed by Join Filter": 0, "Plans": [{"Node Type": "Nested Loop", "Parent Relationship": "Outer", "Parallel Aware": false, "Join Type": "Inner", "Startup Cost": 482057.15, "Total Cost": 516108.59, "Plan Rows": 250, "Plan Width": 16, "Actual Startup Time": 1874.409, "Actual Total Time": 2240.269, "Actual Rows": 57856, "Actual Loops": 3, "Inner Unique": true, "Plans": [{"Node Type": "Hash Join", "Parent Relationship": "Outer", "Parallel Aware": true, "Join Type": "Inner", "Startup Cost": 482056.73, "Total Cost": 515797.77, "Plan Rows": 697, "Plan Width": 20, "Actual Startup Time": 1874.378, "Actual Total Time": 2002.333, "Actual Rows": 142133, "Actual Loops": 3, "Inner Unique": false, "Hash Cond": "(mc.movie_id = ci.movie_id)", "Plans": [{"Node Type": "Seq Scan", "Parent Relationship": "Outer", "Parallel Aware": true, "Relation Name": "movie_companies", "Alias": "mc", "Startup Cost": 0.0, "Total Cost": 29661.37, "Plan Rows": 1087137, "Plan Width": 8, "Actual Startup Time": 0.009, "Actual Total Time": 65.554, "Actual Rows": 869710, "Actual Loops": 3}, {"Node Type": "Hash", "Parent Relationship": "Inner", "Parallel Aware": true, "Startup Cost": 482053.74, "Total Cost": 482053.74, "Plan Rows": 239, "Plan Width": 12, "Actual Startup Time": 1706.723, "Actual Total Time": 1706.727, "Actual Rows": 85164, "Actual Loops": 3, "Hash Buckets": 65536, "Original Hash Buckets": 1024, "Hash Batches": 8, "Original Hash Batches": 1, "Peak Memory Usage": 2080, "Plans": [{"Node Type": "Nested Loop", "Parent Relationship": "Outer", "Parallel Aware": false, "Join Type": "Inner", "Startup Cost": 19.79, "Total Cost": 482053.74, "Plan Rows": 239, "Plan Width": 12, "Actual Startup Time": 403.985, "Actual Total Time": 1658.643, "Actual Rows": 85164, "Actual Loops": 3, "Inner Unique": true, "Plans": [{"Node Type": "Nested Loop", "Parent Relationship": "Outer", "Parallel Aware": false, "Join Type": "Inner", "Startup Cost": 19.36, "Total Cost": 481730.17, "Plan Rows": 490, "Plan Width": 16, "Actual Startup Time": 403.95, "Actual Total Time": 1482.773, "Actual Rows": 92002, "Actual Loops": 3, "Inner Unique": true, "Plans": [{"Node Type": "Hash Join", "Parent Relationship": "Outer", "Parallel Aware": false, "Join Type": "Inner", "Startup Cost": 18.93, "Total Cost": 480120.81, "Plan Rows": 2103, "Plan Width": 12, "Actual Startup Time": 403.918, "Actual Total Time": 1314.116, "Actual Rows": 92055, "Actual Loops": 3, "Inner Unique": true, "Hash Cond": "(ci.role_id = rt.id)", "Plans": [{"Node Type": "Seq Scan", "Parent Relationship": "Outer", "Parallel Aware": true, "Relation Name": "cast_info", "Alias": "ci", "Startup Cost": 0.0, "Total Cost": 479115.98, "Plan Rows": 373356, "Plan Width": 16, "Actual Startup Time": 0.029, "Actual Total Time": 1283.012, "Actual Rows": 289159, "Actual Loops": 3, "Filter": "((note)::text = ANY ('{(voice),\"(voice: Japanese version)\",\"(voice) (uncredited)\",\"(voice: English version)\"}'::text[]))", "Rows Removed by Filter": 11792289}, {"Node Type": "Hash", "Parent Relationship": "Inner", "Parallel Aware": false, "Startup Cost": 18.88, "Total Cost": 18.88, "Plan Rows": 4, "Plan Width": 4, "Actual Startup Time": 0.021, "Actual Total Time": 0.022, "Actual Rows": 1, "Actual Loops": 3, "Hash Buckets": 1024, "Original Hash Buckets": 1024, "Hash Batches": 1, "Original Hash Batches": 1, "Peak Memory Usage": 9, "Plans": [{"Node Type": "Seq Scan", "Parent Relationship": "Outer", "Parallel Aware": false, "Relation Name": "role_type", "Alias": "rt", "Startup Cost": 0.0, "Total Cost": 18.88, "Plan Rows": 4, "Plan Width": 4, "Actual Startup Time": 0.015, "Actual Total Time": 0.016, "Actual Rows": 1, "Actual Loops": 3, "Filter": "((role)::text = 'actress'::text)", "Rows Removed by Filter": 11}]}]}, {"Node Type": "Index Scan", "Parent Relationship": "Inner", "Parallel Aware": false, "Scan Direction": "Forward", "Index Name": "name_pkey", "Relation Name": "name", "Alias": "n", "Startup Cost": 0.43, "Total Cost": 0.77, "Plan Rows": 1, "Plan Width": 4, "Actual Startup Time": 0.002, "Actual Total Time": 0.002, "Actual Rows": 1, "Actual Loops": 276166, "Index Cond": "(id = ci.person_id)", "Rows Removed by Index Recheck": 0, "Filter": "((gender)::text = 'f'::text)", "Rows Removed by Filter": 0}]}, {"Node Type": "Index Only Scan", "Parent Relationship": "Inner", "Parallel Aware": false, "Scan Direction": "Forward", "Index Name": "char_name_pkey", "Relation Name": "char_name", "Alias": "chn", "Startup Cost": 0.43, "Total Cost": 0.66, "Plan Rows": 1, "Plan Width": 4, "Actual Startup Time": 0.002, "Actual Total Time": 0.002, "Actual Rows": 1, "Actual Loops": 276005, "Index Cond": "(id = ci.person_role_id)", "Rows Removed by Index Recheck": 0, "Heap Fetches": 255493}]}]}]}, {"Node Type": "Index Scan", "Parent Relationship": "Inner", "Parallel Aware": false, "Scan Direction": "Forward", "Index Name": "company_name_pkey", "Relation Name": "company_name", "Alias": "cn", "Startup Cost": 0.42, "Total Cost": 0.45, "Plan Rows": 1, "Plan Width": 4, "Actual Startup Time": 0.001, "Actual Total Time": 0.001, "Actual Rows": 0, "Actual Loops": 426400, "Index Cond": "(id = mc.company_id)", "Rows Removed by Index Recheck": 0, "Filter": "((country_code)::text = '[us]'::text)", "Rows Removed by Filter": 1}]}, {"Node Type": "Index Only Scan", "Parent Relationship": "Inner", "Parallel Aware": false, "Scan Direction": "Forward", "Index Name": "title_pkey", "Relation Name": "title", "Alias": "t", "Startup Cost": 0.43, "Total Cost": 0.52, "Plan Rows": 1, "Plan Width": 4, "Actual Startup Time": 0.002, "Actual Total Time": 0.002, "Actual Rows": 1, "Actual Loops": 173567, "Index Cond": "(id = mc.movie_id)", "Rows Removed by Index Recheck": 0, "Heap Fetches": 173567}]}]}]}]}]}]}, "Planning Time": 77.981, "Triggers": [], "Execution Time": 2527.284}]
[{"Bao": {"Bao prediction": "NaN", "Bao recommended hint": "(no hint)"}}, {"Plan": {"Node Type": "Aggregate", "Strategy": "Plain", "Partial Mode": "Simple", "Parallel Aware": false, "Startup Cost": 51398.92, "Total Cost": 51398.93, "Plan Rows": 1, "Plan Width": 8, "Actual Startup Time": 222.899, "Actual Total Time": 227.267, "Actual Rows": 1, "Actual Loops": 1, "Plans": [{"Node Type": "Nested Loop", "Parent Relationship": "Outer", "Parallel Aware": false, "Join Type": "Inner", "Startup Cost": 36128.39, "Total Cost": 51398.92, "Plan Rows": 1, "Plan Width": 0, "Actual Startup Time": 222.774, "Actual Total Time": 227.262, "Actual Rows": 3, "Actual Loops": 1, "Inner Unique": true, "Join Filter": "(mc.movie_id = t.id)", "Rows Removed by Join Filter": 0, "Plans": [{"Node Type": "Gather", "Parent Relationship": "Outer", "Parallel Aware": false, "Startup Cost": 36127.96, "Total Cost": 51398.33, "Plan Rows": 1, "Plan Width": 8, "Actual Startup Time": 222.734, "Actual Total Time": 227.19, "Actual Rows": 23, "Actual Loops": 1, "Workers Planned": 2, "Workers Launched": 2, "Single Copy": false, "Plans": [{"Node Type": "Hash Join", "Parent Relationship": "Outer", "Parallel Aware": true, "Join Type": "Inner", "Startup Cost": 35127.96, "Total Cost": 50398.23, "Plan Rows": 1, "Plan Width": 8, "Actual Startup Time": 220.863, "Actual Total Time": 220.908, "Actual Rows": 8, "Actual Loops": 3, "Inner Unique": false, "Hash Cond": "(mi_idx.movie_id = mc.movie_id)", "Plans": [{"Node Type": "Hash Join", "Parent Relationship": "Outer", "Parallel Aware": false, "Join Type": "Inner", "Startup Cost": 2.43, "Total Cost": 15253.6, "Plan Rows": 5089, "Plan Width": 4, "Actual Startup Time": 64.004, "Actual Total Time": 64.022, "Actual Rows": 83, "Actual Loops": 3, "Inner Unique": true, "Hash Cond": "(mi_idx.info_type_id = it.id)", "Plans": [{"Node Type": "Seq Scan", "Parent Relationship": "Outer", "Parallel Aware": true, "Relation Name": "movie_info_idx", "Alias": "mi_idx", "Startup Cost": 0.0, "Total Cost": 13685.15, "Plan Rows": 575015, "Plan Width": 8, "Actual Startup Time": 0.007, "Actual Total Time": 32.423, "Actual Rows": 460012, "Actual Loops": 3}, {"Node Type": "Hash", "Parent Relationship": "Inner", "Parallel Aware": false, "Startup Cost": 2.41, "Total Cost": 2.41, "Plan Rows": 1, "Plan Width": 4, "Actual Startup Time": 0.056, "Actual Total Time": 0.057, "Actual Rows": 1, "Actual Loops": 3, "Hash Buckets": 1024, "Original Hash Buckets": 1024, "Hash Batches": 1, "Original Hash Batches": 1, "Peak Memory Usage": 9, "Plans": [{"Node Type": "Seq Scan", "Parent Relationship": "Outer", "Parallel Aware": false, "Relation Name": "info_type", "Alias": "it", "Startup Cost": 0.0, "Total Cost": 2.41, "Plan Rows": 1, "Plan Width": 4, "Actual Startup Time": 0.051, "Actual Total Time": 0.051, "Actual Rows": 1, "Actual Loops": 3, "Filter": "((info)::text = 'top 250 rank'::text)", "Rows Removed by Filter": 112}]}]}, {"Node Type": "Hash", "Parent Relationship": "Inner", "Parallel Aware": true, "Startup Cost": 35125.28, "Total Cost": 35125.28, "Plan Rows": 20, "Plan Width": 4, "Actual Startup Time": 156.622, "Actual Total Time": 156.624, "Actual Rows": 5937, "Actual Loops": 3, "Hash Buckets": 16384, "Original Hash Buckets": 1024, "Hash Batches": 1, "Original Hash Batches": 1, "Peak Memory Usage": 952, "Plans": [{"Node Type": "Hash Join", "Parent Relationship": "Outer", "Parallel Aware": false, "Join Type": "Inner", "Startup Cost": 18.93, "Total Cost": 35125.28, "Plan Rows": 20, "Plan Width": 4, "Actual Startup Time": 109.437, "Actual Total Time": 149.04, "Actual Rows": 5937, "Actual Loops": 3, "Inner Unique": true, "Hash Cond": "(mc.company_type_id = ct.id)", "Plans": [{"Node Type": "Seq Scan", "Parent Relationship": "Outer", "Parallel Aware": true, "Relation Name": "movie_companies", "Alias": "mc", "Startup Cost": 0.0, "Total Cost": 35097.06, "Plan Rows": 3522, "Plan Width": 8, "Actual Startup Time": 71.766, "Actual Total Time": 148.215, "Actual Rows": 5939, "Actual Loops": 3, "Filter": "(((note)::text !~~ '%(as Metro-Goldwyn-Mayer Pictures)%'::text) AND ((note)::text ~~ '%(co-production)%'::text))", "Rows Removed by Filter": 863771}, {"Node Type": "Hash", "Parent Relationship": "Inner", "Parallel Aware": false, "Startup Cost": 18.88, "Total Cost": 18.88, "Plan Rows": 4, "Plan Width": 4, "Actual Startup Time": 0.02, "Actual Total Time": 0.02, "Actual Rows": 1, "Actual Loops": 3, "Hash Buckets": 1024, "Original Hash Buckets": 1024, "Hash Batches": 1, "Original Hash Batches": 1, "Peak Memory Usage": 9, "Plans": [{"Node Type": "Seq Scan", "Parent Relationship": "Outer", "Parallel Aware": false, "Relation Name": "company_type", "Alias": "ct", "Startup Cost": 0.0, "Total Cost": 18.88, "Plan Rows": 4, "Plan Width": 4, "Actual Startup Time": 0.015, "Actual Total Time": 0.016, "Actual Rows": 1, "Actual Loops": 3, "Filter": "((kind)::text = 'production companies'::text)", "Rows Removed by Filter": 3}]}]}]}]}]}, {"Node Type": "Index Scan", "Parent Relationship": "Inner", "Parallel Aware": false, "Scan Direction": "Forward", "Index Name": "title_pkey", "Relation Name": "title", "Alias": "t", "Startup Cost": 0.43, "Total Cost": 0.58, "Plan Rows": 1, "Plan Width": 4, "Actual Startup Time": 0.003, "Actual Total Time": 0.003, "Actual Rows": 0, "Actual Loops": 23, "Index Cond": "(id = mi_idx.movie_id)", "Rows Removed by Index Recheck": 0, "Filter": "(production_year > 2010)", "Rows Removed by Filter": 1}]}]}, "Planning Time": 67.823, "Triggers": [], "Execution Time": 227.314}]
[{"Bao": {"Bao prediction": "NaN", "Bao recommended hint": "(no hint)"}}, {"Plan": {"Node Type": "Aggregate", "Strategy": "Plain", "Partial Mode": "Simple", "Parallel Aware": false, "Startup Cost": 279580.04, "Total Cost": 279580.05, "Plan Rows": 1, "Plan Width": 8, "Actual Startup Time": 720.639, "Actual Total Time": 746.562, "Actual Rows": 1, "Actual Loops": 1, "Plans": [{"Node Type": "Nested Loop", "Parent Relationship": "Outer", "Parallel Aware": false, "Join Type": "Inner", "Startup Cost": 38815.63, "Total Cost": 279580.04, "Plan Rows": 1, "Plan Width": 0, "Actual Startup Time": 720.635, "Actual Total Time": 746.558, "Actual Rows": 0, "Actual Loops": 1, "Inner Unique": true, "Plans": [{"Node Type": "Nested Loop", "Parent Relationship": "Outer", "Parallel Aware": false, "Join Type": "Inner", "Startup Cost": 38815.2, "Total Cost": 279579.29, "Plan Rows": 1, "Plan Width": 8, "Actual Startup Time": 720.635, "Actual Total Time": 746.557, "Actual Rows": 0, "Actual Loops": 1, "Inner Unique": true, "Plans": [{"Node Type": "Nested Loop", "Parent Relationship": "Outer", "Parallel Aware": false, "Join Type": "Inner", "Startup Cost": 38815.06, "Total Cost": 279579.13, "Plan Rows": 1, "Plan Width": 12, "Actual Startup Time": 720.634, "Actual Total Time": 746.556, "Actual Rows": 0, "Actual Loops": 1, "Inner Unique": true, "Plans": [{"Node Type": "Gather", "Parent Relationship": "Outer", "Parallel Aware": false, "Startup Cost": 38814.91, "Total Cost": 279567.76, "Plan Rows": 1, "Plan Width": 16, "Actual Startup Time": 165.661, "Actual Total Time": 745.119, "Actual Rows": 1768, "Actual Loops": 1, "Workers Planned": 2, "Workers Launched": 2, "Single Copy": false, "Plans": [{"Node Type": "Hash Join", "Parent Relationship": "Outer", "Parallel Aware": true, "Join Type": "Inner", "Startup Cost": 37814.91, "Total Cost": 278567.66, "Plan Rows": 1, "Plan Width": 16, "Actual Startup Time": 159.625, "Actual Total Time": 718.005, "Actual Rows": 589, "Actual Loops": 3, "Inner Unique": false, "Hash Cond": "(mi.movie_id = mc.movie_id)", "Plans": [{"Node Type": "Seq Scan", "Parent Relationship": "Outer", "Parallel Aware": true, "Relation Name": "movie_info", "Alias": "mi", "Startup Cost": 0.0, "Total Cost": 239795.93, "Plan Rows": 255147, "Plan Width": 8, "Actual Startup Time": 40.09, "Actual Total Time": 593.051, "Actual Rows": 184259, "Actual Loops": 3, "Filter": "((info)::text = ANY ('{USA,America}'::text[]))", "Rows Removed by Filter": 4760981}, {"Node Type": "Hash", "Parent Relationship": "Inner", "Parallel Aware": true, "Startup Cost": 37814.9, "Total Cost": 37814.9, "Plan Rows": 1, "Plan Width": 8, "Actual Startup Time": 109.051, "Actual Total Time": 109.051, "Actual Rows": 473, "Actual Loops": 3, "Hash Buckets": 1024, "Original Hash Buckets": 1024, "Hash Batches": 1, "Original Hash Batches": 1, "Peak Memory Usage": 104, "Plans": [{"Node Type": "Seq Scan", "Parent Relationship": "Outer", "Parallel Aware": true, "Relation Name": "movie_companies", "Alias": "mc", "Startup Cost": 0.0, "Total Cost": 37814.9, "Plan Rows": 1, "Plan Width": 8, "Actual Startup Time": 4.128, "Actual Total Time": 108.932, "Actual Rows": 473, "Actual Loops": 3, "Filter": "(((note)::text ~~ '%(VHS)%'::text) AND ((note)::text ~~ '%(USA)%'::text) AND ((note)::text ~~ '%(1994)%'::text))", "Rows Removed by Filter": 869237}]}]}]}, {"Node Type": "Index Scan", "Parent Relationship": "Inner", "Parallel Aware": false, "Scan Direction": "Forward", "Index Name": "company_type_pkey", "Relation Name": "company_type", "Alias": "ct", "Startup Cost": 0.15, "Total Cost": 8.17, "Plan Rows": 1, "Plan Width": 4, "Actual Startup Time": 0.001, "Actual Total Time": 0.001, "Actual Rows": 0, "Actual Loops": 1768, "Index Cond": "(id = mc.company_type_id)", "Rows Removed by Index Recheck": 0, "Filter": "((kind)::text = 'production companies'::text)", "Rows Removed by Filter": 1}]}, {"Node Type": "Index Only Scan", "Parent Relationship": "Inner", "Parallel Aware": false, "Scan Direction": "Forward", "Index Name": "info_type_pkey", "Relation Name": "info_type", "Alias": "it", "Startup Cost": 0.14, "Total Cost": 0.16, "Plan Rows": 1, "Plan Width": 4, "Actual Startup Time": 0.0, "Actual Total Time": 0.0, "Actual Rows": 0, "Actual Loops": 0, "Index Cond": "(id = mi.info_type_id)", "Rows Removed by Index Recheck": 0, "Heap Fetches": 0}]}, {"Node Type": "Index Scan", "Parent Relationship": "Inner", "Parallel Aware": false, "Scan Direction": "Forward", "Index Name": "title_pkey", "Relation Name": "title", "Alias": "t", "Startup Cost": 0.43, "Total Cost": 0.74, "Plan Rows": 1, "Plan Width": 4, "Actual Startup Time": 0.0, "Actual Total Time": 0.0, "Actual Rows": 0, "Actual Loops": 0, "Index Cond": "(id = mi.movie_id)", "Rows Removed by Index Recheck": 0, "Filter": "(production_year > 2010)", "Rows Removed by Filter": 0}]}]}, "Planning Time": 69.779, "Triggers": [], "Execution Time": 746.605}]
[{"Bao": {"Bao prediction": "NaN", "Bao recommended hint": "(no hint)"}}, {"Plan": {"Node Type": "Aggregate", "Strategy": "Plain", "Partial Mode": "Simple", "Parallel Aware": false, "Startup Cost": 359412.74, "Total Cost": 359412.75, "Plan Rows": 1, "Plan Width": 8, "Actual Startup Time": 1409.72, "Actual Total Time": 1446.754, "Actual Rows": 1, "Actual Loops": 1, "Plans": [{"Node Type": "Gather", "Parent Relationship": "Outer", "Parallel Aware": false, "Startup Cost": 309040.24, "Total Cost": 359412.74, "Plan Rows": 1, "Plan Width": 0, "Actual Startup Time": 1285.534, "Actual Total Time": 1446.746, "Actual Rows": 31, "Actual Loops": 1, "Workers Planned": 2, "Workers Launched": 2, "Single Copy": false, "Plans": [{"Node Type": "Nested Loop", "Parent Relationship": "Outer", "Parallel Aware": false, "Join Type": "Inner", "Startup Cost": 308040.24, "Total Cost": 358412.64, "Plan Rows": 1, "Plan Width": 0, "Actual Startup Time": 1259.424, "Actual Total Time": 1405.874, "Actual Rows": 10, "Actual Loops": 3, "Inner Unique": true, "Plans": [{"Node Type": "Hash Join", "Parent Relationship": "Outer", "Parallel Aware": true, "Join Type": "Inner", "Startup Cost": 308039.82, "Total Cost": 358412.18, "Plan Rows": 1, "Plan Width": 4, "Actual Startup Time": 1242.773, "Actual Total Time": 1403.937, "Actual Rows": 869, "Actual Loops": 3, "Inner Unique": false, "Hash Cond": "(mk.movie_id = t.id)", "Plans": [{"Node Type": "Seq Scan", "Parent Relationship": "Outer", "Parallel Aware": true, "Relation Name": "movie_keyword", "Alias": "mk", "Startup Cost": 0.0, "Total Cost": 43303.71, "Plan Rows": 1884971, "Plan Width": 8, "Actual Startup Time": 0.015, "Actual Total Time": 98.871, "Actual Rows": 1507977, "Actual Loops": 3}, {"Node Type": "Hash", "Parent Relationship": "Inner", "Parallel Aware": true, "Startup Cost": 308039.81, "Total Cost": 308039.81, "Plan Rows": 1, "Plan Width": 16, "Actual Startup Time": 1202.039, "Actual Total Time": 1202.048, "Actual Rows": 30, "Actual Loops": 3, "Hash Buckets": 1024, "Original Hash Buckets": 1024, "Hash Batches": 1, "Original Hash Batches": 1, "Peak Memory Usage": 104, "Plans": [{"Node Type": "Nested Loop", "Parent Relationship": "Outer", "Parallel Aware": false, "Join Type": "Inner", "Startup Cost": 272712.01, "Total Cost": 308039.81, "Plan Rows": 1, "Plan Width": 16, "Actual Startup Time": 1044.497, "Actual Total Time": 1201.858, "Actual Rows": 30, "Actual Loops": 3, "Inner Unique": true, "Plans": [{"Node Type": "Nested Loop", "Parent Relationship": "Outer", "Parallel Aware": false, "Join Type": "Inner", "Startup Cost": 272711.86, "Total Cost": 308039.64, "Plan Rows": 1, "Plan Width": 20, "Actual Startup Time": 1044.477, "Actual Total Time": 1201.784, "Actual Rows": 30, "Actual Loops": 3, "Inner Unique": true, "Plans": [{"Node Type": "Nested Loop", "Parent Relationship": "Outer", "Parallel Aware": false, "Join Type": "Inner", "Startup Cost": 272711.44, "Total Cost": 308039.09, "Plan Rows": 1, "Plan Width": 24, "Actual Startup Time": 1041.763, "Actual Total Time": 1201.437, "Actual Rows": 58, "Actual Loops": 3, "Inner Unique": true, "Plans": [{"Node Type": "Nested Loop", "Parent Relationship": "Outer", "Parallel Aware": false, "Join Type": "Inner", "Startup Cost": 272711.29, "Total Cost": 308038.41, "Plan Rows": 4, "Plan Width": 28, "Actual Startup Time": 1010.651, "Actual Total Time": 1201.289, "Actual Rows": 79, "Actual Loops": 3, "Inner Unique": true, "Join Filter": "(mi.movie_id = t.id)", "Rows Removed by Join Filter": 0, "Plans": [{"Node Type": "Hash Join", "Parent Relationship": "Outer", "Parallel Aware": true, "Join Type": "Inner", "Startup Cost": 272710.86, "Total Cost": 308027.32, "Plan Rows": 18, "Plan Width": 20, "Actual Startup Time": 992.226, "Actual Total Time": 1142.793, "Actual Rows": 26221, "Actual Loops": 3, "Inner Unique": false, "Hash Cond": "(mc.movie_id = mi.movie_id)", "Plans": [{"Node Type": "Seq Scan", "Parent Relationship": "Outer", "Parallel Aware": true, "Relation Name": "movie_companies", "Alias": "mc", "Startup Cost": 0.0, "Total Cost": 35097.06, "Plan Rows": 58487, "Plan Width": 12, "Actual Startup Time": 0.017, "Actual Total Time": 130.79, "Actual Rows": 101090, "Actual Loops": 3, "Filter": "(((note)::text !~~ '%(USA)%'::text) AND ((note)::text ~~ '%(200%)%'::text))", "Rows Removed by Filter": 768619}, {"Node Type": "Hash", "Parent Relationship": "Inner", "Parallel Aware": true, "Startup Cost": 272710.09, "Total Cost": 272710.09, "Plan Rows": 61, "Plan Width": 8, "Actual Startup Time": 992.081, "Actual Total Time": 992.086, "Actual Rows": 49082, "Actual Loops": 3, "Hash Buckets": 262144, "Original Hash Buckets": 1024, "Hash Batches": 1, "Original Hash Batches": 1, "Peak Memory Usage": 9880, "Plans": [{"Node Type": "Hash Join", "Parent Relationship": "Outer", "Parallel Aware": true, "Join Type": "Inner", "Startup Cost": 16511.57, "Total Cost": 272710.09, "Plan Rows": 61, "Plan Width": 8, "Actual Startup Time": 933.992, "Actual Total Time": 975.039, "Actual Rows": 49082, "Actual Loops": 3, "Inner Unique": false, "Hash Cond": "(mi.movie_id = mi_idx.movie_id)", "Plans": [{"Node Type": "Hash Join", "Parent Relationship": "Outer", "Parallel Aware": false, "Join Type": "Inner", "Startup Cost": 2.43, "Total Cost": 256190.56, "Plan Rows": 2702, "Plan Width": 4, "Actual Startup Time": 591.069, "Actual Total Time": 768.567, "Actual Rows": 196255, "Actual Loops": 3, "Inner Unique": true, "Hash Cond": "(mi.info_type_id = it1.id)", "Plans": [{"Node Type": "Seq Scan", "Parent Relationship": "Outer", "Parallel Aware": true, "Relation Name": "movie_info", "Alias": "mi", "Startup Cost": 0.0, "Total Cost": 255356.52, "Plan Rows": 305356, "Plan Width": 8, "Actual Startup Time": 0.297, "Actual Total Time": 741.681, "Actual Rows": 223112, "Actual Loops": 3, "Filter": "((info)::text = ANY ('{Germany,German,USA,American}'::text[]))", "Rows Removed by Filter": 4722128}, {"Node Type": "Hash", "Parent Relationship": "Inner", "Parallel Aware": false, "Startup Cost": 2.41, "Total Cost": 2.41, "Plan Rows": 1, "Plan Width": 4, "Actual Startup Time": 0.013, "Actual Total Time": 0.013, "Actual Rows": 1, "Actual Loops": 3, "Hash Buckets": 1024, "Original Hash Buckets": 1024, "Hash Batches": 1, "Original Hash Batches": 1, "Peak Memory Usage": 9, "Plans": [{"Node Type": "Seq Scan", "Parent Relationship": "Outer", "Parallel Aware": false, "Relation Name": "info_type", "Alias": "it1", "Startup Cost": 0.0, "Total Cost": 2.41, "Plan Rows": 1, "Plan Width": 4, "Actual Startup Time": 0.006, "Actual Total Time": 0.012, "Actual Rows": 1, "Actual Loops": 3, "Filter": "((info)::text = 'countries'::text)", "Rows Removed by Filter": 112}]}]}, {"Node Type": "Hash", "Parent Relationship": "Inner", "Parallel Aware": true, "Startup Cost": 16455.12, "Total Cost": 16455.12, "Plan Rows": 4322, "Plan Width": 4, "Actual Startup Time": 140.956, "Actual Total Time": 140.958, "Actual Rows": 108039, "Actual Loops": 3, "Hash Buckets": 131072, "Original Hash Buckets": 16384, "Hash Batches": 8, "Original Hash Batches": 1, "Peak Memory Usage": 2688, "Plans": [{"Node Type": "Hash Join", "Parent Relationship": "Outer", "Parallel Aware": false, "Join Type": "Inner", "Startup Cost": 2.43, "Total Cost": 16455.12, "Plan Rows": 4322, "Plan Width": 4, "Actual Startup Time": 0.062, "Actual Total Time": 107.367, "Actual Rows": 108039, "Actual Loops": 3, "Inner Unique": true, "Hash Cond": "(mi_idx.info_type_id = it2.id)", "Plans": [{"Node Type": "Seq Scan", "Parent Relationship": "Outer", "Parallel Aware": true, "Relation Name": "movie_info_idx", "Alias": "mi_idx", "Startup Cost": 0.0, "Total Cost": 15122.68, "Plan Rows": 488356, "Plan Width": 8, "Actual Startup Time": 0.019, "Actual Total Time": 77.097, "Actual Rows": 390635, "Actual Loops": 3, "Filter": "((info)::text < '7.0'::text)", "Rows Removed by Filter": 69377}, {"Node Type": "Hash", "Parent Relationship": "Inner", "Parallel Aware": false, "Startup Cost": 2.41, "Total Cost": 2.41, "Plan Rows": 1, "Plan Width": 4, "Actual Startup Time": 0.027, "Actual Total Time": 0.028, "Actual Rows": 1, "Actual Loops": 3, "Hash Buckets": 1024, "Original Hash Buckets": 1024, "Hash Batches": 1, "Original Hash Batches": 1, "Peak Memory Usage": 9, "Plans": [{"Node Type": "Seq Scan", "Parent Relationship": "Outer", "Parallel Aware": false, "Relation Name": "info_type", "Alias": "it2", "Startup Cost": 0.0, "Total Cost": 2.41, "Plan Rows": 1, "Plan Width": 4, "Actual Startup Time": 0.021, "Actual Total Time": 0.023, "Actual Rows": 1, "Actual Loops": 3, "Filter": "((info)::text = 'rating'::text)", "Rows Removed by Filter": 112}]}]}]}]}]}]}, {"Node Type": "Index Scan", "Parent Relationship": "Inner", "Parallel Aware": false, "Scan Direction": "Forward", "Index Name": "title_pkey", "Relation Name": "title", "Alias": "t", "Startup Cost": 0.43, "Total Cost": 0.6, "Plan Rows": 1, "Plan Width": 8, "Actual Startup Time": 0.002, "Actual Total Time": 0.002, "Actual Rows": 0, "Actual Loops": 78662, "Index Cond": "(id = mi_idx.movie_id)", "Rows Removed by Index Recheck": 0, "Filter": "(production_year > 2009)", "Rows Removed by Filter": 1}]}, {"Node Type": "Index Scan", "Parent Relationship": "Inner", "Parallel Aware": false, "Scan Direction": "Forward", "Index Name": "kind_type_pkey", "Relation Name": "kind_type", "Alias": "kt", "Startup Cost": 0.15, "Total Cost": 0.17, "Plan Rows": 1, "Plan Width": 4, "Actual Startup Time": 0.001, "Actual Total Time": 0.001, "Actual Rows": 1, "Actual Loops": 237, "Index Cond": "(id = t.kind_id)", "Rows Removed by Index Recheck": 0, "Filter": "((kind)::text = ANY ('{movie,episode}'::text[]))", "Rows Removed by Filter": 0}]}, {"Node Type": "Index Scan", "Parent Relationship": "Inner", "Parallel Aware": false, "Scan Direction": "Forward", "Index Name": "company_name_pkey", "Relation Name": "company_name", "Alias": "cn", "Startup Cost": 0.42, "Total Cost": 0.55, "Plan Rows": 1, "Plan Width": 4, "Actual Startup Time": 0.005, "Actual Total Time": 0.005, "Actual Rows": 1, "Actual Loops": 173, "Index Cond": "(id = mc.company_id)", "Rows Removed by Index Recheck": 0, "Filter": "((country_code)::text <> '[us]'::text)", "Rows Removed by Filter": 0}]}, {"Node Type": "Index Only Scan", "Parent Relationship": "Inner", "Parallel Aware": false, "Scan Direction": "Forward", "Index Name": "company_type_pkey", "Relation Name": "company_type", "Alias": "ct", "Startup Cost": 0.15, "Total Cost": 0.17, "Plan Rows": 1, "Plan Width": 4, "Actual Startup Time": 0.002, "Actual Total Time": 0.002, "Actual Rows": 1, "Actual Loops": 91, "Index Cond": "(id = mc.company_type_id)", "Rows Removed by Index Recheck": 0, "Heap Fetches": 91}]}]}]}, {"Node Type": "Index Scan", "Parent Relationship": "Inner", "Parallel Aware": false, "Scan Direction": "Forward", "Index Name": "keyword_pkey", "Relation Name": "keyword", "Alias": "k", "Startup Cost": 0.42, "Total Cost": 0.44, "Plan Rows": 1, "Plan Width": 4, "Actual Startup Time": 0.002, "Actual Total Time": 0.002, "Actual Rows": 0, "Actual Loops": 2606, "Index Cond": "(id = mk.keyword_id)", "Rows Removed by Index Recheck": 0, "Filter": "((keyword)::text = ANY ('{murder,murder-in-title,blood,violence}'::text[]))", "Rows Removed by Filter": 1}]}]}]}, "Planning Time": 123.166, "Triggers": [], "Execution Time": 1446.883}]
[{"Bao": {"Bao prediction": "NaN", "Bao recommended hint": "(no hint)"}}, {"Plan": {"Node Type": "Aggregate", "Strategy": "Plain", "Partial Mode": "Simple", "Parallel Aware": false, "Startup Cost": 85652.97, "Total Cost": 85652.98, "Plan Rows": 1, "Plan Width": 8, "Actual Startup Time": 484.685, "Actual Total Time": 494.344, "Actual Rows": 1, "Actual Loops": 1, "Plans": [{"Node Type": "Nested Loop", "Parent Relationship": "Outer", "Parallel Aware": false, "Join Type": "Inner", "Startup Cost": 51879.08, "Total Cost": 85652.97, "Plan Rows": 1, "Plan Width": 0, "Actual Startup Time": 484.661, "Actual Total Time": 494.319, "Actual Rows": 0, "Actual Loops": 1, "Inner Unique": true, "Join Filter": "(mc.movie_id = t.id)", "Rows Removed by Join Filter": 0, "Plans": [{"Node Type": "Gather", "Parent Relationship": "Outer", "Parallel Aware": false, "Startup Cost": 51878.65, "Total Cost": 85652.47, "Plan Rows": 1, "Plan Width": 8, "Actual Startup Time": 484.66, "Actual Total Time": 494.317, "Actual Rows": 0, "Actual Loops": 1, "Workers Planned": 2, "Workers Launched": 2, "Single Copy": false, "Plans": [{"Node Type": "Nested Loop", "Parent Relationship": "Outer", "Parallel Aware": false, "Join Type": "Inner", "Startup Cost": 50878.65, "Total Cost": 84652.37, "Plan Rows": 1, "Plan Width": 8, "Actual Startup Time": 482.569, "Actual Total Time": 482.573, "Actual Rows": 0, "Actual Loops": 3, "Inner Unique": true, "Plans": [{"Node Type": "Hash Join", "Parent Relationship": "Outer", "Parallel Aware": true, "Join Type": "Inner", "Startup Cost": 50878.23, "Total Cost": 84616.69, "Plan Rows": 80, "Plan Width": 12, "Actual Startup Time": 234.933, "Actual Total Time": 390.908, "Actual Rows": 49517, "Actual Loops": 3, "Inner Unique": false, "Hash Cond": "(mc.movie_id = mk.movie_id)", "Plans": [{"Node Type": "Seq Scan", "Parent Relationship": "Outer", "Parallel Aware": true, "Relation Name": "movie_companies", "Alias": "mc", "Startup Cost": 0.0, "Total Cost": 29661.37, "Plan Rows": 1087137, "Plan Width": 8, "Actual Startup Time": 0.016, "Actual Total Time": 62.787, "Actual Rows": 869710, "Actual Loops": 3}, {"Node Type": "Hash", "Parent Relationship": "Inner", "Parallel Aware": true, "Startup Cost": 50878.05, "Total Cost": 50878.05, "Plan Rows": 14, "Plan Width": 4, "Actual Startup Time": 234.599, "Actual Total Time": 234.601, "Actual Rows": 13947, "Actual Loops": 3, "Hash Buckets": 65536, "Original Hash Buckets": 1024, "Hash Batches": 1, "Original Hash Batches": 1, "Peak Memory Usage": 2680, "Plans": [{"Node Type": "Hash Join", "Parent Relationship": "Outer", "Parallel Aware": false, "Join Type": "Inner", "Startup Cost": 2626.14, "Total Cost": 50878.05, "Plan Rows": 14, "Plan Width": 4, "Actual Startup Time": 10.462, "Actual Total Time": 215.903, "Actual Rows": 13947, "Actual Loops": 3, "Inner Unique": true, "Hash Cond": "(mk.keyword_id = k.id)", "Plans": [{"Node Type": "Seq Scan", "Parent Relationship": "Outer", "Parallel Aware": true, "Relation Name": "movie_keyword", "Alias": "mk", "Startup Cost": 0.0, "Total Cost": 43303.71, "Plan Rows": 1884971, "Plan Width": 8, "Actual Startup Time": 0.009, "Actual Total Time": 102.58, "Actual Rows": 1507977, "Actual Loops": 3}, {"Node Type": "Hash", "Parent Relationship": "Inner", "Parallel Aware": false, "Startup Cost": 2626.12, "Total Cost": 2626.12, "Plan Rows": 1, "Plan Width": 4, "Actual Startup Time": 10.423, "Actual Total Time": 10.424, "Actual Rows": 1, "Actual Loops": 3, "Hash Buckets": 1024, "Original Hash Buckets": 1024, "Hash Batches": 1, "Original Hash Batches": 1, "Peak Memory Usage": 9, "Plans": [{"Node Type": "Seq Scan", "Parent Relationship": "Outer", "Parallel Aware": false, "Relation Name": "keyword", "Alias": "k", "Startup Cost": 0.0, "Total Cost": 2626.12, "Plan Rows": 1, "Plan Width": 4, "Actual Startup Time": 0.526, "Actual Total Time": 10.419, "Actual Rows": 1, "Actual Loops": 3, "Filter": "((keyword)::text = 'character-name-in-title'::text)", "Rows Removed by Filter": 134169}]}]}]}]}, {"Node Type": "Index Scan", "Parent Relationship": "Inner", "Parallel Aware": false, "Scan Direction": "Forward", "Index Name": "company_name_pkey", "Relation Name": "company_name", "Alias": "cn", "Startup Cost": 0.42, "Total Cost": 0.45, "Plan Rows": 1, "Plan Width": 4, "Actual Startup Time": 0.002, "Actual Total Time": 0.002, "Actual Rows": 0, "Actual Loops": 148552, "Index Cond": "(id = mc.company_id)", "Rows Removed by Index Recheck": 0, "Filter": "((country_code)::text = '[sm]'::text)", "Rows Removed by Filter": 1}]}]}, {"Node Type": "Index Only Scan", "Parent Relationship": "Inner", "Parallel Aware": false, "Scan Direction": "Forward", "Index Name": "title_pkey", "Relation Name": "title", "Alias": "t", "Startup Cost": 0.43, "Total Cost": 0.49, "Plan Rows": 1, "Plan Width": 4, "Actual Startup Time": 0.0, "Actual Total Time": 0.0, "Actual Rows": 0, "Actual Loops": 0, "Index Cond": "(id = mk.movie_id)", "Rows Removed by Index Recheck": 0, "Heap Fetches": 0}]}]}, "Planning Time": 68.95, "Triggers": [], "Execution Time": 494.391}]
[{"Bao": {"Bao prediction": "NaN", "Bao recommended hint": "(no hint)"}}, {"Plan": {"Node Type": "Aggregate", "Strategy": "Plain", "Partial Mode": "Finalize", "Parallel Aware": false, "Startup Cost": 85659.2, "Total Cost": 85659.21, "Plan Rows": 1, "Plan Width": 8, "Actual Startup Time": 541.524, "Actual Total Time": 554.66, "Actual Rows": 1, "Actual Loops": 1, "Plans": [{"Node Type": "Gather", "Parent Relationship": "Outer", "Parallel Aware": false, "Startup Cost": 85658.99, "Total Cost": 85659.2, "Plan Rows": 2, "Plan Width": 8, "Actual Startup Time": 541.363, "Actual Total Time": 554.656, "Actual Rows": 3, "Actual Loops": 1, "Workers Planned": 2, "Workers Launched": 2, "Single Copy": false, "Plans": [{"Node Type": "Aggregate", "Strategy": "Plain", "Partial Mode": "Partial", "Parent Relationship": "Outer", "Parallel Aware": false, "Startup Cost": 84658.99, "Total Cost": 84659.0, "Plan Rows": 1, "Plan Width": 8, "Actual Startup Time": 539.341, "Actual Total Time": 539.345, "Actual Rows": 1, "Actual Loops": 3, "Plans": [{"Node Type": "Nested Loop", "Parent Relationship": "Outer", "Parallel Aware": false, "Join Type": "Inner", "Startup Cost": 50885.47, "Total Cost": 84658.92, "Plan Rows": 28, "Plan Width": 0, "Actual Startup Time": 286.443, "Actual Total Time": 538.141, "Actual Rows": 22772, "Actual Loops": 3, "Inner Unique": true, "Plans": [{"Node Type": "Hash Join", "Parent Relationship": "Outer", "Parallel Aware": true, "Join Type": "Inner", "Startup Cost": 50885.05, "Total Cost": 84623.24, "Plan Rows": 80, "Plan Width": 4, "Actual Startup Time": 286.387, "Actual Total Time": 444.452, "Actual Rows": 49517, "Actual Loops": 3, "Inner Unique": false, "Hash Cond": "(mc.movie_id = t.id)", "Plans": [{"Node Type": "Seq Scan", "Parent Relationship": "Outer", "Parallel Aware": true, "Relation Name": "movie_companies", "Alias": "mc", "Startup Cost": 0.0, "Total Cost": 29661.37, "Plan Rows": 1087137, "Plan Width": 8, "Actual Startup Time": 0.024, "Actual Total Time": 63.766, "Actual Rows": 869710, "Actual Loops": 3}, {"Node Type": "Hash", "Parent Relationship": "Inner", "Parallel Aware": true, "Startup Cost": 50884.87, "Total Cost": 50884.87, "Plan Rows": 14, "Plan Width": 8, "Actual Startup Time": 286.043, "Actual Total Time": 286.045, "Actual Rows": 13947, "Actual Loops": 3, "Hash Buckets": 65536, "Original Hash Buckets": 1024, "Hash Batches": 1, "Original Hash Batches": 1, "Peak Memory Usage": 2680, "Plans": [{"Node Type": "Nested Loop", "Parent Relationship": "Outer", "Parallel Aware": false, "Join Type": "Inner", "Startup Cost": 2626.57, "Total Cost": 50884.87, "Plan Rows": 14, "Plan Width": 8, "Actual Startup Time": 10.421, "Actual Total Time": 262.891, "Actual Rows": 13947, "Actual Loops": 3, "Inner Unique": true, "Plans": [{"Node Type": "Hash Join", "Parent Relationship": "Outer", "Parallel Aware": false, "Join Type": "Inner", "Startup Cost": 2626.14, "Total Cost": 50878.05, "Plan Rows": 14, "Plan Width": 4, "Actual Startup Time": 10.381, "Actual Total Time": 222.372, "Actual Rows": 13947, "Actual Loops": 3, "Inner Unique": true, "Hash Cond": "(mk.keyword_id = k.id)", "Plans": [{"Node Type": "Seq Scan", "Parent Relationship": "Outer", "Parallel Aware": true, "Relation Name": "movie_keyword", "Alias": "mk", "Startup Cost": 0.0, "Total Cost": 43303.71, "Plan Rows": 1884971, "Plan Width": 8, "Actual Startup Time": 0.009, "Actual Total Time": 106.274, "Actual Rows": 1507977, "Actual Loops": 3}, {"Node Type": "Hash", "Parent Relationship": "Inner", "Parallel Aware": false, "Startup Cost": 2626.12, "Total Cost": 2626.12, "Plan Rows": 1, "Plan Width": 4, "Actual Startup Time": 10.312, "Actual Total Time": 10.313, "Actual Rows": 1, "Actual Loops": 3, "Hash Buckets": 1024, "Original Hash Buckets": 1024, "Hash Batches": 1, "Original Hash Batches": 1, "Peak Memory Usage": 9, "Plans": [{"Node Type": "Seq Scan", "Parent Relationship": "Outer", "Parallel Aware": false, "Relation Name": "keyword", "Alias": "k", "Startup Cost": 0.0, "Total Cost": 2626.12, "Plan Rows": 1, "Plan Width": 4, "Actual Startup Time": 0.501, "Actual Total Time": 10.306, "Actual Rows": 1, "Actual Loops": 3, "Filter": "((keyword)::text = 'character-name-in-title'::text)", "Rows Removed by Filter": 134169}]}]}, {"Node Type": "Index Only Scan", "Parent Relationship": "Inner", "Parallel Aware": false, "Scan Direction": "Forward", "Index Name": "title_pkey", "Relation Name": "title", "Alias": "t", "Startup Cost": 0.43, "Total Cost": 0.49, "Plan Rows": 1, "Plan Width": 4, "Actual Startup Time": 0.003, "Actual Total Time": 0.003, "Actual Rows": 1, "Actual Loops": 41840, "Index Cond": "(id = mk.movie_id)", "Rows Removed by Index Recheck": 0, "Heap Fetches": 41840}]}]}]}, {"Node Type": "Index Scan", "Parent Relationship": "Inner", "Parallel Aware": false, "Scan Direction": "Forward", "Index Name": "company_name_pkey", "Relation Name": "company_name", "Alias": "cn", "Startup Cost": 0.42, "Total Cost": 0.45, "Plan Rows": 1, "Plan Width": 4, "Actual Startup Time": 0.002, "Actual Total Time": 0.002, "Actual Rows": 0, "Actual Loops": 148552, "Index Cond": "(id = mc.company_id)", "Rows Removed by Index Recheck": 0, "Filter": "((country_code)::text = '[us]'::text)", "Rows Removed by Filter": 1}]}]}]}]}, "Planning Time": 70.215, "Triggers": [], "Execution Time": 554.712}]
[{"Bao": {"Bao prediction": "NaN", "Bao recommended hint": "(no hint)"}}, {"Plan": {"Node Type": "Aggregate", "Strategy": "Plain", "Partial Mode": "Finalize", "Parallel Aware": false, "Startup Cost": 562750.76, "Total Cost": 562750.77, "Plan Rows": 1, "Plan Width": 8, "Actual Startup Time": 5079.915, "Actual Total Time": 5133.271, "Actual Rows": 1, "Actual Loops": 1, "Plans": [{"Node Type": "Gather", "Parent Relationship": "Outer", "Parallel Aware": false, "Startup Cost": 562750.55, "Total Cost": 562750.76, "Plan Rows": 2, "Plan Width": 8, "Actual Startup Time": 5078.472, "Actual Total Time": 5133.266, "Actual Rows": 3, "Actual Loops": 1, "Workers Planned": 2, "Workers Launched": 2, "Single Copy": false, "Plans": [{"Node Type": "Aggregate", "Strategy": "Plain", "Partial Mode": "Partial", "Parent Relationship": "Outer", "Parallel Aware": false, "Startup Cost": 561750.55, "Total Cost": 561750.56, "Plan Rows": 1, "Plan Width": 8, "Actual Startup Time": 5076.248, "Actual Total Time": 5076.271, "Actual Rows": 1, "Actual Loops": 3, "Plans": [{"Node Type": "Hash Join", "Parent Relationship": "Outer", "Parallel Aware": true, "Join Type": "Inner", "Startup Cost": 545186.64, "Total Cost": 561747.12, "Plan Rows": 1370, "Plan Width": 0, "Actual Startup Time": 4818.305, "Actual Total Time": 5026.506, "Actual Rows": 1236864, "Actual Loops": 3, "Inner Unique": false, "Hash Cond": "(an.person_id = n.id)", "Plans": [{"Node Type": "Seq Scan", "Parent Relationship": "Outer", "Parallel Aware": true, "Relation Name": "aka_name", "Alias": "an", "Startup Cost": 0.0, "Total Cost": 15151.6, "Plan Rows": 375560, "Plan Width": 4, "Actual Startup Time": 0.013, "Actual Total Time": 26.607, "Actual Rows": 300448, "Actual Loops": 3}, {"Node Type": "Hash", "Parent Relationship": "Inner", "Parallel Aware": true, "Startup Cost": 545179.19, "Total Cost": 545179.19, "Plan Rows": 596, "Plan Width": 8, "Actual Startup Time": 4734.745, "Actual Total Time": 4734.765, "Actual Rows": 944185, "Actual Loops": 3, "Hash Buckets": 65536, "Original Hash Buckets": 2048, "Hash Batches": 32, "Original Hash Batches": 1, "Peak Memory Usage": 4192, "Plans": [{"Node Type": "Nested Loop", "Parent Relationship": "Outer", "Parallel Aware": false, "Join Type": "Inner", "Startup Cost": 84659.7, "Total Cost": 545179.19, "Plan Rows": 596, "Plan Width": 8, "Actual Startup Time": 554.173, "Actual Total Time": 4532.182, "Actual Rows": 944185, "Actual Loops": 3, "Inner Unique": true, "Plans": [{"Node Type": "Hash Join", "Parent Relationship": "Outer", "Parallel Aware": true, "Join Type": "Inner", "Startup Cost": 84659.27, "Total Cost": 544907.83, "Plan Rows": 596, "Plan Width": 4, "Actual Startup Time": 554.144, "Actual Total Time": 2927.201, "Actual Rows": 944185, "Actual Loops": 3, "Inner Unique": false, "Hash Cond": "(ci.movie_id = t.id)", "Plans": [{"Node Type": "Seq Scan", "Parent Relationship": "Outer", "Parallel Aware": true, "Relation Name": "cast_info", "Alias": "ci", "Startup Cost": 0.0, "Total Cost": 403639.65, "Plan Rows": 15095265, "Plan Width": 8, "Actual Startup Time": 0.011, "Actual Total Time": 854.897, "Actual Rows": 12081448, "Actual Loops": 3}, {"Node Type": "Hash", "Parent Relationship": "Inner", "Parallel Aware": true, "Startup Cost": 84658.92, "Total Cost": 84658.92, "Plan Rows": 28, "Plan Width": 12, "Actual Startup Time": 554.053, "Actual Total Time": 554.071, "Actual Rows": 22772, "Actual Loops": 3, "Hash Buckets": 131072, "Original Hash Buckets": 1024, "Hash Batches": 1, "Original Hash Batches": 1, "Peak Memory Usage": 5304, "Plans": [{"Node Type": "Nested Loop", "Parent Relationship": "Outer", "Parallel Aware": false, "Join Type": "Inner", "Startup Cost": 50885.47, "Total Cost": 84658.92, "Plan Rows": 28, "Plan Width": 12, "Actual Startup Time": 275.984, "Actual Total Time": 528.377, "Actual Rows": 22772, "Actual Loops": 3, "Inner Unique": true, "Plans": [{"Node Type": "Hash Join", "Parent Relationship": "Outer", "Parallel Aware": true, "Join Type": "Inner", "Startup Cost": 50885.05, "Total Cost": 84623.24, "Plan Rows": 80, "Plan Width": 16, "Actual Startup Time": 275.936, "Actual Total Time": 436.018, "Actual Rows": 49517, "Actual Loops": 3, "Inner Unique": false, "Hash Cond": "(mc.movie_id = t.id)", "Plans": [{"Node Type": "Seq Scan", "Parent Relationship": "Outer", "Parallel Aware": true, "Relation Name": "movie_companies", "Alias": "mc", "Startup Cost": 0.0, "Total Cost": 29661.37, "Plan Rows": 1087137, "Plan Width": 8, "Actual Startup Time": 0.022, "Actual Total Time": 64.063, "Actual Rows": 869710, "Actual Loops": 3}, {"Node Type": "Hash", "Parent Relationship": "Inner", "Parallel Aware": true, "Startup Cost": 50884.87, "Total Cost": 50884.87, "Plan Rows": 14, "Plan Width": 8, "Actual Startup Time": 275.689, "Actual Total Time": 275.7, "Actual Rows": 13947, "Actual Loops": 3, "Hash Buckets": 65536, "Original Hash Buckets": 1024, "Hash Batches": 1, "Original Hash Batches": 1, "Peak Memory Usage": 2680, "Plans": [{"Node Type": "Nested Loop", "Parent Relationship": "Outer", "Parallel Aware": false, "Join Type": "Inner", "Startup Cost": 2626.57, "Total Cost": 50884.87, "Plan Rows": 14, "Plan Width": 8, "Actual Startup Time": 10.517, "Actual Total Time": 253.528, "Actual Rows": 13947, "Actual Loops": 3, "Inner Unique": true, "Plans": [{"Node Type": "Hash Join", "Parent Relationship": "Outer", "Parallel Aware": false, "Join Type": "Inner", "Startup Cost": 2626.14, "Total Cost": 50878.05, "Plan Rows": 14, "Plan Width": 4, "Actual Startup Time": 10.485, "Actual Total Time": 214.151, "Actual Rows": 13947, "Actual Loops": 3, "Inner Unique": true, "Hash Cond": "(mk.keyword_id = k.id)", "Plans": [{"Node Type": "Seq Scan", "Parent Relationship": "Outer", "Parallel Aware": true, "Relation Name": "movie_keyword", "Alias": "mk", "Startup Cost": 0.0, "Total Cost": 43303.71, "Plan Rows": 1884971, "Plan Width": 8, "Actual Startup Time": 0.014, "Actual Total Time": 100.105, "Actual Rows": 1507977, "Actual Loops": 3}, {"Node Type": "Hash", "Parent Relationship": "Inner", "Parallel Aware": false, "Startup Cost": 2626.12, "Total Cost": 2626.12, "Plan Rows": 1, "Plan Width": 4, "Actual Startup Time": 10.41, "Actual Total Time": 10.411, "Actual Rows": 1, "Actual Loops": 3, "Hash Buckets": 1024, "Original Hash Buckets": 1024, "Hash Batches": 1, "Original Hash Batches": 1, "Peak Memory Usage": 9, "Plans": [{"Node Type": "Seq Scan", "Parent Relationship": "Outer", "Parallel Aware": false, "Relation Name": "keyword", "Alias": "k", "Startup Cost": 0.0, "Total Cost": 2626.12, "Plan Rows": 1, "Plan Width": 4, "Actual Startup Time": 0.507, "Actual Total Time": 10.405, "Actual Rows": 1, "Actual Loops": 3, "Filter": "((keyword)::text = 'character-name-in-title'::text)", "Rows Removed by Filter": 134169}]}]}, {"Node Type": "Index Only Scan", "Parent Relationship": "Inner", "Parallel Aware": false, "Scan Direction": "Forward", "Index Name": "title_pkey", "Relation Name": "title", "Alias": "t", "Startup Cost": 0.43, "Total Cost": 0.49, "Plan Rows": 1, "Plan Width": 4, "Actual Startup Time": 0.003, "Actual Total Time": 0.003, "Actual Rows": 1, "Actual Loops": 41840, "Index Cond": "(id = mk.movie_id)", "Rows Removed by Index Recheck": 0, "Heap Fetches": 41840}]}]}]}, {"Node Type": "Index Scan", "Parent Relationship": "Inner", "Parallel Aware": false, "Scan Direction": "Forward", "Index Name": "company_name_pkey", "Relation Name": "company_name", "Alias": "cn", "Startup Cost": 0.42, "Total Cost": 0.45, "Plan Rows": 1, "Plan Width": 4, "Actual Startup Time": 0.002, "Actual Total Time": 0.002, "Actual Rows": 0, "Actual Loops": 148552, "Index Cond": "(id = mc.company_id)", "Rows Removed by Index Recheck": 0, "Filter": "((country_code)::text = '[us]'::text)", "Rows Removed by Filter": 1}]}]}]}, {"Node Type": "Index Only Scan", "Parent Relationship": "Inner", "Parallel Aware": false, "Scan Direction": "Forward", "Index Name": "name_pkey", "Relation Name": "name", "Alias": "n", "Startup Cost": 0.43, "Total Cost": 0.46, "Plan Rows": 1, "Plan Width": 4, "Actual Startup Time": 0.001, "Actual Total Time": 0.001, "Actual Rows": 1, "Actual Loops": 2832555, "Index Cond": "(id = ci.person_id)", "Rows Removed by Index Recheck": 0, "Heap Fetches": 2832555}]}]}]}]}]}]}, "Planning Time": 85.13, "Triggers": [], "Execution Time": 5133.369}]
[{"Bao": {"Bao prediction": "NaN", "Bao recommended hint": "(no hint)"}}, {"Plan": {"Node Type": "Aggregate", "Strategy": "Plain", "Partial Mode": "Simple", "Parallel Aware": false, "Startup Cost": 809531.62, "Total Cost": 809531.63, "Plan Rows": 1, "Plan Width": 8, "Actual Startup Time": 2367.014, "Actual Total Time": 2425.142, "Actual Rows": 1, "Actual Loops": 1, "Plans": [{"Node Type": "Nested Loop", "Parent Relationship": "Outer", "Parallel Aware": false, "Join Type": "Inner", "Startup Cost": 793690.02, "Total Cost": 809531.62, "Plan Rows": 1, "Plan Width": 0, "Actual Startup Time": 2311.502, "Actual Total Time": 2425.098, "Actual Rows": 757, "Actual Loops": 1, "Inner Unique": true, "Plans": [{"Node Type": "Gather", "Parent Relationship": "Outer", "Parallel Aware": false, "Startup Cost": 793689.87, "Total Cost": 809531.43, "Plan Rows": 1, "Plan Width": 4, "Actual Startup Time": 2311.49, "Actual Total Time": 2423.286, "Actual Rows": 2281, "Actual Loops": 1, "Workers Planned": 2, "Workers Launched": 2, "Single Copy": false, "Plans": [{"Node Type": "Hash Join", "Parent Relationship": "Outer", "Parallel Aware": true, "Join Type": "Inner", "Startup Cost": 792689.87, "Total Cost": 808531.33, "Plan Rows": 1, "Plan Width": 4, "Actual Startup Time": 2317.579, "Actual Total Time": 2363.619, "Actual Rows": 760, "Actual Loops": 3, "Inner Unique": false, "Hash Cond": "(mi_idx.movie_id = t.id)", "Plans": [{"Node Type": "Seq Scan", "Parent Relationship": "Outer", "Parallel Aware": true, "Relation Name": "movie_info_idx", "Alias": "mi_idx", "Startup Cost": 0.0, "Total Cost": 13685.15, "Plan Rows": 575015, "Plan Width": 8, "Actual Startup Time": 0.012, "Actual Total Time": 32.406, "Actual Rows": 460012, "Actual Loops": 3}, {"Node Type": "Hash", "Parent Relationship": "Inner", "Parallel Aware": true, "Startup Cost": 792689.86, "Total Cost": 792689.86, "Plan Rows": 1, "Plan Width": 20, "Actual Startup Time": 2295.748, "Actual Total Time": 2295.757, "Actual Rows": 252, "Actual Loops": 3, "Hash Buckets": 1024, "Original Hash Buckets": 1024, "Hash Batches": 1, "Original Hash Batches": 1, "Peak Memory Usage": 104, "Plans": [{"Node Type": "Nested Loop", "Parent Relationship": "Outer", "Parallel Aware": false, "Join Type": "Inner", "Startup Cost": 742317.16, "Total Cost": 792689.86, "Plan Rows": 1, "Plan Width": 20, "Actual Startup Time": 2097.57, "Actual Total Time": 2295.656, "Actual Rows": 252, "Actual Loops": 3, "Inner Unique": true, "Plans": [{"Node Type": "Hash Join", "Parent Relationship": "Outer", "Parallel Aware": true, "Join Type": "Inner", "Startup Cost": 742316.74, "Total Cost": 792689.1, "Plan Rows": 1, "Plan Width": 24, "Actual Startup Time": 2097.446, "Actual Total Time": 2274.486, "Actual Rows": 11445, "Actual Loops": 3, "Inner Unique": false, "Hash Cond": "(mk.movie_id = t.id)", "Plans": [{"Node Type": "Seq Scan", "Parent Relationship": "Outer", "Parallel Aware": true, "Relation Name": "movie_keyword", "Alias": "mk", "Startup Cost": 0.0, "Total Cost": 43303.71, "Plan Rows": 1884971, "Plan Width": 8, "Actual Startup Time": 0.012, "Actual Total Time": 101.988, "Actual Rows": 1507977, "Actual Loops": 3}, {"Node Type": "Hash", "Parent Relationship": "Inner", "Parallel Aware": true, "Startup Cost": 742316.73, "Total Cost": 742316.73, "Plan Rows": 1, "Plan Width": 16, "Actual Startup Time": 2065.628, "Actual Total Time": 2065.636, "Actual Rows": 91, "Actual Loops": 3, "Hash Buckets": 1024, "Original Hash Buckets": 1024, "Hash Batches": 1, "Original Hash Batches": 1, "Peak Memory Usage": 104, "Plans": [{"Node Type": "Nested Loop", "Parent Relationship": "Outer", "Parallel Aware": false, "Join Type": "Inner", "Startup Cost": 502399.07, "Total Cost": 742316.73, "Plan Rows": 1, "Plan Width": 16, "Actual Startup Time": 1989.306, "Actual Total Time": 2065.527, "Actual Rows": 91, "Actual Loops": 3, "Inner Unique": true, "Join Filter": "(mi.movie_id = t.id)", "Rows Removed by Join Filter": 0, "Plans": [{"Node Type": "Nested Loop", "Parent Relationship": "Outer", "Parallel Aware": false, "Join Type": "Inner", "Startup Cost": 502398.64, "Total Cost": 742315.78, "Plan Rows": 1, "Plan Width": 12, "Actual Startup Time": 1985.86, "Actual Total Time": 2062.15, "Actual Rows": 697, "Actual Loops": 3, "Inner Unique": true, "Plans": [{"Node Type": "Nested Loop", "Parent Relationship": "Outer", "Parallel Aware": false, "Join Type": "Inner", "Startup Cost": 502398.49, "Total Cost": 742315.59, "Plan Rows": 1, "Plan Width": 16, "Actual Startup Time": 1830.718, "Actual Total Time": 2061.254, "Actual Rows": 821, "Actual Loops": 3, "Inner Unique": true, "Plans": [{"Node Type": "Nested Loop", "Parent Relationship": "Outer", "Parallel Aware": false, "Join Type": "Inner", "Startup Cost": 502398.06, "Total Cost": 742314.5, "Plan Rows": 1, "Plan Width": 20, "Actual Startup Time": 1830.692, "Actual Total Time": 2055.133, "Actual Rows": 1311, "Actual Loops": 3, "Inner Unique": true, "Plans": [{"Node Type": "Hash Join", "Parent Relationship": "Outer", "Parallel Aware": true, "Join Type": "Inner", "Startup Cost": 502397.91, "Total Cost": 742308.37, "Plan Rows": 36, "Plan Width": 24, "Actual Startup Time": 1830.666, "Actual Total Time": 2053.699, "Actual Rows": 1311, "Actual Loops": 3, "Inner Unique": false, "Hash Cond": "(mi.movie_id = ci.movie_id)", "Plans": [{"Node Type": "Seq Scan", "Parent Relationship": "Outer", "Parallel Aware": true, "Relation Name": "movie_info", "Alias": "mi", "Startup Cost": 0.0, "Total Cost": 239795.93, "Plan Rows": 30499, "Plan Width": 8, "Actual Startup Time": 374.312, "Actual Total Time": 594.306, "Actual Rows": 24349, "Actual Loops": 3, "Filter": "((info)::text = ANY ('{Horror,Thriller}'::text[]))", "Rows Removed by Filter": 4920891}, {"Node Type": "Hash", "Parent Relationship": "Inner", "Parallel Aware": true, "Startup Cost": 502392.43, "Total Cost": 502392.43, "Plan Rows": 439, "Plan Width": 16, "Actual Startup Time": 1455.66, "Actual Total Time": 1455.663, "Actual Rows": 5179, "Actual Loops": 3, "Hash Buckets": 16384, "Original Hash Buckets": 2048, "Hash Batches": 1, "Original Hash Batches": 1, "Peak Memory Usage": 1008, "Plans": [{"Node Type": "Hash Join", "Parent Relationship": "Outer", "Parallel Aware": false, "Join Type": "Inner", "Startup Cost": 2467.01, "Total Cost": 502392.43, "Plan Rows": 439, "Plan Width": 16, "Actual Startup Time": 878.19, "Actual Total Time": 1448.721, "Actual Rows": 5179, "Actual Loops": 3, "Inner Unique": false, "Hash Cond": "(ci.movie_id = cc.movie_id)", "Plans": [{"Node Type": "Seq Scan", "Parent Relationship": "Outer", "Parallel Aware": true, "Relation Name": "cast_info", "Alias": "ci", "Startup Cost": 0.0, "Total Cost": 497985.06, "Plan Rows": 516258, "Plan Width": 8, "Actual Startup Time": 83.005, "Actual Total Time": 1378.076, "Actual Rows": 414905, "Actual Loops": 3, "Filter": "((note)::text = ANY ('{(writer),\"(head writer)\",\"(written by)\",(story),\"(story editor)\"}'::text[]))", "Rows Removed by Filter": 11666543}, {"Node Type": "Hash", "Parent Relationship": "Inner", "Parallel Aware": false, "Startup Cost": 2457.5, "Total Cost": 2457.5, "Plan Rows": 761, "Plan Width": 8, "Actual Startup Time": 23.536, "Actual Total Time": 23.537, "Actual Rows": 24592, "Actual Loops": 3, "Hash Buckets": 32768, "Original Hash Buckets": 1024, "Hash Batches": 1, "Original Hash Batches": 1, "Peak Memory Usage": 1217, "Plans": [{"Node Type": "Hash Join", "Parent Relationship": "Outer", "Parallel Aware": false, "Join Type": "Inner", "Startup Cost": 18.93, "Total Cost": 2457.5, "Plan Rows": 761, "Plan Width": 8, "Actual Startup Time": 0.047, "Actual Total Time": 20.638, "Actual Rows": 24592, "Actual Loops": 3, "Inner Unique": true, "Hash Cond": "(cc.status_id = cct2.id)", "Plans": [{"Node Type": "Seq Scan", "Parent Relationship": "Outer", "Parallel Aware": false, "Relation Name": "complete_cast", "Alias": "cc", "Startup Cost": 0.0, "Total Cost": 2081.86, "Plan Rows": 135086, "Plan Width": 12, "Actual Startup Time": 0.022, "Actual Total Time": 8.686, "Actual Rows": 135086, "Actual Loops": 3}, {"Node Type": "Hash", "Parent Relationship": "Inner", "Parallel Aware": false, "Startup Cost": 18.88, "Total Cost": 18.88, "Plan Rows": 4, "Plan Width": 4, "Actual Startup Time": 0.014, "Actual Total Time": 0.015, "Actual Rows": 1, "Actual Loops": 3, "Hash Buckets": 1024, "Original Hash Buckets": 1024, "Hash Batches": 1, "Original Hash Batches": 1, "Peak Memory Usage": 9, "Plans": [{"Node Type": "Seq Scan", "Parent Relationship": "Outer", "Parallel Aware": false, "Relation Name": "comp_cast_type", "Alias": "cct2", "Startup Cost": 0.0, "Total Cost": 18.88, "Plan Rows": 4, "Plan Width": 4, "Actual Startup Time": 0.006, "Actual Total Time": 0.006, "Actual Rows": 1, "Actual Loops": 3, "Filter": "((kind)::text = 'complete+verified'::text)", "Rows Removed by Filter": 3}]}]}]}]}]}]}, {"Node Type": "Index Scan", "Parent Relationship": "Inner", "Parallel Aware": false, "Scan Direction": "Forward", "Index Name": "comp_cast_type_pkey", "Relation Name": "comp_cast_type", "Alias": "cct1", "Startup Cost": 0.15, "Total Cost": 0.17, "Plan Rows": 1, "Plan Width": 4, "Actual Startup Time": 0.001, "Actual Total Time": 0.001, "Actual Rows": 1, "Actual Loops": 3934, "Index Cond": "(id = cc.subject_id)", "Rows Removed by Index Recheck": 0, "Filter": "((kind)::text = ANY ('{cast,crew}'::text[]))", "Rows Removed by Filter": 0}]}, {"Node Type": "Index Scan", "Parent Relationship": "Inner", "Parallel Aware": false, "Scan Direction": "Forward", "Index Name": "name_pkey", "Relation Name": "name", "Alias": "n", "Startup Cost": 0.43, "Total Cost": 1.09, "Plan Rows": 1, "Plan Width": 4, "Actual Startup Time": 0.004, "Actual Total Time": 0.004, "Actual Rows": 1, "Actual Loops": 3934, "Index Cond": "(id = ci.person_id)", "Rows Removed by Index Recheck": 0, "Filter": "((gender)::text = 'm'::text)", "Rows Removed by Filter": 0}]}, {"Node Type": "Index Scan", "Parent Relationship": "Inner", "Parallel Aware": false, "Scan Direction": "Forward", "Index Name": "info_type_pkey", "Relation Name": "info_type", "Alias": "it1", "Startup Cost": 0.14, "Total Cost": 0.16, "Plan Rows": 1, "Plan Width": 4, "Actual Startup Time": 0.001, "Actual Total Time": 0.001, "Actual Rows": 1, "Actual Loops": 2463, "Index Cond": "(id = mi.info_type_id)", "Rows Removed by Index Recheck": 0, "Filter": "((info)::text = 'genres'::text)", "Rows Removed by Filter": 0}]}, {"Node Type": "Index Scan", "Parent Relationship": "Inner", "Parallel Aware": false, "Scan Direction": "Forward", "Index Name": "title_pkey", "Relation Name": "title", "Alias": "t", "Startup Cost": 0.43, "Total Cost": 0.94, "Plan Rows": 1, "Plan Width": 4, "Actual Startup Time": 0.005, "Actual Total Time": 0.005, "Actual Rows": 0, "Actual Loops": 2092, "Index Cond": "(id = ci.movie_id)", "Rows Removed by Index Recheck": 0, "Filter": "(production_year > 2000)", "Rows Removed by Filter": 1}]}]}]}, {"Node Type": "Index Scan", "Parent Relationship": "Inner", "Parallel Aware": false, "Scan Direction": "Forward", "Index Name": "keyword_pkey", "Relation Name": "keyword", "Alias": "k", "Startup Cost": 0.42, "Total Cost": 0.69, "Plan Rows": 1, "Plan Width": 4, "Actual Startup Time": 0.002, "Actual Total Time": 0.002, "Actual Rows": 0, "Actual Loops": 34335, "Index Cond": "(id = mk.keyword_id)", "Rows Removed by Index Recheck": 0, "Filter": "((keyword)::text = ANY ('{murder,violence,blood,gore,death,female-nudity,hospital}'::text[]))", "Rows Removed by Filter": 1}]}]}]}]}, {"Node Type": "Index Scan", "Parent Relationship": "Inner", "Parallel Aware": false, "Scan Direction": "Forward", "Index Name": "info_type_pkey", "Relation Name": "info_type", "Alias": "it2", "Startup Cost": 0.14, "Total Cost": 0.16, "Plan Rows": 1, "Plan Width": 4, "Actual Startup Time": 0.001, "Actual Total Time": 0.001, "Actual Rows": 0, "Actual Loops": 2281, "Index Cond": "(id = mi_idx.info_type_id)", "Rows Removed by Index Recheck": 0, "Filter": "((info)::text = 'votes'::text)", "Rows Removed by Filter": 1}]}]}, "Planning Time": 200.973, "Triggers": [], "Execution Time": 2425.248}]
[{"Bao": {"Bao prediction": "NaN", "Bao recommended hint": "(no hint)"}}, {"Plan": {"Node Type": "Aggregate", "Strategy": "Plain", "Partial Mode": "Finalize", "Parallel Aware": false, "Startup Cost": 546127.24, "Total Cost": 546127.25, "Plan Rows": 1, "Plan Width": 8, "Actual Startup Time": 3196.862, "Actual Total Time": 3241.575, "Actual Rows": 1, "Actual Loops": 1, "Plans": [{"Node Type": "Gather", "Parent Relationship": "Outer", "Parallel Aware": false, "Startup Cost": 546127.02, "Total Cost": 546127.23, "Plan Rows": 2, "Plan Width": 8, "Actual Startup Time": 3196.617, "Actual Total Time": 3241.569, "Actual Rows": 3, "Actual Loops": 1, "Workers Planned": 2, "Workers Launched": 2, "Single Copy": false, "Plans": [{"Node Type": "Aggregate", "Strategy": "Plain", "Partial Mode": "Partial", "Parent Relationship": "Outer", "Parallel Aware": false, "Startup Cost": 545127.02, "Total Cost": 545127.03, "Plan Rows": 1, "Plan Width": 8, "Actual Startup Time": 3194.544, "Actual Total Time": 3194.551, "Actual Rows": 1, "Actual Loops": 3, "Plans": [{"Node Type": "Nested Loop", "Parent Relationship": "Outer", "Parallel Aware": false, "Join Type": "Inner", "Startup Cost": 511388.83, "Total Cost": 545127.02, "Plan Rows": 1, "Plan Width": 0, "Actual Startup Time": 3066.727, "Actual Total Time": 3194.506, "Actual Rows": 639, "Actual Loops": 3, "Inner Unique": true, "Plans": [{"Node Type": "Nested Loop", "Parent Relationship": "Outer", "Parallel Aware": false, "Join Type": "Inner", "Startup Cost": 511388.4, "Total Cost": 545126.57, "Plan Rows": 1, "Plan Width": 12, "Actual Startup Time": 3066.705, "Actual Total Time": 3193.14, "Actual Rows": 639, "Actual Loops": 3, "Inner Unique": true, "Plans": [{"Node Type": "Hash Join", "Parent Relationship": "Outer", "Parallel Aware": true, "Join Type": "Inner", "Startup Cost": 511387.98, "Total Cost": 545126.12, "Plan Rows": 1, "Plan Width": 16, "Actual Startup Time": 3066.671, "Actual Total Time": 3191.171, "Actual Rows": 639, "Actual Loops": 3, "Inner Unique": false, "Hash Cond": "(mc.movie_id = ci.movie_id)", "Plans": [{"Node Type": "Seq Scan", "Parent Relationship": "Outer", "Parallel Aware": true, "Relation Name": "movie_companies", "Alias": "mc", "Startup Cost": 0.0, "Total Cost": 29661.37, "Plan Rows": 1087137, "Plan Width": 8, "Actual Startup Time": 0.016, "Actual Total Time": 63.297, "Actual Rows": 869710, "Actual Loops": 3}, {"Node Type": "Hash", "Parent Relationship": "Inner", "Parallel Aware": true, "Startup Cost": 511387.97, "Total Cost": 511387.97, "Plan Rows": 1, "Plan Width": 8, "Actual Startup Time": 3064.226, "Actual Total Time": 3064.229, "Actual Rows": 83, "Actual Loops": 3, "Hash Buckets": 1024, "Original Hash Buckets": 1024, "Hash Batches": 1, "Original Hash Batches": 1, "Peak Memory Usage": 104, "Plans": [{"Node Type": "Nested Loop", "Parent Relationship": "Outer", "Parallel Aware": false, "Join Type": "Inner", "Startup Cost": 50878.66, "Total Cost": 511387.97, "Plan Rows": 1, "Plan Width": 8, "Actual Startup Time": 1222.633, "Actual Total Time": 3064.103, "Actual Rows": 83, "Actual Loops": 3, "Inner Unique": true, "Plans": [{"Node Type": "Hash Join", "Parent Relationship": "Outer", "Parallel Aware": true, "Join Type": "Inner", "Startup Cost": 50878.23, "Total Cost": 511127.48, "Plan Rows": 569, "Plan Width": 12, "Actual Startup Time": 239.957, "Actual Total Time": 2389.18, "Actual Rows": 346131, "Actual Loops": 3, "Inner Unique": false, "Hash Cond": "(ci.movie_id = mk.movie_id)", "Plans": [{"Node Type": "Seq Scan", "Parent Relationship": "Outer", "Parallel Aware": true, "Relation Name": "cast_info", "Alias": "ci", "Startup Cost": 0.0, "Total Cost": 403639.65, "Plan Rows": 15095265, "Plan Width": 8, "Actual Startup Time": 0.029, "Actual Total Time": 865.204, "Actual Rows": 12081448, "Actual Loops": 3}, {"Node Type": "Hash", "Parent Relationship": "Inner", "Parallel Aware": true, "Startup Cost": 50878.05, "Total Cost": 50878.05, "Plan Rows": 14, "Plan Width": 4, "Actual Startup Time": 239.832, "Actual Total Time": 239.834, "Actual Rows": 13947, "Actual Loops": 3, "Hash Buckets": 65536, "Original Hash Buckets": 1024, "Hash Batches": 1, "Original Hash Batches": 1, "Peak Memory Usage": 2680, "Plans": [{"Node Type": "Hash Join", "Parent Relationship": "Outer", "Parallel Aware": false, "Join Type": "Inner", "Startup Cost": 2626.14, "Total Cost": 50878.05, "Plan Rows": 14, "Plan Width": 4, "Actual Startup Time": 10.504, "Actual Total Time": 219.501, "Actual Rows": 13947, "Actual Loops": 3, "Inner Unique": true, "Hash Cond": "(mk.keyword_id = k.id)", "Plans": [{"Node Type": "Seq Scan", "Parent Relationship": "Outer", "Parallel Aware": true, "Relation Name": "movie_keyword", "Alias": "mk", "Startup Cost": 0.0, "Total Cost": 43303.71, "Plan Rows": 1884971, "Plan Width": 8, "Actual Startup Time": 0.009, "Actual Total Time": 105.007, "Actual Rows": 1507977, "Actual Loops": 3}, {"Node Type": "Hash", "Parent Relationship": "Inner", "Parallel Aware": false, "Startup Cost": 2626.12, "Total Cost": 2626.12, "Plan Rows": 1, "Plan Width": 4, "Actual Startup Time": 10.431, "Actual Total Time": 10.432, "Actual Rows": 1, "Actual Loops": 3, "Hash Buckets": 1024, "Original Hash Buckets": 1024, "Hash Batches": 1, "Original Hash Batches": 1, "Peak Memory Usage": 9, "Plans": [{"Node Type": "Seq Scan", "Parent Relationship": "Outer", "Parallel Aware": false, "Relation Name": "keyword", "Alias": "k", "Startup Cost": 0.0, "Total Cost": 2626.12, "Plan Rows": 1, "Plan Width": 4, "Actual Startup Time": 0.491, "Actual Total Time": 10.425, "Actual Rows": 1, "Actual Loops": 3, "Filter": "((keyword)::text = 'character-name-in-title'::text)", "Rows Removed by Filter": 134169}]}]}]}]}, {"Node Type": "Index Scan", "Parent Relationship": "Inner", "Parallel Aware": false, "Scan Direction": "Forward", "Index Name": "name_pkey", "Relation Name": "name", "Alias": "n", "Startup Cost": 0.43, "Total Cost": 0.46, "Plan Rows": 1, "Plan Width": 4, "Actual Startup Time": 0.002, "Actual Total Time": 0.002, "Actual Rows": 0, "Actual Loops": 1038393, "Index Cond": "(id = ci.person_id)", "Rows Removed by Index Recheck": 0, "Filter": "((name)::text ~~ 'X%'::text)", "Rows Removed by Filter": 1}]}]}]}, {"Node Type": "Index Only Scan", "Parent Relationship": "Inner", "Parallel Aware": false, "Scan Direction": "Forward", "Index Name": "company_name_pkey", "Relation Name": "company_name", "Alias": "cn", "Startup Cost": 0.42, "Total Cost": 0.44, "Plan Rows": 1, "Plan Width": 4, "Actual Startup Time": 0.003, "Actual Total Time": 0.003, "Actual Rows": 1, "Actual Loops": 1918, "Index Cond": "(id = mc.company_id)", "Rows Removed by Index Recheck": 0, "Heap Fetches": 1918}]}, {"Node Type": "Index Only Scan", "Parent Relationship": "Inner", "Parallel Aware": false, "Scan Direction": "Forward", "Index Name": "title_pkey", "Relation Name": "title", "Alias": "t", "Startup Cost": 0.43, "Total Cost": 0.45, "Plan Rows": 1, "Plan Width": 4, "Actual Startup Time": 0.002, "Actual Total Time": 0.002, "Actual Rows": 1, "Actual Loops": 1918, "Index Cond": "(id = ci.movie_id)", "Rows Removed by Index Recheck": 0, "Heap Fetches": 1918}]}]}]}]}, "Planning Time": 75.609, "Triggers": [], "Execution Time": 3241.634}]
[{"Bao": {"Bao prediction": "NaN", "Bao recommended hint": "(no hint)"}}, {"Plan": {"Node Type": "Aggregate", "Strategy": "Plain", "Partial Mode": "Finalize", "Parallel Aware": false, "Startup Cost": 291678.75, "Total Cost": 291678.76, "Plan Rows": 1, "Plan Width": 8, "Actual Startup Time": 732.045, "Actual Total Time": 758.737, "Actual Rows": 1, "Actual Loops": 1, "Plans": [{"Node Type": "Gather", "Parent Relationship": "Outer", "Parallel Aware": false, "Startup Cost": 291678.53, "Total Cost": 291678.74, "Plan Rows": 2, "Plan Width": 8, "Actual Startup Time": 731.919, "Actual Total Time": 758.731, "Actual Rows": 3, "Actual Loops": 1, "Workers Planned": 2, "Workers Launched": 2, "Single Copy": false, "Plans": [{"Node Type": "Aggregate", "Strategy": "Plain", "Partial Mode": "Partial", "Parent Relationship": "Outer", "Parallel Aware": false, "Startup Cost": 290678.53, "Total Cost": 290678.54, "Plan Rows": 1, "Plan Width": 8, "Actual Startup Time": 729.839, "Actual Total Time": 729.85, "Actual Rows": 1, "Actual Loops": 3, "Plans": [{"Node Type": "Nested Loop", "Parent Relationship": "Outer", "Parallel Aware": false, "Join Type": "Inner", "Startup Cost": 50880.91, "Total Cost": 290678.53, "Plan Rows": 1, "Plan Width": 0, "Actual Startup Time": 457.377, "Actual Total Time": 729.846, "Actual Rows": 2, "Actual Loops": 3, "Inner Unique": true, "Join Filter": "(mi.movie_id = t.id)", "Rows Removed by Join Filter": 0, "Plans": [{"Node Type": "Hash Join", "Parent Relationship": "Outer", "Parallel Aware": true, "Join Type": "Inner", "Startup Cost": 50880.48, "Total Cost": 290678.03, "Plan Rows": 1, "Plan Width": 8, "Actual Startup Time": 317.132, "Actual Total Time": 729.789, "Actual Rows": 7, "Actual Loops": 3, "Inner Unique": false, "Hash Cond": "(mi.movie_id = mk.movie_id)", "Plans": [{"Node Type": "Seq Scan", "Parent Relationship": "Outer", "Parallel Aware": true, "Relation Name": "movie_info", "Alias": "mi", "Startup Cost": 0.0, "Total Cost": 239795.93, "Plan Rows": 161, "Plan Width": 4, "Actual Startup Time": 29.484, "Actual Total Time": 449.317, "Actual Rows": 762, "Actual Loops": 3, "Filter": "((info)::text = 'Bulgaria'::text)", "Rows Removed by Filter": 4944478}, {"Node Type": "Hash", "Parent Relationship": "Inner", "Parallel Aware": true, "Startup Cost": 50878.2, "Total Cost": 50878.2, "Plan Rows": 182, "Plan Width": 4, "Actual Startup Time": 279.995, "Actual Total Time": 279.999, "Actual Rows": 4317, "Actual Loops": 3, "Hash Buckets": 16384, "Original Hash Buckets": 1024, "Hash Batches": 1, "Original Hash Batches": 1, "Peak Memory Usage": 792, "Plans": [{"Node Type": "Hash Join", "Parent Relationship": "Outer", "Parallel Aware": false, "Join Type": "Inner", "Startup Cost": 2626.29, "Total Cost": 50878.2, "Plan Rows": 182, "Plan Width": 4, "Actual Startup Time": 18.271, "Actual Total Time": 224.153, "Actual Rows": 4317, "Actual Loops": 3, "Inner Unique": true, "Hash Cond": "(mk.keyword_id = k.id)", "Plans": [{"Node Type": "Seq Scan", "Parent Relationship": "Outer", "Parallel Aware": true, "Relation Name": "movie_keyword", "Alias": "mk", "Startup Cost": 0.0, "Total Cost": 43303.71, "Plan Rows": 1884971, "Plan Width": 8, "Actual Startup Time": 0.009, "Actual Total Time": 102.336, "Actual Rows": 1507977, "Actual Loops": 3}, {"Node Type": "Hash", "Parent Relationship": "Inner", "Parallel Aware": false, "Startup Cost": 2626.12, "Total Cost": 2626.12, "Plan Rows": 13, "Plan Width": 4, "Actual Startup Time": 17.944, "Actual Total Time": 17.944, "Actual Rows": 30, "Actual Loops": 3, "Hash Buckets": 1024, "Original Hash Buckets": 1024, "Hash Batches": 1, "Original Hash Batches": 1, "Peak Memory Usage": 10, "Plans": [{"Node Type": "Seq Scan", "Parent Relationship": "Outer", "Parallel Aware": false, "Relation Name": "keyword", "Alias": "k", "Startup Cost": 0.0, "Total Cost": 2626.12, "Plan Rows": 13, "Plan Width": 4, "Actual Startup Time": 0.998, "Actual Total Time": 17.931, "Actual Rows": 30, "Actual Loops": 3, "Filter": "((keyword)::text ~~ '%sequel%'::text)", "Rows Removed by Filter": 134140}]}]}]}]}, {"Node Type": "Index Scan", "Parent Relationship": "Inner", "Parallel Aware": false, "Scan Direction": "Forward", "Index Name": "title_pkey", "Relation Name": "title", "Alias": "t", "Startup Cost": 0.43, "Total Cost": 0.49, "Plan Rows": 1, "Plan Width": 4, "Actual Startup Time": 0.006, "Actual Total Time": 0.007, "Actual Rows": 0, "Actual Loops": 21, "Index Cond": "(id = mk.movie_id)", "Rows Removed by Index Recheck": 0, "Filter": "(production_year > 2010)", "Rows Removed by Filter": 1}]}]}]}]}, "Planning Time": 74.578, "Triggers": [], "Execution Time": 758.795}]
[{"Bao": {"Bao prediction": "NaN", "Bao recommended hint": "(no hint)"}}, {"Plan": {"Node Type": "Aggregate", "Strategy": "Plain", "Partial Mode": "Simple", "Parallel Aware": false, "Startup Cost": 512274.4, "Total Cost": 512274.41, "Plan Rows": 1, "Plan Width": 8, "Actual Startup Time": 1909.282, "Actual Total Time": 1944.287, "Actual Rows": 1, "Actual Loops": 1, "Plans": [{"Node Type": "Gather", "Parent Relationship": "Outer", "Parallel Aware": false, "Startup Cost": 51885.44, "Total Cost": 512274.4, "Plan Rows": 1, "Plan Width": 0, "Actual Startup Time": 367.252, "Actual Total Time": 1944.28, "Actual Rows": 6, "Actual Loops": 1, "Workers Planned": 2, "Workers Launched": 2, "Single Copy": false, "Plans": [{"Node Type": "Nested Loop", "Parent Relationship": "Outer", "Parallel Aware": false, "Join Type": "Inner", "Startup Cost": 50885.44, "Total Cost": 511274.3, "Plan Rows": 1, "Plan Width": 0, "Actual Startup Time": 1393.188, "Actual Total Time": 1907.158, "Actual Rows": 2, "Actual Loops": 3, "Inner Unique": true, "Plans": [{"Node Type": "Hash Join", "Parent Relationship": "Outer", "Parallel Aware": true, "Join Type": "Inner", "Startup Cost": 50885.01, "Total Cost": 511132.38, "Plan Rows": 310, "Plan Width": 4, "Actual Startup Time": 233.608, "Actual Total Time": 1904.045, "Actual Rows": 408, "Actual Loops": 3, "Inner Unique": false, "Hash Cond": "(ci.movie_id = t.id)", "Plans": [{"Node Type": "Seq Scan", "Parent Relationship": "Outer", "Parallel Aware": true, "Relation Name": "cast_info", "Alias": "ci", "Startup Cost": 0.0, "Total Cost": 403639.65, "Plan Rows": 15095265, "Plan Width": 8, "Actual Startup Time": 0.025, "Actual Total Time": 837.531, "Actual Rows": 12081448, "Actual Loops": 3}, {"Node Type": "Hash", "Parent Relationship": "Inner", "Parallel Aware": true, "Startup Cost": 50884.91, "Total Cost": 50884.91, "Plan Rows": 8, "Plan Width": 8, "Actual Startup Time": 219.254, "Actual Total Time": 219.257, "Actual Rows": 4, "Actual Loops": 3, "Hash Buckets": 1024, "Original Hash Buckets": 1024, "Hash Batches": 1, "Original Hash Batches": 1, "Peak Memory Usage": 104, "Plans": [{"Node Type": "Nested Loop", "Parent Relationship": "Outer", "Parallel Aware": false, "Join Type": "Inner", "Startup Cost": 2626.57, "Total Cost": 50884.91, "Plan Rows": 8, "Plan Width": 8, "Actual Startup Time": 83.25, "Actual Total Time": 219.195, "Actual Rows": 4, "Actual Loops": 3, "Inner Unique": true, "Plans": [{"Node Type": "Hash Join", "Parent Relationship": "Outer", "Parallel Aware": false, "Join Type": "Inner", "Startup Cost": 2626.14, "Total Cost": 50878.05, "Plan Rows": 14, "Plan Width": 4, "Actual Startup Time": 83.228, "Actual Total Time": 219.142, "Actual Rows": 5, "Actual Loops": 3, "Inner Unique": true, "Hash Cond": "(mk.keyword_id = k.id)", "Plans": [{"Node Type": "Seq Scan", "Parent Relationship": "Outer", "Parallel Aware": true, "Relation Name": "movie_keyword", "Alias": "mk", "Startup Cost": 0.0, "Total Cost": 43303.71, "Plan Rows": 1884971, "Plan Width": 8, "Actual Startup Time": 0.009, "Actual Total Time": 104.729, "Actual Rows": 1507977, "Actual Loops": 3}, {"Node Type": "Hash", "Parent Relationship": "Inner", "Parallel Aware": false, "Startup Cost": 2626.12, "Total Cost": 2626.12, "Plan Rows": 1, "Plan Width": 4, "Actual Startup Time": 10.334, "Actual Total Time": 10.335, "Actual Rows": 1, "Actual Loops": 3, "Hash Buckets": 1024, "Original Hash Buckets": 1024, "Hash Batches": 1, "Original Hash Batches": 1, "Peak Memory Usage": 9, "Plans": [{"Node Type": "Seq Scan", "Parent Relationship": "Outer", "Parallel Aware": false, "Relation Name": "keyword", "Alias": "k", "Startup Cost": 0.0, "Total Cost": 2626.12, "Plan Rows": 1, "Plan Width": 4, "Actual Startup Time": 0.295, "Actual Total Time": 10.33, "Actual Rows": 1, "Actual Loops": 3, "Filter": "((keyword)::text = 'marvel-cinematic-universe'::text)", "Rows Removed by Filter": 134169}]}]}, {"Node Type": "Index Scan", "Parent Relationship": "Inner", "Parallel Aware": false, "Scan Direction": "Forward", "Index Name": "title_pkey", "Relation Name": "title", "Alias": "t", "Startup Cost": 0.43, "Total Cost": 0.49, "Plan Rows": 1, "Plan Width": 4, "Actual Startup Time": 0.009, "Actual Total Time": 0.009, "Actual Rows": 1, "Actual Loops": 14, "Index Cond": "(id = mk.movie_id)", "Rows Removed by Index Recheck": 0, "Filter": "(production_year > 2000)", "Rows Removed by Filter": 0}]}]}]}, {"Node Type": "Index Scan", "Parent Relationship": "Inner", "Parallel Aware": false, "Scan Direction": "Forward", "Index Name": "name_pkey", "Relation Name": "name", "Alias": "n", "Startup Cost": 0.43, "Total Cost": 0.46, "Plan Rows": 1, "Plan Width": 4, "Actual Startup Time": 0.007, "Actual Total Time": 0.007, "Actual Rows": 0, "Actual Loops": 1224, "Index Cond": "(id = ci.person_id)", "Rows Removed by Index Recheck": 0, "Filter": "((name)::text ~~ '%Downey%Robert%'::text)", "Rows Removed by Filter": 1}]}]}]}, "Planning Time": 75.337, "Triggers": [], "Execution Time": 1944.335}]
[{"Bao": {"Bao prediction": "NaN", "Bao recommended hint": "(no hint)"}}, {"Plan": {"Node Type": "Aggregate", "Strategy": "Plain", "Partial Mode": "Finalize", "Parallel Aware": false, "Startup Cost": 546181.01, "Total Cost": 546181.02, "Plan Rows": 1, "Plan Width": 8, "Actual Startup Time": 4470.711, "Actual Total Time": 4518.136, "Actual Rows": 1, "Actual Loops": 1, "Plans": [{"Node Type": "Gather", "Parent Relationship": "Outer", "Parallel Aware": false, "Startup Cost": 546180.8, "Total Cost": 546181.01, "Plan Rows": 2, "Plan Width": 8, "Actual Startup Time": 4470.22, "Actual Total Time": 4518.13, "Actual Rows": 3, "Actual Loops": 1, "Workers Planned": 2, "Workers Launched": 2, "Single Copy": false, "Plans": [{"Node Type": "Aggregate", "Strategy": "Plain", "Partial Mode": "Partial", "Parent Relationship": "Outer", "Parallel Aware": false, "Startup Cost": 545180.8, "Total Cost": 545180.81, "Plan Rows": 1, "Plan Width": 8, "Actual Startup Time": 4468.068, "Actual Total Time": 4468.074, "Actual Rows": 1, "Actual Loops": 3, "Plans": [{"Node Type": "Nested Loop", "Parent Relationship": "Outer", "Parallel Aware": false, "Join Type": "Inner", "Startup Cost": 84659.7, "Total Cost": 545180.68, "Plan Rows": 48, "Plan Width": 0, "Actual Startup Time": 624.299, "Actual Total Time": 4464.021, "Actual Rows": 86096, "Actual Loops": 3, "Inner Unique": true, "Plans": [{"Node Type": "Hash Join", "Parent Relationship": "Outer", "Parallel Aware": true, "Join Type": "Inner", "Startup Cost": 84659.27, "Total Cost": 544907.83, "Plan Rows": 596, "Plan Width": 4, "Actual Startup Time": 567.012, "Actual Total Time": 2870.379, "Actual Rows": 944185, "Actual Loops": 3, "Inner Unique": false, "Hash Cond": "(ci.movie_id = t.id)", "Plans": [{"Node Type": "Seq Scan", "Parent Relationship": "Outer", "Parallel Aware": true, "Relation Name": "cast_info", "Alias": "ci", "Startup Cost": 0.0, "Total Cost": 403639.65, "Plan Rows": 15095265, "Plan Width": 8, "Actual Startup Time": 0.01, "Actual Total Time": 862.33, "Actual Rows": 12081448, "Actual Loops": 3}, {"Node Type": "Hash", "Parent Relationship": "Inner", "Parallel Aware": true, "Startup Cost": 84658.92, "Total Cost": 84658.92, "Plan Rows": 28, "Plan Width": 12, "Actual Startup Time": 566.702, "Actual Total Time": 566.707, "Actual Rows": 22772, "Actual Loops": 3, "Hash Buckets": 131072, "Original Hash Buckets": 1024, "Hash Batches": 1, "Original Hash Batches": 1, "Peak Memory Usage": 5304, "Plans": [{"Node Type": "Nested Loop", "Parent Relationship": "Outer", "Parallel Aware": false, "Join Type": "Inner", "Startup Cost": 50885.47, "Total Cost": 84658.92, "Plan Rows": 28, "Plan Width": 12, "Actual Startup Time": 276.145, "Actual Total Time": 532.573, "Actual Rows": 22772, "Actual Loops": 3, "Inner Unique": true, "Plans": [{"Node Type": "Hash Join", "Parent Relationship": "Outer", "Parallel Aware": true, "Join Type": "Inner", "Startup Cost": 50885.05, "Total Cost": 84623.24, "Plan Rows": 80, "Plan Width": 16, "Actual Startup Time": 276.101, "Actual Total Time": 438.696, "Actual Rows": 49517, "Actual Loops": 3, "Inner Unique": false, "Hash Cond": "(mc.movie_id = t.id)", "Plans": [{"Node Type": "Seq Scan", "Parent Relationship": "Outer", "Parallel Aware": true, "Relation Name": "movie_companies", "Alias": "mc", "Startup Cost": 0.0, "Total Cost": 29661.37, "Plan Rows": 1087137, "Plan Width": 8, "Actual Startup Time": 0.02, "Actual Total Time": 64.187, "Actual Rows": 869710, "Actual Loops": 3}, {"Node Type": "Hash", "Parent Relationship": "Inner", "Parallel Aware": true, "Startup Cost": 50884.87, "Total Cost": 50884.87, "Plan Rows": 14, "Plan Width": 8, "Actual Startup Time": 275.879, "Actual Total Time": 275.881, "Actual Rows": 13947, "Actual Loops": 3, "Hash Buckets": 65536, "Original Hash Buckets": 1024, "Hash Batches": 1, "Original Hash Batches": 1, "Peak Memory Usage": 2680, "Plans": [{"Node Type": "Nested Loop", "Parent Relationship": "Outer", "Parallel Aware": false, "Join Type": "Inner", "Startup Cost": 2626.57, "Total Cost": 50884.87, "Plan Rows": 14, "Plan Width": 8, "Actual Startup Time": 10.457, "Actual Total Time": 253.252, "Actual Rows": 13947, "Actual Loops": 3, "Inner Unique": true, "Plans": [{"Node Type": "Hash Join", "Parent Relationship": "Outer", "Parallel Aware": false, "Join Type": "Inner", "Startup Cost": 2626.14, "Total Cost": 50878.05, "Plan Rows": 14, "Plan Width": 4, "Actual Startup Time": 10.424, "Actual Total Time": 213.565, "Actual Rows": 13947, "Actual Loops": 3, "Inner Unique": true, "Hash Cond": "(mk.keyword_id = k.id)", "Plans": [{"Node Type": "Seq Scan", "Parent Relationship": "Outer", "Parallel Aware": true, "Relation Name": "movie_keyword", "Alias": "mk", "Startup Cost": 0.0, "Total Cost": 43303.71, "Plan Rows": 1884971, "Plan Width": 8, "Actual Startup Time": 0.009, "Actual Total Time": 99.499, "Actual Rows": 1507977, "Actual Loops": 3}, {"Node Type": "Hash", "Parent Relationship": "Inner", "Parallel Aware": false, "Startup Cost": 2626.12, "Total Cost": 2626.12, "Plan Rows": 1, "Plan Width": 4, "Actual Startup Time": 10.357, "Actual Total Time": 10.358, "Actual Rows": 1, "Actual Loops": 3, "Hash Buckets": 1024, "Original Hash Buckets": 1024, "Hash Batches": 1, "Original Hash Batches": 1, "Peak Memory Usage": 9, "Plans": [{"Node Type": "Seq Scan", "Parent Relationship": "Outer", "Parallel Aware": false, "Relation Name": "keyword", "Alias": "k", "Startup Cost": 0.0, "Total Cost": 2626.12, "Plan Rows": 1, "Plan Width": 4, "Actual Startup Time": 0.482, "Actual Total Time": 10.352, "Actual Rows": 1, "Actual Loops": 3, "Filter": "((keyword)::text = 'character-name-in-title'::text)", "Rows Removed by Filter": 134169}]}]}, {"Node Type": "Index Only Scan", "Parent Relationship": "Inner", "Parallel Aware": false, "Scan Direction": "Forward", "Index Name": "title_pkey", "Relation Name": "title", "Alias": "t", "Startup Cost": 0.43, "Total Cost": 0.49, "Plan Rows": 1, "Plan Width": 4, "Actual Startup Time": 0.003, "Actual Total Time": 0.003, "Actual Rows": 1, "Actual Loops": 41840, "Index Cond": "(id = mk.movie_id)", "Rows Removed by Index Recheck": 0, "Heap Fetches": 41840}]}]}]}, {"Node Type": "Index Scan", "Parent Relationship": "Inner", "Parallel Aware": false, "Scan Direction": "Forward", "Index Name": "company_name_pkey", "Relation Name": "company_name", "Alias": "cn", "Startup Cost": 0.42, "Total Cost": 0.45, "Plan Rows": 1, "Plan Width": 4, "Actual Startup Time": 0.002, "Actual Total Time": 0.002, "Actual Rows": 0, "Actual Loops": 148552, "Index Cond": "(id = mc.company_id)", "Rows Removed by Index Recheck": 0, "Filter": "((country_code)::text = '[us]'::text)", "Rows Removed by Filter": 1}]}]}]}, {"Node Type": "Index Scan", "Parent Relationship": "Inner", "Parallel Aware": false, "Scan Direction": "Forward", "Index Name": "name_pkey", "Relation Name": "name", "Alias": "n", "Startup Cost": 0.43, "Total Cost": 0.46, "Plan Rows": 1, "Plan Width": 4, "Actual Startup Time": 0.002, "Actual Total Time": 0.002, "Actual Rows": 0, "Actual Loops": 2832555, "Index Cond": "(id = ci.person_id)", "Rows Removed by Index Recheck": 0, "Filter": "((name)::text ~~ 'B%'::text)", "Rows Removed by Filter": 1}]}]}]}]}, "Planning Time": 76.836, "Triggers": [], "Execution Time": 4518.212}]
[{"Bao": {"Bao prediction": "NaN", "Bao recommended hint": "(no hint)"}}, {"Plan": {"Node Type": "Aggregate", "Strategy": "Plain", "Partial Mode": "Finalize", "Parallel Aware": false, "Startup Cost": 787379.8, "Total Cost": 787379.81, "Plan Rows": 1, "Plan Width": 8, "Actual Startup Time": 2645.749, "Actual Total Time": 2707.026, "Actual Rows": 1, "Actual Loops": 1, "Plans": [{"Node Type": "Gather", "Parent Relationship": "Outer", "Parallel Aware": false, "Startup Cost": 787379.58, "Total Cost": 787379.79, "Plan Rows": 2, "Plan Width": 8, "Actual Startup Time": 2643.877, "Actual Total Time": 2707.02, "Actual Rows": 3, "Actual Loops": 1, "Workers Planned": 2, "Workers Launched": 2, "Single Copy": false, "Plans": [{"Node Type": "Aggregate", "Strategy": "Plain", "Partial Mode": "Partial", "Parent Relationship": "Outer", "Parallel Aware": false, "Startup Cost": 786379.58, "Total Cost": 786379.59, "Plan Rows": 1, "Plan Width": 8, "Actual Startup Time": 2641.573, "Actual Total Time": 2641.58, "Actual Rows": 1, "Actual Loops": 3, "Plans": [{"Node Type": "Nested Loop", "Parent Relationship": "Outer", "Parallel Aware": false, "Join Type": "Inner", "Startup Cost": 286436.22, "Total Cost": 786379.56, "Plan Rows": 10, "Plan Width": 0, "Actual Startup Time": 1699.063, "Actual Total Time": 2640.912, "Actual Rows": 9358, "Actual Loops": 3, "Inner Unique": true, "Join Filter": "(mi.movie_id = t.id)", "Rows Removed by Join Filter": 0, "Plans": [{"Node Type": "Nested Loop", "Parent Relationship": "Outer", "Parallel Aware": false, "Join Type": "Inner", "Startup Cost": 286435.79, "Total Cost": 786373.65, "Plan Rows": 10, "Plan Width": 12, "Actual Startup Time": 1699.03, "Actual Total Time": 2605.211, "Actual Rows": 9358, "Actual Loops": 3, "Inner Unique": true, "Plans": [{"Node Type": "Hash Join", "Parent Relationship": "Outer", "Parallel Aware": true, "Join Type": "Inner", "Startup Cost": 286435.36, "Total Cost": 786356.49, "Plan Rows": 23, "Plan Width": 16, "Actual Startup Time": 1698.888, "Actual Total Time": 2556.669, "Actual Rows": 18052, "Actual Loops": 3, "Inner Unique": false, "Hash Cond": "(ci.movie_id = mi.movie_id)", "Plans": [{"Node Type": "Seq Scan", "Parent Relationship": "Outer", "Parallel Aware": true, "Relation Name": "cast_info", "Alias": "ci", "Startup Cost": 0.0, "Total Cost": 497985.06, "Plan Rows": 516258, "Plan Width": 8, "Actual Startup Time": 76.567, "Actual Total Time": 1390.167, "Actual Rows": 414905, "Actual Loops": 3, "Filter": "((note)::text = ANY ('{(writer),\"(head writer)\",\"(written by)\",(story),\"(story editor)\"}'::text[]))", "Rows Removed by Filter": 11666543}, {"Node Type": "Hash", "Parent Relationship": "Inner", "Parallel Aware": true, "Startup Cost": 286435.15, "Total Cost": 286435.15, "Plan Rows": 17, "Plan Width": 8, "Actual Startup Time": 1098.16, "Actual Total Time": 1098.165, "Actual Rows": 34172, "Actual Loops": 3, "Hash Buckets": 131072, "Original Hash Buckets": 1024, "Hash Batches": 1, "Original Hash Batches": 1, "Peak Memory Usage": 6104, "Plans": [{"Node Type": "Hash Join", "Parent Relationship": "Outer", "Parallel Aware": true, "Join Type": "Inner", "Startup Cost": 15319.64, "Total Cost": 286435.15, "Plan Rows": 17, "Plan Width": 8, "Actual Startup Time": 1060.623, "Actual Total Time": 1084.926, "Actual Rows": 34172, "Actual Loops": 3, "Inner Unique": false, "Hash Cond": "(mi.movie_id = mi_idx.movie_id)", "Plans": [{"Node Type": "Hash Join", "Parent Relationship": "Outer", "Parallel Aware": false, "Join Type": "Inner", "Startup Cost": 2.43, "Total Cost": 271115.48, "Plan Rows": 637, "Plan Width": 4, "Actual Startup Time": 814.401, "Actual Total Time": 929.646, "Actual Rows": 62198, "Actual Loops": 3, "Inner Unique": true, "Hash Cond": "(mi.info_type_id = it1.id)", "Plans": [{"Node Type": "Seq Scan", "Parent Relationship": "Outer", "Parallel Aware": true, "Relation Name": "movie_info", "Alias": "mi", "Startup Cost": 0.0, "Total Cost": 270917.11, "Plan Rows": 71947, "Plan Width": 8, "Actual Startup Time": 534.616, "Actual Total Time": 921.591, "Actual Rows": 62990, "Actual Loops": 3, "Filter": "((info)::text = ANY ('{Horror,Action,Sci-Fi,Thriller,Crime,War}'::text[]))", "Rows Removed by Filter": 4882250}, {"Node Type": "Hash", "Parent Relationship": "Inner", "Parallel Aware": false, "Startup Cost": 2.41, "Total Cost": 2.41, "Plan Rows": 1, "Plan Width": 4, "Actual Startup Time": 0.02, "Actual Total Time": 0.02, "Actual Rows": 1, "Actual Loops": 3, "Hash Buckets": 1024, "Original Hash Buckets": 1024, "Hash Batches": 1, "Original Hash Batches": 1, "Peak Memory Usage": 9, "Plans": [{"Node Type": "Seq Scan", "Parent Relationship": "Outer", "Parallel Aware": false, "Relation Name": "info_type", "Alias": "it1", "Startup Cost": 0.0, "Total Cost": 2.41, "Plan Rows": 1, "Plan Width": 4, "Actual Startup Time": 0.011, "Actual Total Time": 0.017, "Actual Rows": 1, "Actual Loops": 3, "Filter": "((info)::text = 'genres'::text)", "Rows Removed by Filter": 112}]}]}, {"Node Type": "Hash", "Parent Relationship": "Inner", "Parallel Aware": true, "Startup Cost": 15253.6, "Total Cost": 15253.6, "Plan Rows": 5089, "Plan Width": 4, "Actual Startup Time": 118.333, "Actual Total Time": 118.334, "Actual Rows": 153308, "Actual Loops": 3, "Hash Buckets": 131072, "Original Hash Buckets": 16384, "Hash Batches": 8, "Original Hash Batches": 1, "Peak Memory Usage": 3328, "Plans": [{"Node Type": "Hash Join", "Parent Relationship": "Outer", "Parallel Aware": false, "Join Type": "Inner", "Startup Cost": 2.43, "Total Cost": 15253.6, "Plan Rows": 5089, "Plan Width": 4, "Actual Startup Time": 0.052, "Actual Total Time": 79.569, "Actual Rows": 153308, "Actual Loops": 3, "Inner Unique": true, "Hash Cond": "(mi_idx.info_type_id = it2.id)", "Plans": [{"Node Type": "Seq Scan", "Parent Relationship": "Outer", "Parallel Aware": true, "Relation Name": "movie_info_idx", "Alias": "mi_idx", "Startup Cost": 0.0, "Total Cost": 13685.15, "Plan Rows": 575015, "Plan Width": 8, "Actual Startup Time": 0.014, "Actual Total Time": 33.261, "Actual Rows": 460012, "Actual Loops": 3}, {"Node Type": "Hash", "Parent Relationship": "Inner", "Parallel Aware": false, "Startup Cost": 2.41, "Total Cost": 2.41, "Plan Rows": 1, "Plan Width": 4, "Actual Startup Time": 0.027, "Actual Total Time": 0.028, "Actual Rows": 1, "Actual Loops": 3, "Hash Buckets": 1024, "Original Hash Buckets": 1024, "Hash Batches": 1, "Original Hash Batches": 1, "Peak Memory Usage": 9, "Plans": [{"Node Type": "Seq Scan", "Parent Relationship": "Outer", "Parallel Aware": false, "Relation Name": "info_type", "Alias": "it2", "Startup Cost": 0.0, "Total Cost": 2.41, "Plan Rows": 1, "Plan Width": 4, "Actual Startup Time": 0.021, "Actual Total Time": 0.022, "Actual Rows": 1, "Actual Loops": 3, "Filter": "((info)::text = 'votes'::text)", "Rows Removed by Filter": 112}]}]}]}]}]}]}, {"Node Type": "Index Scan", "Parent Relationship": "Inner", "Parallel Aware": false, "Scan Direction": "Forward", "Index Name": "name_pkey", "Relation Name": "name", "Alias": "n", "Startup Cost": 0.43, "Total Cost": 0.75, "Plan Rows": 1, "Plan Width": 4, "Actual Startup Time": 0.002, "Actual Total Time": 0.002, "Actual Rows": 1, "Actual Loops": 54155, "Index Cond": "(id = ci.person_id)", "Rows Removed by Index Recheck": 0, "Filter": "((gender)::text = 'm'::text)", "Rows Removed by Filter": 0}]}, {"Node Type": "Index Only Scan", "Parent Relationship": "Inner", "Parallel Aware": false, "Scan Direction": "Forward", "Index Name": "title_pkey", "Relation Name": "title", "Alias": "t", "Startup Cost": 0.43, "Total Cost": 0.58, "Plan Rows": 1, "Plan Width": 4, "Actual Startup Time": 0.003, "Actual Total Time": 0.003, "Actual Rows": 1, "Actual Loops": 28073, "Index Cond": "(id = mi_idx.movie_id)", "Rows Removed by Index Recheck": 0, "Heap Fetches": 28073}]}]}]}]}, "Planning Time": 77.425, "Triggers": [], "Execution Time": 2707.111}]
[{"Bao": {"Bao prediction": "NaN", "Bao recommended hint": "(no hint)"}}, {"Plan": {"Node Type": "Aggregate", "Strategy": "Plain", "Partial Mode": "Finalize", "Parallel Aware": false, "Startup Cost": 304668.48, "Total Cost": 304668.49, "Plan Rows": 1, "Plan Width": 8, "Actual Startup Time": 1142.061, "Actual Total Time": 1173.755, "Actual Rows": 1, "Actual Loops": 1, "Plans": [{"Node Type": "Gather", "Parent Relationship": "Outer", "Parallel Aware": false, "Startup Cost": 304668.26, "Total Cost": 304668.47, "Plan Rows": 2, "Plan Width": 8, "Actual Startup Time": 1141.566, "Actual Total Time": 1173.742, "Actual Rows": 3, "Actual Loops": 1, "Workers Planned": 2, "Workers Launched": 2, "Single Copy": false, "Plans": [{"Node Type": "Aggregate", "Strategy": "Plain", "Partial Mode": "Partial", "Parent Relationship": "Outer", "Parallel Aware": false, "Startup Cost": 303668.26, "Total Cost": 303668.27, "Plan Rows": 1, "Plan Width": 8, "Actual Startup Time": 1139.323, "Actual Total Time": 1139.335, "Actual Rows": 1, "Actual Loops": 3, "Plans": [{"Node Type": "Nested Loop", "Parent Relationship": "Outer", "Parallel Aware": false, "Join Type": "Inner", "Startup Cost": 271113.02, "Total Cost": 303668.26, "Plan Rows": 1, "Plan Width": 0, "Actual Startup Time": 955.745, "Actual Total Time": 1139.207, "Actual Rows": 1570, "Actual Loops": 3, "Inner Unique": true, "Join Filter": "(mi.movie_id = t.id)", "Rows Removed by Join Filter": 0, "Plans": [{"Node Type": "Nested Loop", "Parent Relationship": "Outer", "Parallel Aware": false, "Join Type": "Inner", "Startup Cost": 271112.59, "Total Cost": 303667.73, "Plan Rows": 1, "Plan Width": 12, "Actual Startup Time": 955.529, "Actual Total Time": 1123.117, "Actual Rows": 4251, "Actual Loops": 3, "Inner Unique": true, "Plans": [{"Node Type": "Hash Join", "Parent Relationship": "Outer", "Parallel Aware": true, "Join Type": "Inner", "Startup Cost": 271112.17, "Total Cost": 303667.28, "Plan Rows": 1, "Plan Width": 16, "Actual Startup Time": 955.497, "Actual Total Time": 1094.486, "Actual Rows": 12740, "Actual Loops": 3, "Inner Unique": false, "Hash Cond": "(mc.movie_id = mi.movie_id)", "Plans": [{"Node Type": "Hash Join", "Parent Relationship": "Outer", "Parallel Aware": false, "Join Type": "Inner", "Startup Cost": 18.93, "Total Cost": 32551.06, "Plan Rows": 6125, "Plan Width": 8, "Actual Startup Time": 62.394, "Actual Total Time": 161.924, "Actual Rows": 444961, "Actual Loops": 3, "Inner Unique": true, "Hash Cond": "(mc.company_type_id = ct.id)", "Plans": [{"Node Type": "Seq Scan", "Parent Relationship": "Outer", "Parallel Aware": true, "Relation Name": "movie_companies", "Alias": "mc", "Startup Cost": 0.0, "Total Cost": 29661.37, "Plan Rows": 1087137, "Plan Width": 12, "Actual Startup Time": 0.01, "Actual Total Time": 63.163, "Actual Rows": 869710, "Actual Loops": 3}, {"Node Type": "Hash", "Parent Relationship": "Inner", "Parallel Aware": false, "Startup Cost": 18.88, "Total Cost": 18.88, "Plan Rows": 4, "Plan Width": 4, "Actual Startup Time": 0.03, "Actual Total Time": 0.031, "Actual Rows": 1, "Actual Loops": 3, "Hash Buckets": 1024, "Original Hash Buckets": 1024, "Hash Batches": 1, "Original Hash Batches": 1, "Peak Memory Usage": 9, "Plans": [{"Node Type": "Seq Scan", "Parent Relationship": "Outer", "Parallel Aware": false, "Relation Name": "company_type", "Alias": "ct", "Startup Cost": 0.0, "Total Cost": 18.88, "Plan Rows": 4, "Plan Width": 4, "Actual Startup Time": 0.027, "Actual Total Time": 0.028, "Actual Rows": 1, "Actual Loops": 3, "Filter": "((kind)::text = 'production companies'::text)", "Rows Removed by Filter": 3}]}]}, {"Node Type": "Hash", "Parent Relationship": "Inner", "Parallel Aware": true, "Startup Cost": 271093.18, "Total Cost": 271093.18, "Plan Rows": 5, "Plan Width": 8, "Actual Startup Time": 892.681, "Actual Total Time": 892.686, "Actual Rows": 7396, "Actual Loops": 3, "Hash Buckets": 32768, "Original Hash Buckets": 1024, "Hash Batches": 1, "Original Hash Batches": 1, "Peak Memory Usage": 1432, "Plans": [{"Node Type": "Hash Join", "Parent Relationship": "Outer", "Parallel Aware": true, "Join Type": "Inner", "Startup Cost": 15354.59, "Total Cost": 271093.18, "Plan Rows": 5, "Plan Width": 8, "Actual Startup Time": 740.658, "Actual Total Time": 863.933, "Actual Rows": 7396, "Actual Loops": 3, "Inner Unique": false, "Hash Cond": "(mi.movie_id = mi_idx.movie_id)", "Plans": [{"Node Type": "Hash Join", "Parent Relationship": "Outer", "Parallel Aware": false, "Join Type": "Inner", "Startup Cost": 2.43, "Total Cost": 255736.39, "Plan Rows": 1227, "Plan Width": 4, "Actual Startup Time": 654.728, "Actual Total Time": 758.649, "Actual Rows": 108418, "Actual Loops": 3, "Inner Unique": true, "Hash Cond": "(mi.info_type_id = it1.id)", "Plans": [{"Node Type": "Seq Scan", "Parent Relationship": "Outer", "Parallel Aware": true, "Relation Name": "movie_info", "Alias": "mi", "Startup Cost": 0.0, "Total Cost": 255356.52, "Plan Rows": 138593, "Plan Width": 8, "Actual Startup Time": 462.904, "Actual Total Time": 744.673, "Actual Rows": 109104, "Actual Loops": 3, "Filter": "((info)::text = ANY ('{Drama,Horror,Western,Family}'::text[]))", "Rows Removed by Filter": 4836136}, {"Node Type": "Hash", "Parent Relationship": "Inner", "Parallel Aware": false, "Startup Cost": 2.41, "Total Cost": 2.41, "Plan Rows": 1, "Plan Width": 4, "Actual Startup Time": 0.016, "Actual Total Time": 0.017, "Actual Rows": 1, "Actual Loops": 3, "Hash Buckets": 1024, "Original Hash Buckets": 1024, "Hash Batches": 1, "Original Hash Batches": 1, "Peak Memory Usage": 9, "Plans": [{"Node Type": "Seq Scan", "Parent Relationship": "Outer", "Parallel Aware": false, "Relation Name": "info_type", "Alias": "it1", "Startup Cost": 0.0, "Total Cost": 2.41, "Plan Rows": 1, "Plan Width": 4, "Actual Startup Time": 0.008, "Actual Total Time": 0.014, "Actual Rows": 1, "Actual Loops": 3, "Filter": "((info)::text = 'genres'::text)", "Rows Removed by Filter": 112}]}]}, {"Node Type": "Hash", "Parent Relationship": "Inner", "Parallel Aware": true, "Startup Cost": 15343.3, "Total Cost": 15343.3, "Plan Rows": 709, "Plan Width": 4, "Actual Startup Time": 85.872, "Actual Total Time": 85.874, "Actual Rows": 40524, "Actual Loops": 3, "Hash Buckets": 131072, "Original Hash Buckets": 2048, "Hash Batches": 1, "Original Hash Batches": 1, "Peak Memory Usage": 6832, "Plans": [{"Node Type": "Hash Join", "Parent Relationship": "Outer", "Parallel Aware": false, "Join Type": "Inner", "Startup Cost": 2.43, "Total Cost": 15343.3, "Plan Rows": 709, "Plan Width": 4, "Actual Startup Time": 0.058, "Actual Total Time": 73.641, "Actual Rows": 40524, "Actual Loops": 3, "Inner Unique": true, "Hash Cond": "(mi_idx.info_type_id = it2.id)", "Plans": [{"Node Type": "Seq Scan", "Parent Relationship": "Outer", "Parallel Aware": true, "Relation Name": "movie_info_idx", "Alias": "mi_idx", "Startup Cost": 0.0, "Total Cost": 15122.68, "Plan Rows": 80118, "Plan Width": 8, "Actual Startup Time": 0.022, "Actual Total Time": 66.921, "Actual Rows": 64632, "Actual Loops": 3, "Filter": "((info)::text > '7.0'::text)", "Rows Removed by Filter": 395380}, {"Node Type": "Hash", "Parent Relationship": "Inner", "Parallel Aware": false, "Startup Cost": 2.41, "Total Cost": 2.41, "Plan Rows": 1, "Plan Width": 4, "Actual Startup Time": 0.024, "Actual Total Time": 0.024, "Actual Rows": 1, "Actual Loops": 3, "Hash Buckets": 1024, "Original Hash Buckets": 1024, "Hash Batches": 1, "Original Hash Batches": 1, "Peak Memory Usage": 9, "Plans": [{"Node Type": "Seq Scan", "Parent Relationship": "Outer", "Parallel Aware": false, "Relation Name": "info_type", "Alias": "it2", "Startup Cost": 0.0, "Total Cost": 2.41, "Plan Rows": 1, "Plan Width": 4, "Actual Startup Time": 0.019, "Actual Total Time": 0.02, "Actual Rows": 1, "Actual Loops": 3, "Filter": "((info)::text = 'rating'::text)", "Rows Removed by Filter": 112}]}]}]}]}]}]}, {"Node Type": "Index Scan", "Parent Relationship": "Inner", "Parallel Aware": false, "Scan Direction": "Forward", "Index Name": "company_name_pkey", "Relation Name": "company_name", "Alias": "cn", "Startup Cost": 0.42, "Total Cost": 0.45, "Plan Rows": 1, "Plan Width": 4, "Actual Startup Time": 0.002, "Actual Total Time": 0.002, "Actual Rows": 0, "Actual Loops": 38219, "Index Cond": "(id = mc.company_id)", "Rows Removed by Index Recheck": 0, "Filter": "((country_code)::text = '[us]'::text)", "Rows Removed by Filter": 1}]}, {"Node Type": "Index Scan", "Parent Relationship": "Inner", "Parallel Aware": false, "Scan Direction": "Forward", "Index Name": "title_pkey", "Relation Name": "title", "Alias": "t", "Startup Cost": 0.43, "Total Cost": 0.52, "Plan Rows": 1, "Plan Width": 4, "Actual Startup Time": 0.004, "Actual Total Time": 0.004, "Actual Rows": 0, "Actual Loops": 12752, "Index Cond": "(id = mc.movie_id)", "Rows Removed by Index Recheck": 0, "Filter": "((production_year >= 2000) AND (production_year <= 2010))", "Rows Removed by Filter": 1}]}]}]}]}, "Planning Time": 82.034, "Triggers": [], "Execution Time": 1173.836}]
[{"Bao": {"Bao prediction": "NaN", "Bao recommended hint": "(no hint)"}}, {"Plan": {"Node Type": "Aggregate", "Strategy": "Plain", "Partial Mode": "Finalize", "Parallel Aware": false, "Startup Cost": 52751.88, "Total Cost": 52751.89, "Plan Rows": 1, "Plan Width": 8, "Actual Startup Time": 228.534, "Actual Total Time": 235.764, "Actual Rows": 1, "Actual Loops": 1, "Plans": [{"Node Type": "Gather", "Parent Relationship": "Outer", "Parallel Aware": false, "Startup Cost": 52751.67, "Total Cost": 52751.88, "Plan Rows": 2, "Plan Width": 8, "Actual Startup Time": 228.353, "Actual Total Time": 235.758, "Actual Rows": 3, "Actual Loops": 1, "Workers Planned": 2, "Workers Launched": 2, "Single Copy": false, "Plans": [{"Node Type": "Aggregate", "Strategy": "Plain", "Partial Mode": "Partial", "Parent Relationship": "Outer", "Parallel Aware": false, "Startup Cost": 51751.67, "Total Cost": 51751.68, "Plan Rows": 1, "Plan Width": 8, "Actual Startup Time": 226.352, "Actual Total Time": 226.36, "Actual Rows": 1, "Actual Loops": 3, "Plans": [{"Node Type": "Nested Loop", "Parent Relationship": "Outer", "Parallel Aware": false, "Join Type": "Inner", "Startup Cost": 3465.08, "Total Cost": 51751.66, "Plan Rows": 5, "Plan Width": 0, "Actual Startup Time": 226.35, "Actual Total Time": 226.353, "Actual Rows": 0, "Actual Loops": 3, "Inner Unique": true, "Plans": [{"Node Type": "Nested Loop", "Parent Relationship": "Outer", "Parallel Aware": false, "Join Type": "Inner", "Startup Cost": 3464.65, "Total Cost": 51729.3, "Plan Rows": 5, "Plan Width": 4, "Actual Startup Time": 226.349, "Actual Total Time": 226.353, "Actual Rows": 0, "Actual Loops": 3, "Inner Unique": true, "Plans": [{"Node Type": "Nested Loop", "Parent Relationship": "Outer", "Parallel Aware": false, "Join Type": "Inner", "Startup Cost": 3464.22, "Total Cost": 51726.86, "Plan Rows": 5, "Plan Width": 12, "Actual Startup Time": 226.349, "Actual Total Time": 226.352, "Actual Rows": 0, "Actual Loops": 3, "Inner Unique": true, "Plans": [{"Node Type": "Hash Join", "Parent Relationship": "Outer", "Parallel Aware": false, "Join Type": "Inner", "Startup Cost": 3464.07, "Total Cost": 51726.02, "Plan Rows": 5, "Plan Width": 16, "Actual Startup Time": 226.349, "Actual Total Time": 226.351, "Actual Rows": 0, "Actual Loops": 3, "Inner Unique": false, "Hash Cond": "(mk.movie_id = ml.movie_id)", "Plans": [{"Node Type": "Hash Join", "Parent Relationship": "Outer", "Parallel Aware": false, "Join Type": "Inner", "Startup Cost": 2626.14, "Total Cost": 50878.05, "Plan Rows": 14, "Plan Width": 4, "Actual Startup Time": 215.981, "Actual Total Time": 219.247, "Actual Rows": 0, "Actual Loops": 3, "Inner Unique": true, "Hash Cond": "(mk.keyword_id = k.id)", "Plans": [{"Node Type": "Seq Scan", "Parent Relationship": "Outer", "Parallel Aware": true, "Relation Name": "movie_keyword", "Alias": "mk", "Startup Cost": 0.0, "Total Cost": 43303.71, "Plan Rows": 1884971, "Plan Width": 8, "Actual Startup Time": 0.008, "Actual Total Time": 106.56, "Actual Rows": 1507977, "Actual Loops": 3}, {"Node Type": "Hash", "Parent Relationship": "Inner", "Parallel Aware": false, "Startup Cost": 2626.12, "Total Cost": 2626.12, "Plan Rows": 1, "Plan Width": 4, "Actual Startup Time": 10.304, "Actual Total Time": 10.305, "Actual Rows": 1, "Actual Loops": 3, "Hash Buckets": 1024, "Original Hash Buckets": 1024, "Hash Batches": 1, "Original Hash Batches": 1, "Peak Memory Usage": 9, "Plans": [{"Node Type": "Seq Scan", "Parent Relationship": "Outer", "Parallel Aware": false, "Relation Name": "keyword", "Alias": "k", "Startup Cost": 0.0, "Total Cost": 2626.12, "Plan Rows": 1, "Plan Width": 4, "Actual Startup Time": 10.066, "Actual Total Time": 10.297, "Actual Rows": 1, "Actual Loops": 3, "Filter": "((keyword)::text = '10,000-mile-club'::text)", "Rows Removed by Filter": 134169}]}]}, {"Node Type": "Hash", "Parent Relationship": "Inner", "Parallel Aware": false, "Startup Cost": 462.97, "Total Cost": 462.97, "Plan Rows": 29997, "Plan Width": 12, "Actual Startup Time": 6.956, "Actual Total Time": 6.956, "Actual Rows": 29997, "Actual Loops": 3, "Hash Buckets": 32768, "Original Hash Buckets": 32768, "Hash Batches": 1, "Original Hash Batches": 1, "Peak Memory Usage": 1545, "Plans": [{"Node Type": "Seq Scan", "Parent Relationship": "Outer", "Parallel Aware": false, "Relation Name": "movie_link", "Alias": "ml", "Startup Cost": 0.0, "Total Cost": 462.97, "Plan Rows": 29997, "Plan Width": 12, "Actual Startup Time": 0.02, "Actual Total Time": 3.324, "Actual Rows": 29997, "Actual Loops": 3}]}]}, {"Node Type": "Index Only Scan", "Parent Relationship": "Inner", "Parallel Aware": false, "Scan Direction": "Forward", "Index Name": "link_type_pkey", "Relation Name": "link_type", "Alias": "lt", "Startup Cost": 0.15, "Total Cost": 0.17, "Plan Rows": 1, "Plan Width": 4, "Actual Startup Time": 0.0, "Actual Total Time": 0.0, "Actual Rows": 0, "Actual Loops": 0, "Index Cond": "(id = ml.link_type_id)", "Rows Removed by Index Recheck": 0, "Heap Fetches": 0}]}, {"Node Type": "Index Only Scan", "Parent Relationship": "Inner", "Parallel Aware": false, "Scan Direction": "Forward", "Index Name": "title_pkey", "Relation Name": "title", "Alias": "t1", "Startup Cost": 0.43, "Total Cost": 0.49, "Plan Rows": 1, "Plan Width": 4, "Actual Startup Time": 0.0, "Actual Total Time": 0.0, "Actual Rows": 0, "Actual Loops": 0, "Index Cond": "(id = mk.movie_id)", "Rows Removed by Index Recheck": 0, "Heap Fetches": 0}]}, {"Node Type": "Index Only Scan", "Parent Relationship": "Inner", "Parallel Aware": false, "Scan Direction": "Forward", "Index Name": "title_pkey", "Relation Name": "title", "Alias": "t2", "Startup Cost": 0.43, "Total Cost": 4.47, "Plan Rows": 1, "Plan Width": 4, "Actual Startup Time": 0.0, "Actual Total Time": 0.0, "Actual Rows": 0, "Actual Loops": 0, "Index Cond": "(id = ml.linked_movie_id)", "Rows Removed by Index Recheck": 0, "Heap Fetches": 0}]}]}]}]}, "Planning Time": 73.948, "Triggers": [], "Execution Time": 235.834}]
[{"Bao": {"Bao prediction": "NaN", "Bao recommended hint": "(no hint)"}}, {"Plan": {"Node Type": "Aggregate", "Strategy": "Plain", "Partial Mode": "Simple", "Parallel Aware": false, "Startup Cost": 409639.91, "Total Cost": 409639.92, "Plan Rows": 1, "Plan Width": 8, "Actual Startup Time": 1939.87, "Actual Total Time": 1974.791, "Actual Rows": 1, "Actual Loops": 1, "Plans": [{"Node Type": "Nested Loop", "Parent Relationship": "Outer", "Parallel Aware": false, "Join Type": "Inner", "Startup Cost": 392412.92, "Total Cost": 409639.91, "Plan Rows": 1, "Plan Width": 0, "Actual Startup Time": 1832.415, "Actual Total Time": 1974.538, "Actual Rows": 4803, "Actual Loops": 1, "Inner Unique": true, "Plans": [{"Node Type": "Gather", "Parent Relationship": "Outer", "Parallel Aware": false, "Startup Cost": 392412.77, "Total Cost": 409639.72, "Plan Rows": 1, "Plan Width": 4, "Actual Startup Time": 1832.397, "Actual Total Time": 1962.448, "Actual Rows": 15325, "Actual Loops": 1, "Workers Planned": 2, "Workers Launched": 2, "Single Copy": false, "Plans": [{"Node Type": "Hash Join", "Parent Relationship": "Outer", "Parallel Aware": true, "Join Type": "Inner", "Startup Cost": 391412.77, "Total Cost": 408639.62, "Plan Rows": 1, "Plan Width": 4, "Actual Startup Time": 1830.8, "Actual Total Time": 1931.67, "Actual Rows": 5108, "Actual Loops": 3, "Inner Unique": false, "Hash Cond": "(mi_idx.movie_id = t.id)", "Plans": [{"Node Type": "Seq Scan", "Parent Relationship": "Outer", "Parallel Aware": true, "Relation Name": "movie_info_idx", "Alias": "mi_idx", "Startup Cost": 0.0, "Total Cost": 15122.68, "Plan Rows": 561109, "Plan Width": 8, "Actual Startup Time": 0.012, "Actual Total Time": 76.857, "Actual Rows": 447629, "Actual Loops": 3, "Filter": "((info)::text < '8.5'::text)", "Rows Removed by Filter": 12383}, {"Node Type": "Hash", "Parent Relationship": "Inner", "Parallel Aware": true, "Startup Cost": 391412.76, "Total Cost": 391412.76, "Plan Rows": 1, "Plan Width": 20, "Actual Startup Time": 1824.013, "Actual Total Time": 1824.023, "Actual Rows": 1704, "Actual Loops": 3, "Hash Buckets": 4096, "Original Hash Buckets": 1024, "Hash Batches": 1, "Original Hash Batches": 1, "Peak Memory Usage": 376, "Plans": [{"Node Type": "Nested Loop", "Parent Relationship": "Outer", "Parallel Aware": false, "Join Type": "Inner", "Startup Cost": 356096.22, "Total Cost": 391412.76, "Plan Rows": 1, "Plan Width": 20, "Actual Startup Time": 1654.919, "Actual Total Time": 1790.347, "Actual Rows": 1704, "Actual Loops": 3, "Inner Unique": true, "Plans": [{"Node Type": "Nested Loop", "Parent Relationship": "Outer", "Parallel Aware": false, "Join Type": "Inner", "Startup Cost": 356095.8, "Total Cost": 391412.21, "Plan Rows": 1, "Plan Width": 24, "Actual Startup Time": 1654.906, "Actual Total Time": 1787.192, "Actual Rows": 1757, "Actual Loops": 3, "Inner Unique": true, "Plans": [{"Node Type": "Hash Join", "Parent Relationship": "Outer", "Parallel Aware": true, "Join Type": "Inner", "Startup Cost": 356095.65, "Total Cost": 391412.04, "Plan Rows": 1, "Plan Width": 28, "Actual Startup Time": 1654.883, "Actual Total Time": 1785.665, "Actual Rows": 1757, "Actual Loops": 3, "Inner Unique": false, "Hash Cond": "(mc.movie_id = t.id)", "Plans": [{"Node Type": "Seq Scan", "Parent Relationship": "Outer", "Parallel Aware": true, "Relation Name": "movie_companies", "Alias": "mc", "Startup Cost": 0.0, "Total Cost": 35097.06, "Plan Rows": 58487, "Plan Width": 12, "Actual Startup Time": 0.023, "Actual Total Time": 127.957, "Actual Rows": 101090, "Actual Loops": 3, "Filter": "(((note)::text !~~ '%(USA)%'::text) AND ((note)::text ~~ '%(200%)%'::text))", "Rows Removed by Filter": 768619}, {"Node Type": "Hash", "Parent Relationship": "Inner", "Parallel Aware": true, "Startup Cost": 356095.64, "Total Cost": 356095.64, "Plan Rows": 1, "Plan Width": 16, "Actual Startup Time": 1650.643, "Actual Total Time": 1650.65, "Actual Rows": 163, "Actual Loops": 3, "Hash Buckets": 1024, "Original Hash Buckets": 1024, "Hash Batches": 1, "Original Hash Batches": 1, "Peak Memory Usage": 104, "Plans": [{"Node Type": "Nested Loop", "Parent Relationship": "Outer", "Parallel Aware": false, "Join Type": "Inner", "Startup Cost": 305723.22, "Total Cost": 356095.64, "Plan Rows": 1, "Plan Width": 16, "Actual Startup Time": 1387.145, "Actual Total Time": 1650.538, "Actual Rows": 163, "Actual Loops": 3, "Inner Unique": true, "Plans": [{"Node Type": "Nested Loop", "Parent Relationship": "Outer", "Parallel Aware": false, "Join Type": "Inner", "Startup Cost": 305723.07, "Total Cost": 356095.47, "Plan Rows": 1, "Plan Width": 20, "Actual Startup Time": 1387.131, "Actual Total Time": 1650.299, "Actual Rows": 188, "Actual Loops": 3, "Inner Unique": true, "Plans": [{"Node Type": "Hash Join", "Parent Relationship": "Outer", "Parallel Aware": true, "Join Type": "Inner", "Startup Cost": 305722.65, "Total Cost": 356095.01, "Plan Rows": 1, "Plan Width": 24, "Actual Startup Time": 1380.352, "Actual Total Time": 1601.654, "Actual Rows": 26755, "Actual Loops": 3, "Inner Unique": false, "Hash Cond": "(mk.movie_id = t.id)", "Plans": [{"Node Type": "Seq Scan", "Parent Relationship": "Outer", "Parallel Aware": true, "Relation Name": "movie_keyword", "Alias": "mk", "Startup Cost": 0.0, "Total Cost": 43303.71, "Plan Rows": 1884971, "Plan Width": 8, "Actual Startup Time": 0.009, "Actual Total Time": 101.506, "Actual Rows": 1507977, "Actual Loops": 3}, {"Node Type": "Hash", "Parent Relationship": "Inner", "Parallel Aware": true, "Startup Cost": 305722.64, "Total Cost": 305722.64, "Plan Rows": 1, "Plan Width": 16, "Actual Startup Time": 1380.119, "Actual Total Time": 1380.124, "Actual Rows": 2334, "Actual Loops": 3, "Hash Buckets": 8192, "Original Hash Buckets": 1024, "Hash Batches": 1, "Original Hash Batches": 1, "Peak Memory Usage": 504, "Plans": [{"Node Type": "Nested Loop", "Parent Relationship": "Outer", "Parallel Aware": false, "Join Type": "Inner", "Startup Cost": 2470.02, "Total Cost": 305722.64, "Plan Rows": 1, "Plan Width": 16, "Actual Startup Time": 996.827, "Actual Total Time": 1325.811, "Actual Rows": 2334, "Actual Loops": 3, "Inner Unique": true, "Plans": [{"Node Type": "Nested Loop", "Parent Relationship": "Outer", "Parallel Aware": false, "Join Type": "Inner", "Startup Cost": 2469.87, "Total Cost": 305722.13, "Plan Rows": 3, "Plan Width": 20, "Actual Startup Time": 996.814, "Actual Total Time": 1323.113, "Actual Rows": 2632, "Actual Loops": 3, "Inner Unique": true, "Plans": [{"Node Type": "Hash Join", "Parent Relationship": "Outer", "Parallel Aware": false, "Join Type": "Inner", "Startup Cost": 2469.44, "Total Cost": 305718.02, "Plan Rows": 6, "Plan Width": 12, "Actual Startup Time": 996.776, "Actual Total Time": 1291.193, "Actual Rows": 9424, "Actual Loops": 3, "Inner Unique": true, "Hash Cond": "(mi.info_type_id = it1.id)", "Plans": [{"Node Type": "Hash Join", "Parent Relationship": "Outer", "Parallel Aware": false, "Join Type": "Inner", "Startup Cost": 2467.01, "Total Cost": 305713.85, "Plan Rows": 642, "Plan Width": 16, "Actual Startup Time": 30.226, "Actual Total Time": 1289.426, "Actual Rows": 12690, "Actual Loops": 3, "Inner Unique": false, "Hash Cond": "(mi.movie_id = cc.movie_id)", "Plans": [{"Node Type": "Seq Scan", "Parent Relationship": "Outer", "Parallel Aware": true, "Relation Name": "movie_info", "Alias": "mi", "Startup Cost": 0.0, "Total Cost": 302038.28, "Plan Rows": 320570, "Plan Width": 8, "Actual Startup Time": 0.556, "Actual Total Time": 1220.829, "Actual Rows": 238737, "Actual Loops": 3, "Filter": "((info)::text = ANY ('{Sweden,Norway,Germany,Denmark,Swedish,Danish,Norwegian,German,USA,American}'::text[]))", "Rows Removed by Filter": 4706503}, {"Node Type": "Hash", "Parent Relationship": "Inner", "Parallel Aware": false, "Startup Cost": 2457.5, "Total Cost": 2457.5, "Plan Rows": 761, "Plan Width": 8, "Actual Startup Time": 29.126, "Actual Total Time": 29.128, "Actual Rows": 49145, "Actual Loops": 3, "Hash Buckets": 65536, "Original Hash Buckets": 1024, "Hash Batches": 1, "Original Hash Batches": 1, "Peak Memory Usage": 2432, "Plans": [{"Node Type": "Hash Join", "Parent Relationship": "Outer", "Parallel Aware": false, "Join Type": "Inner", "Startup Cost": 18.93, "Total Cost": 2457.5, "Plan Rows": 761, "Plan Width": 8, "Actual Startup Time": 11.999, "Actual Total Time": 23.343, "Actual Rows": 49145, "Actual Loops": 3, "Inner Unique": true, "Hash Cond": "(cc.subject_id = cct1.id)", "Plans": [{"Node Type": "Seq Scan", "Parent Relationship": "Outer", "Parallel Aware": false, "Relation Name": "complete_cast", "Alias": "cc", "Startup Cost": 0.0, "Total Cost": 2081.86, "Plan Rows": 135086, "Plan Width": 12, "Actual Startup Time": 0.012, "Actual Total Time": 9.509, "Actual Rows": 135086, "Actual Loops": 3}, {"Node Type": "Hash", "Parent Relationship": "Inner", "Parallel Aware": false, "Startup Cost": 18.88, "Total Cost": 18.88, "Plan Rows": 4, "Plan Width": 4, "Actual Startup Time": 0.009, "Actual Total Time": 0.01, "Actual Rows": 1, "Actual Loops": 3, "Hash Buckets": 1024, "Original Hash Buckets": 1024, "Hash Batches": 1, "Original Hash Batches": 1, "Peak Memory Usage": 9, "Plans": [{"Node Type": "Seq Scan", "Parent Relationship": "Outer", "Parallel Aware": false, "Relation Name": "comp_cast_type", "Alias": "cct1", "Startup Cost": 0.0, "Total Cost": 18.88, "Plan Rows": 4, "Plan Width": 4, "Actual Startup Time": 0.007, "Actual Total Time": 0.008, "Actual Rows": 1, "Actual Loops": 3, "Filter": "((kind)::text = 'crew'::text)", "Rows Removed by Filter": 3}]}]}]}]}, {"Node Type": "Hash", "Parent Relationship": "Inner", "Parallel Aware": false, "Startup Cost": 2.41, "Total Cost": 2.41, "Plan Rows": 1, "Plan Width": 4, "Actual Startup Time": 0.029, "Actual Total Time": 0.03, "Actual Rows": 1, "Actual Loops": 3, "Hash Buckets": 1024, "Original Hash Buckets": 1024, "Hash Batches": 1, "Original Hash Batches": 1, "Peak Memory Usage": 9, "Plans": [{"Node Type": "Seq Scan", "Parent Relationship": "Outer", "Parallel Aware": false, "Relation Name": "info_type", "Alias": "it1", "Startup Cost": 0.0, "Total Cost": 2.41, "Plan Rows": 1, "Plan Width": 4, "Actual Startup Time": 0.018, "Actual Total Time": 0.025, "Actual Rows": 1, "Actual Loops": 3, "Filter": "((info)::text = 'countries'::text)", "Rows Removed by Filter": 112}]}]}, {"Node Type": "Index Scan", "Parent Relationship": "Inner", "Parallel Aware": false, "Scan Direction": "Forward", "Index Name": "title_pkey", "Relation Name": "title", "Alias": "t", "Startup Cost": 0.43, "Total Cost": 0.68, "Plan Rows": 1, "Plan Width": 8, "Actual Startup Time": 0.003, "Actual Total Time": 0.003, "Actual Rows": 0, "Actual Loops": 28273, "Index Cond": "(id = mi.movie_id)", "Rows Removed by Index Recheck": 0, "Filter": "(production_year > 2000)", "Rows Removed by Filter": 1}]}, {"Node Type": "Index Scan", "Parent Relationship": "Inner", "Parallel Aware": false, "Scan Direction": "Forward", "Index Name": "kind_type_pkey", "Relation Name": "kind_type", "Alias": "kt", "Startup Cost": 0.15, "Total Cost": 0.17, "Plan Rows": 1, "Plan Width": 4, "Actual Startup Time": 0.001, "Actual Total Time": 0.001, "Actual Rows": 1, "Actual Loops": 7895, "Index Cond": "(id = t.kind_id)", "Rows Removed by Index Recheck": 0, "Filter": "((kind)::text = ANY ('{movie,episode}'::text[]))", "Rows Removed by Filter": 0}]}]}]}, {"Node Type": "Index Scan", "Parent Relationship": "Inner", "Parallel Aware": false, "Scan Direction": "Forward", "Index Name": "keyword_pkey", "Relation Name": "keyword", "Alias": "k", "Startup Cost": 0.42, "Total Cost": 0.44, "Plan Rows": 1, "Plan Width": 4, "Actual Startup Time": 0.002, "Actual Total Time": 0.002, "Actual Rows": 0, "Actual Loops": 80266, "Index Cond": "(id = mk.keyword_id)", "Rows Removed by Index Recheck": 0, "Filter": "((keyword)::text = ANY ('{murder,murder-in-title,blood,violence}'::text[]))", "Rows Removed by Filter": 1}]}, {"Node Type": "Index Scan", "Parent Relationship": "Inner", "Parallel Aware": false, "Scan Direction": "Forward", "Index Name": "comp_cast_type_pkey", "Relation Name": "comp_cast_type", "Alias": "cct2", "Startup Cost": 0.15, "Total Cost": 0.17, "Plan Rows": 1, "Plan Width": 4, "Actual Startup Time": 0.001, "Actual Total Time": 0.001, "Actual Rows": 1, "Actual Loops": 564, "Index Cond": "(id = cc.status_id)", "Rows Removed by Index Recheck": 0, "Filter": "((kind)::text <> 'complete+verified'::text)", "Rows Removed by Filter": 0}]}]}]}, {"Node Type": "Index Only Scan", "Parent Relationship": "Inner", "Parallel Aware": false, "Scan Direction": "Forward", "Index Name": "company_type_pkey", "Relation Name": "company_type", "Alias": "ct", "Startup Cost": 0.15, "Total Cost": 0.17, "Plan Rows": 1, "Plan Width": 4, "Actual Startup Time": 0.001, "Actual Total Time": 0.001, "Actual Rows": 1, "Actual Loops": 5271, "Index Cond": "(id = mc.company_type_id)", "Rows Removed by Index Recheck": 0, "Heap Fetches": 5271}]}, {"Node Type": "Index Scan", "Parent Relationship": "Inner", "Parallel Aware": false, "Scan Direction": "Forward", "Index Name": "company_name_pkey", "Relation Name": "company_name", "Alias": "cn", "Startup Cost": 0.42, "Total Cost": 0.55, "Plan Rows": 1, "Plan Width": 4, "Actual Startup Time": 0.002, "Actual Total Time": 0.002, "Actual Rows": 1, "Actual Loops": 5271, "Index Cond": "(id = mc.company_id)", "Rows Removed by Index Recheck": 0, "Filter": "((country_code)::text <> '[us]'::text)", "Rows Removed by Filter": 0}]}]}]}]}, {"Node Type": "Index Scan", "Parent Relationship": "Inner", "Parallel Aware": false, "Scan Direction": "Forward", "Index Name": "info_type_pkey", "Relation Name": "info_type", "Alias": "it2", "Startup Cost": 0.14, "Total Cost": 0.16, "Plan Rows": 1, "Plan Width": 4, "Actual Startup Time": 0.001, "Actual Total Time": 0.001, "Actual Rows": 0, "Actual Loops": 15325, "Index Cond": "(id = mi_idx.info_type_id)", "Rows Removed by Index Recheck": 0, "Filter": "((info)::text = 'rating'::text)", "Rows Removed by Filter": 1}]}]}, "Planning Time": 226.478, "Triggers": [], "Execution Time": 1974.906}]
[{"Bao": {"Bao prediction": "NaN", "Bao recommended hint": "(no hint)"}}, {"Plan": {"Node Type": "Aggregate", "Strategy": "Plain", "Partial Mode": "Simple", "Parallel Aware": false, "Startup Cost": 497918.95, "Total Cost": 497918.96, "Plan Rows": 1, "Plan Width": 8, "Actual Startup Time": 1966.851, "Actual Total Time": 2004.369, "Actual Rows": 1, "Actual Loops": 1, "Plans": [{"Node Type": "Nested Loop", "Parent Relationship": "Outer", "Parallel Aware": false, "Join Type": "Inner", "Startup Cost": 481358.17, "Total Cost": 497918.95, "Plan Rows": 1, "Plan Width": 0, "Actual Startup Time": 1930.877, "Actual Total Time": 2004.36, "Actual Rows": 40, "Actual Loops": 1, "Inner Unique": true, "Plans": [{"Node Type": "Nested Loop", "Parent Relationship": "Outer", "Parallel Aware": false, "Join Type": "Inner", "Startup Cost": 481357.74, "Total Cost": 497918.25, "Plan Rows": 1, "Plan Width": 8, "Actual Startup Time": 1918.928, "Actual Total Time": 2004.118, "Actual Rows": 94, "Actual Loops": 1, "Inner Unique": true, "Plans": [{"Node Type": "Nested Loop", "Parent Relationship": "Outer", "Parallel Aware": false, "Join Type": "Inner", "Startup Cost": 481357.32, "Total Cost": 497917.65, "Plan Rows": 1, "Plan Width": 12, "Actual Startup Time": 1918.918, "Actual Total Time": 2003.855, "Actual Rows": 94, "Actual Loops": 1, "Inner Unique": true, "Plans": [{"Node Type": "Gather", "Parent Relationship": "Outer", "Parallel Aware": false, "Startup Cost": 481356.89, "Total Cost": 497916.94, "Plan Rows": 1, "Plan Width": 16, "Actual Startup Time": 1918.904, "Actual Total Time": 2003.578, "Actual Rows": 103, "Actual Loops": 1, "Workers Planned": 2, "Workers Launched": 2, "Single Copy": false, "Plans": [{"Node Type": "Hash Join", "Parent Relationship": "Outer", "Parallel Aware": true, "Join Type": "Inner", "Startup Cost": 480356.89, "Total Cost": 496916.84, "Plan Rows": 1, "Plan Width": 16, "Actual Startup Time": 1921.383, "Actual Total Time": 1963.701, "Actual Rows": 34, "Actual Loops": 3, "Inner Unique": false, "Hash Cond": "(an.person_id = n.id)", "Plans": [{"Node Type": "Seq Scan", "Parent Relationship": "Outer", "Parallel Aware": true, "Relation Name": "aka_name", "Alias": "an", "Startup Cost": 0.0, "Total Cost": 15151.6, "Plan Rows": 375560, "Plan Width": 4, "Actual Startup Time": 0.014, "Actual Total Time": 25.931, "Actual Rows": 300448, "Actual Loops": 3}, {"Node Type": "Hash", "Parent Relationship": "Inner", "Parallel Aware": true, "Startup Cost": 480356.88, "Total Cost": 480356.88, "Plan Rows": 1, "Plan Width": 24, "Actual Startup Time": 1915.36, "Actual Total Time": 1915.365, "Actual Rows": 29, "Actual Loops": 3, "Hash Buckets": 1024, "Original Hash Buckets": 1024, "Hash Batches": 1, "Original Hash Batches": 1, "Peak Memory Usage": 104, "Plans": [{"Node Type": "Nested Loop", "Parent Relationship": "Outer", "Parallel Aware": false, "Join Type": "Inner", "Startup Cost": 442219.76, "Total Cost": 480356.88, "Plan Rows": 1, "Plan Width": 24, "Actual Startup Time": 1874.537, "Actual Total Time": 1915.022, "Actual Rows": 29, "Actual Loops": 3, "Inner Unique": true, "Plans": [{"Node Type": "Hash Join", "Parent Relationship": "Outer", "Parallel Aware": true, "Join Type": "Inner", "Startup Cost": 442219.33, "Total Cost": 480193.82, "Plan Rows": 194, "Plan Width": 20, "Actual Startup Time": 1871.66, "Actual Total Time": 1886.195, "Actual Rows": 9700, "Actual Loops": 3, "Inner Unique": false, "Hash Cond": "(mc.movie_id = ci.movie_id)", "Plans": [{"Node Type": "Seq Scan", "Parent Relationship": "Outer", "Parallel Aware": true, "Relation Name": "movie_companies", "Alias": "mc", "Startup Cost": 0.0, "Total Cost": 37814.9, "Plan Rows": 42343, "Plan Width": 8, "Actual Startup Time": 0.03, "Actual Total Time": 128.701, "Actual Rows": 66173, "Actual Loops": 3, "Filter": "(((note)::text ~~ '%(200%)%'::text) AND (((note)::text ~~ '%(USA)%'::text) OR ((note)::text ~~ '%(worldwide)%'::text)))", "Rows Removed by Filter": 803537}, {"Node Type": "Hash", "Parent Relationship": "Inner", "Parallel Aware": true, "Startup Cost": 442197.95, "Total Cost": 442197.95, "Plan Rows": 1710, "Plan Width": 12, "Actual Startup Time": 1732.24, "Actual Total Time": 1732.242, "Actual Rows": 74229, "Actual Loops": 3, "Hash Buckets": 65536, "Original Hash Buckets": 8192, "Hash Batches": 8, "Original Hash Batches": 1, "Peak Memory Usage": 1888, "Plans": [{"Node Type": "Hash Join", "Parent Relationship": "Outer", "Parallel Aware": false, "Join Type": "Inner", "Startup Cost": 18.93, "Total Cost": 442197.95, "Plan Rows": 1710, "Plan Width": 12, "Actual Startup Time": 341.155, "Actual Total Time": 932.647, "Actual Rows": 74229, "Actual Loops": 3, "Inner Unique": true, "Hash Cond": "(ci.role_id = rt.id)", "Plans": [{"Node Type": "Seq Scan", "Parent Relationship": "Outer", "Parallel Aware": true, "Relation Name": "cast_info", "Alias": "ci", "Startup Cost": 0.0, "Total Cost": 441377.81, "Plan Rows": 303415, "Plan Width": 16, "Actual Startup Time": 0.045, "Actual Total Time": 909.801, "Actual Rows": 237943, "Actual Loops": 3, "Filter": "((note)::text = '(voice)'::text)", "Rows Removed by Filter": 11843505}, {"Node Type": "Hash", "Parent Relationship": "Inner", "Parallel Aware": false, "Startup Cost": 18.88, "Total Cost": 18.88, "Plan Rows": 4, "Plan Width": 4, "Actual Startup Time": 0.021, "Actual Total Time": 0.022, "Actual Rows": 1, "Actual Loops": 3, "Hash Buckets": 1024, "Original Hash Buckets": 1024, "Hash Batches": 1, "Original Hash Batches": 1, "Peak Memory Usage": 9, "Plans": [{"Node Type": "Seq Scan", "Parent Relationship": "Outer", "Parallel Aware": false, "Relation Name": "role_type", "Alias": "rt", "Startup Cost": 0.0, "Total Cost": 18.88, "Plan Rows": 4, "Plan Width": 4, "Actual Startup Time": 0.015, "Actual Total Time": 0.016, "Actual Rows": 1, "Actual Loops": 3, "Filter": "((role)::text = 'actress'::text)", "Rows Removed by Filter": 11}]}]}]}]}, {"Node Type": "Index Scan", "Parent Relationship": "Inner", "Parallel Aware": false, "Scan Direction": "Forward", "Index Name": "name_pkey", "Relation Name": "name", "Alias": "n", "Startup Cost": 0.43, "Total Cost": 0.84, "Plan Rows": 1, "Plan Width": 4, "Actual Startup Time": 0.003, "Actual Total Time": 0.003, "Actual Rows": 0, "Actual Loops": 29100, "Index Cond": "(id = ci.person_id)", "Rows Removed by Index Recheck": 0, "Filter": "(((name)::text ~~ '%Angel%'::text) AND ((gender)::text = 'f'::text))", "Rows Removed by Filter": 1}]}]}]}]}, {"Node Type": "Index Only Scan", "Parent Relationship": "Inner", "Parallel Aware": false, "Scan Direction": "Forward", "Index Name": "char_name_pkey", "Relation Name": "char_name", "Alias": "chn", "Startup Cost": 0.43, "Total Cost": 0.71, "Plan Rows": 1, "Plan Width": 4, "Actual Startup Time": 0.002, "Actual Total Time": 0.002, "Actual Rows": 1, "Actual Loops": 103, "Index Cond": "(id = ci.person_role_id)", "Rows Removed by Index Recheck": 0, "Heap Fetches": 94}]}, {"Node Type": "Index Scan", "Parent Relationship": "Inner", "Parallel Aware": false, "Scan Direction": "Forward", "Index Name": "company_name_pkey", "Relation Name": "company_name", "Alias": "cn", "Startup Cost": 0.42, "Total Cost": 0.59, "Plan Rows": 1, "Plan Width": 4, "Actual Startup Time": 0.002, "Actual Total Time": 0.002, "Actual Rows": 1, "Actual Loops": 94, "Index Cond": "(id = mc.company_id)", "Rows Removed by Index Recheck": 0, "Filter": "((country_code)::text = '[us]'::text)", "Rows Removed by Filter": 0}]}, {"Node Type": "Index Scan", "Parent Relationship": "Inner", "Parallel Aware": false, "Scan Direction": "Forward", "Index Name": "title_pkey", "Relation Name": "title", "Alias": "t", "Startup Cost": 0.43, "Total Cost": 0.7, "Plan Rows": 1, "Plan Width": 4, "Actual Startup Time": 0.002, "Actual Total Time": 0.002, "Actual Rows": 0, "Actual Loops": 94, "Index Cond": "(id = ci.movie_id)", "Rows Removed by Index Recheck": 0, "Filter": "((production_year >= 2007) AND (production_year <= 2010))", "Rows Removed by Filter": 1}]}]}, "Planning Time": 81.612, "Triggers": [], "Execution Time": 2004.454}]
[{"Bao": {"Bao prediction": "NaN", "Bao recommended hint": "(no hint)"}}, {"Plan": {"Node Type": "Aggregate", "Strategy": "Plain", "Partial Mode": "Finalize", "Parallel Aware": false, "Startup Cost": 364304.79, "Total Cost": 364304.8, "Plan Rows": 1, "Plan Width": 8, "Actual Startup Time": 978.403, "Actual Total Time": 1011.224, "Actual Rows": 1, "Actual Loops": 1, "Plans": [{"Node Type": "Gather", "Parent Relationship": "Outer", "Parallel Aware": false, "Startup Cost": 364304.58, "Total Cost": 364304.79, "Plan Rows": 2, "Plan Width": 8, "Actual Startup Time": 978.204, "Actual Total Time": 1011.219, "Actual Rows": 3, "Actual Loops": 1, "Workers Planned": 2, "Workers Launched": 2, "Single Copy": false, "Plans": [{"Node Type": "Aggregate", "Strategy": "Plain", "Partial Mode": "Partial", "Parent Relationship": "Outer", "Parallel Aware": false, "Startup Cost": 363304.58, "Total Cost": 363304.59, "Plan Rows": 1, "Plan Width": 8, "Actual Startup Time": 975.84, "Actual Total Time": 975.848, "Actual Rows": 1, "Actual Loops": 3, "Plans": [{"Node Type": "Hash Join", "Parent Relationship": "Outer", "Parallel Aware": true, "Join Type": "Inner", "Startup Cost": 355041.52, "Total Cost": 363304.46, "Plan Rows": 46, "Plan Width": 0, "Actual Startup Time": 955.361, "Actual Total Time": 975.809, "Actual Rows": 757, "Actual Loops": 3, "Inner Unique": false, "Hash Cond": "(at.movie_id = t.id)", "Plans": [{"Node Type": "Seq Scan", "Parent Relationship": "Outer", "Parallel Aware": true, "Relation Name": "aka_title", "Alias": "at", "Startup Cost": 0.0, "Total Cost": 7698.13, "Plan Rows": 150613, "Plan Width": 4, "Actual Startup Time": 0.022, "Actual Total Time": 10.886, "Actual Rows": 120491, "Actual Loops": 3}, {"Node Type": "Hash", "Parent Relationship": "Inner", "Parallel Aware": true, "Startup Cost": 355041.31, "Total Cost": 355041.31, "Plan Rows": 17, "Plan Width": 16, "Actual Startup Time": 954.553, "Actual Total Time": 954.56, "Actual Rows": 2655, "Actual Loops": 3, "Hash Buckets": 8192, "Original Hash Buckets": 1024, "Hash Batches": 1, "Original Hash Batches": 1, "Peak Memory Usage": 568, "Plans": [{"Node Type": "Nested Loop", "Parent Relationship": "Outer", "Parallel Aware": false, "Join Type": "Inner", "Startup Cost": 304661.91, "Total Cost": 355041.31, "Plan Rows": 17, "Plan Width": 16, "Actual Startup Time": 673.841, "Actual Total Time": 892.758, "Actual Rows": 2655, "Actual Loops": 3, "Inner Unique": true, "Plans": [{"Node Type": "Hash Join", "Parent Relationship": "Outer", "Parallel Aware": true, "Join Type": "Inner", "Startup Cost": 304661.49, "Total Cost": 355033.85, "Plan Rows": 17, "Plan Width": 20, "Actual Startup Time": 673.806, "Actual Total Time": 887.878, "Actual Rows": 2655, "Actual Loops": 3, "Inner Unique": false, "Hash Cond": "(mk.movie_id = t.id)", "Plans": [{"Node Type": "Seq Scan", "Parent Relationship": "Outer", "Parallel Aware": true, "Relation Name": "movie_keyword", "Alias": "mk", "Startup Cost": 0.0, "Total Cost": 43303.71, "Plan Rows": 1884971, "Plan Width": 8, "Actual Startup Time": 0.01, "Actual Total Time": 103.769, "Actual Rows": 1507977, "Actual Loops": 3}, {"Node Type": "Hash", "Parent Relationship": "Inner", "Parallel Aware": true, "Startup Cost": 304661.48, "Total Cost": 304661.48, "Plan Rows": 1, "Plan Width": 12, "Actual Startup Time": 673.527, "Actual Total Time": 673.533, "Actual Rows": 882, "Actual Loops": 3, "Hash Buckets": 4096, "Original Hash Buckets": 1024, "Hash Batches": 1, "Original Hash Batches": 1, "Peak Memory Usage": 248, "Plans": [{"Node Type": "Nested Loop", "Parent Relationship": "Outer", "Parallel Aware": false, "Join Type": "Inner", "Startup Cost": 270920.86, "Total Cost": 304661.48, "Plan Rows": 1, "Plan Width": 12, "Actual Startup Time": 475.525, "Actual Total Time": 629.886, "Actual Rows": 882, "Actual Loops": 3, "Inner Unique": true, "Plans": [{"Node Type": "Nested Loop", "Parent Relationship": "Outer", "Parallel Aware": false, "Join Type": "Inner", "Startup Cost": 270920.71, "Total Cost": 304661.31, "Plan Rows": 1, "Plan Width": 16, "Actual Startup Time": 475.508, "Actual Total Time": 628.981, "Actual Rows": 882, "Actual Loops": 3, "Inner Unique": true, "Join Filter": "(mi.movie_id = t.id)", "Rows Removed by Join Filter": 0, "Plans": [{"Node Type": "Nested Loop", "Parent Relationship": "Outer", "Parallel Aware": false, "Join Type": "Inner", "Startup Cost": 270920.28, "Total Cost": 304660.25, "Plan Rows": 2, "Plan Width": 12, "Actual Startup Time": 475.492, "Actual Total Time": 624.388, "Actual Rows": 882, "Actual Loops": 3, "Inner Unique": true, "Plans": [{"Node Type": "Hash Join", "Parent Relationship": "Outer", "Parallel Aware": true, "Join Type": "Inner", "Startup Cost": 270919.86, "Total Cost": 304658.02, "Plan Rows": 5, "Plan Width": 16, "Actual Startup Time": 475.461, "Actual Total Time": 621.251, "Actual Rows": 961, "Actual Loops": 3, "Inner Unique": false, "Hash Cond": "(mc.movie_id = mi.movie_id)", "Plans": [{"Node Type": "Seq Scan", "Parent Relationship": "Outer", "Parallel Aware": true, "Relation Name": "movie_companies", "Alias": "mc", "Startup Cost": 0.0, "Total Cost": 29661.37, "Plan Rows": 1087137, "Plan Width": 12, "Actual Startup Time": 0.01, "Actual Total Time": 64.196, "Actual Rows": 869710, "Actual Loops": 3}, {"Node Type": "Hash", "Parent Relationship": "Inner", "Parallel Aware": true, "Startup Cost": 270919.85, "Total Cost": 270919.85, "Plan Rows": 1, "Plan Width": 4, "Actual Startup Time": 475.163, "Actual Total Time": 475.165, "Actual Rows": 594, "Actual Loops": 3, "Hash Buckets": 1024, "Original Hash Buckets": 1024, "Hash Batches": 1, "Original Hash Batches": 1, "Peak Memory Usage": 104, "Plans": [{"Node Type": "Hash Join", "Parent Relationship": "Outer", "Parallel Aware": false, "Join Type": "Inner", "Startup Cost": 2.43, "Total Cost": 270919.85, "Plan Rows": 1, "Plan Width": 4, "Actual Startup Time": 128.095, "Actual Total Time": 474.996, "Actual Rows": 594, "Actual Loops": 3, "Inner Unique": true, "Hash Cond": "(mi.info_type_id = it1.id)", "Plans": [{"Node Type": "Seq Scan", "Parent Relationship": "Outer", "Parallel Aware": true, "Relation Name": "movie_info", "Alias": "mi", "Startup Cost": 0.0, "Total Cost": 270917.11, "Plan Rows": 117, "Plan Width": 8, "Actual Startup Time": 128.049, "Actual Total Time": 474.825, "Actual Rows": 594, "Actual Loops": 3, "Filter": "((info IS NOT NULL) AND ((note)::text ~~ '%internet%'::text) AND (((info)::text ~~ 'USA:% 199%'::text) OR ((info)::text ~~ 'USA:% 200%'::text)))", "Rows Removed by Filter": 4944646}, {"Node Type": "Hash", "Parent Relationship": "Inner", "Parallel Aware": false, "Startup Cost": 2.41, "Total Cost": 2.41, "Plan Rows": 1, "Plan Width": 4, "Actual Startup Time": 0.032, "Actual Total Time": 0.033, "Actual Rows": 1, "Actual Loops": 3, "Hash Buckets": 1024, "Original Hash Buckets": 1024, "Hash Batches": 1, "Original Hash Batches": 1, "Peak Memory Usage": 9, "Plans": [{"Node Type": "Seq Scan", "Parent Relationship": "Outer", "Parallel Aware": false, "Relation Name": "info_type", "Alias": "it1", "Startup Cost": 0.0, "Total Cost": 2.41, "Plan Rows": 1, "Plan Width": 4, "Actual Startup Time": 0.023, "Actual Total Time": 0.028, "Actual Rows": 1, "Actual Loops": 3, "Filter": "((info)::text = 'release dates'::text)", "Rows Removed by Filter": 112}]}]}]}]}, {"Node Type": "Index Scan", "Parent Relationship": "Inner", "Parallel Aware": false, "Scan Direction": "Forward", "Index Name": "company_name_pkey", "Relation Name": "company_name", "Alias": "cn", "Startup Cost": 0.42, "Total Cost": 0.45, "Plan Rows": 1, "Plan Width": 4, "Actual Startup Time": 0.003, "Actual Total Time": 0.003, "Actual Rows": 1, "Actual Loops": 2884, "Index Cond": "(id = mc.company_id)", "Rows Removed by Index Recheck": 0, "Filter": "((country_code)::text = '[us]'::text)", "Rows Removed by Filter": 0}]}, {"Node Type": "Index Scan", "Parent Relationship": "Inner", "Parallel Aware": false, "Scan Direction": "Forward", "Index Name": "title_pkey", "Relation Name": "title", "Alias": "t", "Startup Cost": 0.43, "Total Cost": 0.52, "Plan Rows": 1, "Plan Width": 4, "Actual Startup Time": 0.005, "Actual Total Time": 0.005, "Actual Rows": 1, "Actual Loops": 2647, "Index Cond": "(id = mc.movie_id)", "Rows Removed by Index Recheck": 0, "Filter": "(production_year > 1990)", "Rows Removed by Filter": 0}]}, {"Node Type": "Index Only Scan", "Parent Relationship": "Inner", "Parallel Aware": false, "Scan Direction": "Forward", "Index Name": "company_type_pkey", "Relation Name": "company_type", "Alias": "ct", "Startup Cost": 0.15, "Total Cost": 0.17, "Plan Rows": 1, "Plan Width": 4, "Actual Startup Time": 0.001, "Actual Total Time": 0.001, "Actual Rows": 1, "Actual Loops": 2647, "Index Cond": "(id = mc.company_type_id)", "Rows Removed by Index Recheck": 0, "Heap Fetches": 2647}]}]}]}, {"Node Type": "Index Only Scan", "Parent Relationship": "Inner", "Parallel Aware": false, "Scan Direction": "Forward", "Index Name": "keyword_pkey", "Relation Name": "keyword", "Alias": "k", "Startup Cost": 0.42, "Total Cost": 0.44, "Plan Rows": 1, "Plan Width": 4, "Actual Startup Time": 0.002, "Actual Total Time": 0.002, "Actual Rows": 1, "Actual Loops": 7964, "Index Cond": "(id = mk.keyword_id)", "Rows Removed by Index Recheck": 0, "Heap Fetches": 7964}]}]}]}]}]}]}, "Planning Time": 94.508, "Triggers": [], "Execution Time": 1011.322}]
[{"Bao": {"Bao prediction": "NaN", "Bao recommended hint": "(no hint)"}}, {"Plan": {"Node Type": "Aggregate", "Strategy": "Plain", "Partial Mode": "Finalize", "Parallel Aware": false, "Startup Cost": 545497.75, "Total Cost": 545497.76, "Plan Rows": 1, "Plan Width": 8, "Actual Startup Time": 1915.032, "Actual Total Time": 1949.139, "Actual Rows": 1, "Actual Loops": 1, "Plans": [{"Node Type": "Gather", "Parent Relationship": "Outer", "Parallel Aware": false, "Startup Cost": 545497.54, "Total Cost": 545497.75, "Plan Rows": 2, "Plan Width": 8, "Actual Startup Time": 1914.874, "Actual Total Time": 1949.132, "Actual Rows": 3, "Actual Loops": 1, "Workers Planned": 2, "Workers Launched": 2, "Single Copy": false, "Plans": [{"Node Type": "Aggregate", "Strategy": "Plain", "Partial Mode": "Partial", "Parent Relationship": "Outer", "Parallel Aware": false, "Startup Cost": 544497.54, "Total Cost": 544497.55, "Plan Rows": 1, "Plan Width": 8, "Actual Startup Time": 1912.555, "Actual Total Time": 1912.563, "Actual Rows": 1, "Actual Loops": 3, "Plans": [{"Node Type": "Nested Loop", "Parent Relationship": "Outer", "Parallel Aware": false, "Join Type": "Inner", "Startup Cost": 83706.28, "Total Cost": 544497.54, "Plan Rows": 1, "Plan Width": 0, "Actual Startup Time": 1729.448, "Actual Total Time": 1912.557, "Actual Rows": 5, "Actual Loops": 3, "Inner Unique": false, "Join Filter": "(ml.linked_movie_id = t.id)", "Rows Removed by Join Filter": 55312, "Plans": [{"Node Type": "Nested Loop", "Parent Relationship": "Outer", "Parallel Aware": false, "Join Type": "Inner", "Startup Cost": 83687.36, "Total Cost": 543934.32, "Plan Rows": 1, "Plan Width": 8, "Actual Startup Time": 1283.569, "Actual Total Time": 1863.649, "Actual Rows": 11, "Actual Loops": 3, "Inner Unique": true, "Plans": [{"Node Type": "Hash Join", "Parent Relationship": "Outer", "Parallel Aware": true, "Join Type": "Inner", "Startup Cost": 83686.93, "Total Cost": 543933.86, "Plan Rows": 1, "Plan Width": 4, "Actual Startup Time": 574.876, "Actual Total Time": 1862.776, "Actual Rows": 118, "Actual Loops": 3, "Inner Unique": false, "Hash Cond": "(ci.person_id = n.id)", "Plans": [{"Node Type": "Seq Scan", "Parent Relationship": "Outer", "Parallel Aware": true, "Relation Name": "cast_info", "Alias": "ci", "Startup Cost": 0.0, "Total Cost": 403639.65, "Plan Rows": 15095265, "Plan Width": 8, "Actual Startup Time": 0.009, "Actual Total Time": 875.513, "Actual Rows": 12081448, "Actual Loops": 3}, {"Node Type": "Hash", "Parent Relationship": "Inner", "Parallel Aware": true, "Startup Cost": 83686.92, "Total Cost": 83686.92, "Plan Rows": 1, "Plan Width": 12, "Actual Startup Time": 159.523, "Actual Total Time": 159.528, "Actual Rows": 1, "Actual Loops": 3, "Hash Buckets": 1024, "Original Hash Buckets": 1024, "Hash Batches": 1, "Original Hash Batches": 1, "Peak Memory Usage": 72, "Plans": [{"Node Type": "Nested Loop", "Parent Relationship": "Outer", "Parallel Aware": false, "Join Type": "Inner", "Startup Cost": 66502.6, "Total Cost": 83686.92, "Plan Rows": 1, "Plan Width": 12, "Actual Startup Time": 139.92, "Actual Total Time": 159.436, "Actual Rows": 1, "Actual Loops": 3, "Inner Unique": true, "Plans": [{"Node Type": "Hash Join", "Parent Relationship": "Outer", "Parallel Aware": true, "Join Type": "Inner", "Startup Cost": 66502.17, "Total Cost": 83686.06, "Plan Rows": 1, "Plan Width": 8, "Actual Startup Time": 106.273, "Actual Total Time": 159.04, "Actual Rows": 33, "Actual Loops": 3, "Inner Unique": false, "Hash Cond": "(an.person_id = pi.person_id)", "Plans": [{"Node Type": "Seq Scan", "Parent Relationship": "Outer", "Parallel Aware": true, "Relation Name": "aka_name", "Alias": "an", "Startup Cost": 0.0, "Total Cost": 16090.49, "Plan Rows": 291570, "Plan Width": 4, "Actual Startup Time": 0.009, "Actual Total Time": 45.604, "Actual Rows": 224897, "Actual Loops": 3, "Filter": "((name)::text ~~ '%a%'::text)", "Rows Removed by Filter": 75550}, {"Node Type": "Hash", "Parent Relationship": "Inner", "Parallel Aware": true, "Startup Cost": 66502.15, "Total Cost": 66502.15, "Plan Rows": 1, "Plan Width": 4, "Actual Startup Time": 100.62, "Actual Total Time": 100.622, "Actual Rows": 21, "Actual Loops": 3, "Hash Buckets": 1024, "Original Hash Buckets": 1024, "Hash Batches": 1, "Original Hash Batches": 1, "Peak Memory Usage": 104, "Plans": [{"Node Type": "Hash Join", "Parent Relationship": "Outer", "Parallel Aware": false, "Join Type": "Inner", "Startup Cost": 2.43, "Total Cost": 66502.15, "Plan Rows": 1, "Plan Width": 4, "Actual Startup Time": 3.011, "Actual Total Time": 100.588, "Actual Rows": 21, "Actual Loops": 3, "Inner Unique": true, "Hash Cond": "(pi.info_type_id = it.id)", "Plans": [{"Node Type": "Seq Scan", "Parent Relationship": "Outer", "Parallel Aware": true, "Relation Name": "person_info", "Alias": "pi", "Startup Cost": 0.0, "Total Cost": 66499.7, "Plan Rows": 12, "Plan Width": 8, "Actual Startup Time": 2.967, "Actual Total Time": 100.522, "Actual Rows": 21, "Actual Loops": 3, "Filter": "((note)::text = 'Volker Boehm'::text)", "Rows Removed by Filter": 987867}, {"Node Type": "Hash", "Parent Relationship": "Inner", "Parallel Aware": false, "Startup Cost": 2.41, "Total Cost": 2.41, "Plan Rows": 1, "Plan Width": 4, "Actual Startup Time": 0.033, "Actual Total Time": 0.034, "Actual Rows": 1, "Actual Loops": 3, "Hash Buckets": 1024, "Original Hash Buckets": 1024, "Hash Batches": 1, "Original Hash Batches": 1, "Peak Memory Usage": 9, "Plans": [{"Node Type": "Seq Scan", "Parent Relationship": "Outer", "Parallel Aware": false, "Relation Name": "info_type", "Alias": "it", "Startup Cost": 0.0, "Total Cost": 2.41, "Plan Rows": 1, "Plan Width": 4, "Actual Startup Time": 0.024, "Actual Total Time": 0.029, "Actual Rows": 1, "Actual Loops": 3, "Filter": "((info)::text = 'mini biography'::text)", "Rows Removed by Filter": 112}]}]}]}]}, {"Node Type": "Index Scan", "Parent Relationship": "Inner", "Parallel Aware": false, "Scan Direction": "Forward", "Index Name": "name_pkey", "Relation Name": "name", "Alias": "n", "Startup Cost": 0.43, "Total Cost": 0.86, "Plan Rows": 1, "Plan Width": 4, "Actual Startup Time": 0.012, "Actual Total Time": 0.012, "Actual Rows": 0, "Actual Loops": 98, "Index Cond": "(id = an.person_id)", "Rows Removed by Index Recheck": 0, "Filter": "(((name_pcode_cf)::text ~~ 'D%'::text) AND ((gender)::text = 'm'::text))", "Rows Removed by Filter": 1}]}]}]}, {"Node Type": "Index Scan", "Parent Relationship": "Inner", "Parallel Aware": false, "Scan Direction": "Forward", "Index Name": "title_pkey", "Relation Name": "title", "Alias": "t", "Startup Cost": 0.43, "Total Cost": 0.46, "Plan Rows": 1, "Plan Width": 4, "Actual Startup Time": 0.007, "Actual Total Time": 0.007, "Actual Rows": 0, "Actual Loops": 353, "Index Cond": "(id = ci.movie_id)", "Rows Removed by Index Recheck": 0, "Filter": "((production_year >= 1980) AND (production_year <= 1984))", "Rows Removed by Filter": 1}]}, {"Node Type": "Hash Join", "Parent Relationship": "Inner", "Parallel Aware": false, "Join Type": "Inner", "Startup Cost": 18.93, "Total Cost": 561.1, "Plan Rows": 169, "Plan Width": 4, "Actual Startup Time": 0.019, "Actual Total Time": 4.367, "Actual Rows": 5186, "Actual Loops": 32, "Inner Unique": true, "Hash Cond": "(ml.link_type_id = lt.id)", "Plans": [{"Node Type": "Seq Scan", "Parent Relationship": "Outer", "Parallel Aware": false, "Relation Name": "movie_link", "Alias": "ml", "Startup Cost": 0.0, "Total Cost": 462.97, "Plan Rows": 29997, "Plan Width": 8, "Actual Startup Time": 0.004, "Actual Total Time": 1.809, "Actual Rows": 29997, "Actual Loops": 32}, {"Node Type": "Hash", "Parent Relationship": "Inner", "Parallel Aware": false, "Startup Cost": 18.88, "Total Cost": 18.88, "Plan Rows": 4, "Plan Width": 4, "Actual Startup Time": 0.009, "Actual Total Time": 0.01, "Actual Rows": 1, "Actual Loops": 3, "Hash Buckets": 1024, "Original Hash Buckets": 1024, "Hash Batches": 1, "Original Hash Batches": 1, "Peak Memory Usage": 9, "Plans": [{"Node Type": "Seq Scan", "Parent Relationship": "Outer", "Parallel Aware": false, "Relation Name": "link_type", "Alias": "lt", "Startup Cost": 0.0, "Total Cost": 18.88, "Plan Rows": 4, "Plan Width": 4, "Actual Startup Time": 0.006, "Actual Total Time": 0.007, "Actual Rows": 1, "Actual Loops": 3, "Filter": "((link)::text = 'features'::text)", "Rows Removed by Filter": 17}]}]}]}]}]}]}, "Planning Time": 82.14, "Triggers": [], "Execution Time": 1949.221}]
[{"Bao": {"Bao prediction": "NaN", "Bao recommended hint": "(no hint)"}}, {"Plan": {"Node Type": "Aggregate", "Strategy": "Plain", "Partial Mode": "Finalize", "Parallel Aware": false, "Startup Cost": 288880.08, "Total Cost": 288880.09, "Plan Rows": 1, "Plan Width": 8, "Actual Startup Time": 905.959, "Actual Total Time": 934.392, "Actual Rows": 1, "Actual Loops": 1, "Plans": [{"Node Type": "Gather", "Parent Relationship": "Outer", "Parallel Aware": false, "Startup Cost": 288879.86, "Total Cost": 288880.07, "Plan Rows": 2, "Plan Width": 8, "Actual Startup Time": 905.825, "Actual Total Time": 934.387, "Actual Rows": 3, "Actual Loops": 1, "Workers Planned": 2, "Workers Launched": 2, "Single Copy": false, "Plans": [{"Node Type": "Aggregate", "Strategy": "Plain", "Partial Mode": "Partial", "Parent Relationship": "Outer", "Parallel Aware": false, "Startup Cost": 287879.86, "Total Cost": 287879.87, "Plan Rows": 1, "Plan Width": 8, "Actual Startup Time": 903.582, "Actual Total Time": 903.59, "Actual Rows": 1, "Actual Loops": 3, "Plans": [{"Node Type": "Nested Loop", "Parent Relationship": "Outer", "Parallel Aware": false, "Join Type": "Inner", "Startup Cost": 255324.61, "Total Cost": 287879.86, "Plan Rows": 1, "Plan Width": 0, "Actual Startup Time": 766.342, "Actual Total Time": 903.573, "Actual Rows": 132, "Actual Loops": 3, "Inner Unique": true, "Join Filter": "(mi.movie_id = t.id)", "Rows Removed by Join Filter": 0, "Plans": [{"Node Type": "Nested Loop", "Parent Relationship": "Outer", "Parallel Aware": false, "Join Type": "Inner", "Startup Cost": 255324.18, "Total Cost": 287879.33, "Plan Rows": 1, "Plan Width": 12, "Actual Startup Time": 761.362, "Actual Total Time": 901.002, "Actual Rows": 437, "Actual Loops": 3, "Inner Unique": true, "Plans": [{"Node Type": "Hash Join", "Parent Relationship": "Outer", "Parallel Aware": true, "Join Type": "Inner", "Startup Cost": 255323.76, "Total Cost": 287878.88, "Plan Rows": 1, "Plan Width": 16, "Actual Startup Time": 760.901, "Actual Total Time": 897.808, "Actual Rows": 839, "Actual Loops": 3, "Inner Unique": false, "Hash Cond": "(mc.movie_id = mi.movie_id)", "Plans": [{"Node Type": "Hash Join", "Parent Relationship": "Outer", "Parallel Aware": false, "Join Type": "Inner", "Startup Cost": 18.93, "Total Cost": 32551.06, "Plan Rows": 6125, "Plan Width": 8, "Actual Startup Time": 61.793, "Actual Total Time": 160.945, "Actual Rows": 444961, "Actual Loops": 3, "Inner Unique": true, "Hash Cond": "(mc.company_type_id = ct.id)", "Plans": [{"Node Type": "Seq Scan", "Parent Relationship": "Outer", "Parallel Aware": true, "Relation Name": "movie_companies", "Alias": "mc", "Startup Cost": 0.0, "Total Cost": 29661.37, "Plan Rows": 1087137, "Plan Width": 12, "Actual Startup Time": 0.017, "Actual Total Time": 62.724, "Actual Rows": 869710, "Actual Loops": 3}, {"Node Type": "Hash", "Parent Relationship": "Inner", "Parallel Aware": false, "Startup Cost": 18.88, "Total Cost": 18.88, "Plan Rows": 4, "Plan Width": 4, "Actual Startup Time": 0.021, "Actual Total Time": 0.021, "Actual Rows": 1, "Actual Loops": 3, "Hash Buckets": 1024, "Original Hash Buckets": 1024, "Hash Batches": 1, "Original Hash Batches": 1, "Peak Memory Usage": 9, "Plans": [{"Node Type": "Seq Scan", "Parent Relationship": "Outer", "Parallel Aware": false, "Relation Name": "company_type", "Alias": "ct", "Startup Cost": 0.0, "Total Cost": 18.88, "Plan Rows": 4, "Plan Width": 4, "Actual Startup Time": 0.015, "Actual Total Time": 0.016, "Actual Rows": 1, "Actual Loops": 3, "Filter": "((kind)::text = 'production companies'::text)", "Rows Removed by Filter": 3}]}]}, {"Node Type": "Hash", "Parent Relationship": "Inner", "Parallel Aware": true, "Startup Cost": 255304.83, "Total Cost": 255304.83, "Plan Rows": 1, "Plan Width": 8, "Actual Startup Time": 697.759, "Actual Total Time": 697.764, "Actual Rows": 648, "Actual Loops": 3, "Hash Buckets": 1024, "Original Hash Buckets": 1024, "Hash Batches": 1, "Original Hash Batches": 1, "Peak Memory Usage": 104, "Plans": [{"Node Type": "Hash Join", "Parent Relationship": "Outer", "Parallel Aware": true, "Join Type": "Inner", "Startup Cost": 15185.74, "Total Cost": 255304.83, "Plan Rows": 1, "Plan Width": 8, "Actual Startup Time": 603.087, "Actual Total Time": 697.418, "Actual Rows": 648, "Actual Loops": 3, "Inner Unique": false, "Hash Cond": "(mi.movie_id = mi_idx.movie_id)", "Plans": [{"Node Type": "Hash Join", "Parent Relationship": "Outer", "Parallel Aware": false, "Join Type": "Inner", "Startup Cost": 2.43, "Total Cost": 240117.6, "Plan Rows": 1038, "Plan Width": 4, "Actual Startup Time": 530.826, "Actual Total Time": 616.478, "Actual Rows": 90907, "Actual Loops": 3, "Inner Unique": true, "Hash Cond": "(mi.info_type_id = it1.id)", "Plans": [{"Node Type": "Seq Scan", "Parent Relationship": "Outer", "Parallel Aware": true, "Relation Name": "movie_info", "Alias": "mi", "Startup Cost": 0.0, "Total Cost": 239795.93, "Plan Rows": 117223, "Plan Width": 8, "Actual Startup Time": 373.813, "Actual Total Time": 604.748, "Actual Rows": 91548, "Actual Loops": 3, "Filter": "((info)::text = ANY ('{Drama,Horror}'::text[]))", "Rows Removed by Filter": 4853692}, {"Node Type": "Hash", "Parent Relationship": "Inner", "Parallel Aware": false, "Startup Cost": 2.41, "Total Cost": 2.41, "Plan Rows": 1, "Plan Width": 4, "Actual Startup Time": 0.025, "Actual Total Time": 0.025, "Actual Rows": 1, "Actual Loops": 3, "Hash Buckets": 1024, "Original Hash Buckets": 1024, "Hash Batches": 1, "Original Hash Batches": 1, "Peak Memory Usage": 9, "Plans": [{"Node Type": "Seq Scan", "Parent Relationship": "Outer", "Parallel Aware": false, "Relation Name": "info_type", "Alias": "it1", "Startup Cost": 0.0, "Total Cost": 2.41, "Plan Rows": 1, "Plan Width": 4, "Actual Startup Time": 0.016, "Actual Total Time": 0.022, "Actual Rows": 1, "Actual Loops": 3, "Filter": "((info)::text = 'genres'::text)", "Rows Removed by Filter": 112}]}]}, {"Node Type": "Hash", "Parent Relationship": "Inner", "Parallel Aware": true, "Startup Cost": 15181.04, "Total Cost": 15181.04, "Plan Rows": 182, "Plan Width": 4, "Actual Startup Time": 72.068, "Actual Total Time": 72.07, "Actual Rows": 5283, "Actual Loops": 3, "Hash Buckets": 16384, "Original Hash Buckets": 1024, "Hash Batches": 1, "Original Hash Batches": 1, "Peak Memory Usage": 952, "Plans": [{"Node Type": "Hash Join", "Parent Relationship": "Outer", "Parallel Aware": false, "Join Type": "Inner", "Startup Cost": 2.43, "Total Cost": 15181.04, "Plan Rows": 182, "Plan Width": 4, "Actual Startup Time": 0.074, "Actual Total Time": 64.128, "Actual Rows": 5283, "Actual Loops": 3, "Inner Unique": true, "Hash Cond": "(mi_idx.info_type_id = it2.id)", "Plans": [{"Node Type": "Seq Scan", "Parent Relationship": "Outer", "Parallel Aware": true, "Relation Name": "movie_info_idx", "Alias": "mi_idx", "Startup Cost": 0.0, "Total Cost": 15122.68, "Plan Rows": 20538, "Plan Width": 8, "Actual Startup Time": 0.022, "Actual Total Time": 62.669, "Actual Rows": 17883, "Actual Loops": 3, "Filter": "((info)::text > '8.0'::text)", "Rows Removed by Filter": 442129}, {"Node Type": "Hash", "Parent Relationship": "Inner", "Parallel Aware": false, "Startup Cost": 2.41, "Total Cost": 2.41, "Plan Rows": 1, "Plan Width": 4, "Actual Startup Time": 0.032, "Actual Total Time": 0.033, "Actual Rows": 1, "Actual Loops": 3, "Hash Buckets": 1024, "Original Hash Buckets": 1024, "Hash Batches": 1, "Original Hash Batches": 1, "Peak Memory Usage": 9, "Plans": [{"Node Type": "Seq Scan", "Parent Relationship": "Outer", "Parallel Aware": false, "Relation Name": "info_type", "Alias": "it2", "Startup Cost": 0.0, "Total Cost": 2.41, "Plan Rows": 1, "Plan Width": 4, "Actual Startup Time": 0.026, "Actual Total Time": 0.027, "Actual Rows": 1, "Actual Loops": 3, "Filter": "((info)::text = 'rating'::text)", "Rows Removed by Filter": 112}]}]}]}]}]}]}, {"Node Type": "Index Scan", "Parent Relationship": "Inner", "Parallel Aware": false, "Scan Direction": "Forward", "Index Name": "company_name_pkey", "Relation Name": "company_name", "Alias": "cn", "Startup Cost": 0.42, "Total Cost": 0.45, "Plan Rows": 1, "Plan Width": 4, "Actual Startup Time": 0.003, "Actual Total Time": 0.003, "Actual Rows": 1, "Actual Loops": 2518, "Index Cond": "(id = mc.company_id)", "Rows Removed by Index Recheck": 0, "Filter": "((country_code)::text = '[us]'::text)", "Rows Removed by Filter": 0}]}, {"Node Type": "Index Scan", "Parent Relationship": "Inner", "Parallel Aware": false, "Scan Direction": "Forward", "Index Name": "title_pkey", "Relation Name": "title", "Alias": "t", "Startup Cost": 0.43, "Total Cost": 0.52, "Plan Rows": 1, "Plan Width": 4, "Actual Startup Time": 0.006, "Actual Total Time": 0.006, "Actual Rows": 0, "Actual Loops": 1311, "Index Cond": "(id = mc.movie_id)", "Rows Removed by Index Recheck": 0, "Filter": "((production_year >= 2005) AND (production_year <= 2008))", "Rows Removed by Filter": 1}]}]}]}]}, "Planning Time": 80.841, "Triggers": [], "Execution Time": 934.475}]
[{"Bao": {"Bao prediction": "NaN", "Bao recommended hint": "(no hint)"}}, {"Plan": {"Node Type": "Aggregate", "Strategy": "Plain", "Partial Mode": "Simple", "Parallel Aware": false, "Startup Cost": 533834.42, "Total Cost": 533834.43, "Plan Rows": 1, "Plan Width": 8, "Actual Startup Time": 1717.327, "Actual Total Time": 1752.673, "Actual Rows": 1, "Actual Loops": 1, "Plans": [{"Node Type": "Nested Loop", "Parent Relationship": "Outer", "Parallel Aware": false, "Join Type": "Inner", "Startup Cost": 517273.91, "Total Cost": 533834.42, "Plan Rows": 1, "Plan Width": 0, "Actual Startup Time": 1678.396, "Actual Total Time": 1752.66, "Actual Rows": 121, "Actual Loops": 1, "Inner Unique": true, "Plans": [{"Node Type": "Nested Loop", "Parent Relationship": "Outer", "Parallel Aware": false, "Join Type": "Inner", "Startup Cost": 517273.48, "Total Cost": 533833.76, "Plan Rows": 1, "Plan Width": 8, "Actual Startup Time": 1678.354, "Actual Total Time": 1751.929, "Actual Rows": 341, "Actual Loops": 1, "Inner Unique": true, "Plans": [{"Node Type": "Gather", "Parent Relationship": "Outer", "Parallel Aware": false, "Startup Cost": 517273.05, "Total Cost": 533833.1, "Plan Rows": 1, "Plan Width": 12, "Actual Startup Time": 1678.341, "Actual Total Time": 1751.172, "Actual Rows": 359, "Actual Loops": 1, "Workers Planned": 2, "Workers Launched": 2, "Single Copy": false, "Plans": [{"Node Type": "Hash Join", "Parent Relationship": "Outer", "Parallel Aware": true, "Join Type": "Inner", "Startup Cost": 516273.05, "Total Cost": 532833.0, "Plan Rows": 1, "Plan Width": 12, "Actual Startup Time": 1670.347, "Actual Total Time": 1714.036, "Actual Rows": 120, "Actual Loops": 3, "Inner Unique": false, "Hash Cond": "(an.person_id = n.id)", "Plans": [{"Node Type": "Seq Scan", "Parent Relationship": "Outer", "Parallel Aware": true, "Relation Name": "aka_name", "Alias": "an", "Startup Cost": 0.0, "Total Cost": 15151.6, "Plan Rows": 375560, "Plan Width": 4, "Actual Startup Time": 0.016, "Actual Total Time": 25.083, "Actual Rows": 300448, "Actual Loops": 3}, {"Node Type": "Hash", "Parent Relationship": "Inner", "Parallel Aware": true, "Startup Cost": 516273.03, "Total Cost": 516273.03, "Plan Rows": 1, "Plan Width": 20, "Actual Startup Time": 1666.114, "Actual Total Time": 1666.261, "Actual Rows": 110, "Actual Loops": 3, "Hash Buckets": 1024, "Original Hash Buckets": 1024, "Hash Batches": 1, "Original Hash Batches": 1, "Peak Memory Usage": 104, "Plans": [{"Node Type": "Nested Loop", "Parent Relationship": "Outer", "Parallel Aware": false, "Join Type": "Inner", "Startup Cost": 480147.95, "Total Cost": 516273.03, "Plan Rows": 1, "Plan Width": 20, "Actual Startup Time": 1508.32, "Actual Total Time": 1666.062, "Actual Rows": 110, "Actual Loops": 3, "Inner Unique": true, "Plans": [{"Node Type": "Nested Loop", "Parent Relationship": "Outer", "Parallel Aware": false, "Join Type": "Inner", "Startup Cost": 480147.52, "Total Cost": 516074.94, "Plan Rows": 258, "Plan Width": 16, "Actual Startup Time": 1502.707, "Actual Total Time": 1594.631, "Actual Rows": 26554, "Actual Loops": 3, "Inner Unique": true, "Plans": [{"Node Type": "Hash Join", "Parent Relationship": "Outer", "Parallel Aware": true, "Join Type": "Inner", "Startup Cost": 480147.1, "Total Cost": 515723.47, "Plan Rows": 716, "Plan Width": 20, "Actual Startup Time": 1502.685, "Actual Total Time": 1541.846, "Actual Rows": 28685, "Actual Loops": 3, "Inner Unique": false, "Hash Cond": "(mc.movie_id = ci.movie_id)", "Plans": [{"Node Type": "Seq Scan", "Parent Relationship": "Outer", "Parallel Aware": true, "Relation Name": "movie_companies", "Alias": "mc", "Startup Cost": 0.0, "Total Cost": 35097.06, "Plan Rows": 127023, "Plan Width": 8, "Actual Startup Time": 0.019, "Actual Total Time": 139.794, "Actual Rows": 196998, "Actual Loops": 3, "Filter": "((note IS NOT NULL) AND (((note)::text ~~ '%(USA)%'::text) OR ((note)::text ~~ '%(worldwide)%'::text)))", "Rows Removed by Filter": 672712}, {"Node Type": "Hash", "Parent Relationship": "Inner", "Parallel Aware": true, "Startup Cost": 480120.81, "Total Cost": 480120.81, "Plan Rows": 2103, "Plan Width": 12, "Actual Startup Time": 1337.279, "Actual Total Time": 1337.281, "Actual Rows": 92055, "Actual Loops": 3, "Hash Buckets": 65536, "Original Hash Buckets": 8192, "Hash Batches": 8, "Original Hash Batches": 1, "Peak Memory Usage": 2176, "Plans": [{"Node Type": "Hash Join", "Parent Relationship": "Outer", "Parallel Aware": false, "Join Type": "Inner", "Startup Cost": 18.93, "Total Cost": 480120.81, "Plan Rows": 2103, "Plan Width": 12, "Actual Startup Time": 402.119, "Actual Total Time": 1308.19, "Actual Rows": 92055, "Actual Loops": 3, "Inner Unique": true, "Hash Cond": "(ci.role_id = rt.id)", "Plans": [{"Node Type": "Seq Scan", "Parent Relationship": "Outer", "Parallel Aware": true, "Relation Name": "cast_info", "Alias": "ci", "Startup Cost": 0.0, "Total Cost": 479115.98, "Plan Rows": 373356, "Plan Width": 16, "Actual Startup Time": 0.026, "Actual Total Time": 1279.657, "Actual Rows": 289159, "Actual Loops": 3, "Filter": "((note)::text = ANY ('{(voice),\"(voice: Japanese version)\",\"(voice) (uncredited)\",\"(voice: English version)\"}'::text[]))", "Rows Removed by Filter": 11792289}, {"Node Type": "Hash", "Parent Relationship": "Inner", "Parallel Aware": false, "Startup Cost": 18.88, "Total Cost": 18.88, "Plan Rows": 4, "Plan Width": 4, "Actual Startup Time": 0.042, "Actual Total Time": 0.042, "Actual Rows": 1, "Actual Loops": 3, "Hash Buckets": 1024, "Original Hash Buckets": 1024, "Hash Batches": 1, "Original Hash Batches": 1, "Peak Memory Usage": 9, "Plans": [{"Node Type": "Seq Scan", "Parent Relationship": "Outer", "Parallel Aware": false, "Relation Name": "role_type", "Alias": "rt", "Startup Cost": 0.0, "Total Cost": 18.88, "Plan Rows": 4, "Plan Width": 4, "Actual Startup Time": 0.027, "Actual Total Time": 0.028, "Actual Rows": 1, "Actual Loops": 3, "Filter": "((role)::text = 'actress'::text)", "Rows Removed by Filter": 11}]}]}]}]}, {"Node Type": "Index Scan", "Parent Relationship": "Inner", "Parallel Aware": false, "Scan Direction": "Forward", "Index Name": "company_name_pkey", "Relation Name": "company_name", "Alias": "cn", "Startup Cost": 0.42, "Total Cost": 0.49, "Plan Rows": 1, "Plan Width": 4, "Actual Startup Time": 0.002, "Actual Total Time": 0.002, "Actual Rows": 1, "Actual Loops": 86056, "Index Cond": "(id = mc.company_id)", "Rows Removed by Index Recheck": 0, "Filter": "((country_code)::text = '[us]'::text)", "Rows Removed by Filter": 0}]}, {"Node Type": "Index Scan", "Parent Relationship": "Inner", "Parallel Aware": false, "Scan Direction": "Forward", "Index Name": "name_pkey", "Relation Name": "name", "Alias": "n", "Startup Cost": 0.43, "Total Cost": 0.77, "Plan Rows": 1, "Plan Width": 4, "Actual Startup Time": 0.003, "Actual Total Time": 0.003, "Actual Rows": 0, "Actual Loops": 79662, "Index Cond": "(id = ci.person_id)", "Rows Removed by Index Recheck": 0, "Filter": "(((name)::text ~~ '%Ang%'::text) AND ((gender)::text = 'f'::text))", "Rows Removed by Filter": 1}]}]}]}]}, {"Node Type": "Index Only Scan", "Parent Relationship": "Inner", "Parallel Aware": false, "Scan Direction": "Forward", "Index Name": "char_name_pkey", "Relation Name": "char_name", "Alias": "chn", "Startup Cost": 0.43, "Total Cost": 0.66, "Plan Rows": 1, "Plan Width": 4, "Actual Startup Time": 0.002, "Actual Total Time": 0.002, "Actual Rows": 1, "Actual Loops": 359, "Index Cond": "(id = ci.person_role_id)", "Rows Removed by Index Recheck": 0, "Heap Fetches": 341}]}, {"Node Type": "Index Scan", "Parent Relationship": "Inner", "Parallel Aware": false, "Scan Direction": "Forward", "Index Name": "title_pkey", "Relation Name": "title", "Alias": "t", "Startup Cost": 0.43, "Total Cost": 0.65, "Plan Rows": 1, "Plan Width": 4, "Actual Startup Time": 0.002, "Actual Total Time": 0.002, "Actual Rows": 0, "Actual Loops": 341, "Index Cond": "(id = ci.movie_id)", "Rows Removed by Index Recheck": 0, "Filter": "((production_year >= 2005) AND (production_year <= 2015))", "Rows Removed by Filter": 1}]}]}, "Planning Time": 82.165, "Triggers": [], "Execution Time": 1752.755}]
[{"Bao": {"Bao prediction": "NaN", "Bao recommended hint": "(no hint)"}}, {"Plan": {"Node Type": "Aggregate", "Strategy": "Plain", "Partial Mode": "Finalize", "Parallel Aware": false, "Startup Cost": 753206.23, "Total Cost": 753206.24, "Plan Rows": 1, "Plan Width": 8, "Actual Startup Time": 2734.675, "Actual Total Time": 2794.267, "Actual Rows": 1, "Actual Loops": 1, "Plans": [{"Node Type": "Gather", "Parent Relationship": "Outer", "Parallel Aware": false, "Startup Cost": 753206.01, "Total Cost": 753206.22, "Plan Rows": 2, "Plan Width": 8, "Actual Startup Time": 2733.686, "Actual Total Time": 2794.261, "Actual Rows": 3, "Actual Loops": 1, "Workers Planned": 2, "Workers Launched": 2, "Single Copy": false, "Plans": [{"Node Type": "Aggregate", "Strategy": "Plain", "Partial Mode": "Partial", "Parent Relationship": "Outer", "Parallel Aware": false, "Startup Cost": 752206.01, "Total Cost": 752206.02, "Plan Rows": 1, "Plan Width": 8, "Actual Startup Time": 2731.218, "Actual Total Time": 2731.229, "Actual Rows": 1, "Actual Loops": 3, "Plans": [{"Node Type": "Nested Loop", "Parent Relationship": "Outer", "Parallel Aware": false, "Join Type": "Inner", "Startup Cost": 714229.25, "Total Cost": 752206.01, "Plan Rows": 1, "Plan Width": 0, "Actual Startup Time": 2704.7, "Actual Total Time": 2731.225, "Actual Rows": 5, "Actual Loops": 3, "Inner Unique": true, "Join Filter": "(mi.movie_id = t.id)", "Rows Removed by Join Filter": 0, "Plans": [{"Node Type": "Nested Loop", "Parent Relationship": "Outer", "Parallel Aware": false, "Join Type": "Inner", "Startup Cost": 714228.82, "Total Cost": 752204.53, "Plan Rows": 1, "Plan Width": 12, "Actual Startup Time": 2622.472, "Actual Total Time": 2731.127, "Actual Rows": 21, "Actual Loops": 3, "Inner Unique": true, "Join Filter": "(ci.person_id = n.id)", "Rows Removed by Join Filter": 0, "Plans": [{"Node Type": "Nested Loop", "Parent Relationship": "Outer", "Parallel Aware": false, "Join Type": "Inner", "Startup Cost": 714228.39, "Total Cost": 752202.94, "Plan Rows": 1, "Plan Width": 20, "Actual Startup Time": 2585.946, "Actual Total Time": 2724.695, "Actual Rows": 3634, "Actual Loops": 3, "Inner Unique": true, "Plans": [{"Node Type": "Hash Join", "Parent Relationship": "Outer", "Parallel Aware": true, "Join Type": "Inner", "Startup Cost": 714227.97, "Total Cost": 752201.66, "Plan Rows": 1, "Plan Width": 24, "Actual Startup Time": 2585.923, "Actual Total Time": 2718.925, "Actual Rows": 3701, "Actual Loops": 3, "Inner Unique": false, "Hash Cond": "(mc.movie_id = mi.movie_id)", "Plans": [{"Node Type": "Seq Scan", "Parent Relationship": "Outer", "Parallel Aware": true, "Relation Name": "movie_companies", "Alias": "mc", "Startup Cost": 0.0, "Total Cost": 37814.9, "Plan Rows": 42343, "Plan Width": 8, "Actual Startup Time": 0.016, "Actual Total Time": 128.141, "Actual Rows": 66173, "Actual Loops": 3, "Filter": "(((note)::text ~~ '%(200%)%'::text) AND (((note)::text ~~ '%(USA)%'::text) OR ((note)::text ~~ '%(worldwide)%'::text)))", "Rows Removed by Filter": 803537}, {"Node Type": "Hash", "Parent Relationship": "Inner", "Parallel Aware": true, "Startup Cost": 714227.95, "Total Cost": 714227.95, "Plan Rows": 1, "Plan Width": 16, "Actual Startup Time": 2583.973, "Actual Total Time": 2583.98, "Actual Rows": 7123, "Actual Loops": 3, "Hash Buckets": 32768, "Original Hash Buckets": 1024, "Hash Batches": 1, "Original Hash Batches": 1, "Peak Memory Usage": 1560, "Plans": [{"Node Type": "Hash Join", "Parent Relationship": "Outer", "Parallel Aware": true, "Join Type": "Inner", "Startup Cost": 697668.0, "Total Cost": 714227.95, "Plan Rows": 1, "Plan Width": 16, "Actual Startup Time": 2513.946, "Actual Total Time": 2566.174, "Actual Rows": 7123, "Actual Loops": 3, "Inner Unique": false, "Hash Cond": "(an.person_id = ci.person_id)", "Plans": [{"Node Type": "Seq Scan", "Parent Relationship": "Outer", "Parallel Aware": true, "Relation Name": "aka_name", "Alias": "an", "Startup Cost": 0.0, "Total Cost": 15151.6, "Plan Rows": 375560, "Plan Width": 4, "Actual Startup Time": 0.015, "Actual Total Time": 24.995, "Actual Rows": 300448, "Actual Loops": 3}, {"Node Type": "Hash", "Parent Relationship": "Inner", "Parallel Aware": true, "Startup Cost": 697667.99, "Total Cost": 697667.99, "Plan Rows": 1, "Plan Width": 12, "Actual Startup Time": 2513.706, "Actual Total Time": 2513.712, "Actual Rows": 4491, "Actual Loops": 3, "Hash Buckets": 16384, "Original Hash Buckets": 1024, "Hash Batches": 1, "Original Hash Batches": 1, "Peak Memory Usage": 920, "Plans": [{"Node Type": "Nested Loop", "Parent Relationship": "Outer", "Parallel Aware": false, "Join Type": "Inner", "Startup Cost": 442222.18, "Total Cost": 697667.99, "Plan Rows": 1, "Plan Width": 12, "Actual Startup Time": 2482.742, "Actual Total Time": 2504.812, "Actual Rows": 4491, "Actual Loops": 3, "Inner Unique": true, "Plans": [{"Node Type": "Hash Join", "Parent Relationship": "Outer", "Parallel Aware": true, "Join Type": "Inner", "Startup Cost": 442221.75, "Total Cost": 697666.49, "Plan Rows": 1, "Plan Width": 16, "Actual Startup Time": 2482.704, "Actual Total Time": 2489.943, "Actual Rows": 4684, "Actual Loops": 3, "Inner Unique": false, "Hash Cond": "(mi.movie_id = ci.movie_id)", "Plans": [{"Node Type": "Hash Join", "Parent Relationship": "Outer", "Parallel Aware": false, "Join Type": "Inner", "Startup Cost": 2.43, "Total Cost": 255446.09, "Plan Rows": 283, "Plan Width": 4, "Actual Startup Time": 204.842, "Actual Total Time": 758.347, "Actual Rows": 23159, "Actual Loops": 3, "Inner Unique": true, "Hash Cond": "(mi.info_type_id = it.id)", "Plans": [{"Node Type": "Seq Scan", "Parent Relationship": "Outer", "Parallel Aware": true, "Relation Name": "movie_info", "Alias": "mi", "Startup Cost": 0.0, "Total Cost": 255356.52, "Plan Rows": 32001, "Plan Width": 8, "Actual Startup Time": 204.792, "Actual Total Time": 755.118, "Actual Rows": 23159, "Actual Loops": 3, "Filter": "((info IS NOT NULL) AND (((info)::text ~~ 'Japan:%2007%'::text) OR ((info)::text ~~ 'USA:%2008%'::text)))", "Rows Removed by Filter": 4922081}, {"Node Type": "Hash", "Parent Relationship": "Inner", "Parallel Aware": false, "Startup Cost": 2.41, "Total Cost": 2.41, "Plan Rows": 1, "Plan Width": 4, "Actual Startup Time": 0.03, "Actual Total Time": 0.03, "Actual Rows": 1, "Actual Loops": 3, "Hash Buckets": 1024, "Original Hash Buckets": 1024, "Hash Batches": 1, "Original Hash Batches": 1, "Peak Memory Usage": 9, "Plans": [{"Node Type": "Seq Scan", "Parent Relationship": "Outer", "Parallel Aware": false, "Relation Name": "info_type", "Alias": "it", "Startup Cost": 0.0, "Total Cost": 2.41, "Plan Rows": 1, "Plan Width": 4, "Actual Startup Time": 0.022, "Actual Total Time": 0.027, "Actual Rows": 1, "Actual Loops": 3, "Filter": "((info)::text = 'release dates'::text)", "Rows Removed by Filter": 112}]}]}, {"Node Type": "Hash", "Parent Relationship": "Inner", "Parallel Aware": true, "Startup Cost": 442197.95, "Total Cost": 442197.95, "Plan Rows": 1710, "Plan Width": 12, "Actual Startup Time": 1718.976, "Actual Total Time": 1718.978, "Actual Rows": 74229, "Actual Loops": 3, "Hash Buckets": 65536, "Original Hash Buckets": 8192, "Hash Batches": 8, "Original Hash Batches": 1, "Peak Memory Usage": 1856, "Plans": [{"Node Type": "Hash Join", "Parent Relationship": "Outer", "Parallel Aware": false, "Join Type": "Inner", "Startup Cost": 18.93, "Total Cost": 442197.95, "Plan Rows": 1710, "Plan Width": 12, "Actual Startup Time": 340.097, "Actual Total Time": 926.593, "Actual Rows": 74229, "Actual Loops": 3, "Inner Unique": true, "Hash Cond": "(ci.role_id = rt.id)", "Plans": [{"Node Type": "Seq Scan", "Parent Relationship": "Outer", "Parallel Aware": true, "Relation Name": "cast_info", "Alias": "ci", "Startup Cost": 0.0, "Total Cost": 441377.81, "Plan Rows": 303415, "Plan Width": 16, "Actual Startup Time": 0.038, "Actual Total Time": 903.608, "Actual Rows": 237943, "Actual Loops": 3, "Filter": "((note)::text = '(voice)'::text)", "Rows Removed by Filter": 11843505}, {"Node Type": "Hash", "Parent Relationship": "Inner", "Parallel Aware": false, "Startup Cost": 18.88, "Total Cost": 18.88, "Plan Rows": 4, "Plan Width": 4, "Actual Startup Time": 0.021, "Actual Total Time": 0.021, "Actual Rows": 1, "Actual Loops": 3, "Hash Buckets": 1024, "Original Hash Buckets": 1024, "Hash Batches": 1, "Original Hash Batches": 1, "Peak Memory Usage": 9, "Plans": [{"Node Type": "Seq Scan", "Parent Relationship": "Outer", "Parallel Aware": false, "Relation Name": "role_type", "Alias": "rt", "Startup Cost": 0.0, "Total Cost": 18.88, "Plan Rows": 4, "Plan Width": 4, "Actual Startup Time": 0.016, "Actual Total Time": 0.017, "Actual Rows": 1, "Actual Loops": 3, "Filter": "((role)::text = 'actress'::text)", "Rows Removed by Filter": 11}]}]}]}]}, {"Node Type": "Index Only Scan", "Parent Relationship": "Inner", "Parallel Aware": false, "Scan Direction": "Forward", "Index Name": "char_name_pkey", "Relation Name": "char_name", "Alias": "chn", "Startup Cost": 0.43, "Total Cost": 1.49, "Plan Rows": 1, "Plan Width": 4, "Actual Startup Time": 0.003, "Actual Total Time": 0.003, "Actual Rows": 1, "Actual Loops": 14051, "Index Cond": "(id = ci.person_role_id)", "Rows Removed by Index Recheck": 0, "Heap Fetches": 13472}]}]}]}]}]}, {"Node Type": "Index Scan", "Parent Relationship": "Inner", "Parallel Aware": false, "Scan Direction": "Forward", "Index Name": "company_name_pkey", "Relation Name": "company_name", "Alias": "cn", "Startup Cost": 0.42, "Total Cost": 1.28, "Plan Rows": 1, "Plan Width": 4, "Actual Startup Time": 0.001, "Actual Total Time": 0.001, "Actual Rows": 1, "Actual Loops": 11104, "Index Cond": "(id = mc.company_id)", "Rows Removed by Index Recheck": 0, "Filter": "((country_code)::text = '[us]'::text)", "Rows Removed by Filter": 0}]}, {"Node Type": "Index Scan", "Parent Relationship": "Inner", "Parallel Aware": false, "Scan Direction": "Forward", "Index Name": "name_pkey", "Relation Name": "name", "Alias": "n", "Startup Cost": 0.43, "Total Cost": 1.58, "Plan Rows": 1, "Plan Width": 4, "Actual Startup Time": 0.002, "Actual Total Time": 0.002, "Actual Rows": 0, "Actual Loops": 10903, "Index Cond": "(id = an.person_id)", "Rows Removed by Index Recheck": 0, "Filter": "(((name)::text ~~ '%Angel%'::text) AND ((gender)::text = 'f'::text))", "Rows Removed by Filter": 1}]}, {"Node Type": "Index Scan", "Parent Relationship": "Inner", "Parallel Aware": false, "Scan Direction": "Forward", "Index Name": "title_pkey", "Relation Name": "title", "Alias": "t", "Startup Cost": 0.43, "Total Cost": 1.46, "Plan Rows": 1, "Plan Width": 4, "Actual Startup Time": 0.004, "Actual Total Time": 0.004, "Actual Rows": 0, "Actual Loops": 64, "Index Cond": "(id = ci.movie_id)", "Rows Removed by Index Recheck": 0, "Filter": "((production_year >= 2007) AND (production_year <= 2008) AND ((title)::text ~~ '%Kung%Fu%Panda%'::text))", "Rows Removed by Filter": 1}]}]}]}]}, "Planning Time": 109.325, "Triggers": [], "Execution Time": 2794.36}]
[{"Bao": {"Bao prediction": "NaN", "Bao recommended hint": "(no hint)"}}, {"Plan": {"Node Type": "Aggregate", "Strategy": "Plain", "Partial Mode": "Simple", "Parallel Aware": false, "Startup Cost": 529931.38, "Total Cost": 529931.39, "Plan Rows": 1, "Plan Width": 8, "Actual Startup Time": 3099.385, "Actual Total Time": 3145.151, "Actual Rows": 1, "Actual Loops": 1, "Plans": [{"Node Type": "Nested Loop", "Parent Relationship": "Outer", "Parallel Aware": false, "Join Type": "Inner", "Startup Cost": 69681.96, "Total Cost": 529931.38, "Plan Rows": 1, "Plan Width": 0, "Actual Startup Time": 898.653, "Actual Total Time": 3144.806, "Actual Rows": 5400, "Actual Loops": 1, "Inner Unique": true, "Plans": [{"Node Type": "Nested Loop", "Parent Relationship": "Outer", "Parallel Aware": false, "Join Type": "Inner", "Startup Cost": 69681.81, "Total Cost": 529931.2, "Plan Rows": 1, "Plan Width": 4, "Actual Startup Time": 898.649, "Actual Total Time": 3139.15, "Actual Rows": 6359, "Actual Loops": 1, "Inner Unique": true, "Plans": [{"Node Type": "Gather", "Parent Relationship": "Outer", "Parallel Aware": false, "Startup Cost": 69681.38, "Total Cost": 529930.75, "Plan Rows": 1, "Plan Width": 8, "Actual Startup Time": 898.641, "Actual Total Time": 3124.493, "Actual Rows": 6359, "Actual Loops": 1, "Workers Planned": 2, "Workers Launched": 2, "Single Copy": false, "Plans": [{"Node Type": "Nested Loop", "Parent Relationship": "Outer", "Parallel Aware": false, "Join Type": "Inner", "Startup Cost": 68681.38, "Total Cost": 528930.65, "Plan Rows": 1, "Plan Width": 8, "Actual Startup Time": 896.863, "Actual Total Time": 3089.326, "Actual Rows": 2120, "Actual Loops": 3, "Inner Unique": true, "Plans": [{"Node Type": "Hash Join", "Parent Relationship": "Outer", "Parallel Aware": true, "Join Type": "Inner", "Startup Cost": 68680.95, "Total Cost": 528927.9, "Plan Rows": 6, "Plan Width": 12, "Actual Startup Time": 895.229, "Actual Total Time": 2993.603, "Actual Rows": 73556, "Actual Loops": 3, "Inner Unique": false, "Hash Cond": "(ci.movie_id = t.id)", "Plans": [{"Node Type": "Seq Scan", "Parent Relationship": "Outer", "Parallel Aware": true, "Relation Name": "cast_info", "Alias": "ci", "Startup Cost": 0.0, "Total Cost": 403639.65, "Plan Rows": 15095265, "Plan Width": 12, "Actual Startup Time": 0.027, "Actual Total Time": 867.419, "Actual Rows": 12081448, "Actual Loops": 3}, {"Node Type": "Hash", "Parent Relationship": "Inner", "Parallel Aware": true, "Startup Cost": 68680.93, "Total Cost": 68680.93, "Plan Rows": 1, "Plan Width": 20, "Actual Startup Time": 894.71, "Actual Total Time": 894.717, "Actual Rows": 491, "Actual Loops": 3, "Hash Buckets": 1024, "Original Hash Buckets": 1024, "Hash Batches": 1, "Original Hash Batches": 1, "Peak Memory Usage": 104, "Plans": [{"Node Type": "Nested Loop", "Parent Relationship": "Outer", "Parallel Aware": false, "Join Type": "Inner", "Startup Cost": 18308.54, "Total Cost": 68680.93, "Plan Rows": 1, "Plan Width": 20, "Actual Startup Time": 482.383, "Actual Total Time": 894.444, "Actual Rows": 491, "Actual Loops": 3, "Inner Unique": true, "Plans": [{"Node Type": "Hash Join", "Parent Relationship": "Outer", "Parallel Aware": true, "Join Type": "Inner", "Startup Cost": 18308.12, "Total Cost": 68680.48, "Plan Rows": 1, "Plan Width": 24, "Actual Startup Time": 480.598, "Actual Total Time": 669.537, "Actual Rows": 117607, "Actual Loops": 3, "Inner Unique": false, "Hash Cond": "(mk.movie_id = t.id)", "Plans": [{"Node Type": "Seq Scan", "Parent Relationship": "Outer", "Parallel Aware": true, "Relation Name": "movie_keyword", "Alias": "mk", "Startup Cost": 0.0, "Total Cost": 43303.71, "Plan Rows": 1884971, "Plan Width": 8, "Actual Startup Time": 0.012, "Actual Total Time": 99.853, "Actual Rows": 1507977, "Actual Loops": 3}, {"Node Type": "Hash", "Parent Relationship": "Inner", "Parallel Aware": true, "Startup Cost": 18308.1, "Total Cost": 18308.1, "Plan Rows": 1, "Plan Width": 16, "Actual Startup Time": 440.377, "Actual Total Time": 440.382, "Actual Rows": 1684, "Actual Loops": 3, "Hash Buckets": 8192, "Original Hash Buckets": 1024, "Hash Batches": 1, "Original Hash Batches": 1, "Peak Memory Usage": 408, "Plans": [{"Node Type": "Nested Loop", "Parent Relationship": "Outer", "Parallel Aware": false, "Join Type": "Inner", "Startup Cost": 2462.84, "Total Cost": 18308.1, "Plan Rows": 1, "Plan Width": 16, "Actual Startup Time": 106.043, "Actual Total Time": 295.527, "Actual Rows": 1684, "Actual Loops": 3, "Inner Unique": true, "Plans": [{"Node Type": "Nested Loop", "Parent Relationship": "Outer", "Parallel Aware": false, "Join Type": "Inner", "Startup Cost": 2462.69, "Total Cost": 18307.93, "Plan Rows": 1, "Plan Width": 20, "Actual Startup Time": 49.061, "Actual Total Time": 289.533, "Actual Rows": 6608, "Actual Loops": 3, "Inner Unique": true, "Join Filter": "(cc.movie_id = t.id)", "Rows Removed by Join Filter": 0, "Plans": [{"Node Type": "Hash Join", "Parent Relationship": "Outer", "Parallel Aware": false, "Join Type": "Inner", "Startup Cost": 2462.26, "Total Cost": 18306.74, "Plan Rows": 2, "Plan Width": 12, "Actual Startup Time": 48.589, "Actual Total Time": 212.441, "Actual Rows": 31800, "Actual Loops": 3, "Inner Unique": true, "Hash Cond": "(mi_idx.info_type_id = it2.id)", "Plans": [{"Node Type": "Hash Join", "Parent Relationship": "Outer", "Parallel Aware": false, "Join Type": "Inner", "Startup Cost": 2459.84, "Total Cost": 18303.67, "Plan Rows": 238, "Plan Width": 16, "Actual Startup Time": 48.548, "Actual Total Time": 203.423, "Actual Rows": 95533, "Actual Loops": 3, "Inner Unique": false, "Hash Cond": "(mi_idx.movie_id = cc.movie_id)", "Plans": [{"Node Type": "Seq Scan", "Parent Relationship": "Outer", "Parallel Aware": true, "Relation Name": "movie_info_idx", "Alias": "mi_idx", "Startup Cost": 0.0, "Total Cost": 13685.15, "Plan Rows": 575015, "Plan Width": 8, "Actual Startup Time": 0.013, "Actual Total Time": 33.639, "Actual Rows": 460012, "Actual Loops": 3}, {"Node Type": "Hash", "Parent Relationship": "Inner", "Parallel Aware": false, "Startup Cost": 2457.46, "Total Cost": 2457.46, "Plan Rows": 190, "Plan Width": 8, "Actual Startup Time": 48.504, "Actual Total Time": 48.506, "Actual Rows": 135086, "Actual Loops": 3, "Hash Buckets": 131072, "Original Hash Buckets": 1024, "Hash Batches": 2, "Original Hash Batches": 1, "Peak Memory Usage": 3659, "Plans": [{"Node Type": "Hash Join", "Parent Relationship": "Outer", "Parallel Aware": false, "Join Type": "Inner", "Startup Cost": 18.89, "Total Cost": 2457.46, "Plan Rows": 190, "Plan Width": 8, "Actual Startup Time": 0.033, "Actual Total Time": 30.102, "Actual Rows": 135086, "Actual Loops": 3, "Inner Unique": true, "Hash Cond": "(cc.status_id = cct2.id)", "Plans": [{"Node Type": "Seq Scan", "Parent Relationship": "Outer", "Parallel Aware": false, "Relation Name": "complete_cast", "Alias": "cc", "Startup Cost": 0.0, "Total Cost": 2081.86, "Plan Rows": 135086, "Plan Width": 12, "Actual Startup Time": 0.012, "Actual Total Time": 9.444, "Actual Rows": 135086, "Actual Loops": 3}, {"Node Type": "Hash", "Parent Relationship": "Inner", "Parallel Aware": false, "Startup Cost": 18.88, "Total Cost": 18.88, "Plan Rows": 1, "Plan Width": 4, "Actual Startup Time": 0.012, "Actual Total Time": 0.012, "Actual Rows": 2, "Actual Loops": 3, "Hash Buckets": 1024, "Original Hash Buckets": 1024, "Hash Batches": 1, "Original Hash Batches": 1, "Peak Memory Usage": 9, "Plans": [{"Node Type": "Seq Scan", "Parent Relationship": "Outer", "Parallel Aware": false, "Relation Name": "comp_cast_type", "Alias": "cct2", "Startup Cost": 0.0, "Total Cost": 18.88, "Plan Rows": 1, "Plan Width": 4, "Actual Startup Time": 0.009, "Actual Total Time": 0.01, "Actual Rows": 2, "Actual Loops": 3, "Filter": "((kind)::text ~~ '%complete%'::text)", "Rows Removed by Filter": 2}]}]}]}]}, {"Node Type": "Hash", "Parent Relationship": "Inner", "Parallel Aware": false, "Startup Cost": 2.41, "Total Cost": 2.41, "Plan Rows": 1, "Plan Width": 4, "Actual Startup Time": 0.031, "Actual Total Time": 0.031, "Actual Rows": 1, "Actual Loops": 3, "Hash Buckets": 1024, "Original Hash Buckets": 1024, "Hash Batches": 1, "Original Hash Batches": 1, "Peak Memory Usage": 9, "Plans": [{"Node Type": "Seq Scan", "Parent Relationship": "Outer", "Parallel Aware": false, "Relation Name": "info_type", "Alias": "it2", "Startup Cost": 0.0, "Total Cost": 2.41, "Plan Rows": 1, "Plan Width": 4, "Actual Startup Time": 0.025, "Actual Total Time": 0.026, "Actual Rows": 1, "Actual Loops": 3, "Filter": "((info)::text = 'rating'::text)", "Rows Removed by Filter": 112}]}]}, {"Node Type": "Index Scan", "Parent Relationship": "Inner", "Parallel Aware": false, "Scan Direction": "Forward", "Index Name": "title_pkey", "Relation Name": "title", "Alias": "t", "Startup Cost": 0.43, "Total Cost": 0.58, "Plan Rows": 1, "Plan Width": 8, "Actual Startup Time": 0.002, "Actual Total Time": 0.002, "Actual Rows": 0, "Actual Loops": 95399, "Index Cond": "(id = mi_idx.movie_id)", "Rows Removed by Index Recheck": 0, "Filter": "(production_year > 2000)", "Rows Removed by Filter": 1}]}, {"Node Type": "Index Scan", "Parent Relationship": "Inner", "Parallel Aware": false, "Scan Direction": "Forward", "Index Name": "kind_type_pkey", "Relation Name": "kind_type", "Alias": "kt", "Startup Cost": 0.15, "Total Cost": 0.17, "Plan Rows": 1, "Plan Width": 4, "Actual Startup Time": 0.001, "Actual Total Time": 0.001, "Actual Rows": 0, "Actual Loops": 19824, "Index Cond": "(id = t.kind_id)", "Rows Removed by Index Recheck": 0, "Filter": "((kind)::text = 'movie'::text)", "Rows Removed by Filter": 1}]}]}]}, {"Node Type": "Index Scan", "Parent Relationship": "Inner", "Parallel Aware": false, "Scan Direction": "Forward", "Index Name": "keyword_pkey", "Relation Name": "keyword", "Alias": "k", "Startup Cost": 0.42, "Total Cost": 0.45, "Plan Rows": 1, "Plan Width": 4, "Actual Startup Time": 0.002, "Actual Total Time": 0.002, "Actual Rows": 0, "Actual Loops": 352821, "Index Cond": "(id = mk.keyword_id)", "Rows Removed by Index Recheck": 0, "Filter": "((keyword)::text = ANY ('{superhero,marvel-comics,based-on-comic,tv-special,fight,violence,magnet,web,claw,laser}'::text[]))", "Rows Removed by Filter": 1}]}]}]}, {"Node Type": "Index Scan", "Parent Relationship": "Inner", "Parallel Aware": false, "Scan Direction": "Forward", "Index Name": "char_name_pkey", "Relation Name": "char_name", "Alias": "chn", "Startup Cost": 0.43, "Total Cost": 0.46, "Plan Rows": 1, "Plan Width": 4, "Actual Startup Time": 0.001, "Actual Total Time": 0.001, "Actual Rows": 0, "Actual Loops": 220668, "Index Cond": "(id = ci.person_role_id)", "Rows Removed by Index Recheck": 0, "Filter": "((name IS NOT NULL) AND (((name)::text ~~ '%man%'::text) OR ((name)::text ~~ '%Man%'::text)))", "Rows Removed by Filter": 0}]}]}, {"Node Type": "Index Only Scan", "Parent Relationship": "Inner", "Parallel Aware": false, "Scan Direction": "Forward", "Index Name": "name_pkey", "Relation Name": "name", "Alias": "n", "Startup Cost": 0.43, "Total Cost": 0.46, "Plan Rows": 1, "Plan Width": 4, "Actual Startup Time": 0.002, "Actual Total Time": 0.002, "Actual Rows": 1, "Actual Loops": 6359, "Index Cond": "(id = ci.person_id)", "Rows Removed by Index Recheck": 0, "Heap Fetches": 6359}]}, {"Node Type": "Index Scan", "Parent Relationship": "Inner", "Parallel Aware": false, "Scan Direction": "Forward", "Index Name": "comp_cast_type_pkey", "Relation Name": "comp_cast_type", "Alias": "cct1", "Startup Cost": 0.15, "Total Cost": 0.17, "Plan Rows": 1, "Plan Width": 4, "Actual Startup Time": 0.001, "Actual Total Time": 0.001, "Actual Rows": 1, "Actual Loops": 6359, "Index Cond": "(id = cc.subject_id)", "Rows Removed by Index Recheck": 0, "Filter": "((kind)::text = 'cast'::text)", "Rows Removed by Filter": 0}]}]}, "Planning Time": 206.066, "Triggers": [], "Execution Time": 3145.256}]
[{"Bao": {"Bao prediction": "NaN", "Bao recommended hint": "(no hint)"}}, {"Plan": {"Node Type": "Aggregate", "Strategy": "Plain", "Partial Mode": "Finalize", "Parallel Aware": false, "Startup Cost": 806468.85, "Total Cost": 806468.86, "Plan Rows": 1, "Plan Width": 8, "Actual Startup Time": 2433.106, "Actual Total Time": 2491.826, "Actual Rows": 1, "Actual Loops": 1, "Plans": [{"Node Type": "Gather", "Parent Relationship": "Outer", "Parallel Aware": false, "Startup Cost": 806468.63, "Total Cost": 806468.84, "Plan Rows": 2, "Plan Width": 8, "Actual Startup Time": 2432.006, "Actual Total Time": 2491.82, "Actual Rows": 3, "Actual Loops": 1, "Workers Planned": 2, "Workers Launched": 2, "Single Copy": false, "Plans": [{"Node Type": "Aggregate", "Strategy": "Plain", "Partial Mode": "Partial", "Parent Relationship": "Outer", "Parallel Aware": false, "Startup Cost": 805468.63, "Total Cost": 805468.64, "Plan Rows": 1, "Plan Width": 8, "Actual Startup Time": 2429.786, "Actual Total Time": 2429.794, "Actual Rows": 1, "Actual Loops": 3, "Plans": [{"Node Type": "Nested Loop", "Parent Relationship": "Outer", "Parallel Aware": false, "Join Type": "Inner", "Startup Cost": 755080.68, "Total Cost": 805468.63, "Plan Rows": 1, "Plan Width": 0, "Actual Startup Time": 2139.159, "Actual Total Time": 2429.67, "Actual Rows": 1469, "Actual Loops": 3, "Inner Unique": true, "Join Filter": "(mi.movie_id = t.id)", "Rows Removed by Join Filter": 0, "Plans": [{"Node Type": "Nested Loop", "Parent Relationship": "Outer", "Parallel Aware": false, "Join Type": "Inner", "Startup Cost": 755080.25, "Total Cost": 805467.78, "Plan Rows": 1, "Plan Width": 16, "Actual Startup Time": 2139.135, "Actual Total Time": 2425.185, "Actual Rows": 1469, "Actual Loops": 3, "Inner Unique": true, "Plans": [{"Node Type": "Hash Join", "Parent Relationship": "Outer", "Parallel Aware": true, "Join Type": "Inner", "Startup Cost": 755079.83, "Total Cost": 805452.28, "Plan Rows": 23, "Plan Width": 20, "Actual Startup Time": 2118.676, "Actual Total Time": 2347.504, "Actual Rows": 42863, "Actual Loops": 3, "Inner Unique": false, "Hash Cond": "(mk.movie_id = mi.movie_id)", "Plans": [{"Node Type": "Seq Scan", "Parent Relationship": "Outer", "Parallel Aware": true, "Relation Name": "movie_keyword", "Alias": "mk", "Startup Cost": 0.0, "Total Cost": 43303.71, "Plan Rows": 1884971, "Plan Width": 8, "Actual Startup Time": 0.016, "Actual Total Time": 105.171, "Actual Rows": 1507977, "Actual Loops": 3}, {"Node Type": "Hash", "Parent Relationship": "Inner", "Parallel Aware": true, "Startup Cost": 755079.81, "Total Cost": 755079.81, "Plan Rows": 2, "Plan Width": 12, "Actual Startup Time": 2114.403, "Actual Total Time": 2114.41, "Actual Rows": 1617, "Actual Loops": 3, "Hash Buckets": 4096, "Original Hash Buckets": 1024, "Hash Batches": 1, "Original Hash Batches": 1, "Peak Memory Usage": 312, "Plans": [{"Node Type": "Nested Loop", "Parent Relationship": "Outer", "Parallel Aware": false, "Join Type": "Inner", "Startup Cost": 255153.79, "Total Cost": 755079.81, "Plan Rows": 2, "Plan Width": 12, "Actual Startup Time": 1446.938, "Actual Total Time": 2017.104, "Actual Rows": 1617, "Actual Loops": 3, "Inner Unique": true, "Plans": [{"Node Type": "Hash Join", "Parent Relationship": "Outer", "Parallel Aware": true, "Join Type": "Inner", "Startup Cost": 255153.36, "Total Cost": 755074.41, "Plan Rows": 5, "Plan Width": 16, "Actual Startup Time": 1358.268, "Actual Total Time": 2005.237, "Actual Rows": 2883, "Actual Loops": 3, "Inner Unique": false, "Hash Cond": "(ci.movie_id = mi.movie_id)", "Plans": [{"Node Type": "Seq Scan", "Parent Relationship": "Outer", "Parallel Aware": true, "Relation Name": "cast_info", "Alias": "ci", "Startup Cost": 0.0, "Total Cost": 497985.06, "Plan Rows": 516258, "Plan Width": 8, "Actual Startup Time": 79.489, "Actual Total Time": 1368.618, "Actual Rows": 414905, "Actual Loops": 3, "Filter": "((note)::text = ANY ('{(writer),\"(head writer)\",\"(written by)\",(story),\"(story editor)\"}'::text[]))", "Rows Removed by Filter": 11666543}, {"Node Type": "Hash", "Parent Relationship": "Inner", "Parallel Aware": true, "Startup Cost": 255153.32, "Total Cost": 255153.32, "Plan Rows": 3, "Plan Width": 8, "Actual Startup Time": 596.245, "Actual Total Time": 596.25, "Actual Rows": 5493, "Actual Loops": 3, "Hash Buckets": 16384, "Original Hash Buckets": 1024, "Hash Batches": 1, "Original Hash Batches": 1, "Peak Memory Usage": 920, "Plans": [{"Node Type": "Hash Join", "Parent Relationship": "Outer", "Parallel Aware": true, "Join Type": "Inner", "Startup Cost": 15319.64, "Total Cost": 255153.32, "Plan Rows": 3, "Plan Width": 8, "Actual Startup Time": 577.362, "Actual Total Time": 589.682, "Actual Rows": 5493, "Actual Loops": 3, "Inner Unique": false, "Hash Cond": "(mi.movie_id = mi_idx.movie_id)", "Plans": [{"Node Type": "Hash Join", "Parent Relationship": "Outer", "Parallel Aware": false, "Join Type": "Inner", "Startup Cost": 2.43, "Total Cost": 239835.65, "Plan Rows": 121, "Plan Width": 4, "Actual Startup Time": 403.259, "Actual Total Time": 453.478, "Actual Rows": 10138, "Actual Loops": 3, "Inner Unique": true, "Hash Cond": "(mi.info_type_id = it1.id)", "Plans": [{"Node Type": "Seq Scan", "Parent Relationship": "Outer", "Parallel Aware": true, "Relation Name": "movie_info", "Alias": "mi", "Startup Cost": 0.0, "Total Cost": 239795.93, "Plan Rows": 13693, "Plan Width": 8, "Actual Startup Time": 286.001, "Actual Total Time": 452.085, "Actual Rows": 10267, "Actual Loops": 3, "Filter": "((info)::text = 'Horror'::text)", "Rows Removed by Filter": 4934973}, {"Node Type": "Hash", "Parent Relationship": "Inner", "Parallel Aware": false, "Startup Cost": 2.41, "Total Cost": 2.41, "Plan Rows": 1, "Plan Width": 4, "Actual Startup Time": 0.016, "Actual Total Time": 0.017, "Actual Rows": 1, "Actual Loops": 3, "Hash Buckets": 1024, "Original Hash Buckets": 1024, "Hash Batches": 1, "Original Hash Batches": 1, "Peak Memory Usage": 9, "Plans": [{"Node Type": "Seq Scan", "Parent Relationship": "Outer", "Parallel Aware": false, "Relation Name": "info_type", "Alias": "it1", "Startup Cost": 0.0, "Total Cost": 2.41, "Plan Rows": 1, "Plan Width": 4, "Actual Startup Time": 0.008, "Actual Total Time": 0.014, "Actual Rows": 1, "Actual Loops": 3, "Filter": "((info)::text = 'genres'::text)", "Rows Removed by Filter": 112}]}]}, {"Node Type": "Hash", "Parent Relationship": "Inner", "Parallel Aware": true, "Startup Cost": 15253.6, "Total Cost": 15253.6, "Plan Rows": 5089, "Plan Width": 4, "Actual Startup Time": 117.598, "Actual Total Time": 117.6, "Actual Rows": 153308, "Actual Loops": 3, "Hash Buckets": 131072, "Original Hash Buckets": 16384, "Hash Batches": 8, "Original Hash Batches": 1, "Peak Memory Usage": 3328, "Plans": [{"Node Type": "Hash Join", "Parent Relationship": "Outer", "Parallel Aware": false, "Join Type": "Inner", "Startup Cost": 2.43, "Total Cost": 15253.6, "Plan Rows": 5089, "Plan Width": 4, "Actual Startup Time": 0.055, "Actual Total Time": 79.469, "Actual Rows": 153308, "Actual Loops": 3, "Inner Unique": true, "Hash Cond": "(mi_idx.info_type_id = it2.id)", "Plans": [{"Node Type": "Seq Scan", "Parent Relationship": "Outer", "Parallel Aware": true, "Relation Name": "movie_info_idx", "Alias": "mi_idx", "Startup Cost": 0.0, "Total Cost": 13685.15, "Plan Rows": 575015, "Plan Width": 8, "Actual Startup Time": 0.015, "Actual Total Time": 33.419, "Actual Rows": 460012, "Actual Loops": 3}, {"Node Type": "Hash", "Parent Relationship": "Inner", "Parallel Aware": false, "Startup Cost": 2.41, "Total Cost": 2.41, "Plan Rows": 1, "Plan Width": 4, "Actual Startup Time": 0.031, "Actual Total Time": 0.031, "Actual Rows": 1, "Actual Loops": 3, "Hash Buckets": 1024, "Original Hash Buckets": 1024, "Hash Batches": 1, "Original Hash Batches": 1, "Peak Memory Usage": 9, "Plans": [{"Node Type": "Seq Scan", "Parent Relationship": "Outer", "Parallel Aware": false, "Relation Name": "info_type", "Alias": "it2", "Startup Cost": 0.0, "Total Cost": 2.41, "Plan Rows": 1, "Plan Width": 4, "Actual Startup Time": 0.024, "Actual Total Time": 0.025, "Actual Rows": 1, "Actual Loops": 3, "Filter": "((info)::text = 'votes'::text)", "Rows Removed by Filter": 112}]}]}]}]}]}]}, {"Node Type": "Index Scan", "Parent Relationship": "Inner", "Parallel Aware": false, "Scan Direction": "Forward", "Index Name": "name_pkey", "Relation Name": "name", "Alias": "n", "Startup Cost": 0.43, "Total Cost": 1.08, "Plan Rows": 1, "Plan Width": 4, "Actual Startup Time": 0.004, "Actual Total Time": 0.004, "Actual Rows": 1, "Actual Loops": 8650, "Index Cond": "(id = ci.person_id)", "Rows Removed by Index Recheck": 0, "Filter": "((gender)::text = 'm'::text)", "Rows Removed by Filter": 0}]}]}]}, {"Node Type": "Index Scan", "Parent Relationship": "Inner", "Parallel Aware": false, "Scan Direction": "Forward", "Index Name": "keyword_pkey", "Relation Name": "keyword", "Alias": "k", "Startup Cost": 0.42, "Total Cost": 0.67, "Plan Rows": 1, "Plan Width": 4, "Actual Startup Time": 0.002, "Actual Total Time": 0.002, "Actual Rows": 0, "Actual Loops": 128590, "Index Cond": "(id = mk.keyword_id)", "Rows Removed by Index Recheck": 0, "Filter": "((keyword)::text = ANY ('{murder,blood,gore,death,female-nudity}'::text[]))", "Rows Removed by Filter": 1}]}, {"Node Type": "Index Only Scan", "Parent Relationship": "Inner", "Parallel Aware": false, "Scan Direction": "Forward", "Index Name": "title_pkey", "Relation Name": "title", "Alias": "t", "Startup Cost": 0.43, "Total Cost": 0.84, "Plan Rows": 1, "Plan Width": 4, "Actual Startup Time": 0.003, "Actual Total Time": 0.003, "Actual Rows": 1, "Actual Loops": 4407, "Index Cond": "(id = mk.movie_id)", "Rows Removed by Index Recheck": 0, "Heap Fetches": 4407}]}]}]}]}, "Planning Time": 94.497, "Triggers": [], "Execution Time": 2491.923}]
[{"Bao": {"Bao prediction": "NaN", "Bao recommended hint": "(no hint)"}}, {"Plan": {"Node Type": "Aggregate", "Strategy": "Plain", "Partial Mode": "Simple", "Parallel Aware": false, "Startup Cost": 319453.62, "Total Cost": 319453.63, "Plan Rows": 1, "Plan Width": 8, "Actual Startup Time": 77382.825, "Actual Total Time": 77395.604, "Actual Rows": 1, "Actual Loops": 1, "Plans": [{"Node Type": "Nested Loop", "Parent Relationship": "Outer", "Parallel Aware": false, "Join Type": "Inner", "Startup Cost": 306602.29, "Total Cost": 319453.62, "Plan Rows": 1, "Plan Width": 0, "Actual Startup Time": 3481.996, "Actual Total Time": 77395.551, "Actual Rows": 477, "Actual Loops": 1, "Inner Unique": true, "Plans": [{"Node Type": "Nested Loop", "Parent Relationship": "Outer", "Parallel Aware": false, "Join Type": "Inner", "Startup Cost": 306602.14, "Total Cost": 319453.44, "Plan Rows": 1, "Plan Width": 4, "Actual Startup Time": 3481.992, "Actual Total Time": 77394.997, "Actual Rows": 648, "Actual Loops": 1, "Inner Unique": true, "Join Filter": "(ml.movie_id = t.id)", "Rows Removed by Join Filter": 0, "Plans": [{"Node Type": "Nested Loop", "Parent Relationship": "Outer", "Parallel Aware": false, "Join Type": "Inner", "Startup Cost": 306601.71, "Total Cost": 319452.94, "Plan Rows": 1, "Plan Width": 24, "Actual Startup Time": 3481.986, "Actual Total Time": 77393.929, "Actual Rows": 648, "Actual Loops": 1, "Inner Unique": true, "Plans": [{"Node Type": "Nested Loop", "Parent Relationship": "Outer", "Parallel Aware": false, "Join Type": "Inner", "Startup Cost": 306601.29, "Total Cost": 319452.47, "Plan Rows": 1, "Plan Width": 28, "Actual Startup Time": 3481.971, "Actual Total Time": 77383.264, "Actual Rows": 8022, "Actual Loops": 1, "Inner Unique": true, "Plans": [{"Node Type": "Merge Join", "Parent Relationship": "Outer", "Parallel Aware": false, "Join Type": "Inner", "Startup Cost": 306601.14, "Total Cost": 319451.94, "Plan Rows": 3, "Plan Width": 32, "Actual Startup Time": 3481.964, "Actual Total Time": 77375.775, "Actual Rows": 9113, "Actual Loops": 1, "Inner Unique": false, "Merge Cond": "(mk.movie_id = ml.movie_id)", "Plans": [{"Node Type": "Nested Loop", "Parent Relationship": "Outer", "Parallel Aware": false, "Join Type": "Inner", "Startup Cost": 303907.48, "Total Cost": 430915.59, "Plan Rows": 10, "Plan Width": 24, "Actual Startup Time": 3474.88, "Actual Total Time": 77364.908, "Actual Rows": 504, "Actual Loops": 1, "Inner Unique": false, "Join Filter": "(mc.movie_id = mk.movie_id)", "Rows Removed by Join Filter": 728454726, "Plans": [{"Node Type": "Nested Loop", "Parent Relationship": "Outer", "Parallel Aware": false, "Join Type": "Inner", "Startup Cost": 303907.48, "Total Cost": 304673.17, "Plan Rows": 1, "Plan Width": 16, "Actual Startup Time": 1104.704, "Actual Total Time": 1123.252, "Actual Rows": 162, "Actual Loops": 1, "Inner Unique": true, "Plans": [{"Node Type": "Nested Loop", "Parent Relationship": "Outer", "Parallel Aware": false, "Join Type": "Inner", "Startup Cost": 303907.06, "Total Cost": 304670.43, "Plan Rows": 6, "Plan Width": 20, "Actual Startup Time": 1104.551, "Actual Total Time": 1119.784, "Actual Rows": 1145, "Actual Loops": 1, "Inner Unique": true, "Join Filter": "(cct1.id = cc.subject_id)", "Rows Removed by Join Filter": 518, "Plans": [{"Node Type": "Merge Join", "Parent Relationship": "Outer", "Parallel Aware": false, "Join Type": "Inner", "Startup Cost": 303907.06, "Total Cost": 304589.45, "Plan Rows": 592, "Plan Width": 24, "Actual Startup Time": 1104.53, "Actual Total Time": 1119.218, "Actual Rows": 1145, "Actual Loops": 1, "Inner Unique": false, "Merge Cond": "(cc.movie_id = mc.movie_id)", "Plans": [{"Node Type": "Sort", "Parent Relationship": "Outer", "Parallel Aware": false, "Startup Cost": 15903.56, "Total Cost": 16241.28, "Plan Rows": 135086, "Plan Width": 12, "Actual Startup Time": 42.513, "Actual Total Time": 43.077, "Actual Rows": 6219, "Actual Loops": 1, "Sort Key": ["cc.movie_id"], "Sort Method": "external merge", "Sort Space Used": 2920, "Sort Space Type": "Disk", "Plans": [{"Node Type": "Seq Scan", "Parent Relationship": "Outer", "Parallel Aware": false, "Relation Name": "complete_cast", "Alias": "cc", "Startup Cost": 0.0, "Total Cost": 2081.86, "Plan Rows": 135086, "Plan Width": 12, "Actual Startup Time": 0.009, "Actual Total Time": 11.782, "Actual Rows": 135086, "Actual Loops": 1}]}, {"Node Type": "Sort", "Parent Relationship": "Inner", "Parallel Aware": false, "Startup Cost": 288003.5, "Total Cost": 288008.6, "Plan Rows": 2041, "Plan Width": 12, "Actual Startup Time": 1061.971, "Actual Total Time": 1075.196, "Actual Rows": 3471, "Actual Loops": 1, "Sort Key": ["mi.movie_id"], "Sort Method": "external sort", "Sort Space Used": 3504, "Sort Space Type": "Disk", "Plans": [{"Node Type": "Gather", "Parent Relationship": "Outer", "Parallel Aware": false, "Startup Cost": 32120.35, "Total Cost": 287891.29, "Plan Rows": 2041, "Plan Width": 12, "Actual Startup Time": 964.476, "Actual Total Time": 1031.961, "Actual Rows": 137215, "Actual Loops": 1, "Workers Planned": 2, "Workers Launched": 2, "Single Copy": false, "Plans": [{"Node Type": "Hash Join", "Parent Relationship": "Outer", "Parallel Aware": true, "Join Type": "Inner", "Startup Cost": 31120.35, "Total Cost": 286687.19, "Plan Rows": 850, "Plan Width": 12, "Actual Startup Time": 960.204, "Actual Total Time": 998.765, "Actual Rows": 45738, "Actual Loops": 3, "Inner Unique": false, "Hash Cond": "(mi.movie_id = mc.movie_id)", "Plans": [{"Node Type": "Seq Scan", "Parent Relationship": "Outer", "Parallel Aware": true, "Relation Name": "movie_info", "Alias": "mi", "Startup Cost": 0.0, "Total Cost": 255356.52, "Plan Rows": 55142, "Plan Width": 4, "Actual Startup Time": 0.321, "Actual Total Time": 734.964, "Actual Rows": 44746, "Actual Loops": 3, "Filter": "((info)::text = ANY ('{Sweden,Germany,Swedish,German}'::text[]))", "Rows Removed by Filter": 4900494}, {"Node Type": "Hash", "Parent Relationship": "Inner", "Parallel Aware": true, "Startup Cost": 31082.95, "Total Cost": 31082.95, "Plan Rows": 2992, "Plan Width": 8, "Actual Startup Time": 213.728, "Actual Total Time": 213.73, "Actual Rows": 397976, "Actual Loops": 3, "Hash Buckets": 65536, "Original Hash Buckets": 8192, "Hash Batches": 16, "Original Hash Batches": 1, "Peak Memory Usage": 3520, "Plans": [{"Node Type": "Hash Join", "Parent Relationship": "Outer", "Parallel Aware": false, "Join Type": "Inner", "Startup Cost": 18.93, "Total Cost": 31082.95, "Plan Rows": 2992, "Plan Width": 8, "Actual Startup Time": 35.817, "Actual Total Time": 133.229, "Actual Rows": 397976, "Actual Loops": 3, "Inner Unique": true, "Hash Cond": "(mc.company_type_id = ct.id)", "Plans": [{"Node Type": "Seq Scan", "Parent Relationship": "Outer", "Parallel Aware": true, "Relation Name": "movie_companies", "Alias": "mc", "Startup Cost": 0.0, "Total Cost": 29661.37, "Plan Rows": 531175, "Plan Width": 12, "Actual Startup Time": 0.015, "Actual Total Time": 79.902, "Actual Rows": 423996, "Actual Loops": 3, "Filter": "(note IS NULL)", "Rows Removed by Filter": 445713}, {"Node Type": "Hash", "Parent Relationship": "Inner", "Parallel Aware": false, "Startup Cost": 18.88, "Total Cost": 18.88, "Plan Rows": 4, "Plan Width": 4, "Actual Startup Time": 0.016, "Actual Total Time": 0.017, "Actual Rows": 1, "Actual Loops": 3, "Hash Buckets": 1024, "Original Hash Buckets": 1024, "Hash Batches": 1, "Original Hash Batches": 1, "Peak Memory Usage": 9, "Plans": [{"Node Type": "Seq Scan", "Parent Relationship": "Outer", "Parallel Aware": false, "Relation Name": "company_type", "Alias": "ct", "Startup Cost": 0.0, "Total Cost": 18.88, "Plan Rows": 4, "Plan Width": 4, "Actual Startup Time": 0.012, "Actual Total Time": 0.013, "Actual Rows": 1, "Actual Loops": 3, "Filter": "((kind)::text = 'production companies'::text)", "Rows Removed by Filter": 3}]}]}]}]}]}]}]}, {"Node Type": "Materialize", "Parent Relationship": "Inner", "Parallel Aware": false, "Startup Cost": 0.0, "Total Cost": 18.91, "Plan Rows": 7, "Plan Width": 4, "Actual Startup Time": 0.0, "Actual Total Time": 0.0, "Actual Rows": 1, "Actual Loops": 1145, "Plans": [{"Node Type": "Seq Scan", "Parent Relationship": "Outer", "Parallel Aware": false, "Relation Name": "comp_cast_type", "Alias": "cct1", "Startup Cost": 0.0, "Total Cost": 18.88, "Plan Rows": 7, "Plan Width": 4, "Actual Startup Time": 0.016, "Actual Total Time": 0.016, "Actual Rows": 2, "Actual Loops": 1, "Filter": "((kind)::text = ANY ('{cast,crew}'::text[]))", "Rows Removed by Filter": 0}]}]}, {"Node Type": "Index Scan", "Parent Relationship": "Inner", "Parallel Aware": false, "Scan Direction": "Forward", "Index Name": "company_name_pkey", "Relation Name": "company_name", "Alias": "cn", "Startup Cost": 0.42, "Total Cost": 0.46, "Plan Rows": 1, "Plan Width": 4, "Actual Startup Time": 0.002, "Actual Total Time": 0.002, "Actual Rows": 0, "Actual Loops": 1145, "Index Cond": "(id = mc.company_id)", "Rows Removed by Index Recheck": 0, "Filter": "(((country_code)::text <> '[pl]'::text) AND (((name)::text ~~ '%Film%'::text) OR ((name)::text ~~ '%Warner%'::text)))", "Rows Removed by Filter": 1}]}, {"Node Type": "Seq Scan", "Parent Relationship": "Inner", "Parallel Aware": false, "Relation Name": "movie_keyword", "Alias": "mk", "Startup Cost": 0.0, "Total Cost": 69693.3, "Plan Rows": 4523930, "Plan Width": 8, "Actual Startup Time": 0.003, "Actual Total Time": 256.625, "Actual Rows": 4496637, "Actual Loops": 162}]}, {"Node Type": "Sort", "Parent Relationship": "Inner", "Parallel Aware": false, "Startup Cost": 2693.63, "Total Cost": 2768.62, "Plan Rows": 29997, "Plan Width": 8, "Actual Startup Time": 6.595, "Actual Total Time": 8.17, "Actual Rows": 39017, "Actual Loops": 1, "Sort Key": ["ml.movie_id"], "Sort Method": "quicksort", "Sort Space Used": 2175, "Sort Space Type": "Memory", "Plans": [{"Node Type": "Seq Scan", "Parent Relationship": "Outer", "Parallel Aware": false, "Relation Name": "movie_link", "Alias": "ml", "Startup Cost": 0.0, "Total Cost": 462.97, "Plan Rows": 29997, "Plan Width": 8, "Actual Startup Time": 0.007, "Actual Total Time": 2.536, "Actual Rows": 29997, "Actual Loops": 1}]}]}, {"Node Type": "Index Scan", "Parent Relationship": "Inner", "Parallel Aware": false, "Scan Direction": "Forward", "Index Name": "link_type_pkey", "Relation Name": "link_type", "Alias": "lt", "Startup Cost": 0.15, "Total Cost": 0.17, "Plan Rows": 1, "Plan Width": 4, "Actual Startup Time": 0.001, "Actual Total Time": 0.001, "Actual Rows": 1, "Actual Loops": 9113, "Index Cond": "(id = ml.link_type_id)", "Rows Removed by Index Recheck": 0, "Filter": "((link)::text ~~ '%follow%'::text)", "Rows Removed by Filter": 0}]}, {"Node Type": "Index Scan", "Parent Relationship": "Inner", "Parallel Aware": false, "Scan Direction": "Forward", "Index Name": "keyword_pkey", "Relation Name": "keyword", "Alias": "k", "Startup Cost": 0.42, "Total Cost": 0.44, "Plan Rows": 1, "Plan Width": 4, "Actual Startup Time": 0.001, "Actual Total Time": 0.001, "Actual Rows": 0, "Actual Loops": 8022, "Index Cond": "(id = mk.keyword_id)", "Rows Removed by Index Recheck": 0, "Filter": "((keyword)::text = 'sequel'::text)", "Rows Removed by Filter": 1}]}, {"Node Type": "Index Scan", "Parent Relationship": "Inner", "Parallel Aware": false, "Scan Direction": "Forward", "Index Name": "title_pkey", "Relation Name": "title", "Alias": "t", "Startup Cost": 0.43, "Total Cost": 0.49, "Plan Rows": 1, "Plan Width": 4, "Actual Startup Time": 0.001, "Actual Total Time": 0.001, "Actual Rows": 1, "Actual Loops": 648, "Index Cond": "(id = mk.movie_id)", "Rows Removed by Index Recheck": 0, "Filter": "((production_year >= 1950) AND (production_year <= 2000))", "Rows Removed by Filter": 0}]}, {"Node Type": "Index Scan", "Parent Relationship": "Inner", "Parallel Aware": false, "Scan Direction": "Forward", "Index Name": "comp_cast_type_pkey", "Relation Name": "comp_cast_type", "Alias": "cct2", "Startup Cost": 0.15, "Total Cost": 0.17, "Plan Rows": 1, "Plan Width": 4, "Actual Startup Time": 0.001, "Actual Total Time": 0.001, "Actual Rows": 1, "Actual Loops": 648, "Index Cond": "(id = cc.status_id)", "Rows Removed by Index Recheck": 0, "Filter": "((kind)::text = 'complete'::text)", "Rows Removed by Filter": 0}]}]}, "Planning Time": 199.744, "Triggers": [], "Execution Time": 77396.404}]
[{"Bao": {"Bao prediction": "NaN", "Bao recommended hint": "(no hint)"}}, {"Plan": {"Node Type": "Aggregate", "Strategy": "Plain", "Partial Mode": "Finalize", "Parallel Aware": false, "Startup Cost": 544532.56, "Total Cost": 544532.57, "Plan Rows": 1, "Plan Width": 8, "Actual Startup Time": 2372.648, "Actual Total Time": 2419.515, "Actual Rows": 1, "Actual Loops": 1, "Plans": [{"Node Type": "Gather", "Parent Relationship": "Outer", "Parallel Aware": false, "Startup Cost": 544532.35, "Total Cost": 544532.56, "Plan Rows": 2, "Plan Width": 8, "Actual Startup Time": 2371.078, "Actual Total Time": 2419.51, "Actual Rows": 3, "Actual Loops": 1, "Workers Planned": 2, "Workers Launched": 2, "Single Copy": false, "Plans": [{"Node Type": "Aggregate", "Strategy": "Plain", "Partial Mode": "Partial", "Parent Relationship": "Outer", "Parallel Aware": false, "Startup Cost": 543532.35, "Total Cost": 543532.36, "Plan Rows": 1, "Plan Width": 8, "Actual Startup Time": 2368.709, "Actual Total Time": 2368.717, "Actual Rows": 1, "Actual Loops": 3, "Plans": [{"Node Type": "Hash Join", "Parent Relationship": "Outer", "Parallel Aware": true, "Join Type": "Inner", "Startup Cost": 525396.65, "Total Cost": 543532.35, "Plan Rows": 1, "Plan Width": 0, "Actual Startup Time": 2300.382, "Actual Total Time": 2367.789, "Actual Rows": 22728, "Actual Loops": 3, "Inner Unique": false, "Hash Cond": "(an.person_id = n.id)", "Plans": [{"Node Type": "Seq Scan", "Parent Relationship": "Outer", "Parallel Aware": true, "Relation Name": "aka_name", "Alias": "an", "Startup Cost": 0.0, "Total Cost": 17029.39, "Plan Rows": 295012, "Plan Width": 4, "Actual Startup Time": 0.014, "Actual Total Time": 48.129, "Actual Rows": 228698, "Actual Loops": 3, "Filter": "((name IS NOT NULL) AND (((name)::text ~~ '%a%'::text) OR ((name)::text ~~ 'A%'::text)))", "Rows Removed by Filter": 71749}, {"Node Type": "Hash", "Parent Relationship": "Inner", "Parallel Aware": true, "Startup Cost": 525396.64, "Total Cost": 525396.64, "Plan Rows": 1, "Plan Width": 12, "Actual Startup Time": 2300.001, "Actual Total Time": 2300.008, "Actual Rows": 13386, "Actual Loops": 3, "Hash Buckets": 65536, "Original Hash Buckets": 1024, "Hash Batches": 1, "Original Hash Batches": 1, "Peak Memory Usage": 2936, "Plans": [{"Node Type": "Nested Loop", "Parent Relationship": "Outer", "Parallel Aware": false, "Join Type": "Inner", "Startup Cost": 525392.15, "Total Cost": 525396.64, "Plan Rows": 1, "Plan Width": 12, "Actual Startup Time": 2170.751, "Actual Total Time": 2266.251, "Actual Rows": 13386, "Actual Loops": 3, "Inner Unique": true, "Plans": [{"Node Type": "Merge Join", "Parent Relationship": "Outer", "Parallel Aware": false, "Join Type": "Inner", "Startup Cost": 525391.72, "Total Cost": 525396.18, "Plan Rows": 1, "Plan Width": 20, "Actual Startup Time": 2170.72, "Actual Total Time": 2223.223, "Actual Rows": 21216, "Actual Loops": 3, "Inner Unique": false, "Merge Cond": "(ci.movie_id = ml.linked_movie_id)", "Plans": [{"Node Type": "Sort", "Parent Relationship": "Outer", "Parallel Aware": false, "Startup Cost": 524801.51, "Total Cost": 524802.26, "Plan Rows": 298, "Plan Width": 16, "Actual Startup Time": 2160.156, "Actual Total Time": 2190.158, "Actual Rows": 305716, "Actual Loops": 3, "Sort Key": ["ci.movie_id"], "Sort Method": "external merge", "Sort Space Used": 7872, "Sort Space Type": "Disk", "Workers": [{"Worker Number": 0, "Sort Method": "external merge", "Sort Space Used": 7792, "Sort Space Type": "Disk"}, {"Worker Number": 1, "Sort Method": "external merge", "Sort Space Used": 7752, "Sort Space Type": "Disk"}], "Plans": [{"Node Type": "Hash Join", "Parent Relationship": "Outer", "Parallel Aware": true, "Join Type": "Inner", "Startup Cost": 64541.14, "Total Cost": 524789.27, "Plan Rows": 298, "Plan Width": 16, "Actual Startup Time": 210.676, "Actual Total Time": 2074.2, "Actual Rows": 305764, "Actual Loops": 3, "Inner Unique": false, "Hash Cond": "(ci.person_id = n.id)", "Plans": [{"Node Type": "Seq Scan", "Parent Relationship": "Outer", "Parallel Aware": true, "Relation Name": "cast_info", "Alias": "ci", "Startup Cost": 0.0, "Total Cost": 403639.65, "Plan Rows": 15095265, "Plan Width": 8, "Actual Startup Time": 0.006, "Actual Total Time": 878.649, "Actual Rows": 12081448, "Actual Loops": 3}, {"Node Type": "Hash", "Parent Relationship": "Inner", "Parallel Aware": true, "Startup Cost": 64540.72, "Total Cost": 64540.72, "Plan Rows": 34, "Plan Width": 8, "Actual Startup Time": 210.569, "Actual Total Time": 210.571, "Actual Rows": 4354, "Actual Loops": 3, "Hash Buckets": 16384, "Original Hash Buckets": 1024, "Hash Batches": 1, "Original Hash Batches": 1, "Peak Memory Usage": 792, "Plans": [{"Node Type": "Nested Loop", "Parent Relationship": "Outer", "Parallel Aware": false, "Join Type": "Inner", "Startup Cost": 2.86, "Total Cost": 64540.72, "Plan Rows": 34, "Plan Width": 8, "Actual Startup Time": 0.126, "Actual Total Time": 198.98, "Actual Rows": 4354, "Actual Loops": 3, "Inner Unique": true, "Plans": [{"Node Type": "Hash Join", "Parent Relationship": "Outer", "Parallel Aware": false, "Join Type": "Inner", "Startup Cost": 2.43, "Total Cost": 63502.14, "Plan Rows": 292, "Plan Width": 4, "Actual Startup Time": 0.052, "Actual Total Time": 103.436, "Actual Rows": 28061, "Actual Loops": 3, "Inner Unique": true, "Hash Cond": "(pi.info_type_id = it.id)", "Plans": [{"Node Type": "Seq Scan", "Parent Relationship": "Outer", "Parallel Aware": true, "Relation Name": "person_info", "Alias": "pi", "Startup Cost": 0.0, "Total Cost": 63409.96, "Plan Rows": 32957, "Plan Width": 8, "Actual Startup Time": 0.015, "Actual Total Time": 98.907, "Actual Rows": 28061, "Actual Loops": 3, "Filter": "(note IS NOT NULL)", "Rows Removed by Filter": 959827}, {"Node Type": "Hash", "Parent Relationship": "Inner", "Parallel Aware": false, "Startup Cost": 2.41, "Total Cost": 2.41, "Plan Rows": 1, "Plan Width": 4, "Actual Startup Time": 0.029, "Actual Total Time": 0.029, "Actual Rows": 1, "Actual Loops": 3, "Hash Buckets": 1024, "Original Hash Buckets": 1024, "Hash Batches": 1, "Original Hash Batches": 1, "Peak Memory Usage": 9, "Plans": [{"Node Type": "Seq Scan", "Parent Relationship": "Outer", "Parallel Aware": false, "Relation Name": "info_type", "Alias": "it", "Startup Cost": 0.0, "Total Cost": 2.41, "Plan Rows": 1, "Plan Width": 4, "Actual Startup Time": 0.018, "Actual Total Time": 0.023, "Actual Rows": 1, "Actual Loops": 3, "Filter": "((info)::text = 'mini biography'::text)", "Rows Removed by Filter": 112}]}]}, {"Node Type": "Index Scan", "Parent Relationship": "Inner", "Parallel Aware": false, "Scan Direction": "Forward", "Index Name": "name_pkey", "Relation Name": "name", "Alias": "n", "Startup Cost": 0.43, "Total Cost": 3.56, "Plan Rows": 1, "Plan Width": 4, "Actual Startup Time": 0.003, "Actual Total Time": 0.003, "Actual Rows": 0, "Actual Loops": 84183, "Index Cond": "(id = pi.person_id)", "Rows Removed by Index Recheck": 0, "Filter": "(((name_pcode_cf)::text >= 'A'::text) AND ((name_pcode_cf)::text <= 'F'::text) AND (((gender)::text = 'm'::text) OR (((gender)::text = 'f'::text) AND ((name)::text ~~ 'A%'::text))))", "Rows Removed by Filter": 1}]}]}]}]}, {"Node Type": "Sort", "Parent Relationship": "Inner", "Parallel Aware": false, "Startup Cost": 590.21, "Total Cost": 591.69, "Plan Rows": 591, "Plan Width": 4, "Actual Startup Time": 10.523, "Actual Total Time": 13.479, "Actual Rows": 33565, "Actual Loops": 3, "Sort Key": ["ml.linked_movie_id"], "Sort Method": "quicksort", "Sort Space Used": 1777, "Sort Space Type": "Memory", "Workers": [{"Worker Number": 0, "Sort Method": "quicksort", "Sort Space Used": 1777, "Sort Space Type": "Memory"}, {"Worker Number": 1, "Sort Method": "quicksort", "Sort Space Used": 1777, "Sort Space Type": "Memory"}], "Plans": [{"Node Type": "Hash Join", "Parent Relationship": "Outer", "Parallel Aware": false, "Join Type": "Inner", "Startup Cost": 20.82, "Total Cost": 563.0, "Plan Rows": 591, "Plan Width": 4, "Actual Startup Time": 0.056, "Actual Total Time": 5.772, "Actual Rows": 21505, "Actual Loops": 3, "Inner Unique": true, "Hash Cond": "(ml.link_type_id = lt.id)", "Plans": [{"Node Type": "Seq Scan", "Parent Relationship": "Outer", "Parallel Aware": false, "Relation Name": "movie_link", "Alias": "ml", "Startup Cost": 0.0, "Total Cost": 462.97, "Plan Rows": 29997, "Plan Width": 8, "Actual Startup Time": 0.023, "Actual Total Time": 1.941, "Actual Rows": 29997, "Actual Loops": 3}, {"Node Type": "Hash", "Parent Relationship": "Inner", "Parallel Aware": false, "Startup Cost": 20.65, "Total Cost": 20.65, "Plan Rows": 14, "Plan Width": 4, "Actual Startup Time": 0.024, "Actual Total Time": 0.024, "Actual Rows": 4, "Actual Loops": 3, "Hash Buckets": 1024, "Original Hash Buckets": 1024, "Hash Batches": 1, "Original Hash Batches": 1, "Peak Memory Usage": 9, "Plans": [{"Node Type": "Seq Scan", "Parent Relationship": "Outer", "Parallel Aware": false, "Relation Name": "link_type", "Alias": "lt", "Startup Cost": 0.0, "Total Cost": 20.65, "Plan Rows": 14, "Plan Width": 4, "Actual Startup Time": 0.019, "Actual Total Time": 0.021, "Actual Rows": 4, "Actual Loops": 3, "Filter": "((link)::text = ANY ('{references,\"referenced in\",features,\"featured in\"}'::text[]))", "Rows Removed by Filter": 14}]}]}]}]}, {"Node Type": "Index Scan", "Parent Relationship": "Inner", "Parallel Aware": false, "Scan Direction": "Forward", "Index Name": "title_pkey", "Relation Name": "title", "Alias": "t", "Startup Cost": 0.43, "Total Cost": 0.46, "Plan Rows": 1, "Plan Width": 4, "Actual Startup Time": 0.002, "Actual Total Time": 0.002, "Actual Rows": 1, "Actual Loops": 63648, "Index Cond": "(id = ci.movie_id)", "Rows Removed by Index Recheck": 0, "Filter": "((production_year >= 1980) AND (production_year <= 2010))", "Rows Removed by Filter": 0}]}]}]}]}]}]}, "Planning Time": 83.708, "Triggers": [], "Execution Time": 2420.544}]
[{"Bao": {"Bao prediction": "NaN", "Bao recommended hint": "(no hint)"}}, {"Plan": {"Node Type": "Aggregate", "Strategy": "Plain", "Partial Mode": "Finalize", "Parallel Aware": false, "Startup Cost": 580748.48, "Total Cost": 580748.49, "Plan Rows": 1, "Plan Width": 8, "Actual Startup Time": 2816.134, "Actual Total Time": 2862.306, "Actual Rows": 1, "Actual Loops": 1, "Plans": [{"Node Type": "Gather", "Parent Relationship": "Outer", "Parallel Aware": false, "Startup Cost": 580748.27, "Total Cost": 580748.48, "Plan Rows": 2, "Plan Width": 8, "Actual Startup Time": 2814.36, "Actual Total Time": 2862.3, "Actual Rows": 3, "Actual Loops": 1, "Workers Planned": 2, "Workers Launched": 2, "Single Copy": false, "Plans": [{"Node Type": "Aggregate", "Strategy": "Plain", "Partial Mode": "Partial", "Parent Relationship": "Outer", "Parallel Aware": false, "Startup Cost": 579748.27, "Total Cost": 579748.28, "Plan Rows": 1, "Plan Width": 8, "Actual Startup Time": 2812.15, "Actual Total Time": 2812.157, "Actual Rows": 1, "Actual Loops": 3, "Plans": [{"Node Type": "Hash Join", "Parent Relationship": "Outer", "Parallel Aware": true, "Join Type": "Inner", "Startup Cost": 562595.7, "Total Cost": 579235.99, "Plan Rows": 204910, "Plan Width": 0, "Actual Startup Time": 2750.24, "Actual Total Time": 2807.45, "Actual Rows": 107668, "Actual Loops": 3, "Inner Unique": false, "Hash Cond": "(an1.person_id = n1.id)", "Plans": [{"Node Type": "Seq Scan", "Parent Relationship": "Outer", "Parallel Aware": true, "Relation Name": "aka_name", "Alias": "an1", "Startup Cost": 0.0, "Total Cost": 15151.6, "Plan Rows": 375560, "Plan Width": 4, "Actual Startup Time": 0.014, "Actual Total Time": 25.557, "Actual Rows": 300448, "Actual Loops": 3}, {"Node Type": "Hash", "Parent Relationship": "Inner", "Parallel Aware": true, "Startup Cost": 561481.05, "Total Cost": 561481.05, "Plan Rows": 89172, "Plan Width": 8, "Actual Startup Time": 2678.245, "Actual Total Time": 2678.251, "Actual Rows": 95179, "Actual Loops": 3, "Hash Buckets": 131072, "Original Hash Buckets": 262144, "Hash Batches": 8, "Original Hash Batches": 1, "Peak Memory Usage": 2880, "Plans": [{"Node Type": "Hash Join", "Parent Relationship": "Outer", "Parallel Aware": true, "Join Type": "Inner", "Startup Cost": 527127.79, "Total Cost": 561481.05, "Plan Rows": 89172, "Plan Width": 8, "Actual Startup Time": 2595.878, "Actual Total Time": 2653.965, "Actual Rows": 95179, "Actual Loops": 3, "Inner Unique": false, "Hash Cond": "(mc.movie_id = ci.movie_id)", "Plans": [{"Node Type": "Hash Join", "Parent Relationship": "Outer", "Parallel Aware": true, "Join Type": "Inner", "Startup Cost": 5344.51, "Total Cost": 37859.67, "Plan Rows": 391078, "Plan Width": 4, "Actual Startup Time": 13.812, "Actual Total Time": 200.771, "Actual Rows": 384599, "Actual Loops": 3, "Inner Unique": true, "Hash Cond": "(mc.company_id = cn.id)", "Plans": [{"Node Type": "Seq Scan", "Parent Relationship": "Outer", "Parallel Aware": true, "Relation Name": "movie_companies", "Alias": "mc", "Startup Cost": 0.0, "Total Cost": 29661.37, "Plan Rows": 1087137, "Plan Width": 8, "Actual Startup Time": 0.007, "Actual Total Time": 63.578, "Actual Rows": 869710, "Actual Loops": 3}, {"Node Type": "Hash", "Parent Relationship": "Inner", "Parallel Aware": true, "Startup Cost": 4722.92, "Total Cost": 4722.92, "Plan Rows": 49727, "Plan Width": 4, "Actual Startup Time": 13.693, "Actual Total Time": 13.694, "Actual Rows": 28281, "Actual Loops": 3, "Hash Buckets": 131072, "Original Hash Buckets": 131072, "Hash Batches": 1, "Original Hash Batches": 1, "Peak Memory Usage": 4416, "Plans": [{"Node Type": "Seq Scan", "Parent Relationship": "Outer", "Parallel Aware": true, "Relation Name": "company_name", "Alias": "cn", "Startup Cost": 0.0, "Total Cost": 4722.92, "Plan Rows": 49727, "Plan Width": 4, "Actual Startup Time": 0.014, "Actual Total Time": 9.313, "Actual Rows": 28281, "Actual Loops": 3, "Filter": "((country_code)::text = '[us]'::text)", "Rows Removed by Filter": 50051}]}]}, {"Node Type": "Hash", "Parent Relationship": "Inner", "Parallel Aware": true, "Startup Cost": 520720.24, "Total Cost": 520720.24, "Plan Rows": 85044, "Plan Width": 16, "Actual Startup Time": 2349.751, "Actual Total Time": 2349.753, "Actual Rows": 92134, "Actual Loops": 3, "Hash Buckets": 65536, "Original Hash Buckets": 262144, "Hash Batches": 8, "Original Hash Batches": 1, "Peak Memory Usage": 2176, "Plans": [{"Node Type": "Nested Loop", "Parent Relationship": "Outer", "Parallel Aware": false, "Join Type": "Inner", "Startup Cost": 19.79, "Total Cost": 520720.24, "Plan Rows": 85044, "Plan Width": 16, "Actual Startup Time": 1439.168, "Actual Total Time": 2313.159, "Actual Rows": 92134, "Actual Loops": 3, "Inner Unique": true, "Plans": [{"Node Type": "Nested Loop", "Parent Relationship": "Outer", "Parallel Aware": false, "Join Type": "Inner", "Startup Cost": 19.36, "Total Cost": 482240.5, "Plan Rows": 85044, "Plan Width": 12, "Actual Startup Time": 1439.139, "Actual Total Time": 2031.167, "Actual Rows": 92134, "Actual Loops": 3, "Inner Unique": true, "Plans": [{"Node Type": "Hash Join", "Parent Relationship": "Outer", "Parallel Aware": false, "Join Type": "Inner", "Startup Cost": 18.93, "Total Cost": 443520.17, "Plan Rows": 85044, "Plan Width": 8, "Actual Startup Time": 1439.084, "Actual Total Time": 1838.35, "Actual Rows": 92134, "Actual Loops": 3, "Inner Unique": true, "Hash Cond": "(ci.role_id = rt.id)", "Plans": [{"Node Type": "Seq Scan", "Parent Relationship": "Outer", "Parallel Aware": true, "Relation Name": "cast_info", "Alias": "ci", "Startup Cost": 0.0, "Total Cost": 403639.65, "Plan Rows": 15095265, "Plan Width": 12, "Actual Startup Time": 0.016, "Actual Total Time": 842.379, "Actual Rows": 12081448, "Actual Loops": 3}, {"Node Type": "Hash", "Parent Relationship": "Inner", "Parallel Aware": false, "Startup Cost": 18.88, "Total Cost": 18.88, "Plan Rows": 4, "Plan Width": 4, "Actual Startup Time": 0.026, "Actual Total Time": 0.026, "Actual Rows": 1, "Actual Loops": 3, "Hash Buckets": 1024, "Original Hash Buckets": 1024, "Hash Batches": 1, "Original Hash Batches": 1, "Peak Memory Usage": 9, "Plans": [{"Node Type": "Seq Scan", "Parent Relationship": "Outer", "Parallel Aware": false, "Relation Name": "role_type", "Alias": "rt", "Startup Cost": 0.0, "Total Cost": 18.88, "Plan Rows": 4, "Plan Width": 4, "Actual Startup Time": 0.019, "Actual Total Time": 0.02, "Actual Rows": 1, "Actual Loops": 3, "Filter": "((role)::text = 'costume designer'::text)", "Rows Removed by Filter": 11}]}]}, {"Node Type": "Index Only Scan", "Parent Relationship": "Inner", "Parallel Aware": false, "Scan Direction": "Forward", "Index Name": "name_pkey", "Relation Name": "name", "Alias": "n1", "Startup Cost": 0.43, "Total Cost": 0.46, "Plan Rows": 1, "Plan Width": 4, "Actual Startup Time": 0.002, "Actual Total Time": 0.002, "Actual Rows": 1, "Actual Loops": 276403, "Index Cond": "(id = ci.person_id)", "Rows Removed by Index Recheck": 0, "Heap Fetches": 276403}]}, {"Node Type": "Index Only Scan", "Parent Relationship": "Inner", "Parallel Aware": false, "Scan Direction": "Forward", "Index Name": "title_pkey", "Relation Name": "title", "Alias": "t", "Startup Cost": 0.43, "Total Cost": 0.45, "Plan Rows": 1, "Plan Width": 4, "Actual Startup Time": 0.003, "Actual Total Time": 0.003, "Actual Rows": 1, "Actual Loops": 276403, "Index Cond": "(id = ci.movie_id)", "Rows Removed by Index Recheck": 0, "Heap Fetches": 276403}]}]}]}]}]}]}]}]}, "Planning Time": 81.06, "Triggers": [], "Execution Time": 2862.382}]
[{"Bao": {"Bao prediction": "NaN", "Bao recommended hint": "(no hint)"}}, {"Plan": {"Node Type": "Aggregate", "Strategy": "Plain", "Partial Mode": "Finalize", "Parallel Aware": false, "Startup Cost": 533065.14, "Total Cost": 533065.15, "Plan Rows": 1, "Plan Width": 8, "Actual Startup Time": 1917.637, "Actual Total Time": 1954.956, "Actual Rows": 1, "Actual Loops": 1, "Plans": [{"Node Type": "Gather", "Parent Relationship": "Outer", "Parallel Aware": false, "Startup Cost": 533064.93, "Total Cost": 533065.14, "Plan Rows": 2, "Plan Width": 8, "Actual Startup Time": 1917.552, "Actual Total Time": 1954.95, "Actual Rows": 3, "Actual Loops": 1, "Workers Planned": 2, "Workers Launched": 2, "Single Copy": false, "Plans": [{"Node Type": "Aggregate", "Strategy": "Plain", "Partial Mode": "Partial", "Parent Relationship": "Outer", "Parallel Aware": false, "Startup Cost": 532064.93, "Total Cost": 532064.94, "Plan Rows": 1, "Plan Width": 8, "Actual Startup Time": 1915.305, "Actual Total Time": 1915.312, "Actual Rows": 1, "Actual Loops": 3, "Plans": [{"Node Type": "Hash Join", "Parent Relationship": "Outer", "Parallel Aware": true, "Join Type": "Inner", "Startup Cost": 515504.91, "Total Cost": 532064.87, "Plan Rows": 23, "Plan Width": 0, "Actual Startup Time": 1866.206, "Actual Total Time": 1915.186, "Actual Rows": 2715, "Actual Loops": 3, "Inner Unique": false, "Hash Cond": "(an.person_id = n.id)", "Plans": [{"Node Type": "Seq Scan", "Parent Relationship": "Outer", "Parallel Aware": true, "Relation Name": "aka_name", "Alias": "an", "Startup Cost": 0.0, "Total Cost": 15151.6, "Plan Rows": 375560, "Plan Width": 4, "Actual Startup Time": 0.016, "Actual Total Time": 24.459, "Actual Rows": 300448, "Actual Loops": 3}, {"Node Type": "Hash", "Parent Relationship": "Inner", "Parallel Aware": true, "Startup Cost": 515504.79, "Total Cost": 515504.79, "Plan Rows": 10, "Plan Width": 8, "Actual Startup Time": 1865.275, "Actual Total Time": 1865.281, "Actual Rows": 1501, "Actual Loops": 3, "Hash Buckets": 4096, "Original Hash Buckets": 1024, "Hash Batches": 1, "Original Hash Batches": 1, "Peak Memory Usage": 280, "Plans": [{"Node Type": "Nested Loop", "Parent Relationship": "Outer", "Parallel Aware": false, "Join Type": "Inner", "Startup Cost": 481749.61, "Total Cost": 515504.79, "Plan Rows": 10, "Plan Width": 8, "Actual Startup Time": 1664.875, "Actual Total Time": 1824.712, "Actual Rows": 1501, "Actual Loops": 3, "Inner Unique": true, "Join Filter": "(ci.movie_id = t.id)", "Rows Removed by Join Filter": 0, "Plans": [{"Node Type": "Nested Loop", "Parent Relationship": "Outer", "Parallel Aware": false, "Join Type": "Inner", "Startup Cost": 481749.18, "Total Cost": 515499.5, "Plan Rows": 10, "Plan Width": 16, "Actual Startup Time": 1664.851, "Actual Total Time": 1819.521, "Actual Rows": 1501, "Actual Loops": 3, "Inner Unique": true, "Plans": [{"Node Type": "Hash Join", "Parent Relationship": "Outer", "Parallel Aware": true, "Join Type": "Inner", "Startup Cost": 481748.76, "Total Cost": 515487.01, "Plan Rows": 28, "Plan Width": 20, "Actual Startup Time": 1664.612, "Actual Total Time": 1810.638, "Actual Rows": 4128, "Actual Loops": 3, "Inner Unique": false, "Hash Cond": "(mc.movie_id = ci.movie_id)", "Plans": [{"Node Type": "Seq Scan", "Parent Relationship": "Outer", "Parallel Aware": true, "Relation Name": "movie_companies", "Alias": "mc", "Startup Cost": 0.0, "Total Cost": 29661.37, "Plan Rows": 1087137, "Plan Width": 8, "Actual Startup Time": 0.007, "Actual Total Time": 62.034, "Actual Rows": 869710, "Actual Loops": 3}, {"Node Type": "Hash", "Parent Relationship": "Inner", "Parallel Aware": true, "Startup Cost": 481748.63, "Total Cost": 481748.63, "Plan Rows": 10, "Plan Width": 12, "Actual Startup Time": 1664.037, "Actual Total Time": 1664.04, "Actual Rows": 1895, "Actual Loops": 3, "Hash Buckets": 4096, "Original Hash Buckets": 1024, "Hash Batches": 1, "Original Hash Batches": 1, "Peak Memory Usage": 344, "Plans": [{"Node Type": "Nested Loop", "Parent Relationship": "Outer", "Parallel Aware": false, "Join Type": "Inner", "Startup Cost": 19.79, "Total Cost": 481748.63, "Plan Rows": 10, "Plan Width": 12, "Actual Startup Time": 407.39, "Actual Total Time": 1469.084, "Actual Rows": 1895, "Actual Loops": 3, "Inner Unique": true, "Plans": [{"Node Type": "Nested Loop", "Parent Relationship": "Outer", "Parallel Aware": false, "Join Type": "Inner", "Startup Cost": 19.36, "Total Cost": 481735.42, "Plan Rows": 20, "Plan Width": 16, "Actual Startup Time": 407.358, "Actual Total Time": 1463.804, "Actual Rows": 2184, "Actual Loops": 3, "Inner Unique": true, "Plans": [{"Node Type": "Hash Join", "Parent Relationship": "Outer", "Parallel Aware": false, "Join Type": "Inner", "Startup Cost": 18.93, "Total Cost": 480120.81, "Plan Rows": 2103, "Plan Width": 12, "Actual Startup Time": 405.619, "Actual Total Time": 1305.297, "Actual Rows": 92055, "Actual Loops": 3, "Inner Unique": true, "Hash Cond": "(ci.role_id = rt.id)", "Plans": [{"Node Type": "Seq Scan", "Parent Relationship": "Outer", "Parallel Aware": true, "Relation Name": "cast_info", "Alias": "ci", "Startup Cost": 0.0, "Total Cost": 479115.98, "Plan Rows": 373356, "Plan Width": 16, "Actual Startup Time": 0.035, "Actual Total Time": 1276.198, "Actual Rows": 289159, "Actual Loops": 3, "Filter": "((note)::text = ANY ('{(voice),\"(voice: Japanese version)\",\"(voice) (uncredited)\",\"(voice: English version)\"}'::text[]))", "Rows Removed by Filter": 11792289}, {"Node Type": "Hash", "Parent Relationship": "Inner", "Parallel Aware": false, "Startup Cost": 18.88, "Total Cost": 18.88, "Plan Rows": 4, "Plan Width": 4, "Actual Startup Time": 0.021, "Actual Total Time": 0.022, "Actual Rows": 1, "Actual Loops": 3, "Hash Buckets": 1024, "Original Hash Buckets": 1024, "Hash Batches": 1, "Original Hash Batches": 1, "Peak Memory Usage": 9, "Plans": [{"Node Type": "Seq Scan", "Parent Relationship": "Outer", "Parallel Aware": false, "Relation Name": "role_type", "Alias": "rt", "Startup Cost": 0.0, "Total Cost": 18.88, "Plan Rows": 4, "Plan Width": 4, "Actual Startup Time": 0.015, "Actual Total Time": 0.017, "Actual Rows": 1, "Actual Loops": 3, "Filter": "((role)::text = 'actress'::text)", "Rows Removed by Filter": 11}]}]}, {"Node Type": "Index Scan", "Parent Relationship": "Inner", "Parallel Aware": false, "Scan Direction": "Forward", "Index Name": "name_pkey", "Relation Name": "name", "Alias": "n", "Startup Cost": 0.43, "Total Cost": 0.77, "Plan Rows": 1, "Plan Width": 4, "Actual Startup Time": 0.002, "Actual Total Time": 0.002, "Actual Rows": 0, "Actual Loops": 276166, "Index Cond": "(id = ci.person_id)", "Rows Removed by Index Recheck": 0, "Filter": "(((name)::text ~~ '%An%'::text) AND ((gender)::text = 'f'::text))", "Rows Removed by Filter": 1}]}, {"Node Type": "Index Only Scan", "Parent Relationship": "Inner", "Parallel Aware": false, "Scan Direction": "Forward", "Index Name": "char_name_pkey", "Relation Name": "char_name", "Alias": "chn", "Startup Cost": 0.43, "Total Cost": 0.66, "Plan Rows": 1, "Plan Width": 4, "Actual Startup Time": 0.002, "Actual Total Time": 0.002, "Actual Rows": 1, "Actual Loops": 6552, "Index Cond": "(id = ci.person_role_id)", "Rows Removed by Index Recheck": 0, "Heap Fetches": 5686}]}]}]}, {"Node Type": "Index Scan", "Parent Relationship": "Inner", "Parallel Aware": false, "Scan Direction": "Forward", "Index Name": "company_name_pkey", "Relation Name": "company_name", "Alias": "cn", "Startup Cost": 0.42, "Total Cost": 0.45, "Plan Rows": 1, "Plan Width": 4, "Actual Startup Time": 0.002, "Actual Total Time": 0.002, "Actual Rows": 0, "Actual Loops": 12383, "Index Cond": "(id = mc.company_id)", "Rows Removed by Index Recheck": 0, "Filter": "((country_code)::text = '[us]'::text)", "Rows Removed by Filter": 1}]}, {"Node Type": "Index Only Scan", "Parent Relationship": "Inner", "Parallel Aware": false, "Scan Direction": "Forward", "Index Name": "title_pkey", "Relation Name": "title", "Alias": "t", "Startup Cost": 0.43, "Total Cost": 0.52, "Plan Rows": 1, "Plan Width": 4, "Actual Startup Time": 0.003, "Actual Total Time": 0.003, "Actual Rows": 1, "Actual Loops": 4503, "Index Cond": "(id = mc.movie_id)", "Rows Removed by Index Recheck": 0, "Heap Fetches": 4503}]}]}]}]}]}]}, "Planning Time": 83.622, "Triggers": [], "Execution Time": 1955.041}]
[{"Bao": {"Bao prediction": "NaN", "Bao recommended hint": "(no hint)"}}, {"Plan": {"Node Type": "Aggregate", "Strategy": "Plain", "Partial Mode": "Finalize", "Parallel Aware": false, "Startup Cost": 562549.61, "Total Cost": 562549.62, "Plan Rows": 1, "Plan Width": 8, "Actual Startup Time": 2791.646, "Actual Total Time": 2838.128, "Actual Rows": 1, "Actual Loops": 1, "Plans": [{"Node Type": "Gather", "Parent Relationship": "Outer", "Parallel Aware": false, "Startup Cost": 562549.4, "Total Cost": 562549.61, "Plan Rows": 2, "Plan Width": 8, "Actual Startup Time": 2791.023, "Actual Total Time": 2838.124, "Actual Rows": 3, "Actual Loops": 1, "Workers Planned": 2, "Workers Launched": 2, "Single Copy": false, "Plans": [{"Node Type": "Aggregate", "Strategy": "Plain", "Partial Mode": "Partial", "Parent Relationship": "Outer", "Parallel Aware": false, "Startup Cost": 561549.4, "Total Cost": 561549.41, "Plan Rows": 1, "Plan Width": 8, "Actual Startup Time": 2788.646, "Actual Total Time": 2788.654, "Actual Rows": 1, "Actual Loops": 3, "Plans": [{"Node Type": "Hash Join", "Parent Relationship": "Outer", "Parallel Aware": true, "Join Type": "Inner", "Startup Cost": 544987.97, "Total Cost": 561548.12, "Plan Rows": 512, "Plan Width": 0, "Actual Startup Time": 2716.807, "Actual Total Time": 2784.197, "Actual Rows": 106644, "Actual Loops": 3, "Inner Unique": false, "Hash Cond": "(an.person_id = n.id)", "Plans": [{"Node Type": "Seq Scan", "Parent Relationship": "Outer", "Parallel Aware": true, "Relation Name": "aka_name", "Alias": "an", "Startup Cost": 0.0, "Total Cost": 15151.6, "Plan Rows": 375560, "Plan Width": 4, "Actual Startup Time": 0.015, "Actual Total Time": 24.822, "Actual Rows": 300448, "Actual Loops": 3}, {"Node Type": "Hash", "Parent Relationship": "Inner", "Parallel Aware": true, "Startup Cost": 544985.2, "Total Cost": 544985.2, "Plan Rows": 222, "Plan Width": 8, "Actual Startup Time": 2716.5, "Actual Total Time": 2716.506, "Actual Rows": 73870, "Actual Loops": 3, "Hash Buckets": 262144, "Original Hash Buckets": 1024, "Hash Batches": 1, "Original Hash Batches": 1, "Peak Memory Usage": 12792, "Plans": [{"Node Type": "Nested Loop", "Parent Relationship": "Outer", "Parallel Aware": false, "Join Type": "Inner", "Startup Cost": 84637.06, "Total Cost": 544985.2, "Plan Rows": 222, "Plan Width": 8, "Actual Startup Time": 432.137, "Actual Total Time": 2627.988, "Actual Rows": 73870, "Actual Loops": 3, "Inner Unique": true, "Plans": [{"Node Type": "Hash Join", "Parent Relationship": "Outer", "Parallel Aware": true, "Join Type": "Inner", "Startup Cost": 84636.63, "Total Cost": 544884.12, "Plan Rows": 222, "Plan Width": 4, "Actual Startup Time": 432.106, "Actual Total Time": 2484.003, "Actual Rows": 73870, "Actual Loops": 3, "Inner Unique": false, "Hash Cond": "(ci.movie_id = t.id)", "Plans": [{"Node Type": "Seq Scan", "Parent Relationship": "Outer", "Parallel Aware": true, "Relation Name": "cast_info", "Alias": "ci", "Startup Cost": 0.0, "Total Cost": 403639.65, "Plan Rows": 15095265, "Plan Width": 8, "Actual Startup Time": 0.01, "Actual Total Time": 859.586, "Actual Rows": 12081448, "Actual Loops": 3}, {"Node Type": "Hash", "Parent Relationship": "Inner", "Parallel Aware": true, "Startup Cost": 84636.5, "Total Cost": 84636.5, "Plan Rows": 10, "Plan Width": 12, "Actual Startup Time": 431.986, "Actual Total Time": 431.991, "Actual Rows": 2846, "Actual Loops": 3, "Hash Buckets": 8192, "Original Hash Buckets": 1024, "Hash Batches": 1, "Original Hash Batches": 1, "Peak Memory Usage": 600, "Plans": [{"Node Type": "Nested Loop", "Parent Relationship": "Outer", "Parallel Aware": false, "Join Type": "Inner", "Startup Cost": 50885.39, "Total Cost": 84636.5, "Plan Rows": 10, "Plan Width": 12, "Actual Startup Time": 266.797, "Actual Total Time": 414.411, "Actual Rows": 2846, "Actual Loops": 3, "Inner Unique": true, "Plans": [{"Node Type": "Hash Join", "Parent Relationship": "Outer", "Parallel Aware": true, "Join Type": "Inner", "Startup Cost": 50884.97, "Total Cost": 84623.12, "Plan Rows": 30, "Plan Width": 16, "Actual Startup Time": 266.764, "Actual Total Time": 407.719, "Actual Rows": 3802, "Actual Loops": 3, "Inner Unique": false, "Hash Cond": "(mc.movie_id = t.id)", "Plans": [{"Node Type": "Seq Scan", "Parent Relationship": "Outer", "Parallel Aware": true, "Relation Name": "movie_companies", "Alias": "mc", "Startup Cost": 0.0, "Total Cost": 29661.37, "Plan Rows": 1087137, "Plan Width": 8, "Actual Startup Time": 0.008, "Actual Total Time": 63.244, "Actual Rows": 869710, "Actual Loops": 3}, {"Node Type": "Hash", "Parent Relationship": "Inner", "Parallel Aware": true, "Startup Cost": 50884.91, "Total Cost": 50884.91, "Plan Rows": 5, "Plan Width": 8, "Actual Startup Time": 266.5, "Actual Total Time": 266.502, "Actual Rows": 2309, "Actual Loops": 3, "Hash Buckets": 8192, "Original Hash Buckets": 1024, "Hash Batches": 1, "Original Hash Batches": 1, "Peak Memory Usage": 472, "Plans": [{"Node Type": "Nested Loop", "Parent Relationship": "Outer", "Parallel Aware": false, "Join Type": "Inner", "Startup Cost": 2626.57, "Total Cost": 50884.91, "Plan Rows": 5, "Plan Width": 8, "Actual Startup Time": 10.659, "Actual Total Time": 255.003, "Actual Rows": 2309, "Actual Loops": 3, "Inner Unique": true, "Plans": [{"Node Type": "Hash Join", "Parent Relationship": "Outer", "Parallel Aware": false, "Join Type": "Inner", "Startup Cost": 2626.14, "Total Cost": 50878.05, "Plan Rows": 14, "Plan Width": 4, "Actual Startup Time": 10.531, "Actual Total Time": 214.852, "Actual Rows": 13947, "Actual Loops": 3, "Inner Unique": true, "Hash Cond": "(mk.keyword_id = k.id)", "Plans": [{"Node Type": "Seq Scan", "Parent Relationship": "Outer", "Parallel Aware": true, "Relation Name": "movie_keyword", "Alias": "mk", "Startup Cost": 0.0, "Total Cost": 43303.71, "Plan Rows": 1884971, "Plan Width": 8, "Actual Startup Time": 0.009, "Actual Total Time": 100.13, "Actual Rows": 1507977, "Actual Loops": 3}, {"Node Type": "Hash", "Parent Relationship": "Inner", "Parallel Aware": false, "Startup Cost": 2626.12, "Total Cost": 2626.12, "Plan Rows": 1, "Plan Width": 4, "Actual Startup Time": 10.483, "Actual Total Time": 10.483, "Actual Rows": 1, "Actual Loops": 3, "Hash Buckets": 1024, "Original Hash Buckets": 1024, "Hash Batches": 1, "Original Hash Batches": 1, "Peak Memory Usage": 9, "Plans": [{"Node Type": "Seq Scan", "Parent Relationship": "Outer", "Parallel Aware": false, "Relation Name": "keyword", "Alias": "k", "Startup Cost": 0.0, "Total Cost": 2626.12, "Plan Rows": 1, "Plan Width": 4, "Actual Startup Time": 0.557, "Actual Total Time": 10.478, "Actual Rows": 1, "Actual Loops": 3, "Filter": "((keyword)::text = 'character-name-in-title'::text)", "Rows Removed by Filter": 134169}]}]}, {"Node Type": "Index Scan", "Parent Relationship": "Inner", "Parallel Aware": false, "Scan Direction": "Forward", "Index Name": "title_pkey", "Relation Name": "title", "Alias": "t", "Startup Cost": 0.43, "Total Cost": 0.49, "Plan Rows": 1, "Plan Width": 4, "Actual Startup Time": 0.003, "Actual Total Time": 0.003, "Actual Rows": 0, "Actual Loops": 41840, "Index Cond": "(id = mk.movie_id)", "Rows Removed by Index Recheck": 0, "Filter": "(episode_nr < 100)", "Rows Removed by Filter": 1}]}]}]}, {"Node Type": "Index Scan", "Parent Relationship": "Inner", "Parallel Aware": false, "Scan Direction": "Forward", "Index Name": "company_name_pkey", "Relation Name": "company_name", "Alias": "cn", "Startup Cost": 0.42, "Total Cost": 0.45, "Plan Rows": 1, "Plan Width": 4, "Actual Startup Time": 0.002, "Actual Total Time": 0.002, "Actual Rows": 1, "Actual Loops": 11406, "Index Cond": "(id = mc.company_id)", "Rows Removed by Index Recheck": 0, "Filter": "((country_code)::text = '[us]'::text)", "Rows Removed by Filter": 0}]}]}]}, {"Node Type": "Index Only Scan", "Parent Relationship": "Inner", "Parallel Aware": false, "Scan Direction": "Forward", "Index Name": "name_pkey", "Relation Name": "name", "Alias": "n", "Startup Cost": 0.43, "Total Cost": 0.46, "Plan Rows": 1, "Plan Width": 4, "Actual Startup Time": 0.002, "Actual Total Time": 0.002, "Actual Rows": 1, "Actual Loops": 221609, "Index Cond": "(id = ci.person_id)", "Rows Removed by Index Recheck": 0, "Heap Fetches": 221609}]}]}]}]}]}]}, "Planning Time": 85.099, "Triggers": [], "Execution Time": 2838.211}]
[{"Bao": {"Bao prediction": "NaN", "Bao recommended hint": "(no hint)"}}, {"Plan": {"Node Type": "Aggregate", "Strategy": "Plain", "Partial Mode": "Finalize", "Parallel Aware": false, "Startup Cost": 787168.13, "Total Cost": 787168.14, "Plan Rows": 1, "Plan Width": 8, "Actual Startup Time": 2535.239, "Actual Total Time": 2593.506, "Actual Rows": 1, "Actual Loops": 1, "Plans": [{"Node Type": "Gather", "Parent Relationship": "Outer", "Parallel Aware": false, "Startup Cost": 787167.91, "Total Cost": 787168.12, "Plan Rows": 2, "Plan Width": 8, "Actual Startup Time": 2534.423, "Actual Total Time": 2593.5, "Actual Rows": 3, "Actual Loops": 1, "Workers Planned": 2, "Workers Launched": 2, "Single Copy": false, "Plans": [{"Node Type": "Aggregate", "Strategy": "Plain", "Partial Mode": "Partial", "Parent Relationship": "Outer", "Parallel Aware": false, "Startup Cost": 786167.91, "Total Cost": 786167.92, "Plan Rows": 1, "Plan Width": 8, "Actual Startup Time": 2531.914, "Actual Total Time": 2531.928, "Actual Rows": 1, "Actual Loops": 3, "Plans": [{"Node Type": "Nested Loop", "Parent Relationship": "Outer", "Parallel Aware": false, "Join Type": "Inner", "Startup Cost": 752428.09, "Total Cost": 786167.91, "Plan Rows": 1, "Plan Width": 0, "Actual Startup Time": 2388.891, "Actual Total Time": 2531.852, "Actual Rows": 1192, "Actual Loops": 3, "Inner Unique": true, "Join Filter": "(mi.movie_id = t.id)", "Rows Removed by Join Filter": 0, "Plans": [{"Node Type": "Nested Loop", "Parent Relationship": "Outer", "Parallel Aware": false, "Join Type": "Inner", "Startup Cost": 752427.66, "Total Cost": 786166.57, "Plan Rows": 1, "Plan Width": 12, "Actual Startup Time": 2388.863, "Actual Total Time": 2528.807, "Actual Rows": 1371, "Actual Loops": 3, "Inner Unique": true, "Plans": [{"Node Type": "Hash Join", "Parent Relationship": "Outer", "Parallel Aware": true, "Join Type": "Inner", "Startup Cost": 752427.24, "Total Cost": 786165.4, "Plan Rows": 1, "Plan Width": 16, "Actual Startup Time": 2388.65, "Actual Total Time": 2521.375, "Actual Rows": 4475, "Actual Loops": 3, "Inner Unique": false, "Hash Cond": "(mc.movie_id = mi.movie_id)", "Plans": [{"Node Type": "Seq Scan", "Parent Relationship": "Outer", "Parallel Aware": true, "Relation Name": "movie_companies", "Alias": "mc", "Startup Cost": 0.0, "Total Cost": 29661.37, "Plan Rows": 1087137, "Plan Width": 8, "Actual Startup Time": 0.016, "Actual Total Time": 61.939, "Actual Rows": 869710, "Actual Loops": 3}, {"Node Type": "Hash", "Parent Relationship": "Inner", "Parallel Aware": true, "Startup Cost": 752427.23, "Total Cost": 752427.23, "Plan Rows": 1, "Plan Width": 8, "Actual Startup Time": 2385.229, "Actual Total Time": 2385.241, "Actual Rows": 1304, "Actual Loops": 3, "Hash Buckets": 4096, "Original Hash Buckets": 1024, "Hash Batches": 1, "Original Hash Batches": 1, "Peak Memory Usage": 280, "Plans": [{"Node Type": "Nested Loop", "Parent Relationship": "Outer", "Parallel Aware": false, "Join Type": "Inner", "Startup Cost": 735866.25, "Total Cost": 752427.23, "Plan Rows": 1, "Plan Width": 8, "Actual Startup Time": 2333.162, "Actual Total Time": 2384.029, "Actual Rows": 1304, "Actual Loops": 3, "Inner Unique": true, "Plans": [{"Node Type": "Hash Join", "Parent Relationship": "Outer", "Parallel Aware": true, "Join Type": "Inner", "Startup Cost": 735865.82, "Total Cost": 752425.77, "Plan Rows": 1, "Plan Width": 12, "Actual Startup Time": 2333.138, "Actual Total Time": 2381.442, "Actual Rows": 1338, "Actual Loops": 3, "Inner Unique": false, "Hash Cond": "(an.person_id = n.id)", "Plans": [{"Node Type": "Seq Scan", "Parent Relationship": "Outer", "Parallel Aware": true, "Relation Name": "aka_name", "Alias": "an", "Startup Cost": 0.0, "Total Cost": 15151.6, "Plan Rows": 375560, "Plan Width": 4, "Actual Startup Time": 0.013, "Actual Total Time": 24.992, "Actual Rows": 300448, "Actual Loops": 3}, {"Node Type": "Hash", "Parent Relationship": "Inner", "Parallel Aware": true, "Startup Cost": 735865.81, "Total Cost": 735865.81, "Plan Rows": 1, "Plan Width": 20, "Actual Startup Time": 2332.328, "Actual Total Time": 2332.334, "Actual Rows": 840, "Actual Loops": 3, "Hash Buckets": 4096, "Original Hash Buckets": 1024, "Hash Batches": 1, "Original Hash Batches": 1, "Peak Memory Usage": 280, "Plans": [{"Node Type": "Nested Loop", "Parent Relationship": "Outer", "Parallel Aware": false, "Join Type": "Inner", "Startup Cost": 480149.95, "Total Cost": 735865.81, "Plan Rows": 1, "Plan Width": 20, "Actual Startup Time": 2138.258, "Actual Total Time": 2283.387, "Actual Rows": 840, "Actual Loops": 3, "Inner Unique": true, "Plans": [{"Node Type": "Hash Join", "Parent Relationship": "Outer", "Parallel Aware": true, "Join Type": "Inner", "Startup Cost": 480149.52, "Total Cost": 735856.34, "Plan Rows": 6, "Plan Width": 16, "Actual Startup Time": 2137.281, "Actual Total Time": 2169.998, "Actual Rows": 49045, "Actual Loops": 3, "Inner Unique": false, "Hash Cond": "(mi.movie_id = ci.movie_id)", "Plans": [{"Node Type": "Hash Join", "Parent Relationship": "Outer", "Parallel Aware": false, "Join Type": "Inner", "Startup Cost": 2.43, "Total Cost": 255704.99, "Plan Rows": 1125, "Plan Width": 4, "Actual Startup Time": 204.164, "Actual Total Time": 777.186, "Actual Rows": 150346, "Actual Loops": 3, "Inner Unique": true, "Hash Cond": "(mi.info_type_id = it.id)", "Plans": [{"Node Type": "Seq Scan", "Parent Relationship": "Outer", "Parallel Aware": true, "Relation Name": "movie_info", "Alias": "mi", "Startup Cost": 0.0, "Total Cost": 255356.52, "Plan Rows": 127064, "Plan Width": 8, "Actual Startup Time": 82.363, "Actual Total Time": 757.647, "Actual Rows": 150368, "Actual Loops": 3, "Filter": "((info IS NOT NULL) AND (((info)::text ~~ 'Japan:%200%'::text) OR ((info)::text ~~ 'USA:%200%'::text)))", "Rows Removed by Filter": 4794872}, {"Node Type": "Hash", "Parent Relationship": "Inner", "Parallel Aware": false, "Startup Cost": 2.41, "Total Cost": 2.41, "Plan Rows": 1, "Plan Width": 4, "Actual Startup Time": 0.028, "Actual Total Time": 0.029, "Actual Rows": 1, "Actual Loops": 3, "Hash Buckets": 1024, "Original Hash Buckets": 1024, "Hash Batches": 1, "Original Hash Batches": 1, "Peak Memory Usage": 9, "Plans": [{"Node Type": "Seq Scan", "Parent Relationship": "Outer", "Parallel Aware": false, "Relation Name": "info_type", "Alias": "it", "Startup Cost": 0.0, "Total Cost": 2.41, "Plan Rows": 1, "Plan Width": 4, "Actual Startup Time": 0.021, "Actual Total Time": 0.027, "Actual Rows": 1, "Actual Loops": 3, "Filter": "((info)::text = 'release dates'::text)", "Rows Removed by Filter": 112}]}]}, {"Node Type": "Hash", "Parent Relationship": "Inner", "Parallel Aware": true, "Startup Cost": 480120.81, "Total Cost": 480120.81, "Plan Rows": 2103, "Plan Width": 12, "Actual Startup Time": 1340.366, "Actual Total Time": 1340.368, "Actual Rows": 92055, "Actual Loops": 3, "Hash Buckets": 65536, "Original Hash Buckets": 8192, "Hash Batches": 8, "Original Hash Batches": 1, "Peak Memory Usage": 2208, "Plans": [{"Node Type": "Hash Join", "Parent Relationship": "Outer", "Parallel Aware": false, "Join Type": "Inner", "Startup Cost": 18.93, "Total Cost": 480120.81, "Plan Rows": 2103, "Plan Width": 12, "Actual Startup Time": 401.287, "Actual Total Time": 1309.652, "Actual Rows": 92055, "Actual Loops": 3, "Inner Unique": true, "Hash Cond": "(ci.role_id = rt.id)", "Plans": [{"Node Type": "Seq Scan", "Parent Relationship": "Outer", "Parallel Aware": true, "Relation Name": "cast_info", "Alias": "ci", "Startup Cost": 0.0, "Total Cost": 479115.98, "Plan Rows": 373356, "Plan Width": 16, "Actual Startup Time": 0.028, "Actual Total Time": 1281.063, "Actual Rows": 289159, "Actual Loops": 3, "Filter": "((note)::text = ANY ('{(voice),\"(voice: Japanese version)\",\"(voice) (uncredited)\",\"(voice: English version)\"}'::text[]))", "Rows Removed by Filter": 11792289}, {"Node Type": "Hash", "Parent Relationship": "Inner", "Parallel Aware": false, "Startup Cost": 18.88, "Total Cost": 18.88, "Plan Rows": 4, "Plan Width": 4, "Actual Startup Time": 0.021, "Actual Total Time": 0.022, "Actual Rows": 1, "Actual Loops": 3, "Hash Buckets": 1024, "Original Hash Buckets": 1024, "Hash Batches": 1, "Original Hash Batches": 1, "Peak Memory Usage": 9, "Plans": [{"Node Type": "Seq Scan", "Parent Relationship": "Outer", "Parallel Aware": false, "Relation Name": "role_type", "Alias": "rt", "Startup Cost": 0.0, "Total Cost": 18.88, "Plan Rows": 4, "Plan Width": 4, "Actual Startup Time": 0.016, "Actual Total Time": 0.018, "Actual Rows": 1, "Actual Loops": 3, "Filter": "((role)::text = 'actress'::text)", "Rows Removed by Filter": 11}]}]}]}]}, {"Node Type": "Index Scan", "Parent Relationship": "Inner", "Parallel Aware": false, "Scan Direction": "Forward", "Index Name": "name_pkey", "Relation Name": "name", "Alias": "n", "Startup Cost": 0.43, "Total Cost": 1.58, "Plan Rows": 1, "Plan Width": 4, "Actual Startup Time": 0.002, "Actual Total Time": 0.002, "Actual Rows": 0, "Actual Loops": 147136, "Index Cond": "(id = ci.person_id)", "Rows Removed by Index Recheck": 0, "Filter": "(((name)::text ~~ '%An%'::text) AND ((gender)::text = 'f'::text))", "Rows Removed by Filter": 1}]}]}]}, {"Node Type": "Index Only Scan", "Parent Relationship": "Inner", "Parallel Aware": false, "Scan Direction": "Forward", "Index Name": "char_name_pkey", "Relation Name": "char_name", "Alias": "chn", "Startup Cost": 0.43, "Total Cost": 1.46, "Plan Rows": 1, "Plan Width": 4, "Actual Startup Time": 0.002, "Actual Total Time": 0.002, "Actual Rows": 1, "Actual Loops": 4014, "Index Cond": "(id = ci.person_role_id)", "Rows Removed by Index Recheck": 0, "Heap Fetches": 3913}]}]}]}, {"Node Type": "Index Scan", "Parent Relationship": "Inner", "Parallel Aware": false, "Scan Direction": "Forward", "Index Name": "company_name_pkey", "Relation Name": "company_name", "Alias": "cn", "Startup Cost": 0.42, "Total Cost": 1.17, "Plan Rows": 1, "Plan Width": 4, "Actual Startup Time": 0.001, "Actual Total Time": 0.001, "Actual Rows": 0, "Actual Loops": 13425, "Index Cond": "(id = mc.company_id)", "Rows Removed by Index Recheck": 0, "Filter": "((country_code)::text = '[us]'::text)", "Rows Removed by Filter": 1}]}, {"Node Type": "Index Scan", "Parent Relationship": "Inner", "Parallel Aware": false, "Scan Direction": "Forward", "Index Name": "title_pkey", "Relation Name": "title", "Alias": "t", "Startup Cost": 0.43, "Total Cost": 1.33, "Plan Rows": 1, "Plan Width": 4, "Actual Startup Time": 0.002, "Actual Total Time": 0.002, "Actual Rows": 1, "Actual Loops": 4113, "Index Cond": "(id = mc.movie_id)", "Rows Removed by Index Recheck": 0, "Filter": "(production_year > 2000)", "Rows Removed by Filter": 0}]}]}]}]}, "Planning Time": 107.563, "Triggers": [], "Execution Time": 2593.614}]
[{"Bao": {"Bao prediction": "NaN", "Bao recommended hint": "(no hint)"}}, {"Plan": {"Node Type": "Aggregate", "Strategy": "Plain", "Partial Mode": "Finalize", "Parallel Aware": false, "Startup Cost": 340002.36, "Total Cost": 340002.37, "Plan Rows": 1, "Plan Width": 8, "Actual Startup Time": 1379.532, "Actual Total Time": 1407.044, "Actual Rows": 1, "Actual Loops": 1, "Plans": [{"Node Type": "Gather", "Parent Relationship": "Outer", "Parallel Aware": false, "Startup Cost": 340002.15, "Total Cost": 340002.36, "Plan Rows": 2, "Plan Width": 8, "Actual Startup Time": 1379.373, "Actual Total Time": 1407.038, "Actual Rows": 3, "Actual Loops": 1, "Workers Planned": 2, "Workers Launched": 2, "Single Copy": false, "Plans": [{"Node Type": "Aggregate", "Strategy": "Plain", "Partial Mode": "Partial", "Parent Relationship": "Outer", "Parallel Aware": false, "Startup Cost": 339002.15, "Total Cost": 339002.16, "Plan Rows": 1, "Plan Width": 8, "Actual Startup Time": 1377.295, "Actual Total Time": 1377.3, "Actual Rows": 1, "Actual Loops": 3, "Plans": [{"Node Type": "Hash Join", "Parent Relationship": "Outer", "Parallel Aware": false, "Join Type": "Inner", "Startup Cost": 35316.5, "Total Cost": 339001.0, "Plan Rows": 460, "Plan Width": 0, "Actual Startup Time": 219.584, "Actual Total Time": 1377.275, "Actual Rows": 223, "Actual Loops": 3, "Inner Unique": true, "Hash Cond": "(mi.info_type_id = it.id)", "Plans": [{"Node Type": "Nested Loop", "Parent Relationship": "Outer", "Parallel Aware": false, "Join Type": "Inner", "Startup Cost": 35312.96, "Total Cost": 338996.2, "Plan Rows": 460, "Plan Width": 4, "Actual Startup Time": 219.473, "Actual Total Time": 1377.115, "Actual Rows": 223, "Actual Loops": 3, "Inner Unique": true, "Plans": [{"Node Type": "Hash Join", "Parent Relationship": "Outer", "Parallel Aware": true, "Join Type": "Inner", "Startup Cost": 35312.53, "Total Cost": 338539.2, "Plan Rows": 665, "Plan Width": 12, "Actual Startup Time": 219.442, "Actual Total Time": 1375.103, "Actual Rows": 230, "Actual Loops": 3, "Inner Unique": false, "Hash Cond": "(mi.movie_id = mc.movie_id)", "Plans": [{"Node Type": "Seq Scan", "Parent Relationship": "Outer", "Parallel Aware": true, "Relation Name": "movie_info", "Alias": "mi", "Startup Cost": 0.0, "Total Cost": 302038.28, "Plan Rows": 316166, "Plan Width": 8, "Actual Startup Time": 0.573, "Actual Total Time": 1216.463, "Actual Rows": 235558, "Actual Loops": 3, "Filter": "((info)::text = ANY ('{Sweden,Norway,Germany,Denmark,Swedish,Denish,Norwegian,German,USA,American}'::text[]))", "Rows Removed by Filter": 4709682}, {"Node Type": "Hash", "Parent Relationship": "Inner", "Parallel Aware": true, "Startup Cost": 35307.43, "Total Cost": 35307.43, "Plan Rows": 408, "Plan Width": 4, "Actual Startup Time": 140.826, "Actual Total Time": 140.829, "Actual Rows": 266, "Actual Loops": 3, "Hash Buckets": 1024, "Original Hash Buckets": 1024, "Hash Batches": 1, "Original Hash Batches": 1, "Peak Memory Usage": 104, "Plans": [{"Node Type": "Hash Join", "Parent Relationship": "Outer", "Parallel Aware": false, "Join Type": "Inner", "Startup Cost": 18.93, "Total Cost": 35307.43, "Plan Rows": 408, "Plan Width": 4, "Actual Startup Time": 103.225, "Actual Total Time": 140.738, "Actual Rows": 266, "Actual Loops": 3, "Inner Unique": true, "Hash Cond": "(mc.company_type_id = ct.id)", "Plans": [{"Node Type": "Seq Scan", "Parent Relationship": "Outer", "Parallel Aware": true, "Relation Name": "movie_companies", "Alias": "mc", "Startup Cost": 0.0, "Total Cost": 35097.06, "Plan Rows": 72500, "Plan Width": 8, "Actual Startup Time": 0.021, "Actual Total Time": 135.3, "Actual Rows": 98543, "Actual Loops": 3, "Filter": "(((note)::text !~~ '%(TV)%'::text) AND ((note)::text ~~ '%(USA)%'::text))", "Rows Removed by Filter": 771167}, {"Node Type": "Hash", "Parent Relationship": "Inner", "Parallel Aware": false, "Startup Cost": 18.88, "Total Cost": 18.88, "Plan Rows": 4, "Plan Width": 4, "Actual Startup Time": 0.01, "Actual Total Time": 0.011, "Actual Rows": 1, "Actual Loops": 3, "Hash Buckets": 1024, "Original Hash Buckets": 1024, "Hash Batches": 1, "Original Hash Batches": 1, "Peak Memory Usage": 9, "Plans": [{"Node Type": "Seq Scan", "Parent Relationship": "Outer", "Parallel Aware": false, "Relation Name": "company_type", "Alias": "ct", "Startup Cost": 0.0, "Total Cost": 18.88, "Plan Rows": 4, "Plan Width": 4, "Actual Startup Time": 0.008, "Actual Total Time": 0.009, "Actual Rows": 1, "Actual Loops": 3, "Filter": "((kind)::text = 'production companies'::text)", "Rows Removed by Filter": 3}]}]}]}]}, {"Node Type": "Index Scan", "Parent Relationship": "Inner", "Parallel Aware": false, "Scan Direction": "Forward", "Index Name": "title_pkey", "Relation Name": "title", "Alias": "t", "Startup Cost": 0.43, "Total Cost": 0.69, "Plan Rows": 1, "Plan Width": 4, "Actual Startup Time": 0.008, "Actual Total Time": 0.008, "Actual Rows": 1, "Actual Loops": 691, "Index Cond": "(id = mi.movie_id)", "Rows Removed by Index Recheck": 0, "Filter": "(production_year > 1990)", "Rows Removed by Filter": 0}]}, {"Node Type": "Hash", "Parent Relationship": "Inner", "Parallel Aware": false, "Startup Cost": 2.13, "Total Cost": 2.13, "Plan Rows": 113, "Plan Width": 4, "Actual Startup Time": 0.046, "Actual Total Time": 0.047, "Actual Rows": 113, "Actual Loops": 3, "Hash Buckets": 1024, "Original Hash Buckets": 1024, "Hash Batches": 1, "Original Hash Batches": 1, "Peak Memory Usage": 12, "Plans": [{"Node Type": "Seq Scan", "Parent Relationship": "Outer", "Parallel Aware": false, "Relation Name": "info_type", "Alias": "it", "Startup Cost": 0.0, "Total Cost": 2.13, "Plan Rows": 113, "Plan Width": 4, "Actual Startup Time": 0.024, "Actual Total Time": 0.031, "Actual Rows": 113, "Actual Loops": 3}]}]}]}]}]}, "Planning Time": 75.068, "Triggers": [], "Execution Time": 1407.136}]
[{"Bao": {"Bao prediction": "NaN", "Bao recommended hint": "(no hint)"}}, {"Plan": {"Node Type": "Aggregate", "Strategy": "Plain", "Partial Mode": "Simple", "Parallel Aware": false, "Startup Cost": 871542.26, "Total Cost": 871542.27, "Plan Rows": 1, "Plan Width": 8, "Actual Startup Time": 3230.271, "Actual Total Time": 3290.094, "Actual Rows": 1, "Actual Loops": 1, "Plans": [{"Node Type": "Gather", "Parent Relationship": "Outer", "Parallel Aware": false, "Startup Cost": 821164.29, "Total Cost": 871542.26, "Plan Rows": 1, "Plan Width": 0, "Actual Startup Time": 2986.527, "Actual Total Time": 3289.95, "Actual Rows": 2825, "Actual Loops": 1, "Workers Planned": 2, "Workers Launched": 2, "Single Copy": false, "Plans": [{"Node Type": "Nested Loop", "Parent Relationship": "Outer", "Parallel Aware": false, "Join Type": "Inner", "Startup Cost": 820164.29, "Total Cost": 870542.16, "Plan Rows": 1, "Plan Width": 0, "Actual Startup Time": 2982.06, "Actual Total Time": 3226.074, "Actual Rows": 942, "Actual Loops": 3, "Inner Unique": true, "Plans": [{"Node Type": "Nested Loop", "Parent Relationship": "Outer", "Parallel Aware": false, "Join Type": "Inner", "Startup Cost": 820163.86, "Total Cost": 870540.81, "Plan Rows": 1, "Plan Width": 4, "Actual Startup Time": 2982.029, "Actual Total Time": 3223.861, "Actual Rows": 942, "Actual Loops": 3, "Inner Unique": true, "Plans": [{"Node Type": "Hash Join", "Parent Relationship": "Outer", "Parallel Aware": true, "Join Type": "Inner", "Startup Cost": 820163.44, "Total Cost": 870535.8, "Plan Rows": 5, "Plan Width": 8, "Actual Startup Time": 2979.29, "Actual Total Time": 3165.572, "Actual Rows": 35802, "Actual Loops": 3, "Inner Unique": false, "Hash Cond": "(mk.movie_id = t.id)", "Plans": [{"Node Type": "Seq Scan", "Parent Relationship": "Outer", "Parallel Aware": true, "Relation Name": "movie_keyword", "Alias": "mk", "Startup Cost": 0.0, "Total Cost": 43303.71, "Plan Rows": 1884971, "Plan Width": 8, "Actual Startup Time": 0.013, "Actual Total Time": 104.328, "Actual Rows": 1507977, "Actual Loops": 3}, {"Node Type": "Hash", "Parent Relationship": "Inner", "Parallel Aware": true, "Startup Cost": 820163.42, "Total Cost": 820163.42, "Plan Rows": 1, "Plan Width": 24, "Actual Startup Time": 2942.53, "Actual Total Time": 2942.545, "Actual Rows": 339, "Actual Loops": 3, "Hash Buckets": 1024, "Original Hash Buckets": 1024, "Hash Batches": 1, "Original Hash Batches": 1, "Peak Memory Usage": 104, "Plans": [{"Node Type": "Nested Loop", "Parent Relationship": "Outer", "Parallel Aware": false, "Join Type": "Inner", "Startup Cost": 786357.62, "Total Cost": 820163.42, "Plan Rows": 1, "Plan Width": 24, "Actual Startup Time": 2579.798, "Actual Total Time": 2942.364, "Actual Rows": 339, "Actual Loops": 3, "Inner Unique": true, "Join Filter": "(mi.movie_id = t.id)", "Rows Removed by Join Filter": 0, "Plans": [{"Node Type": "Nested Loop", "Parent Relationship": "Outer", "Parallel Aware": false, "Join Type": "Inner", "Startup Cost": 786357.19, "Total Cost": 820162.26, "Plan Rows": 1, "Plan Width": 20, "Actual Startup Time": 2579.767, "Actual Total Time": 2941.124, "Actual Rows": 339, "Actual Loops": 3, "Inner Unique": true, "Plans": [{"Node Type": "Hash Join", "Parent Relationship": "Outer", "Parallel Aware": true, "Join Type": "Inner", "Startup Cost": 786356.77, "Total Cost": 820095.45, "Plan Rows": 68, "Plan Width": 24, "Actual Startup Time": 2553.655, "Actual Total Time": 2728.528, "Actual Rows": 124952, "Actual Loops": 3, "Inner Unique": false, "Hash Cond": "(mc.movie_id = mi.movie_id)", "Plans": [{"Node Type": "Seq Scan", "Parent Relationship": "Outer", "Parallel Aware": true, "Relation Name": "movie_companies", "Alias": "mc", "Startup Cost": 0.0, "Total Cost": 29661.37, "Plan Rows": 1087137, "Plan Width": 8, "Actual Startup Time": 0.006, "Actual Total Time": 62.441, "Actual Rows": 869710, "Actual Loops": 3}, {"Node Type": "Hash", "Parent Relationship": "Inner", "Parallel Aware": true, "Startup Cost": 786356.49, "Total Cost": 786356.49, "Plan Rows": 23, "Plan Width": 16, "Actual Startup Time": 2553.12, "Actual Total Time": 2553.133, "Actual Rows": 18052, "Actual Loops": 3, "Hash Buckets": 65536, "Original Hash Buckets": 1024, "Hash Batches": 1, "Original Hash Batches": 1, "Peak Memory Usage": 3608, "Plans": [{"Node Type": "Hash Join", "Parent Relationship": "Outer", "Parallel Aware": true, "Join Type": "Inner", "Startup Cost": 286435.36, "Total Cost": 786356.49, "Plan Rows": 23, "Plan Width": 16, "Actual Startup Time": 1699.579, "Actual Total Time": 2533.879, "Actual Rows": 18052, "Actual Loops": 3, "Inner Unique": false, "Hash Cond": "(ci.movie_id = mi.movie_id)", "Plans": [{"Node Type": "Seq Scan", "Parent Relationship": "Outer", "Parallel Aware": true, "Relation Name": "cast_info", "Alias": "ci", "Startup Cost": 0.0, "Total Cost": 497985.06, "Plan Rows": 516258, "Plan Width": 8, "Actual Startup Time": 117.133, "Actual Total Time": 1381.326, "Actual Rows": 414905, "Actual Loops": 3, "Filter": "((note)::text = ANY ('{(writer),\"(head writer)\",\"(written by)\",(story),\"(story editor)\"}'::text[]))", "Rows Removed by Filter": 11666543}, {"Node Type": "Hash", "Parent Relationship": "Inner", "Parallel Aware": true, "Startup Cost": 286435.15, "Total Cost": 286435.15, "Plan Rows": 17, "Plan Width": 8, "Actual Startup Time": 1098.057, "Actual Total Time": 1098.068, "Actual Rows": 34172, "Actual Loops": 3, "Hash Buckets": 131072, "Original Hash Buckets": 1024, "Hash Batches": 1, "Original Hash Batches": 1, "Peak Memory Usage": 6104, "Plans": [{"Node Type": "Hash Join", "Parent Relationship": "Outer", "Parallel Aware": true, "Join Type": "Inner", "Startup Cost": 15319.64, "Total Cost": 286435.15, "Plan Rows": 17, "Plan Width": 8, "Actual Startup Time": 1060.279, "Actual Total Time": 1084.491, "Actual Rows": 34172, "Actual Loops": 3, "Inner Unique": false, "Hash Cond": "(mi.movie_id = mi_idx.movie_id)", "Plans": [{"Node Type": "Hash Join", "Parent Relationship": "Outer", "Parallel Aware": false, "Join Type": "Inner", "Startup Cost": 2.43, "Total Cost": 271115.48, "Plan Rows": 637, "Plan Width": 4, "Actual Startup Time": 814.279, "Actual Total Time": 929.621, "Actual Rows": 62198, "Actual Loops": 3, "Inner Unique": true, "Hash Cond": "(mi.info_type_id = it1.id)", "Plans": [{"Node Type": "Seq Scan", "Parent Relationship": "Outer", "Parallel Aware": true, "Relation Name": "movie_info", "Alias": "mi", "Startup Cost": 0.0, "Total Cost": 270917.11, "Plan Rows": 71947, "Plan Width": 8, "Actual Startup Time": 534.781, "Actual Total Time": 921.497, "Actual Rows": 62990, "Actual Loops": 3, "Filter": "((info)::text = ANY ('{Horror,Action,Sci-Fi,Thriller,Crime,War}'::text[]))", "Rows Removed by Filter": 4882250}, {"Node Type": "Hash", "Parent Relationship": "Inner", "Parallel Aware": false, "Startup Cost": 2.41, "Total Cost": 2.41, "Plan Rows": 1, "Plan Width": 4, "Actual Startup Time": 0.019, "Actual Total Time": 0.02, "Actual Rows": 1, "Actual Loops": 3, "Hash Buckets": 1024, "Original Hash Buckets": 1024, "Hash Batches": 1, "Original Hash Batches": 1, "Peak Memory Usage": 9, "Plans": [{"Node Type": "Seq Scan", "Parent Relationship": "Outer", "Parallel Aware": false, "Relation Name": "info_type", "Alias": "it1", "Startup Cost": 0.0, "Total Cost": 2.41, "Plan Rows": 1, "Plan Width": 4, "Actual Startup Time": 0.011, "Actual Total Time": 0.017, "Actual Rows": 1, "Actual Loops": 3, "Filter": "((info)::text = 'genres'::text)", "Rows Removed by Filter": 112}]}]}, {"Node Type": "Hash", "Parent Relationship": "Inner", "Parallel Aware": true, "Startup Cost": 15253.6, "Total Cost": 15253.6, "Plan Rows": 5089, "Plan Width": 4, "Actual Startup Time": 117.881, "Actual Total Time": 117.883, "Actual Rows": 153308, "Actual Loops": 3, "Hash Buckets": 131072, "Original Hash Buckets": 16384, "Hash Batches": 8, "Original Hash Batches": 1, "Peak Memory Usage": 3328, "Plans": [{"Node Type": "Hash Join", "Parent Relationship": "Outer", "Parallel Aware": false, "Join Type": "Inner", "Startup Cost": 2.43, "Total Cost": 15253.6, "Plan Rows": 5089, "Plan Width": 4, "Actual Startup Time": 0.068, "Actual Total Time": 79.67, "Actual Rows": 153308, "Actual Loops": 3, "Inner Unique": true, "Hash Cond": "(mi_idx.info_type_id = it2.id)", "Plans": [{"Node Type": "Seq Scan", "Parent Relationship": "Outer", "Parallel Aware": true, "Relation Name": "movie_info_idx", "Alias": "mi_idx", "Startup Cost": 0.0, "Total Cost": 13685.15, "Plan Rows": 575015, "Plan Width": 8, "Actual Startup Time": 0.02, "Actual Total Time": 33.344, "Actual Rows": 460012, "Actual Loops": 3}, {"Node Type": "Hash", "Parent Relationship": "Inner", "Parallel Aware": false, "Startup Cost": 2.41, "Total Cost": 2.41, "Plan Rows": 1, "Plan Width": 4, "Actual Startup Time": 0.036, "Actual Total Time": 0.037, "Actual Rows": 1, "Actual Loops": 3, "Hash Buckets": 1024, "Original Hash Buckets": 1024, "Hash Batches": 1, "Original Hash Batches": 1, "Peak Memory Usage": 9, "Plans": [{"Node Type": "Seq Scan", "Parent Relationship": "Outer", "Parallel Aware": false, "Relation Name": "info_type", "Alias": "it2", "Startup Cost": 0.0, "Total Cost": 2.41, "Plan Rows": 1, "Plan Width": 4, "Actual Startup Time": 0.026, "Actual Total Time": 0.027, "Actual Rows": 1, "Actual Loops": 3, "Filter": "((info)::text = 'votes'::text)", "Rows Removed by Filter": 112}]}]}]}]}]}]}]}]}, {"Node Type": "Index Scan", "Parent Relationship": "Inner", "Parallel Aware": false, "Scan Direction": "Forward", "Index Name": "company_name_pkey", "Relation Name": "company_name", "Alias": "cn", "Startup Cost": 0.42, "Total Cost": 0.98, "Plan Rows": 1, "Plan Width": 4, "Actual Startup Time": 0.002, "Actual Total Time": 0.002, "Actual Rows": 0, "Actual Loops": 374857, "Index Cond": "(id = mc.company_id)", "Rows Removed by Index Recheck": 0, "Filter": "((name)::text ~~ 'Lionsgate%'::text)", "Rows Removed by Filter": 1}]}, {"Node Type": "Index Only Scan", "Parent Relationship": "Inner", "Parallel Aware": false, "Scan Direction": "Forward", "Index Name": "title_pkey", "Relation Name": "title", "Alias": "t", "Startup Cost": 0.43, "Total Cost": 1.15, "Plan Rows": 1, "Plan Width": 4, "Actual Startup Time": 0.003, "Actual Total Time": 0.003, "Actual Rows": 1, "Actual Loops": 1017, "Index Cond": "(id = mc.movie_id)", "Rows Removed by Index Recheck": 0, "Heap Fetches": 1017}]}]}]}, {"Node Type": "Index Scan", "Parent Relationship": "Inner", "Parallel Aware": false, "Scan Direction": "Forward", "Index Name": "keyword_pkey", "Relation Name": "keyword", "Alias": "k", "Startup Cost": 0.42, "Total Cost": 0.98, "Plan Rows": 1, "Plan Width": 4, "Actual Startup Time": 0.001, "Actual Total Time": 0.001, "Actual Rows": 0, "Actual Loops": 107406, "Index Cond": "(id = mk.keyword_id)", "Rows Removed by Index Recheck": 0, "Filter": "((keyword)::text = ANY ('{murder,violence,blood,gore,death,female-nudity,hospital}'::text[]))", "Rows Removed by Filter": 1}]}, {"Node Type": "Index Only Scan", "Parent Relationship": "Inner", "Parallel Aware": false, "Scan Direction": "Forward", "Index Name": "name_pkey", "Relation Name": "name", "Alias": "n", "Startup Cost": 0.43, "Total Cost": 1.34, "Plan Rows": 1, "Plan Width": 4, "Actual Startup Time": 0.002, "Actual Total Time": 0.002, "Actual Rows": 1, "Actual Loops": 2825, "Index Cond": "(id = ci.person_id)", "Rows Removed by Index Recheck": 0, "Heap Fetches": 2825}]}]}]}, "Planning Time": 158.666, "Triggers": [], "Execution Time": 3290.228}]
[{"Bao": {"Bao prediction": "NaN", "Bao recommended hint": "(no hint)"}}, {"Plan": {"Node Type": "Aggregate", "Strategy": "Plain", "Partial Mode": "Finalize", "Parallel Aware": false, "Startup Cost": 562438.7, "Total Cost": 562438.71, "Plan Rows": 1, "Plan Width": 8, "Actual Startup Time": 2140.53, "Actual Total Time": 2181.973, "Actual Rows": 1, "Actual Loops": 1, "Plans": [{"Node Type": "Gather", "Parent Relationship": "Outer", "Parallel Aware": false, "Startup Cost": 562438.49, "Total Cost": 562438.7, "Plan Rows": 2, "Plan Width": 8, "Actual Startup Time": 2140.405, "Actual Total Time": 2181.962, "Actual Rows": 3, "Actual Loops": 1, "Workers Planned": 2, "Workers Launched": 2, "Single Copy": false, "Plans": [{"Node Type": "Aggregate", "Strategy": "Plain", "Partial Mode": "Partial", "Parent Relationship": "Outer", "Parallel Aware": false, "Startup Cost": 561438.49, "Total Cost": 561438.5, "Plan Rows": 1, "Plan Width": 8, "Actual Startup Time": 2138.205, "Actual Total Time": 2138.213, "Actual Rows": 1, "Actual Loops": 3, "Plans": [{"Node Type": "Hash Join", "Parent Relationship": "Outer", "Parallel Aware": true, "Join Type": "Inner", "Startup Cost": 544878.44, "Total Cost": 561438.4, "Plan Rows": 36, "Plan Width": 0, "Actual Startup Time": 2092.087, "Actual Total Time": 2138.2, "Actual Rows": 128, "Actual Loops": 3, "Inner Unique": false, "Hash Cond": "(an.person_id = n.id)", "Plans": [{"Node Type": "Seq Scan", "Parent Relationship": "Outer", "Parallel Aware": true, "Relation Name": "aka_name", "Alias": "an", "Startup Cost": 0.0, "Total Cost": 15151.6, "Plan Rows": 375560, "Plan Width": 4, "Actual Startup Time": 0.031, "Actual Total Time": 24.933, "Actual Rows": 300448, "Actual Loops": 3}, {"Node Type": "Hash", "Parent Relationship": "Inner", "Parallel Aware": true, "Startup Cost": 544878.24, "Total Cost": 544878.24, "Plan Rows": 16, "Plan Width": 8, "Actual Startup Time": 2090.631, "Actual Total Time": 2090.638, "Actual Rows": 108, "Actual Loops": 3, "Hash Buckets": 1024, "Original Hash Buckets": 1024, "Hash Batches": 1, "Original Hash Batches": 1, "Peak Memory Usage": 104, "Plans": [{"Node Type": "Nested Loop", "Parent Relationship": "Outer", "Parallel Aware": false, "Join Type": "Inner", "Startup Cost": 84624.43, "Total Cost": 544878.24, "Plan Rows": 16, "Plan Width": 8, "Actual Startup Time": 395.627, "Actual Total Time": 2090.526, "Actual Rows": 108, "Actual Loops": 3, "Inner Unique": true, "Plans": [{"Node Type": "Hash Join", "Parent Relationship": "Outer", "Parallel Aware": true, "Join Type": "Inner", "Startup Cost": 84624.0, "Total Cost": 544870.96, "Plan Rows": 16, "Plan Width": 4, "Actual Startup Time": 395.599, "Actual Total Time": 2089.646, "Actual Rows": 108, "Actual Loops": 3, "Inner Unique": false, "Hash Cond": "(ci.movie_id = t.id)", "Plans": [{"Node Type": "Seq Scan", "Parent Relationship": "Outer", "Parallel Aware": true, "Relation Name": "cast_info", "Alias": "ci", "Startup Cost": 0.0, "Total Cost": 403639.65, "Plan Rows": 15095265, "Plan Width": 8, "Actual Startup Time": 0.01, "Actual Total Time": 851.176, "Actual Rows": 12081448, "Actual Loops": 3}, {"Node Type": "Hash", "Parent Relationship": "Inner", "Parallel Aware": true, "Startup Cost": 84623.99, "Total Cost": 84623.99, "Plan Rows": 1, "Plan Width": 12, "Actual Startup Time": 384.965, "Actual Total Time": 384.97, "Actual Rows": 8, "Actual Loops": 3, "Hash Buckets": 1024, "Original Hash Buckets": 1024, "Hash Batches": 1, "Original Hash Batches": 1, "Peak Memory Usage": 104, "Plans": [{"Node Type": "Nested Loop", "Parent Relationship": "Outer", "Parallel Aware": false, "Join Type": "Inner", "Startup Cost": 50885.38, "Total Cost": 84623.99, "Plan Rows": 1, "Plan Width": 12, "Actual Startup Time": 263.223, "Actual Total Time": 384.879, "Actual Rows": 8, "Actual Loops": 3, "Inner Unique": true, "Plans": [{"Node Type": "Hash Join", "Parent Relationship": "Outer", "Parallel Aware": true, "Join Type": "Inner", "Startup Cost": 50884.96, "Total Cost": 84623.1, "Plan Rows": 2, "Plan Width": 16, "Actual Startup Time": 262.328, "Actual Total Time": 384.756, "Actual Rows": 18, "Actual Loops": 3, "Inner Unique": false, "Hash Cond": "(mc.movie_id = t.id)", "Plans": [{"Node Type": "Seq Scan", "Parent Relationship": "Outer", "Parallel Aware": true, "Relation Name": "movie_companies", "Alias": "mc", "Startup Cost": 0.0, "Total Cost": 29661.37, "Plan Rows": 1087137, "Plan Width": 8, "Actual Startup Time": 0.008, "Actual Total Time": 64.561, "Actual Rows": 869710, "Actual Loops": 3}, {"Node Type": "Hash", "Parent Relationship": "Inner", "Parallel Aware": true, "Startup Cost": 50884.94, "Total Cost": 50884.94, "Plan Rows": 1, "Plan Width": 8, "Actual Startup Time": 257.607, "Actual Total Time": 257.609, "Actual Rows": 49, "Actual Loops": 3, "Hash Buckets": 1024, "Original Hash Buckets": 1024, "Hash Batches": 1, "Original Hash Batches": 1, "Peak Memory Usage": 104, "Plans": [{"Node Type": "Nested Loop", "Parent Relationship": "Outer", "Parallel Aware": false, "Join Type": "Inner", "Startup Cost": 2626.57, "Total Cost": 50884.94, "Plan Rows": 1, "Plan Width": 8, "Actual Startup Time": 13.728, "Actual Total Time": 257.561, "Actual Rows": 49, "Actual Loops": 3, "Inner Unique": true, "Plans": [{"Node Type": "Hash Join", "Parent Relationship": "Outer", "Parallel Aware": false, "Join Type": "Inner", "Startup Cost": 2626.14, "Total Cost": 50878.05, "Plan Rows": 14, "Plan Width": 4, "Actual Startup Time": 10.415, "Actual Total Time": 217.207, "Actual Rows": 13947, "Actual Loops": 3, "Inner Unique": true, "Hash Cond": "(mk.keyword_id = k.id)", "Plans": [{"Node Type": "Seq Scan", "Parent Relationship": "Outer", "Parallel Aware": true, "Relation Name": "movie_keyword", "Alias": "mk", "Startup Cost": 0.0, "Total Cost": 43303.71, "Plan Rows": 1884971, "Plan Width": 8, "Actual Startup Time": 0.009, "Actual Total Time": 102.146, "Actual Rows": 1507977, "Actual Loops": 3}, {"Node Type": "Hash", "Parent Relationship": "Inner", "Parallel Aware": false, "Startup Cost": 2626.12, "Total Cost": 2626.12, "Plan Rows": 1, "Plan Width": 4, "Actual Startup Time": 10.368, "Actual Total Time": 10.369, "Actual Rows": 1, "Actual Loops": 3, "Hash Buckets": 1024, "Original Hash Buckets": 1024, "Hash Batches": 1, "Original Hash Batches": 1, "Peak Memory Usage": 9, "Plans": [{"Node Type": "Seq Scan", "Parent Relationship": "Outer", "Parallel Aware": false, "Relation Name": "keyword", "Alias": "k", "Startup Cost": 0.0, "Total Cost": 2626.12, "Plan Rows": 1, "Plan Width": 4, "Actual Startup Time": 0.528, "Actual Total Time": 10.364, "Actual Rows": 1, "Actual Loops": 3, "Filter": "((keyword)::text = 'character-name-in-title'::text)", "Rows Removed by Filter": 134169}]}]}, {"Node Type": "Index Scan", "Parent Relationship": "Inner", "Parallel Aware": false, "Scan Direction": "Forward", "Index Name": "title_pkey", "Relation Name": "title", "Alias": "t", "Startup Cost": 0.43, "Total Cost": 0.49, "Plan Rows": 1, "Plan Width": 4, "Actual Startup Time": 0.003, "Actual Total Time": 0.003, "Actual Rows": 0, "Actual Loops": 41840, "Index Cond": "(id = mk.movie_id)", "Rows Removed by Index Recheck": 0, "Filter": "((episode_nr >= 50) AND (episode_nr < 100))", "Rows Removed by Filter": 1}]}]}]}, {"Node Type": "Index Scan", "Parent Relationship": "Inner", "Parallel Aware": false, "Scan Direction": "Forward", "Index Name": "company_name_pkey", "Relation Name": "company_name", "Alias": "cn", "Startup Cost": 0.42, "Total Cost": 0.45, "Plan Rows": 1, "Plan Width": 4, "Actual Startup Time": 0.006, "Actual Total Time": 0.006, "Actual Rows": 0, "Actual Loops": 54, "Index Cond": "(id = mc.company_id)", "Rows Removed by Index Recheck": 0, "Filter": "((country_code)::text = '[us]'::text)", "Rows Removed by Filter": 1}]}]}]}, {"Node Type": "Index Only Scan", "Parent Relationship": "Inner", "Parallel Aware": false, "Scan Direction": "Forward", "Index Name": "name_pkey", "Relation Name": "name", "Alias": "n", "Startup Cost": 0.43, "Total Cost": 0.46, "Plan Rows": 1, "Plan Width": 4, "Actual Startup Time": 0.007, "Actual Total Time": 0.007, "Actual Rows": 1, "Actual Loops": 323, "Index Cond": "(id = ci.person_id)", "Rows Removed by Index Recheck": 0, "Heap Fetches": 323}]}]}]}]}]}]}, "Planning Time": 82.756, "Triggers": [], "Execution Time": 2182.058}]
[{"Bao": {"Bao prediction": "NaN", "Bao recommended hint": "(no hint)"}}, {"Plan": {"Node Type": "Aggregate", "Strategy": "Plain", "Partial Mode": "Finalize", "Parallel Aware": false, "Startup Cost": 342941.04, "Total Cost": 342941.05, "Plan Rows": 1, "Plan Width": 8, "Actual Startup Time": 33654.416, "Actual Total Time": 33654.575, "Actual Rows": 1, "Actual Loops": 1, "Plans": [{"Node Type": "Gather", "Parent Relationship": "Outer", "Parallel Aware": false, "Startup Cost": 342940.83, "Total Cost": 342941.04, "Plan Rows": 2, "Plan Width": 8, "Actual Startup Time": 33654.407, "Actual Total Time": 33654.569, "Actual Rows": 3, "Actual Loops": 1, "Workers Planned": 2, "Workers Launched": 2, "Single Copy": false, "Plans": [{"Node Type": "Aggregate", "Strategy": "Plain", "Partial Mode": "Partial", "Parent Relationship": "Outer", "Parallel Aware": false, "Startup Cost": 341940.83, "Total Cost": 341940.84, "Plan Rows": 1, "Plan Width": 8, "Actual Startup Time": 32147.345, "Actual Total Time": 32147.352, "Actual Rows": 1, "Actual Loops": 3, "Plans": [{"Node Type": "Nested Loop", "Parent Relationship": "Outer", "Parallel Aware": false, "Join Type": "Inner", "Startup Cost": 289120.3, "Total Cost": 341940.82, "Plan Rows": 1, "Plan Width": 0, "Actual Startup Time": 28407.949, "Actual Total Time": 32147.346, "Actual Rows": 5, "Actual Loops": 3, "Inner Unique": true, "Plans": [{"Node Type": "Nested Loop", "Parent Relationship": "Outer", "Parallel Aware": false, "Join Type": "Inner", "Startup Cost": 289119.88, "Total Cost": 341940.37, "Plan Rows": 1, "Plan Width": 4, "Actual Startup Time": 23703.555, "Actual Total Time": 32146.381, "Actual Rows": 206, "Actual Loops": 3, "Inner Unique": true, "Plans": [{"Node Type": "Nested Loop", "Parent Relationship": "Outer", "Parallel Aware": false, "Join Type": "Inner", "Startup Cost": 289119.73, "Total Cost": 341940.2, "Plan Rows": 1, "Plan Width": 8, "Actual Startup Time": 23703.544, "Actual Total Time": 32145.9, "Actual Rows": 206, "Actual Loops": 3, "Inner Unique": true, "Plans": [{"Node Type": "Nested Loop", "Parent Relationship": "Outer", "Parallel Aware": false, "Join Type": "Inner", "Startup Cost": 289119.31, "Total Cost": 341939.76, "Plan Rows": 1, "Plan Width": 12, "Actual Startup Time": 23703.523, "Actual Total Time": 32144.972, "Actual Rows": 206, "Actual Loops": 3, "Inner Unique": false, "Join Filter": "(cc.movie_id = t.id)", "Rows Removed by Join Filter": 36469730, "Plans": [{"Node Type": "Hash Join", "Parent Relationship": "Outer", "Parallel Aware": true, "Join Type": "Inner", "Startup Cost": 289100.39, "Total Cost": 339472.74, "Plan Rows": 1, "Plan Width": 28, "Actual Startup Time": 651.823, "Actual Total Time": 833.084, "Actual Rows": 1483, "Actual Loops": 3, "Inner Unique": false, "Hash Cond": "(mk.movie_id = t.id)", "Plans": [{"Node Type": "Seq Scan", "Parent Relationship": "Outer", "Parallel Aware": true, "Relation Name": "movie_keyword", "Alias": "mk", "Startup Cost": 0.0, "Total Cost": 43303.71, "Plan Rows": 1884971, "Plan Width": 8, "Actual Startup Time": 0.014, "Actual Total Time": 101.426, "Actual Rows": 1507977, "Actual Loops": 3}, {"Node Type": "Hash", "Parent Relationship": "Inner", "Parallel Aware": true, "Startup Cost": 289100.37, "Total Cost": 289100.37, "Plan Rows": 1, "Plan Width": 20, "Actual Startup Time": 609.43, "Actual Total Time": 609.434, "Actual Rows": 389, "Actual Loops": 3, "Hash Buckets": 1024, "Original Hash Buckets": 1024, "Hash Batches": 1, "Original Hash Batches": 1, "Peak Memory Usage": 104, "Plans": [{"Node Type": "Nested Loop", "Parent Relationship": "Outer", "Parallel Aware": false, "Join Type": "Inner", "Startup Cost": 255359.79, "Total Cost": 289100.37, "Plan Rows": 1, "Plan Width": 20, "Actual Startup Time": 482.46, "Actual Total Time": 609.251, "Actual Rows": 389, "Actual Loops": 3, "Inner Unique": true, "Plans": [{"Node Type": "Nested Loop", "Parent Relationship": "Outer", "Parallel Aware": false, "Join Type": "Inner", "Startup Cost": 255359.64, "Total Cost": 289100.03, "Plan Rows": 2, "Plan Width": 24, "Actual Startup Time": 457.382, "Actual Total Time": 608.273, "Actual Rows": 940, "Actual Loops": 3, "Inner Unique": true, "Join Filter": "(mi.movie_id = t.id)", "Rows Removed by Join Filter": 0, "Plans": [{"Node Type": "Hash Join", "Parent Relationship": "Outer", "Parallel Aware": true, "Join Type": "Inner", "Startup Cost": 255359.21, "Total Cost": 289097.37, "Plan Rows": 5, "Plan Width": 16, "Actual Startup Time": 457.356, "Actual Total Time": 603.109, "Actual Rows": 956, "Actual Loops": 3, "Inner Unique": false, "Hash Cond": "(mc.movie_id = mi.movie_id)", "Plans": [{"Node Type": "Seq Scan", "Parent Relationship": "Outer", "Parallel Aware": true, "Relation Name": "movie_companies", "Alias": "mc", "Startup Cost": 0.0, "Total Cost": 29661.37, "Plan Rows": 1087137, "Plan Width": 12, "Actual Startup Time": 0.006, "Actual Total Time": 62.631, "Actual Rows": 869710, "Actual Loops": 3}, {"Node Type": "Hash", "Parent Relationship": "Inner", "Parallel Aware": true, "Startup Cost": 255359.2, "Total Cost": 255359.2, "Plan Rows": 1, "Plan Width": 4, "Actual Startup Time": 457.125, "Actual Total Time": 457.126, "Actual Rows": 590, "Actual Loops": 3, "Hash Buckets": 1024, "Original Hash Buckets": 1024, "Hash Batches": 1, "Original Hash Batches": 1, "Peak Memory Usage": 104, "Plans": [{"Node Type": "Hash Join", "Parent Relationship": "Outer", "Parallel Aware": false, "Join Type": "Inner", "Startup Cost": 2.43, "Total Cost": 255359.2, "Plan Rows": 1, "Plan Width": 4, "Actual Startup Time": 122.636, "Actual Total Time": 456.965, "Actual Rows": 590, "Actual Loops": 3, "Inner Unique": true, "Hash Cond": "(mi.info_type_id = it1.id)", "Plans": [{"Node Type": "Seq Scan", "Parent Relationship": "Outer", "Parallel Aware": true, "Relation Name": "movie_info", "Alias": "mi", "Startup Cost": 0.0, "Total Cost": 255356.52, "Plan Rows": 94, "Plan Width": 8, "Actual Startup Time": 122.589, "Actual Total Time": 456.802, "Actual Rows": 590, "Actual Loops": 3, "Filter": "(((note)::text ~~ '%internet%'::text) AND ((info)::text ~~ 'USA:% 200%'::text))", "Rows Removed by Filter": 4944650}, {"Node Type": "Hash", "Parent Relationship": "Inner", "Parallel Aware": false, "Startup Cost": 2.41, "Total Cost": 2.41, "Plan Rows": 1, "Plan Width": 4, "Actual Startup Time": 0.03, "Actual Total Time": 0.03, "Actual Rows": 1, "Actual Loops": 3, "Hash Buckets": 1024, "Original Hash Buckets": 1024, "Hash Batches": 1, "Original Hash Batches": 1, "Peak Memory Usage": 9, "Plans": [{"Node Type": "Seq Scan", "Parent Relationship": "Outer", "Parallel Aware": false, "Relation Name": "info_type", "Alias": "it1", "Startup Cost": 0.0, "Total Cost": 2.41, "Plan Rows": 1, "Plan Width": 4, "Actual Startup Time": 0.021, "Actual Total Time": 0.026, "Actual Rows": 1, "Actual Loops": 3, "Filter": "((info)::text = 'release dates'::text)", "Rows Removed by Filter": 112}]}]}]}]}, {"Node Type": "Index Scan", "Parent Relationship": "Inner", "Parallel Aware": false, "Scan Direction": "Forward", "Index Name": "title_pkey", "Relation Name": "title", "Alias": "t", "Startup Cost": 0.43, "Total Cost": 0.52, "Plan Rows": 1, "Plan Width": 8, "Actual Startup Time": 0.005, "Actual Total Time": 0.005, "Actual Rows": 1, "Actual Loops": 2867, "Index Cond": "(id = mc.movie_id)", "Rows Removed by Index Recheck": 0, "Filter": "(production_year > 2000)", "Rows Removed by Filter": 0}]}, {"Node Type": "Index Scan", "Parent Relationship": "Inner", "Parallel Aware": false, "Scan Direction": "Forward", "Index Name": "kind_type_pkey", "Relation Name": "kind_type", "Alias": "kt", "Startup Cost": 0.15, "Total Cost": 0.17, "Plan Rows": 1, "Plan Width": 4, "Actual Startup Time": 0.001, "Actual Total Time": 0.001, "Actual Rows": 0, "Actual Loops": 2820, "Index Cond": "(id = t.kind_id)", "Rows Removed by Index Recheck": 0, "Filter": "((kind)::text = 'movie'::text)", "Rows Removed by Filter": 1}]}]}]}, {"Node Type": "Hash Join", "Parent Relationship": "Inner", "Parallel Aware": false, "Join Type": "Inner", "Startup Cost": 18.93, "Total Cost": 2457.5, "Plan Rows": 761, "Plan Width": 4, "Actual Startup Time": 0.003, "Actual Total Time": 20.066, "Actual Rows": 24592, "Actual Loops": 4449, "Inner Unique": true, "Hash Cond": "(cc.status_id = cct1.id)", "Plans": [{"Node Type": "Seq Scan", "Parent Relationship": "Outer", "Parallel Aware": false, "Relation Name": "complete_cast", "Alias": "cc", "Startup Cost": 0.0, "Total Cost": 2081.86, "Plan Rows": 135086, "Plan Width": 8, "Actual Startup Time": 0.003, "Actual Total Time": 8.256, "Actual Rows": 135086, "Actual Loops": 4449}, {"Node Type": "Hash", "Parent Relationship": "Inner", "Parallel Aware": false, "Startup Cost": 18.88, "Total Cost": 18.88, "Plan Rows": 4, "Plan Width": 4, "Actual Startup Time": 0.008, "Actual Total Time": 0.008, "Actual Rows": 1, "Actual Loops": 3, "Hash Buckets": 1024, "Original Hash Buckets": 1024, "Hash Batches": 1, "Original Hash Batches": 1, "Peak Memory Usage": 9, "Plans": [{"Node Type": "Seq Scan", "Parent Relationship": "Outer", "Parallel Aware": false, "Relation Name": "comp_cast_type", "Alias": "cct1", "Startup Cost": 0.0, "Total Cost": 18.88, "Plan Rows": 4, "Plan Width": 4, "Actual Startup Time": 0.005, "Actual Total Time": 0.006, "Actual Rows": 1, "Actual Loops": 3, "Filter": "((kind)::text = 'complete+verified'::text)", "Rows Removed by Filter": 3}]}]}]}, {"Node Type": "Index Scan", "Parent Relationship": "Inner", "Parallel Aware": false, "Scan Direction": "Forward", "Index Name": "company_name_pkey", "Relation Name": "company_name", "Alias": "cn", "Startup Cost": 0.42, "Total Cost": 0.45, "Plan Rows": 1, "Plan Width": 4, "Actual Startup Time": 0.003, "Actual Total Time": 0.003, "Actual Rows": 1, "Actual Loops": 618, "Index Cond": "(id = mc.company_id)", "Rows Removed by Index Recheck": 0, "Filter": "((country_code)::text = '[us]'::text)", "Rows Removed by Filter": 0}]}, {"Node Type": "Index Only Scan", "Parent Relationship": "Inner", "Parallel Aware": false, "Scan Direction": "Forward", "Index Name": "company_type_pkey", "Relation Name": "company_type", "Alias": "ct", "Startup Cost": 0.15, "Total Cost": 0.17, "Plan Rows": 1, "Plan Width": 4, "Actual Startup Time": 0.001, "Actual Total Time": 0.001, "Actual Rows": 1, "Actual Loops": 618, "Index Cond": "(id = mc.company_type_id)", "Rows Removed by Index Recheck": 0, "Heap Fetches": 618}]}, {"Node Type": "Index Scan", "Parent Relationship": "Inner", "Parallel Aware": false, "Scan Direction": "Forward", "Index Name": "keyword_pkey", "Relation Name": "keyword", "Alias": "k", "Startup Cost": 0.42, "Total Cost": 0.44, "Plan Rows": 1, "Plan Width": 4, "Actual Startup Time": 0.004, "Actual Total Time": 0.004, "Actual Rows": 0, "Actual Loops": 618, "Index Cond": "(id = mk.keyword_id)", "Rows Removed by Index Recheck": 0, "Filter": "((keyword)::text = ANY ('{nerd,loner,alienation,dignity}'::text[]))", "Rows Removed by Filter": 1}]}]}]}]}, "Planning Time": 134.675, "Triggers": [], "Execution Time": 33654.679}]
[{"Bao": {"Bao prediction": "NaN", "Bao recommended hint": "(no hint)"}}, {"Plan": {"Node Type": "Aggregate", "Strategy": "Plain", "Partial Mode": "Simple", "Parallel Aware": false, "Startup Cost": 359412.91, "Total Cost": 359412.92, "Plan Rows": 1, "Plan Width": 8, "Actual Startup Time": 1674.793, "Actual Total Time": 1709.114, "Actual Rows": 1, "Actual Loops": 1, "Plans": [{"Node Type": "Gather", "Parent Relationship": "Outer", "Parallel Aware": false, "Startup Cost": 309040.41, "Total Cost": 359412.91, "Plan Rows": 1, "Plan Width": 0, "Actual Startup Time": 1343.683, "Actual Total Time": 1708.97, "Actual Rows": 2851, "Actual Loops": 1, "Workers Planned": 2, "Workers Launched": 2, "Single Copy": false, "Plans": [{"Node Type": "Nested Loop", "Parent Relationship": "Outer", "Parallel Aware": false, "Join Type": "Inner", "Startup Cost": 308040.41, "Total Cost": 358412.81, "Plan Rows": 1, "Plan Width": 0, "Actual Startup Time": 1321.534, "Actual Total Time": 1670.698, "Actual Rows": 950, "Actual Loops": 3, "Inner Unique": true, "Plans": [{"Node Type": "Hash Join", "Parent Relationship": "Outer", "Parallel Aware": true, "Join Type": "Inner", "Startup Cost": 308039.99, "Total Cost": 358412.35, "Plan Rows": 1, "Plan Width": 4, "Actual Startup Time": 1286.94, "Actual Total Time": 1507.254, "Actual Rows": 106470, "Actual Loops": 3, "Inner Unique": false, "Hash Cond": "(mk.movie_id = t.id)", "Plans": [{"Node Type": "Seq Scan", "Parent Relationship": "Outer", "Parallel Aware": true, "Relation Name": "movie_keyword", "Alias": "mk", "Startup Cost": 0.0, "Total Cost": 43303.71, "Plan Rows": 1884971, "Plan Width": 8, "Actual Startup Time": 0.013, "Actual Total Time": 100.269, "Actual Rows": 1507977, "Actual Loops": 3}, {"Node Type": "Hash", "Parent Relationship": "Inner", "Parallel Aware": true, "Startup Cost": 308039.98, "Total Cost": 308039.98, "Plan Rows": 1, "Plan Width": 16, "Actual Startup Time": 1283.067, "Actual Total Time": 1283.075, "Actual Rows": 1224, "Actual Loops": 3, "Hash Buckets": 4096, "Original Hash Buckets": 1024, "Hash Batches": 1, "Original Hash Batches": 1, "Peak Memory Usage": 280, "Plans": [{"Node Type": "Nested Loop", "Parent Relationship": "Outer", "Parallel Aware": false, "Join Type": "Inner", "Startup Cost": 272712.01, "Total Cost": 308039.98, "Plan Rows": 1, "Plan Width": 16, "Actual Startup Time": 993.574, "Actual Total Time": 1203.784, "Actual Rows": 1224, "Actual Loops": 3, "Inner Unique": true, "Plans": [{"Node Type": "Nested Loop", "Parent Relationship": "Outer", "Parallel Aware": false, "Join Type": "Inner", "Startup Cost": 272711.86, "Total Cost": 308039.81, "Plan Rows": 1, "Plan Width": 20, "Actual Startup Time": 993.559, "Actual Total Time": 1202.558, "Actual Rows": 1224, "Actual Loops": 3, "Inner Unique": true, "Plans": [{"Node Type": "Nested Loop", "Parent Relationship": "Outer", "Parallel Aware": false, "Join Type": "Inner", "Startup Cost": 272711.44, "Total Cost": 308039.26, "Plan Rows": 1, "Plan Width": 24, "Actual Startup Time": 993.389, "Actual Total Time": 1198.806, "Actual Rows": 1478, "Actual Loops": 3, "Inner Unique": true, "Plans": [{"Node Type": "Nested Loop", "Parent Relationship": "Outer", "Parallel Aware": false, "Join Type": "Inner", "Startup Cost": 272711.29, "Total Cost": 308038.41, "Plan Rows": 5, "Plan Width": 28, "Actual Startup Time": 993.131, "Actual Total Time": 1196.792, "Actual Rows": 1907, "Actual Loops": 3, "Inner Unique": true, "Join Filter": "(mi.movie_id = t.id)", "Rows Removed by Join Filter": 0, "Plans": [{"Node Type": "Hash Join", "Parent Relationship": "Outer", "Parallel Aware": true, "Join Type": "Inner", "Startup Cost": 272710.86, "Total Cost": 308027.32, "Plan Rows": 18, "Plan Width": 20, "Actual Startup Time": 992.56, "Actual Total Time": 1140.47, "Actual Rows": 26221, "Actual Loops": 3, "Inner Unique": false, "Hash Cond": "(mc.movie_id = mi.movie_id)", "Plans": [{"Node Type": "Seq Scan", "Parent Relationship": "Outer", "Parallel Aware": true, "Relation Name": "movie_companies", "Alias": "mc", "Startup Cost": 0.0, "Total Cost": 35097.06, "Plan Rows": 58487, "Plan Width": 12, "Actual Startup Time": 0.017, "Actual Total Time": 128.279, "Actual Rows": 101090, "Actual Loops": 3, "Filter": "(((note)::text !~~ '%(USA)%'::text) AND ((note)::text ~~ '%(200%)%'::text))", "Rows Removed by Filter": 768619}, {"Node Type": "Hash", "Parent Relationship": "Inner", "Parallel Aware": true, "Startup Cost": 272710.09, "Total Cost": 272710.09, "Plan Rows": 61, "Plan Width": 8, "Actual Startup Time": 992.455, "Actual Total Time": 992.46, "Actual Rows": 49082, "Actual Loops": 3, "Hash Buckets": 262144, "Original Hash Buckets": 1024, "Hash Batches": 1, "Original Hash Batches": 1, "Peak Memory Usage": 9880, "Plans": [{"Node Type": "Hash Join", "Parent Relationship": "Outer", "Parallel Aware": true, "Join Type": "Inner", "Startup Cost": 16511.57, "Total Cost": 272710.09, "Plan Rows": 61, "Plan Width": 8, "Actual Startup Time": 935.399, "Actual Total Time": 975.941, "Actual Rows": 49082, "Actual Loops": 3, "Inner Unique": false, "Hash Cond": "(mi.movie_id = mi_idx.movie_id)", "Plans": [{"Node Type": "Hash Join", "Parent Relationship": "Outer", "Parallel Aware": false, "Join Type": "Inner", "Startup Cost": 2.43, "Total Cost": 256190.56, "Plan Rows": 2702, "Plan Width": 4, "Actual Startup Time": 593.587, "Actual Total Time": 770.602, "Actual Rows": 196255, "Actual Loops": 3, "Inner Unique": true, "Hash Cond": "(mi.info_type_id = it1.id)", "Plans": [{"Node Type": "Seq Scan", "Parent Relationship": "Outer", "Parallel Aware": true, "Relation Name": "movie_info", "Alias": "mi", "Startup Cost": 0.0, "Total Cost": 255356.52, "Plan Rows": 305356, "Plan Width": 8, "Actual Startup Time": 0.316, "Actual Total Time": 743.697, "Actual Rows": 223112, "Actual Loops": 3, "Filter": "((info)::text = ANY ('{Germany,German,USA,American}'::text[]))", "Rows Removed by Filter": 4722128}, {"Node Type": "Hash", "Parent Relationship": "Inner", "Parallel Aware": false, "Startup Cost": 2.41, "Total Cost": 2.41, "Plan Rows": 1, "Plan Width": 4, "Actual Startup Time": 0.014, "Actual Total Time": 0.014, "Actual Rows": 1, "Actual Loops": 3, "Hash Buckets": 1024, "Original Hash Buckets": 1024, "Hash Batches": 1, "Original Hash Batches": 1, "Peak Memory Usage": 9, "Plans": [{"Node Type": "Seq Scan", "Parent Relationship": "Outer", "Parallel Aware": false, "Relation Name": "info_type", "Alias": "it1", "Startup Cost": 0.0, "Total Cost": 2.41, "Plan Rows": 1, "Plan Width": 4, "Actual Startup Time": 0.007, "Actual Total Time": 0.012, "Actual Rows": 1, "Actual Loops": 3, "Filter": "((info)::text = 'countries'::text)", "Rows Removed by Filter": 112}]}]}, {"Node Type": "Hash", "Parent Relationship": "Inner", "Parallel Aware": true, "Startup Cost": 16455.12, "Total Cost": 16455.12, "Plan Rows": 4322, "Plan Width": 4, "Actual Startup Time": 140.488, "Actual Total Time": 140.489, "Actual Rows": 108039, "Actual Loops": 3, "Hash Buckets": 131072, "Original Hash Buckets": 16384, "Hash Batches": 8, "Original Hash Batches": 1, "Peak Memory Usage": 2688, "Plans": [{"Node Type": "Hash Join", "Parent Relationship": "Outer", "Parallel Aware": false, "Join Type": "Inner", "Startup Cost": 2.43, "Total Cost": 16455.12, "Plan Rows": 4322, "Plan Width": 4, "Actual Startup Time": 0.055, "Actual Total Time": 107.047, "Actual Rows": 108039, "Actual Loops": 3, "Inner Unique": true, "Hash Cond": "(mi_idx.info_type_id = it2.id)", "Plans": [{"Node Type": "Seq Scan", "Parent Relationship": "Outer", "Parallel Aware": true, "Relation Name": "movie_info_idx", "Alias": "mi_idx", "Startup Cost": 0.0, "Total Cost": 15122.68, "Plan Rows": 488356, "Plan Width": 8, "Actual Startup Time": 0.017, "Actual Total Time": 76.896, "Actual Rows": 390635, "Actual Loops": 3, "Filter": "((info)::text < '7.0'::text)", "Rows Removed by Filter": 69377}, {"Node Type": "Hash", "Parent Relationship": "Inner", "Parallel Aware": false, "Startup Cost": 2.41, "Total Cost": 2.41, "Plan Rows": 1, "Plan Width": 4, "Actual Startup Time": 0.027, "Actual Total Time": 0.027, "Actual Rows": 1, "Actual Loops": 3, "Hash Buckets": 1024, "Original Hash Buckets": 1024, "Hash Batches": 1, "Original Hash Batches": 1, "Peak Memory Usage": 9, "Plans": [{"Node Type": "Seq Scan", "Parent Relationship": "Outer", "Parallel Aware": false, "Relation Name": "info_type", "Alias": "it2", "Startup Cost": 0.0, "Total Cost": 2.41, "Plan Rows": 1, "Plan Width": 4, "Actual Startup Time": 0.022, "Actual Total Time": 0.023, "Actual Rows": 1, "Actual Loops": 3, "Filter": "((info)::text = 'rating'::text)", "Rows Removed by Filter": 112}]}]}]}]}]}]}, {"Node Type": "Index Scan", "Parent Relationship": "Inner", "Parallel Aware": false, "Scan Direction": "Forward", "Index Name": "title_pkey", "Relation Name": "title", "Alias": "t", "Startup Cost": 0.43, "Total Cost": 0.6, "Plan Rows": 1, "Plan Width": 8, "Actual Startup Time": 0.002, "Actual Total Time": 0.002, "Actual Rows": 0, "Actual Loops": 78662, "Index Cond": "(id = mi_idx.movie_id)", "Rows Removed by Index Recheck": 0, "Filter": "(production_year > 2008)", "Rows Removed by Filter": 1}]}, {"Node Type": "Index Scan", "Parent Relationship": "Inner", "Parallel Aware": false, "Scan Direction": "Forward", "Index Name": "kind_type_pkey", "Relation Name": "kind_type", "Alias": "kt", "Startup Cost": 0.15, "Total Cost": 0.17, "Plan Rows": 1, "Plan Width": 4, "Actual Startup Time": 0.001, "Actual Total Time": 0.001, "Actual Rows": 1, "Actual Loops": 5720, "Index Cond": "(id = t.kind_id)", "Rows Removed by Index Recheck": 0, "Filter": "((kind)::text = ANY ('{movie,episode}'::text[]))", "Rows Removed by Filter": 0}]}, {"Node Type": "Index Scan", "Parent Relationship": "Inner", "Parallel Aware": false, "Scan Direction": "Forward", "Index Name": "company_name_pkey", "Relation Name": "company_name", "Alias": "cn", "Startup Cost": 0.42, "Total Cost": 0.55, "Plan Rows": 1, "Plan Width": 4, "Actual Startup Time": 0.002, "Actual Total Time": 0.002, "Actual Rows": 1, "Actual Loops": 4434, "Index Cond": "(id = mc.company_id)", "Rows Removed by Index Recheck": 0, "Filter": "((country_code)::text <> '[us]'::text)", "Rows Removed by Filter": 0}]}, {"Node Type": "Index Only Scan", "Parent Relationship": "Inner", "Parallel Aware": false, "Scan Direction": "Forward", "Index Name": "company_type_pkey", "Relation Name": "company_type", "Alias": "ct", "Startup Cost": 0.15, "Total Cost": 0.17, "Plan Rows": 1, "Plan Width": 4, "Actual Startup Time": 0.001, "Actual Total Time": 0.001, "Actual Rows": 1, "Actual Loops": 3672, "Index Cond": "(id = mc.company_type_id)", "Rows Removed by Index Recheck": 0, "Heap Fetches": 3672}]}]}]}, {"Node Type": "Index Scan", "Parent Relationship": "Inner", "Parallel Aware": false, "Scan Direction": "Forward", "Index Name": "keyword_pkey", "Relation Name": "keyword", "Alias": "k", "Startup Cost": 0.42, "Total Cost": 0.44, "Plan Rows": 1, "Plan Width": 4, "Actual Startup Time": 0.001, "Actual Total Time": 0.001, "Actual Rows": 0, "Actual Loops": 319409, "Index Cond": "(id = mk.keyword_id)", "Rows Removed by Index Recheck": 0, "Filter": "((keyword)::text = ANY ('{murder,murder-in-title,blood,violence}'::text[]))", "Rows Removed by Filter": 1}]}]}]}, "Planning Time": 133.297, "Triggers": [], "Execution Time": 1709.228}]
[{"Bao": {"Bao prediction": "NaN", "Bao recommended hint": "(no hint)"}}, {"Plan": {"Node Type": "Aggregate", "Strategy": "Plain", "Partial Mode": "Finalize", "Parallel Aware": false, "Startup Cost": 773609.79, "Total Cost": 773609.8, "Plan Rows": 1, "Plan Width": 8, "Actual Startup Time": 5918.397, "Actual Total Time": 5987.176, "Actual Rows": 1, "Actual Loops": 1, "Plans": [{"Node Type": "Gather", "Parent Relationship": "Outer", "Parallel Aware": false, "Startup Cost": 773609.57, "Total Cost": 773609.78, "Plan Rows": 2, "Plan Width": 8, "Actual Startup Time": 5912.8, "Actual Total Time": 5987.169, "Actual Rows": 3, "Actual Loops": 1, "Workers Planned": 2, "Workers Launched": 2, "Single Copy": false, "Plans": [{"Node Type": "Aggregate", "Strategy": "Plain", "Partial Mode": "Partial", "Parent Relationship": "Outer", "Parallel Aware": false, "Startup Cost": 772609.57, "Total Cost": 772609.58, "Plan Rows": 1, "Plan Width": 8, "Actual Startup Time": 5912.641, "Actual Total Time": 5912.663, "Actual Rows": 1, "Actual Loops": 3, "Plans": [{"Node Type": "Hash Join", "Parent Relationship": "Outer", "Parallel Aware": true, "Join Type": "Inner", "Startup Cost": 756049.36, "Total Cost": 772609.35, "Plan Rows": 89, "Plan Width": 0, "Actual Startup Time": 5791.919, "Actual Total Time": 5888.097, "Actual Rows": 586882, "Actual Loops": 3, "Inner Unique": false, "Hash Cond": "(an.person_id = n.id)", "Plans": [{"Node Type": "Seq Scan", "Parent Relationship": "Outer", "Parallel Aware": true, "Relation Name": "aka_name", "Alias": "an", "Startup Cost": 0.0, "Total Cost": 15151.6, "Plan Rows": 375560, "Plan Width": 4, "Actual Startup Time": 0.012, "Actual Total Time": 25.889, "Actual Rows": 300448, "Actual Loops": 3}, {"Node Type": "Hash", "Parent Relationship": "Inner", "Parallel Aware": true, "Startup Cost": 756048.87, "Total Cost": 756048.87, "Plan Rows": 39, "Plan Width": 8, "Actual Startup Time": 5717.075, "Actual Total Time": 5717.095, "Actual Rows": 262348, "Actual Loops": 3, "Hash Buckets": 65536, "Original Hash Buckets": 1024, "Hash Batches": 16, "Original Hash Batches": 1, "Peak Memory Usage": 3360, "Plans": [{"Node Type": "Nested Loop", "Parent Relationship": "Outer", "Parallel Aware": false, "Join Type": "Inner", "Startup Cost": 722184.7, "Total Cost": 756048.87, "Plan Rows": 39, "Plan Width": 8, "Actual Startup Time": 3764.851, "Actual Total Time": 5590.593, "Actual Rows": 262348, "Actual Loops": 3, "Inner Unique": true, "Plans": [{"Node Type": "Hash Join", "Parent Relationship": "Outer", "Parallel Aware": true, "Join Type": "Inner", "Startup Cost": 722184.28, "Total Cost": 755922.5, "Plan Rows": 108, "Plan Width": 12, "Actual Startup Time": 3764.76, "Actual Total Time": 3969.658, "Actual Rows": 1076352, "Actual Loops": 3, "Inner Unique": false, "Hash Cond": "(mc.movie_id = t.id)", "Plans": [{"Node Type": "Seq Scan", "Parent Relationship": "Outer", "Parallel Aware": true, "Relation Name": "movie_companies", "Alias": "mc", "Startup Cost": 0.0, "Total Cost": 29661.37, "Plan Rows": 1087137, "Plan Width": 8, "Actual Startup Time": 0.007, "Actual Total Time": 64.051, "Actual Rows": 869710, "Actual Loops": 3}, {"Node Type": "Hash", "Parent Relationship": "Inner", "Parallel Aware": true, "Startup Cost": 722184.04, "Total Cost": 722184.04, "Plan Rows": 19, "Plan Width": 20, "Actual Startup Time": 3598.669, "Actual Total Time": 3598.687, "Actual Rows": 113945, "Actual Loops": 3, "Hash Buckets": 65536, "Original Hash Buckets": 1024, "Hash Batches": 8, "Original Hash Batches": 1, "Peak Memory Usage": 3072, "Plans": [{"Node Type": "Nested Loop", "Parent Relationship": "Outer", "Parallel Aware": false, "Join Type": "Inner", "Startup Cost": 480150.81, "Total Cost": 722184.04, "Plan Rows": 19, "Plan Width": 20, "Actual Startup Time": 2253.056, "Actual Total Time": 3539.209, "Actual Rows": 113945, "Actual Loops": 3, "Inner Unique": true, "Plans": [{"Node Type": "Nested Loop", "Parent Relationship": "Outer", "Parallel Aware": false, "Join Type": "Inner", "Startup Cost": 480150.38, "Total Cost": 722138.96, "Plan Rows": 35, "Plan Width": 16, "Actual Startup Time": 2252.872, "Actual Total Time": 3217.478, "Actual Rows": 166016, "Actual Loops": 3, "Inner Unique": true, "Plans": [{"Node Type": "Nested Loop", "Parent Relationship": "Outer", "Parallel Aware": false, "Join Type": "Inner", "Startup Cost": 480149.95, "Total Cost": 722034.03, "Plan Rows": 72, "Plan Width": 20, "Actual Startup Time": 2252.846, "Actual Total Time": 2834.102, "Actual Rows": 182242, "Actual Loops": 3, "Inner Unique": true, "Plans": [{"Node Type": "Hash Join", "Parent Relationship": "Outer", "Parallel Aware": true, "Join Type": "Inner", "Startup Cost": 480149.52, "Total Cost": 721544.12, "Plan Rows": 311, "Plan Width": 16, "Actual Startup Time": 2252.812, "Actual Total Time": 2421.041, "Actual Rows": 182372, "Actual Loops": 3, "Inner Unique": false, "Hash Cond": "(mi.movie_id = ci.movie_id)", "Plans": [{"Node Type": "Hash Join", "Parent Relationship": "Outer", "Parallel Aware": false, "Join Type": "Inner", "Startup Cost": 2.43, "Total Cost": 241189.17, "Plan Rows": 55082, "Plan Width": 4, "Actual Startup Time": 209.844, "Actual Total Time": 819.195, "Actual Rows": 1012240, "Actual Loops": 3, "Inner Unique": true, "Hash Cond": "(mi.info_type_id = it.id)", "Plans": [{"Node Type": "Seq Scan", "Parent Relationship": "Outer", "Parallel Aware": true, "Relation Name": "movie_info", "Alias": "mi", "Startup Cost": 0.0, "Total Cost": 224235.35, "Plan Rows": 6224235, "Plan Width": 8, "Actual Startup Time": 0.02, "Actual Total Time": 390.495, "Actual Rows": 4945240, "Actual Loops": 3}, {"Node Type": "Hash", "Parent Relationship": "Inner", "Parallel Aware": false, "Startup Cost": 2.41, "Total Cost": 2.41, "Plan Rows": 1, "Plan Width": 4, "Actual Startup Time": 0.048, "Actual Total Time": 0.048, "Actual Rows": 1, "Actual Loops": 3, "Hash Buckets": 1024, "Original Hash Buckets": 1024, "Hash Batches": 1, "Original Hash Batches": 1, "Peak Memory Usage": 9, "Plans": [{"Node Type": "Seq Scan", "Parent Relationship": "Outer", "Parallel Aware": false, "Relation Name": "info_type", "Alias": "it", "Startup Cost": 0.0, "Total Cost": 2.41, "Plan Rows": 1, "Plan Width": 4, "Actual Startup Time": 0.041, "Actual Total Time": 0.046, "Actual Rows": 1, "Actual Loops": 3, "Filter": "((info)::text = 'release dates'::text)", "Rows Removed by Filter": 112}]}]}, {"Node Type": "Hash", "Parent Relationship": "Inner", "Parallel Aware": true, "Startup Cost": 480120.81, "Total Cost": 480120.81, "Plan Rows": 2103, "Plan Width": 12, "Actual Startup Time": 1326.879, "Actual Total Time": 1326.881, "Actual Rows": 92055, "Actual Loops": 3, "Hash Buckets": 65536, "Original Hash Buckets": 8192, "Hash Batches": 8, "Original Hash Batches": 1, "Peak Memory Usage": 2176, "Plans": [{"Node Type": "Hash Join", "Parent Relationship": "Outer", "Parallel Aware": false, "Join Type": "Inner", "Startup Cost": 18.93, "Total Cost": 480120.81, "Plan Rows": 2103, "Plan Width": 12, "Actual Startup Time": 398.561, "Actual Total Time": 1297.066, "Actual Rows": 92055, "Actual Loops": 3, "Inner Unique": true, "Hash Cond": "(ci.role_id = rt.id)", "Plans": [{"Node Type": "Seq Scan", "Parent Relationship": "Outer", "Parallel Aware": true, "Relation Name": "cast_info", "Alias": "ci", "Startup Cost": 0.0, "Total Cost": 479115.98, "Plan Rows": 373356, "Plan Width": 16, "Actual Startup Time": 0.029, "Actual Total Time": 1268.222, "Actual Rows": 289159, "Actual Loops": 3, "Filter": "((note)::text = ANY ('{(voice),\"(voice: Japanese version)\",\"(voice) (uncredited)\",\"(voice: English version)\"}'::text[]))", "Rows Removed by Filter": 11792289}, {"Node Type": "Hash", "Parent Relationship": "Inner", "Parallel Aware": false, "Startup Cost": 18.88, "Total Cost": 18.88, "Plan Rows": 4, "Plan Width": 4, "Actual Startup Time": 0.02, "Actual Total Time": 0.021, "Actual Rows": 1, "Actual Loops": 3, "Hash Buckets": 1024, "Original Hash Buckets": 1024, "Hash Batches": 1, "Original Hash Batches": 1, "Peak Memory Usage": 9, "Plans": [{"Node Type": "Seq Scan", "Parent Relationship": "Outer", "Parallel Aware": false, "Relation Name": "role_type", "Alias": "rt", "Startup Cost": 0.0, "Total Cost": 18.88, "Plan Rows": 4, "Plan Width": 4, "Actual Startup Time": 0.016, "Actual Total Time": 0.017, "Actual Rows": 1, "Actual Loops": 3, "Filter": "((role)::text = 'actress'::text)", "Rows Removed by Filter": 11}]}]}]}]}, {"Node Type": "Index Scan", "Parent Relationship": "Inner", "Parallel Aware": false, "Scan Direction": "Forward", "Index Name": "name_pkey", "Relation Name": "name", "Alias": "n", "Startup Cost": 0.43, "Total Cost": 1.58, "Plan Rows": 1, "Plan Width": 4, "Actual Startup Time": 0.002, "Actual Total Time": 0.002, "Actual Rows": 1, "Actual Loops": 547117, "Index Cond": "(id = ci.person_id)", "Rows Removed by Index Recheck": 0, "Filter": "((gender)::text = 'f'::text)", "Rows Removed by Filter": 0}]}, {"Node Type": "Index Only Scan", "Parent Relationship": "Inner", "Parallel Aware": false, "Scan Direction": "Forward", "Index Name": "char_name_pkey", "Relation Name": "char_name", "Alias": "chn", "Startup Cost": 0.43, "Total Cost": 1.46, "Plan Rows": 1, "Plan Width": 4, "Actual Startup Time": 0.002, "Actual Total Time": 0.002, "Actual Rows": 1, "Actual Loops": 546726, "Index Cond": "(id = ci.person_role_id)", "Rows Removed by Index Recheck": 0, "Heap Fetches": 498048}]}, {"Node Type": "Index Scan", "Parent Relationship": "Inner", "Parallel Aware": false, "Scan Direction": "Forward", "Index Name": "title_pkey", "Relation Name": "title", "Alias": "t", "Startup Cost": 0.43, "Total Cost": 1.29, "Plan Rows": 1, "Plan Width": 4, "Actual Startup Time": 0.002, "Actual Total Time": 0.002, "Actual Rows": 1, "Actual Loops": 498048, "Index Cond": "(id = mi.movie_id)", "Rows Removed by Index Recheck": 0, "Filter": "(production_year > 2000)", "Rows Removed by Filter": 0}]}]}]}, {"Node Type": "Index Scan", "Parent Relationship": "Inner", "Parallel Aware": false, "Scan Direction": "Forward", "Index Name": "company_name_pkey", "Relation Name": "company_name", "Alias": "cn", "Startup Cost": 0.42, "Total Cost": 1.17, "Plan Rows": 1, "Plan Width": 4, "Actual Startup Time": 0.001, "Actual Total Time": 0.001, "Actual Rows": 0, "Actual Loops": 3229056, "Index Cond": "(id = mc.company_id)", "Rows Removed by Index Recheck": 0, "Filter": "((country_code)::text = '[us]'::text)", "Rows Removed by Filter": 1}]}]}]}]}]}]}, "Planning Time": 116.309, "Triggers": [], "Execution Time": 5987.286}]
[{"Bao": {"Bao prediction": "NaN", "Bao recommended hint": "(no hint)"}}, {"Plan": {"Node Type": "Aggregate", "Strategy": "Plain", "Partial Mode": "Simple", "Parallel Aware": false, "Startup Cost": 290312.19, "Total Cost": 290312.2, "Plan Rows": 1, "Plan Width": 8, "Actual Startup Time": 3071.977, "Actual Total Time": 3104.994, "Actual Rows": 1, "Actual Loops": 1, "Plans": [{"Node Type": "Nested Loop", "Parent Relationship": "Outer", "Parallel Aware": false, "Join Type": "Inner", "Startup Cost": 48897.35, "Total Cost": 290312.19, "Plan Rows": 1, "Plan Width": 0, "Actual Startup Time": 1685.597, "Actual Total Time": 3104.98, "Actual Rows": 53, "Actual Loops": 1, "Inner Unique": true, "Plans": [{"Node Type": "Nested Loop", "Parent Relationship": "Outer", "Parallel Aware": false, "Join Type": "Inner", "Startup Cost": 48897.2, "Total Cost": 290311.88, "Plan Rows": 1, "Plan Width": 4, "Actual Startup Time": 1418.993, "Actual Total Time": 3104.884, "Actual Rows": 78, "Actual Loops": 1, "Inner Unique": true, "Plans": [{"Node Type": "Gather", "Parent Relationship": "Outer", "Parallel Aware": false, "Startup Cost": 48896.78, "Total Cost": 290311.43, "Plan Rows": 1, "Plan Width": 8, "Actual Startup Time": 1418.984, "Actual Total Time": 3104.464, "Actual Rows": 200, "Actual Loops": 1, "Workers Planned": 2, "Workers Launched": 2, "Single Copy": false, "Plans": [{"Node Type": "Nested Loop", "Parent Relationship": "Outer", "Parallel Aware": false, "Join Type": "Inner", "Startup Cost": 47896.78, "Total Cost": 289311.33, "Plan Rows": 1, "Plan Width": 8, "Actual Startup Time": 1429.103, "Actual Total Time": 3066.905, "Actual Rows": 67, "Actual Loops": 3, "Inner Unique": true, "Plans": [{"Node Type": "Hash Join", "Parent Relationship": "Outer", "Parallel Aware": true, "Join Type": "Inner", "Startup Cost": 47896.35, "Total Cost": 289289.85, "Plan Rows": 46, "Plan Width": 16, "Actual Startup Time": 1395.266, "Actual Total Time": 1658.034, "Actual Rows": 834997, "Actual Loops": 3, "Inner Unique": false, "Hash Cond": "(mi.movie_id = mc.movie_id)", "Plans": [{"Node Type": "Hash Join", "Parent Relationship": "Outer", "Parallel Aware": false, "Join Type": "Inner", "Startup Cost": 2.43, "Total Cost": 241189.17, "Plan Rows": 55082, "Plan Width": 4, "Actual Startup Time": 208.355, "Actual Total Time": 810.234, "Actual Rows": 1012240, "Actual Loops": 3, "Inner Unique": true, "Hash Cond": "(mi.info_type_id = it2.id)", "Plans": [{"Node Type": "Seq Scan", "Parent Relationship": "Outer", "Parallel Aware": true, "Relation Name": "movie_info", "Alias": "mi", "Startup Cost": 0.0, "Total Cost": 224235.35, "Plan Rows": 6224235, "Plan Width": 8, "Actual Startup Time": 0.016, "Actual Total Time": 388.237, "Actual Rows": 4945240, "Actual Loops": 3}, {"Node Type": "Hash", "Parent Relationship": "Inner", "Parallel Aware": false, "Startup Cost": 2.41, "Total Cost": 2.41, "Plan Rows": 1, "Plan Width": 4, "Actual Startup Time": 0.017, "Actual Total Time": 0.018, "Actual Rows": 1, "Actual Loops": 3, "Hash Buckets": 1024, "Original Hash Buckets": 1024, "Hash Batches": 1, "Original Hash Batches": 1, "Peak Memory Usage": 9, "Plans": [{"Node Type": "Seq Scan", "Parent Relationship": "Outer", "Parallel Aware": false, "Relation Name": "info_type", "Alias": "it2", "Startup Cost": 0.0, "Total Cost": 2.41, "Plan Rows": 1, "Plan Width": 4, "Actual Startup Time": 0.01, "Actual Total Time": 0.016, "Actual Rows": 1, "Actual Loops": 3, "Filter": "((info)::text = 'release dates'::text)", "Rows Removed by Filter": 112}]}]}, {"Node Type": "Hash", "Parent Relationship": "Inner", "Parallel Aware": true, "Startup Cost": 47891.91, "Total Cost": 47891.91, "Plan Rows": 161, "Plan Width": 12, "Actual Startup Time": 470.408, "Actual Total Time": 470.412, "Actual Rows": 194741, "Actual Loops": 3, "Hash Buckets": 65536, "Original Hash Buckets": 1024, "Hash Batches": 8, "Original Hash Batches": 1, "Peak Memory Usage": 4032, "Plans": [{"Node Type": "Hash Join", "Parent Relationship": "Outer", "Parallel Aware": true, "Join Type": "Inner", "Startup Cost": 15336.14, "Total Cost": 47891.91, "Plan Rows": 161, "Plan Width": 12, "Actual Startup Time": 333.452, "Actual Total Time": 422.226, "Actual Rows": 194741, "Actual Loops": 3, "Inner Unique": false, "Hash Cond": "(mc.movie_id = miidx.movie_id)", "Plans": [{"Node Type": "Hash Join", "Parent Relationship": "Outer", "Parallel Aware": false, "Join Type": "Inner", "Startup Cost": 18.93, "Total Cost": 32551.06, "Plan Rows": 6125, "Plan Width": 8, "Actual Startup Time": 61.894, "Actual Total Time": 161.857, "Actual Rows": 444961, "Actual Loops": 3, "Inner Unique": true, "Hash Cond": "(mc.company_type_id = ct.id)", "Plans": [{"Node Type": "Seq Scan", "Parent Relationship": "Outer", "Parallel Aware": true, "Relation Name": "movie_companies", "Alias": "mc", "Startup Cost": 0.0, "Total Cost": 29661.37, "Plan Rows": 1087137, "Plan Width": 12, "Actual Startup Time": 0.008, "Actual Total Time": 62.68, "Actual Rows": 869710, "Actual Loops": 3}, {"Node Type": "Hash", "Parent Relationship": "Inner", "Parallel Aware": false, "Startup Cost": 18.88, "Total Cost": 18.88, "Plan Rows": 4, "Plan Width": 4, "Actual Startup Time": 0.018, "Actual Total Time": 0.018, "Actual Rows": 1, "Actual Loops": 3, "Hash Buckets": 1024, "Original Hash Buckets": 1024, "Hash Batches": 1, "Original Hash Batches": 1, "Peak Memory Usage": 9, "Plans": [{"Node Type": "Seq Scan", "Parent Relationship": "Outer", "Parallel Aware": false, "Relation Name": "company_type", "Alias": "ct", "Startup Cost": 0.0, "Total Cost": 18.88, "Plan Rows": 4, "Plan Width": 4, "Actual Startup Time": 0.015, "Actual Total Time": 0.016, "Actual Rows": 1, "Actual Loops": 3, "Filter": "((kind)::text = 'production companies'::text)", "Rows Removed by Filter": 3}]}]}, {"Node Type": "Hash", "Parent Relationship": "Inner", "Parallel Aware": true, "Startup Cost": 15253.6, "Total Cost": 15253.6, "Plan Rows": 5089, "Plan Width": 4, "Actual Startup Time": 117.42, "Actual Total Time": 117.421, "Actual Rows": 153308, "Actual Loops": 3, "Hash Buckets": 131072, "Original Hash Buckets": 16384, "Hash Batches": 8, "Original Hash Batches": 1, "Peak Memory Usage": 3360, "Plans": [{"Node Type": "Hash Join", "Parent Relationship": "Outer", "Parallel Aware": false, "Join Type": "Inner", "Startup Cost": 2.43, "Total Cost": 15253.6, "Plan Rows": 5089, "Plan Width": 4, "Actual Startup Time": 0.051, "Actual Total Time": 79.226, "Actual Rows": 153308, "Actual Loops": 3, "Inner Unique": true, "Hash Cond": "(miidx.info_type_id = it.id)", "Plans": [{"Node Type": "Seq Scan", "Parent Relationship": "Outer", "Parallel Aware": true, "Relation Name": "movie_info_idx", "Alias": "miidx", "Startup Cost": 0.0, "Total Cost": 13685.15, "Plan Rows": 575015, "Plan Width": 8, "Actual Startup Time": 0.014, "Actual Total Time": 32.95, "Actual Rows": 460012, "Actual Loops": 3}, {"Node Type": "Hash", "Parent Relationship": "Inner", "Parallel Aware": false, "Startup Cost": 2.41, "Total Cost": 2.41, "Plan Rows": 1, "Plan Width": 4, "Actual Startup Time": 0.028, "Actual Total Time": 0.029, "Actual Rows": 1, "Actual Loops": 3, "Hash Buckets": 1024, "Original Hash Buckets": 1024, "Hash Batches": 1, "Original Hash Batches": 1, "Peak Memory Usage": 9, "Plans": [{"Node Type": "Seq Scan", "Parent Relationship": "Outer", "Parallel Aware": false, "Relation Name": "info_type", "Alias": "it", "Startup Cost": 0.0, "Total Cost": 2.41, "Plan Rows": 1, "Plan Width": 4, "Actual Startup Time": 0.022, "Actual Total Time": 0.023, "Actual Rows": 1, "Actual Loops": 3, "Filter": "((info)::text = 'rating'::text)", "Rows Removed by Filter": 112}]}]}]}]}]}]}, {"Node Type": "Index Scan", "Parent Relationship": "Inner", "Parallel Aware": false, "Scan Direction": "Forward", "Index Name": "title_pkey", "Relation Name": "title", "Alias": "t", "Startup Cost": 0.43, "Total Cost": 0.47, "Plan Rows": 1, "Plan Width": 8, "Actual Startup Time": 0.002, "Actual Total Time": 0.002, "Actual Rows": 0, "Actual Loops": 2504990, "Index Cond": "(id = mi.movie_id)", "Rows Removed by Index Recheck": 0, "Filter": "(((title)::text <> ''::text) AND (((title)::text ~~ 'Champion%'::text) OR ((title)::text ~~ 'Loser%'::text)))", "Rows Removed by Filter": 1}]}]}, {"Node Type": "Index Scan", "Parent Relationship": "Inner", "Parallel Aware": false, "Scan Direction": "Forward", "Index Name": "company_name_pkey", "Relation Name": "company_name", "Alias": "cn", "Startup Cost": 0.42, "Total Cost": 0.45, "Plan Rows": 1, "Plan Width": 4, "Actual Startup Time": 0.002, "Actual Total Time": 0.002, "Actual Rows": 0, "Actual Loops": 200, "Index Cond": "(id = mc.company_id)", "Rows Removed by Index Recheck": 0, "Filter": "((country_code)::text = '[us]'::text)", "Rows Removed by Filter": 1}]}, {"Node Type": "Index Scan", "Parent Relationship": "Inner", "Parallel Aware": false, "Scan Direction": "Forward", "Index Name": "kind_type_pkey", "Relation Name": "kind_type", "Alias": "kt", "Startup Cost": 0.15, "Total Cost": 0.27, "Plan Rows": 1, "Plan Width": 4, "Actual Startup Time": 0.001, "Actual Total Time": 0.001, "Actual Rows": 1, "Actual Loops": 78, "Index Cond": "(id = t.kind_id)", "Rows Removed by Index Recheck": 0, "Filter": "((kind)::text = 'movie'::text)", "Rows Removed by Filter": 0}]}]}, "Planning Time": 89.346, "Triggers": [], "Execution Time": 3105.081}]
[{"Bao": {"Bao prediction": "NaN", "Bao recommended hint": "(no hint)"}}, {"Plan": {"Node Type": "Aggregate", "Strategy": "Plain", "Partial Mode": "Finalize", "Parallel Aware": false, "Startup Cost": 546127.24, "Total Cost": 546127.25, "Plan Rows": 1, "Plan Width": 8, "Actual Startup Time": 3775.656, "Actual Total Time": 3818.553, "Actual Rows": 1, "Actual Loops": 1, "Plans": [{"Node Type": "Gather", "Parent Relationship": "Outer", "Parallel Aware": false, "Startup Cost": 546127.02, "Total Cost": 546127.23, "Plan Rows": 2, "Plan Width": 8, "Actual Startup Time": 3775.331, "Actual Total Time": 3818.546, "Actual Rows": 3, "Actual Loops": 1, "Workers Planned": 2, "Workers Launched": 2, "Single Copy": false, "Plans": [{"Node Type": "Aggregate", "Strategy": "Plain", "Partial Mode": "Partial", "Parent Relationship": "Outer", "Parallel Aware": false, "Startup Cost": 545127.02, "Total Cost": 545127.03, "Plan Rows": 1, "Plan Width": 8, "Actual Startup Time": 3773.213, "Actual Total Time": 3773.217, "Actual Rows": 1, "Actual Loops": 3, "Plans": [{"Node Type": "Nested Loop", "Parent Relationship": "Outer", "Parallel Aware": false, "Join Type": "Inner", "Startup Cost": 511388.83, "Total Cost": 545127.02, "Plan Rows": 1, "Plan Width": 0, "Actual Startup Time": 3562.973, "Actual Total Time": 3772.249, "Actual Rows": 17435, "Actual Loops": 3, "Inner Unique": true, "Plans": [{"Node Type": "Nested Loop", "Parent Relationship": "Outer", "Parallel Aware": false, "Join Type": "Inner", "Startup Cost": 511388.4, "Total Cost": 545126.57, "Plan Rows": 1, "Plan Width": 12, "Actual Startup Time": 3562.955, "Actual Total Time": 3740.102, "Actual Rows": 17435, "Actual Loops": 3, "Inner Unique": true, "Plans": [{"Node Type": "Hash Join", "Parent Relationship": "Outer", "Parallel Aware": true, "Join Type": "Inner", "Startup Cost": 511387.98, "Total Cost": 545126.12, "Plan Rows": 1, "Plan Width": 16, "Actual Startup Time": 3562.924, "Actual Total Time": 3707.361, "Actual Rows": 17435, "Actual Loops": 3, "Inner Unique": false, "Hash Cond": "(mc.movie_id = ci.movie_id)", "Plans": [{"Node Type": "Seq Scan", "Parent Relationship": "Outer", "Parallel Aware": true, "Relation Name": "movie_companies", "Alias": "mc", "Startup Cost": 0.0, "Total Cost": 29661.37, "Plan Rows": 1087137, "Plan Width": 8, "Actual Startup Time": 0.019, "Actual Total Time": 63.87, "Actual Rows": 869710, "Actual Loops": 3}, {"Node Type": "Hash", "Parent Relationship": "Inner", "Parallel Aware": true, "Startup Cost": 511387.97, "Total Cost": 511387.97, "Plan Rows": 1, "Plan Width": 8, "Actual Startup Time": 3562.333, "Actual Total Time": 3562.337, "Actual Rows": 2214, "Actual Loops": 3, "Hash Buckets": 8192, "Original Hash Buckets": 1024, "Hash Batches": 1, "Original Hash Batches": 1, "Peak Memory Usage": 472, "Plans": [{"Node Type": "Nested Loop", "Parent Relationship": "Outer", "Parallel Aware": false, "Join Type": "Inner", "Startup Cost": 50878.66, "Total Cost": 511387.97, "Plan Rows": 1, "Plan Width": 8, "Actual Startup Time": 1220.415, "Actual Total Time": 2996.703, "Actual Rows": 2214, "Actual Loops": 3, "Inner Unique": true, "Plans": [{"Node Type": "Hash Join", "Parent Relationship": "Outer", "Parallel Aware": true, "Join Type": "Inner", "Startup Cost": 50878.23, "Total Cost": 511127.48, "Plan Rows": 569, "Plan Width": 12, "Actual Startup Time": 240.579, "Actual Total Time": 2330.992, "Actual Rows": 346131, "Actual Loops": 3, "Inner Unique": false, "Hash Cond": "(ci.movie_id = mk.movie_id)", "Plans": [{"Node Type": "Seq Scan", "Parent Relationship": "Outer", "Parallel Aware": true, "Relation Name": "cast_info", "Alias": "ci", "Startup Cost": 0.0, "Total Cost": 403639.65, "Plan Rows": 15095265, "Plan Width": 8, "Actual Startup Time": 0.019, "Actual Total Time": 832.021, "Actual Rows": 12081448, "Actual Loops": 3}, {"Node Type": "Hash", "Parent Relationship": "Inner", "Parallel Aware": true, "Startup Cost": 50878.05, "Total Cost": 50878.05, "Plan Rows": 14, "Plan Width": 4, "Actual Startup Time": 240.48, "Actual Total Time": 240.482, "Actual Rows": 13947, "Actual Loops": 3, "Hash Buckets": 65536, "Original Hash Buckets": 1024, "Hash Batches": 1, "Original Hash Batches": 1, "Peak Memory Usage": 2680, "Plans": [{"Node Type": "Hash Join", "Parent Relationship": "Outer", "Parallel Aware": false, "Join Type": "Inner", "Startup Cost": 2626.14, "Total Cost": 50878.05, "Plan Rows": 14, "Plan Width": 4, "Actual Startup Time": 10.384, "Actual Total Time": 219.919, "Actual Rows": 13947, "Actual Loops": 3, "Inner Unique": true, "Hash Cond": "(mk.keyword_id = k.id)", "Plans": [{"Node Type": "Seq Scan", "Parent Relationship": "Outer", "Parallel Aware": true, "Relation Name": "movie_keyword", "Alias": "mk", "Startup Cost": 0.0, "Total Cost": 43303.71, "Plan Rows": 1884971, "Plan Width": 8, "Actual Startup Time": 0.009, "Actual Total Time": 105.154, "Actual Rows": 1507977, "Actual Loops": 3}, {"Node Type": "Hash", "Parent Relationship": "Inner", "Parallel Aware": false, "Startup Cost": 2626.12, "Total Cost": 2626.12, "Plan Rows": 1, "Plan Width": 4, "Actual Startup Time": 10.338, "Actual Total Time": 10.339, "Actual Rows": 1, "Actual Loops": 3, "Hash Buckets": 1024, "Original Hash Buckets": 1024, "Hash Batches": 1, "Original Hash Batches": 1, "Peak Memory Usage": 9, "Plans": [{"Node Type": "Seq Scan", "Parent Relationship": "Outer", "Parallel Aware": false, "Relation Name": "keyword", "Alias": "k", "Startup Cost": 0.0, "Total Cost": 2626.12, "Plan Rows": 1, "Plan Width": 4, "Actual Startup Time": 0.484, "Actual Total Time": 10.333, "Actual Rows": 1, "Actual Loops": 3, "Filter": "((keyword)::text = 'character-name-in-title'::text)", "Rows Removed by Filter": 134169}]}]}]}]}, {"Node Type": "Index Scan", "Parent Relationship": "Inner", "Parallel Aware": false, "Scan Direction": "Forward", "Index Name": "name_pkey", "Relation Name": "name", "Alias": "n", "Startup Cost": 0.43, "Total Cost": 0.46, "Plan Rows": 1, "Plan Width": 4, "Actual Startup Time": 0.002, "Actual Total Time": 0.002, "Actual Rows": 0, "Actual Loops": 1038393, "Index Cond": "(id = ci.person_id)", "Rows Removed by Index Recheck": 0, "Filter": "((name)::text ~~ 'Z%'::text)", "Rows Removed by Filter": 1}]}]}]}, {"Node Type": "Index Only Scan", "Parent Relationship": "Inner", "Parallel Aware": false, "Scan Direction": "Forward", "Index Name": "company_name_pkey", "Relation Name": "company_name", "Alias": "cn", "Startup Cost": 0.42, "Total Cost": 0.44, "Plan Rows": 1, "Plan Width": 4, "Actual Startup Time": 0.002, "Actual Total Time": 0.002, "Actual Rows": 1, "Actual Loops": 52306, "Index Cond": "(id = mc.company_id)", "Rows Removed by Index Recheck": 0, "Heap Fetches": 52306}]}, {"Node Type": "Index Only Scan", "Parent Relationship": "Inner", "Parallel Aware": false, "Scan Direction": "Forward", "Index Name": "title_pkey", "Relation Name": "title", "Alias": "t", "Startup Cost": 0.43, "Total Cost": 0.45, "Plan Rows": 1, "Plan Width": 4, "Actual Startup Time": 0.002, "Actual Total Time": 0.002, "Actual Rows": 1, "Actual Loops": 52306, "Index Cond": "(id = ci.movie_id)", "Rows Removed by Index Recheck": 0, "Heap Fetches": 52306}]}]}]}]}, "Planning Time": 82.007, "Triggers": [], "Execution Time": 3818.618}]
[{"Bao": {"Bao prediction": "NaN", "Bao recommended hint": "(no hint)"}}, {"Plan": {"Node Type": "Aggregate", "Strategy": "Plain", "Partial Mode": "Simple", "Parallel Aware": false, "Startup Cost": 840796.31, "Total Cost": 840796.32, "Plan Rows": 1, "Plan Width": 8, "Actual Startup Time": 3281.974, "Actual Total Time": 3338.038, "Actual Rows": 1, "Actual Loops": 1, "Plans": [{"Node Type": "Nested Loop", "Parent Relationship": "Outer", "Parallel Aware": false, "Join Type": "Inner", "Startup Cost": 340874.52, "Total Cost": 840796.31, "Plan Rows": 1, "Plan Width": 0, "Actual Startup Time": 2719.889, "Actual Total Time": 3337.627, "Actual Rows": 8024, "Actual Loops": 1, "Inner Unique": true, "Plans": [{"Node Type": "Gather", "Parent Relationship": "Outer", "Parallel Aware": false, "Startup Cost": 340874.09, "Total Cost": 840795.22, "Plan Rows": 1, "Plan Width": 4, "Actual Startup Time": 2719.275, "Actual Total Time": 3317.313, "Actual Rows": 11863, "Actual Loops": 1, "Workers Planned": 2, "Workers Launched": 2, "Single Copy": false, "Plans": [{"Node Type": "Hash Join", "Parent Relationship": "Outer", "Parallel Aware": true, "Join Type": "Inner", "Startup Cost": 339874.09, "Total Cost": 839795.12, "Plan Rows": 1, "Plan Width": 4, "Actual Startup Time": 2717.011, "Actual Total Time": 3271.66, "Actual Rows": 3954, "Actual Loops": 3, "Inner Unique": false, "Hash Cond": "(ci.movie_id = t.id)", "Plans": [{"Node Type": "Seq Scan", "Parent Relationship": "Outer", "Parallel Aware": true, "Relation Name": "cast_info", "Alias": "ci", "Startup Cost": 0.0, "Total Cost": 497985.06, "Plan Rows": 516258, "Plan Width": 8, "Actual Startup Time": 107.111, "Actual Total Time": 1372.158, "Actual Rows": 414905, "Actual Loops": 3, "Filter": "((note)::text = ANY ('{(writer),\"(head writer)\",\"(written by)\",(story),\"(story editor)\"}'::text[]))", "Rows Removed by Filter": 11666543}, {"Node Type": "Hash", "Parent Relationship": "Inner", "Parallel Aware": true, "Startup Cost": 339874.08, "Total Cost": 339874.08, "Plan Rows": 1, "Plan Width": 20, "Actual Startup Time": 1864.631, "Actual Total Time": 1864.646, "Actual Rows": 4885, "Actual Loops": 3, "Hash Buckets": 16384, "Original Hash Buckets": 1024, "Hash Batches": 1, "Original Hash Batches": 1, "Peak Memory Usage": 1080, "Plans": [{"Node Type": "Nested Loop", "Parent Relationship": "Outer", "Parallel Aware": false, "Join Type": "Inner", "Startup Cost": 289501.38, "Total Cost": 339874.08, "Plan Rows": 1, "Plan Width": 20, "Actual Startup Time": 1119.241, "Actual Total Time": 1737.584, "Actual Rows": 4885, "Actual Loops": 3, "Inner Unique": true, "Plans": [{"Node Type": "Hash Join", "Parent Relationship": "Outer", "Parallel Aware": true, "Join Type": "Inner", "Startup Cost": 289500.96, "Total Cost": 339873.32, "Plan Rows": 1, "Plan Width": 24, "Actual Startup Time": 1117.124, "Actual Total Time": 1359.357, "Actual Rows": 214476, "Actual Loops": 3, "Inner Unique": false, "Hash Cond": "(mk.movie_id = t.id)", "Plans": [{"Node Type": "Seq Scan", "Parent Relationship": "Outer", "Parallel Aware": true, "Relation Name": "movie_keyword", "Alias": "mk", "Startup Cost": 0.0, "Total Cost": 43303.71, "Plan Rows": 1884971, "Plan Width": 8, "Actual Startup Time": 0.014, "Actual Total Time": 100.39, "Actual Rows": 1507977, "Actual Loops": 3}, {"Node Type": "Hash", "Parent Relationship": "Inner", "Parallel Aware": true, "Startup Cost": 289500.95, "Total Cost": 289500.95, "Plan Rows": 1, "Plan Width": 16, "Actual Startup Time": 1116.349, "Actual Total Time": 1116.357, "Actual Rows": 3430, "Actual Loops": 3, "Hash Buckets": 16384, "Original Hash Buckets": 1024, "Hash Batches": 1, "Original Hash Batches": 1, "Peak Memory Usage": 824, "Plans": [{"Node Type": "Nested Loop", "Parent Relationship": "Outer", "Parallel Aware": false, "Join Type": "Inner", "Startup Cost": 273658.94, "Total Cost": 289500.95, "Plan Rows": 1, "Plan Width": 16, "Actual Startup Time": 998.368, "Actual Total Time": 1089.515, "Actual Rows": 3430, "Actual Loops": 3, "Inner Unique": true, "Join Filter": "(mi.movie_id = t.id)", "Rows Removed by Join Filter": 0, "Plans": [{"Node Type": "Nested Loop", "Parent Relationship": "Outer", "Parallel Aware": false, "Join Type": "Inner", "Startup Cost": 273658.51, "Total Cost": 289500.01, "Plan Rows": 1, "Plan Width": 12, "Actual Startup Time": 998.335, "Actual Total Time": 1077.555, "Actual Rows": 3430, "Actual Loops": 3, "Inner Unique": true, "Plans": [{"Node Type": "Hash Join", "Parent Relationship": "Outer", "Parallel Aware": true, "Join Type": "Inner", "Startup Cost": 273658.36, "Total Cost": 289499.83, "Plan Rows": 1, "Plan Width": 16, "Actual Startup Time": 998.319, "Actual Total Time": 1068.175, "Actual Rows": 10351, "Actual Loops": 3, "Inner Unique": false, "Hash Cond": "(mi_idx.movie_id = mi.movie_id)", "Plans": [{"Node Type": "Seq Scan", "Parent Relationship": "Outer", "Parallel Aware": true, "Relation Name": "movie_info_idx", "Alias": "mi_idx", "Startup Cost": 0.0, "Total Cost": 13685.15, "Plan Rows": 575015, "Plan Width": 8, "Actual Startup Time": 0.013, "Actual Total Time": 31.669, "Actual Rows": 460012, "Actual Loops": 3}, {"Node Type": "Hash", "Parent Relationship": "Inner", "Parallel Aware": true, "Startup Cost": 273658.35, "Total Cost": 273658.35, "Plan Rows": 1, "Plan Width": 8, "Actual Startup Time": 997.762, "Actual Total Time": 997.767, "Actual Rows": 3442, "Actual Loops": 3, "Hash Buckets": 16384, "Original Hash Buckets": 1024, "Hash Batches": 1, "Original Hash Batches": 1, "Peak Memory Usage": 696, "Plans": [{"Node Type": "Nested Loop", "Parent Relationship": "Outer", "Parallel Aware": false, "Join Type": "Inner", "Startup Cost": 2469.59, "Total Cost": 273658.35, "Plan Rows": 1, "Plan Width": 8, "Actual Startup Time": 835.126, "Actual Total Time": 951.951, "Actual Rows": 3442, "Actual Loops": 3, "Inner Unique": true, "Plans": [{"Node Type": "Hash Join", "Parent Relationship": "Outer", "Parallel Aware": false, "Join Type": "Inner", "Startup Cost": 2469.44, "Total Cost": 273658.17, "Plan Rows": 1, "Plan Width": 12, "Actual Startup Time": 835.108, "Actual Total Time": 948.045, "Actual Rows": 4427, "Actual Loops": 3, "Inner Unique": true, "Hash Cond": "(mi.info_type_id = it1.id)", "Plans": [{"Node Type": "Hash Join", "Parent Relationship": "Outer", "Parallel Aware": false, "Join Type": "Inner", "Startup Cost": 2467.01, "Total Cost": 273655.36, "Plan Rows": 144, "Plan Width": 16, "Actual Startup Time": 599.276, "Actual Total Time": 947.318, "Actual Rows": 5289, "Actual Loops": 3, "Inner Unique": false, "Hash Cond": "(mi.movie_id = cc.movie_id)", "Plans": [{"Node Type": "Seq Scan", "Parent Relationship": "Outer", "Parallel Aware": true, "Relation Name": "movie_info", "Alias": "mi", "Startup Cost": 0.0, "Total Cost": 270917.11, "Plan Rows": 71947, "Plan Width": 8, "Actual Startup Time": 537.822, "Actual Total Time": 914.432, "Actual Rows": 62990, "Actual Loops": 3, "Filter": "((info)::text = ANY ('{Horror,Action,Sci-Fi,Thriller,Crime,War}'::text[]))", "Rows Removed by Filter": 4882250}, {"Node Type": "Hash", "Parent Relationship": "Inner", "Parallel Aware": false, "Startup Cost": 2457.5, "Total Cost": 2457.5, "Plan Rows": 761, "Plan Width": 8, "Actual Startup Time": 23.55, "Actual Total Time": 23.552, "Actual Rows": 24592, "Actual Loops": 3, "Hash Buckets": 32768, "Original Hash Buckets": 1024, "Hash Batches": 1, "Original Hash Batches": 1, "Peak Memory Usage": 1217, "Plans": [{"Node Type": "Hash Join", "Parent Relationship": "Outer", "Parallel Aware": false, "Join Type": "Inner", "Startup Cost": 18.93, "Total Cost": 2457.5, "Plan Rows": 761, "Plan Width": 8, "Actual Startup Time": 0.044, "Actual Total Time": 20.665, "Actual Rows": 24592, "Actual Loops": 3, "Inner Unique": true, "Hash Cond": "(cc.status_id = cct2.id)", "Plans": [{"Node Type": "Seq Scan", "Parent Relationship": "Outer", "Parallel Aware": false, "Relation Name": "complete_cast", "Alias": "cc", "Startup Cost": 0.0, "Total Cost": 2081.86, "Plan Rows": 135086, "Plan Width": 12, "Actual Startup Time": 0.025, "Actual Total Time": 8.832, "Actual Rows": 135086, "Actual Loops": 3}, {"Node Type": "Hash", "Parent Relationship": "Inner", "Parallel Aware": false, "Startup Cost": 18.88, "Total Cost": 18.88, "Plan Rows": 4, "Plan Width": 4, "Actual Startup Time": 0.01, "Actual Total Time": 0.011, "Actual Rows": 1, "Actual Loops": 3, "Hash Buckets": 1024, "Original Hash Buckets": 1024, "Hash Batches": 1, "Original Hash Batches": 1, "Peak Memory Usage": 9, "Plans": [{"Node Type": "Seq Scan", "Parent Relationship": "Outer", "Parallel Aware": false, "Relation Name": "comp_cast_type", "Alias": "cct2", "Startup Cost": 0.0, "Total Cost": 18.88, "Plan Rows": 4, "Plan Width": 4, "Actual Startup Time": 0.007, "Actual Total Time": 0.007, "Actual Rows": 1, "Actual Loops": 3, "Filter": "((kind)::text = 'complete+verified'::text)", "Rows Removed by Filter": 3}]}]}]}]}, {"Node Type": "Hash", "Parent Relationship": "Inner", "Parallel Aware": false, "Startup Cost": 2.41, "Total Cost": 2.41, "Plan Rows": 1, "Plan Width": 4, "Actual Startup Time": 0.031, "Actual Total Time": 0.032, "Actual Rows": 1, "Actual Loops": 3, "Hash Buckets": 1024, "Original Hash Buckets": 1024, "Hash Batches": 1, "Original Hash Batches": 1, "Peak Memory Usage": 9, "Plans": [{"Node Type": "Seq Scan", "Parent Relationship": "Outer", "Parallel Aware": false, "Relation Name": "info_type", "Alias": "it1", "Startup Cost": 0.0, "Total Cost": 2.41, "Plan Rows": 1, "Plan Width": 4, "Actual Startup Time": 0.02, "Actual Total Time": 0.027, "Actual Rows": 1, "Actual Loops": 3, "Filter": "((info)::text = 'genres'::text)", "Rows Removed by Filter": 112}]}]}, {"Node Type": "Index Scan", "Parent Relationship": "Inner", "Parallel Aware": false, "Scan Direction": "Forward", "Index Name": "comp_cast_type_pkey", "Relation Name": "comp_cast_type", "Alias": "cct1", "Startup Cost": 0.15, "Total Cost": 0.17, "Plan Rows": 1, "Plan Width": 4, "Actual Startup Time": 0.001, "Actual Total Time": 0.001, "Actual Rows": 1, "Actual Loops": 13281, "Index Cond": "(id = cc.subject_id)", "Rows Removed by Index Recheck": 0, "Filter": "((kind)::text = 'cast'::text)", "Rows Removed by Filter": 0}]}]}]}, {"Node Type": "Index Scan", "Parent Relationship": "Inner", "Parallel Aware": false, "Scan Direction": "Forward", "Index Name": "info_type_pkey", "Relation Name": "info_type", "Alias": "it2", "Startup Cost": 0.14, "Total Cost": 0.16, "Plan Rows": 1, "Plan Width": 4, "Actual Startup Time": 0.001, "Actual Total Time": 0.001, "Actual Rows": 0, "Actual Loops": 31054, "Index Cond": "(id = mi_idx.info_type_id)", "Rows Removed by Index Recheck": 0, "Filter": "((info)::text = 'votes'::text)", "Rows Removed by Filter": 1}]}, {"Node Type": "Index Only Scan", "Parent Relationship": "Inner", "Parallel Aware": false, "Scan Direction": "Forward", "Index Name": "title_pkey", "Relation Name": "title", "Alias": "t", "Startup Cost": 0.43, "Total Cost": 0.93, "Plan Rows": 1, "Plan Width": 4, "Actual Startup Time": 0.003, "Actual Total Time": 0.003, "Actual Rows": 1, "Actual Loops": 10291, "Index Cond": "(id = mi_idx.movie_id)", "Rows Removed by Index Recheck": 0, "Heap Fetches": 10291}]}]}]}, {"Node Type": "Index Scan", "Parent Relationship": "Inner", "Parallel Aware": false, "Scan Direction": "Forward", "Index Name": "keyword_pkey", "Relation Name": "keyword", "Alias": "k", "Startup Cost": 0.42, "Total Cost": 0.69, "Plan Rows": 1, "Plan Width": 4, "Actual Startup Time": 0.002, "Actual Total Time": 0.002, "Actual Rows": 0, "Actual Loops": 643428, "Index Cond": "(id = mk.keyword_id)", "Rows Removed by Index Recheck": 0, "Filter": "((keyword)::text = ANY ('{murder,violence,blood,gore,death,female-nudity,hospital}'::text[]))", "Rows Removed by Filter": 1}]}]}]}]}, {"Node Type": "Index Scan", "Parent Relationship": "Inner", "Parallel Aware": false, "Scan Direction": "Forward", "Index Name": "name_pkey", "Relation Name": "name", "Alias": "n", "Startup Cost": 0.43, "Total Cost": 1.09, "Plan Rows": 1, "Plan Width": 4, "Actual Startup Time": 0.001, "Actual Total Time": 0.001, "Actual Rows": 1, "Actual Loops": 11863, "Index Cond": "(id = ci.person_id)", "Rows Removed by Index Recheck": 0, "Filter": "((gender)::text = 'm'::text)", "Rows Removed by Filter": 0}]}]}, "Planning Time": 204.086, "Triggers": [], "Execution Time": 3338.157}]
[{"Bao": {"Bao prediction": "NaN", "Bao recommended hint": "(no hint)"}}, {"Plan": {"Node Type": "Aggregate", "Strategy": "Plain", "Partial Mode": "Simple", "Parallel Aware": false, "Startup Cost": 514326.01, "Total Cost": 514326.02, "Plan Rows": 1, "Plan Width": 8, "Actual Startup Time": 2924.191, "Actual Total Time": 2967.919, "Actual Rows": 1, "Actual Loops": 1, "Plans": [{"Node Type": "Gather", "Parent Relationship": "Outer", "Parallel Aware": false, "Startup Cost": 52940.46, "Total Cost": 514326.0, "Plan Rows": 1, "Plan Width": 0, "Actual Startup Time": 536.954, "Actual Total Time": 2967.908, "Actual Rows": 88, "Actual Loops": 1, "Workers Planned": 2, "Workers Launched": 2, "Single Copy": false, "Plans": [{"Node Type": "Nested Loop", "Parent Relationship": "Outer", "Parallel Aware": false, "Join Type": "Inner", "Startup Cost": 51940.46, "Total Cost": 513325.9, "Plan Rows": 1, "Plan Width": 0, "Actual Startup Time": 534.958, "Actual Total Time": 2922.065, "Actual Rows": 29, "Actual Loops": 3, "Inner Unique": true, "Plans": [{"Node Type": "Hash Join", "Parent Relationship": "Outer", "Parallel Aware": true, "Join Type": "Inner", "Startup Cost": 51940.03, "Total Cost": 512190.57, "Plan Rows": 2480, "Plan Width": 4, "Actual Startup Time": 315.05, "Actual Total Time": 2412.042, "Actual Rows": 261826, "Actual Loops": 3, "Inner Unique": false, "Hash Cond": "(ci.movie_id = t.id)", "Plans": [{"Node Type": "Seq Scan", "Parent Relationship": "Outer", "Parallel Aware": true, "Relation Name": "cast_info", "Alias": "ci", "Startup Cost": 0.0, "Total Cost": 403639.65, "Plan Rows": 15095265, "Plan Width": 8, "Actual Startup Time": 0.019, "Actual Total Time": 852.3, "Actual Rows": 12081448, "Actual Loops": 3}, {"Node Type": "Hash", "Parent Relationship": "Inner", "Parallel Aware": true, "Startup Cost": 51939.27, "Total Cost": 51939.27, "Plan Rows": 61, "Plan Width": 8, "Actual Startup Time": 314.667, "Actual Total Time": 314.669, "Actual Rows": 4722, "Actual Loops": 3, "Hash Buckets": 16384, "Original Hash Buckets": 1024, "Hash Batches": 1, "Original Hash Batches": 1, "Peak Memory Usage": 856, "Plans": [{"Node Type": "Nested Loop", "Parent Relationship": "Outer", "Parallel Aware": false, "Join Type": "Inner", "Startup Cost": 3632.93, "Total Cost": 51939.27, "Plan Rows": 61, "Plan Width": 8, "Actual Startup Time": 27.657, "Actual Total Time": 261.1, "Actual Rows": 4722, "Actual Loops": 3, "Inner Unique": true, "Plans": [{"Node Type": "Hash Join", "Parent Relationship": "Outer", "Parallel Aware": false, "Join Type": "Inner", "Startup Cost": 3632.5, "Total Cost": 51884.41, "Plan Rows": 112, "Plan Width": 4, "Actual Startup Time": 27.62, "Actual Total Time": 229.05, "Actual Rows": 11849, "Actual Loops": 3, "Inner Unique": true, "Hash Cond": "(mk.keyword_id = k.id)", "Plans": [{"Node Type": "Seq Scan", "Parent Relationship": "Outer", "Parallel Aware": true, "Relation Name": "movie_keyword", "Alias": "mk", "Startup Cost": 0.0, "Total Cost": 43303.71, "Plan Rows": 1884971, "Plan Width": 8, "Actual Startup Time": 0.009, "Actual Total Time": 97.89, "Actual Rows": 1507977, "Actual Loops": 3}, {"Node Type": "Hash", "Parent Relationship": "Inner", "Parallel Aware": false, "Startup Cost": 3632.4, "Total Cost": 3632.4, "Plan Rows": 8, "Plan Width": 4, "Actual Startup Time": 27.5, "Actual Total Time": 27.501, "Actual Rows": 8, "Actual Loops": 3, "Hash Buckets": 1024, "Original Hash Buckets": 1024, "Hash Batches": 1, "Original Hash Batches": 1, "Peak Memory Usage": 9, "Plans": [{"Node Type": "Seq Scan", "Parent Relationship": "Outer", "Parallel Aware": false, "Relation Name": "keyword", "Alias": "k", "Startup Cost": 0.0, "Total Cost": 3632.4, "Plan Rows": 8, "Plan Width": 4, "Actual Startup Time": 0.106, "Actual Total Time": 27.495, "Actual Rows": 8, "Actual Loops": 3, "Filter": "((keyword)::text = ANY ('{superhero,sequel,second-part,marvel-comics,based-on-comic,tv-special,fight,violence}'::text[]))", "Rows Removed by Filter": 134162}]}]}, {"Node Type": "Index Scan", "Parent Relationship": "Inner", "Parallel Aware": false, "Scan Direction": "Forward", "Index Name": "title_pkey", "Relation Name": "title", "Alias": "t", "Startup Cost": 0.43, "Total Cost": 0.49, "Plan Rows": 1, "Plan Width": 4, "Actual Startup Time": 0.002, "Actual Total Time": 0.002, "Actual Rows": 0, "Actual Loops": 35548, "Index Cond": "(id = mk.movie_id)", "Rows Removed by Index Recheck": 0, "Filter": "(production_year > 2000)", "Rows Removed by Filter": 1}]}]}]}, {"Node Type": "Index Scan", "Parent Relationship": "Inner", "Parallel Aware": false, "Scan Direction": "Forward", "Index Name": "name_pkey", "Relation Name": "name", "Alias": "n", "Startup Cost": 0.43, "Total Cost": 0.46, "Plan Rows": 1, "Plan Width": 4, "Actual Startup Time": 0.002, "Actual Total Time": 0.002, "Actual Rows": 0, "Actual Loops": 785477, "Index Cond": "(id = ci.person_id)", "Rows Removed by Index Recheck": 0, "Filter": "((name)::text ~~ '%Downey%Robert%'::text)", "Rows Removed by Filter": 1}]}]}]}, "Planning Time": 75.909, "Triggers": [], "Execution Time": 2967.992}]
[{"Bao": {"Bao prediction": "NaN", "Bao recommended hint": "(no hint)"}}, {"Plan": {"Node Type": "Aggregate", "Strategy": "Plain", "Partial Mode": "Simple", "Parallel Aware": false, "Startup Cost": 256055.95, "Total Cost": 256055.96, "Plan Rows": 1, "Plan Width": 8, "Actual Startup Time": 22368.36, "Actual Total Time": 22393.095, "Actual Rows": 1, "Actual Loops": 1, "Plans": [{"Node Type": "Nested Loop", "Parent Relationship": "Outer", "Parallel Aware": false, "Join Type": "Inner", "Startup Cost": 206392.95, "Total Cost": 256055.94, "Plan Rows": 1, "Plan Width": 0, "Actual Startup Time": 22195.109, "Actual Total Time": 22393.048, "Actual Rows": 743, "Actual Loops": 1, "Inner Unique": true, "Join Filter": "(ml.movie_id = t.id)", "Rows Removed by Join Filter": 0, "Plans": [{"Node Type": "Nested Loop", "Parent Relationship": "Outer", "Parallel Aware": false, "Join Type": "Inner", "Startup Cost": 206392.52, "Total Cost": 256055.44, "Plan Rows": 1, "Plan Width": 20, "Actual Startup Time": 22195.101, "Actual Total Time": 22392.018, "Actual Rows": 743, "Actual Loops": 1, "Inner Unique": true, "Plans": [{"Node Type": "Nested Loop", "Parent Relationship": "Outer", "Parallel Aware": false, "Join Type": "Inner", "Startup Cost": 206392.37, "Total Cost": 256055.26, "Plan Rows": 1, "Plan Width": 24, "Actual Startup Time": 22107.869, "Actual Total Time": 22391.323, "Actual Rows": 838, "Actual Loops": 1, "Inner Unique": true, "Plans": [{"Node Type": "Nested Loop", "Parent Relationship": "Outer", "Parallel Aware": false, "Join Type": "Inner", "Startup Cost": 206392.22, "Total Cost": 256055.07, "Plan Rows": 1, "Plan Width": 28, "Actual Startup Time": 22107.864, "Actual Total Time": 22390.574, "Actual Rows": 838, "Actual Loops": 1, "Inner Unique": true, "Plans": [{"Node Type": "Hash Join", "Parent Relationship": "Outer", "Parallel Aware": false, "Join Type": "Inner", "Startup Cost": 206391.8, "Total Cost": 256053.7, "Plan Rows": 3, "Plan Width": 32, "Actual Startup Time": 22107.144, "Actual Total Time": 22387.968, "Actual Rows": 1969, "Actual Loops": 1, "Inner Unique": false, "Hash Cond": "(mc.movie_id = ml.movie_id)", "Plans": [{"Node Type": "Seq Scan", "Parent Relationship": "Outer", "Parallel Aware": false, "Relation Name": "movie_companies", "Alias": "mc", "Startup Cost": 0.0, "Total Cost": 44881.29, "Plan Rows": 1274820, "Plan Width": 12, "Actual Startup Time": 0.012, "Actual Total Time": 195.424, "Actual Rows": 1271989, "Actual Loops": 1, "Filter": "(note IS NULL)", "Rows Removed by Filter": 1337140}, {"Node Type": "Hash", "Parent Relationship": "Inner", "Parallel Aware": false, "Startup Cost": 206391.79, "Total Cost": 206391.79, "Plan Rows": 1, "Plan Width": 20, "Actual Startup Time": 22105.529, "Actual Total Time": 22130.26, "Actual Rows": 270, "Actual Loops": 1, "Hash Buckets": 1024, "Original Hash Buckets": 1024, "Hash Batches": 1, "Original Hash Batches": 1, "Peak Memory Usage": 22, "Plans": [{"Node Type": "Merge Join", "Parent Relationship": "Outer", "Parallel Aware": false, "Join Type": "Inner", "Startup Cost": 71479.91, "Total Cost": 206391.79, "Plan Rows": 1, "Plan Width": 20, "Actual Startup Time": 1497.087, "Actual Total Time": 22130.199, "Actual Rows": 270, "Actual Loops": 1, "Inner Unique": false, "Merge Cond": "(mk.movie_id = ml.movie_id)", "Plans": [{"Node Type": "Nested Loop", "Parent Relationship": "Outer", "Parallel Aware": false, "Join Type": "Inner", "Startup Cost": 68786.25, "Total Cost": 473071.99, "Plan Rows": 3, "Plan Width": 12, "Actual Startup Time": 1489.867, "Actual Total Time": 22120.429, "Actual Rows": 28, "Actual Loops": 1, "Inner Unique": false, "Join Filter": "(mk.movie_id = mi.movie_id)", "Rows Removed by Join Filter": 15796355, "Plans": [{"Node Type": "Nested Loop", "Parent Relationship": "Outer", "Parallel Aware": false, "Join Type": "Inner", "Startup Cost": 67786.25, "Total Cost": 68460.86, "Plan Rows": 1, "Plan Width": 8, "Actual Startup Time": 262.735, "Actual Total Time": 264.725, "Actual Rows": 17, "Actual Loops": 1, "Inner Unique": true, "Plans": [{"Node Type": "Nested Loop", "Parent Relationship": "Outer", "Parallel Aware": false, "Join Type": "Inner", "Startup Cost": 67786.1, "Total Cost": 68460.68, "Plan Rows": 1, "Plan Width": 12, "Actual Startup Time": 262.73, "Actual Total Time": 264.657, "Actual Rows": 17, "Actual Loops": 1, "Inner Unique": true, "Plans": [{"Node Type": "Merge Join", "Parent Relationship": "Outer", "Parallel Aware": false, "Join Type": "Inner", "Startup Cost": 67785.95, "Total Cost": 68452.66, "Plan Rows": 47, "Plan Width": 16, "Actual Startup Time": 262.716, "Actual Total Time": 264.444, "Actual Rows": 20, "Actual Loops": 1, "Inner Unique": false, "Merge Cond": "(cc.movie_id = mk.movie_id)", "Plans": [{"Node Type": "Sort", "Parent Relationship": "Outer", "Parallel Aware": false, "Startup Cost": 15903.56, "Total Cost": 16241.28, "Plan Rows": 135086, "Plan Width": 12, "Actual Startup Time": 41.799, "Actual Total Time": 42.815, "Actual Rows": 9866, "Actual Loops": 1, "Sort Key": ["cc.movie_id"], "Sort Method": "external merge", "Sort Space Used": 2920, "Sort Space Type": "Disk", "Plans": [{"Node Type": "Seq Scan", "Parent Relationship": "Outer", "Parallel Aware": false, "Relation Name": "complete_cast", "Alias": "cc", "Startup Cost": 0.0, "Total Cost": 2081.86, "Plan Rows": 135086, "Plan Width": 12, "Actual Startup Time": 0.005, "Actual Total Time": 11.447, "Actual Rows": 135086, "Actual Loops": 1}]}, {"Node Type": "Sort", "Parent Relationship": "Inner", "Parallel Aware": false, "Startup Cost": 51882.32, "Total Cost": 51882.4, "Plan Rows": 34, "Plan Width": 4, "Actual Startup Time": 220.827, "Actual Total Time": 220.957, "Actual Rows": 56, "Actual Loops": 1, "Sort Key": ["mk.movie_id"], "Sort Method": "quicksort", "Sort Space Used": 879, "Sort Space Type": "Memory", "Plans": [{"Node Type": "Gather", "Parent Relationship": "Outer", "Parallel Aware": false, "Startup Cost": 3626.14, "Total Cost": 51881.45, "Plan Rows": 34, "Plan Width": 4, "Actual Startup Time": 10.223, "Actual Total Time": 219.15, "Actual Rows": 10544, "Actual Loops": 1, "Workers Planned": 2, "Workers Launched": 2, "Single Copy": false, "Plans": [{"Node Type": "Hash Join", "Parent Relationship": "Outer", "Parallel Aware": false, "Join Type": "Inner", "Startup Cost": 2626.14, "Total Cost": 50878.05, "Plan Rows": 14, "Plan Width": 4, "Actual Startup Time": 10.977, "Actual Total Time": 216.944, "Actual Rows": 3515, "Actual Loops": 3, "Inner Unique": true, "Hash Cond": "(mk.keyword_id = k.id)", "Plans": [{"Node Type": "Seq Scan", "Parent Relationship": "Outer", "Parallel Aware": true, "Relation Name": "movie_keyword", "Alias": "mk", "Startup Cost": 0.0, "Total Cost": 43303.71, "Plan Rows": 1884971, "Plan Width": 8, "Actual Startup Time": 0.015, "Actual Total Time": 103.416, "Actual Rows": 1507977, "Actual Loops": 3}, {"Node Type": "Hash", "Parent Relationship": "Inner", "Parallel Aware": false, "Startup Cost": 2626.12, "Total Cost": 2626.12, "Plan Rows": 1, "Plan Width": 4, "Actual Startup Time": 10.407, "Actual Total Time": 10.407, "Actual Rows": 1, "Actual Loops": 3, "Hash Buckets": 1024, "Original Hash Buckets": 1024, "Hash Batches": 1, "Original Hash Batches": 1, "Peak Memory Usage": 9, "Plans": [{"Node Type": "Seq Scan", "Parent Relationship": "Outer", "Parallel Aware": false, "Relation Name": "keyword", "Alias": "k", "Startup Cost": 0.0, "Total Cost": 2626.12, "Plan Rows": 1, "Plan Width": 4, "Actual Startup Time": 0.65, "Actual Total Time": 10.403, "Actual Rows": 1, "Actual Loops": 3, "Filter": "((keyword)::text = 'sequel'::text)", "Rows Removed by Filter": 134169}]}]}]}]}]}, {"Node Type": "Index Scan", "Parent Relationship": "Inner", "Parallel Aware": false, "Scan Direction": "Forward", "Index Name": "comp_cast_type_pkey", "Relation Name": "comp_cast_type", "Alias": "cct1", "Startup Cost": 0.15, "Total Cost": 0.17, "Plan Rows": 1, "Plan Width": 4, "Actual Startup Time": 0.007, "Actual Total Time": 0.007, "Actual Rows": 1, "Actual Loops": 20, "Index Cond": "(id = cc.subject_id)", "Rows Removed by Index Recheck": 0, "Filter": "((kind)::text = 'cast'::text)", "Rows Removed by Filter": 0}]}, {"Node Type": "Index Scan", "Parent Relationship": "Inner", "Parallel Aware": false, "Scan Direction": "Forward", "Index Name": "comp_cast_type_pkey", "Relation Name": "comp_cast_type", "Alias": "cct2", "Startup Cost": 0.15, "Total Cost": 0.17, "Plan Rows": 1, "Plan Width": 4, "Actual Startup Time": 0.003, "Actual Total Time": 0.003, "Actual Rows": 1, "Actual Loops": 17, "Index Cond": "(id = cc.status_id)", "Rows Removed by Index Recheck": 0, "Filter": "((kind)::text ~~ 'complete%'::text)", "Rows Removed by Filter": 0}]}, {"Node Type": "Gather", "Parent Relationship": "Inner", "Parallel Aware": false, "Startup Cost": 1000.0, "Total Cost": 392460.78, "Plan Rows": 972028, "Plan Width": 4, "Actual Startup Time": 22.715, "Actual Total Time": 1234.183, "Actual Rows": 929199, "Actual Loops": 17, "Workers Planned": 2, "Workers Launched": 2, "Single Copy": false, "Plans": [{"Node Type": "Seq Scan", "Parent Relationship": "Outer", "Parallel Aware": true, "Relation Name": "movie_info", "Alias": "mi", "Startup Cost": 0.0, "Total Cost": 294257.98, "Plan Rows": 405012, "Plan Width": 4, "Actual Startup Time": 0.023, "Actual Total Time": 1150.981, "Actual Rows": 309797, "Actual Loops": 51, "Filter": "((info)::text = ANY ('{Sweden,Norway,Germany,Denmark,Swedish,Denish,Norwegian,German,English}'::text[]))", "Rows Removed by Filter": 4632260}]}]}, {"Node Type": "Sort", "Parent Relationship": "Inner", "Parallel Aware": false, "Startup Cost": 2693.63, "Total Cost": 2768.62, "Plan Rows": 29997, "Plan Width": 8, "Actual Startup Time": 6.814, "Actual Total Time": 8.121, "Actual Rows": 30172, "Actual Loops": 1, "Sort Key": ["ml.movie_id"], "Sort Method": "quicksort", "Sort Space Used": 2175, "Sort Space Type": "Memory", "Plans": [{"Node Type": "Seq Scan", "Parent Relationship": "Outer", "Parallel Aware": false, "Relation Name": "movie_link", "Alias": "ml", "Startup Cost": 0.0, "Total Cost": 462.97, "Plan Rows": 29997, "Plan Width": 8, "Actual Startup Time": 0.009, "Actual Total Time": 2.58, "Actual Rows": 29997, "Actual Loops": 1}]}]}]}]}, {"Node Type": "Index Scan", "Parent Relationship": "Inner", "Parallel Aware": false, "Scan Direction": "Forward", "Index Name": "company_name_pkey", "Relation Name": "company_name", "Alias": "cn", "Startup Cost": 0.42, "Total Cost": 0.46, "Plan Rows": 1, "Plan Width": 4, "Actual Startup Time": 0.001, "Actual Total Time": 0.001, "Actual Rows": 0, "Actual Loops": 1969, "Index Cond": "(id = mc.company_id)", "Rows Removed by Index Recheck": 0, "Filter": "(((country_code)::text <> '[pl]'::text) AND (((name)::text ~~ '%Film%'::text) OR ((name)::text ~~ '%Warner%'::text)))", "Rows Removed by Filter": 1}]}, {"Node Type": "Index Scan", "Parent Relationship": "Inner", "Parallel Aware": false, "Scan Direction": "Forward", "Index Name": "link_type_pkey", "Relation Name": "link_type", "Alias": "lt", "Startup Cost": 0.15, "Total Cost": 0.17, "Plan Rows": 1, "Plan Width": 4, "Actual Startup Time": 0.001, "Actual Total Time": 0.001, "Actual Rows": 1, "Actual Loops": 838, "Index Cond": "(id = ml.link_type_id)", "Rows Removed by Index Recheck": 0, "Filter": "((link)::text ~~ '%follow%'::text)", "Rows Removed by Filter": 0}]}, {"Node Type": "Index Scan", "Parent Relationship": "Inner", "Parallel Aware": false, "Scan Direction": "Forward", "Index Name": "company_type_pkey", "Relation Name": "company_type", "Alias": "ct", "Startup Cost": 0.15, "Total Cost": 0.17, "Plan Rows": 1, "Plan Width": 4, "Actual Startup Time": 0.001, "Actual Total Time": 0.001, "Actual Rows": 1, "Actual Loops": 838, "Index Cond": "(id = mc.company_type_id)", "Rows Removed by Index Recheck": 0, "Filter": "((kind)::text = 'production companies'::text)", "Rows Removed by Filter": 0}]}, {"Node Type": "Index Scan", "Parent Relationship": "Inner", "Parallel Aware": false, "Scan Direction": "Forward", "Index Name": "title_pkey", "Relation Name": "title", "Alias": "t", "Startup Cost": 0.43, "Total Cost": 0.49, "Plan Rows": 1, "Plan Width": 4, "Actual Startup Time": 0.001, "Actual Total Time": 0.001, "Actual Rows": 1, "Actual Loops": 743, "Index Cond": "(id = mk.movie_id)", "Rows Removed by Index Recheck": 0, "Filter": "((production_year >= 1950) AND (production_year <= 2010))", "Rows Removed by Filter": 0}]}]}, "Planning Time": 199.327, "Triggers": [], "Execution Time": 22393.604}]
[{"Bao": {"Bao prediction": "NaN", "Bao recommended hint": "(no hint)"}}, {"Plan": {"Node Type": "Aggregate", "Strategy": "Plain", "Partial Mode": "Finalize", "Parallel Aware": false, "Startup Cost": 514108.77, "Total Cost": 514108.78, "Plan Rows": 1, "Plan Width": 8, "Actual Startup Time": 3653.671, "Actual Total Time": 3695.044, "Actual Rows": 1, "Actual Loops": 1, "Plans": [{"Node Type": "Gather", "Parent Relationship": "Outer", "Parallel Aware": false, "Startup Cost": 514108.56, "Total Cost": 514108.77, "Plan Rows": 2, "Plan Width": 8, "Actual Startup Time": 3653.663, "Actual Total Time": 3695.039, "Actual Rows": 3, "Actual Loops": 1, "Workers Planned": 2, "Workers Launched": 2, "Single Copy": false, "Plans": [{"Node Type": "Aggregate", "Strategy": "Plain", "Partial Mode": "Partial", "Parent Relationship": "Outer", "Parallel Aware": false, "Startup Cost": 513108.56, "Total Cost": 513108.57, "Plan Rows": 1, "Plan Width": 8, "Actual Startup Time": 3649.36, "Actual Total Time": 3649.366, "Actual Rows": 1, "Actual Loops": 3, "Plans": [{"Node Type": "Nested Loop", "Parent Relationship": "Outer", "Parallel Aware": false, "Join Type": "Inner", "Startup Cost": 462736.13, "Total Cost": 513108.55, "Plan Rows": 1, "Plan Width": 0, "Actual Startup Time": 2757.71, "Actual Total Time": 3649.226, "Actual Rows": 1802, "Actual Loops": 3, "Inner Unique": true, "Plans": [{"Node Type": "Nested Loop", "Parent Relationship": "Outer", "Parallel Aware": false, "Join Type": "Inner", "Startup Cost": 462735.7, "Total Cost": 513108.1, "Plan Rows": 1, "Plan Width": 4, "Actual Startup Time": 2757.685, "Actual Total Time": 3640.516, "Actual Rows": 1802, "Actual Loops": 3, "Inner Unique": true, "Plans": [{"Node Type": "Hash Join", "Parent Relationship": "Outer", "Parallel Aware": true, "Join Type": "Inner", "Startup Cost": 462735.28, "Total Cost": 513107.64, "Plan Rows": 1, "Plan Width": 8, "Actual Startup Time": 2753.567, "Actual Total Time": 2971.888, "Actual Rows": 382088, "Actual Loops": 3, "Inner Unique": false, "Hash Cond": "(mk.movie_id = t.id)", "Plans": [{"Node Type": "Seq Scan", "Parent Relationship": "Outer", "Parallel Aware": true, "Relation Name": "movie_keyword", "Alias": "mk", "Startup Cost": 0.0, "Total Cost": 43303.71, "Plan Rows": 1884971, "Plan Width": 8, "Actual Startup Time": 0.009, "Actual Total Time": 100.193, "Actual Rows": 1507977, "Actual Loops": 3}, {"Node Type": "Hash", "Parent Relationship": "Inner", "Parallel Aware": true, "Startup Cost": 462735.27, "Total Cost": 462735.27, "Plan Rows": 1, "Plan Width": 16, "Actual Startup Time": 2713.082, "Actual Total Time": 2713.087, "Actual Rows": 3588, "Actual Loops": 3, "Hash Buckets": 16384, "Original Hash Buckets": 1024, "Hash Batches": 1, "Original Hash Batches": 1, "Peak Memory Usage": 824, "Plans": [{"Node Type": "Nested Loop", "Parent Relationship": "Outer", "Parallel Aware": false, "Join Type": "Inner", "Startup Cost": 2488.29, "Total Cost": 462735.27, "Plan Rows": 1, "Plan Width": 16, "Actual Startup Time": 297.532, "Actual Total Time": 2385.96, "Actual Rows": 3588, "Actual Loops": 3, "Inner Unique": true, "Plans": [{"Node Type": "Hash Join", "Parent Relationship": "Outer", "Parallel Aware": false, "Join Type": "Inner", "Startup Cost": 2487.86, "Total Cost": 462734.81, "Plan Rows": 1, "Plan Width": 20, "Actual Startup Time": 297.426, "Actual Total Time": 2196.433, "Actual Rows": 131779, "Actual Loops": 3, "Inner Unique": false, "Hash Cond": "(ci.movie_id = t.id)", "Plans": [{"Node Type": "Seq Scan", "Parent Relationship": "Outer", "Parallel Aware": true, "Relation Name": "cast_info", "Alias": "ci", "Startup Cost": 0.0, "Total Cost": 403639.65, "Plan Rows": 15095265, "Plan Width": 12, "Actual Startup Time": 0.013, "Actual Total Time": 859.061, "Actual Rows": 12081448, "Actual Loops": 3}, {"Node Type": "Hash", "Parent Relationship": "Inner", "Parallel Aware": false, "Startup Cost": 2487.85, "Total Cost": 2487.85, "Plan Rows": 1, "Plan Width": 8, "Actual Startup Time": 297.375, "Actual Total Time": 297.379, "Actual Rows": 4696, "Actual Loops": 3, "Hash Buckets": 8192, "Original Hash Buckets": 1024, "Hash Batches": 1, "Original Hash Batches": 1, "Peak Memory Usage": 248, "Plans": [{"Node Type": "Nested Loop", "Parent Relationship": "Outer", "Parallel Aware": false, "Join Type": "Inner", "Startup Cost": 19.5, "Total Cost": 2487.85, "Plan Rows": 1, "Plan Width": 8, "Actual Startup Time": 0.329, "Actual Total Time": 296.389, "Actual Rows": 4696, "Actual Loops": 3, "Inner Unique": true, "Plans": [{"Node Type": "Nested Loop", "Parent Relationship": "Outer", "Parallel Aware": false, "Join Type": "Inner", "Startup Cost": 19.36, "Total Cost": 2487.67, "Plan Rows": 1, "Plan Width": 12, "Actual Startup Time": 0.254, "Actual Total Time": 272.801, "Actual Rows": 23557, "Actual Loops": 3, "Inner Unique": true, "Plans": [{"Node Type": "Nested Loop", "Parent Relationship": "Outer", "Parallel Aware": false, "Join Type": "Inner", "Startup Cost": 18.93, "Total Cost": 2485.89, "Plan Rows": 1, "Plan Width": 4, "Actual Startup Time": 0.074, "Actual Total Time": 65.32, "Actual Rows": 85941, "Actual Loops": 3, "Inner Unique": false, "Join Filter": "(cc.status_id = cct2.id)", "Rows Removed by Join Filter": 85941, "Plans": [{"Node Type": "Seq Scan", "Parent Relationship": "Outer", "Parallel Aware": false, "Relation Name": "comp_cast_type", "Alias": "cct2", "Startup Cost": 0.0, "Total Cost": 18.88, "Plan Rows": 1, "Plan Width": 4, "Actual Startup Time": 0.021, "Actual Total Time": 0.023, "Actual Rows": 2, "Actual Loops": 3, "Filter": "((kind)::text ~~ '%complete%'::text)", "Rows Removed by Filter": 2}, {"Node Type": "Hash Join", "Parent Relationship": "Inner", "Parallel Aware": false, "Join Type": "Inner", "Startup Cost": 18.93, "Total Cost": 2457.5, "Plan Rows": 761, "Plan Width": 8, "Actual Startup Time": 0.027, "Actual Total Time": 26.841, "Actual Rows": 85941, "Actual Loops": 6, "Inner Unique": true, "Hash Cond": "(cc.subject_id = cct1.id)", "Plans": [{"Node Type": "Seq Scan", "Parent Relationship": "Outer", "Parallel Aware": false, "Relation Name": "complete_cast", "Alias": "cc", "Startup Cost": 0.0, "Total Cost": 2081.86, "Plan Rows": 135086, "Plan Width": 12, "Actual Startup Time": 0.006, "Actual Total Time": 9.084, "Actual Rows": 135086, "Actual Loops": 6}, {"Node Type": "Hash", "Parent Relationship": "Inner", "Parallel Aware": false, "Startup Cost": 18.88, "Total Cost": 18.88, "Plan Rows": 4, "Plan Width": 4, "Actual Startup Time": 0.035, "Actual Total Time": 0.035, "Actual Rows": 1, "Actual Loops": 3, "Hash Buckets": 1024, "Original Hash Buckets": 1024, "Hash Batches": 1, "Original Hash Batches": 1, "Peak Memory Usage": 9, "Plans": [{"Node Type": "Seq Scan", "Parent Relationship": "Outer", "Parallel Aware": false, "Relation Name": "comp_cast_type", "Alias": "cct1", "Startup Cost": 0.0, "Total Cost": 18.88, "Plan Rows": 4, "Plan Width": 4, "Actual Startup Time": 0.002, "Actual Total Time": 0.008, "Actual Rows": 1, "Actual Loops": 3, "Filter": "((kind)::text = 'cast'::text)", "Rows Removed by Filter": 3}]}]}]}, {"Node Type": "Index Scan", "Parent Relationship": "Inner", "Parallel Aware": false, "Scan Direction": "Forward", "Index Name": "title_pkey", "Relation Name": "title", "Alias": "t", "Startup Cost": 0.43, "Total Cost": 1.78, "Plan Rows": 1, "Plan Width": 8, "Actual Startup Time": 0.002, "Actual Total Time": 0.002, "Actual Rows": 0, "Actual Loops": 257823, "Index Cond": "(id = cc.movie_id)", "Rows Removed by Index Recheck": 0, "Filter": "(production_year > 2000)", "Rows Removed by Filter": 1}]}, {"Node Type": "Index Scan", "Parent Relationship": "Inner", "Parallel Aware": false, "Scan Direction": "Forward", "Index Name": "kind_type_pkey", "Relation Name": "kind_type", "Alias": "kt", "Startup Cost": 0.15, "Total Cost": 0.17, "Plan Rows": 1, "Plan Width": 4, "Actual Startup Time": 0.001, "Actual Total Time": 0.001, "Actual Rows": 0, "Actual Loops": 70671, "Index Cond": "(id = t.kind_id)", "Rows Removed by Index Recheck": 0, "Filter": "((kind)::text = 'movie'::text)", "Rows Removed by Filter": 1}]}]}]}, {"Node Type": "Index Scan", "Parent Relationship": "Inner", "Parallel Aware": false, "Scan Direction": "Forward", "Index Name": "char_name_pkey", "Relation Name": "char_name", "Alias": "chn", "Startup Cost": 0.43, "Total Cost": 0.46, "Plan Rows": 1, "Plan Width": 4, "Actual Startup Time": 0.001, "Actual Total Time": 0.001, "Actual Rows": 0, "Actual Loops": 395336, "Index Cond": "(id = ci.person_role_id)", "Rows Removed by Index Recheck": 0, "Filter": "((name IS NOT NULL) AND (((name)::text ~~ '%man%'::text) OR ((name)::text ~~ '%Man%'::text)))", "Rows Removed by Filter": 0}]}]}]}, {"Node Type": "Index Scan", "Parent Relationship": "Inner", "Parallel Aware": false, "Scan Direction": "Forward", "Index Name": "keyword_pkey", "Relation Name": "keyword", "Alias": "k", "Startup Cost": 0.42, "Total Cost": 0.45, "Plan Rows": 1, "Plan Width": 4, "Actual Startup Time": 0.002, "Actual Total Time": 0.002, "Actual Rows": 0, "Actual Loops": 1146265, "Index Cond": "(id = mk.keyword_id)", "Rows Removed by Index Recheck": 0, "Filter": "((keyword)::text = ANY ('{superhero,marvel-comics,based-on-comic,tv-special,fight,violence,magnet,web,claw,laser}'::text[]))", "Rows Removed by Filter": 1}]}, {"Node Type": "Index Only Scan", "Parent Relationship": "Inner", "Parallel Aware": false, "Scan Direction": "Forward", "Index Name": "name_pkey", "Relation Name": "name", "Alias": "n", "Startup Cost": 0.43, "Total Cost": 0.46, "Plan Rows": 1, "Plan Width": 4, "Actual Startup Time": 0.004, "Actual Total Time": 0.004, "Actual Rows": 1, "Actual Loops": 5406, "Index Cond": "(id = ci.person_id)", "Rows Removed by Index Recheck": 0, "Heap Fetches": 5406}]}]}]}]}, "Planning Time": 100.443, "Triggers": [], "Execution Time": 3695.144}]
[{"Bao": {"Bao prediction": "NaN", "Bao recommended hint": "(no hint)"}}, {"Plan": {"Node Type": "Aggregate", "Strategy": "Plain", "Partial Mode": "Finalize", "Parallel Aware": false, "Startup Cost": 838883.35, "Total Cost": 838883.36, "Plan Rows": 1, "Plan Width": 8, "Actual Startup Time": 2474.205, "Actual Total Time": 2532.477, "Actual Rows": 1, "Actual Loops": 1, "Plans": [{"Node Type": "Gather", "Parent Relationship": "Outer", "Parallel Aware": false, "Startup Cost": 838883.13, "Total Cost": 838883.34, "Plan Rows": 2, "Plan Width": 8, "Actual Startup Time": 2474.102, "Actual Total Time": 2532.471, "Actual Rows": 3, "Actual Loops": 1, "Workers Planned": 2, "Workers Launched": 2, "Single Copy": false, "Plans": [{"Node Type": "Aggregate", "Strategy": "Plain", "Partial Mode": "Partial", "Parent Relationship": "Outer", "Parallel Aware": false, "Startup Cost": 837883.13, "Total Cost": 837883.14, "Plan Rows": 1, "Plan Width": 8, "Actual Startup Time": 2471.55, "Actual Total Time": 2471.56, "Actual Rows": 1, "Actual Loops": 3, "Plans": [{"Node Type": "Nested Loop", "Parent Relationship": "Outer", "Parallel Aware": false, "Join Type": "Inner", "Startup Cost": 787509.16, "Total Cost": 837883.13, "Plan Rows": 1, "Plan Width": 0, "Actual Startup Time": 2414.123, "Actual Total Time": 2471.546, "Actual Rows": 28, "Actual Loops": 3, "Inner Unique": true, "Plans": [{"Node Type": "Nested Loop", "Parent Relationship": "Outer", "Parallel Aware": false, "Join Type": "Inner", "Startup Cost": 787508.73, "Total Cost": 837881.79, "Plan Rows": 1, "Plan Width": 4, "Actual Startup Time": 2414.094, "Actual Total Time": 2471.452, "Actual Rows": 28, "Actual Loops": 3, "Inner Unique": true, "Plans": [{"Node Type": "Hash Join", "Parent Relationship": "Outer", "Parallel Aware": true, "Join Type": "Inner", "Startup Cost": 787508.31, "Total Cost": 837880.67, "Plan Rows": 1, "Plan Width": 8, "Actual Startup Time": 2413.858, "Actual Total Time": 2469.78, "Actual Rows": 895, "Actual Loops": 3, "Inner Unique": false, "Hash Cond": "(mk.movie_id = t.id)", "Plans": [{"Node Type": "Seq Scan", "Parent Relationship": "Outer", "Parallel Aware": true, "Relation Name": "movie_keyword", "Alias": "mk", "Startup Cost": 0.0, "Total Cost": 43303.71, "Plan Rows": 1884971, "Plan Width": 8, "Actual Startup Time": 0.007, "Actual Total Time": 103.992, "Actual Rows": 1507977, "Actual Loops": 3}, {"Node Type": "Hash", "Parent Relationship": "Inner", "Parallel Aware": true, "Startup Cost": 787508.3, "Total Cost": 787508.3, "Plan Rows": 1, "Plan Width": 24, "Actual Startup Time": 2263.981, "Actual Total Time": 2263.989, "Actual Rows": 6, "Actual Loops": 3, "Hash Buckets": 1024, "Original Hash Buckets": 1024, "Hash Batches": 1, "Original Hash Batches": 1, "Peak Memory Usage": 104, "Plans": [{"Node Type": "Nested Loop", "Parent Relationship": "Outer", "Parallel Aware": false, "Join Type": "Inner", "Startup Cost": 287584.41, "Total Cost": 787508.3, "Plan Rows": 1, "Plan Width": 24, "Actual Startup Time": 1776.576, "Actual Total Time": 2263.96, "Actual Rows": 6, "Actual Loops": 3, "Inner Unique": true, "Join Filter": "(mi.movie_id = t.id)", "Rows Removed by Join Filter": 0, "Plans": [{"Node Type": "Nested Loop", "Parent Relationship": "Outer", "Parallel Aware": false, "Join Type": "Inner", "Startup Cost": 287583.98, "Total Cost": 787507.08, "Plan Rows": 1, "Plan Width": 20, "Actual Startup Time": 1715.139, "Actual Total Time": 2263.703, "Actual Rows": 28, "Actual Loops": 3, "Inner Unique": true, "Plans": [{"Node Type": "Hash Join", "Parent Relationship": "Outer", "Parallel Aware": true, "Join Type": "Inner", "Startup Cost": 287583.56, "Total Cost": 787504.59, "Plan Rows": 1, "Plan Width": 24, "Actual Startup Time": 1704.174, "Actual Total Time": 2261.319, "Actual Rows": 1054, "Actual Loops": 3, "Inner Unique": false, "Hash Cond": "(ci.movie_id = mi.movie_id)", "Plans": [{"Node Type": "Seq Scan", "Parent Relationship": "Outer", "Parallel Aware": true, "Relation Name": "cast_info", "Alias": "ci", "Startup Cost": 0.0, "Total Cost": 497985.06, "Plan Rows": 516258, "Plan Width": 8, "Actual Startup Time": 75.66, "Actual Total Time": 1381.95, "Actual Rows": 414905, "Actual Loops": 3, "Filter": "((note)::text = ANY ('{(writer),\"(head writer)\",\"(written by)\",(story),\"(story editor)\"}'::text[]))", "Rows Removed by Filter": 11666543}, {"Node Type": "Hash", "Parent Relationship": "Inner", "Parallel Aware": true, "Startup Cost": 287583.55, "Total Cost": 287583.55, "Plan Rows": 1, "Plan Width": 16, "Actual Startup Time": 846.349, "Actual Total Time": 846.355, "Actual Rows": 1236, "Actual Loops": 3, "Hash Buckets": 4096, "Original Hash Buckets": 1024, "Hash Batches": 1, "Original Hash Batches": 1, "Peak Memory Usage": 312, "Plans": [{"Node Type": "Hash Join", "Parent Relationship": "Outer", "Parallel Aware": true, "Join Type": "Inner", "Startup Cost": 272313.28, "Total Cost": 287583.55, "Plan Rows": 1, "Plan Width": 16, "Actual Startup Time": 736.668, "Actual Total Time": 825.141, "Actual Rows": 1236, "Actual Loops": 3, "Inner Unique": false, "Hash Cond": "(mi_idx.movie_id = mi.movie_id)", "Plans": [{"Node Type": "Hash Join", "Parent Relationship": "Outer", "Parallel Aware": false, "Join Type": "Inner", "Startup Cost": 2.43, "Total Cost": 15253.6, "Plan Rows": 5089, "Plan Width": 4, "Actual Startup Time": 0.06, "Actual Total Time": 77.67, "Actual Rows": 153308, "Actual Loops": 3, "Inner Unique": true, "Hash Cond": "(mi_idx.info_type_id = it2.id)", "Plans": [{"Node Type": "Seq Scan", "Parent Relationship": "Outer", "Parallel Aware": true, "Relation Name": "movie_info_idx", "Alias": "mi_idx", "Startup Cost": 0.0, "Total Cost": 13685.15, "Plan Rows": 575015, "Plan Width": 8, "Actual Startup Time": 0.013, "Actual Total Time": 32.281, "Actual Rows": 460012, "Actual Loops": 3}, {"Node Type": "Hash", "Parent Relationship": "Inner", "Parallel Aware": false, "Startup Cost": 2.41, "Total Cost": 2.41, "Plan Rows": 1, "Plan Width": 4, "Actual Startup Time": 0.015, "Actual Total Time": 0.016, "Actual Rows": 1, "Actual Loops": 3, "Hash Buckets": 1024, "Original Hash Buckets": 1024, "Hash Batches": 1, "Original Hash Batches": 1, "Peak Memory Usage": 9, "Plans": [{"Node Type": "Seq Scan", "Parent Relationship": "Outer", "Parallel Aware": false, "Relation Name": "info_type", "Alias": "it2", "Startup Cost": 0.0, "Total Cost": 2.41, "Plan Rows": 1, "Plan Width": 4, "Actual Startup Time": 0.012, "Actual Total Time": 0.013, "Actual Rows": 1, "Actual Loops": 3, "Filter": "((info)::text = 'votes'::text)", "Rows Removed by Filter": 112}]}]}, {"Node Type": "Hash", "Parent Relationship": "Inner", "Parallel Aware": true, "Startup Cost": 272310.79, "Total Cost": 272310.79, "Plan Rows": 5, "Plan Width": 12, "Actual Startup Time": 735.515, "Actual Total Time": 735.518, "Actual Rows": 1237, "Actual Loops": 3, "Hash Buckets": 4096, "Original Hash Buckets": 1024, "Hash Batches": 1, "Original Hash Batches": 1, "Peak Memory Usage": 280, "Plans": [{"Node Type": "Hash Join", "Parent Relationship": "Outer", "Parallel Aware": true, "Join Type": "Inner", "Startup Cost": 32430.43, "Total Cost": 272310.79, "Plan Rows": 5, "Plan Width": 12, "Actual Startup Time": 637.135, "Actual Total Time": 708.723, "Actual Rows": 1237, "Actual Loops": 3, "Inner Unique": false, "Hash Cond": "(mi.movie_id = mc.movie_id)", "Plans": [{"Node Type": "Hash Join", "Parent Relationship": "Outer", "Parallel Aware": false, "Join Type": "Inner", "Startup Cost": 2.43, "Total Cost": 239881.42, "Plan Rows": 270, "Plan Width": 4, "Actual Startup Time": 529.792, "Actual Total Time": 599.174, "Actual Rows": 24086, "Actual Loops": 3, "Inner Unique": true, "Hash Cond": "(mi.info_type_id = it1.id)", "Plans": [{"Node Type": "Seq Scan", "Parent Relationship": "Outer", "Parallel Aware": true, "Relation Name": "movie_info", "Alias": "mi", "Startup Cost": 0.0, "Total Cost": 239795.93, "Plan Rows": 30499, "Plan Width": 8, "Actual Startup Time": 375.923, "Actual Total Time": 596.055, "Actual Rows": 24349, "Actual Loops": 3, "Filter": "((info)::text = ANY ('{Horror,Thriller}'::text[]))", "Rows Removed by Filter": 4920891}, {"Node Type": "Hash", "Parent Relationship": "Inner", "Parallel Aware": false, "Startup Cost": 2.41, "Total Cost": 2.41, "Plan Rows": 1, "Plan Width": 4, "Actual Startup Time": 0.031, "Actual Total Time": 0.031, "Actual Rows": 1, "Actual Loops": 3, "Hash Buckets": 1024, "Original Hash Buckets": 1024, "Hash Batches": 1, "Original Hash Batches": 1, "Peak Memory Usage": 9, "Plans": [{"Node Type": "Seq Scan", "Parent Relationship": "Outer", "Parallel Aware": false, "Relation Name": "info_type", "Alias": "it1", "Startup Cost": 0.0, "Total Cost": 2.41, "Plan Rows": 1, "Plan Width": 4, "Actual Startup Time": 0.019, "Actual Total Time": 0.025, "Actual Rows": 1, "Actual Loops": 3, "Filter": "((info)::text = 'genres'::text)", "Rows Removed by Filter": 112}]}]}, {"Node Type": "Hash", "Parent Relationship": "Inner", "Parallel Aware": true, "Startup Cost": 32379.21, "Total Cost": 32379.21, "Plan Rows": 3903, "Plan Width": 8, "Actual Startup Time": 107.135, "Actual Total Time": 107.136, "Actual Rows": 2654, "Actual Loops": 3, "Hash Buckets": 16384, "Original Hash Buckets": 16384, "Hash Batches": 1, "Original Hash Batches": 1, "Peak Memory Usage": 512, "Plans": [{"Node Type": "Seq Scan", "Parent Relationship": "Outer", "Parallel Aware": true, "Relation Name": "movie_companies", "Alias": "mc", "Startup Cost": 0.0, "Total Cost": 32379.21, "Plan Rows": 3903, "Plan Width": 8, "Actual Startup Time": 0.314, "Actual Total Time": 106.628, "Actual Rows": 2654, "Actual Loops": 3, "Filter": "((note)::text ~~ '%(Blu-ray)%'::text)", "Rows Removed by Filter": 867055}]}]}]}]}]}]}, {"Node Type": "Index Scan", "Parent Relationship": "Inner", "Parallel Aware": false, "Scan Direction": "Forward", "Index Name": "company_name_pkey", "Relation Name": "company_name", "Alias": "cn", "Startup Cost": 0.42, "Total Cost": 2.33, "Plan Rows": 1, "Plan Width": 4, "Actual Startup Time": 0.002, "Actual Total Time": 0.002, "Actual Rows": 0, "Actual Loops": 3162, "Index Cond": "(id = mc.company_id)", "Rows Removed by Index Recheck": 0, "Filter": "((name)::text ~~ 'Lionsgate%'::text)", "Rows Removed by Filter": 1}]}, {"Node Type": "Index Scan", "Parent Relationship": "Inner", "Parallel Aware": false, "Scan Direction": "Forward", "Index Name": "title_pkey", "Relation Name": "title", "Alias": "t", "Startup Cost": 0.43, "Total Cost": 1.21, "Plan Rows": 1, "Plan Width": 4, "Actual Startup Time": 0.009, "Actual Total Time": 0.009, "Actual Rows": 0, "Actual Loops": 83, "Index Cond": "(id = mi_idx.movie_id)", "Rows Removed by Index Recheck": 0, "Filter": "((production_year > 2000) AND (((title)::text ~~ '%Freddy%'::text) OR ((title)::text ~~ '%Jason%'::text) OR ((title)::text ~~ 'Saw%'::text)))", "Rows Removed by Filter": 1}]}]}]}, {"Node Type": "Index Scan", "Parent Relationship": "Inner", "Parallel Aware": false, "Scan Direction": "Forward", "Index Name": "keyword_pkey", "Relation Name": "keyword", "Alias": "k", "Startup Cost": 0.42, "Total Cost": 0.98, "Plan Rows": 1, "Plan Width": 4, "Actual Startup Time": 0.002, "Actual Total Time": 0.002, "Actual Rows": 0, "Actual Loops": 2686, "Index Cond": "(id = mk.keyword_id)", "Rows Removed by Index Recheck": 0, "Filter": "((keyword)::text = ANY ('{murder,violence,blood,gore,death,female-nudity,hospital}'::text[]))", "Rows Removed by Filter": 1}]}, {"Node Type": "Index Scan", "Parent Relationship": "Inner", "Parallel Aware": false, "Scan Direction": "Forward", "Index Name": "name_pkey", "Relation Name": "name", "Alias": "n", "Startup Cost": 0.43, "Total Cost": 1.35, "Plan Rows": 1, "Plan Width": 4, "Actual Startup Time": 0.003, "Actual Total Time": 0.003, "Actual Rows": 1, "Actual Loops": 84, "Index Cond": "(id = ci.person_id)", "Rows Removed by Index Recheck": 0, "Filter": "((gender)::text = 'm'::text)", "Rows Removed by Filter": 0}]}]}]}]}, "Planning Time": 157.994, "Triggers": [], "Execution Time": 2532.595}]
[{"Bao": {"Bao prediction": "NaN", "Bao recommended hint": "(no hint)"}}, {"Plan": {"Node Type": "Aggregate", "Strategy": "Plain", "Partial Mode": "Simple", "Parallel Aware": false, "Startup Cost": 371063.07, "Total Cost": 371063.08, "Plan Rows": 1, "Plan Width": 8, "Actual Startup Time": 2269.015, "Actual Total Time": 2305.136, "Actual Rows": 1, "Actual Loops": 1, "Plans": [{"Node Type": "Gather", "Parent Relationship": "Outer", "Parallel Aware": false, "Startup Cost": 320689.69, "Total Cost": 371063.07, "Plan Rows": 1, "Plan Width": 0, "Actual Startup Time": 1742.909, "Actual Total Time": 2304.881, "Actual Rows": 4115, "Actual Loops": 1, "Workers Planned": 2, "Workers Launched": 2, "Single Copy": false, "Plans": [{"Node Type": "Nested Loop", "Parent Relationship": "Outer", "Parallel Aware": false, "Join Type": "Inner", "Startup Cost": 319689.69, "Total Cost": 370062.97, "Plan Rows": 1, "Plan Width": 0, "Actual Startup Time": 1742.269, "Actual Total Time": 2264.942, "Actual Rows": 1372, "Actual Loops": 3, "Inner Unique": true, "Plans": [{"Node Type": "Hash Join", "Parent Relationship": "Outer", "Parallel Aware": true, "Join Type": "Inner", "Startup Cost": 319689.27, "Total Cost": 370061.63, "Plan Rows": 3, "Plan Width": 4, "Actual Startup Time": 1739.751, "Actual Total Time": 1982.809, "Actual Rows": 153383, "Actual Loops": 3, "Inner Unique": false, "Hash Cond": "(mk.movie_id = t.id)", "Plans": [{"Node Type": "Seq Scan", "Parent Relationship": "Outer", "Parallel Aware": true, "Relation Name": "movie_keyword", "Alias": "mk", "Startup Cost": 0.0, "Total Cost": 43303.71, "Plan Rows": 1884971, "Plan Width": 8, "Actual Startup Time": 0.01, "Actual Total Time": 98.325, "Actual Rows": 1507977, "Actual Loops": 3}, {"Node Type": "Hash", "Parent Relationship": "Inner", "Parallel Aware": true, "Startup Cost": 319689.26, "Total Cost": 319689.26, "Plan Rows": 1, "Plan Width": 12, "Actual Startup Time": 1739.376, "Actual Total Time": 1739.382, "Actual Rows": 14805, "Actual Loops": 3, "Hash Buckets": 65536, "Original Hash Buckets": 1024, "Hash Batches": 1, "Original Hash Batches": 1, "Peak Memory Usage": 3128, "Plans": [{"Node Type": "Nested Loop", "Parent Relationship": "Outer", "Parallel Aware": false, "Join Type": "Inner", "Startup Cost": 16718.33, "Total Cost": 319689.26, "Plan Rows": 1, "Plan Width": 12, "Actual Startup Time": 1427.607, "Actual Total Time": 1715.098, "Actual Rows": 14805, "Actual Loops": 3, "Inner Unique": true, "Plans": [{"Node Type": "Nested Loop", "Parent Relationship": "Outer", "Parallel Aware": false, "Join Type": "Inner", "Startup Cost": 16718.18, "Total Cost": 319684.15, "Plan Rows": 30, "Plan Width": 16, "Actual Startup Time": 1427.56, "Actual Total Time": 1690.363, "Actual Rows": 21417, "Actual Loops": 3, "Inner Unique": true, "Join Filter": "(mi.movie_id = t.id)", "Rows Removed by Join Filter": 0, "Plans": [{"Node Type": "Hash Join", "Parent Relationship": "Outer", "Parallel Aware": true, "Join Type": "Inner", "Startup Cost": 16717.75, "Total Cost": 319640.04, "Plan Rows": 74, "Plan Width": 8, "Actual Startup Time": 1427.516, "Actual Total Time": 1490.82, "Actual Rows": 71080, "Actual Loops": 3, "Inner Unique": false, "Hash Cond": "(mi.movie_id = mi_idx.movie_id)", "Plans": [{"Node Type": "Hash Join", "Parent Relationship": "Outer", "Parallel Aware": false, "Join Type": "Inner", "Startup Cost": 2.43, "Total Cost": 302913.76, "Plan Rows": 2837, "Plan Width": 4, "Actual Startup Time": 964.5, "Actual Total Time": 1246.729, "Actual Rows": 204750, "Actual Loops": 3, "Inner Unique": true, "Hash Cond": "(mi.info_type_id = it1.id)", "Plans": [{"Node Type": "Seq Scan", "Parent Relationship": "Outer", "Parallel Aware": true, "Relation Name": "movie_info", "Alias": "mi", "Startup Cost": 0.0, "Total Cost": 302038.28, "Plan Rows": 320570, "Plan Width": 8, "Actual Startup Time": 0.532, "Actual Total Time": 1218.89, "Actual Rows": 238737, "Actual Loops": 3, "Filter": "((info)::text = ANY ('{Sweden,Norway,Germany,Denmark,Swedish,Danish,Norwegian,German,USA,American}'::text[]))", "Rows Removed by Filter": 4706503}, {"Node Type": "Hash", "Parent Relationship": "Inner", "Parallel Aware": false, "Startup Cost": 2.41, "Total Cost": 2.41, "Plan Rows": 1, "Plan Width": 4, "Actual Startup Time": 0.013, "Actual Total Time": 0.014, "Actual Rows": 1, "Actual Loops": 3, "Hash Buckets": 1024, "Original Hash Buckets": 1024, "Hash Batches": 1, "Original Hash Batches": 1, "Peak Memory Usage": 9, "Plans": [{"Node Type": "Seq Scan", "Parent Relationship": "Outer", "Parallel Aware": false, "Relation Name": "info_type", "Alias": "it1", "Startup Cost": 0.0, "Total Cost": 2.41, "Plan Rows": 1, "Plan Width": 4, "Actual Startup Time": 0.006, "Actual Total Time": 0.012, "Actual Rows": 1, "Actual Loops": 3, "Filter": "((info)::text = 'countries'::text)", "Rows Removed by Filter": 112}]}]}, {"Node Type": "Hash", "Parent Relationship": "Inner", "Parallel Aware": true, "Startup Cost": 16653.27, "Total Cost": 16653.27, "Plan Rows": 4965, "Plan Width": 4, "Actual Startup Time": 152.963, "Actual Total Time": 152.964, "Actual Rows": 151410, "Actual Loops": 3, "Hash Buckets": 131072, "Original Hash Buckets": 16384, "Hash Batches": 8, "Original Hash Batches": 1, "Peak Memory Usage": 3296, "Plans": [{"Node Type": "Hash Join", "Parent Relationship": "Outer", "Parallel Aware": false, "Join Type": "Inner", "Startup Cost": 2.43, "Total Cost": 16653.27, "Plan Rows": 4965, "Plan Width": 4, "Actual Startup Time": 0.051, "Actual Total Time": 114.558, "Actual Rows": 151410, "Actual Loops": 3, "Inner Unique": true, "Hash Cond": "(mi_idx.info_type_id = it2.id)", "Plans": [{"Node Type": "Seq Scan", "Parent Relationship": "Outer", "Parallel Aware": true, "Relation Name": "movie_info_idx", "Alias": "mi_idx", "Startup Cost": 0.0, "Total Cost": 15122.68, "Plan Rows": 561109, "Plan Width": 8, "Actual Startup Time": 0.016, "Actual Total Time": 77.841, "Actual Rows": 447629, "Actual Loops": 3, "Filter": "((info)::text < '8.5'::text)", "Rows Removed by Filter": 12383}, {"Node Type": "Hash", "Parent Relationship": "Inner", "Parallel Aware": false, "Startup Cost": 2.41, "Total Cost": 2.41, "Plan Rows": 1, "Plan Width": 4, "Actual Startup Time": 0.025, "Actual Total Time": 0.026, "Actual Rows": 1, "Actual Loops": 3, "Hash Buckets": 1024, "Original Hash Buckets": 1024, "Hash Batches": 1, "Original Hash Batches": 1, "Peak Memory Usage": 9, "Plans": [{"Node Type": "Seq Scan", "Parent Relationship": "Outer", "Parallel Aware": false, "Relation Name": "info_type", "Alias": "it2", "Startup Cost": 0.0, "Total Cost": 2.41, "Plan Rows": 1, "Plan Width": 4, "Actual Startup Time": 0.02, "Actual Total Time": 0.021, "Actual Rows": 1, "Actual Loops": 3, "Filter": "((info)::text = 'rating'::text)", "Rows Removed by Filter": 112}]}]}]}]}, {"Node Type": "Index Scan", "Parent Relationship": "Inner", "Parallel Aware": false, "Scan Direction": "Forward", "Index Name": "title_pkey", "Relation Name": "title", "Alias": "t", "Startup Cost": 0.43, "Total Cost": 0.58, "Plan Rows": 1, "Plan Width": 8, "Actual Startup Time": 0.003, "Actual Total Time": 0.003, "Actual Rows": 0, "Actual Loops": 213239, "Index Cond": "(id = mi_idx.movie_id)", "Rows Removed by Index Recheck": 0, "Filter": "(production_year > 2005)", "Rows Removed by Filter": 1}]}, {"Node Type": "Index Scan", "Parent Relationship": "Inner", "Parallel Aware": false, "Scan Direction": "Forward", "Index Name": "kind_type_pkey", "Relation Name": "kind_type", "Alias": "kt", "Startup Cost": 0.15, "Total Cost": 0.17, "Plan Rows": 1, "Plan Width": 4, "Actual Startup Time": 0.001, "Actual Total Time": 0.001, "Actual Rows": 1, "Actual Loops": 64250, "Index Cond": "(id = t.kind_id)", "Rows Removed by Index Recheck": 0, "Filter": "((kind)::text = ANY ('{movie,episode}'::text[]))", "Rows Removed by Filter": 0}]}]}]}, {"Node Type": "Index Scan", "Parent Relationship": "Inner", "Parallel Aware": false, "Scan Direction": "Forward", "Index Name": "keyword_pkey", "Relation Name": "keyword", "Alias": "k", "Startup Cost": 0.42, "Total Cost": 0.44, "Plan Rows": 1, "Plan Width": 4, "Actual Startup Time": 0.002, "Actual Total Time": 0.002, "Actual Rows": 0, "Actual Loops": 460150, "Index Cond": "(id = mk.keyword_id)", "Rows Removed by Index Recheck": 0, "Filter": "((keyword IS NOT NULL) AND ((keyword)::text = ANY ('{murder,murder-in-title,blood,violence}'::text[])))", "Rows Removed by Filter": 1}]}]}]}, "Planning Time": 84.987, "Triggers": [], "Execution Time": 2305.214}]
[{"Bao": {"Bao prediction": "NaN", "Bao recommended hint": "(no hint)"}}, {"Plan": {"Node Type": "Aggregate", "Strategy": "Plain", "Partial Mode": "Simple", "Parallel Aware": false, "Startup Cost": 404801.84, "Total Cost": 404801.85, "Plan Rows": 1, "Plan Width": 8, "Actual Startup Time": 2732.517, "Actual Total Time": 2770.962, "Actual Rows": 1, "Actual Loops": 1, "Plans": [{"Node Type": "Gather", "Parent Relationship": "Outer", "Parallel Aware": false, "Startup Cost": 371063.55, "Total Cost": 404801.84, "Plan Rows": 1, "Plan Width": 0, "Actual Startup Time": 2529.784, "Actual Total Time": 2768.863, "Actual Rows": 46281, "Actual Loops": 1, "Workers Planned": 2, "Workers Launched": 2, "Single Copy": false, "Plans": [{"Node Type": "Nested Loop", "Parent Relationship": "Outer", "Parallel Aware": false, "Join Type": "Inner", "Startup Cost": 370063.55, "Total Cost": 403801.74, "Plan Rows": 1, "Plan Width": 0, "Actual Startup Time": 2526.711, "Actual Total Time": 2724.66, "Actual Rows": 15427, "Actual Loops": 3, "Inner Unique": true, "Plans": [{"Node Type": "Nested Loop", "Parent Relationship": "Outer", "Parallel Aware": false, "Join Type": "Inner", "Startup Cost": 370063.4, "Total Cost": 403801.57, "Plan Rows": 1, "Plan Width": 4, "Actual Startup Time": 2526.699, "Actual Total Time": 2710.52, "Actual Rows": 15427, "Actual Loops": 3, "Inner Unique": true, "Plans": [{"Node Type": "Hash Join", "Parent Relationship": "Outer", "Parallel Aware": true, "Join Type": "Inner", "Startup Cost": 370062.98, "Total Cost": 403801.13, "Plan Rows": 1, "Plan Width": 8, "Actual Startup Time": 2526.68, "Actual Total Time": 2672.607, "Actual Rows": 21616, "Actual Loops": 3, "Inner Unique": false, "Hash Cond": "(mc.movie_id = t.id)", "Plans": [{"Node Type": "Seq Scan", "Parent Relationship": "Outer", "Parallel Aware": true, "Relation Name": "movie_companies", "Alias": "mc", "Startup Cost": 0.0, "Total Cost": 29661.37, "Plan Rows": 1087137, "Plan Width": 12, "Actual Startup Time": 0.015, "Actual Total Time": 64.787, "Actual Rows": 869710, "Actual Loops": 3}, {"Node Type": "Hash", "Parent Relationship": "Inner", "Parallel Aware": true, "Startup Cost": 370062.97, "Total Cost": 370062.97, "Plan Rows": 1, "Plan Width": 16, "Actual Startup Time": 2525.01, "Actual Total Time": 2525.018, "Actual Rows": 1372, "Actual Loops": 3, "Hash Buckets": 4096, "Original Hash Buckets": 1024, "Hash Batches": 1, "Original Hash Batches": 1, "Peak Memory Usage": 312, "Plans": [{"Node Type": "Nested Loop", "Parent Relationship": "Outer", "Parallel Aware": false, "Join Type": "Inner", "Startup Cost": 319689.69, "Total Cost": 370062.97, "Plan Rows": 1, "Plan Width": 16, "Actual Startup Time": 1743.61, "Actual Total Time": 2256.012, "Actual Rows": 1372, "Actual Loops": 3, "Inner Unique": true, "Plans": [{"Node Type": "Hash Join", "Parent Relationship": "Outer", "Parallel Aware": true, "Join Type": "Inner", "Startup Cost": 319689.27, "Total Cost": 370061.63, "Plan Rows": 3, "Plan Width": 20, "Actual Startup Time": 1741.155, "Actual Total Time": 1989.651, "Actual Rows": 153383, "Actual Loops": 3, "Inner Unique": false, "Hash Cond": "(mk.movie_id = t.id)", "Plans": [{"Node Type": "Seq Scan", "Parent Relationship": "Outer", "Parallel Aware": true, "Relation Name": "movie_keyword", "Alias": "mk", "Startup Cost": 0.0, "Total Cost": 43303.71, "Plan Rows": 1884971, "Plan Width": 8, "Actual Startup Time": 0.01, "Actual Total Time": 103.485, "Actual Rows": 1507977, "Actual Loops": 3}, {"Node Type": "Hash", "Parent Relationship": "Inner", "Parallel Aware": true, "Startup Cost": 319689.26, "Total Cost": 319689.26, "Plan Rows": 1, "Plan Width": 12, "Actual Startup Time": 1740.939, "Actual Total Time": 1740.945, "Actual Rows": 14805, "Actual Loops": 3, "Hash Buckets": 65536, "Original Hash Buckets": 1024, "Hash Batches": 1, "Original Hash Batches": 1, "Peak Memory Usage": 3128, "Plans": [{"Node Type": "Nested Loop", "Parent Relationship": "Outer", "Parallel Aware": false, "Join Type": "Inner", "Startup Cost": 16718.33, "Total Cost": 319689.26, "Plan Rows": 1, "Plan Width": 12, "Actual Startup Time": 1429.131, "Actual Total Time": 1718.139, "Actual Rows": 14805, "Actual Loops": 3, "Inner Unique": true, "Plans": [{"Node Type": "Nested Loop", "Parent Relationship": "Outer", "Parallel Aware": false, "Join Type": "Inner", "Startup Cost": 16718.18, "Total Cost": 319684.15, "Plan Rows": 30, "Plan Width": 16, "Actual Startup Time": 1429.105, "Actual Total Time": 1693.369, "Actual Rows": 21417, "Actual Loops": 3, "Inner Unique": true, "Join Filter": "(mi.movie_id = t.id)", "Rows Removed by Join Filter": 0, "Plans": [{"Node Type": "Hash Join", "Parent Relationship": "Outer", "Parallel Aware": true, "Join Type": "Inner", "Startup Cost": 16717.75, "Total Cost": 319640.04, "Plan Rows": 74, "Plan Width": 8, "Actual Startup Time": 1429.048, "Actual Total Time": 1494.668, "Actual Rows": 71080, "Actual Loops": 3, "Inner Unique": false, "Hash Cond": "(mi.movie_id = mi_idx.movie_id)", "Plans": [{"Node Type": "Hash Join", "Parent Relationship": "Outer", "Parallel Aware": false, "Join Type": "Inner", "Startup Cost": 2.43, "Total Cost": 302913.76, "Plan Rows": 2837, "Plan Width": 4, "Actual Startup Time": 964.225, "Actual Total Time": 1247.837, "Actual Rows": 204750, "Actual Loops": 3, "Inner Unique": true, "Hash Cond": "(mi.info_type_id = it1.id)", "Plans": [{"Node Type": "Seq Scan", "Parent Relationship": "Outer", "Parallel Aware": true, "Relation Name": "movie_info", "Alias": "mi", "Startup Cost": 0.0, "Total Cost": 302038.28, "Plan Rows": 320570, "Plan Width": 8, "Actual Startup Time": 0.568, "Actual Total Time": 1219.772, "Actual Rows": 238737, "Actual Loops": 3, "Filter": "((info)::text = ANY ('{Sweden,Norway,Germany,Denmark,Swedish,Danish,Norwegian,German,USA,American}'::text[]))", "Rows Removed by Filter": 4706503}, {"Node Type": "Hash", "Parent Relationship": "Inner", "Parallel Aware": false, "Startup Cost": 2.41, "Total Cost": 2.41, "Plan Rows": 1, "Plan Width": 4, "Actual Startup Time": 0.013, "Actual Total Time": 0.013, "Actual Rows": 1, "Actual Loops": 3, "Hash Buckets": 1024, "Original Hash Buckets": 1024, "Hash Batches": 1, "Original Hash Batches": 1, "Peak Memory Usage": 9, "Plans": [{"Node Type": "Seq Scan", "Parent Relationship": "Outer", "Parallel Aware": false, "Relation Name": "info_type", "Alias": "it1", "Startup Cost": 0.0, "Total Cost": 2.41, "Plan Rows": 1, "Plan Width": 4, "Actual Startup Time": 0.006, "Actual Total Time": 0.012, "Actual Rows": 1, "Actual Loops": 3, "Filter": "((info)::text = 'countries'::text)", "Rows Removed by Filter": 112}]}]}, {"Node Type": "Hash", "Parent Relationship": "Inner", "Parallel Aware": true, "Startup Cost": 16653.27, "Total Cost": 16653.27, "Plan Rows": 4965, "Plan Width": 4, "Actual Startup Time": 153.154, "Actual Total Time": 153.155, "Actual Rows": 151410, "Actual Loops": 3, "Hash Buckets": 131072, "Original Hash Buckets": 16384, "Hash Batches": 8, "Original Hash Batches": 1, "Peak Memory Usage": 3296, "Plans": [{"Node Type": "Hash Join", "Parent Relationship": "Outer", "Parallel Aware": false, "Join Type": "Inner", "Startup Cost": 2.43, "Total Cost": 16653.27, "Plan Rows": 4965, "Plan Width": 4, "Actual Startup Time": 0.054, "Actual Total Time": 114.321, "Actual Rows": 151410, "Actual Loops": 3, "Inner Unique": true, "Hash Cond": "(mi_idx.info_type_id = it2.id)", "Plans": [{"Node Type": "Seq Scan", "Parent Relationship": "Outer", "Parallel Aware": true, "Relation Name": "movie_info_idx", "Alias": "mi_idx", "Startup Cost": 0.0, "Total Cost": 15122.68, "Plan Rows": 561109, "Plan Width": 8, "Actual Startup Time": 0.017, "Actual Total Time": 77.688, "Actual Rows": 447629, "Actual Loops": 3, "Filter": "((info)::text < '8.5'::text)", "Rows Removed by Filter": 12383}, {"Node Type": "Hash", "Parent Relationship": "Inner", "Parallel Aware": false, "Startup Cost": 2.41, "Total Cost": 2.41, "Plan Rows": 1, "Plan Width": 4, "Actual Startup Time": 0.025, "Actual Total Time": 0.026, "Actual Rows": 1, "Actual Loops": 3, "Hash Buckets": 1024, "Original Hash Buckets": 1024, "Hash Batches": 1, "Original Hash Batches": 1, "Peak Memory Usage": 9, "Plans": [{"Node Type": "Seq Scan", "Parent Relationship": "Outer", "Parallel Aware": false, "Relation Name": "info_type", "Alias": "it2", "Startup Cost": 0.0, "Total Cost": 2.41, "Plan Rows": 1, "Plan Width": 4, "Actual Startup Time": 0.02, "Actual Total Time": 0.022, "Actual Rows": 1, "Actual Loops": 3, "Filter": "((info)::text = 'rating'::text)", "Rows Removed by Filter": 112}]}]}]}]}, {"Node Type": "Index Scan", "Parent Relationship": "Inner", "Parallel Aware": false, "Scan Direction": "Forward", "Index Name": "title_pkey", "Relation Name": "title", "Alias": "t", "Startup Cost": 0.43, "Total Cost": 0.58, "Plan Rows": 1, "Plan Width": 8, "Actual Startup Time": 0.003, "Actual Total Time": 0.003, "Actual Rows": 0, "Actual Loops": 213239, "Index Cond": "(id = mi_idx.movie_id)", "Rows Removed by Index Recheck": 0, "Filter": "(production_year > 2005)", "Rows Removed by Filter": 1}]}, {"Node Type": "Index Scan", "Parent Relationship": "Inner", "Parallel Aware": false, "Scan Direction": "Forward", "Index Name": "kind_type_pkey", "Relation Name": "kind_type", "Alias": "kt", "Startup Cost": 0.15, "Total Cost": 0.17, "Plan Rows": 1, "Plan Width": 4, "Actual Startup Time": 0.001, "Actual Total Time": 0.001, "Actual Rows": 1, "Actual Loops": 64250, "Index Cond": "(id = t.kind_id)", "Rows Removed by Index Recheck": 0, "Filter": "((kind)::text = ANY ('{movie,episode}'::text[]))", "Rows Removed by Filter": 0}]}]}]}, {"Node Type": "Index Scan", "Parent Relationship": "Inner", "Parallel Aware": false, "Scan Direction": "Forward", "Index Name": "keyword_pkey", "Relation Name": "keyword", "Alias": "k", "Startup Cost": 0.42, "Total Cost": 0.44, "Plan Rows": 1, "Plan Width": 4, "Actual Startup Time": 0.002, "Actual Total Time": 0.002, "Actual Rows": 0, "Actual Loops": 460150, "Index Cond": "(id = mk.keyword_id)", "Rows Removed by Index Recheck": 0, "Filter": "((keyword)::text = ANY ('{murder,murder-in-title,blood,violence}'::text[]))", "Rows Removed by Filter": 1}]}]}]}, {"Node Type": "Index Scan", "Parent Relationship": "Inner", "Parallel Aware": false, "Scan Direction": "Forward", "Index Name": "company_name_pkey", "Relation Name": "company_name", "Alias": "cn", "Startup Cost": 0.42, "Total Cost": 0.45, "Plan Rows": 1, "Plan Width": 4, "Actual Startup Time": 0.002, "Actual Total Time": 0.002, "Actual Rows": 1, "Actual Loops": 64848, "Index Cond": "(id = mc.company_id)", "Rows Removed by Index Recheck": 0, "Filter": "((country_code)::text <> '[us]'::text)", "Rows Removed by Filter": 0}]}, {"Node Type": "Index Only Scan", "Parent Relationship": "Inner", "Parallel Aware": false, "Scan Direction": "Forward", "Index Name": "company_type_pkey", "Relation Name": "company_type", "Alias": "ct", "Startup Cost": 0.15, "Total Cost": 0.17, "Plan Rows": 1, "Plan Width": 4, "Actual Startup Time": 0.001, "Actual Total Time": 0.001, "Actual Rows": 1, "Actual Loops": 46281, "Index Cond": "(id = mc.company_type_id)", "Rows Removed by Index Recheck": 0, "Heap Fetches": 46281}]}]}]}, "Planning Time": 132.084, "Triggers": [], "Execution Time": 2771.101}]
[{"Bao": {"Bao prediction": "NaN", "Bao recommended hint": "(no hint)"}}, {"Plan": {"Node Type": "Aggregate", "Strategy": "Plain", "Partial Mode": "Finalize", "Parallel Aware": false, "Startup Cost": 358501.67, "Total Cost": 358501.68, "Plan Rows": 1, "Plan Width": 8, "Actual Startup Time": 34422.219, "Actual Total Time": 34453.881, "Actual Rows": 1, "Actual Loops": 1, "Plans": [{"Node Type": "Gather", "Parent Relationship": "Outer", "Parallel Aware": false, "Startup Cost": 358501.46, "Total Cost": 358501.67, "Plan Rows": 2, "Plan Width": 8, "Actual Startup Time": 31667.458, "Actual Total Time": 34453.871, "Actual Rows": 3, "Actual Loops": 1, "Workers Planned": 2, "Workers Launched": 2, "Single Copy": false, "Plans": [{"Node Type": "Aggregate", "Strategy": "Plain", "Partial Mode": "Partial", "Parent Relationship": "Outer", "Parallel Aware": false, "Startup Cost": 357501.46, "Total Cost": 357501.47, "Plan Rows": 1, "Plan Width": 8, "Actual Startup Time": 32726.05, "Actual Total Time": 32726.07, "Actual Rows": 1, "Actual Loops": 3, "Plans": [{"Node Type": "Nested Loop", "Parent Relationship": "Outer", "Parallel Aware": false, "Join Type": "Inner", "Startup Cost": 304680.95, "Total Cost": 357501.46, "Plan Rows": 1, "Plan Width": 0, "Actual Startup Time": 24831.092, "Actual Total Time": 32725.996, "Actual Rows": 206, "Actual Loops": 3, "Inner Unique": true, "Plans": [{"Node Type": "Nested Loop", "Parent Relationship": "Outer", "Parallel Aware": false, "Join Type": "Inner", "Startup Cost": 304680.53, "Total Cost": 357501.02, "Plan Rows": 1, "Plan Width": 4, "Actual Startup Time": 24831.083, "Actual Total Time": 32725.194, "Actual Rows": 206, "Actual Loops": 3, "Inner Unique": true, "Plans": [{"Node Type": "Nested Loop", "Parent Relationship": "Outer", "Parallel Aware": false, "Join Type": "Inner", "Startup Cost": 304680.38, "Total Cost": 357500.85, "Plan Rows": 1, "Plan Width": 8, "Actual Startup Time": 24831.073, "Actual Total Time": 32724.782, "Actual Rows": 206, "Actual Loops": 3, "Inner Unique": true, "Plans": [{"Node Type": "Nested Loop", "Parent Relationship": "Outer", "Parallel Aware": false, "Join Type": "Inner", "Startup Cost": 304679.96, "Total Cost": 357500.4, "Plan Rows": 1, "Plan Width": 12, "Actual Startup Time": 24831.048, "Actual Total Time": 32723.918, "Actual Rows": 206, "Actual Loops": 3, "Inner Unique": false, "Join Filter": "(cc.movie_id = t.id)", "Rows Removed by Join Filter": 36469730, "Plans": [{"Node Type": "Hash Join", "Parent Relationship": "Outer", "Parallel Aware": true, "Join Type": "Inner", "Startup Cost": 304661.03, "Total Cost": 355033.39, "Plan Rows": 1, "Plan Width": 28, "Actual Startup Time": 670.734, "Actual Total Time": 853.097, "Actual Rows": 1483, "Actual Loops": 3, "Inner Unique": false, "Hash Cond": "(mk.movie_id = t.id)", "Plans": [{"Node Type": "Seq Scan", "Parent Relationship": "Outer", "Parallel Aware": true, "Relation Name": "movie_keyword", "Alias": "mk", "Startup Cost": 0.0, "Total Cost": 43303.71, "Plan Rows": 1884971, "Plan Width": 8, "Actual Startup Time": 0.017, "Actual Total Time": 101.238, "Actual Rows": 1507977, "Actual Loops": 3}, {"Node Type": "Hash", "Parent Relationship": "Inner", "Parallel Aware": true, "Startup Cost": 304661.02, "Total Cost": 304661.02, "Plan Rows": 1, "Plan Width": 20, "Actual Startup Time": 628.385, "Actual Total Time": 628.395, "Actual Rows": 389, "Actual Loops": 3, "Hash Buckets": 1024, "Original Hash Buckets": 1024, "Hash Batches": 1, "Original Hash Batches": 1, "Peak Memory Usage": 104, "Plans": [{"Node Type": "Nested Loop", "Parent Relationship": "Outer", "Parallel Aware": false, "Join Type": "Inner", "Startup Cost": 270920.44, "Total Cost": 304661.02, "Plan Rows": 1, "Plan Width": 20, "Actual Startup Time": 499.945, "Actual Total Time": 628.244, "Actual Rows": 389, "Actual Loops": 3, "Inner Unique": true, "Plans": [{"Node Type": "Nested Loop", "Parent Relationship": "Outer", "Parallel Aware": false, "Join Type": "Inner", "Startup Cost": 270920.29, "Total Cost": 304660.67, "Plan Rows": 2, "Plan Width": 24, "Actual Startup Time": 474.376, "Actual Total Time": 627.262, "Actual Rows": 940, "Actual Loops": 3, "Inner Unique": true, "Join Filter": "(mi.movie_id = t.id)", "Rows Removed by Join Filter": 0, "Plans": [{"Node Type": "Hash Join", "Parent Relationship": "Outer", "Parallel Aware": true, "Join Type": "Inner", "Startup Cost": 270919.86, "Total Cost": 304658.02, "Plan Rows": 5, "Plan Width": 16, "Actual Startup Time": 474.351, "Actual Total Time": 622.089, "Actual Rows": 961, "Actual Loops": 3, "Inner Unique": false, "Hash Cond": "(mc.movie_id = mi.movie_id)", "Plans": [{"Node Type": "Seq Scan", "Parent Relationship": "Outer", "Parallel Aware": true, "Relation Name": "movie_companies", "Alias": "mc", "Startup Cost": 0.0, "Total Cost": 29661.37, "Plan Rows": 1087137, "Plan Width": 12, "Actual Startup Time": 0.011, "Actual Total Time": 63.005, "Actual Rows": 869710, "Actual Loops": 3}, {"Node Type": "Hash", "Parent Relationship": "Inner", "Parallel Aware": true, "Startup Cost": 270919.85, "Total Cost": 270919.85, "Plan Rows": 1, "Plan Width": 4, "Actual Startup Time": 474.006, "Actual Total Time": 474.013, "Actual Rows": 594, "Actual Loops": 3, "Hash Buckets": 1024, "Original Hash Buckets": 1024, "Hash Batches": 1, "Original Hash Batches": 1, "Peak Memory Usage": 104, "Plans": [{"Node Type": "Hash Join", "Parent Relationship": "Outer", "Parallel Aware": false, "Join Type": "Inner", "Startup Cost": 2.43, "Total Cost": 270919.85, "Plan Rows": 1, "Plan Width": 4, "Actual Startup Time": 127.792, "Actual Total Time": 473.847, "Actual Rows": 594, "Actual Loops": 3, "Inner Unique": true, "Hash Cond": "(mi.info_type_id = it1.id)", "Plans": [{"Node Type": "Seq Scan", "Parent Relationship": "Outer", "Parallel Aware": true, "Relation Name": "movie_info", "Alias": "mi", "Startup Cost": 0.0, "Total Cost": 270917.11, "Plan Rows": 117, "Plan Width": 8, "Actual Startup Time": 127.744, "Actual Total Time": 473.674, "Actual Rows": 594, "Actual Loops": 3, "Filter": "((info IS NOT NULL) AND ((note)::text ~~ '%internet%'::text) AND (((info)::text ~~ 'USA:% 199%'::text) OR ((info)::text ~~ 'USA:% 200%'::text)))", "Rows Removed by Filter": 4944646}, {"Node Type": "Hash", "Parent Relationship": "Inner", "Parallel Aware": false, "Startup Cost": 2.41, "Total Cost": 2.41, "Plan Rows": 1, "Plan Width": 4, "Actual Startup Time": 0.032, "Actual Total Time": 0.038, "Actual Rows": 1, "Actual Loops": 3, "Hash Buckets": 1024, "Original Hash Buckets": 1024, "Hash Batches": 1, "Original Hash Batches": 1, "Peak Memory Usage": 9, "Plans": [{"Node Type": "Seq Scan", "Parent Relationship": "Outer", "Parallel Aware": false, "Relation Name": "info_type", "Alias": "it1", "Startup Cost": 0.0, "Total Cost": 2.41, "Plan Rows": 1, "Plan Width": 4, "Actual Startup Time": 0.022, "Actual Total Time": 0.027, "Actual Rows": 1, "Actual Loops": 3, "Filter": "((info)::text = 'release dates'::text)", "Rows Removed by Filter": 112}]}]}]}]}, {"Node Type": "Index Scan", "Parent Relationship": "Inner", "Parallel Aware": false, "Scan Direction": "Forward", "Index Name": "title_pkey", "Relation Name": "title", "Alias": "t", "Startup Cost": 0.43, "Total Cost": 0.52, "Plan Rows": 1, "Plan Width": 8, "Actual Startup Time": 0.005, "Actual Total Time": 0.005, "Actual Rows": 1, "Actual Loops": 2884, "Index Cond": "(id = mc.movie_id)", "Rows Removed by Index Recheck": 0, "Filter": "(production_year > 2000)", "Rows Removed by Filter": 0}]}, {"Node Type": "Index Scan", "Parent Relationship": "Inner", "Parallel Aware": false, "Scan Direction": "Forward", "Index Name": "kind_type_pkey", "Relation Name": "kind_type", "Alias": "kt", "Startup Cost": 0.15, "Total Cost": 0.17, "Plan Rows": 1, "Plan Width": 4, "Actual Startup Time": 0.001, "Actual Total Time": 0.001, "Actual Rows": 0, "Actual Loops": 2820, "Index Cond": "(id = t.kind_id)", "Rows Removed by Index Recheck": 0, "Filter": "((kind)::text = 'movie'::text)", "Rows Removed by Filter": 1}]}]}]}, {"Node Type": "Hash Join", "Parent Relationship": "Inner", "Parallel Aware": false, "Join Type": "Inner", "Startup Cost": 18.93, "Total Cost": 2457.5, "Plan Rows": 761, "Plan Width": 4, "Actual Startup Time": 0.003, "Actual Total Time": 20.47, "Actual Rows": 24592, "Actual Loops": 4449, "Inner Unique": true, "Hash Cond": "(cc.status_id = cct1.id)", "Plans": [{"Node Type": "Seq Scan", "Parent Relationship": "Outer", "Parallel Aware": false, "Relation Name": "complete_cast", "Alias": "cc", "Startup Cost": 0.0, "Total Cost": 2081.86, "Plan Rows": 135086, "Plan Width": 8, "Actual Startup Time": 0.003, "Actual Total Time": 8.516, "Actual Rows": 135086, "Actual Loops": 4449}, {"Node Type": "Hash", "Parent Relationship": "Inner", "Parallel Aware": false, "Startup Cost": 18.88, "Total Cost": 18.88, "Plan Rows": 4, "Plan Width": 4, "Actual Startup Time": 0.007, "Actual Total Time": 0.008, "Actual Rows": 1, "Actual Loops": 3, "Hash Buckets": 1024, "Original Hash Buckets": 1024, "Hash Batches": 1, "Original Hash Batches": 1, "Peak Memory Usage": 9, "Plans": [{"Node Type": "Seq Scan", "Parent Relationship": "Outer", "Parallel Aware": false, "Relation Name": "comp_cast_type", "Alias": "cct1", "Startup Cost": 0.0, "Total Cost": 18.88, "Plan Rows": 4, "Plan Width": 4, "Actual Startup Time": 0.005, "Actual Total Time": 0.005, "Actual Rows": 1, "Actual Loops": 3, "Filter": "((kind)::text = 'complete+verified'::text)", "Rows Removed by Filter": 3}]}]}]}, {"Node Type": "Index Scan", "Parent Relationship": "Inner", "Parallel Aware": false, "Scan Direction": "Forward", "Index Name": "company_name_pkey", "Relation Name": "company_name", "Alias": "cn", "Startup Cost": 0.42, "Total Cost": 0.45, "Plan Rows": 1, "Plan Width": 4, "Actual Startup Time": 0.003, "Actual Total Time": 0.003, "Actual Rows": 1, "Actual Loops": 618, "Index Cond": "(id = mc.company_id)", "Rows Removed by Index Recheck": 0, "Filter": "((country_code)::text = '[us]'::text)", "Rows Removed by Filter": 0}]}, {"Node Type": "Index Only Scan", "Parent Relationship": "Inner", "Parallel Aware": false, "Scan Direction": "Forward", "Index Name": "company_type_pkey", "Relation Name": "company_type", "Alias": "ct", "Startup Cost": 0.15, "Total Cost": 0.17, "Plan Rows": 1, "Plan Width": 4, "Actual Startup Time": 0.001, "Actual Total Time": 0.001, "Actual Rows": 1, "Actual Loops": 618, "Index Cond": "(id = mc.company_type_id)", "Rows Removed by Index Recheck": 0, "Heap Fetches": 618}]}, {"Node Type": "Index Only Scan", "Parent Relationship": "Inner", "Parallel Aware": false, "Scan Direction": "Forward", "Index Name": "keyword_pkey", "Relation Name": "keyword", "Alias": "k", "Startup Cost": 0.42, "Total Cost": 0.44, "Plan Rows": 1, "Plan Width": 4, "Actual Startup Time": 0.003, "Actual Total Time": 0.003, "Actual Rows": 1, "Actual Loops": 618, "Index Cond": "(id = mk.keyword_id)", "Rows Removed by Index Recheck": 0, "Heap Fetches": 618}]}]}]}]}, "Planning Time": 134.521, "Triggers": [], "Execution Time": 34453.98}]
[{"Bao": {"Bao prediction": "NaN", "Bao recommended hint": "(no hint)"}}, {"Plan": {"Node Type": "Aggregate", "Strategy": "Plain", "Partial Mode": "Simple", "Parallel Aware": false, "Startup Cost": 705347.46, "Total Cost": 705347.47, "Plan Rows": 1, "Plan Width": 8, "Actual Startup Time": 2307.96, "Actual Total Time": 2366.569, "Actual Rows": 1, "Actual Loops": 1, "Plans": [{"Node Type": "Nested Loop", "Parent Relationship": "Outer", "Parallel Aware": false, "Join Type": "Inner", "Startup Cost": 257738.22, "Total Cost": 705347.46, "Plan Rows": 1, "Plan Width": 0, "Actual Startup Time": 1523.434, "Actual Total Time": 2366.505, "Actual Rows": 410, "Actual Loops": 1, "Inner Unique": true, "Plans": [{"Node Type": "Gather", "Parent Relationship": "Outer", "Parallel Aware": false, "Startup Cost": 257737.79, "Total Cost": 705347.0, "Plan Rows": 1, "Plan Width": 12, "Actual Startup Time": 1523.425, "Actual Total Time": 2364.834, "Actual Rows": 410, "Actual Loops": 1, "Workers Planned": 2, "Workers Launched": 2, "Single Copy": false, "Plans": [{"Node Type": "Nested Loop", "Parent Relationship": "Outer", "Parallel Aware": false, "Join Type": "Inner", "Startup Cost": 256737.79, "Total Cost": 704346.9, "Plan Rows": 1, "Plan Width": 12, "Actual Startup Time": 1537.456, "Actual Total Time": 2303.952, "Actual Rows": 137, "Actual Loops": 3, "Inner Unique": true, "Plans": [{"Node Type": "Hash Join", "Parent Relationship": "Outer", "Parallel Aware": true, "Join Type": "Inner", "Startup Cost": 256737.36, "Total Cost": 701846.7, "Plan Rows": 3890, "Plan Width": 16, "Actual Startup Time": 1384.719, "Actual Total Time": 2218.438, "Actual Rows": 35780, "Actual Loops": 3, "Inner Unique": false, "Hash Cond": "(ci.movie_id = mi.movie_id)", "Plans": [{"Node Type": "Seq Scan", "Parent Relationship": "Outer", "Parallel Aware": true, "Relation Name": "cast_info", "Alias": "ci", "Startup Cost": 0.0, "Total Cost": 441377.81, "Plan Rows": 990752, "Plan Width": 8, "Actual Startup Time": 139.981, "Actual Total Time": 1206.571, "Actual Rows": 793090, "Actual Loops": 3, "Filter": "((note)::text = ANY ('{(producer),\"(executive producer)\"}'::text[]))", "Rows Removed by Filter": 11288358}, {"Node Type": "Hash", "Parent Relationship": "Inner", "Parallel Aware": true, "Startup Cost": 256719.05, "Total Cost": 256719.05, "Plan Rows": 1465, "Plan Width": 8, "Actual Startup Time": 919.716, "Actual Total Time": 919.861, "Actual Rows": 15144, "Actual Loops": 3, "Hash Buckets": 65536, "Original Hash Buckets": 4096, "Hash Batches": 1, "Original Hash Batches": 1, "Peak Memory Usage": 2848, "Plans": [{"Node Type": "Hash Join", "Parent Relationship": "Outer", "Parallel Aware": true, "Join Type": "Inner", "Startup Cost": 15319.64, "Total Cost": 256719.05, "Plan Rows": 1465, "Plan Width": 8, "Actual Startup Time": 891.877, "Actual Total Time": 912.026, "Actual Rows": 15144, "Actual Loops": 3, "Inner Unique": false, "Hash Cond": "(mi.movie_id = mi_idx.movie_id)", "Plans": [{"Node Type": "Hash Join", "Parent Relationship": "Outer", "Parallel Aware": false, "Join Type": "Inner", "Startup Cost": 2.43, "Total Cost": 241189.17, "Plan Rows": 55082, "Plan Width": 4, "Actual Startup Time": 441.823, "Actual Total Time": 759.995, "Actual Rows": 40621, "Actual Loops": 3, "Inner Unique": true, "Hash Cond": "(mi.info_type_id = it1.id)", "Plans": [{"Node Type": "Seq Scan", "Parent Relationship": "Outer", "Parallel Aware": true, "Relation Name": "movie_info", "Alias": "mi", "Startup Cost": 0.0, "Total Cost": 224235.35, "Plan Rows": 6224235, "Plan Width": 8, "Actual Startup Time": 0.021, "Actual Total Time": 398.112, "Actual Rows": 4945240, "Actual Loops": 3}, {"Node Type": "Hash", "Parent Relationship": "Inner", "Parallel Aware": false, "Startup Cost": 2.41, "Total Cost": 2.41, "Plan Rows": 1, "Plan Width": 4, "Actual Startup Time": 0.019, "Actual Total Time": 0.02, "Actual Rows": 1, "Actual Loops": 3, "Hash Buckets": 1024, "Original Hash Buckets": 1024, "Hash Batches": 1, "Original Hash Batches": 1, "Peak Memory Usage": 9, "Plans": [{"Node Type": "Seq Scan", "Parent Relationship": "Outer", "Parallel Aware": false, "Relation Name": "info_type", "Alias": "it1", "Startup Cost": 0.0, "Total Cost": 2.41, "Plan Rows": 1, "Plan Width": 4, "Actual Startup Time": 0.017, "Actual Total Time": 0.018, "Actual Rows": 1, "Actual Loops": 3, "Filter": "((info)::text = 'budget'::text)", "Rows Removed by Filter": 112}]}]}, {"Node Type": "Hash", "Parent Relationship": "Inner", "Parallel Aware": true, "Startup Cost": 15253.6, "Total Cost": 15253.6, "Plan Rows": 5089, "Plan Width": 4, "Actual Startup Time": 122.142, "Actual Total Time": 122.143, "Actual Rows": 153308, "Actual Loops": 3, "Hash Buckets": 131072, "Original Hash Buckets": 16384, "Hash Batches": 8, "Original Hash Batches": 1, "Peak Memory Usage": 3328, "Plans": [{"Node Type": "Hash Join", "Parent Relationship": "Outer", "Parallel Aware": false, "Join Type": "Inner", "Startup Cost": 2.43, "Total Cost": 15253.6, "Plan Rows": 5089, "Plan Width": 4, "Actual Startup Time": 0.077, "Actual Total Time": 83.077, "Actual Rows": 153308, "Actual Loops": 3, "Inner Unique": true, "Hash Cond": "(mi_idx.info_type_id = it2.id)", "Plans": [{"Node Type": "Seq Scan", "Parent Relationship": "Outer", "Parallel Aware": true, "Relation Name": "movie_info_idx", "Alias": "mi_idx", "Startup Cost": 0.0, "Total Cost": 13685.15, "Plan Rows": 575015, "Plan Width": 8, "Actual Startup Time": 0.017, "Actual Total Time": 34.542, "Actual Rows": 460012, "Actual Loops": 3}, {"Node Type": "Hash", "Parent Relationship": "Inner", "Parallel Aware": false, "Startup Cost": 2.41, "Total Cost": 2.41, "Plan Rows": 1, "Plan Width": 4, "Actual Startup Time": 0.045, "Actual Total Time": 0.046, "Actual Rows": 1, "Actual Loops": 3, "Hash Buckets": 1024, "Original Hash Buckets": 1024, "Hash Batches": 1, "Original Hash Batches": 1, "Peak Memory Usage": 9, "Plans": [{"Node Type": "Seq Scan", "Parent Relationship": "Outer", "Parallel Aware": false, "Relation Name": "info_type", "Alias": "it2", "Startup Cost": 0.0, "Total Cost": 2.41, "Plan Rows": 1, "Plan Width": 4, "Actual Startup Time": 0.04, "Actual Total Time": 0.041, "Actual Rows": 1, "Actual Loops": 3, "Filter": "((info)::text = 'votes'::text)", "Rows Removed by Filter": 112}]}]}]}]}]}]}, {"Node Type": "Index Scan", "Parent Relationship": "Inner", "Parallel Aware": false, "Scan Direction": "Forward", "Index Name": "name_pkey", "Relation Name": "name", "Alias": "n", "Startup Cost": 0.43, "Total Cost": 0.64, "Plan Rows": 1, "Plan Width": 4, "Actual Startup Time": 0.002, "Actual Total Time": 0.002, "Actual Rows": 0, "Actual Loops": 107339, "Index Cond": "(id = ci.person_id)", "Rows Removed by Index Recheck": 0, "Filter": "(((name)::text ~~ '%Tim%'::text) AND ((gender)::text = 'm'::text))", "Rows Removed by Filter": 1}]}]}, {"Node Type": "Index Only Scan", "Parent Relationship": "Inner", "Parallel Aware": false, "Scan Direction": "Forward", "Index Name": "title_pkey", "Relation Name": "title", "Alias": "t", "Startup Cost": 0.43, "Total Cost": 0.46, "Plan Rows": 1, "Plan Width": 4, "Actual Startup Time": 0.004, "Actual Total Time": 0.004, "Actual Rows": 1, "Actual Loops": 410, "Index Cond": "(id = mi.movie_id)", "Rows Removed by Index Recheck": 0, "Heap Fetches": 410}]}]}, "Planning Time": 82.577, "Triggers": [], "Execution Time": 2366.639}]
[{"Bao": {"Bao prediction": "NaN", "Bao recommended hint": "(no hint)"}}, {"Plan": {"Node Type": "Aggregate", "Strategy": "Plain", "Partial Mode": "Simple", "Parallel Aware": false, "Startup Cost": 322829.04, "Total Cost": 322829.05, "Plan Rows": 1, "Plan Width": 8, "Actual Startup Time": 124.318, "Actual Total Time": 127.988, "Actual Rows": 1, "Actual Loops": 1, "Plans": [{"Node Type": "Gather", "Parent Relationship": "Outer", "Parallel Aware": false, "Startup Cost": 36119.36, "Total Cost": 322829.03, "Plan Rows": 2, "Plan Width": 0, "Actual Startup Time": 124.315, "Actual Total Time": 127.984, "Actual Rows": 0, "Actual Loops": 1, "Workers Planned": 2, "Workers Launched": 2, "Single Copy": false, "Plans": [{"Node Type": "Nested Loop", "Parent Relationship": "Outer", "Parallel Aware": false, "Join Type": "Inner", "Startup Cost": 35119.36, "Total Cost": 321828.83, "Plan Rows": 1, "Plan Width": 0, "Actual Startup Time": 122.237, "Actual Total Time": 122.24, "Actual Rows": 0, "Actual Loops": 3, "Inner Unique": true, "Plans": [{"Node Type": "Nested Loop", "Parent Relationship": "Outer", "Parallel Aware": false, "Join Type": "Inner", "Startup Cost": 35119.22, "Total Cost": 321828.67, "Plan Rows": 1, "Plan Width": 4, "Actual Startup Time": 122.236, "Actual Total Time": 122.239, "Actual Rows": 0, "Actual Loops": 3, "Inner Unique": true, "Plans": [{"Node Type": "Hash Join", "Parent Relationship": "Outer", "Parallel Aware": true, "Join Type": "Inner", "Startup Cost": 35118.79, "Total Cost": 321825.31, "Plan Rows": 2, "Plan Width": 12, "Actual Startup Time": 122.236, "Actual Total Time": 122.238, "Actual Rows": 0, "Actual Loops": 3, "Inner Unique": false, "Hash Cond": "(mi.movie_id = mc.movie_id)", "Plans": [{"Node Type": "Seq Scan", "Parent Relationship": "Outer", "Parallel Aware": true, "Relation Name": "movie_info", "Alias": "mi", "Startup Cost": 0.0, "Total Cost": 286477.69, "Plan Rows": 61019, "Plan Width": 8, "Actual Startup Time": 0.0, "Actual Total Time": 0.0, "Actual Rows": 0, "Actual Loops": 0, "Filter": "((info)::text = ANY ('{Sweden,Norway,Germany,Denmark,Swedish,Denish,Norwegian,German}'::text[]))", "Rows Removed by Filter": 0}, {"Node Type": "Hash", "Parent Relationship": "Inner", "Parallel Aware": true, "Startup Cost": 35118.71, "Total Cost": 35118.71, "Plan Rows": 6, "Plan Width": 4, "Actual Startup Time": 122.091, "Actual Total Time": 122.092, "Actual Rows": 0, "Actual Loops": 3, "Hash Buckets": 1024, "Original Hash Buckets": 1024, "Hash Batches": 1, "Original Hash Batches": 1, "Peak Memory Usage": 0, "Plans": [{"Node Type": "Hash Join", "Parent Relationship": "Outer", "Parallel Aware": false, "Join Type": "Inner", "Startup Cost": 18.93, "Total Cost": 35118.71, "Plan Rows": 6, "Plan Width": 4, "Actual Startup Time": 122.075, "Actual Total Time": 122.076, "Actual Rows": 0, "Actual Loops": 3, "Inner Unique": true, "Hash Cond": "(mc.company_type_id = ct.id)", "Plans": [{"Node Type": "Seq Scan", "Parent Relationship": "Outer", "Parallel Aware": true, "Relation Name": "movie_companies", "Alias": "mc", "Startup Cost": 0.0, "Total Cost": 35097.06, "Plan Rows": 1037, "Plan Width": 8, "Actual Startup Time": 2.243, "Actual Total Time": 121.573, "Actual Rows": 8008, "Actual Loops": 3, "Filter": "(((note)::text ~~ '%(theatrical)%'::text) AND ((note)::text ~~ '%(France)%'::text))", "Rows Removed by Filter": 861701}, {"Node Type": "Hash", "Parent Relationship": "Inner", "Parallel Aware": false, "Startup Cost": 18.88, "Total Cost": 18.88, "Plan Rows": 4, "Plan Width": 4, "Actual Startup Time": 0.014, "Actual Total Time": 0.015, "Actual Rows": 1, "Actual Loops": 3, "Hash Buckets": 1024, "Original Hash Buckets": 1024, "Hash Batches": 1, "Original Hash Batches": 1, "Peak Memory Usage": 9, "Plans": [{"Node Type": "Seq Scan", "Parent Relationship": "Outer", "Parallel Aware": false, "Relation Name": "company_type", "Alias": "ct", "Startup Cost": 0.0, "Total Cost": 18.88, "Plan Rows": 4, "Plan Width": 4, "Actual Startup Time": 0.01, "Actual Total Time": 0.011, "Actual Rows": 1, "Actual Loops": 3, "Filter": "((kind)::text = 'production companies'::text)", "Rows Removed by Filter": 3}]}]}]}]}, {"Node Type": "Index Scan", "Parent Relationship": "Inner", "Parallel Aware": false, "Scan Direction": "Forward", "Index Name": "title_pkey", "Relation Name": "title", "Alias": "t", "Startup Cost": 0.43, "Total Cost": 1.68, "Plan Rows": 1, "Plan Width": 4, "Actual Startup Time": 0.0, "Actual Total Time": 0.0, "Actual Rows": 0, "Actual Loops": 0, "Index Cond": "(id = mi.movie_id)", "Rows Removed by Index Recheck": 0, "Filter": "(production_year > 2005)", "Rows Removed by Filter": 0}]}, {"Node Type": "Index Only Scan", "Parent Relationship": "Inner", "Parallel Aware": false, "Scan Direction": "Forward", "Index Name": "info_type_pkey", "Relation Name": "info_type", "Alias": "it", "Startup Cost": 0.14, "Total Cost": 0.16, "Plan Rows": 1, "Plan Width": 4, "Actual Startup Time": 0.0, "Actual Total Time": 0.0, "Actual Rows": 0, "Actual Loops": 0, "Index Cond": "(id = mi.info_type_id)", "Rows Removed by Index Recheck": 0, "Heap Fetches": 0}]}]}]}, "Planning Time": 79.099, "Triggers": [], "Execution Time": 128.043}]
[{"Bao": {"Bao prediction": "NaN", "Bao recommended hint": "(no hint)"}}, {"Plan": {"Node Type": "Aggregate", "Strategy": "Plain", "Partial Mode": "Finalize", "Parallel Aware": false, "Startup Cost": 84689.2, "Total Cost": 84689.21, "Plan Rows": 1, "Plan Width": 8, "Actual Startup Time": 374.295, "Actual Total Time": 384.151, "Actual Rows": 1, "Actual Loops": 1, "Plans": [{"Node Type": "Gather", "Parent Relationship": "Outer", "Parallel Aware": false, "Startup Cost": 84688.99, "Total Cost": 84689.2, "Plan Rows": 2, "Plan Width": 8, "Actual Startup Time": 374.156, "Actual Total Time": 384.131, "Actual Rows": 3, "Actual Loops": 1, "Workers Planned": 2, "Workers Launched": 2, "Single Copy": false, "Plans": [{"Node Type": "Aggregate", "Strategy": "Plain", "Partial Mode": "Partial", "Parent Relationship": "Outer", "Parallel Aware": false, "Startup Cost": 83688.99, "Total Cost": 83689.0, "Plan Rows": 1, "Plan Width": 8, "Actual Startup Time": 371.954, "Actual Total Time": 371.96, "Actual Rows": 1, "Actual Loops": 3, "Plans": [{"Node Type": "Nested Loop", "Parent Relationship": "Outer", "Parallel Aware": false, "Join Type": "Inner", "Startup Cost": 51923.11, "Total Cost": 83688.91, "Plan Rows": 30, "Plan Width": 0, "Actual Startup Time": 247.975, "Actual Total Time": 371.711, "Actual Rows": 4966, "Actual Loops": 3, "Inner Unique": true, "Plans": [{"Node Type": "Nested Loop", "Parent Relationship": "Outer", "Parallel Aware": false, "Join Type": "Inner", "Startup Cost": 51922.96, "Total Cost": 83683.81, "Plan Rows": 30, "Plan Width": 4, "Actual Startup Time": 247.963, "Actual Total Time": 367.128, "Actual Rows": 5164, "Actual Loops": 3, "Inner Unique": true, "Plans": [{"Node Type": "Hash Join", "Parent Relationship": "Outer", "Parallel Aware": true, "Join Type": "Inner", "Startup Cost": 51922.54, "Total Cost": 83668.91, "Plan Rows": 33, "Plan Width": 8, "Actual Startup Time": 247.932, "Actual Total Time": 359.417, "Actual Rows": 5170, "Actual Loops": 3, "Inner Unique": false, "Hash Cond": "(mc.movie_id = ml.movie_id)", "Plans": [{"Node Type": "Seq Scan", "Parent Relationship": "Outer", "Parallel Aware": true, "Relation Name": "movie_companies", "Alias": "mc", "Startup Cost": 0.0, "Total Cost": 29661.37, "Plan Rows": 555962, "Plan Width": 12, "Actual Startup Time": 0.012, "Actual Total Time": 79.182, "Actual Rows": 445713, "Actual Loops": 3, "Filter": "(note IS NOT NULL)", "Rows Removed by Filter": 423996}, {"Node Type": "Hash", "Parent Relationship": "Inner", "Parallel Aware": true, "Startup Cost": 51922.39, "Total Cost": 51922.39, "Plan Rows": 12, "Plan Width": 12, "Actual Startup Time": 247.557, "Actual Total Time": 247.562, "Actual Rows": 487, "Actual Loops": 3, "Hash Buckets": 1024, "Original Hash Buckets": 1024, "Hash Batches": 1, "Original Hash Batches": 1, "Peak Memory Usage": 136, "Plans": [{"Node Type": "Nested Loop", "Parent Relationship": "Outer", "Parallel Aware": false, "Join Type": "Inner", "Startup Cost": 3632.39, "Total Cost": 51922.39, "Plan Rows": 12, "Plan Width": 12, "Actual Startup Time": 23.806, "Actual Total Time": 247.395, "Actual Rows": 487, "Actual Loops": 3, "Inner Unique": true, "Plans": [{"Node Type": "Nested Loop", "Parent Relationship": "Outer", "Parallel Aware": false, "Join Type": "Inner", "Startup Cost": 3632.24, "Total Cost": 51920.36, "Plan Rows": 12, "Plan Width": 16, "Actual Startup Time": 23.776, "Actual Total Time": 246.924, "Actual Rows": 487, "Actual Loops": 3, "Inner Unique": true, "Join Filter": "(ml.movie_id = t.id)", "Rows Removed by Join Filter": 0, "Plans": [{"Node Type": "Hash Join", "Parent Relationship": "Outer", "Parallel Aware": false, "Join Type": "Inner", "Startup Cost": 3631.81, "Total Cost": 51913.83, "Plan Rows": 13, "Plan Width": 12, "Actual Startup Time": 23.751, "Actual Total Time": 245.861, "Actual Rows": 487, "Actual Loops": 3, "Inner Unique": false, "Hash Cond": "(mk.movie_id = ml.movie_id)", "Plans": [{"Node Type": "Hash Join", "Parent Relationship": "Outer", "Parallel Aware": false, "Join Type": "Inner", "Startup Cost": 2793.88, "Total Cost": 51045.79, "Plan Rows": 42, "Plan Width": 4, "Actual Startup Time": 16.897, "Actual Total Time": 235.966, "Actual Rows": 15801, "Actual Loops": 3, "Inner Unique": true, "Hash Cond": "(mk.keyword_id = k.id)", "Plans": [{"Node Type": "Seq Scan", "Parent Relationship": "Outer", "Parallel Aware": true, "Relation Name": "movie_keyword", "Alias": "mk", "Startup Cost": 0.0, "Total Cost": 43303.71, "Plan Rows": 1884971, "Plan Width": 8, "Actual Startup Time": 0.008, "Actual Total Time": 109.024, "Actual Rows": 1507977, "Actual Loops": 3}, {"Node Type": "Hash", "Parent Relationship": "Inner", "Parallel Aware": false, "Startup Cost": 2793.84, "Total Cost": 2793.84, "Plan Rows": 3, "Plan Width": 4, "Actual Startup Time": 16.836, "Actual Total Time": 16.836, "Actual Rows": 3, "Actual Loops": 3, "Hash Buckets": 1024, "Original Hash Buckets": 1024, "Hash Batches": 1, "Original Hash Batches": 1, "Peak Memory Usage": 9, "Plans": [{"Node Type": "Seq Scan", "Parent Relationship": "Outer", "Parallel Aware": false, "Relation Name": "keyword", "Alias": "k", "Startup Cost": 0.0, "Total Cost": 2793.84, "Plan Rows": 3, "Plan Width": 4, "Actual Startup Time": 0.686, "Actual Total Time": 16.833, "Actual Rows": 3, "Actual Loops": 3, "Filter": "((keyword)::text = ANY ('{sequel,revenge,based-on-novel}'::text[]))", "Rows Removed by Filter": 134167}]}]}, {"Node Type": "Hash", "Parent Relationship": "Inner", "Parallel Aware": false, "Startup Cost": 462.97, "Total Cost": 462.97, "Plan Rows": 29997, "Plan Width": 8, "Actual Startup Time": 6.712, "Actual Total Time": 6.713, "Actual Rows": 29997, "Actual Loops": 3, "Hash Buckets": 32768, "Original Hash Buckets": 32768, "Hash Batches": 1, "Original Hash Batches": 1, "Peak Memory Usage": 1428, "Plans": [{"Node Type": "Seq Scan", "Parent Relationship": "Outer", "Parallel Aware": false, "Relation Name": "movie_link", "Alias": "ml", "Startup Cost": 0.0, "Total Cost": 462.97, "Plan Rows": 29997, "Plan Width": 8, "Actual Startup Time": 0.019, "Actual Total Time": 3.362, "Actual Rows": 29997, "Actual Loops": 3}]}]}, {"Node Type": "Index Scan", "Parent Relationship": "Inner", "Parallel Aware": false, "Scan Direction": "Forward", "Index Name": "title_pkey", "Relation Name": "title", "Alias": "t", "Startup Cost": 0.43, "Total Cost": 0.49, "Plan Rows": 1, "Plan Width": 4, "Actual Startup Time": 0.002, "Actual Total Time": 0.002, "Actual Rows": 1, "Actual Loops": 1460, "Index Cond": "(id = mk.movie_id)", "Rows Removed by Index Recheck": 0, "Filter": "(production_year > 1950)", "Rows Removed by Filter": 0}]}, {"Node Type": "Index Only Scan", "Parent Relationship": "Inner", "Parallel Aware": false, "Scan Direction": "Forward", "Index Name": "link_type_pkey", "Relation Name": "link_type", "Alias": "lt", "Startup Cost": 0.15, "Total Cost": 0.17, "Plan Rows": 1, "Plan Width": 4, "Actual Startup Time": 0.001, "Actual Total Time": 0.001, "Actual Rows": 1, "Actual Loops": 1460, "Index Cond": "(id = ml.link_type_id)", "Rows Removed by Index Recheck": 0, "Heap Fetches": 1460}]}]}]}, {"Node Type": "Index Scan", "Parent Relationship": "Inner", "Parallel Aware": false, "Scan Direction": "Forward", "Index Name": "company_name_pkey", "Relation Name": "company_name", "Alias": "cn", "Startup Cost": 0.42, "Total Cost": 0.45, "Plan Rows": 1, "Plan Width": 4, "Actual Startup Time": 0.001, "Actual Total Time": 0.001, "Actual Rows": 1, "Actual Loops": 15510, "Index Cond": "(id = mc.company_id)", "Rows Removed by Index Recheck": 0, "Filter": "((country_code)::text <> '[pl]'::text)", "Rows Removed by Filter": 0}]}, {"Node Type": "Index Scan", "Parent Relationship": "Inner", "Parallel Aware": false, "Scan Direction": "Forward", "Index Name": "company_type_pkey", "Relation Name": "company_type", "Alias": "ct", "Startup Cost": 0.15, "Total Cost": 0.17, "Plan Rows": 1, "Plan Width": 4, "Actual Startup Time": 0.001, "Actual Total Time": 0.001, "Actual Rows": 1, "Actual Loops": 15493, "Index Cond": "(id = mc.company_type_id)", "Rows Removed by Index Recheck": 0, "Filter": "((kind IS NOT NULL) AND ((kind)::text <> 'production companies'::text))", "Rows Removed by Filter": 0}]}]}]}]}, "Planning Time": 84.998, "Triggers": [], "Execution Time": 384.237}]
[{"Bao": {"Bao prediction": "NaN", "Bao recommended hint": "(no hint)"}}, {"Plan": {"Node Type": "Aggregate", "Strategy": "Plain", "Partial Mode": "Simple", "Parallel Aware": false, "Startup Cost": 872863.67, "Total Cost": 872863.68, "Plan Rows": 1, "Plan Width": 8, "Actual Startup Time": 4319.144, "Actual Total Time": 4368.43, "Actual Rows": 1, "Actual Loops": 1, "Plans": [{"Node Type": "Gather", "Parent Relationship": "Outer", "Parallel Aware": false, "Startup Cost": 856301.8, "Total Cost": 872863.66, "Plan Rows": 1, "Plan Width": 0, "Actual Startup Time": 4318.93, "Actual Total Time": 4368.422, "Actual Rows": 15, "Actual Loops": 1, "Workers Planned": 2, "Workers Launched": 2, "Single Copy": false, "Plans": [{"Node Type": "Nested Loop", "Parent Relationship": "Outer", "Parallel Aware": false, "Join Type": "Inner", "Startup Cost": 855301.8, "Total Cost": 871863.56, "Plan Rows": 1, "Plan Width": 0, "Actual Startup Time": 4301.815, "Actual Total Time": 4316.175, "Actual Rows": 5, "Actual Loops": 3, "Inner Unique": true, "Join Filter": "(ci.person_id = n.id)", "Rows Removed by Join Filter": 0, "Plans": [{"Node Type": "Hash Join", "Parent Relationship": "Outer", "Parallel Aware": true, "Join Type": "Inner", "Startup Cost": 855301.37, "Total Cost": 871861.33, "Plan Rows": 1, "Plan Width": 12, "Actual Startup Time": 4301.805, "Actual Total Time": 4316.153, "Actual Rows": 5, "Actual Loops": 3, "Inner Unique": false, "Hash Cond": "(an.person_id = ci.person_id)", "Plans": [{"Node Type": "Seq Scan", "Parent Relationship": "Outer", "Parallel Aware": true, "Relation Name": "aka_name", "Alias": "an", "Startup Cost": 0.0, "Total Cost": 15151.6, "Plan Rows": 375560, "Plan Width": 4, "Actual Startup Time": 0.011, "Actual Total Time": 23.849, "Actual Rows": 300448, "Actual Loops": 3}, {"Node Type": "Hash", "Parent Relationship": "Inner", "Parallel Aware": true, "Startup Cost": 855301.36, "Total Cost": 855301.36, "Plan Rows": 1, "Plan Width": 8, "Actual Startup Time": 4271.94, "Actual Total Time": 4271.959, "Actual Rows": 2, "Actual Loops": 3, "Hash Buckets": 1024, "Original Hash Buckets": 1024, "Hash Batches": 1, "Original Hash Batches": 1, "Peak Memory Usage": 40, "Plans": [{"Node Type": "Nested Loop", "Parent Relationship": "Outer", "Parallel Aware": false, "Join Type": "Inner", "Startup Cost": 788480.25, "Total Cost": 855301.36, "Plan Rows": 1, "Plan Width": 8, "Actual Startup Time": 4216.019, "Actual Total Time": 4271.887, "Actual Rows": 2, "Actual Loops": 3, "Inner Unique": true, "Plans": [{"Node Type": "Nested Loop", "Parent Relationship": "Outer", "Parallel Aware": false, "Join Type": "Inner", "Startup Cost": 788480.1, "Total Cost": 855300.62, "Plan Rows": 1, "Plan Width": 12, "Actual Startup Time": 4216.013, "Actual Total Time": 4271.878, "Actual Rows": 2, "Actual Loops": 3, "Inner Unique": true, "Plans": [{"Node Type": "Hash Join", "Parent Relationship": "Outer", "Parallel Aware": true, "Join Type": "Inner", "Startup Cost": 788479.67, "Total Cost": 855296.55, "Plan Rows": 1, "Plan Width": 16, "Actual Startup Time": 4117.115, "Actual Total Time": 4271.714, "Actual Rows": 22, "Actual Loops": 3, "Inner Unique": false, "Hash Cond": "(pi.person_id = ci.person_id)", "Plans": [{"Node Type": "Hash Join", "Parent Relationship": "Outer", "Parallel Aware": false, "Join Type": "Inner", "Startup Cost": 2.43, "Total Cost": 66778.28, "Plan Rows": 10937, "Plan Width": 4, "Actual Startup Time": 0.046, "Actual Total Time": 168.511, "Actual Rows": 47448, "Actual Loops": 3, "Inner Unique": true, "Hash Cond": "(pi.info_type_id = it3.id)", "Plans": [{"Node Type": "Seq Scan", "Parent Relationship": "Outer", "Parallel Aware": true, "Relation Name": "person_info", "Alias": "pi", "Startup Cost": 0.0, "Total Cost": 63409.96, "Plan Rows": 1235896, "Plan Width": 8, "Actual Startup Time": 0.006, "Actual Total Time": 91.733, "Actual Rows": 987888, "Actual Loops": 3}, {"Node Type": "Hash", "Parent Relationship": "Inner", "Parallel Aware": false, "Startup Cost": 2.41, "Total Cost": 2.41, "Plan Rows": 1, "Plan Width": 4, "Actual Startup Time": 0.023, "Actual Total Time": 0.023, "Actual Rows": 1, "Actual Loops": 3, "Hash Buckets": 1024, "Original Hash Buckets": 1024, "Hash Batches": 1, "Original Hash Batches": 1, "Peak Memory Usage": 9, "Plans": [{"Node Type": "Seq Scan", "Parent Relationship": "Outer", "Parallel Aware": false, "Relation Name": "info_type", "Alias": "it3", "Startup Cost": 0.0, "Total Cost": 2.41, "Plan Rows": 1, "Plan Width": 4, "Actual Startup Time": 0.015, "Actual Total Time": 0.02, "Actual Rows": 1, "Actual Loops": 3, "Filter": "((info)::text = 'height'::text)", "Rows Removed by Filter": 112}]}]}, {"Node Type": "Hash", "Parent Relationship": "Inner", "Parallel Aware": true, "Startup Cost": 788477.23, "Total Cost": 788477.23, "Plan Rows": 1, "Plan Width": 12, "Actual Startup Time": 4100.023, "Actual Total Time": 4100.038, "Actual Rows": 63, "Actual Loops": 3, "Hash Buckets": 1024, "Original Hash Buckets": 1024, "Hash Batches": 1, "Original Hash Batches": 1, "Peak Memory Usage": 104, "Plans": [{"Node Type": "Hash Join", "Parent Relationship": "Outer", "Parallel Aware": true, "Join Type": "Inner", "Startup Cost": 326888.73, "Total Cost": 788477.23, "Plan Rows": 1, "Plan Width": 12, "Actual Startup Time": 2841.134, "Actual Total Time": 4099.99, "Actual Rows": 63, "Actual Loops": 3, "Inner Unique": false, "Hash Cond": "(ci.movie_id = t.id)", "Plans": [{"Node Type": "Seq Scan", "Parent Relationship": "Outer", "Parallel Aware": true, "Relation Name": "cast_info", "Alias": "ci", "Startup Cost": 0.0, "Total Cost": 460246.89, "Plan Rows": 357758, "Plan Width": 16, "Actual Startup Time": 0.038, "Actual Total Time": 1254.127, "Actual Rows": 278900, "Actual Loops": 3, "Filter": "((note)::text = ANY ('{(voice),\"(voice) (uncredited)\",\"(voice: English version)\"}'::text[]))", "Rows Removed by Filter": 11802548}, {"Node Type": "Hash", "Parent Relationship": "Inner", "Parallel Aware": true, "Startup Cost": 326888.72, "Total Cost": 326888.72, "Plan Rows": 1, "Plan Width": 20, "Actual Startup Time": 2829.03, "Actual Total Time": 2829.044, "Actual Rows": 2, "Actual Loops": 3, "Hash Buckets": 1024, "Original Hash Buckets": 1024, "Hash Batches": 1, "Original Hash Batches": 1, "Peak Memory Usage": 40, "Plans": [{"Node Type": "Nested Loop", "Parent Relationship": "Outer", "Parallel Aware": false, "Join Type": "Inner", "Startup Cost": 276503.34, "Total Cost": 326888.72, "Plan Rows": 1, "Plan Width": 20, "Actual Startup Time": 2640.815, "Actual Total Time": 2828.533, "Actual Rows": 2, "Actual Loops": 3, "Inner Unique": true, "Join Filter": "(mi.movie_id = t.id)", "Rows Removed by Join Filter": 0, "Plans": [{"Node Type": "Nested Loop", "Parent Relationship": "Outer", "Parallel Aware": false, "Join Type": "Inner", "Startup Cost": 276502.91, "Total Cost": 326886.57, "Plan Rows": 1, "Plan Width": 16, "Actual Startup Time": 1548.547, "Actual Total Time": 2828.347, "Actual Rows": 76, "Actual Loops": 3, "Inner Unique": true, "Plans": [{"Node Type": "Hash Join", "Parent Relationship": "Outer", "Parallel Aware": true, "Join Type": "Inner", "Startup Cost": 276502.49, "Total Cost": 326874.89, "Plan Rows": 5, "Plan Width": 20, "Actual Startup Time": 1302.737, "Actual Total Time": 1622.009, "Actual Rows": 772036, "Actual Loops": 3, "Inner Unique": false, "Hash Cond": "(mk.movie_id = mi.movie_id)", "Plans": [{"Node Type": "Seq Scan", "Parent Relationship": "Outer", "Parallel Aware": true, "Relation Name": "movie_keyword", "Alias": "mk", "Startup Cost": 0.0, "Total Cost": 43303.71, "Plan Rows": 1884971, "Plan Width": 8, "Actual Startup Time": 0.007, "Actual Total Time": 107.459, "Actual Rows": 1507977, "Actual Loops": 3}, {"Node Type": "Hash", "Parent Relationship": "Inner", "Parallel Aware": true, "Startup Cost": 276502.48, "Total Cost": 276502.48, "Plan Rows": 1, "Plan Width": 12, "Actual Startup Time": 1300.78, "Actual Total Time": 1300.792, "Actual Rows": 5897, "Actual Loops": 3, "Hash Buckets": 16384, "Original Hash Buckets": 1024, "Hash Batches": 1, "Original Hash Batches": 1, "Peak Memory Usage": 1112, "Plans": [{"Node Type": "Nested Loop", "Parent Relationship": "Outer", "Parallel Aware": false, "Join Type": "Inner", "Startup Cost": 242750.34, "Total Cost": 276502.48, "Plan Rows": 1, "Plan Width": 12, "Actual Startup Time": 1089.159, "Actual Total Time": 1279.938, "Actual Rows": 5897, "Actual Loops": 3, "Inner Unique": true, "Plans": [{"Node Type": "Nested Loop", "Parent Relationship": "Outer", "Parallel Aware": false, "Join Type": "Inner", "Startup Cost": 242750.19, "Total Cost": 276502.13, "Plan Rows": 2, "Plan Width": 16, "Actual Startup Time": 1089.151, "Actual Total Time": 1274.262, "Actual Rows": 5897, "Actual Loops": 3, "Inner Unique": true, "Plans": [{"Node Type": "Hash Join", "Parent Relationship": "Outer", "Parallel Aware": true, "Join Type": "Inner", "Startup Cost": 242749.77, "Total Cost": 276487.93, "Plan Rows": 7, "Plan Width": 20, "Actual Startup Time": 1088.517, "Actual Total Time": 1233.114, "Actual Rows": 23456, "Actual Loops": 3, "Inner Unique": false, "Hash Cond": "(mc.movie_id = mi.movie_id)", "Plans": [{"Node Type": "Seq Scan", "Parent Relationship": "Outer", "Parallel Aware": true, "Relation Name": "movie_companies", "Alias": "mc", "Startup Cost": 0.0, "Total Cost": 29661.37, "Plan Rows": 1087137, "Plan Width": 8, "Actual Startup Time": 0.032, "Actual Total Time": 65.753, "Actual Rows": 869710, "Actual Loops": 3}, {"Node Type": "Hash", "Parent Relationship": "Inner", "Parallel Aware": true, "Startup Cost": 242749.76, "Total Cost": 242749.76, "Plan Rows": 1, "Plan Width": 12, "Actual Startup Time": 1087.154, "Actual Total Time": 1087.158, "Actual Rows": 1082, "Actual Loops": 3, "Hash Buckets": 4096, "Original Hash Buckets": 1024, "Hash Batches": 1, "Original Hash Batches": 1, "Peak Memory Usage": 280, "Plans": [{"Node Type": "Hash Join", "Parent Relationship": "Outer", "Parallel Aware": false, "Join Type": "Inner", "Startup Cost": 2478.48, "Total Cost": 242749.76, "Plan Rows": 1, "Plan Width": 12, "Actual Startup Time": 183.059, "Actual Total Time": 565.695, "Actual Rows": 1082, "Actual Loops": 3, "Inner Unique": false, "Hash Cond": "(mi.movie_id = cc.movie_id)", "Plans": [{"Node Type": "Seq Scan", "Parent Relationship": "Outer", "Parallel Aware": true, "Relation Name": "movie_info", "Alias": "mi", "Startup Cost": 0.0, "Total Cost": 239795.93, "Plan Rows": 126756, "Plan Width": 8, "Actual Startup Time": 60.375, "Actual Total Time": 514.601, "Actual Rows": 129228, "Actual Loops": 3, "Filter": "((info)::text ~~ 'USA:%200%'::text)", "Rows Removed by Filter": 4816012}, {"Node Type": "Hash", "Parent Relationship": "Inner", "Parallel Aware": false, "Startup Cost": 2478.43, "Total Cost": 2478.43, "Plan Rows": 4, "Plan Width": 4, "Actual Startup Time": 36.178, "Actual Total Time": 36.181, "Actual Rows": 17879, "Actual Loops": 3, "Hash Buckets": 32768, "Original Hash Buckets": 1024, "Hash Batches": 1, "Original Hash Batches": 1, "Peak Memory Usage": 885, "Plans": [{"Node Type": "Hash Join", "Parent Relationship": "Outer", "Parallel Aware": false, "Join Type": "Inner", "Startup Cost": 37.85, "Total Cost": 2478.43, "Plan Rows": 4, "Plan Width": 4, "Actual Startup Time": 0.059, "Actual Total Time": 33.96, "Actual Rows": 17879, "Actual Loops": 3, "Inner Unique": true, "Hash Cond": "(cc.status_id = cct2.id)", "Plans": [{"Node Type": "Hash Join", "Parent Relationship": "Outer", "Parallel Aware": false, "Join Type": "Inner", "Startup Cost": 18.93, "Total Cost": 2457.5, "Plan Rows": 761, "Plan Width": 8, "Actual Startup Time": 0.022, "Actual Total Time": 27.225, "Actual Rows": 85941, "Actual Loops": 3, "Inner Unique": true, "Hash Cond": "(cc.subject_id = cct1.id)", "Plans": [{"Node Type": "Seq Scan", "Parent Relationship": "Outer", "Parallel Aware": false, "Relation Name": "complete_cast", "Alias": "cc", "Startup Cost": 0.0, "Total Cost": 2081.86, "Plan Rows": 135086, "Plan Width": 12, "Actual Startup Time": 0.008, "Actual Total Time": 9.273, "Actual Rows": 135086, "Actual Loops": 3}, {"Node Type": "Hash", "Parent Relationship": "Inner", "Parallel Aware": false, "Startup Cost": 18.88, "Total Cost": 18.88, "Plan Rows": 4, "Plan Width": 4, "Actual Startup Time": 0.005, "Actual Total Time": 0.006, "Actual Rows": 1, "Actual Loops": 3, "Hash Buckets": 1024, "Original Hash Buckets": 1024, "Hash Batches": 1, "Original Hash Batches": 1, "Peak Memory Usage": 9, "Plans": [{"Node Type": "Seq Scan", "Parent Relationship": "Outer", "Parallel Aware": false, "Relation Name": "comp_cast_type", "Alias": "cct1", "Startup Cost": 0.0, "Total Cost": 18.88, "Plan Rows": 4, "Plan Width": 4, "Actual Startup Time": 0.002, "Actual Total Time": 0.003, "Actual Rows": 1, "Actual Loops": 3, "Filter": "((kind)::text = 'cast'::text)", "Rows Removed by Filter": 3}]}]}, {"Node Type": "Hash", "Parent Relationship": "Inner", "Parallel Aware": false, "Startup Cost": 18.88, "Total Cost": 18.88, "Plan Rows": 4, "Plan Width": 4, "Actual Startup Time": 0.029, "Actual Total Time": 0.03, "Actual Rows": 1, "Actual Loops": 3, "Hash Buckets": 1024, "Original Hash Buckets": 1024, "Hash Batches": 1, "Original Hash Batches": 1, "Peak Memory Usage": 9, "Plans": [{"Node Type": "Seq Scan", "Parent Relationship": "Outer", "Parallel Aware": false, "Relation Name": "comp_cast_type", "Alias": "cct2", "Startup Cost": 0.0, "Total Cost": 18.88, "Plan Rows": 4, "Plan Width": 4, "Actual Startup Time": 0.022, "Actual Total Time": 0.023, "Actual Rows": 1, "Actual Loops": 3, "Filter": "((kind)::text = 'complete+verified'::text)", "Rows Removed by Filter": 3}]}]}]}]}]}]}, {"Node Type": "Index Scan", "Parent Relationship": "Inner", "Parallel Aware": false, "Scan Direction": "Forward", "Index Name": "company_name_pkey", "Relation Name": "company_name", "Alias": "cn", "Startup Cost": 0.42, "Total Cost": 2.03, "Plan Rows": 1, "Plan Width": 4, "Actual Startup Time": 0.002, "Actual Total Time": 0.002, "Actual Rows": 0, "Actual Loops": 70369, "Index Cond": "(id = mc.company_id)", "Rows Removed by Index Recheck": 0, "Filter": "((country_code)::text = '[us]'::text)", "Rows Removed by Filter": 1}]}, {"Node Type": "Index Scan", "Parent Relationship": "Inner", "Parallel Aware": false, "Scan Direction": "Forward", "Index Name": "info_type_pkey", "Relation Name": "info_type", "Alias": "it", "Startup Cost": 0.14, "Total Cost": 0.16, "Plan Rows": 1, "Plan Width": 4, "Actual Startup Time": 0.001, "Actual Total Time": 0.001, "Actual Rows": 1, "Actual Loops": 17691, "Index Cond": "(id = mi.info_type_id)", "Rows Removed by Index Recheck": 0, "Filter": "((info)::text = 'release dates'::text)", "Rows Removed by Filter": 0}]}]}]}, {"Node Type": "Index Scan", "Parent Relationship": "Inner", "Parallel Aware": false, "Scan Direction": "Forward", "Index Name": "keyword_pkey", "Relation Name": "keyword", "Alias": "k", "Startup Cost": 0.42, "Total Cost": 2.02, "Plan Rows": 1, "Plan Width": 4, "Actual Startup Time": 0.001, "Actual Total Time": 0.001, "Actual Rows": 0, "Actual Loops": 2316109, "Index Cond": "(id = mk.keyword_id)", "Rows Removed by Index Recheck": 0, "Filter": "((keyword)::text = 'computer-animation'::text)", "Rows Removed by Filter": 1}]}, {"Node Type": "Index Scan", "Parent Relationship": "Inner", "Parallel Aware": false, "Scan Direction": "Forward", "Index Name": "title_pkey", "Relation Name": "title", "Alias": "t", "Startup Cost": 0.43, "Total Cost": 2.14, "Plan Rows": 1, "Plan Width": 4, "Actual Startup Time": 0.002, "Actual Total Time": 0.002, "Actual Rows": 0, "Actual Loops": 229, "Index Cond": "(id = mk.movie_id)", "Rows Removed by Index Recheck": 0, "Filter": "((production_year >= 2000) AND (production_year <= 2005) AND ((title)::text = 'Shrek 2'::text))", "Rows Removed by Filter": 1}]}]}]}]}]}, {"Node Type": "Index Scan", "Parent Relationship": "Inner", "Parallel Aware": false, "Scan Direction": "Forward", "Index Name": "char_name_pkey", "Relation Name": "char_name", "Alias": "chn", "Startup Cost": 0.43, "Total Cost": 2.25, "Plan Rows": 1, "Plan Width": 4, "Actual Startup Time": 0.007, "Actual Total Time": 0.007, "Actual Rows": 0, "Actual Loops": 65, "Index Cond": "(id = ci.person_role_id)", "Rows Removed by Index Recheck": 0, "Filter": "((name)::text = 'Queen'::text)", "Rows Removed by Filter": 1}]}, {"Node Type": "Index Scan", "Parent Relationship": "Inner", "Parallel Aware": false, "Scan Direction": "Forward", "Index Name": "role_type_pkey", "Relation Name": "role_type", "Alias": "rt", "Startup Cost": 0.15, "Total Cost": 0.57, "Plan Rows": 1, "Plan Width": 4, "Actual Startup Time": 0.004, "Actual Total Time": 0.004, "Actual Rows": 1, "Actual Loops": 5, "Index Cond": "(id = ci.role_id)", "Rows Removed by Index Recheck": 0, "Filter": "((role)::text = 'actress'::text)", "Rows Removed by Filter": 0}]}]}]}, {"Node Type": "Index Scan", "Parent Relationship": "Inner", "Parallel Aware": false, "Scan Direction": "Forward", "Index Name": "name_pkey", "Relation Name": "name", "Alias": "n", "Startup Cost": 0.43, "Total Cost": 2.22, "Plan Rows": 1, "Plan Width": 4, "Actual Startup Time": 0.004, "Actual Total Time": 0.004, "Actual Rows": 1, "Actual Loops": 15, "Index Cond": "(id = pi.person_id)", "Rows Removed by Index Recheck": 0, "Filter": "(((name)::text ~~ '%An%'::text) AND ((gender)::text = 'f'::text))", "Rows Removed by Filter": 0}]}]}]}, "Planning Time": 310.673, "Triggers": [], "Execution Time": 4368.558}]
[{"Bao": {"Bao prediction": "NaN", "Bao recommended hint": "(no hint)"}}, {"Plan": {"Node Type": "Aggregate", "Strategy": "Plain", "Partial Mode": "Finalize", "Parallel Aware": false, "Startup Cost": 480306.44, "Total Cost": 480306.45, "Plan Rows": 1, "Plan Width": 8, "Actual Startup Time": 1261.549, "Actual Total Time": 1289.457, "Actual Rows": 1, "Actual Loops": 1, "Plans": [{"Node Type": "Gather", "Parent Relationship": "Outer", "Parallel Aware": false, "Startup Cost": 480306.22, "Total Cost": 480306.43, "Plan Rows": 2, "Plan Width": 8, "Actual Startup Time": 1261.392, "Actual Total Time": 1289.451, "Actual Rows": 3, "Actual Loops": 1, "Workers Planned": 2, "Workers Launched": 2, "Single Copy": false, "Plans": [{"Node Type": "Aggregate", "Strategy": "Plain", "Partial Mode": "Partial", "Parent Relationship": "Outer", "Parallel Aware": false, "Startup Cost": 479306.22, "Total Cost": 479306.23, "Plan Rows": 1, "Plan Width": 8, "Actual Startup Time": 1259.147, "Actual Total Time": 1259.151, "Actual Rows": 1, "Actual Loops": 3, "Plans": [{"Node Type": "Nested Loop", "Parent Relationship": "Outer", "Parallel Aware": false, "Join Type": "Inner", "Startup Cost": 445235.99, "Total Cost": 479306.21, "Plan Rows": 4, "Plan Width": 0, "Actual Startup Time": 1259.144, "Actual Total Time": 1259.148, "Actual Rows": 0, "Actual Loops": 3, "Inner Unique": true, "Plans": [{"Node Type": "Nested Loop", "Parent Relationship": "Outer", "Parallel Aware": false, "Join Type": "Inner", "Startup Cost": 445235.84, "Total Cost": 479305.54, "Plan Rows": 4, "Plan Width": 4, "Actual Startup Time": 1259.144, "Actual Total Time": 1259.148, "Actual Rows": 0, "Actual Loops": 3, "Inner Unique": true, "Plans": [{"Node Type": "Hash Join", "Parent Relationship": "Outer", "Parallel Aware": true, "Join Type": "Inner", "Startup Cost": 445235.42, "Total Cost": 478974.65, "Plan Rows": 742, "Plan Width": 8, "Actual Startup Time": 1259.144, "Actual Total Time": 1259.147, "Actual Rows": 0, "Actual Loops": 3, "Inner Unique": false, "Hash Cond": "(mc.movie_id = t.id)", "Plans": [{"Node Type": "Seq Scan", "Parent Relationship": "Outer", "Parallel Aware": true, "Relation Name": "movie_companies", "Alias": "mc", "Startup Cost": 0.0, "Total Cost": 29661.37, "Plan Rows": 1087137, "Plan Width": 12, "Actual Startup Time": 0.0, "Actual Total Time": 0.0, "Actual Rows": 0, "Actual Loops": 0}, {"Node Type": "Hash", "Parent Relationship": "Inner", "Parallel Aware": true, "Startup Cost": 445232.23, "Total Cost": 445232.23, "Plan Rows": 255, "Plan Width": 8, "Actual Startup Time": 1258.913, "Actual Total Time": 1258.916, "Actual Rows": 0, "Actual Loops": 3, "Hash Buckets": 1024, "Original Hash Buckets": 1024, "Hash Batches": 1, "Original Hash Batches": 1, "Peak Memory Usage": 0, "Plans": [{"Node Type": "Nested Loop", "Parent Relationship": "Outer", "Parallel Aware": false, "Join Type": "Inner", "Startup Cost": 19.79, "Total Cost": 445232.23, "Plan Rows": 255, "Plan Width": 8, "Actual Startup Time": 1258.895, "Actual Total Time": 1258.897, "Actual Rows": 0, "Actual Loops": 3, "Inner Unique": true, "Plans": [{"Node Type": "Nested Loop", "Parent Relationship": "Outer", "Parallel Aware": false, "Join Type": "Inner", "Startup Cost": 19.36, "Total Cost": 444930.2, "Plan Rows": 521, "Plan Width": 12, "Actual Startup Time": 1258.894, "Actual Total Time": 1258.896, "Actual Rows": 0, "Actual Loops": 3, "Inner Unique": true, "Plans": [{"Node Type": "Hash Join", "Parent Relationship": "Outer", "Parallel Aware": false, "Join Type": "Inner", "Startup Cost": 18.93, "Total Cost": 442984.0, "Plan Rows": 3386, "Plan Width": 8, "Actual Startup Time": 134.05, "Actual Total Time": 1258.77, "Actual Rows": 4, "Actual Loops": 3, "Inner Unique": true, "Hash Cond": "(ci.role_id = rt.id)", "Plans": [{"Node Type": "Seq Scan", "Parent Relationship": "Outer", "Parallel Aware": true, "Relation Name": "cast_info", "Alias": "ci", "Startup Cost": 0.0, "Total Cost": 441377.81, "Plan Rows": 601081, "Plan Width": 12, "Actual Startup Time": 133.994, "Actual Total Time": 1226.641, "Actual Rows": 478480, "Actual Loops": 3, "Filter": "((note)::text ~~ '%(producer)%'::text)", "Rows Removed by Filter": 11602968}, {"Node Type": "Hash", "Parent Relationship": "Inner", "Parallel Aware": false, "Startup Cost": 18.88, "Total Cost": 18.88, "Plan Rows": 4, "Plan Width": 4, "Actual Startup Time": 0.033, "Actual Total Time": 0.033, "Actual Rows": 1, "Actual Loops": 3, "Hash Buckets": 1024, "Original Hash Buckets": 1024, "Hash Batches": 1, "Original Hash Batches": 1, "Peak Memory Usage": 9, "Plans": [{"Node Type": "Seq Scan", "Parent Relationship": "Outer", "Parallel Aware": false, "Relation Name": "role_type", "Alias": "rt", "Startup Cost": 0.0, "Total Cost": 18.88, "Plan Rows": 4, "Plan Width": 4, "Actual Startup Time": 0.027, "Actual Total Time": 0.028, "Actual Rows": 1, "Actual Loops": 3, "Filter": "((role)::text = 'actor'::text)", "Rows Removed by Filter": 11}]}]}, {"Node Type": "Index Scan", "Parent Relationship": "Inner", "Parallel Aware": false, "Scan Direction": "Forward", "Index Name": "title_pkey", "Relation Name": "title", "Alias": "t", "Startup Cost": 0.43, "Total Cost": 0.57, "Plan Rows": 1, "Plan Width": 4, "Actual Startup Time": 0.026, "Actual Total Time": 0.026, "Actual Rows": 0, "Actual Loops": 13, "Index Cond": "(id = ci.movie_id)", "Rows Removed by Index Recheck": 0, "Filter": "(production_year > 2010)", "Rows Removed by Filter": 1}]}, {"Node Type": "Index Only Scan", "Parent Relationship": "Inner", "Parallel Aware": false, "Scan Direction": "Forward", "Index Name": "char_name_pkey", "Relation Name": "char_name", "Alias": "chn", "Startup Cost": 0.43, "Total Cost": 0.58, "Plan Rows": 1, "Plan Width": 4, "Actual Startup Time": 0.0, "Actual Total Time": 0.0, "Actual Rows": 0, "Actual Loops": 0, "Index Cond": "(id = ci.person_role_id)", "Rows Removed by Index Recheck": 0, "Heap Fetches": 0}]}]}]}, {"Node Type": "Index Scan", "Parent Relationship": "Inner", "Parallel Aware": false, "Scan Direction": "Forward", "Index Name": "company_name_pkey", "Relation Name": "company_name", "Alias": "cn", "Startup Cost": 0.42, "Total Cost": 0.45, "Plan Rows": 1, "Plan Width": 4, "Actual Startup Time": 0.0, "Actual Total Time": 0.0, "Actual Rows": 0, "Actual Loops": 0, "Index Cond": "(id = mc.company_id)", "Rows Removed by Index Recheck": 0, "Filter": "((country_code)::text = '[ru]'::text)", "Rows Removed by Filter": 0}]}, {"Node Type": "Index Only Scan", "Parent Relationship": "Inner", "Parallel Aware": false, "Scan Direction": "Forward", "Index Name": "company_type_pkey", "Relation Name": "company_type", "Alias": "ct", "Startup Cost": 0.15, "Total Cost": 0.17, "Plan Rows": 1, "Plan Width": 4, "Actual Startup Time": 0.0, "Actual Total Time": 0.0, "Actual Rows": 0, "Actual Loops": 0, "Index Cond": "(id = mc.company_type_id)", "Rows Removed by Index Recheck": 0, "Heap Fetches": 0}]}]}]}]}, "Planning Time": 80.748, "Triggers": [], "Execution Time": 1289.524}]
[{"Bao": {"Bao prediction": "NaN", "Bao recommended hint": "(no hint)"}}, {"Plan": {"Node Type": "Aggregate", "Strategy": "Plain", "Partial Mode": "Finalize", "Parallel Aware": false, "Startup Cost": 514326.12, "Total Cost": 514326.13, "Plan Rows": 1, "Plan Width": 8, "Actual Startup Time": 3017.792, "Actual Total Time": 3061.178, "Actual Rows": 1, "Actual Loops": 1, "Plans": [{"Node Type": "Gather", "Parent Relationship": "Outer", "Parallel Aware": false, "Startup Cost": 514325.9, "Total Cost": 514326.11, "Plan Rows": 2, "Plan Width": 8, "Actual Startup Time": 3017.664, "Actual Total Time": 3061.174, "Actual Rows": 3, "Actual Loops": 1, "Workers Planned": 2, "Workers Launched": 2, "Single Copy": false, "Plans": [{"Node Type": "Aggregate", "Strategy": "Plain", "Partial Mode": "Partial", "Parent Relationship": "Outer", "Parallel Aware": false, "Startup Cost": 513325.9, "Total Cost": 513325.91, "Plan Rows": 1, "Plan Width": 8, "Actual Startup Time": 3015.535, "Actual Total Time": 3015.539, "Actual Rows": 1, "Actual Loops": 3, "Plans": [{"Node Type": "Nested Loop", "Parent Relationship": "Outer", "Parallel Aware": false, "Join Type": "Inner", "Startup Cost": 51940.46, "Total Cost": 513319.7, "Plan Rows": 2480, "Plan Width": 0, "Actual Startup Time": 320.26, "Actual Total Time": 3001.73, "Actual Rows": 261826, "Actual Loops": 3, "Inner Unique": true, "Plans": [{"Node Type": "Hash Join", "Parent Relationship": "Outer", "Parallel Aware": true, "Join Type": "Inner", "Startup Cost": 51940.03, "Total Cost": 512190.57, "Plan Rows": 2480, "Plan Width": 4, "Actual Startup Time": 320.227, "Actual Total Time": 2488.444, "Actual Rows": 261826, "Actual Loops": 3, "Inner Unique": false, "Hash Cond": "(ci.movie_id = t.id)", "Plans": [{"Node Type": "Seq Scan", "Parent Relationship": "Outer", "Parallel Aware": true, "Relation Name": "cast_info", "Alias": "ci", "Startup Cost": 0.0, "Total Cost": 403639.65, "Plan Rows": 15095265, "Plan Width": 8, "Actual Startup Time": 0.008, "Actual Total Time": 883.672, "Actual Rows": 12081448, "Actual Loops": 3}, {"Node Type": "Hash", "Parent Relationship": "Inner", "Parallel Aware": true, "Startup Cost": 51939.27, "Total Cost": 51939.27, "Plan Rows": 61, "Plan Width": 8, "Actual Startup Time": 319.953, "Actual Total Time": 319.955, "Actual Rows": 4722, "Actual Loops": 3, "Hash Buckets": 16384, "Original Hash Buckets": 1024, "Hash Batches": 1, "Original Hash Batches": 1, "Peak Memory Usage": 856, "Plans": [{"Node Type": "Nested Loop", "Parent Relationship": "Outer", "Parallel Aware": false, "Join Type": "Inner", "Startup Cost": 3632.93, "Total Cost": 51939.27, "Plan Rows": 61, "Plan Width": 8, "Actual Startup Time": 27.935, "Actual Total Time": 263.208, "Actual Rows": 4722, "Actual Loops": 3, "Inner Unique": true, "Plans": [{"Node Type": "Hash Join", "Parent Relationship": "Outer", "Parallel Aware": false, "Join Type": "Inner", "Startup Cost": 3632.5, "Total Cost": 51884.41, "Plan Rows": 112, "Plan Width": 4, "Actual Startup Time": 27.895, "Actual Total Time": 231.124, "Actual Rows": 11849, "Actual Loops": 3, "Inner Unique": true, "Hash Cond": "(mk.keyword_id = k.id)", "Plans": [{"Node Type": "Seq Scan", "Parent Relationship": "Outer", "Parallel Aware": true, "Relation Name": "movie_keyword", "Alias": "mk", "Startup Cost": 0.0, "Total Cost": 43303.71, "Plan Rows": 1884971, "Plan Width": 8, "Actual Startup Time": 0.008, "Actual Total Time": 98.418, "Actual Rows": 1507977, "Actual Loops": 3}, {"Node Type": "Hash", "Parent Relationship": "Inner", "Parallel Aware": false, "Startup Cost": 3632.4, "Total Cost": 3632.4, "Plan Rows": 8, "Plan Width": 4, "Actual Startup Time": 27.81, "Actual Total Time": 27.811, "Actual Rows": 8, "Actual Loops": 3, "Hash Buckets": 1024, "Original Hash Buckets": 1024, "Hash Batches": 1, "Original Hash Batches": 1, "Peak Memory Usage": 9, "Plans": [{"Node Type": "Seq Scan", "Parent Relationship": "Outer", "Parallel Aware": false, "Relation Name": "keyword", "Alias": "k", "Startup Cost": 0.0, "Total Cost": 3632.4, "Plan Rows": 8, "Plan Width": 4, "Actual Startup Time": 0.105, "Actual Total Time": 27.802, "Actual Rows": 8, "Actual Loops": 3, "Filter": "((keyword)::text = ANY ('{superhero,sequel,second-part,marvel-comics,based-on-comic,tv-special,fight,violence}'::text[]))", "Rows Removed by Filter": 134162}]}]}, {"Node Type": "Index Scan", "Parent Relationship": "Inner", "Parallel Aware": false, "Scan Direction": "Forward", "Index Name": "title_pkey", "Relation Name": "title", "Alias": "t", "Startup Cost": 0.43, "Total Cost": 0.49, "Plan Rows": 1, "Plan Width": 4, "Actual Startup Time": 0.002, "Actual Total Time": 0.002, "Actual Rows": 0, "Actual Loops": 35548, "Index Cond": "(id = mk.movie_id)", "Rows Removed by Index Recheck": 0, "Filter": "(production_year > 2000)", "Rows Removed by Filter": 1}]}]}]}, {"Node Type": "Index Only Scan", "Parent Relationship": "Inner", "Parallel Aware": false, "Scan Direction": "Forward", "Index Name": "name_pkey", "Relation Name": "name", "Alias": "n", "Startup Cost": 0.43, "Total Cost": 0.46, "Plan Rows": 1, "Plan Width": 4, "Actual Startup Time": 0.002, "Actual Total Time": 0.002, "Actual Rows": 1, "Actual Loops": 785477, "Index Cond": "(id = ci.person_id)", "Rows Removed by Index Recheck": 0, "Heap Fetches": 785477}]}]}]}]}, "Planning Time": 77.734, "Triggers": [], "Execution Time": 3061.242}]
[{"Bao": {"Bao prediction": "NaN", "Bao recommended hint": "(no hint)"}}, {"Plan": {"Node Type": "Aggregate", "Strategy": "Plain", "Partial Mode": "Finalize", "Parallel Aware": false, "Startup Cost": 350125.42, "Total Cost": 350125.43, "Plan Rows": 1, "Plan Width": 8, "Actual Startup Time": 837.862, "Actual Total Time": 870.493, "Actual Rows": 1, "Actual Loops": 1, "Plans": [{"Node Type": "Gather", "Parent Relationship": "Outer", "Parallel Aware": false, "Startup Cost": 350125.21, "Total Cost": 350125.42, "Plan Rows": 2, "Plan Width": 8, "Actual Startup Time": 837.698, "Actual Total Time": 870.487, "Actual Rows": 3, "Actual Loops": 1, "Workers Planned": 2, "Workers Launched": 2, "Single Copy": false, "Plans": [{"Node Type": "Aggregate", "Strategy": "Plain", "Partial Mode": "Partial", "Parent Relationship": "Outer", "Parallel Aware": false, "Startup Cost": 349125.21, "Total Cost": 349125.22, "Plan Rows": 1, "Plan Width": 8, "Actual Startup Time": 835.197, "Actual Total Time": 835.212, "Actual Rows": 1, "Actual Loops": 3, "Plans": [{"Node Type": "Hash Join", "Parent Relationship": "Outer", "Parallel Aware": true, "Join Type": "Inner", "Startup Cost": 340862.25, "Total Cost": 349125.19, "Plan Rows": 7, "Plan Width": 0, "Actual Startup Time": 815.021, "Actual Total Time": 835.201, "Actual Rows": 109, "Actual Loops": 3, "Inner Unique": false, "Hash Cond": "(at.movie_id = t.id)", "Plans": [{"Node Type": "Seq Scan", "Parent Relationship": "Outer", "Parallel Aware": true, "Relation Name": "aka_title", "Alias": "at", "Startup Cost": 0.0, "Total Cost": 7698.13, "Plan Rows": 150613, "Plan Width": 4, "Actual Startup Time": 0.005, "Actual Total Time": 10.779, "Actual Rows": 120491, "Actual Loops": 3}, {"Node Type": "Hash", "Parent Relationship": "Inner", "Parallel Aware": true, "Startup Cost": 340862.21, "Total Cost": 340862.21, "Plan Rows": 3, "Plan Width": 16, "Actual Startup Time": 814.246, "Actual Total Time": 814.258, "Actual Rows": 466, "Actual Loops": 3, "Hash Buckets": 1024, "Original Hash Buckets": 1024, "Hash Batches": 1, "Original Hash Batches": 1, "Peak Memory Usage": 104, "Plans": [{"Node Type": "Nested Loop", "Parent Relationship": "Outer", "Parallel Aware": false, "Join Type": "Inner", "Startup Cost": 290486.83, "Total Cost": 340862.21, "Plan Rows": 3, "Plan Width": 16, "Actual Startup Time": 596.113, "Actual Total Time": 814.138, "Actual Rows": 466, "Actual Loops": 3, "Inner Unique": true, "Plans": [{"Node Type": "Nested Loop", "Parent Relationship": "Outer", "Parallel Aware": false, "Join Type": "Inner", "Startup Cost": 290486.41, "Total Cost": 340860.9, "Plan Rows": 3, "Plan Width": 20, "Actual Startup Time": 596.083, "Actual Total Time": 812.91, "Actual Rows": 466, "Actual Loops": 3, "Inner Unique": true, "Join Filter": "(mi.movie_id = t.id)", "Rows Removed by Join Filter": 0, "Plans": [{"Node Type": "Hash Join", "Parent Relationship": "Outer", "Parallel Aware": true, "Join Type": "Inner", "Startup Cost": 290485.98, "Total Cost": 340858.38, "Plan Rows": 5, "Plan Width": 16, "Actual Startup Time": 596.057, "Actual Total Time": 811.829, "Actual Rows": 491, "Actual Loops": 3, "Inner Unique": false, "Hash Cond": "(mk.movie_id = mi.movie_id)", "Plans": [{"Node Type": "Seq Scan", "Parent Relationship": "Outer", "Parallel Aware": true, "Relation Name": "movie_keyword", "Alias": "mk", "Startup Cost": 0.0, "Total Cost": 43303.71, "Plan Rows": 1884971, "Plan Width": 8, "Actual Startup Time": 0.019, "Actual Total Time": 103.854, "Actual Rows": 1507977, "Actual Loops": 3}, {"Node Type": "Hash", "Parent Relationship": "Inner", "Parallel Aware": true, "Startup Cost": 290485.97, "Total Cost": 290485.97, "Plan Rows": 1, "Plan Width": 8, "Actual Startup Time": 595.821, "Actual Total Time": 595.825, "Actual Rows": 223, "Actual Loops": 3, "Hash Buckets": 1024, "Original Hash Buckets": 1024, "Hash Batches": 1, "Original Hash Batches": 1, "Peak Memory Usage": 104, "Plans": [{"Node Type": "Nested Loop", "Parent Relationship": "Outer", "Parallel Aware": false, "Join Type": "Inner", "Startup Cost": 255359.78, "Total Cost": 290485.97, "Plan Rows": 1, "Plan Width": 8, "Actual Startup Time": 475.581, "Actual Total Time": 595.731, "Actual Rows": 223, "Actual Loops": 3, "Inner Unique": true, "Plans": [{"Node Type": "Nested Loop", "Parent Relationship": "Outer", "Parallel Aware": false, "Join Type": "Inner", "Startup Cost": 255359.63, "Total Cost": 290485.8, "Plan Rows": 1, "Plan Width": 12, "Actual Startup Time": 475.566, "Actual Total Time": 595.478, "Actual Rows": 223, "Actual Loops": 3, "Inner Unique": true, "Plans": [{"Node Type": "Hash Join", "Parent Relationship": "Outer", "Parallel Aware": true, "Join Type": "Inner", "Startup Cost": 255359.21, "Total Cost": 290484.5, "Plan Rows": 1, "Plan Width": 16, "Actual Startup Time": 475.53, "Actual Total Time": 594.582, "Actual Rows": 233, "Actual Loops": 3, "Inner Unique": false, "Hash Cond": "(mc.movie_id = mi.movie_id)", "Plans": [{"Node Type": "Seq Scan", "Parent Relationship": "Outer", "Parallel Aware": true, "Relation Name": "movie_companies", "Alias": "mc", "Startup Cost": 0.0, "Total Cost": 35097.06, "Plan Rows": 7526, "Plan Width": 12, "Actual Startup Time": 0.049, "Actual Total Time": 117.091, "Actual Rows": 20555, "Actual Loops": 3, "Filter": "(((note)::text ~~ '%(200%)%'::text) AND ((note)::text ~~ '%(worldwide)%'::text))", "Rows Removed by Filter": 849155}, {"Node Type": "Hash", "Parent Relationship": "Inner", "Parallel Aware": true, "Startup Cost": 255359.2, "Total Cost": 255359.2, "Plan Rows": 1, "Plan Width": 4, "Actual Startup Time": 475.232, "Actual Total Time": 475.234, "Actual Rows": 590, "Actual Loops": 3, "Hash Buckets": 1024, "Original Hash Buckets": 1024, "Hash Batches": 1, "Original Hash Batches": 1, "Peak Memory Usage": 104, "Plans": [{"Node Type": "Hash Join", "Parent Relationship": "Outer", "Parallel Aware": false, "Join Type": "Inner", "Startup Cost": 2.43, "Total Cost": 255359.2, "Plan Rows": 1, "Plan Width": 4, "Actual Startup Time": 131.724, "Actual Total Time": 475.066, "Actual Rows": 590, "Actual Loops": 3, "Inner Unique": true, "Hash Cond": "(mi.info_type_id = it1.id)", "Plans": [{"Node Type": "Seq Scan", "Parent Relationship": "Outer", "Parallel Aware": true, "Relation Name": "movie_info", "Alias": "mi", "Startup Cost": 0.0, "Total Cost": 255356.52, "Plan Rows": 94, "Plan Width": 8, "Actual Startup Time": 131.675, "Actual Total Time": 474.897, "Actual Rows": 590, "Actual Loops": 3, "Filter": "(((note)::text ~~ '%internet%'::text) AND ((info)::text ~~ 'USA:% 200%'::text))", "Rows Removed by Filter": 4944650}, {"Node Type": "Hash", "Parent Relationship": "Inner", "Parallel Aware": false, "Startup Cost": 2.41, "Total Cost": 2.41, "Plan Rows": 1, "Plan Width": 4, "Actual Startup Time": 0.035, "Actual Total Time": 0.035, "Actual Rows": 1, "Actual Loops": 3, "Hash Buckets": 1024, "Original Hash Buckets": 1024, "Hash Batches": 1, "Original Hash Batches": 1, "Peak Memory Usage": 9, "Plans": [{"Node Type": "Seq Scan", "Parent Relationship": "Outer", "Parallel Aware": false, "Relation Name": "info_type", "Alias": "it1", "Startup Cost": 0.0, "Total Cost": 2.41, "Plan Rows": 1, "Plan Width": 4, "Actual Startup Time": 0.023, "Actual Total Time": 0.028, "Actual Rows": 1, "Actual Loops": 3, "Filter": "((info)::text = 'release dates'::text)", "Rows Removed by Filter": 112}]}]}]}]}, {"Node Type": "Index Scan", "Parent Relationship": "Inner", "Parallel Aware": false, "Scan Direction": "Forward", "Index Name": "company_name_pkey", "Relation Name": "company_name", "Alias": "cn", "Startup Cost": 0.42, "Total Cost": 1.3, "Plan Rows": 1, "Plan Width": 4, "Actual Startup Time": 0.003, "Actual Total Time": 0.003, "Actual Rows": 1, "Actual Loops": 699, "Index Cond": "(id = mc.company_id)", "Rows Removed by Index Recheck": 0, "Filter": "((country_code)::text = '[us]'::text)", "Rows Removed by Filter": 0}]}, {"Node Type": "Index Only Scan", "Parent Relationship": "Inner", "Parallel Aware": false, "Scan Direction": "Forward", "Index Name": "company_type_pkey", "Relation Name": "company_type", "Alias": "ct", "Startup Cost": 0.15, "Total Cost": 0.17, "Plan Rows": 1, "Plan Width": 4, "Actual Startup Time": 0.001, "Actual Total Time": 0.001, "Actual Rows": 1, "Actual Loops": 668, "Index Cond": "(id = mc.company_type_id)", "Rows Removed by Index Recheck": 0, "Heap Fetches": 668}]}]}]}, {"Node Type": "Index Scan", "Parent Relationship": "Inner", "Parallel Aware": false, "Scan Direction": "Forward", "Index Name": "title_pkey", "Relation Name": "title", "Alias": "t", "Startup Cost": 0.43, "Total Cost": 0.49, "Plan Rows": 1, "Plan Width": 4, "Actual Startup Time": 0.002, "Actual Total Time": 0.002, "Actual Rows": 1, "Actual Loops": 1473, "Index Cond": "(id = mk.movie_id)", "Rows Removed by Index Recheck": 0, "Filter": "(production_year > 2000)", "Rows Removed by Filter": 0}]}, {"Node Type": "Index Only Scan", "Parent Relationship": "Inner", "Parallel Aware": false, "Scan Direction": "Forward", "Index Name": "keyword_pkey", "Relation Name": "keyword", "Alias": "k", "Startup Cost": 0.42, "Total Cost": 0.44, "Plan Rows": 1, "Plan Width": 4, "Actual Startup Time": 0.002, "Actual Total Time": 0.002, "Actual Rows": 1, "Actual Loops": 1398, "Index Cond": "(id = mk.keyword_id)", "Rows Removed by Index Recheck": 0, "Heap Fetches": 1398}]}]}]}]}]}]}, "Planning Time": 98.081, "Triggers": [], "Execution Time": 870.584}]
[{"Bao": {"Bao prediction": "NaN", "Bao recommended hint": "(no hint)"}}, {"Plan": {"Node Type": "Aggregate", "Strategy": "Plain", "Partial Mode": "Finalize", "Parallel Aware": false, "Startup Cost": 54121.12, "Total Cost": 54121.13, "Plan Rows": 1, "Plan Width": 8, "Actual Startup Time": 287.839, "Actual Total Time": 292.162, "Actual Rows": 1, "Actual Loops": 1, "Plans": [{"Node Type": "Gather", "Parent Relationship": "Outer", "Parallel Aware": false, "Startup Cost": 54120.91, "Total Cost": 54121.12, "Plan Rows": 2, "Plan Width": 8, "Actual Startup Time": 286.832, "Actual Total Time": 292.158, "Actual Rows": 3, "Actual Loops": 1, "Workers Planned": 2, "Workers Launched": 2, "Single Copy": false, "Plans": [{"Node Type": "Aggregate", "Strategy": "Plain", "Partial Mode": "Partial", "Parent Relationship": "Outer", "Parallel Aware": false, "Startup Cost": 53120.91, "Total Cost": 53120.92, "Plan Rows": 1, "Plan Width": 8, "Actual Startup Time": 284.887, "Actual Total Time": 284.892, "Actual Rows": 1, "Actual Loops": 3, "Plans": [{"Node Type": "Nested Loop", "Parent Relationship": "Outer", "Parallel Aware": false, "Join Type": "Inner", "Startup Cost": 37850.48, "Total Cost": 53120.9, "Plan Rows": 1, "Plan Width": 0, "Actual Startup Time": 284.427, "Actual Total Time": 284.885, "Actual Rows": 47, "Actual Loops": 3, "Inner Unique": true, "Join Filter": "(mc.movie_id = t.id)", "Rows Removed by Join Filter": 0, "Plans": [{"Node Type": "Hash Join", "Parent Relationship": "Outer", "Parallel Aware": true, "Join Type": "Inner", "Startup Cost": 37850.05, "Total Cost": 53120.31, "Plan Rows": 1, "Plan Width": 8, "Actual Startup Time": 284.399, "Actual Total Time": 284.48, "Actual Rows": 47, "Actual Loops": 3, "Inner Unique": false, "Hash Cond": "(mi_idx.movie_id = mc.movie_id)", "Plans": [{"Node Type": "Hash Join", "Parent Relationship": "Outer", "Parallel Aware": false, "Join Type": "Inner", "Startup Cost": 2.43, "Total Cost": 15253.6, "Plan Rows": 5089, "Plan Width": 4, "Actual Startup Time": 63.551, "Actual Total Time": 63.579, "Actual Rows": 83, "Actual Loops": 3, "Inner Unique": true, "Hash Cond": "(mi_idx.info_type_id = it.id)", "Plans": [{"Node Type": "Seq Scan", "Parent Relationship": "Outer", "Parallel Aware": true, "Relation Name": "movie_info_idx", "Alias": "mi_idx", "Startup Cost": 0.0, "Total Cost": 13685.15, "Plan Rows": 575015, "Plan Width": 8, "Actual Startup Time": 0.008, "Actual Total Time": 31.624, "Actual Rows": 460012, "Actual Loops": 3}, {"Node Type": "Hash", "Parent Relationship": "Inner", "Parallel Aware": false, "Startup Cost": 2.41, "Total Cost": 2.41, "Plan Rows": 1, "Plan Width": 4, "Actual Startup Time": 0.023, "Actual Total Time": 0.024, "Actual Rows": 1, "Actual Loops": 3, "Hash Buckets": 1024, "Original Hash Buckets": 1024, "Hash Batches": 1, "Original Hash Batches": 1, "Peak Memory Usage": 9, "Plans": [{"Node Type": "Seq Scan", "Parent Relationship": "Outer", "Parallel Aware": false, "Relation Name": "info_type", "Alias": "it", "Startup Cost": 0.0, "Total Cost": 2.41, "Plan Rows": 1, "Plan Width": 4, "Actual Startup Time": 0.02, "Actual Total Time": 0.021, "Actual Rows": 1, "Actual Loops": 3, "Filter": "((info)::text = 'top 250 rank'::text)", "Rows Removed by Filter": 112}]}]}, {"Node Type": "Hash", "Parent Relationship": "Inner", "Parallel Aware": true, "Startup Cost": 37847.26, "Total Cost": 37847.26, "Plan Rows": 29, "Plan Width": 4, "Actual Startup Time": 220.693, "Actual Total Time": 220.695, "Actual Rows": 9552, "Actual Loops": 3, "Hash Buckets": 32768, "Original Hash Buckets": 1024, "Hash Batches": 1, "Original Hash Batches": 1, "Peak Memory Usage": 1656, "Plans": [{"Node Type": "Hash Join", "Parent Relationship": "Outer", "Parallel Aware": false, "Join Type": "Inner", "Startup Cost": 18.93, "Total Cost": 37847.26, "Plan Rows": 29, "Plan Width": 4, "Actual Startup Time": 160.518, "Actual Total Time": 206.004, "Actual Rows": 9552, "Actual Loops": 3, "Inner Unique": true, "Hash Cond": "(mc.company_type_id = ct.id)", "Plans": [{"Node Type": "Seq Scan", "Parent Relationship": "Outer", "Parallel Aware": true, "Relation Name": "movie_companies", "Alias": "mc", "Startup Cost": 0.0, "Total Cost": 37814.9, "Plan Rows": 5088, "Plan Width": 8, "Actual Startup Time": 28.013, "Actual Total Time": 204.647, "Actual Rows": 9630, "Actual Loops": 3, "Filter": "(((note)::text !~~ '%(as Metro-Goldwyn-Mayer Pictures)%'::text) AND (((note)::text ~~ '%(co-production)%'::text) OR ((note)::text ~~ '%(presents)%'::text)))", "Rows Removed by Filter": 860080}, {"Node Type": "Hash", "Parent Relationship": "Inner", "Parallel Aware": false, "Startup Cost": 18.88, "Total Cost": 18.88, "Plan Rows": 4, "Plan Width": 4, "Actual Startup Time": 0.018, "Actual Total Time": 0.019, "Actual Rows": 1, "Actual Loops": 3, "Hash Buckets": 1024, "Original Hash Buckets": 1024, "Hash Batches": 1, "Original Hash Batches": 1, "Peak Memory Usage": 9, "Plans": [{"Node Type": "Seq Scan", "Parent Relationship": "Outer", "Parallel Aware": false, "Relation Name": "company_type", "Alias": "ct", "Startup Cost": 0.0, "Total Cost": 18.88, "Plan Rows": 4, "Plan Width": 4, "Actual Startup Time": 0.013, "Actual Total Time": 0.013, "Actual Rows": 1, "Actual Loops": 3, "Filter": "((kind)::text = 'production companies'::text)", "Rows Removed by Filter": 3}]}]}]}]}, {"Node Type": "Index Only Scan", "Parent Relationship": "Inner", "Parallel Aware": false, "Scan Direction": "Forward", "Index Name": "title_pkey", "Relation Name": "title", "Alias": "t", "Startup Cost": 0.43, "Total Cost": 0.58, "Plan Rows": 1, "Plan Width": 4, "Actual Startup Time": 0.008, "Actual Total Time": 0.008, "Actual Rows": 1, "Actual Loops": 142, "Index Cond": "(id = mi_idx.movie_id)", "Rows Removed by Index Recheck": 0, "Heap Fetches": 142}]}]}]}]}, "Planning Time": 76.69, "Triggers": [], "Execution Time": 292.224}]
[{"Bao": {"Bao prediction": "NaN", "Bao recommended hint": "(no hint)"}}, {"Plan": {"Node Type": "Aggregate", "Strategy": "Plain", "Partial Mode": "Simple", "Parallel Aware": false, "Startup Cost": 67611.42, "Total Cost": 67611.43, "Plan Rows": 1, "Plan Width": 8, "Actual Startup Time": 397.397, "Actual Total Time": 404.744, "Actual Rows": 1, "Actual Loops": 1, "Plans": [{"Node Type": "Gather", "Parent Relationship": "Outer", "Parallel Aware": false, "Startup Cost": 51883.33, "Total Cost": 67611.41, "Plan Rows": 2, "Plan Width": 0, "Actual Startup Time": 302.21, "Actual Total Time": 404.68, "Actual Rows": 740, "Actual Loops": 1, "Workers Planned": 2, "Workers Launched": 2, "Single Copy": false, "Plans": [{"Node Type": "Nested Loop", "Parent Relationship": "Outer", "Parallel Aware": false, "Join Type": "Inner", "Startup Cost": 50883.33, "Total Cost": 66611.21, "Plan Rows": 1, "Plan Width": 0, "Actual Startup Time": 300.182, "Actual Total Time": 395.153, "Actual Rows": 247, "Actual Loops": 3, "Inner Unique": true, "Join Filter": "(mi_idx.movie_id = t.id)", "Rows Removed by Join Filter": 0, "Plans": [{"Node Type": "Hash Join", "Parent Relationship": "Outer", "Parallel Aware": true, "Join Type": "Inner", "Startup Cost": 50882.9, "Total Cost": 66610.21, "Plan Rows": 2, "Plan Width": 8, "Actual Startup Time": 289.896, "Actual Total Time": 389.868, "Actual Rows": 1940, "Actual Loops": 3, "Inner Unique": false, "Hash Cond": "(mi_idx.movie_id = mk.movie_id)", "Plans": [{"Node Type": "Hash Join", "Parent Relationship": "Outer", "Parallel Aware": false, "Join Type": "Inner", "Startup Cost": 2.43, "Total Cost": 15722.44, "Plan Rows": 1941, "Plan Width": 4, "Actual Startup Time": 0.086, "Actual Total Time": 89.571, "Actual Rows": 117663, "Actual Loops": 3, "Inner Unique": true, "Hash Cond": "(mi_idx.info_type_id = it.id)", "Plans": [{"Node Type": "Seq Scan", "Parent Relationship": "Outer", "Parallel Aware": true, "Relation Name": "movie_info_idx", "Alias": "mi_idx", "Startup Cost": 0.0, "Total Cost": 15122.68, "Plan Rows": 219331, "Plan Width": 8, "Actual Startup Time": 0.042, "Actual Total Time": 71.18, "Actual Rows": 174440, "Actual Loops": 3, "Filter": "((info)::text > '5.0'::text)", "Rows Removed by Filter": 285572}, {"Node Type": "Hash", "Parent Relationship": "Inner", "Parallel Aware": false, "Startup Cost": 2.41, "Total Cost": 2.41, "Plan Rows": 1, "Plan Width": 4, "Actual Startup Time": 0.03, "Actual Total Time": 0.03, "Actual Rows": 1, "Actual Loops": 3, "Hash Buckets": 1024, "Original Hash Buckets": 1024, "Hash Batches": 1, "Original Hash Batches": 1, "Peak Memory Usage": 9, "Plans": [{"Node Type": "Seq Scan", "Parent Relationship": "Outer", "Parallel Aware": false, "Relation Name": "info_type", "Alias": "it", "Startup Cost": 0.0, "Total Cost": 2.41, "Plan Rows": 1, "Plan Width": 4, "Actual Startup Time": 0.023, "Actual Total Time": 0.025, "Actual Rows": 1, "Actual Loops": 3, "Filter": "((info)::text = 'rating'::text)", "Rows Removed by Filter": 112}]}]}, {"Node Type": "Hash", "Parent Relationship": "Inner", "Parallel Aware": true, "Startup Cost": 50878.2, "Total Cost": 50878.2, "Plan Rows": 182, "Plan Width": 4, "Actual Startup Time": 289.046, "Actual Total Time": 289.048, "Actual Rows": 4317, "Actual Loops": 3, "Hash Buckets": 16384, "Original Hash Buckets": 1024, "Hash Batches": 1, "Original Hash Batches": 1, "Peak Memory Usage": 760, "Plans": [{"Node Type": "Hash Join", "Parent Relationship": "Outer", "Parallel Aware": false, "Join Type": "Inner", "Startup Cost": 2626.29, "Total Cost": 50878.2, "Plan Rows": 182, "Plan Width": 4, "Actual Startup Time": 19.388, "Actual Total Time": 229.497, "Actual Rows": 4317, "Actual Loops": 3, "Inner Unique": true, "Hash Cond": "(mk.keyword_id = k.id)", "Plans": [{"Node Type": "Seq Scan", "Parent Relationship": "Outer", "Parallel Aware": true, "Relation Name": "movie_keyword", "Alias": "mk", "Startup Cost": 0.0, "Total Cost": 43303.71, "Plan Rows": 1884971, "Plan Width": 8, "Actual Startup Time": 0.009, "Actual Total Time": 104.762, "Actual Rows": 1507977, "Actual Loops": 3}, {"Node Type": "Hash", "Parent Relationship": "Inner", "Parallel Aware": false, "Startup Cost": 2626.12, "Total Cost": 2626.12, "Plan Rows": 13, "Plan Width": 4, "Actual Startup Time": 18.798, "Actual Total Time": 18.799, "Actual Rows": 30, "Actual Loops": 3, "Hash Buckets": 1024, "Original Hash Buckets": 1024, "Hash Batches": 1, "Original Hash Batches": 1, "Peak Memory Usage": 10, "Plans": [{"Node Type": "Seq Scan", "Parent Relationship": "Outer", "Parallel Aware": false, "Relation Name": "keyword", "Alias": "k", "Startup Cost": 0.0, "Total Cost": 2626.12, "Plan Rows": 13, "Plan Width": 4, "Actual Startup Time": 1.058, "Actual Total Time": 18.783, "Actual Rows": 30, "Actual Loops": 3, "Filter": "((keyword)::text ~~ '%sequel%'::text)", "Rows Removed by Filter": 134140}]}]}]}]}, {"Node Type": "Index Scan", "Parent Relationship": "Inner", "Parallel Aware": false, "Scan Direction": "Forward", "Index Name": "title_pkey", "Relation Name": "title", "Alias": "t", "Startup Cost": 0.43, "Total Cost": 0.49, "Plan Rows": 1, "Plan Width": 4, "Actual Startup Time": 0.002, "Actual Total Time": 0.002, "Actual Rows": 0, "Actual Loops": 5820, "Index Cond": "(id = mk.movie_id)", "Rows Removed by Index Recheck": 0, "Filter": "(production_year > 2005)", "Rows Removed by Filter": 1}]}]}]}, "Planning Time": 78.188, "Triggers": [], "Execution Time": 404.804}]
[{"Bao": {"Bao prediction": "NaN", "Bao recommended hint": "(no hint)"}}, {"Plan": {"Node Type": "Aggregate", "Strategy": "Plain", "Partial Mode": "Finalize", "Parallel Aware": false, "Startup Cost": 546127.24, "Total Cost": 546127.25, "Plan Rows": 1, "Plan Width": 8, "Actual Startup Time": 3345.319, "Actual Total Time": 3390.804, "Actual Rows": 1, "Actual Loops": 1, "Plans": [{"Node Type": "Gather", "Parent Relationship": "Outer", "Parallel Aware": false, "Startup Cost": 546127.02, "Total Cost": 546127.23, "Plan Rows": 2, "Plan Width": 8, "Actual Startup Time": 3344.964, "Actual Total Time": 3390.795, "Actual Rows": 3, "Actual Loops": 1, "Workers Planned": 2, "Workers Launched": 2, "Single Copy": false, "Plans": [{"Node Type": "Aggregate", "Strategy": "Plain", "Partial Mode": "Partial", "Parent Relationship": "Outer", "Parallel Aware": false, "Startup Cost": 545127.02, "Total Cost": 545127.03, "Plan Rows": 1, "Plan Width": 8, "Actual Startup Time": 3342.652, "Actual Total Time": 3342.662, "Actual Rows": 1, "Actual Loops": 3, "Plans": [{"Node Type": "Nested Loop", "Parent Relationship": "Outer", "Parallel Aware": false, "Join Type": "Inner", "Startup Cost": 511388.83, "Total Cost": 545127.02, "Plan Rows": 1, "Plan Width": 0, "Actual Startup Time": 3177.633, "Actual Total Time": 3342.423, "Actual Rows": 3846, "Actual Loops": 3, "Inner Unique": true, "Plans": [{"Node Type": "Nested Loop", "Parent Relationship": "Outer", "Parallel Aware": false, "Join Type": "Inner", "Startup Cost": 511388.4, "Total Cost": 545126.57, "Plan Rows": 1, "Plan Width": 12, "Actual Startup Time": 3177.615, "Actual Total Time": 3334.0, "Actual Rows": 3846, "Actual Loops": 3, "Inner Unique": true, "Plans": [{"Node Type": "Hash Join", "Parent Relationship": "Outer", "Parallel Aware": true, "Join Type": "Inner", "Startup Cost": 511387.98, "Total Cost": 545126.12, "Plan Rows": 1, "Plan Width": 16, "Actual Startup Time": 3177.585, "Actual Total Time": 3325.356, "Actual Rows": 3846, "Actual Loops": 3, "Inner Unique": false, "Hash Cond": "(mc.movie_id = ci.movie_id)", "Plans": [{"Node Type": "Seq Scan", "Parent Relationship": "Outer", "Parallel Aware": true, "Relation Name": "movie_companies", "Alias": "mc", "Startup Cost": 0.0, "Total Cost": 29661.37, "Plan Rows": 1087137, "Plan Width": 8, "Actual Startup Time": 0.01, "Actual Total Time": 61.979, "Actual Rows": 869710, "Actual Loops": 3}, {"Node Type": "Hash", "Parent Relationship": "Inner", "Parallel Aware": true, "Startup Cost": 511387.97, "Total Cost": 511387.97, "Plan Rows": 1, "Plan Width": 8, "Actual Startup Time": 3176.315, "Actual Total Time": 3176.319, "Actual Rows": 657, "Actual Loops": 3, "Hash Buckets": 1024, "Original Hash Buckets": 1024, "Hash Batches": 1, "Original Hash Batches": 1, "Peak Memory Usage": 104, "Plans": [{"Node Type": "Nested Loop", "Parent Relationship": "Outer", "Parallel Aware": false, "Join Type": "Inner", "Startup Cost": 50878.66, "Total Cost": 511387.97, "Plan Rows": 1, "Plan Width": 8, "Actual Startup Time": 266.678, "Actual Total Time": 3175.969, "Actual Rows": 657, "Actual Loops": 3, "Inner Unique": true, "Plans": [{"Node Type": "Hash Join", "Parent Relationship": "Outer", "Parallel Aware": true, "Join Type": "Inner", "Startup Cost": 50878.23, "Total Cost": 511127.48, "Plan Rows": 569, "Plan Width": 12, "Actual Startup Time": 247.498, "Actual Total Time": 2467.711, "Actual Rows": 346131, "Actual Loops": 3, "Inner Unique": false, "Hash Cond": "(ci.movie_id = mk.movie_id)", "Plans": [{"Node Type": "Seq Scan", "Parent Relationship": "Outer", "Parallel Aware": true, "Relation Name": "cast_info", "Alias": "ci", "Startup Cost": 0.0, "Total Cost": 403639.65, "Plan Rows": 15095265, "Plan Width": 8, "Actual Startup Time": 0.018, "Actual Total Time": 887.154, "Actual Rows": 12081448, "Actual Loops": 3}, {"Node Type": "Hash", "Parent Relationship": "Inner", "Parallel Aware": true, "Startup Cost": 50878.05, "Total Cost": 50878.05, "Plan Rows": 14, "Plan Width": 4, "Actual Startup Time": 247.416, "Actual Total Time": 247.417, "Actual Rows": 13947, "Actual Loops": 3, "Hash Buckets": 65536, "Original Hash Buckets": 1024, "Hash Batches": 1, "Original Hash Batches": 1, "Peak Memory Usage": 2680, "Plans": [{"Node Type": "Hash Join", "Parent Relationship": "Outer", "Parallel Aware": false, "Join Type": "Inner", "Startup Cost": 2626.14, "Total Cost": 50878.05, "Plan Rows": 14, "Plan Width": 4, "Actual Startup Time": 10.887, "Actual Total Time": 228.265, "Actual Rows": 13947, "Actual Loops": 3, "Inner Unique": true, "Hash Cond": "(mk.keyword_id = k.id)", "Plans": [{"Node Type": "Seq Scan", "Parent Relationship": "Outer", "Parallel Aware": true, "Relation Name": "movie_keyword", "Alias": "mk", "Startup Cost": 0.0, "Total Cost": 43303.71, "Plan Rows": 1884971, "Plan Width": 8, "Actual Startup Time": 0.009, "Actual Total Time": 108.801, "Actual Rows": 1507977, "Actual Loops": 3}, {"Node Type": "Hash", "Parent Relationship": "Inner", "Parallel Aware": false, "Startup Cost": 2626.12, "Total Cost": 2626.12, "Plan Rows": 1, "Plan Width": 4, "Actual Startup Time": 10.815, "Actual Total Time": 10.815, "Actual Rows": 1, "Actual Loops": 3, "Hash Buckets": 1024, "Original Hash Buckets": 1024, "Hash Batches": 1, "Original Hash Batches": 1, "Peak Memory Usage": 9, "Plans": [{"Node Type": "Seq Scan", "Parent Relationship": "Outer", "Parallel Aware": false, "Relation Name": "keyword", "Alias": "k", "Startup Cost": 0.0, "Total Cost": 2626.12, "Plan Rows": 1, "Plan Width": 4, "Actual Startup Time": 0.516, "Actual Total Time": 10.808, "Actual Rows": 1, "Actual Loops": 3, "Filter": "((keyword)::text = 'character-name-in-title'::text)", "Rows Removed by Filter": 134169}]}]}]}]}, {"Node Type": "Index Scan", "Parent Relationship": "Inner", "Parallel Aware": false, "Scan Direction": "Forward", "Index Name": "name_pkey", "Relation Name": "name", "Alias": "n", "Startup Cost": 0.43, "Total Cost": 0.46, "Plan Rows": 1, "Plan Width": 4, "Actual Startup Time": 0.002, "Actual Total Time": 0.002, "Actual Rows": 0, "Actual Loops": 1038393, "Index Cond": "(id = ci.person_id)", "Rows Removed by Index Recheck": 0, "Filter": "((name)::text ~~ '%Bert%'::text)", "Rows Removed by Filter": 1}]}]}]}, {"Node Type": "Index Only Scan", "Parent Relationship": "Inner", "Parallel Aware": false, "Scan Direction": "Forward", "Index Name": "company_name_pkey", "Relation Name": "company_name", "Alias": "cn", "Startup Cost": 0.42, "Total Cost": 0.44, "Plan Rows": 1, "Plan Width": 4, "Actual Startup Time": 0.002, "Actual Total Time": 0.002, "Actual Rows": 1, "Actual Loops": 11538, "Index Cond": "(id = mc.company_id)", "Rows Removed by Index Recheck": 0, "Heap Fetches": 11538}]}, {"Node Type": "Index Only Scan", "Parent Relationship": "Inner", "Parallel Aware": false, "Scan Direction": "Forward", "Index Name": "title_pkey", "Relation Name": "title", "Alias": "t", "Startup Cost": 0.43, "Total Cost": 0.45, "Plan Rows": 1, "Plan Width": 4, "Actual Startup Time": 0.002, "Actual Total Time": 0.002, "Actual Rows": 1, "Actual Loops": 11538, "Index Cond": "(id = ci.movie_id)", "Rows Removed by Index Recheck": 0, "Heap Fetches": 11538}]}]}]}]}, "Planning Time": 82.914, "Triggers": [], "Execution Time": 3390.878}]
[{"Bao": {"Bao prediction": "NaN", "Bao recommended hint": "(no hint)"}}, {"Plan": {"Node Type": "Aggregate", "Strategy": "Plain", "Partial Mode": "Simple", "Parallel Aware": false, "Startup Cost": 66607.96, "Total Cost": 66607.97, "Plan Rows": 1, "Plan Width": 8, "Actual Startup Time": 288.019, "Actual Total Time": 296.244, "Actual Rows": 1, "Actual Loops": 1, "Plans": [{"Node Type": "Nested Loop", "Parent Relationship": "Outer", "Parallel Aware": false, "Join Type": "Inner", "Startup Cost": 16133.42, "Total Cost": 66607.96, "Plan Rows": 1, "Plan Width": 0, "Actual Startup Time": 165.499, "Actual Total Time": 296.237, "Actual Rows": 6, "Actual Loops": 1, "Inner Unique": true, "Join Filter": "(mi_idx.movie_id = t.id)", "Rows Removed by Join Filter": 0, "Plans": [{"Node Type": "Gather", "Parent Relationship": "Outer", "Parallel Aware": false, "Startup Cost": 16132.99, "Total Cost": 66607.46, "Plan Rows": 1, "Plan Width": 8, "Actual Startup Time": 165.484, "Actual Total Time": 296.158, "Actual Rows": 21, "Actual Loops": 1, "Workers Planned": 2, "Workers Launched": 2, "Single Copy": false, "Plans": [{"Node Type": "Nested Loop", "Parent Relationship": "Outer", "Parallel Aware": false, "Join Type": "Inner", "Startup Cost": 15132.99, "Total Cost": 65607.36, "Plan Rows": 1, "Plan Width": 8, "Actual Startup Time": 134.646, "Actual Total Time": 285.994, "Actual Rows": 7, "Actual Loops": 3, "Inner Unique": true, "Plans": [{"Node Type": "Hash Join", "Parent Relationship": "Outer", "Parallel Aware": true, "Join Type": "Inner", "Startup Cost": 15132.57, "Total Cost": 65505.86, "Plan Rows": 230, "Plan Width": 12, "Actual Startup Time": 67.944, "Actual Total Time": 281.393, "Actual Rows": 2011, "Actual Loops": 3, "Inner Unique": false, "Hash Cond": "(mk.movie_id = mi_idx.movie_id)", "Plans": [{"Node Type": "Seq Scan", "Parent Relationship": "Outer", "Parallel Aware": true, "Relation Name": "movie_keyword", "Alias": "mk", "Startup Cost": 0.0, "Total Cost": 43303.71, "Plan Rows": 1884971, "Plan Width": 8, "Actual Startup Time": 0.018, "Actual Total Time": 107.431, "Actual Rows": 1507977, "Actual Loops": 3}, {"Node Type": "Hash", "Parent Relationship": "Inner", "Parallel Aware": true, "Startup Cost": 15132.28, "Total Cost": 15132.28, "Plan Rows": 23, "Plan Width": 4, "Actual Startup Time": 64.422, "Actual Total Time": 64.424, "Actual Rows": 102, "Actual Loops": 3, "Hash Buckets": 1024, "Original Hash Buckets": 1024, "Hash Batches": 1, "Original Hash Batches": 1, "Peak Memory Usage": 104, "Plans": [{"Node Type": "Hash Join", "Parent Relationship": "Outer", "Parallel Aware": false, "Join Type": "Inner", "Startup Cost": 2.43, "Total Cost": 15132.28, "Plan Rows": 23, "Plan Width": 4, "Actual Startup Time": 1.251, "Actual Total Time": 64.356, "Actual Rows": 102, "Actual Loops": 3, "Inner Unique": true, "Hash Cond": "(mi_idx.info_type_id = it.id)", "Plans": [{"Node Type": "Seq Scan", "Parent Relationship": "Outer", "Parallel Aware": true, "Relation Name": "movie_info_idx", "Alias": "mi_idx", "Startup Cost": 0.0, "Total Cost": 15122.68, "Plan Rows": 2635, "Plan Width": 8, "Actual Startup Time": 0.078, "Actual Total Time": 64.114, "Actual Rows": 2794, "Actual Loops": 3, "Filter": "((info)::text > '9.0'::text)", "Rows Removed by Filter": 457218}, {"Node Type": "Hash", "Parent Relationship": "Inner", "Parallel Aware": false, "Startup Cost": 2.41, "Total Cost": 2.41, "Plan Rows": 1, "Plan Width": 4, "Actual Startup Time": 0.023, "Actual Total Time": 0.024, "Actual Rows": 1, "Actual Loops": 3, "Hash Buckets": 1024, "Original Hash Buckets": 1024, "Hash Batches": 1, "Original Hash Batches": 1, "Peak Memory Usage": 9, "Plans": [{"Node Type": "Seq Scan", "Parent Relationship": "Outer", "Parallel Aware": false, "Relation Name": "info_type", "Alias": "it", "Startup Cost": 0.0, "Total Cost": 2.41, "Plan Rows": 1, "Plan Width": 4, "Actual Startup Time": 0.018, "Actual Total Time": 0.02, "Actual Rows": 1, "Actual Loops": 3, "Filter": "((info)::text = 'rating'::text)", "Rows Removed by Filter": 112}]}]}]}]}, {"Node Type": "Index Scan", "Parent Relationship": "Inner", "Parallel Aware": false, "Scan Direction": "Forward", "Index Name": "keyword_pkey", "Relation Name": "keyword", "Alias": "k", "Startup Cost": 0.42, "Total Cost": 0.44, "Plan Rows": 1, "Plan Width": 4, "Actual Startup Time": 0.002, "Actual Total Time": 0.002, "Actual Rows": 0, "Actual Loops": 6032, "Index Cond": "(id = mk.keyword_id)", "Rows Removed by Index Recheck": 0, "Filter": "((keyword)::text ~~ '%sequel%'::text)", "Rows Removed by Filter": 1}]}]}, {"Node Type": "Index Scan", "Parent Relationship": "Inner", "Parallel Aware": false, "Scan Direction": "Forward", "Index Name": "title_pkey", "Relation Name": "title", "Alias": "t", "Startup Cost": 0.43, "Total Cost": 0.49, "Plan Rows": 1, "Plan Width": 4, "Actual Startup Time": 0.003, "Actual Total Time": 0.003, "Actual Rows": 0, "Actual Loops": 21, "Index Cond": "(id = mk.movie_id)", "Rows Removed by Index Recheck": 0, "Filter": "(production_year > 2010)", "Rows Removed by Filter": 1}]}]}, "Planning Time": 77.78, "Triggers": [], "Execution Time": 296.292}]
[{"Bao": {"Bao prediction": "NaN", "Bao recommended hint": "(no hint)"}}, {"Plan": {"Node Type": "Aggregate", "Strategy": "Plain", "Partial Mode": "Finalize", "Parallel Aware": false, "Startup Cost": 545497.76, "Total Cost": 545497.77, "Plan Rows": 1, "Plan Width": 8, "Actual Startup Time": 2751.897, "Actual Total Time": 2790.187, "Actual Rows": 1, "Actual Loops": 1, "Plans": [{"Node Type": "Gather", "Parent Relationship": "Outer", "Parallel Aware": false, "Startup Cost": 545497.55, "Total Cost": 545497.76, "Plan Rows": 2, "Plan Width": 8, "Actual Startup Time": 2751.718, "Actual Total Time": 2790.179, "Actual Rows": 3, "Actual Loops": 1, "Workers Planned": 2, "Workers Launched": 2, "Single Copy": false, "Plans": [{"Node Type": "Aggregate", "Strategy": "Plain", "Partial Mode": "Partial", "Parent Relationship": "Outer", "Parallel Aware": false, "Startup Cost": 544497.55, "Total Cost": 544497.56, "Plan Rows": 1, "Plan Width": 8, "Actual Startup Time": 2749.334, "Actual Total Time": 2749.343, "Actual Rows": 1, "Actual Loops": 3, "Plans": [{"Node Type": "Nested Loop", "Parent Relationship": "Outer", "Parallel Aware": false, "Join Type": "Inner", "Startup Cost": 83706.29, "Total Cost": 544497.54, "Plan Rows": 1, "Plan Width": 0, "Actual Startup Time": 1358.1, "Actual Total Time": 2749.335, "Actual Rows": 11, "Actual Loops": 3, "Inner Unique": false, "Join Filter": "(ml.linked_movie_id = t.id)", "Rows Removed by Join Filter": 954213, "Plans": [{"Node Type": "Nested Loop", "Parent Relationship": "Outer", "Parallel Aware": false, "Join Type": "Inner", "Startup Cost": 83687.37, "Total Cost": 543934.33, "Plan Rows": 1, "Plan Width": 8, "Actual Startup Time": 179.7, "Actual Total Time": 1882.894, "Actual Rows": 184, "Actual Loops": 3, "Inner Unique": true, "Plans": [{"Node Type": "Hash Join", "Parent Relationship": "Outer", "Parallel Aware": true, "Join Type": "Inner", "Startup Cost": 83686.94, "Total Cost": 543933.87, "Plan Rows": 1, "Plan Width": 4, "Actual Startup Time": 179.603, "Actual Total Time": 1877.119, "Actual Rows": 1118, "Actual Loops": 3, "Inner Unique": false, "Hash Cond": "(ci.person_id = n.id)", "Plans": [{"Node Type": "Seq Scan", "Parent Relationship": "Outer", "Parallel Aware": true, "Relation Name": "cast_info", "Alias": "ci", "Startup Cost": 0.0, "Total Cost": 403639.65, "Plan Rows": 15095265, "Plan Width": 8, "Actual Startup Time": 0.027, "Actual Total Time": 875.764, "Actual Rows": 12081448, "Actual Loops": 3}, {"Node Type": "Hash", "Parent Relationship": "Inner", "Parallel Aware": true, "Startup Cost": 83686.92, "Total Cost": 83686.92, "Plan Rows": 1, "Plan Width": 12, "Actual Startup Time": 161.306, "Actual Total Time": 161.31, "Actual Rows": 7, "Actual Loops": 3, "Hash Buckets": 1024, "Original Hash Buckets": 1024, "Hash Batches": 1, "Original Hash Batches": 1, "Peak Memory Usage": 104, "Plans": [{"Node Type": "Nested Loop", "Parent Relationship": "Outer", "Parallel Aware": false, "Join Type": "Inner", "Startup Cost": 66502.6, "Total Cost": 83686.92, "Plan Rows": 1, "Plan Width": 12, "Actual Startup Time": 106.175, "Actual Total Time": 161.219, "Actual Rows": 7, "Actual Loops": 3, "Inner Unique": true, "Plans": [{"Node Type": "Hash Join", "Parent Relationship": "Outer", "Parallel Aware": true, "Join Type": "Inner", "Startup Cost": 66502.17, "Total Cost": 83686.06, "Plan Rows": 1, "Plan Width": 8, "Actual Startup Time": 103.874, "Actual Total Time": 160.769, "Actual Rows": 33, "Actual Loops": 3, "Inner Unique": false, "Hash Cond": "(an.person_id = pi.person_id)", "Plans": [{"Node Type": "Seq Scan", "Parent Relationship": "Outer", "Parallel Aware": true, "Relation Name": "aka_name", "Alias": "an", "Startup Cost": 0.0, "Total Cost": 16090.49, "Plan Rows": 291570, "Plan Width": 4, "Actual Startup Time": 0.011, "Actual Total Time": 46.762, "Actual Rows": 224897, "Actual Loops": 3, "Filter": "((name)::text ~~ '%a%'::text)", "Rows Removed by Filter": 75550}, {"Node Type": "Hash", "Parent Relationship": "Inner", "Parallel Aware": true, "Startup Cost": 66502.15, "Total Cost": 66502.15, "Plan Rows": 1, "Plan Width": 4, "Actual Startup Time": 100.787, "Actual Total Time": 100.789, "Actual Rows": 21, "Actual Loops": 3, "Hash Buckets": 1024, "Original Hash Buckets": 1024, "Hash Batches": 1, "Original Hash Batches": 1, "Peak Memory Usage": 104, "Plans": [{"Node Type": "Hash Join", "Parent Relationship": "Outer", "Parallel Aware": false, "Join Type": "Inner", "Startup Cost": 2.43, "Total Cost": 66502.15, "Plan Rows": 1, "Plan Width": 4, "Actual Startup Time": 2.096, "Actual Total Time": 100.746, "Actual Rows": 21, "Actual Loops": 3, "Inner Unique": true, "Hash Cond": "(pi.info_type_id = it.id)", "Plans": [{"Node Type": "Seq Scan", "Parent Relationship": "Outer", "Parallel Aware": true, "Relation Name": "person_info", "Alias": "pi", "Startup Cost": 0.0, "Total Cost": 66499.7, "Plan Rows": 12, "Plan Width": 8, "Actual Startup Time": 2.057, "Actual Total Time": 100.672, "Actual Rows": 21, "Actual Loops": 3, "Filter": "((note)::text = 'Volker Boehm'::text)", "Rows Removed by Filter": 987867}, {"Node Type": "Hash", "Parent Relationship": "Inner", "Parallel Aware": false, "Startup Cost": 2.41, "Total Cost": 2.41, "Plan Rows": 1, "Plan Width": 4, "Actual Startup Time": 0.025, "Actual Total Time": 0.026, "Actual Rows": 1, "Actual Loops": 3, "Hash Buckets": 1024, "Original Hash Buckets": 1024, "Hash Batches": 1, "Original Hash Batches": 1, "Peak Memory Usage": 9, "Plans": [{"Node Type": "Seq Scan", "Parent Relationship": "Outer", "Parallel Aware": false, "Relation Name": "info_type", "Alias": "it", "Startup Cost": 0.0, "Total Cost": 2.41, "Plan Rows": 1, "Plan Width": 4, "Actual Startup Time": 0.015, "Actual Total Time": 0.02, "Actual Rows": 1, "Actual Loops": 3, "Filter": "((info)::text = 'mini biography'::text)", "Rows Removed by Filter": 112}]}]}]}]}, {"Node Type": "Index Scan", "Parent Relationship": "Inner", "Parallel Aware": false, "Scan Direction": "Forward", "Index Name": "name_pkey", "Relation Name": "name", "Alias": "n", "Startup Cost": 0.43, "Total Cost": 0.86, "Plan Rows": 1, "Plan Width": 4, "Actual Startup Time": 0.013, "Actual Total Time": 0.013, "Actual Rows": 0, "Actual Loops": 98, "Index Cond": "(id = an.person_id)", "Rows Removed by Index Recheck": 0, "Filter": "(((name_pcode_cf)::text >= 'A'::text) AND ((name_pcode_cf)::text <= 'F'::text) AND (((gender)::text = 'm'::text) OR (((gender)::text = 'f'::text) AND ((name)::text ~~ 'B%'::text))))", "Rows Removed by Filter": 1}]}]}]}, {"Node Type": "Index Scan", "Parent Relationship": "Inner", "Parallel Aware": false, "Scan Direction": "Forward", "Index Name": "title_pkey", "Relation Name": "title", "Alias": "t", "Startup Cost": 0.43, "Total Cost": 0.46, "Plan Rows": 1, "Plan Width": 4, "Actual Startup Time": 0.005, "Actual Total Time": 0.005, "Actual Rows": 0, "Actual Loops": 3354, "Index Cond": "(id = ci.movie_id)", "Rows Removed by Index Recheck": 0, "Filter": "((production_year >= 1980) AND (production_year <= 1995))", "Rows Removed by Filter": 1}]}, {"Node Type": "Hash Join", "Parent Relationship": "Inner", "Parallel Aware": false, "Join Type": "Inner", "Startup Cost": 18.93, "Total Cost": 561.1, "Plan Rows": 169, "Plan Width": 4, "Actual Startup Time": 0.016, "Actual Total Time": 4.483, "Actual Rows": 5186, "Actual Loops": 552, "Inner Unique": true, "Hash Cond": "(ml.link_type_id = lt.id)", "Plans": [{"Node Type": "Seq Scan", "Parent Relationship": "Outer", "Parallel Aware": false, "Relation Name": "movie_link", "Alias": "ml", "Startup Cost": 0.0, "Total Cost": 462.97, "Plan Rows": 29997, "Plan Width": 8, "Actual Startup Time": 0.003, "Actual Total Time": 1.832, "Actual Rows": 29997, "Actual Loops": 552}, {"Node Type": "Hash", "Parent Relationship": "Inner", "Parallel Aware": false, "Startup Cost": 18.88, "Total Cost": 18.88, "Plan Rows": 4, "Plan Width": 4, "Actual Startup Time": 0.009, "Actual Total Time": 0.009, "Actual Rows": 1, "Actual Loops": 3, "Hash Buckets": 1024, "Original Hash Buckets": 1024, "Hash Batches": 1, "Original Hash Batches": 1, "Peak Memory Usage": 9, "Plans": [{"Node Type": "Seq Scan", "Parent Relationship": "Outer", "Parallel Aware": false, "Relation Name": "link_type", "Alias": "lt", "Startup Cost": 0.0, "Total Cost": 18.88, "Plan Rows": 4, "Plan Width": 4, "Actual Startup Time": 0.006, "Actual Total Time": 0.007, "Actual Rows": 1, "Actual Loops": 3, "Filter": "((link)::text = 'features'::text)", "Rows Removed by Filter": 17}]}]}]}]}]}]}, "Planning Time": 86.321, "Triggers": [], "Execution Time": 2790.261}]
[{"Bao": {"Bao prediction": "NaN", "Bao recommended hint": "(no hint)"}}, {"Plan": {"Node Type": "Aggregate", "Strategy": "Plain", "Partial Mode": "Simple", "Parallel Aware": false, "Startup Cost": 809530.71, "Total Cost": 809530.72, "Plan Rows": 1, "Plan Width": 8, "Actual Startup Time": 2826.295, "Actual Total Time": 2881.006, "Actual Rows": 1, "Actual Loops": 1, "Plans": [{"Node Type": "Nested Loop", "Parent Relationship": "Outer", "Parallel Aware": false, "Join Type": "Inner", "Startup Cost": 759154.61, "Total Cost": 809530.7, "Plan Rows": 1, "Plan Width": 0, "Actual Startup Time": 2473.005, "Actual Total Time": 2880.98, "Actual Rows": 28, "Actual Loops": 1, "Inner Unique": true, "Join Filter": "(mi.movie_id = t.id)", "Rows Removed by Join Filter": 0, "Plans": [{"Node Type": "Nested Loop", "Parent Relationship": "Outer", "Parallel Aware": false, "Join Type": "Inner", "Startup Cost": 759154.18, "Total Cost": 809529.83, "Plan Rows": 1, "Plan Width": 20, "Actual Startup Time": 2293.271, "Actual Total Time": 2872.34, "Actual Rows": 4394, "Actual Loops": 1, "Inner Unique": true, "Plans": [{"Node Type": "Nested Loop", "Parent Relationship": "Outer", "Parallel Aware": false, "Join Type": "Inner", "Startup Cost": 759154.03, "Total Cost": 809529.66, "Plan Rows": 1, "Plan Width": 24, "Actual Startup Time": 2293.266, "Actual Total Time": 2867.958, "Actual Rows": 4394, "Actual Loops": 1, "Inner Unique": true, "Plans": [{"Node Type": "Gather", "Parent Relationship": "Outer", "Parallel Aware": false, "Startup Cost": 759153.88, "Total Cost": 809529.48, "Plan Rows": 1, "Plan Width": 28, "Actual Startup Time": 2293.255, "Actual Total Time": 2855.674, "Actual Rows": 13341, "Actual Loops": 1, "Workers Planned": 2, "Workers Launched": 2, "Single Copy": false, "Plans": [{"Node Type": "Nested Loop", "Parent Relationship": "Outer", "Parallel Aware": false, "Join Type": "Inner", "Startup Cost": 758153.88, "Total Cost": 808529.38, "Plan Rows": 1, "Plan Width": 28, "Actual Startup Time": 2296.383, "Actual Total Time": 2813.538, "Actual Rows": 4447, "Actual Loops": 3, "Inner Unique": true, "Plans": [{"Node Type": "Hash Join", "Parent Relationship": "Outer", "Parallel Aware": true, "Join Type": "Inner", "Startup Cost": 758153.46, "Total Cost": 808525.86, "Plan Rows": 5, "Plan Width": 32, "Actual Startup Time": 2285.389, "Actual Total Time": 2522.592, "Actual Rows": 166292, "Actual Loops": 3, "Inner Unique": false, "Hash Cond": "(mk.movie_id = mi.movie_id)", "Plans": [{"Node Type": "Seq Scan", "Parent Relationship": "Outer", "Parallel Aware": true, "Relation Name": "movie_keyword", "Alias": "mk", "Startup Cost": 0.0, "Total Cost": 43303.71, "Plan Rows": 1884971, "Plan Width": 8, "Actual Startup Time": 0.012, "Actual Total Time": 106.321, "Actual Rows": 1507977, "Actual Loops": 3}, {"Node Type": "Hash", "Parent Relationship": "Inner", "Parallel Aware": true, "Startup Cost": 758153.45, "Total Cost": 758153.45, "Plan Rows": 1, "Plan Width": 24, "Actual Startup Time": 2275.944, "Actual Total Time": 2275.95, "Actual Rows": 2104, "Actual Loops": 3, "Hash Buckets": 8192, "Original Hash Buckets": 1024, "Hash Batches": 1, "Original Hash Batches": 1, "Peak Memory Usage": 536, "Plans": [{"Node Type": "Nested Loop", "Parent Relationship": "Outer", "Parallel Aware": false, "Join Type": "Inner", "Startup Cost": 742311.33, "Total Cost": 758153.45, "Plan Rows": 1, "Plan Width": 24, "Actual Startup Time": 2177.063, "Actual Total Time": 2250.853, "Actual Rows": 2104, "Actual Loops": 3, "Inner Unique": true, "Plans": [{"Node Type": "Hash Join", "Parent Relationship": "Outer", "Parallel Aware": true, "Join Type": "Inner", "Startup Cost": 742310.9, "Total Cost": 758152.36, "Plan Rows": 1, "Plan Width": 28, "Actual Startup Time": 2174.697, "Actual Total Time": 2241.691, "Actual Rows": 3422, "Actual Loops": 3, "Inner Unique": false, "Hash Cond": "(mi_idx.movie_id = mi.movie_id)", "Plans": [{"Node Type": "Seq Scan", "Parent Relationship": "Outer", "Parallel Aware": true, "Relation Name": "movie_info_idx", "Alias": "mi_idx", "Startup Cost": 0.0, "Total Cost": 13685.15, "Plan Rows": 575015, "Plan Width": 8, "Actual Startup Time": 0.031, "Actual Total Time": 33.175, "Actual Rows": 460012, "Actual Loops": 3}, {"Node Type": "Hash", "Parent Relationship": "Inner", "Parallel Aware": true, "Startup Cost": 742310.89, "Total Cost": 742310.89, "Plan Rows": 1, "Plan Width": 20, "Actual Startup Time": 2168.535, "Actual Total Time": 2168.54, "Actual Rows": 1137, "Actual Loops": 3, "Hash Buckets": 4096, "Original Hash Buckets": 1024, "Hash Batches": 1, "Original Hash Batches": 1, "Peak Memory Usage": 280, "Plans": [{"Node Type": "Hash Join", "Parent Relationship": "Outer", "Parallel Aware": false, "Join Type": "Inner", "Startup Cost": 502400.34, "Total Cost": 742310.89, "Plan Rows": 1, "Plan Width": 20, "Actual Startup Time": 2066.82, "Actual Total Time": 2137.471, "Actual Rows": 1137, "Actual Loops": 3, "Inner Unique": true, "Hash Cond": "(mi.info_type_id = it1.id)", "Plans": [{"Node Type": "Hash Join", "Parent Relationship": "Outer", "Parallel Aware": true, "Join Type": "Inner", "Startup Cost": 502397.91, "Total Cost": 742308.37, "Plan Rows": 36, "Plan Width": 24, "Actual Startup Time": 1907.139, "Actual Total Time": 2137.238, "Actual Rows": 1311, "Actual Loops": 3, "Inner Unique": false, "Hash Cond": "(mi.movie_id = ci.movie_id)", "Plans": [{"Node Type": "Seq Scan", "Parent Relationship": "Outer", "Parallel Aware": true, "Relation Name": "movie_info", "Alias": "mi", "Startup Cost": 0.0, "Total Cost": 239795.93, "Plan Rows": 30499, "Plan Width": 8, "Actual Startup Time": 391.929, "Actual Total Time": 619.307, "Actual Rows": 24349, "Actual Loops": 3, "Filter": "((info)::text = ANY ('{Horror,Thriller}'::text[]))", "Rows Removed by Filter": 4920891}, {"Node Type": "Hash", "Parent Relationship": "Inner", "Parallel Aware": true, "Startup Cost": 502392.43, "Total Cost": 502392.43, "Plan Rows": 439, "Plan Width": 16, "Actual Startup Time": 1514.515, "Actual Total Time": 1514.518, "Actual Rows": 5179, "Actual Loops": 3, "Hash Buckets": 16384, "Original Hash Buckets": 2048, "Hash Batches": 1, "Original Hash Batches": 1, "Peak Memory Usage": 1008, "Plans": [{"Node Type": "Hash Join", "Parent Relationship": "Outer", "Parallel Aware": false, "Join Type": "Inner", "Startup Cost": 2467.01, "Total Cost": 502392.43, "Plan Rows": 439, "Plan Width": 16, "Actual Startup Time": 914.149, "Actual Total Time": 1506.426, "Actual Rows": 5179, "Actual Loops": 3, "Inner Unique": false, "Hash Cond": "(ci.movie_id = cc.movie_id)", "Plans": [{"Node Type": "Seq Scan", "Parent Relationship": "Outer", "Parallel Aware": true, "Relation Name": "cast_info", "Alias": "ci", "Startup Cost": 0.0, "Total Cost": 497985.06, "Plan Rows": 516258, "Plan Width": 8, "Actual Startup Time": 86.469, "Actual Total Time": 1433.462, "Actual Rows": 414905, "Actual Loops": 3, "Filter": "((note)::text = ANY ('{(writer),\"(head writer)\",\"(written by)\",(story),\"(story editor)\"}'::text[]))", "Rows Removed by Filter": 11666543}, {"Node Type": "Hash", "Parent Relationship": "Inner", "Parallel Aware": false, "Startup Cost": 2457.5, "Total Cost": 2457.5, "Plan Rows": 761, "Plan Width": 8, "Actual Startup Time": 24.381, "Actual Total Time": 24.382, "Actual Rows": 24592, "Actual Loops": 3, "Hash Buckets": 32768, "Original Hash Buckets": 1024, "Hash Batches": 1, "Original Hash Batches": 1, "Peak Memory Usage": 1217, "Plans": [{"Node Type": "Hash Join", "Parent Relationship": "Outer", "Parallel Aware": false, "Join Type": "Inner", "Startup Cost": 18.93, "Total Cost": 2457.5, "Plan Rows": 761, "Plan Width": 8, "Actual Startup Time": 0.061, "Actual Total Time": 21.425, "Actual Rows": 24592, "Actual Loops": 3, "Inner Unique": true, "Hash Cond": "(cc.status_id = cct2.id)", "Plans": [{"Node Type": "Seq Scan", "Parent Relationship": "Outer", "Parallel Aware": false, "Relation Name": "complete_cast", "Alias": "cc", "Startup Cost": 0.0, "Total Cost": 2081.86, "Plan Rows": 135086, "Plan Width": 12, "Actual Startup Time": 0.028, "Actual Total Time": 9.101, "Actual Rows": 135086, "Actual Loops": 3}, {"Node Type": "Hash", "Parent Relationship": "Inner", "Parallel Aware": false, "Startup Cost": 18.88, "Total Cost": 18.88, "Plan Rows": 4, "Plan Width": 4, "Actual Startup Time": 0.023, "Actual Total Time": 0.024, "Actual Rows": 1, "Actual Loops": 3, "Hash Buckets": 1024, "Original Hash Buckets": 1024, "Hash Batches": 1, "Original Hash Batches": 1, "Peak Memory Usage": 9, "Plans": [{"Node Type": "Seq Scan", "Parent Relationship": "Outer", "Parallel Aware": false, "Relation Name": "comp_cast_type", "Alias": "cct2", "Startup Cost": 0.0, "Total Cost": 18.88, "Plan Rows": 4, "Plan Width": 4, "Actual Startup Time": 0.01, "Actual Total Time": 0.01, "Actual Rows": 1, "Actual Loops": 3, "Filter": "((kind)::text = 'complete+verified'::text)", "Rows Removed by Filter": 3}]}]}]}]}]}]}, {"Node Type": "Hash", "Parent Relationship": "Inner", "Parallel Aware": false, "Startup Cost": 2.41, "Total Cost": 2.41, "Plan Rows": 1, "Plan Width": 4, "Actual Startup Time": 0.032, "Actual Total Time": 0.032, "Actual Rows": 1, "Actual Loops": 3, "Hash Buckets": 1024, "Original Hash Buckets": 1024, "Hash Batches": 1, "Original Hash Batches": 1, "Peak Memory Usage": 9, "Plans": [{"Node Type": "Seq Scan", "Parent Relationship": "Outer", "Parallel Aware": false, "Relation Name": "info_type", "Alias": "it1", "Startup Cost": 0.0, "Total Cost": 2.41, "Plan Rows": 1, "Plan Width": 4, "Actual Startup Time": 0.021, "Actual Total Time": 0.027, "Actual Rows": 1, "Actual Loops": 3, "Filter": "((info)::text = 'genres'::text)", "Rows Removed by Filter": 112}]}]}]}]}, {"Node Type": "Index Scan", "Parent Relationship": "Inner", "Parallel Aware": false, "Scan Direction": "Forward", "Index Name": "name_pkey", "Relation Name": "name", "Alias": "n", "Startup Cost": 0.43, "Total Cost": 1.09, "Plan Rows": 1, "Plan Width": 4, "Actual Startup Time": 0.002, "Actual Total Time": 0.002, "Actual Rows": 1, "Actual Loops": 10267, "Index Cond": "(id = ci.person_id)", "Rows Removed by Index Recheck": 0, "Filter": "((gender)::text = 'm'::text)", "Rows Removed by Filter": 0}]}]}]}, {"Node Type": "Index Scan", "Parent Relationship": "Inner", "Parallel Aware": false, "Scan Direction": "Forward", "Index Name": "keyword_pkey", "Relation Name": "keyword", "Alias": "k", "Startup Cost": 0.42, "Total Cost": 0.69, "Plan Rows": 1, "Plan Width": 4, "Actual Startup Time": 0.002, "Actual Total Time": 0.002, "Actual Rows": 0, "Actual Loops": 498877, "Index Cond": "(id = mk.keyword_id)", "Rows Removed by Index Recheck": 0, "Filter": "((keyword)::text = ANY ('{murder,violence,blood,gore,death,female-nudity,hospital}'::text[]))", "Rows Removed by Filter": 1}]}]}, {"Node Type": "Index Scan", "Parent Relationship": "Inner", "Parallel Aware": false, "Scan Direction": "Forward", "Index Name": "info_type_pkey", "Relation Name": "info_type", "Alias": "it2", "Startup Cost": 0.14, "Total Cost": 0.16, "Plan Rows": 1, "Plan Width": 4, "Actual Startup Time": 0.001, "Actual Total Time": 0.001, "Actual Rows": 0, "Actual Loops": 13341, "Index Cond": "(id = mi_idx.info_type_id)", "Rows Removed by Index Recheck": 0, "Filter": "((info)::text = 'votes'::text)", "Rows Removed by Filter": 1}]}, {"Node Type": "Index Scan", "Parent Relationship": "Inner", "Parallel Aware": false, "Scan Direction": "Forward", "Index Name": "comp_cast_type_pkey", "Relation Name": "comp_cast_type", "Alias": "cct1", "Startup Cost": 0.15, "Total Cost": 0.17, "Plan Rows": 1, "Plan Width": 4, "Actual Startup Time": 0.001, "Actual Total Time": 0.001, "Actual Rows": 1, "Actual Loops": 4394, "Index Cond": "(id = cc.subject_id)", "Rows Removed by Index Recheck": 0, "Filter": "((kind)::text = ANY ('{cast,crew}'::text[]))", "Rows Removed by Filter": 0}]}, {"Node Type": "Index Scan", "Parent Relationship": "Inner", "Parallel Aware": false, "Scan Direction": "Forward", "Index Name": "title_pkey", "Relation Name": "title", "Alias": "t", "Startup Cost": 0.43, "Total Cost": 0.86, "Plan Rows": 1, "Plan Width": 4, "Actual Startup Time": 0.002, "Actual Total Time": 0.002, "Actual Rows": 0, "Actual Loops": 4394, "Index Cond": "(id = mk.movie_id)", "Rows Removed by Index Recheck": 0, "Filter": "((production_year > 2000) AND (((title)::text ~~ '%Freddy%'::text) OR ((title)::text ~~ '%Jason%'::text) OR ((title)::text ~~ 'Saw%'::text)))", "Rows Removed by Filter": 1}]}]}, "Planning Time": 209.415, "Triggers": [], "Execution Time": 2881.156}]
[{"Bao": {"Bao prediction": "NaN", "Bao recommended hint": "(no hint)"}}, {"Plan": {"Node Type": "Aggregate", "Strategy": "Plain", "Partial Mode": "Finalize", "Parallel Aware": false, "Startup Cost": 641325.25, "Total Cost": 641325.26, "Plan Rows": 1, "Plan Width": 8, "Actual Startup Time": 2139.504, "Actual Total Time": 2183.57, "Actual Rows": 1, "Actual Loops": 1, "Plans": [{"Node Type": "Gather", "Parent Relationship": "Outer", "Parallel Aware": false, "Startup Cost": 641325.03, "Total Cost": 641325.24, "Plan Rows": 2, "Plan Width": 8, "Actual Startup Time": 2138.797, "Actual Total Time": 2183.551, "Actual Rows": 3, "Actual Loops": 1, "Workers Planned": 2, "Workers Launched": 2, "Single Copy": false, "Plans": [{"Node Type": "Aggregate", "Strategy": "Plain", "Partial Mode": "Partial", "Parent Relationship": "Outer", "Parallel Aware": false, "Startup Cost": 640325.03, "Total Cost": 640325.04, "Plan Rows": 1, "Plan Width": 8, "Actual Startup Time": 2136.723, "Actual Total Time": 2136.736, "Actual Rows": 1, "Actual Loops": 3, "Plans": [{"Node Type": "Hash Join", "Parent Relationship": "Outer", "Parallel Aware": false, "Join Type": "Inner", "Startup Cost": 601089.49, "Total Cost": 639793.79, "Plan Rows": 212498, "Plan Width": 0, "Actual Startup Time": 2118.271, "Actual Total Time": 2136.731, "Actual Rows": 3, "Actual Loops": 3, "Inner Unique": true, "Hash Cond": "(mc.company_type_id = ct.id)", "Plans": [{"Node Type": "Hash Join", "Parent Relationship": "Outer", "Parallel Aware": true, "Join Type": "Inner", "Startup Cost": 601063.51, "Total Cost": 639206.68, "Plan Rows": 212498, "Plan Width": 4, "Actual Startup Time": 2118.144, "Actual Total Time": 2136.601, "Actual Rows": 3, "Actual Loops": 3, "Inner Unique": false, "Hash Cond": "(mc.movie_id = t.id)", "Plans": [{"Node Type": "Hash Join", "Parent Relationship": "Outer", "Parallel Aware": true, "Join Type": "Inner", "Startup Cost": 5344.51, "Total Cost": 37859.67, "Plan Rows": 391078, "Plan Width": 8, "Actual Startup Time": 13.304, "Actual Total Time": 208.007, "Actual Rows": 384599, "Actual Loops": 3, "Inner Unique": true, "Hash Cond": "(mc.company_id = cn.id)", "Plans": [{"Node Type": "Seq Scan", "Parent Relationship": "Outer", "Parallel Aware": true, "Relation Name": "movie_companies", "Alias": "mc", "Startup Cost": 0.0, "Total Cost": 29661.37, "Plan Rows": 1087137, "Plan Width": 12, "Actual Startup Time": 0.007, "Actual Total Time": 64.652, "Actual Rows": 869710, "Actual Loops": 3}, {"Node Type": "Hash", "Parent Relationship": "Inner", "Parallel Aware": true, "Startup Cost": 4722.92, "Total Cost": 4722.92, "Plan Rows": 49727, "Plan Width": 4, "Actual Startup Time": 13.238, "Actual Total Time": 13.239, "Actual Rows": 28281, "Actual Loops": 3, "Hash Buckets": 131072, "Original Hash Buckets": 131072, "Hash Batches": 1, "Original Hash Batches": 1, "Peak Memory Usage": 4384, "Plans": [{"Node Type": "Seq Scan", "Parent Relationship": "Outer", "Parallel Aware": true, "Relation Name": "company_name", "Alias": "cn", "Startup Cost": 0.0, "Total Cost": 4722.92, "Plan Rows": 49727, "Plan Width": 4, "Actual Startup Time": 0.026, "Actual Total Time": 9.563, "Actual Rows": 28281, "Actual Loops": 3, "Filter": "((country_code)::text = '[us]'::text)", "Rows Removed by Filter": 50051}]}]}, {"Node Type": "Hash", "Parent Relationship": "Inner", "Parallel Aware": true, "Startup Cost": 592393.74, "Total Cost": 592393.74, "Plan Rows": 202661, "Plan Width": 8, "Actual Startup Time": 1858.498, "Actual Total Time": 1858.507, "Actual Rows": 4, "Actual Loops": 3, "Hash Buckets": 131072, "Original Hash Buckets": 131072, "Hash Batches": 8, "Original Hash Batches": 8, "Peak Memory Usage": 1120, "Plans": [{"Node Type": "Hash Join", "Parent Relationship": "Outer", "Parallel Aware": true, "Join Type": "Inner", "Startup Cost": 132136.9, "Total Cost": 592393.74, "Plan Rows": 202661, "Plan Width": 8, "Actual Startup Time": 1829.163, "Actual Total Time": 1858.186, "Actual Rows": 4, "Actual Loops": 3, "Inner Unique": true, "Hash Cond": "(ci.movie_id = t.id)", "Plans": [{"Node Type": "Hash Join", "Parent Relationship": "Outer", "Parallel Aware": true, "Join Type": "Inner", "Startup Cost": 71027.22, "Total Cost": 525378.13, "Plan Rows": 293308, "Plan Width": 4, "Actual Startup Time": 1607.881, "Actual Total Time": 1635.068, "Actual Rows": 5, "Actual Loops": 3, "Inner Unique": true, "Hash Cond": "(ci.person_role_id = chn.id)", "Plans": [{"Node Type": "Hash Join", "Parent Relationship": "Outer", "Parallel Aware": false, "Join Type": "Inner", "Startup Cost": 25.98, "Total Cost": 442991.05, "Plan Rows": 601081, "Plan Width": 8, "Actual Startup Time": 129.04, "Actual Total Time": 1290.923, "Actual Rows": 478480, "Actual Loops": 3, "Inner Unique": true, "Hash Cond": "(ci.role_id = rt.id)", "Plans": [{"Node Type": "Seq Scan", "Parent Relationship": "Outer", "Parallel Aware": true, "Relation Name": "cast_info", "Alias": "ci", "Startup Cost": 0.0, "Total Cost": 441377.81, "Plan Rows": 601081, "Plan Width": 12, "Actual Startup Time": 128.992, "Actual Total Time": 1221.863, "Actual Rows": 478480, "Actual Loops": 3, "Filter": "((note)::text ~~ '%(producer)%'::text)", "Rows Removed by Filter": 11602968}, {"Node Type": "Hash", "Parent Relationship": "Inner", "Parallel Aware": false, "Startup Cost": 17.1, "Total Cost": 17.1, "Plan Rows": 710, "Plan Width": 4, "Actual Startup Time": 0.027, "Actual Total Time": 0.027, "Actual Rows": 12, "Actual Loops": 3, "Hash Buckets": 1024, "Original Hash Buckets": 1024, "Hash Batches": 1, "Original Hash Batches": 1, "Peak Memory Usage": 9, "Plans": [{"Node Type": "Seq Scan", "Parent Relationship": "Outer", "Parallel Aware": false, "Relation Name": "role_type", "Alias": "rt", "Startup Cost": 0.0, "Total Cost": 17.1, "Plan Rows": 710, "Plan Width": 4, "Actual Startup Time": 0.022, "Actual Total Time": 0.023, "Actual Rows": 12, "Actual Loops": 3}]}]}, {"Node Type": "Hash", "Parent Relationship": "Inner", "Parallel Aware": true, "Startup Cost": 49533.0, "Total Cost": 49533.0, "Plan Rows": 1308500, "Plan Width": 4, "Actual Startup Time": 239.183, "Actual Total Time": 239.183, "Actual Rows": 1046780, "Actual Loops": 3, "Hash Buckets": 131072, "Original Hash Buckets": 131072, "Hash Batches": 64, "Original Hash Batches": 64, "Peak Memory Usage": 3008, "Plans": [{"Node Type": "Seq Scan", "Parent Relationship": "Outer", "Parallel Aware": true, "Relation Name": "char_name", "Alias": "chn", "Startup Cost": 0.0, "Total Cost": 49533.0, "Plan Rows": 1308500, "Plan Width": 4, "Actual Startup Time": 0.021, "Actual Total Time": 113.535, "Actual Rows": 1046780, "Actual Loops": 3}]}]}, {"Node Type": "Hash", "Parent Relationship": "Inner", "Parallel Aware": true, "Startup Cost": 49166.73, "Total Cost": 49166.73, "Plan Rows": 727916, "Plan Width": 4, "Actual Startup Time": 182.579, "Actual Total Time": 182.579, "Actual Rows": 583011, "Actual Loops": 3, "Hash Buckets": 131072, "Original Hash Buckets": 131072, "Hash Batches": 32, "Original Hash Batches": 32, "Peak Memory Usage": 3232, "Plans": [{"Node Type": "Seq Scan", "Parent Relationship": "Outer", "Parallel Aware": true, "Relation Name": "title", "Alias": "t", "Startup Cost": 0.0, "Total Cost": 49166.73, "Plan Rows": 727916, "Plan Width": 4, "Actual Startup Time": 0.016, "Actual Total Time": 112.658, "Actual Rows": 583011, "Actual Loops": 3, "Filter": "(production_year > 1990)", "Rows Removed by Filter": 259760}]}]}]}]}, {"Node Type": "Hash", "Parent Relationship": "Inner", "Parallel Aware": false, "Startup Cost": 17.1, "Total Cost": 17.1, "Plan Rows": 710, "Plan Width": 4, "Actual Startup Time": 0.025, "Actual Total Time": 0.026, "Actual Rows": 4, "Actual Loops": 3, "Hash Buckets": 1024, "Original Hash Buckets": 1024, "Hash Batches": 1, "Original Hash Batches": 1, "Peak Memory Usage": 9, "Plans": [{"Node Type": "Seq Scan", "Parent Relationship": "Outer", "Parallel Aware": false, "Relation Name": "company_type", "Alias": "ct", "Startup Cost": 0.0, "Total Cost": 17.1, "Plan Rows": 710, "Plan Width": 4, "Actual Startup Time": 0.02, "Actual Total Time": 0.021, "Actual Rows": 4, "Actual Loops": 3}]}]}]}]}]}, "Planning Time": 80.315, "Triggers": [], "Execution Time": 2183.638}]
[{"Bao": {"Bao prediction": "NaN", "Bao recommended hint": "(no hint)"}}, {"Plan": {"Node Type": "Aggregate", "Strategy": "Plain", "Partial Mode": "Simple", "Parallel Aware": false, "Startup Cost": 83192.88, "Total Cost": 83192.89, "Plan Rows": 1, "Plan Width": 8, "Actual Startup Time": 448.564, "Actual Total Time": 457.858, "Actual Rows": 1, "Actual Loops": 1, "Plans": [{"Node Type": "Gather", "Parent Relationship": "Outer", "Parallel Aware": false, "Startup Cost": 32820.19, "Total Cost": 83192.88, "Plan Rows": 1, "Plan Width": 0, "Actual Startup Time": 234.002, "Actual Total Time": 457.838, "Actual Rows": 310, "Actual Loops": 1, "Workers Planned": 2, "Workers Launched": 2, "Single Copy": false, "Plans": [{"Node Type": "Nested Loop", "Parent Relationship": "Outer", "Parallel Aware": false, "Join Type": "Inner", "Startup Cost": 31820.19, "Total Cost": 82192.78, "Plan Rows": 1, "Plan Width": 0, "Actual Startup Time": 233.104, "Actual Total Time": 445.171, "Actual Rows": 103, "Actual Loops": 3, "Inner Unique": true, "Plans": [{"Node Type": "Hash Join", "Parent Relationship": "Outer", "Parallel Aware": true, "Join Type": "Inner", "Startup Cost": 31819.77, "Total Cost": 82192.31, "Plan Rows": 1, "Plan Width": 4, "Actual Startup Time": 231.19, "Actual Total Time": 441.828, "Actual Rows": 2288, "Actual Loops": 3, "Inner Unique": false, "Hash Cond": "(mk.movie_id = ml.movie_id)", "Plans": [{"Node Type": "Seq Scan", "Parent Relationship": "Outer", "Parallel Aware": true, "Relation Name": "movie_keyword", "Alias": "mk", "Startup Cost": 0.0, "Total Cost": 43303.71, "Plan Rows": 1884971, "Plan Width": 8, "Actual Startup Time": 0.017, "Actual Total Time": 103.276, "Actual Rows": 1507977, "Actual Loops": 3}, {"Node Type": "Hash", "Parent Relationship": "Inner", "Parallel Aware": true, "Startup Cost": 31819.76, "Total Cost": 31819.76, "Plan Rows": 1, "Plan Width": 12, "Actual Startup Time": 230.492, "Actual Total Time": 230.497, "Actual Rows": 233, "Actual Loops": 3, "Hash Buckets": 1024, "Original Hash Buckets": 1024, "Hash Batches": 1, "Original Hash Batches": 1, "Peak Memory Usage": 104, "Plans": [{"Node Type": "Nested Loop", "Parent Relationship": "Outer", "Parallel Aware": false, "Join Type": "Inner", "Startup Cost": 31818.74, "Total Cost": 31819.76, "Plan Rows": 1, "Plan Width": 12, "Actual Startup Time": 224.315, "Actual Total Time": 229.622, "Actual Rows": 233, "Actual Loops": 3, "Inner Unique": true, "Join Filter": "(ml.movie_id = t.id)", "Rows Removed by Join Filter": 0, "Plans": [{"Node Type": "Nested Loop", "Parent Relationship": "Outer", "Parallel Aware": false, "Join Type": "Inner", "Startup Cost": 31818.31, "Total Cost": 31819.15, "Plan Rows": 1, "Plan Width": 8, "Actual Startup Time": 223.968, "Actual Total Time": 228.827, "Actual Rows": 384, "Actual Loops": 3, "Inner Unique": true, "Plans": [{"Node Type": "Merge Join", "Parent Relationship": "Outer", "Parallel Aware": false, "Join Type": "Inner", "Startup Cost": 31817.89, "Total Cost": 31818.7, "Plan Rows": 1, "Plan Width": 12, "Actual Startup Time": 223.6, "Actual Total Time": 226.079, "Actual Rows": 1464, "Actual Loops": 3, "Inner Unique": false, "Merge Cond": "(mc.movie_id = ml.movie_id)", "Plans": [{"Node Type": "Sort", "Parent Relationship": "Outer", "Parallel Aware": false, "Startup Cost": 31255.69, "Total Cost": 31263.17, "Plan Rows": 2992, "Plan Width": 8, "Actual Startup Time": 218.825, "Actual Total Time": 220.093, "Actual Rows": 15931, "Actual Loops": 3, "Sort Key": ["mc.movie_id"], "Sort Method": "external merge", "Sort Space Used": 7232, "Sort Space Type": "Disk", "Workers": [{"Worker Number": 0, "Sort Method": "external merge", "Sort Space Used": 6944, "Sort Space Type": "Disk"}, {"Worker Number": 1, "Sort Method": "external merge", "Sort Space Used": 6992, "Sort Space Type": "Disk"}], "Plans": [{"Node Type": "Hash Join", "Parent Relationship": "Outer", "Parallel Aware": false, "Join Type": "Inner", "Startup Cost": 18.93, "Total Cost": 31082.95, "Plan Rows": 2992, "Plan Width": 8, "Actual Startup Time": 35.577, "Actual Total Time": 130.977, "Actual Rows": 397976, "Actual Loops": 3, "Inner Unique": true, "Hash Cond": "(mc.company_type_id = ct.id)", "Plans": [{"Node Type": "Seq Scan", "Parent Relationship": "Outer", "Parallel Aware": true, "Relation Name": "movie_companies", "Alias": "mc", "Startup Cost": 0.0, "Total Cost": 29661.37, "Plan Rows": 531175, "Plan Width": 12, "Actual Startup Time": 0.03, "Actual Total Time": 78.431, "Actual Rows": 423996, "Actual Loops": 3, "Filter": "(note IS NULL)", "Rows Removed by Filter": 445713}, {"Node Type": "Hash", "Parent Relationship": "Inner", "Parallel Aware": false, "Startup Cost": 18.88, "Total Cost": 18.88, "Plan Rows": 4, "Plan Width": 4, "Actual Startup Time": 0.017, "Actual Total Time": 0.017, "Actual Rows": 1, "Actual Loops": 3, "Hash Buckets": 1024, "Original Hash Buckets": 1024, "Hash Batches": 1, "Original Hash Batches": 1, "Peak Memory Usage": 9, "Plans": [{"Node Type": "Seq Scan", "Parent Relationship": "Outer", "Parallel Aware": false, "Relation Name": "company_type", "Alias": "ct", "Startup Cost": 0.0, "Total Cost": 18.88, "Plan Rows": 4, "Plan Width": 4, "Actual Startup Time": 0.012, "Actual Total Time": 0.012, "Actual Rows": 1, "Actual Loops": 3, "Filter": "((kind)::text = 'production companies'::text)", "Rows Removed by Filter": 3}]}]}]}, {"Node Type": "Sort", "Parent Relationship": "Inner", "Parallel Aware": false, "Startup Cost": 562.2, "Total Cost": 562.3, "Plan Rows": 42, "Plan Width": 4, "Actual Startup Time": 4.761, "Actual Total Time": 4.897, "Actual Rows": 3128, "Actual Loops": 3, "Sort Key": ["ml.movie_id"], "Sort Method": "quicksort", "Sort Space Used": 205, "Sort Space Type": "Memory", "Workers": [{"Worker Number": 0, "Sort Method": "quicksort", "Sort Space Used": 205, "Sort Space Type": "Memory"}, {"Worker Number": 1, "Sort Method": "quicksort", "Sort Space Used": 205, "Sort Space Type": "Memory"}], "Plans": [{"Node Type": "Hash Join", "Parent Relationship": "Outer", "Parallel Aware": false, "Join Type": "Inner", "Startup Cost": 18.89, "Total Cost": 561.07, "Plan Rows": 42, "Plan Width": 4, "Actual Startup Time": 0.055, "Actual Total Time": 4.364, "Actual Rows": 2315, "Actual Loops": 3, "Inner Unique": true, "Hash Cond": "(ml.link_type_id = lt.id)", "Plans": [{"Node Type": "Seq Scan", "Parent Relationship": "Outer", "Parallel Aware": false, "Relation Name": "movie_link", "Alias": "ml", "Startup Cost": 0.0, "Total Cost": 462.97, "Plan Rows": 29997, "Plan Width": 8, "Actual Startup Time": 0.026, "Actual Total Time": 1.966, "Actual Rows": 29997, "Actual Loops": 3}, {"Node Type": "Hash", "Parent Relationship": "Inner", "Parallel Aware": false, "Startup Cost": 18.88, "Total Cost": 18.88, "Plan Rows": 1, "Plan Width": 4, "Actual Startup Time": 0.016, "Actual Total Time": 0.016, "Actual Rows": 2, "Actual Loops": 3, "Hash Buckets": 1024, "Original Hash Buckets": 1024, "Hash Batches": 1, "Original Hash Batches": 1, "Peak Memory Usage": 9, "Plans": [{"Node Type": "Seq Scan", "Parent Relationship": "Outer", "Parallel Aware": false, "Relation Name": "link_type", "Alias": "lt", "Startup Cost": 0.0, "Total Cost": 18.88, "Plan Rows": 1, "Plan Width": 4, "Actual Startup Time": 0.01, "Actual Total Time": 0.013, "Actual Rows": 2, "Actual Loops": 3, "Filter": "((link)::text ~~ '%follow%'::text)", "Rows Removed by Filter": 16}]}]}]}]}, {"Node Type": "Index Scan", "Parent Relationship": "Inner", "Parallel Aware": false, "Scan Direction": "Forward", "Index Name": "company_name_pkey", "Relation Name": "company_name", "Alias": "cn", "Startup Cost": 0.42, "Total Cost": 0.46, "Plan Rows": 1, "Plan Width": 4, "Actual Startup Time": 0.002, "Actual Total Time": 0.002, "Actual Rows": 0, "Actual Loops": 4393, "Index Cond": "(id = mc.company_id)", "Rows Removed by Index Recheck": 0, "Filter": "(((country_code)::text <> '[pl]'::text) AND (((name)::text ~~ '%Film%'::text) OR ((name)::text ~~ '%Warner%'::text)))", "Rows Removed by Filter": 1}]}, {"Node Type": "Index Scan", "Parent Relationship": "Inner", "Parallel Aware": false, "Scan Direction": "Forward", "Index Name": "title_pkey", "Relation Name": "title", "Alias": "t", "Startup Cost": 0.43, "Total Cost": 0.59, "Plan Rows": 1, "Plan Width": 4, "Actual Startup Time": 0.002, "Actual Total Time": 0.002, "Actual Rows": 1, "Actual Loops": 1152, "Index Cond": "(id = mc.movie_id)", "Rows Removed by Index Recheck": 0, "Filter": "((production_year >= 1950) AND (production_year <= 2000))", "Rows Removed by Filter": 0}]}]}]}, {"Node Type": "Index Scan", "Parent Relationship": "Inner", "Parallel Aware": false, "Scan Direction": "Forward", "Index Name": "keyword_pkey", "Relation Name": "keyword", "Alias": "k", "Startup Cost": 0.42, "Total Cost": 0.44, "Plan Rows": 1, "Plan Width": 4, "Actual Startup Time": 0.001, "Actual Total Time": 0.001, "Actual Rows": 0, "Actual Loops": 6863, "Index Cond": "(id = mk.keyword_id)", "Rows Removed by Index Recheck": 0, "Filter": "((keyword)::text = 'sequel'::text)", "Rows Removed by Filter": 1}]}]}]}, "Planning Time": 83.28, "Triggers": [], "Execution Time": 458.851}]
[{"Bao": {"Bao prediction": "NaN", "Bao recommended hint": "(no hint)"}}, {"Plan": {"Node Type": "Aggregate", "Strategy": "Plain", "Partial Mode": "Finalize", "Parallel Aware": false, "Startup Cost": 514108.77, "Total Cost": 514108.78, "Plan Rows": 1, "Plan Width": 8, "Actual Startup Time": 4136.186, "Actual Total Time": 4181.102, "Actual Rows": 1, "Actual Loops": 1, "Plans": [{"Node Type": "Gather", "Parent Relationship": "Outer", "Parallel Aware": false, "Startup Cost": 514108.56, "Total Cost": 514108.77, "Plan Rows": 2, "Plan Width": 8, "Actual Startup Time": 4135.995, "Actual Total Time": 4181.096, "Actual Rows": 3, "Actual Loops": 1, "Workers Planned": 2, "Workers Launched": 2, "Single Copy": false, "Plans": [{"Node Type": "Aggregate", "Strategy": "Plain", "Partial Mode": "Partial", "Parent Relationship": "Outer", "Parallel Aware": false, "Startup Cost": 513108.56, "Total Cost": 513108.57, "Plan Rows": 1, "Plan Width": 8, "Actual Startup Time": 4133.723, "Actual Total Time": 4133.731, "Actual Rows": 1, "Actual Loops": 3, "Plans": [{"Node Type": "Nested Loop", "Parent Relationship": "Outer", "Parallel Aware": false, "Join Type": "Inner", "Startup Cost": 462736.14, "Total Cost": 513108.56, "Plan Rows": 1, "Plan Width": 0, "Actual Startup Time": 4025.442, "Actual Total Time": 4133.726, "Actual Rows": 11, "Actual Loops": 3, "Inner Unique": true, "Plans": [{"Node Type": "Nested Loop", "Parent Relationship": "Outer", "Parallel Aware": false, "Join Type": "Inner", "Startup Cost": 462735.71, "Total Cost": 513108.1, "Plan Rows": 1, "Plan Width": 4, "Actual Startup Time": 4025.423, "Actual Total Time": 4133.677, "Actual Rows": 11, "Actual Loops": 3, "Inner Unique": true, "Plans": [{"Node Type": "Hash Join", "Parent Relationship": "Outer", "Parallel Aware": true, "Join Type": "Inner", "Startup Cost": 462735.29, "Total Cost": 513107.64, "Plan Rows": 1, "Plan Width": 8, "Actual Startup Time": 4016.514, "Actual Total Time": 4132.628, "Actual Rows": 438, "Actual Loops": 3, "Inner Unique": false, "Hash Cond": "(mk.movie_id = t.id)", "Plans": [{"Node Type": "Seq Scan", "Parent Relationship": "Outer", "Parallel Aware": true, "Relation Name": "movie_keyword", "Alias": "mk", "Startup Cost": 0.0, "Total Cost": 43303.71, "Plan Rows": 1884971, "Plan Width": 8, "Actual Startup Time": 0.008, "Actual Total Time": 96.462, "Actual Rows": 1507977, "Actual Loops": 3}, {"Node Type": "Hash", "Parent Relationship": "Inner", "Parallel Aware": true, "Startup Cost": 462735.27, "Total Cost": 462735.27, "Plan Rows": 1, "Plan Width": 16, "Actual Startup Time": 3935.537, "Actual Total Time": 3935.543, "Actual Rows": 3, "Actual Loops": 3, "Hash Buckets": 1024, "Original Hash Buckets": 1024, "Hash Batches": 1, "Original Hash Batches": 1, "Peak Memory Usage": 104, "Plans": [{"Node Type": "Nested Loop", "Parent Relationship": "Outer", "Parallel Aware": false, "Join Type": "Inner", "Startup Cost": 2488.29, "Total Cost": 462735.27, "Plan Rows": 1, "Plan Width": 16, "Actual Startup Time": 1026.38, "Actual Total Time": 3935.474, "Actual Rows": 3, "Actual Loops": 3, "Inner Unique": true, "Plans": [{"Node Type": "Hash Join", "Parent Relationship": "Outer", "Parallel Aware": false, "Join Type": "Inner", "Startup Cost": 2487.86, "Total Cost": 462734.81, "Plan Rows": 1, "Plan Width": 20, "Actual Startup Time": 355.103, "Actual Total Time": 3065.425, "Actual Rows": 511941, "Actual Loops": 3, "Inner Unique": false, "Hash Cond": "(ci.movie_id = t.id)", "Plans": [{"Node Type": "Seq Scan", "Parent Relationship": "Outer", "Parallel Aware": true, "Relation Name": "cast_info", "Alias": "ci", "Startup Cost": 0.0, "Total Cost": 403639.65, "Plan Rows": 15095265, "Plan Width": 12, "Actual Startup Time": 0.015, "Actual Total Time": 951.885, "Actual Rows": 12081448, "Actual Loops": 3}, {"Node Type": "Hash", "Parent Relationship": "Inner", "Parallel Aware": false, "Startup Cost": 2487.85, "Total Cost": 2487.85, "Plan Rows": 1, "Plan Width": 8, "Actual Startup Time": 355.073, "Actual Total Time": 355.077, "Actual Rows": 28583, "Actual Loops": 3, "Hash Buckets": 32768, "Original Hash Buckets": 1024, "Hash Batches": 1, "Original Hash Batches": 1, "Peak Memory Usage": 1373, "Plans": [{"Node Type": "Nested Loop", "Parent Relationship": "Outer", "Parallel Aware": false, "Join Type": "Inner", "Startup Cost": 19.5, "Total Cost": 2487.85, "Plan Rows": 1, "Plan Width": 8, "Actual Startup Time": 0.13, "Actual Total Time": 350.469, "Actual Rows": 28583, "Actual Loops": 3, "Inner Unique": true, "Plans": [{"Node Type": "Nested Loop", "Parent Relationship": "Outer", "Parallel Aware": false, "Join Type": "Inner", "Startup Cost": 19.36, "Total Cost": 2487.67, "Plan Rows": 1, "Plan Width": 12, "Actual Startup Time": 0.101, "Actual Total Time": 273.242, "Actual Rows": 73560, "Actual Loops": 3, "Inner Unique": true, "Plans": [{"Node Type": "Nested Loop", "Parent Relationship": "Outer", "Parallel Aware": false, "Join Type": "Inner", "Startup Cost": 18.93, "Total Cost": 2485.89, "Plan Rows": 1, "Plan Width": 4, "Actual Startup Time": 0.047, "Actual Total Time": 67.208, "Actual Rows": 85941, "Actual Loops": 3, "Inner Unique": false, "Join Filter": "(cc.status_id = cct2.id)", "Rows Removed by Join Filter": 85941, "Plans": [{"Node Type": "Seq Scan", "Parent Relationship": "Outer", "Parallel Aware": false, "Relation Name": "comp_cast_type", "Alias": "cct2", "Startup Cost": 0.0, "Total Cost": 18.88, "Plan Rows": 1, "Plan Width": 4, "Actual Startup Time": 0.02, "Actual Total Time": 0.022, "Actual Rows": 2, "Actual Loops": 3, "Filter": "((kind)::text ~~ '%complete%'::text)", "Rows Removed by Filter": 2}, {"Node Type": "Hash Join", "Parent Relationship": "Inner", "Parallel Aware": false, "Join Type": "Inner", "Startup Cost": 18.93, "Total Cost": 2457.5, "Plan Rows": 761, "Plan Width": 8, "Actual Startup Time": 0.015, "Actual Total Time": 27.47, "Actual Rows": 85941, "Actual Loops": 6, "Inner Unique": true, "Hash Cond": "(cc.subject_id = cct1.id)", "Plans": [{"Node Type": "Seq Scan", "Parent Relationship": "Outer", "Parallel Aware": false, "Relation Name": "complete_cast", "Alias": "cc", "Startup Cost": 0.0, "Total Cost": 2081.86, "Plan Rows": 135086, "Plan Width": 12, "Actual Startup Time": 0.006, "Actual Total Time": 9.468, "Actual Rows": 135086, "Actual Loops": 6}, {"Node Type": "Hash", "Parent Relationship": "Inner", "Parallel Aware": false, "Startup Cost": 18.88, "Total Cost": 18.88, "Plan Rows": 4, "Plan Width": 4, "Actual Startup Time": 0.007, "Actual Total Time": 0.008, "Actual Rows": 1, "Actual Loops": 3, "Hash Buckets": 1024, "Original Hash Buckets": 1024, "Hash Batches": 1, "Original Hash Batches": 1, "Peak Memory Usage": 9, "Plans": [{"Node Type": "Seq Scan", "Parent Relationship": "Outer", "Parallel Aware": false, "Relation Name": "comp_cast_type", "Alias": "cct1", "Startup Cost": 0.0, "Total Cost": 18.88, "Plan Rows": 4, "Plan Width": 4, "Actual Startup Time": 0.002, "Actual Total Time": 0.003, "Actual Rows": 1, "Actual Loops": 3, "Filter": "((kind)::text = 'cast'::text)", "Rows Removed by Filter": 3}]}]}]}, {"Node Type": "Index Scan", "Parent Relationship": "Inner", "Parallel Aware": false, "Scan Direction": "Forward", "Index Name": "title_pkey", "Relation Name": "title", "Alias": "t", "Startup Cost": 0.43, "Total Cost": 1.78, "Plan Rows": 1, "Plan Width": 8, "Actual Startup Time": 0.002, "Actual Total Time": 0.002, "Actual Rows": 1, "Actual Loops": 257823, "Index Cond": "(id = cc.movie_id)", "Rows Removed by Index Recheck": 0, "Filter": "(production_year > 1950)", "Rows Removed by Filter": 0}]}, {"Node Type": "Index Scan", "Parent Relationship": "Inner", "Parallel Aware": false, "Scan Direction": "Forward", "Index Name": "kind_type_pkey", "Relation Name": "kind_type", "Alias": "kt", "Startup Cost": 0.15, "Total Cost": 0.17, "Plan Rows": 1, "Plan Width": 4, "Actual Startup Time": 0.001, "Actual Total Time": 0.001, "Actual Rows": 0, "Actual Loops": 220680, "Index Cond": "(id = t.kind_id)", "Rows Removed by Index Recheck": 0, "Filter": "((kind)::text = 'movie'::text)", "Rows Removed by Filter": 1}]}]}]}, {"Node Type": "Index Scan", "Parent Relationship": "Inner", "Parallel Aware": false, "Scan Direction": "Forward", "Index Name": "char_name_pkey", "Relation Name": "char_name", "Alias": "chn", "Startup Cost": 0.43, "Total Cost": 0.46, "Plan Rows": 1, "Plan Width": 4, "Actual Startup Time": 0.002, "Actual Total Time": 0.002, "Actual Rows": 0, "Actual Loops": 1535822, "Index Cond": "(id = ci.person_role_id)", "Rows Removed by Index Recheck": 0, "Filter": "(((name)::text !~~ '%Sherlock%'::text) AND (((name)::text ~~ '%Tony%Stark%'::text) OR ((name)::text ~~ '%Iron%Man%'::text)))", "Rows Removed by Filter": 1}]}]}]}, {"Node Type": "Index Scan", "Parent Relationship": "Inner", "Parallel Aware": false, "Scan Direction": "Forward", "Index Name": "keyword_pkey", "Relation Name": "keyword", "Alias": "k", "Startup Cost": 0.42, "Total Cost": 0.45, "Plan Rows": 1, "Plan Width": 4, "Actual Startup Time": 0.002, "Actual Total Time": 0.002, "Actual Rows": 0, "Actual Loops": 1314, "Index Cond": "(id = mk.keyword_id)", "Rows Removed by Index Recheck": 0, "Filter": "((keyword)::text = ANY ('{superhero,sequel,second-part,marvel-comics,based-on-comic,tv-special,fight,violence}'::text[]))", "Rows Removed by Filter": 1}]}, {"Node Type": "Index Only Scan", "Parent Relationship": "Inner", "Parallel Aware": false, "Scan Direction": "Forward", "Index Name": "name_pkey", "Relation Name": "name", "Alias": "n", "Startup Cost": 0.43, "Total Cost": 0.46, "Plan Rows": 1, "Plan Width": 4, "Actual Startup Time": 0.004, "Actual Total Time": 0.004, "Actual Rows": 1, "Actual Loops": 33, "Index Cond": "(id = ci.person_id)", "Rows Removed by Index Recheck": 0, "Heap Fetches": 33}]}]}]}]}, "Planning Time": 97.935, "Triggers": [], "Execution Time": 4181.228}]
[{"Bao": {"Bao prediction": "NaN", "Bao recommended hint": "(no hint)"}}, {"Plan": {"Node Type": "Aggregate", "Strategy": "Plain", "Partial Mode": "Simple", "Parallel Aware": false, "Startup Cost": 512132.44, "Total Cost": 512132.45, "Plan Rows": 1, "Plan Width": 8, "Actual Startup Time": 1942.948, "Actual Total Time": 1976.234, "Actual Rows": 1, "Actual Loops": 1, "Plans": [{"Node Type": "Nested Loop", "Parent Relationship": "Outer", "Parallel Aware": false, "Join Type": "Inner", "Startup Cost": 51885.35, "Total Cost": 512132.43, "Plan Rows": 1, "Plan Width": 0, "Actual Startup Time": 373.313, "Actual Total Time": 1976.226, "Actual Rows": 2, "Actual Loops": 1, "Inner Unique": true, "Plans": [{"Node Type": "Gather", "Parent Relationship": "Outer", "Parallel Aware": false, "Startup Cost": 51884.92, "Total Cost": 512131.98, "Plan Rows": 1, "Plan Width": 4, "Actual Startup Time": 373.295, "Actual Total Time": 1976.031, "Actual Rows": 33, "Actual Loops": 1, "Workers Planned": 2, "Workers Launched": 2, "Single Copy": false, "Plans": [{"Node Type": "Hash Join", "Parent Relationship": "Outer", "Parallel Aware": true, "Join Type": "Inner", "Startup Cost": 50884.92, "Total Cost": 511131.88, "Plan Rows": 1, "Plan Width": 4, "Actual Startup Time": 405.03, "Actual Total Time": 1940.576, "Actual Rows": 11, "Actual Loops": 3, "Inner Unique": false, "Hash Cond": "(ci.movie_id = t.id)", "Plans": [{"Node Type": "Seq Scan", "Parent Relationship": "Outer", "Parallel Aware": true, "Relation Name": "cast_info", "Alias": "ci", "Startup Cost": 0.0, "Total Cost": 403639.65, "Plan Rows": 15095265, "Plan Width": 8, "Actual Startup Time": 0.031, "Actual Total Time": 848.756, "Actual Rows": 12081448, "Actual Loops": 3}, {"Node Type": "Hash", "Parent Relationship": "Inner", "Parallel Aware": true, "Startup Cost": 50884.91, "Total Cost": 50884.91, "Plan Rows": 1, "Plan Width": 8, "Actual Startup Time": 221.319, "Actual Total Time": 221.321, "Actual Rows": 1, "Actual Loops": 3, "Hash Buckets": 1024, "Original Hash Buckets": 1024, "Hash Batches": 1, "Original Hash Batches": 1, "Peak Memory Usage": 72, "Plans": [{"Node Type": "Nested Loop", "Parent Relationship": "Outer", "Parallel Aware": false, "Join Type": "Inner", "Startup Cost": 2626.57, "Total Cost": 50884.91, "Plan Rows": 1, "Plan Width": 8, "Actual Startup Time": 153.958, "Actual Total Time": 221.233, "Actual Rows": 1, "Actual Loops": 3, "Inner Unique": true, "Plans": [{"Node Type": "Hash Join", "Parent Relationship": "Outer", "Parallel Aware": false, "Join Type": "Inner", "Startup Cost": 2626.14, "Total Cost": 50878.05, "Plan Rows": 14, "Plan Width": 4, "Actual Startup Time": 71.158, "Actual Total Time": 221.161, "Actual Rows": 5, "Actual Loops": 3, "Inner Unique": true, "Hash Cond": "(mk.keyword_id = k.id)", "Plans": [{"Node Type": "Seq Scan", "Parent Relationship": "Outer", "Parallel Aware": true, "Relation Name": "movie_keyword", "Alias": "mk", "Startup Cost": 0.0, "Total Cost": 43303.71, "Plan Rows": 1884971, "Plan Width": 8, "Actual Startup Time": 0.009, "Actual Total Time": 107.065, "Actual Rows": 1507977, "Actual Loops": 3}, {"Node Type": "Hash", "Parent Relationship": "Inner", "Parallel Aware": false, "Startup Cost": 2626.12, "Total Cost": 2626.12, "Plan Rows": 1, "Plan Width": 4, "Actual Startup Time": 10.419, "Actual Total Time": 10.42, "Actual Rows": 1, "Actual Loops": 3, "Hash Buckets": 1024, "Original Hash Buckets": 1024, "Hash Batches": 1, "Original Hash Batches": 1, "Peak Memory Usage": 9, "Plans": [{"Node Type": "Seq Scan", "Parent Relationship": "Outer", "Parallel Aware": false, "Relation Name": "keyword", "Alias": "k", "Startup Cost": 0.0, "Total Cost": 2626.12, "Plan Rows": 1, "Plan Width": 4, "Actual Startup Time": 0.289, "Actual Total Time": 10.414, "Actual Rows": 1, "Actual Loops": 3, "Filter": "((keyword)::text = 'marvel-cinematic-universe'::text)", "Rows Removed by Filter": 134169}]}]}, {"Node Type": "Index Scan", "Parent Relationship": "Inner", "Parallel Aware": false, "Scan Direction": "Forward", "Index Name": "title_pkey", "Relation Name": "title", "Alias": "t", "Startup Cost": 0.43, "Total Cost": 0.49, "Plan Rows": 1, "Plan Width": 4, "Actual Startup Time": 0.012, "Actual Total Time": 0.012, "Actual Rows": 0, "Actual Loops": 14, "Index Cond": "(id = mk.movie_id)", "Rows Removed by Index Recheck": 0, "Filter": "(production_year > 2014)", "Rows Removed by Filter": 1}]}]}]}]}, {"Node Type": "Index Scan", "Parent Relationship": "Inner", "Parallel Aware": false, "Scan Direction": "Forward", "Index Name": "name_pkey", "Relation Name": "name", "Alias": "n", "Startup Cost": 0.43, "Total Cost": 0.46, "Plan Rows": 1, "Plan Width": 4, "Actual Startup Time": 0.005, "Actual Total Time": 0.005, "Actual Rows": 0, "Actual Loops": 33, "Index Cond": "(id = ci.person_id)", "Rows Removed by Index Recheck": 0, "Filter": "((name)::text ~~ '%Downey%Robert%'::text)", "Rows Removed by Filter": 1}]}]}, "Planning Time": 75.198, "Triggers": [], "Execution Time": 1976.309}]
[{"Bao": {"Bao prediction": "NaN", "Bao recommended hint": "(no hint)"}}, {"Plan": {"Node Type": "Aggregate", "Strategy": "Plain", "Partial Mode": "Finalize", "Parallel Aware": false, "Startup Cost": 350125.11, "Total Cost": 350125.12, "Plan Rows": 1, "Plan Width": 8, "Actual Startup Time": 807.036, "Actual Total Time": 839.828, "Actual Rows": 1, "Actual Loops": 1, "Plans": [{"Node Type": "Gather", "Parent Relationship": "Outer", "Parallel Aware": false, "Startup Cost": 350124.9, "Total Cost": 350125.11, "Plan Rows": 2, "Plan Width": 8, "Actual Startup Time": 806.883, "Actual Total Time": 839.822, "Actual Rows": 3, "Actual Loops": 1, "Workers Planned": 2, "Workers Launched": 2, "Single Copy": false, "Plans": [{"Node Type": "Aggregate", "Strategy": "Plain", "Partial Mode": "Partial", "Parent Relationship": "Outer", "Parallel Aware": false, "Startup Cost": 349124.9, "Total Cost": 349124.91, "Plan Rows": 1, "Plan Width": 8, "Actual Startup Time": 804.561, "Actual Total Time": 804.569, "Actual Rows": 1, "Actual Loops": 3, "Plans": [{"Node Type": "Nested Loop", "Parent Relationship": "Outer", "Parallel Aware": false, "Join Type": "Inner", "Startup Cost": 298751.19, "Total Cost": 349124.89, "Plan Rows": 4, "Plan Width": 0, "Actual Startup Time": 780.976, "Actual Total Time": 804.565, "Actual Rows": 12, "Actual Loops": 3, "Inner Unique": true, "Plans": [{"Node Type": "Hash Join", "Parent Relationship": "Outer", "Parallel Aware": true, "Join Type": "Inner", "Startup Cost": 298750.77, "Total Cost": 349123.13, "Plan Rows": 4, "Plan Width": 4, "Actual Startup Time": 780.955, "Actual Total Time": 804.493, "Actual Rows": 12, "Actual Loops": 3, "Inner Unique": false, "Hash Cond": "(mk.movie_id = t.id)", "Plans": [{"Node Type": "Seq Scan", "Parent Relationship": "Outer", "Parallel Aware": true, "Relation Name": "movie_keyword", "Alias": "mk", "Startup Cost": 0.0, "Total Cost": 43303.71, "Plan Rows": 1884971, "Plan Width": 8, "Actual Startup Time": 0.007, "Actual Total Time": 104.123, "Actual Rows": 1507977, "Actual Loops": 3}, {"Node Type": "Hash", "Parent Relationship": "Inner", "Parallel Aware": true, "Startup Cost": 298750.76, "Total Cost": 298750.76, "Plan Rows": 1, "Plan Width": 16, "Actual Startup Time": 598.939, "Actual Total Time": 598.945, "Actual Rows": 1, "Actual Loops": 3, "Hash Buckets": 1024, "Original Hash Buckets": 1024, "Hash Batches": 1, "Original Hash Batches": 1, "Peak Memory Usage": 72, "Plans": [{"Node Type": "Nested Loop", "Parent Relationship": "Outer", "Parallel Aware": false, "Join Type": "Inner", "Startup Cost": 263623.17, "Total Cost": 298750.76, "Plan Rows": 1, "Plan Width": 16, "Actual Startup Time": 550.927, "Actual Total Time": 598.916, "Actual Rows": 1, "Actual Loops": 3, "Inner Unique": true, "Plans": [{"Node Type": "Nested Loop", "Parent Relationship": "Outer", "Parallel Aware": false, "Join Type": "Inner", "Startup Cost": 263622.74, "Total Cost": 298749.81, "Plan Rows": 1, "Plan Width": 12, "Actual Startup Time": 550.903, "Actual Total Time": 598.885, "Actual Rows": 1, "Actual Loops": 3, "Inner Unique": true, "Plans": [{"Node Type": "Nested Loop", "Parent Relationship": "Outer", "Parallel Aware": false, "Join Type": "Inner", "Startup Cost": 263622.59, "Total Cost": 298749.64, "Plan Rows": 1, "Plan Width": 16, "Actual Startup Time": 550.888, "Actual Total Time": 598.867, "Actual Rows": 1, "Actual Loops": 3, "Inner Unique": true, "Plans": [{"Node Type": "Hash Join", "Parent Relationship": "Outer", "Parallel Aware": true, "Join Type": "Inner", "Startup Cost": 263622.17, "Total Cost": 298747.46, "Plan Rows": 1, "Plan Width": 20, "Actual Startup Time": 486.93, "Actual Total Time": 598.733, "Actual Rows": 25, "Actual Loops": 3, "Inner Unique": false, "Hash Cond": "(mc.movie_id = at.movie_id)", "Plans": [{"Node Type": "Seq Scan", "Parent Relationship": "Outer", "Parallel Aware": true, "Relation Name": "movie_companies", "Alias": "mc", "Startup Cost": 0.0, "Total Cost": 35097.06, "Plan Rows": 7526, "Plan Width": 12, "Actual Startup Time": 0.028, "Actual Total Time": 115.602, "Actual Rows": 20555, "Actual Loops": 3, "Filter": "(((note)::text ~~ '%(200%)%'::text) AND ((note)::text ~~ '%(worldwide)%'::text))", "Rows Removed by Filter": 849155}, {"Node Type": "Hash", "Parent Relationship": "Inner", "Parallel Aware": true, "Startup Cost": 263622.16, "Total Cost": 263622.16, "Plan Rows": 1, "Plan Width": 8, "Actual Startup Time": 481.754, "Actual Total Time": 481.757, "Actual Rows": 39, "Actual Loops": 3, "Hash Buckets": 1024, "Original Hash Buckets": 1024, "Hash Batches": 1, "Original Hash Batches": 1, "Peak Memory Usage": 104, "Plans": [{"Node Type": "Hash Join", "Parent Relationship": "Outer", "Parallel Aware": true, "Join Type": "Inner", "Startup Cost": 255359.21, "Total Cost": 263622.16, "Plan Rows": 1, "Plan Width": 8, "Actual Startup Time": 458.817, "Actual Total Time": 481.679, "Actual Rows": 39, "Actual Loops": 3, "Inner Unique": false, "Hash Cond": "(at.movie_id = mi.movie_id)", "Plans": [{"Node Type": "Seq Scan", "Parent Relationship": "Outer", "Parallel Aware": true, "Relation Name": "aka_title", "Alias": "at", "Startup Cost": 0.0, "Total Cost": 7698.13, "Plan Rows": 150613, "Plan Width": 4, "Actual Startup Time": 0.027, "Actual Total Time": 11.1, "Actual Rows": 120491, "Actual Loops": 3}, {"Node Type": "Hash", "Parent Relationship": "Inner", "Parallel Aware": true, "Startup Cost": 255359.2, "Total Cost": 255359.2, "Plan Rows": 1, "Plan Width": 4, "Actual Startup Time": 458.5, "Actual Total Time": 458.502, "Actual Rows": 590, "Actual Loops": 3, "Hash Buckets": 1024, "Original Hash Buckets": 1024, "Hash Batches": 1, "Original Hash Batches": 1, "Peak Memory Usage": 104, "Plans": [{"Node Type": "Hash Join", "Parent Relationship": "Outer", "Parallel Aware": false, "Join Type": "Inner", "Startup Cost": 2.43, "Total Cost": 255359.2, "Plan Rows": 1, "Plan Width": 4, "Actual Startup Time": 122.648, "Actual Total Time": 458.327, "Actual Rows": 590, "Actual Loops": 3, "Inner Unique": true, "Hash Cond": "(mi.info_type_id = it1.id)", "Plans": [{"Node Type": "Seq Scan", "Parent Relationship": "Outer", "Parallel Aware": true, "Relation Name": "movie_info", "Alias": "mi", "Startup Cost": 0.0, "Total Cost": 255356.52, "Plan Rows": 94, "Plan Width": 8, "Actual Startup Time": 122.593, "Actual Total Time": 458.156, "Actual Rows": 590, "Actual Loops": 3, "Filter": "(((note)::text ~~ '%internet%'::text) AND ((info)::text ~~ 'USA:% 200%'::text))", "Rows Removed by Filter": 4944650}, {"Node Type": "Hash", "Parent Relationship": "Inner", "Parallel Aware": false, "Startup Cost": 2.41, "Total Cost": 2.41, "Plan Rows": 1, "Plan Width": 4, "Actual Startup Time": 0.036, "Actual Total Time": 0.037, "Actual Rows": 1, "Actual Loops": 3, "Hash Buckets": 1024, "Original Hash Buckets": 1024, "Hash Batches": 1, "Original Hash Batches": 1, "Peak Memory Usage": 9, "Plans": [{"Node Type": "Seq Scan", "Parent Relationship": "Outer", "Parallel Aware": false, "Relation Name": "info_type", "Alias": "it1", "Startup Cost": 0.0, "Total Cost": 2.41, "Plan Rows": 1, "Plan Width": 4, "Actual Startup Time": 0.024, "Actual Total Time": 0.029, "Actual Rows": 1, "Actual Loops": 3, "Filter": "((info)::text = 'release dates'::text)", "Rows Removed by Filter": 112}]}]}]}]}]}]}, {"Node Type": "Index Scan", "Parent Relationship": "Inner", "Parallel Aware": false, "Scan Direction": "Forward", "Index Name": "company_name_pkey", "Relation Name": "company_name", "Alias": "cn", "Startup Cost": 0.42, "Total Cost": 1.3, "Plan Rows": 1, "Plan Width": 4, "Actual Startup Time": 0.005, "Actual Total Time": 0.005, "Actual Rows": 0, "Actual Loops": 76, "Index Cond": "(id = mc.company_id)", "Rows Removed by Index Recheck": 0, "Filter": "(((country_code)::text = '[us]'::text) AND ((name)::text = 'YouTube'::text))", "Rows Removed by Filter": 1}]}, {"Node Type": "Index Only Scan", "Parent Relationship": "Inner", "Parallel Aware": false, "Scan Direction": "Forward", "Index Name": "company_type_pkey", "Relation Name": "company_type", "Alias": "ct", "Startup Cost": 0.15, "Total Cost": 0.17, "Plan Rows": 1, "Plan Width": 4, "Actual Startup Time": 0.015, "Actual Total Time": 0.015, "Actual Rows": 1, "Actual Loops": 3, "Index Cond": "(id = mc.company_type_id)", "Rows Removed by Index Recheck": 0, "Heap Fetches": 3}]}, {"Node Type": "Index Scan", "Parent Relationship": "Inner", "Parallel Aware": false, "Scan Direction": "Forward", "Index Name": "title_pkey", "Relation Name": "title", "Alias": "t", "Startup Cost": 0.43, "Total Cost": 0.95, "Plan Rows": 1, "Plan Width": 4, "Actual Startup Time": 0.029, "Actual Total Time": 0.029, "Actual Rows": 1, "Actual Loops": 3, "Index Cond": "(id = at.movie_id)", "Rows Removed by Index Recheck": 0, "Filter": "((production_year >= 2005) AND (production_year <= 2010))", "Rows Removed by Filter": 0}]}]}]}, {"Node Type": "Index Only Scan", "Parent Relationship": "Inner", "Parallel Aware": false, "Scan Direction": "Forward", "Index Name": "keyword_pkey", "Relation Name": "keyword", "Alias": "k", "Startup Cost": 0.42, "Total Cost": 0.44, "Plan Rows": 1, "Plan Width": 4, "Actual Startup Time": 0.005, "Actual Total Time": 0.005, "Actual Rows": 1, "Actual Loops": 37, "Index Cond": "(id = mk.keyword_id)", "Rows Removed by Index Recheck": 0, "Heap Fetches": 37}]}]}]}]}, "Planning Time": 96.25, "Triggers": [], "Execution Time": 839.924}]
[{"Bao": {"Bao prediction": "NaN", "Bao recommended hint": "(no hint)"}}, {"Plan": {"Node Type": "Aggregate", "Strategy": "Plain", "Partial Mode": "Finalize", "Parallel Aware": false, "Startup Cost": 50226.76, "Total Cost": 50226.77, "Plan Rows": 1, "Plan Width": 8, "Actual Startup Time": 228.959, "Actual Total Time": 233.29, "Actual Rows": 1, "Actual Loops": 1, "Plans": [{"Node Type": "Gather", "Parent Relationship": "Outer", "Parallel Aware": false, "Startup Cost": 50226.55, "Total Cost": 50226.76, "Plan Rows": 2, "Plan Width": 8, "Actual Startup Time": 228.238, "Actual Total Time": 233.284, "Actual Rows": 3, "Actual Loops": 1, "Workers Planned": 2, "Workers Launched": 2, "Single Copy": false, "Plans": [{"Node Type": "Aggregate", "Strategy": "Plain", "Partial Mode": "Partial", "Parent Relationship": "Outer", "Parallel Aware": false, "Startup Cost": 49226.55, "Total Cost": 49226.56, "Plan Rows": 1, "Plan Width": 8, "Actual Startup Time": 226.346, "Actual Total Time": 226.351, "Actual Rows": 1, "Actual Loops": 3, "Plans": [{"Node Type": "Nested Loop", "Parent Relationship": "Outer", "Parallel Aware": false, "Join Type": "Inner", "Startup Cost": 33908.15, "Total Cost": 49226.49, "Plan Rows": 23, "Plan Width": 0, "Actual Startup Time": 226.316, "Actual Total Time": 226.348, "Actual Rows": 1, "Actual Loops": 3, "Inner Unique": true, "Plans": [{"Node Type": "Hash Join", "Parent Relationship": "Outer", "Parallel Aware": true, "Join Type": "Inner", "Startup Cost": 33907.72, "Total Cost": 49178.32, "Plan Rows": 82, "Plan Width": 8, "Actual Startup Time": 226.284, "Actual Total Time": 226.317, "Actual Rows": 2, "Actual Loops": 3, "Inner Unique": false, "Hash Cond": "(mi_idx.movie_id = mc.movie_id)", "Plans": [{"Node Type": "Hash Join", "Parent Relationship": "Outer", "Parallel Aware": false, "Join Type": "Inner", "Startup Cost": 2.43, "Total Cost": 15253.6, "Plan Rows": 5089, "Plan Width": 4, "Actual Startup Time": 63.283, "Actual Total Time": 63.285, "Actual Rows": 3, "Actual Loops": 3, "Inner Unique": true, "Hash Cond": "(mi_idx.info_type_id = it.id)", "Plans": [{"Node Type": "Seq Scan", "Parent Relationship": "Outer", "Parallel Aware": true, "Relation Name": "movie_info_idx", "Alias": "mi_idx", "Startup Cost": 0.0, "Total Cost": 13685.15, "Plan Rows": 575015, "Plan Width": 8, "Actual Startup Time": 0.008, "Actual Total Time": 31.635, "Actual Rows": 460012, "Actual Loops": 3}, {"Node Type": "Hash", "Parent Relationship": "Inner", "Parallel Aware": false, "Startup Cost": 2.41, "Total Cost": 2.41, "Plan Rows": 1, "Plan Width": 4, "Actual Startup Time": 0.022, "Actual Total Time": 0.023, "Actual Rows": 1, "Actual Loops": 3, "Hash Buckets": 1024, "Original Hash Buckets": 1024, "Hash Batches": 1, "Original Hash Batches": 1, "Peak Memory Usage": 9, "Plans": [{"Node Type": "Seq Scan", "Parent Relationship": "Outer", "Parallel Aware": false, "Relation Name": "info_type", "Alias": "it", "Startup Cost": 0.0, "Total Cost": 2.41, "Plan Rows": 1, "Plan Width": 4, "Actual Startup Time": 0.019, "Actual Total Time": 0.02, "Actual Rows": 1, "Actual Loops": 3, "Filter": "((info)::text = 'bottom 10 rank'::text)", "Rows Removed by Filter": 112}]}]}, {"Node Type": "Hash", "Parent Relationship": "Inner", "Parallel Aware": true, "Startup Cost": 33866.15, "Total Cost": 33866.15, "Plan Rows": 3132, "Plan Width": 4, "Actual Startup Time": 162.849, "Actual Total Time": 162.85, "Actual Rows": 46968, "Actual Loops": 3, "Hash Buckets": 262144, "Original Hash Buckets": 8192, "Hash Batches": 1, "Original Hash Batches": 1, "Peak Memory Usage": 9568, "Plans": [{"Node Type": "Hash Join", "Parent Relationship": "Outer", "Parallel Aware": false, "Join Type": "Inner", "Startup Cost": 18.93, "Total Cost": 33866.15, "Plan Rows": 3132, "Plan Width": 4, "Actual Startup Time": 104.252, "Actual Total Time": 148.315, "Actual Rows": 46968, "Actual Loops": 3, "Inner Unique": true, "Hash Cond": "(mc.company_type_id = ct.id)", "Plans": [{"Node Type": "Seq Scan", "Parent Relationship": "Outer", "Parallel Aware": true, "Relation Name": "movie_companies", "Alias": "mc", "Startup Cost": 0.0, "Total Cost": 32379.21, "Plan Rows": 555923, "Plan Width": 8, "Actual Startup Time": 0.017, "Actual Total Time": 120.533, "Actual Rows": 445696, "Actual Loops": 3, "Filter": "((note)::text !~~ '%(as Metro-Goldwyn-Mayer Pictures)%'::text)", "Rows Removed by Filter": 424014}, {"Node Type": "Hash", "Parent Relationship": "Inner", "Parallel Aware": false, "Startup Cost": 18.88, "Total Cost": 18.88, "Plan Rows": 4, "Plan Width": 4, "Actual Startup Time": 0.015, "Actual Total Time": 0.016, "Actual Rows": 1, "Actual Loops": 3, "Hash Buckets": 1024, "Original Hash Buckets": 1024, "Hash Batches": 1, "Original Hash Batches": 1, "Peak Memory Usage": 9, "Plans": [{"Node Type": "Seq Scan", "Parent Relationship": "Outer", "Parallel Aware": false, "Relation Name": "company_type", "Alias": "ct", "Startup Cost": 0.0, "Total Cost": 18.88, "Plan Rows": 4, "Plan Width": 4, "Actual Startup Time": 0.011, "Actual Total Time": 0.011, "Actual Rows": 1, "Actual Loops": 3, "Filter": "((kind)::text = 'production companies'::text)", "Rows Removed by Filter": 3}]}]}]}]}, {"Node Type": "Index Scan", "Parent Relationship": "Inner", "Parallel Aware": false, "Scan Direction": "Forward", "Index Name": "title_pkey", "Relation Name": "title", "Alias": "t", "Startup Cost": 0.43, "Total Cost": 0.59, "Plan Rows": 1, "Plan Width": 4, "Actual Startup Time": 0.017, "Actual Total Time": 0.017, "Actual Rows": 1, "Actual Loops": 5, "Index Cond": "(id = mc.movie_id)", "Rows Removed by Index Recheck": 0, "Filter": "((production_year >= 2005) AND (production_year <= 2010))", "Rows Removed by Filter": 0}]}]}]}]}, "Planning Time": 75.738, "Triggers": [], "Execution Time": 233.34}]
[{"Bao": {"Bao prediction": "NaN", "Bao recommended hint": "(no hint)"}}, {"Plan": {"Node Type": "Aggregate", "Strategy": "Plain", "Partial Mode": "Finalize", "Parallel Aware": false, "Startup Cost": 67996.0, "Total Cost": 67996.01, "Plan Rows": 1, "Plan Width": 8, "Actual Startup Time": 408.814, "Actual Total Time": 416.015, "Actual Rows": 1, "Actual Loops": 1, "Plans": [{"Node Type": "Gather", "Parent Relationship": "Outer", "Parallel Aware": false, "Startup Cost": 67995.78, "Total Cost": 67995.99, "Plan Rows": 2, "Plan Width": 8, "Actual Startup Time": 408.693, "Actual Total Time": 416.01, "Actual Rows": 3, "Actual Loops": 1, "Workers Planned": 2, "Workers Launched": 2, "Single Copy": false, "Plans": [{"Node Type": "Aggregate", "Strategy": "Plain", "Partial Mode": "Partial", "Parent Relationship": "Outer", "Parallel Aware": false, "Startup Cost": 66995.78, "Total Cost": 66995.79, "Plan Rows": 1, "Plan Width": 8, "Actual Startup Time": 406.615, "Actual Total Time": 406.62, "Actual Rows": 1, "Actual Loops": 3, "Plans": [{"Node Type": "Nested Loop", "Parent Relationship": "Outer", "Parallel Aware": false, "Join Type": "Inner", "Startup Cost": 50883.33, "Total Cost": 66995.78, "Plan Rows": 2, "Plan Width": 0, "Actual Startup Time": 284.091, "Actual Total Time": 406.511, "Actual Rows": 1567, "Actual Loops": 3, "Inner Unique": true, "Join Filter": "(mi_idx.movie_id = t.id)", "Rows Removed by Join Filter": 0, "Plans": [{"Node Type": "Hash Join", "Parent Relationship": "Outer", "Parallel Aware": true, "Join Type": "Inner", "Startup Cost": 50882.9, "Total Cost": 66994.27, "Plan Rows": 3, "Plan Width": 8, "Actual Startup Time": 284.074, "Actual Total Time": 399.268, "Actual Rows": 2697, "Actual Loops": 3, "Inner Unique": false, "Hash Cond": "(mi_idx.movie_id = mk.movie_id)", "Plans": [{"Node Type": "Hash Join", "Parent Relationship": "Outer", "Parallel Aware": false, "Join Type": "Inner", "Startup Cost": 2.43, "Total Cost": 16101.88, "Plan Rows": 3174, "Plan Width": 4, "Actual Startup Time": 0.096, "Actual Total Time": 102.228, "Actual Rows": 149656, "Actual Loops": 3, "Inner Unique": true, "Hash Cond": "(mi_idx.info_type_id = it.id)", "Plans": [{"Node Type": "Seq Scan", "Parent Relationship": "Outer", "Parallel Aware": true, "Relation Name": "movie_info_idx", "Alias": "mi_idx", "Startup Cost": 0.0, "Total Cost": 15122.68, "Plan Rows": 358654, "Plan Width": 8, "Actual Startup Time": 0.04, "Actual Total Time": 75.08, "Actual Rows": 287152, "Actual Loops": 3, "Filter": "((info)::text > '2.0'::text)", "Rows Removed by Filter": 172860}, {"Node Type": "Hash", "Parent Relationship": "Inner", "Parallel Aware": false, "Startup Cost": 2.41, "Total Cost": 2.41, "Plan Rows": 1, "Plan Width": 4, "Actual Startup Time": 0.032, "Actual Total Time": 0.032, "Actual Rows": 1, "Actual Loops": 3, "Hash Buckets": 1024, "Original Hash Buckets": 1024, "Hash Batches": 1, "Original Hash Batches": 1, "Peak Memory Usage": 9, "Plans": [{"Node Type": "Seq Scan", "Parent Relationship": "Outer", "Parallel Aware": false, "Relation Name": "info_type", "Alias": "it", "Startup Cost": 0.0, "Total Cost": 2.41, "Plan Rows": 1, "Plan Width": 4, "Actual Startup Time": 0.028, "Actual Total Time": 0.029, "Actual Rows": 1, "Actual Loops": 3, "Filter": "((info)::text = 'rating'::text)", "Rows Removed by Filter": 112}]}]}, {"Node Type": "Hash", "Parent Relationship": "Inner", "Parallel Aware": true, "Startup Cost": 50878.2, "Total Cost": 50878.2, "Plan Rows": 182, "Plan Width": 4, "Actual Startup Time": 283.19, "Actual Total Time": 283.191, "Actual Rows": 4317, "Actual Loops": 3, "Hash Buckets": 16384, "Original Hash Buckets": 1024, "Hash Batches": 1, "Original Hash Batches": 1, "Peak Memory Usage": 792, "Plans": [{"Node Type": "Hash Join", "Parent Relationship": "Outer", "Parallel Aware": false, "Join Type": "Inner", "Startup Cost": 2626.29, "Total Cost": 50878.2, "Plan Rows": 182, "Plan Width": 4, "Actual Startup Time": 18.848, "Actual Total Time": 225.375, "Actual Rows": 4317, "Actual Loops": 3, "Inner Unique": true, "Hash Cond": "(mk.keyword_id = k.id)", "Plans": [{"Node Type": "Seq Scan", "Parent Relationship": "Outer", "Parallel Aware": true, "Relation Name": "movie_keyword", "Alias": "mk", "Startup Cost": 0.0, "Total Cost": 43303.71, "Plan Rows": 1884971, "Plan Width": 8, "Actual Startup Time": 0.009, "Actual Total Time": 103.968, "Actual Rows": 1507977, "Actual Loops": 3}, {"Node Type": "Hash", "Parent Relationship": "Inner", "Parallel Aware": false, "Startup Cost": 2626.12, "Total Cost": 2626.12, "Plan Rows": 13, "Plan Width": 4, "Actual Startup Time": 18.061, "Actual Total Time": 18.062, "Actual Rows": 30, "Actual Loops": 3, "Hash Buckets": 1024, "Original Hash Buckets": 1024, "Hash Batches": 1, "Original Hash Batches": 1, "Peak Memory Usage": 10, "Plans": [{"Node Type": "Seq Scan", "Parent Relationship": "Outer", "Parallel Aware": false, "Relation Name": "keyword", "Alias": "k", "Startup Cost": 0.0, "Total Cost": 2626.12, "Plan Rows": 13, "Plan Width": 4, "Actual Startup Time": 1.06, "Actual Total Time": 18.05, "Actual Rows": 30, "Actual Loops": 3, "Filter": "((keyword)::text ~~ '%sequel%'::text)", "Rows Removed by Filter": 134140}]}]}]}]}, {"Node Type": "Index Scan", "Parent Relationship": "Inner", "Parallel Aware": false, "Scan Direction": "Forward", "Index Name": "title_pkey", "Relation Name": "title", "Alias": "t", "Startup Cost": 0.43, "Total Cost": 0.49, "Plan Rows": 1, "Plan Width": 4, "Actual Startup Time": 0.002, "Actual Total Time": 0.002, "Actual Rows": 1, "Actual Loops": 8092, "Index Cond": "(id = mk.movie_id)", "Rows Removed by Index Recheck": 0, "Filter": "(production_year > 1990)", "Rows Removed by Filter": 0}]}]}]}]}, "Planning Time": 75.09, "Triggers": [], "Execution Time": 416.082}]
[{"Bao": {"Bao prediction": "NaN", "Bao recommended hint": "(no hint)"}}, {"Plan": {"Node Type": "Aggregate", "Strategy": "Plain", "Partial Mode": "Finalize", "Parallel Aware": false, "Startup Cost": 406345.85, "Total Cost": 406345.86, "Plan Rows": 1, "Plan Width": 8, "Actual Startup Time": 3498.587, "Actual Total Time": 3533.958, "Actual Rows": 1, "Actual Loops": 1, "Plans": [{"Node Type": "Gather", "Parent Relationship": "Outer", "Parallel Aware": false, "Startup Cost": 406345.63, "Total Cost": 406345.84, "Plan Rows": 2, "Plan Width": 8, "Actual Startup Time": 3496.998, "Actual Total Time": 3533.952, "Actual Rows": 3, "Actual Loops": 1, "Workers Planned": 2, "Workers Launched": 2, "Single Copy": false, "Plans": [{"Node Type": "Aggregate", "Strategy": "Plain", "Partial Mode": "Partial", "Parent Relationship": "Outer", "Parallel Aware": false, "Startup Cost": 405345.63, "Total Cost": 405345.64, "Plan Rows": 1, "Plan Width": 8, "Actual Startup Time": 3494.569, "Actual Total Time": 3494.579, "Actual Rows": 1, "Actual Loops": 3, "Plans": [{"Node Type": "Nested Loop", "Parent Relationship": "Outer", "Parallel Aware": false, "Join Type": "Inner", "Startup Cost": 354973.24, "Total Cost": 405345.63, "Plan Rows": 1, "Plan Width": 0, "Actual Startup Time": 1834.35, "Actual Total Time": 3494.178, "Actual Rows": 7163, "Actual Loops": 3, "Inner Unique": true, "Plans": [{"Node Type": "Hash Join", "Parent Relationship": "Outer", "Parallel Aware": true, "Join Type": "Inner", "Startup Cost": 354972.82, "Total Cost": 405345.18, "Plan Rows": 1, "Plan Width": 4, "Actual Startup Time": 1827.126, "Actual Total Time": 2127.464, "Actual Rows": 870324, "Actual Loops": 3, "Inner Unique": false, "Hash Cond": "(mk.movie_id = t.id)", "Plans": [{"Node Type": "Seq Scan", "Parent Relationship": "Outer", "Parallel Aware": true, "Relation Name": "movie_keyword", "Alias": "mk", "Startup Cost": 0.0, "Total Cost": 43303.71, "Plan Rows": 1884971, "Plan Width": 8, "Actual Startup Time": 0.014, "Actual Total Time": 98.137, "Actual Rows": 1507977, "Actual Loops": 3}, {"Node Type": "Hash", "Parent Relationship": "Inner", "Parallel Aware": true, "Startup Cost": 354972.8, "Total Cost": 354972.8, "Plan Rows": 1, "Plan Width": 16, "Actual Startup Time": 1826.708, "Actual Total Time": 1826.718, "Actual Rows": 11977, "Actual Loops": 3, "Hash Buckets": 65536, "Original Hash Buckets": 1024, "Hash Batches": 1, "Original Hash Batches": 1, "Peak Memory Usage": 2744, "Plans": [{"Node Type": "Nested Loop", "Parent Relationship": "Outer", "Parallel Aware": false, "Join Type": "Inner", "Startup Cost": 319642.11, "Total Cost": 354972.8, "Plan Rows": 1, "Plan Width": 16, "Actual Startup Time": 1501.417, "Actual Total Time": 1803.119, "Actual Rows": 11977, "Actual Loops": 3, "Inner Unique": true, "Plans": [{"Node Type": "Nested Loop", "Parent Relationship": "Outer", "Parallel Aware": false, "Join Type": "Inner", "Startup Cost": 319641.96, "Total Cost": 354972.64, "Plan Rows": 1, "Plan Width": 20, "Actual Startup Time": 1501.404, "Actual Total Time": 1790.989, "Actual Rows": 11977, "Actual Loops": 3, "Inner Unique": true, "Plans": [{"Node Type": "Nested Loop", "Parent Relationship": "Outer", "Parallel Aware": false, "Join Type": "Inner", "Startup Cost": 319641.54, "Total Cost": 354972.08, "Plan Rows": 1, "Plan Width": 24, "Actual Startup Time": 1501.388, "Actual Total Time": 1764.449, "Actual Rows": 13444, "Actual Loops": 3, "Inner Unique": true, "Plans": [{"Node Type": "Nested Loop", "Parent Relationship": "Outer", "Parallel Aware": false, "Join Type": "Inner", "Startup Cost": 319641.39, "Total Cost": 354970.55, "Plan Rows": 9, "Plan Width": 28, "Actual Startup Time": 1501.207, "Actual Total Time": 1747.187, "Actual Rows": 16731, "Actual Loops": 3, "Inner Unique": true, "Join Filter": "(mi.movie_id = t.id)", "Rows Removed by Join Filter": 0, "Plans": [{"Node Type": "Hash Join", "Parent Relationship": "Outer", "Parallel Aware": true, "Join Type": "Inner", "Startup Cost": 319640.96, "Total Cost": 354957.43, "Plan Rows": 22, "Plan Width": 20, "Actual Startup Time": 1501.179, "Actual Total Time": 1655.949, "Actual Rows": 42758, "Actual Loops": 3, "Inner Unique": false, "Hash Cond": "(mc.movie_id = mi.movie_id)", "Plans": [{"Node Type": "Seq Scan", "Parent Relationship": "Outer", "Parallel Aware": true, "Relation Name": "movie_companies", "Alias": "mc", "Startup Cost": 0.0, "Total Cost": 35097.06, "Plan Rows": 58487, "Plan Width": 12, "Actual Startup Time": 0.017, "Actual Total Time": 129.683, "Actual Rows": 101090, "Actual Loops": 3, "Filter": "(((note)::text !~~ '%(USA)%'::text) AND ((note)::text ~~ '%(200%)%'::text))", "Rows Removed by Filter": 768619}, {"Node Type": "Hash", "Parent Relationship": "Inner", "Parallel Aware": true, "Startup Cost": 319640.04, "Total Cost": 319640.04, "Plan Rows": 74, "Plan Width": 8, "Actual Startup Time": 1501.102, "Actual Total Time": 1501.108, "Actual Rows": 71080, "Actual Loops": 3, "Hash Buckets": 262144, "Original Hash Buckets": 1024, "Hash Batches": 1, "Original Hash Batches": 1, "Peak Memory Usage": 12472, "Plans": [{"Node Type": "Hash Join", "Parent Relationship": "Outer", "Parallel Aware": true, "Join Type": "Inner", "Startup Cost": 16717.75, "Total Cost": 319640.04, "Plan Rows": 74, "Plan Width": 8, "Actual Startup Time": 1427.975, "Actual Total Time": 1480.563, "Actual Rows": 71080, "Actual Loops": 3, "Inner Unique": false, "Hash Cond": "(mi.movie_id = mi_idx.movie_id)", "Plans": [{"Node Type": "Hash Join", "Parent Relationship": "Outer", "Parallel Aware": false, "Join Type": "Inner", "Startup Cost": 2.43, "Total Cost": 302913.76, "Plan Rows": 2837, "Plan Width": 4, "Actual Startup Time": 965.106, "Actual Total Time": 1246.458, "Actual Rows": 204750, "Actual Loops": 3, "Inner Unique": true, "Hash Cond": "(mi.info_type_id = it1.id)", "Plans": [{"Node Type": "Seq Scan", "Parent Relationship": "Outer", "Parallel Aware": true, "Relation Name": "movie_info", "Alias": "mi", "Startup Cost": 0.0, "Total Cost": 302038.28, "Plan Rows": 320570, "Plan Width": 8, "Actual Startup Time": 0.543, "Actual Total Time": 1218.775, "Actual Rows": 238737, "Actual Loops": 3, "Filter": "((info)::text = ANY ('{Sweden,Norway,Germany,Denmark,Swedish,Danish,Norwegian,German,USA,American}'::text[]))", "Rows Removed by Filter": 4706503}, {"Node Type": "Hash", "Parent Relationship": "Inner", "Parallel Aware": false, "Startup Cost": 2.41, "Total Cost": 2.41, "Plan Rows": 1, "Plan Width": 4, "Actual Startup Time": 0.013, "Actual Total Time": 0.013, "Actual Rows": 1, "Actual Loops": 3, "Hash Buckets": 1024, "Original Hash Buckets": 1024, "Hash Batches": 1, "Original Hash Batches": 1, "Peak Memory Usage": 9, "Plans": [{"Node Type": "Seq Scan", "Parent Relationship": "Outer", "Parallel Aware": false, "Relation Name": "info_type", "Alias": "it1", "Startup Cost": 0.0, "Total Cost": 2.41, "Plan Rows": 1, "Plan Width": 4, "Actual Startup Time": 0.006, "Actual Total Time": 0.012, "Actual Rows": 1, "Actual Loops": 3, "Filter": "((info)::text = 'countries'::text)", "Rows Removed by Filter": 112}]}]}, {"Node Type": "Hash", "Parent Relationship": "Inner", "Parallel Aware": true, "Startup Cost": 16653.27, "Total Cost": 16653.27, "Plan Rows": 4965, "Plan Width": 4, "Actual Startup Time": 154.118, "Actual Total Time": 154.12, "Actual Rows": 151410, "Actual Loops": 3, "Hash Buckets": 131072, "Original Hash Buckets": 16384, "Hash Batches": 8, "Original Hash Batches": 1, "Peak Memory Usage": 3296, "Plans": [{"Node Type": "Hash Join", "Parent Relationship": "Outer", "Parallel Aware": false, "Join Type": "Inner", "Startup Cost": 2.43, "Total Cost": 16653.27, "Plan Rows": 4965, "Plan Width": 4, "Actual Startup Time": 0.055, "Actual Total Time": 115.119, "Actual Rows": 151410, "Actual Loops": 3, "Inner Unique": true, "Hash Cond": "(mi_idx.info_type_id = it2.id)", "Plans": [{"Node Type": "Seq Scan", "Parent Relationship": "Outer", "Parallel Aware": true, "Relation Name": "movie_info_idx", "Alias": "mi_idx", "Startup Cost": 0.0, "Total Cost": 15122.68, "Plan Rows": 561109, "Plan Width": 8, "Actual Startup Time": 0.017, "Actual Total Time": 78.012, "Actual Rows": 447629, "Actual Loops": 3, "Filter": "((info)::text < '8.5'::text)", "Rows Removed by Filter": 12383}, {"Node Type": "Hash", "Parent Relationship": "Inner", "Parallel Aware": false, "Startup Cost": 2.41, "Total Cost": 2.41, "Plan Rows": 1, "Plan Width": 4, "Actual Startup Time": 0.029, "Actual Total Time": 0.03, "Actual Rows": 1, "Actual Loops": 3, "Hash Buckets": 1024, "Original Hash Buckets": 1024, "Hash Batches": 1, "Original Hash Batches": 1, "Peak Memory Usage": 9, "Plans": [{"Node Type": "Seq Scan", "Parent Relationship": "Outer", "Parallel Aware": false, "Relation Name": "info_type", "Alias": "it2", "Startup Cost": 0.0, "Total Cost": 2.41, "Plan Rows": 1, "Plan Width": 4, "Actual Startup Time": 0.023, "Actual Total Time": 0.024, "Actual Rows": 1, "Actual Loops": 3, "Filter": "((info)::text = 'rating'::text)", "Rows Removed by Filter": 112}]}]}]}]}]}]}, {"Node Type": "Index Scan", "Parent Relationship": "Inner", "Parallel Aware": false, "Scan Direction": "Forward", "Index Name": "title_pkey", "Relation Name": "title", "Alias": "t", "Startup Cost": 0.43, "Total Cost": 0.58, "Plan Rows": 1, "Plan Width": 8, "Actual Startup Time": 0.002, "Actual Total Time": 0.002, "Actual Rows": 0, "Actual Loops": 128275, "Index Cond": "(id = mi_idx.movie_id)", "Rows Removed by Index Recheck": 0, "Filter": "(production_year > 2005)", "Rows Removed by Filter": 1}]}, {"Node Type": "Index Scan", "Parent Relationship": "Inner", "Parallel Aware": false, "Scan Direction": "Forward", "Index Name": "kind_type_pkey", "Relation Name": "kind_type", "Alias": "kt", "Startup Cost": 0.15, "Total Cost": 0.17, "Plan Rows": 1, "Plan Width": 4, "Actual Startup Time": 0.001, "Actual Total Time": 0.001, "Actual Rows": 1, "Actual Loops": 50194, "Index Cond": "(id = t.kind_id)", "Rows Removed by Index Recheck": 0, "Filter": "((kind)::text = ANY ('{movie,episode}'::text[]))", "Rows Removed by Filter": 0}]}, {"Node Type": "Index Scan", "Parent Relationship": "Inner", "Parallel Aware": false, "Scan Direction": "Forward", "Index Name": "company_name_pkey", "Relation Name": "company_name", "Alias": "cn", "Startup Cost": 0.42, "Total Cost": 0.55, "Plan Rows": 1, "Plan Width": 4, "Actual Startup Time": 0.002, "Actual Total Time": 0.002, "Actual Rows": 1, "Actual Loops": 40333, "Index Cond": "(id = mc.company_id)", "Rows Removed by Index Recheck": 0, "Filter": "((country_code)::text <> '[us]'::text)", "Rows Removed by Filter": 0}]}, {"Node Type": "Index Only Scan", "Parent Relationship": "Inner", "Parallel Aware": false, "Scan Direction": "Forward", "Index Name": "company_type_pkey", "Relation Name": "company_type", "Alias": "ct", "Startup Cost": 0.15, "Total Cost": 0.17, "Plan Rows": 1, "Plan Width": 4, "Actual Startup Time": 0.001, "Actual Total Time": 0.001, "Actual Rows": 1, "Actual Loops": 35930, "Index Cond": "(id = mc.company_type_id)", "Rows Removed by Index Recheck": 0, "Heap Fetches": 35930}]}]}]}, {"Node Type": "Index Scan", "Parent Relationship": "Inner", "Parallel Aware": false, "Scan Direction": "Forward", "Index Name": "keyword_pkey", "Relation Name": "keyword", "Alias": "k", "Startup Cost": 0.42, "Total Cost": 0.44, "Plan Rows": 1, "Plan Width": 4, "Actual Startup Time": 0.001, "Actual Total Time": 0.001, "Actual Rows": 0, "Actual Loops": 2610972, "Index Cond": "(id = mk.keyword_id)", "Rows Removed by Index Recheck": 0, "Filter": "((keyword)::text = ANY ('{murder,murder-in-title,blood,violence}'::text[]))", "Rows Removed by Filter": 1}]}]}]}]}, "Planning Time": 132.422, "Triggers": [], "Execution Time": 3534.099}]
[{"Bao": {"Bao prediction": "NaN", "Bao recommended hint": "(no hint)"}}, {"Plan": {"Node Type": "Aggregate", "Strategy": "Plain", "Partial Mode": "Simple", "Parallel Aware": false, "Startup Cost": 290312.19, "Total Cost": 290312.2, "Plan Rows": 1, "Plan Width": 8, "Actual Startup Time": 3140.001, "Actual Total Time": 3177.495, "Actual Rows": 1, "Actual Loops": 1, "Plans": [{"Node Type": "Nested Loop", "Parent Relationship": "Outer", "Parallel Aware": false, "Join Type": "Inner", "Startup Cost": 48897.35, "Total Cost": 290312.19, "Plan Rows": 1, "Plan Width": 0, "Actual Startup Time": 1472.829, "Actual Total Time": 3177.442, "Actual Rows": 372, "Actual Loops": 1, "Inner Unique": true, "Plans": [{"Node Type": "Nested Loop", "Parent Relationship": "Outer", "Parallel Aware": false, "Join Type": "Inner", "Startup Cost": 48897.2, "Total Cost": 290311.88, "Plan Rows": 1, "Plan Width": 4, "Actual Startup Time": 1413.257, "Actual Total Time": 3176.717, "Actual Rows": 563, "Actual Loops": 1, "Inner Unique": true, "Plans": [{"Node Type": "Gather", "Parent Relationship": "Outer", "Parallel Aware": false, "Startup Cost": 48896.78, "Total Cost": 290311.43, "Plan Rows": 1, "Plan Width": 8, "Actual Startup Time": 1413.248, "Actual Total Time": 3174.634, "Actual Rows": 926, "Actual Loops": 1, "Workers Planned": 2, "Workers Launched": 2, "Single Copy": false, "Plans": [{"Node Type": "Nested Loop", "Parent Relationship": "Outer", "Parallel Aware": false, "Join Type": "Inner", "Startup Cost": 47896.78, "Total Cost": 289311.33, "Plan Rows": 1, "Plan Width": 8, "Actual Startup Time": 1426.736, "Actual Total Time": 3133.756, "Actual Rows": 309, "Actual Loops": 3, "Inner Unique": true, "Plans": [{"Node Type": "Hash Join", "Parent Relationship": "Outer", "Parallel Aware": true, "Join Type": "Inner", "Startup Cost": 47896.35, "Total Cost": 289289.85, "Plan Rows": 46, "Plan Width": 16, "Actual Startup Time": 1397.249, "Actual Total Time": 1662.989, "Actual Rows": 834997, "Actual Loops": 3, "Inner Unique": false, "Hash Cond": "(mi.movie_id = mc.movie_id)", "Plans": [{"Node Type": "Hash Join", "Parent Relationship": "Outer", "Parallel Aware": false, "Join Type": "Inner", "Startup Cost": 2.43, "Total Cost": 241189.17, "Plan Rows": 55082, "Plan Width": 4, "Actual Startup Time": 209.425, "Actual Total Time": 814.455, "Actual Rows": 1012240, "Actual Loops": 3, "Inner Unique": true, "Hash Cond": "(mi.info_type_id = it2.id)", "Plans": [{"Node Type": "Seq Scan", "Parent Relationship": "Outer", "Parallel Aware": true, "Relation Name": "movie_info", "Alias": "mi", "Startup Cost": 0.0, "Total Cost": 224235.35, "Plan Rows": 6224235, "Plan Width": 8, "Actual Startup Time": 0.02, "Actual Total Time": 388.554, "Actual Rows": 4945240, "Actual Loops": 3}, {"Node Type": "Hash", "Parent Relationship": "Inner", "Parallel Aware": false, "Startup Cost": 2.41, "Total Cost": 2.41, "Plan Rows": 1, "Plan Width": 4, "Actual Startup Time": 0.017, "Actual Total Time": 0.017, "Actual Rows": 1, "Actual Loops": 3, "Hash Buckets": 1024, "Original Hash Buckets": 1024, "Hash Batches": 1, "Original Hash Batches": 1, "Peak Memory Usage": 9, "Plans": [{"Node Type": "Seq Scan", "Parent Relationship": "Outer", "Parallel Aware": false, "Relation Name": "info_type", "Alias": "it2", "Startup Cost": 0.0, "Total Cost": 2.41, "Plan Rows": 1, "Plan Width": 4, "Actual Startup Time": 0.009, "Actual Total Time": 0.016, "Actual Rows": 1, "Actual Loops": 3, "Filter": "((info)::text = 'release dates'::text)", "Rows Removed by Filter": 112}]}]}, {"Node Type": "Hash", "Parent Relationship": "Inner", "Parallel Aware": true, "Startup Cost": 47891.91, "Total Cost": 47891.91, "Plan Rows": 161, "Plan Width": 12, "Actual Startup Time": 474.518, "Actual Total Time": 474.523, "Actual Rows": 194741, "Actual Loops": 3, "Hash Buckets": 65536, "Original Hash Buckets": 1024, "Hash Batches": 8, "Original Hash Batches": 1, "Peak Memory Usage": 4000, "Plans": [{"Node Type": "Hash Join", "Parent Relationship": "Outer", "Parallel Aware": true, "Join Type": "Inner", "Startup Cost": 15336.14, "Total Cost": 47891.91, "Plan Rows": 161, "Plan Width": 12, "Actual Startup Time": 337.132, "Actual Total Time": 426.676, "Actual Rows": 194741, "Actual Loops": 3, "Inner Unique": false, "Hash Cond": "(mc.movie_id = miidx.movie_id)", "Plans": [{"Node Type": "Hash Join", "Parent Relationship": "Outer", "Parallel Aware": false, "Join Type": "Inner", "Startup Cost": 18.93, "Total Cost": 32551.06, "Plan Rows": 6125, "Plan Width": 8, "Actual Startup Time": 63.111, "Actual Total Time": 163.869, "Actual Rows": 444961, "Actual Loops": 3, "Inner Unique": true, "Hash Cond": "(mc.company_type_id = ct.id)", "Plans": [{"Node Type": "Seq Scan", "Parent Relationship": "Outer", "Parallel Aware": true, "Relation Name": "movie_companies", "Alias": "mc", "Startup Cost": 0.0, "Total Cost": 29661.37, "Plan Rows": 1087137, "Plan Width": 12, "Actual Startup Time": 0.007, "Actual Total Time": 64.065, "Actual Rows": 869710, "Actual Loops": 3}, {"Node Type": "Hash", "Parent Relationship": "Inner", "Parallel Aware": false, "Startup Cost": 18.88, "Total Cost": 18.88, "Plan Rows": 4, "Plan Width": 4, "Actual Startup Time": 0.017, "Actual Total Time": 0.018, "Actual Rows": 1, "Actual Loops": 3, "Hash Buckets": 1024, "Original Hash Buckets": 1024, "Hash Batches": 1, "Original Hash Batches": 1, "Peak Memory Usage": 9, "Plans": [{"Node Type": "Seq Scan", "Parent Relationship": "Outer", "Parallel Aware": false, "Relation Name": "company_type", "Alias": "ct", "Startup Cost": 0.0, "Total Cost": 18.88, "Plan Rows": 4, "Plan Width": 4, "Actual Startup Time": 0.015, "Actual Total Time": 0.016, "Actual Rows": 1, "Actual Loops": 3, "Filter": "((kind)::text = 'production companies'::text)", "Rows Removed by Filter": 3}]}]}, {"Node Type": "Hash", "Parent Relationship": "Inner", "Parallel Aware": true, "Startup Cost": 15253.6, "Total Cost": 15253.6, "Plan Rows": 5089, "Plan Width": 4, "Actual Startup Time": 118.032, "Actual Total Time": 118.034, "Actual Rows": 153308, "Actual Loops": 3, "Hash Buckets": 131072, "Original Hash Buckets": 16384, "Hash Batches": 8, "Original Hash Batches": 1, "Peak Memory Usage": 3360, "Plans": [{"Node Type": "Hash Join", "Parent Relationship": "Outer", "Parallel Aware": false, "Join Type": "Inner", "Startup Cost": 2.43, "Total Cost": 15253.6, "Plan Rows": 5089, "Plan Width": 4, "Actual Startup Time": 0.054, "Actual Total Time": 79.6, "Actual Rows": 153308, "Actual Loops": 3, "Inner Unique": true, "Hash Cond": "(miidx.info_type_id = it.id)", "Plans": [{"Node Type": "Seq Scan", "Parent Relationship": "Outer", "Parallel Aware": true, "Relation Name": "movie_info_idx", "Alias": "miidx", "Startup Cost": 0.0, "Total Cost": 13685.15, "Plan Rows": 575015, "Plan Width": 8, "Actual Startup Time": 0.014, "Actual Total Time": 33.387, "Actual Rows": 460012, "Actual Loops": 3}, {"Node Type": "Hash", "Parent Relationship": "Inner", "Parallel Aware": false, "Startup Cost": 2.41, "Total Cost": 2.41, "Plan Rows": 1, "Plan Width": 4, "Actual Startup Time": 0.028, "Actual Total Time": 0.029, "Actual Rows": 1, "Actual Loops": 3, "Hash Buckets": 1024, "Original Hash Buckets": 1024, "Hash Batches": 1, "Original Hash Batches": 1, "Peak Memory Usage": 9, "Plans": [{"Node Type": "Seq Scan", "Parent Relationship": "Outer", "Parallel Aware": false, "Relation Name": "info_type", "Alias": "it", "Startup Cost": 0.0, "Total Cost": 2.41, "Plan Rows": 1, "Plan Width": 4, "Actual Startup Time": 0.023, "Actual Total Time": 0.024, "Actual Rows": 1, "Actual Loops": 3, "Filter": "((info)::text = 'rating'::text)", "Rows Removed by Filter": 112}]}]}]}]}]}]}, {"Node Type": "Index Scan", "Parent Relationship": "Inner", "Parallel Aware": false, "Scan Direction": "Forward", "Index Name": "title_pkey", "Relation Name": "title", "Alias": "t", "Startup Cost": 0.43, "Total Cost": 0.47, "Plan Rows": 1, "Plan Width": 8, "Actual Startup Time": 0.002, "Actual Total Time": 0.002, "Actual Rows": 0, "Actual Loops": 2504990, "Index Cond": "(id = mi.movie_id)", "Rows Removed by Index Recheck": 0, "Filter": "(((title)::text <> ''::text) AND (((title)::text ~~ '%Champion%'::text) OR ((title)::text ~~ '%Loser%'::text)))", "Rows Removed by Filter": 1}]}]}, {"Node Type": "Index Scan", "Parent Relationship": "Inner", "Parallel Aware": false, "Scan Direction": "Forward", "Index Name": "company_name_pkey", "Relation Name": "company_name", "Alias": "cn", "Startup Cost": 0.42, "Total Cost": 0.45, "Plan Rows": 1, "Plan Width": 4, "Actual Startup Time": 0.002, "Actual Total Time": 0.002, "Actual Rows": 1, "Actual Loops": 926, "Index Cond": "(id = mc.company_id)", "Rows Removed by Index Recheck": 0, "Filter": "((country_code)::text = '[us]'::text)", "Rows Removed by Filter": 0}]}, {"Node Type": "Index Scan", "Parent Relationship": "Inner", "Parallel Aware": false, "Scan Direction": "Forward", "Index Name": "kind_type_pkey", "Relation Name": "kind_type", "Alias": "kt", "Startup Cost": 0.15, "Total Cost": 0.27, "Plan Rows": 1, "Plan Width": 4, "Actual Startup Time": 0.001, "Actual Total Time": 0.001, "Actual Rows": 1, "Actual Loops": 563, "Index Cond": "(id = t.kind_id)", "Rows Removed by Index Recheck": 0, "Filter": "((kind)::text = 'movie'::text)", "Rows Removed by Filter": 0}]}]}, "Planning Time": 94.536, "Triggers": [], "Execution Time": 3177.616}]
[{"Bao": {"Bao prediction": "NaN", "Bao recommended hint": "(no hint)"}}, {"Plan": {"Node Type": "Aggregate", "Strategy": "Plain", "Partial Mode": "Finalize", "Parallel Aware": false, "Startup Cost": 837833.47, "Total Cost": 837833.48, "Plan Rows": 1, "Plan Width": 8, "Actual Startup Time": 3496.179, "Actual Total Time": 3556.574, "Actual Rows": 1, "Actual Loops": 1, "Plans": [{"Node Type": "Gather", "Parent Relationship": "Outer", "Parallel Aware": false, "Startup Cost": 837833.25, "Total Cost": 837833.46, "Plan Rows": 2, "Plan Width": 8, "Actual Startup Time": 3494.753, "Actual Total Time": 3556.567, "Actual Rows": 3, "Actual Loops": 1, "Workers Planned": 2, "Workers Launched": 2, "Single Copy": false, "Plans": [{"Node Type": "Aggregate", "Strategy": "Plain", "Partial Mode": "Partial", "Parent Relationship": "Outer", "Parallel Aware": false, "Startup Cost": 836833.25, "Total Cost": 836833.26, "Plan Rows": 1, "Plan Width": 8, "Actual Startup Time": 3492.484, "Actual Total Time": 3492.493, "Actual Rows": 1, "Actual Loops": 3, "Plans": [{"Node Type": "Nested Loop", "Parent Relationship": "Outer", "Parallel Aware": false, "Join Type": "Inner", "Startup Cost": 786382.32, "Total Cost": 836833.25, "Plan Rows": 1, "Plan Width": 0, "Actual Startup Time": 2639.437, "Actual Total Time": 3491.909, "Actual Rows": 8718, "Actual Loops": 3, "Inner Unique": true, "Join Filter": "(mi.movie_id = t.id)", "Rows Removed by Join Filter": 0, "Plans": [{"Node Type": "Nested Loop", "Parent Relationship": "Outer", "Parallel Aware": false, "Join Type": "Inner", "Startup Cost": 786381.89, "Total Cost": 836832.4, "Plan Rows": 1, "Plan Width": 16, "Actual Startup Time": 2639.407, "Actual Total Time": 3471.994, "Actual Rows": 8718, "Actual Loops": 3, "Inner Unique": true, "Plans": [{"Node Type": "Hash Join", "Parent Relationship": "Outer", "Parallel Aware": true, "Join Type": "Inner", "Startup Cost": 786381.47, "Total Cost": 836754.32, "Plan Rows": 116, "Plan Width": 20, "Actual Startup Time": 2638.624, "Actual Total Time": 2911.582, "Actual Rows": 313684, "Actual Loops": 3, "Inner Unique": false, "Hash Cond": "(mk.movie_id = mi.movie_id)", "Plans": [{"Node Type": "Seq Scan", "Parent Relationship": "Outer", "Parallel Aware": true, "Relation Name": "movie_keyword", "Alias": "mk", "Startup Cost": 0.0, "Total Cost": 43303.71, "Plan Rows": 1884971, "Plan Width": 8, "Actual Startup Time": 0.009, "Actual Total Time": 104.525, "Actual Rows": 1507977, "Actual Loops": 3}, {"Node Type": "Hash", "Parent Relationship": "Inner", "Parallel Aware": true, "Startup Cost": 786381.34, "Total Cost": 786381.34, "Plan Rows": 10, "Plan Width": 12, "Actual Startup Time": 2637.338, "Actual Total Time": 2637.345, "Actual Rows": 9358, "Actual Loops": 3, "Hash Buckets": 32768, "Original Hash Buckets": 1024, "Hash Batches": 1, "Original Hash Batches": 1, "Peak Memory Usage": 1848, "Plans": [{"Node Type": "Nested Loop", "Parent Relationship": "Outer", "Parallel Aware": false, "Join Type": "Inner", "Startup Cost": 286435.79, "Total Cost": 786381.34, "Plan Rows": 10, "Plan Width": 12, "Actual Startup Time": 1707.82, "Actual Total Time": 2600.763, "Actual Rows": 9358, "Actual Loops": 3, "Inner Unique": true, "Plans": [{"Node Type": "Hash Join", "Parent Relationship": "Outer", "Parallel Aware": true, "Join Type": "Inner", "Startup Cost": 286435.36, "Total Cost": 786356.49, "Plan Rows": 23, "Plan Width": 16, "Actual Startup Time": 1707.717, "Actual Total Time": 2556.081, "Actual Rows": 18052, "Actual Loops": 3, "Inner Unique": false, "Hash Cond": "(ci.movie_id = mi.movie_id)", "Plans": [{"Node Type": "Seq Scan", "Parent Relationship": "Outer", "Parallel Aware": true, "Relation Name": "cast_info", "Alias": "ci", "Startup Cost": 0.0, "Total Cost": 497985.06, "Plan Rows": 516258, "Plan Width": 8, "Actual Startup Time": 99.466, "Actual Total Time": 1392.538, "Actual Rows": 414905, "Actual Loops": 3, "Filter": "((note)::text = ANY ('{(writer),\"(head writer)\",\"(written by)\",(story),\"(story editor)\"}'::text[]))", "Rows Removed by Filter": 11666543}, {"Node Type": "Hash", "Parent Relationship": "Inner", "Parallel Aware": true, "Startup Cost": 286435.15, "Total Cost": 286435.15, "Plan Rows": 17, "Plan Width": 8, "Actual Startup Time": 1101.925, "Actual Total Time": 1101.93, "Actual Rows": 34172, "Actual Loops": 3, "Hash Buckets": 131072, "Original Hash Buckets": 1024, "Hash Batches": 1, "Original Hash Batches": 1, "Peak Memory Usage": 6072, "Plans": [{"Node Type": "Hash Join", "Parent Relationship": "Outer", "Parallel Aware": true, "Join Type": "Inner", "Startup Cost": 15319.64, "Total Cost": 286435.15, "Plan Rows": 17, "Plan Width": 8, "Actual Startup Time": 1063.827, "Actual Total Time": 1088.44, "Actual Rows": 34172, "Actual Loops": 3, "Inner Unique": false, "Hash Cond": "(mi.movie_id = mi_idx.movie_id)", "Plans": [{"Node Type": "Hash Join", "Parent Relationship": "Outer", "Parallel Aware": false, "Join Type": "Inner", "Startup Cost": 2.43, "Total Cost": 271115.48, "Plan Rows": 637, "Plan Width": 4, "Actual Startup Time": 817.17, "Actual Total Time": 932.888, "Actual Rows": 62198, "Actual Loops": 3, "Inner Unique": true, "Hash Cond": "(mi.info_type_id = it1.id)", "Plans": [{"Node Type": "Seq Scan", "Parent Relationship": "Outer", "Parallel Aware": true, "Relation Name": "movie_info", "Alias": "mi", "Startup Cost": 0.0, "Total Cost": 270917.11, "Plan Rows": 71947, "Plan Width": 8, "Actual Startup Time": 536.944, "Actual Total Time": 924.803, "Actual Rows": 62990, "Actual Loops": 3, "Filter": "((info)::text = ANY ('{Horror,Action,Sci-Fi,Thriller,Crime,War}'::text[]))", "Rows Removed by Filter": 4882250}, {"Node Type": "Hash", "Parent Relationship": "Inner", "Parallel Aware": false, "Startup Cost": 2.41, "Total Cost": 2.41, "Plan Rows": 1, "Plan Width": 4, "Actual Startup Time": 0.016, "Actual Total Time": 0.017, "Actual Rows": 1, "Actual Loops": 3, "Hash Buckets": 1024, "Original Hash Buckets": 1024, "Hash Batches": 1, "Original Hash Batches": 1, "Peak Memory Usage": 9, "Plans": [{"Node Type": "Seq Scan", "Parent Relationship": "Outer", "Parallel Aware": false, "Relation Name": "info_type", "Alias": "it1", "Startup Cost": 0.0, "Total Cost": 2.41, "Plan Rows": 1, "Plan Width": 4, "Actual Startup Time": 0.009, "Actual Total Time": 0.015, "Actual Rows": 1, "Actual Loops": 3, "Filter": "((info)::text = 'genres'::text)", "Rows Removed by Filter": 112}]}]}, {"Node Type": "Hash", "Parent Relationship": "Inner", "Parallel Aware": true, "Startup Cost": 15253.6, "Total Cost": 15253.6, "Plan Rows": 5089, "Plan Width": 4, "Actual Startup Time": 118.25, "Actual Total Time": 118.251, "Actual Rows": 153308, "Actual Loops": 3, "Hash Buckets": 131072, "Original Hash Buckets": 16384, "Hash Batches": 8, "Original Hash Batches": 1, "Peak Memory Usage": 3328, "Plans": [{"Node Type": "Hash Join", "Parent Relationship": "Outer", "Parallel Aware": false, "Join Type": "Inner", "Startup Cost": 2.43, "Total Cost": 15253.6, "Plan Rows": 5089, "Plan Width": 4, "Actual Startup Time": 0.056, "Actual Total Time": 79.705, "Actual Rows": 153308, "Actual Loops": 3, "Inner Unique": true, "Hash Cond": "(mi_idx.info_type_id = it2.id)", "Plans": [{"Node Type": "Seq Scan", "Parent Relationship": "Outer", "Parallel Aware": true, "Relation Name": "movie_info_idx", "Alias": "mi_idx", "Startup Cost": 0.0, "Total Cost": 13685.15, "Plan Rows": 575015, "Plan Width": 8, "Actual Startup Time": 0.017, "Actual Total Time": 33.434, "Actual Rows": 460012, "Actual Loops": 3}, {"Node Type": "Hash", "Parent Relationship": "Inner", "Parallel Aware": false, "Startup Cost": 2.41, "Total Cost": 2.41, "Plan Rows": 1, "Plan Width": 4, "Actual Startup Time": 0.029, "Actual Total Time": 0.03, "Actual Rows": 1, "Actual Loops": 3, "Hash Buckets": 1024, "Original Hash Buckets": 1024, "Hash Batches": 1, "Original Hash Batches": 1, "Peak Memory Usage": 9, "Plans": [{"Node Type": "Seq Scan", "Parent Relationship": "Outer", "Parallel Aware": false, "Relation Name": "info_type", "Alias": "it2", "Startup Cost": 0.0, "Total Cost": 2.41, "Plan Rows": 1, "Plan Width": 4, "Actual Startup Time": 0.024, "Actual Total Time": 0.025, "Actual Rows": 1, "Actual Loops": 3, "Filter": "((info)::text = 'votes'::text)", "Rows Removed by Filter": 112}]}]}]}]}]}]}, {"Node Type": "Index Scan", "Parent Relationship": "Inner", "Parallel Aware": false, "Scan Direction": "Forward", "Index Name": "name_pkey", "Relation Name": "name", "Alias": "n", "Startup Cost": 0.43, "Total Cost": 1.08, "Plan Rows": 1, "Plan Width": 4, "Actual Startup Time": 0.002, "Actual Total Time": 0.002, "Actual Rows": 1, "Actual Loops": 54155, "Index Cond": "(id = ci.person_id)", "Rows Removed by Index Recheck": 0, "Filter": "((gender)::text = 'm'::text)", "Rows Removed by Filter": 0}]}]}]}, {"Node Type": "Index Scan", "Parent Relationship": "Inner", "Parallel Aware": false, "Scan Direction": "Forward", "Index Name": "keyword_pkey", "Relation Name": "keyword", "Alias": "k", "Startup Cost": 0.42, "Total Cost": 0.67, "Plan Rows": 1, "Plan Width": 4, "Actual Startup Time": 0.002, "Actual Total Time": 0.002, "Actual Rows": 0, "Actual Loops": 941053, "Index Cond": "(id = mk.keyword_id)", "Rows Removed by Index Recheck": 0, "Filter": "((keyword)::text = ANY ('{murder,violence,blood,gore,death,female-nudity,hospital}'::text[]))", "Rows Removed by Filter": 1}]}, {"Node Type": "Index Only Scan", "Parent Relationship": "Inner", "Parallel Aware": false, "Scan Direction": "Forward", "Index Name": "title_pkey", "Relation Name": "title", "Alias": "t", "Startup Cost": 0.43, "Total Cost": 0.84, "Plan Rows": 1, "Plan Width": 4, "Actual Startup Time": 0.002, "Actual Total Time": 0.002, "Actual Rows": 1, "Actual Loops": 26153, "Index Cond": "(id = mk.movie_id)", "Rows Removed by Index Recheck": 0, "Heap Fetches": 26153}]}]}]}]}, "Planning Time": 94.842, "Triggers": [], "Execution Time": 3556.672}]
[{"Bao": {"Bao prediction": "NaN", "Bao recommended hint": "(no hint)"}}, {"Plan": {"Node Type": "Aggregate", "Strategy": "Plain", "Partial Mode": "Simple", "Parallel Aware": false, "Startup Cost": 371045.62, "Total Cost": 371045.63, "Plan Rows": 1, "Plan Width": 8, "Actual Startup Time": 2028.544, "Actual Total Time": 2064.955, "Actual Rows": 1, "Actual Loops": 1, "Plans": [{"Node Type": "Gather", "Parent Relationship": "Outer", "Parallel Aware": false, "Startup Cost": 320673.12, "Total Cost": 371045.61, "Plan Rows": 1, "Plan Width": 0, "Actual Startup Time": 1801.323, "Actual Total Time": 2064.872, "Actual Rows": 761, "Actual Loops": 1, "Workers Planned": 2, "Workers Launched": 2, "Single Copy": false, "Plans": [{"Node Type": "Nested Loop", "Parent Relationship": "Outer", "Parallel Aware": false, "Join Type": "Inner", "Startup Cost": 319673.12, "Total Cost": 370045.51, "Plan Rows": 1, "Plan Width": 0, "Actual Startup Time": 1799.059, "Actual Total Time": 2024.669, "Actual Rows": 254, "Actual Loops": 3, "Inner Unique": true, "Plans": [{"Node Type": "Hash Join", "Parent Relationship": "Outer", "Parallel Aware": true, "Join Type": "Inner", "Startup Cost": 319672.7, "Total Cost": 370045.06, "Plan Rows": 1, "Plan Width": 4, "Actual Startup Time": 1798.667, "Actual Total Time": 1978.001, "Actual Rows": 25223, "Actual Loops": 3, "Inner Unique": false, "Hash Cond": "(mk.movie_id = t.id)", "Plans": [{"Node Type": "Seq Scan", "Parent Relationship": "Outer", "Parallel Aware": true, "Relation Name": "movie_keyword", "Alias": "mk", "Startup Cost": 0.0, "Total Cost": 43303.71, "Plan Rows": 1884971, "Plan Width": 8, "Actual Startup Time": 0.01, "Actual Total Time": 100.074, "Actual Rows": 1507977, "Actual Loops": 3}, {"Node Type": "Hash", "Parent Relationship": "Inner", "Parallel Aware": true, "Startup Cost": 319672.69, "Total Cost": 319672.69, "Plan Rows": 1, "Plan Width": 12, "Actual Startup Time": 1753.397, "Actual Total Time": 1753.403, "Actual Rows": 2915, "Actual Loops": 3, "Hash Buckets": 8192, "Original Hash Buckets": 1024, "Hash Batches": 1, "Original Hash Batches": 1, "Peak Memory Usage": 600, "Plans": [{"Node Type": "Nested Loop", "Parent Relationship": "Outer", "Parallel Aware": false, "Join Type": "Inner", "Startup Cost": 16718.33, "Total Cost": 319672.69, "Plan Rows": 1, "Plan Width": 12, "Actual Startup Time": 1448.954, "Actual Total Time": 1698.125, "Actual Rows": 2915, "Actual Loops": 3, "Inner Unique": true, "Plans": [{"Node Type": "Nested Loop", "Parent Relationship": "Outer", "Parallel Aware": false, "Join Type": "Inner", "Startup Cost": 16718.18, "Total Cost": 319670.81, "Plan Rows": 11, "Plan Width": 16, "Actual Startup Time": 1435.353, "Actual Total Time": 1691.675, "Actual Rows": 5838, "Actual Loops": 3, "Inner Unique": true, "Join Filter": "(mi.movie_id = t.id)", "Rows Removed by Join Filter": 0, "Plans": [{"Node Type": "Hash Join", "Parent Relationship": "Outer", "Parallel Aware": true, "Join Type": "Inner", "Startup Cost": 16717.75, "Total Cost": 319627.89, "Plan Rows": 72, "Plan Width": 8, "Actual Startup Time": 1435.216, "Actual Total Time": 1494.354, "Actual Rows": 71080, "Actual Loops": 3, "Inner Unique": false, "Hash Cond": "(mi.movie_id = mi_idx.movie_id)", "Plans": [{"Node Type": "Hash Join", "Parent Relationship": "Outer", "Parallel Aware": false, "Join Type": "Inner", "Startup Cost": 2.43, "Total Cost": 302901.77, "Plan Rows": 2798, "Plan Width": 4, "Actual Startup Time": 970.173, "Actual Total Time": 1253.197, "Actual Rows": 204750, "Actual Loops": 3, "Inner Unique": true, "Hash Cond": "(mi.info_type_id = it1.id)", "Plans": [{"Node Type": "Seq Scan", "Parent Relationship": "Outer", "Parallel Aware": true, "Relation Name": "movie_info", "Alias": "mi", "Startup Cost": 0.0, "Total Cost": 302038.28, "Plan Rows": 316166, "Plan Width": 8, "Actual Startup Time": 0.538, "Actual Total Time": 1225.139, "Actual Rows": 235558, "Actual Loops": 3, "Filter": "((info)::text = ANY ('{Sweden,Norway,Germany,Denmark,Swedish,Denish,Norwegian,German,USA,American}'::text[]))", "Rows Removed by Filter": 4709682}, {"Node Type": "Hash", "Parent Relationship": "Inner", "Parallel Aware": false, "Startup Cost": 2.41, "Total Cost": 2.41, "Plan Rows": 1, "Plan Width": 4, "Actual Startup Time": 0.013, "Actual Total Time": 0.014, "Actual Rows": 1, "Actual Loops": 3, "Hash Buckets": 1024, "Original Hash Buckets": 1024, "Hash Batches": 1, "Original Hash Batches": 1, "Peak Memory Usage": 9, "Plans": [{"Node Type": "Seq Scan", "Parent Relationship": "Outer", "Parallel Aware": false, "Relation Name": "info_type", "Alias": "it1", "Startup Cost": 0.0, "Total Cost": 2.41, "Plan Rows": 1, "Plan Width": 4, "Actual Startup Time": 0.006, "Actual Total Time": 0.012, "Actual Rows": 1, "Actual Loops": 3, "Filter": "((info)::text = 'countries'::text)", "Rows Removed by Filter": 112}]}]}, {"Node Type": "Hash", "Parent Relationship": "Inner", "Parallel Aware": true, "Startup Cost": 16653.27, "Total Cost": 16653.27, "Plan Rows": 4965, "Plan Width": 4, "Actual Startup Time": 154.017, "Actual Total Time": 154.019, "Actual Rows": 151410, "Actual Loops": 3, "Hash Buckets": 131072, "Original Hash Buckets": 16384, "Hash Batches": 8, "Original Hash Batches": 1, "Peak Memory Usage": 3296, "Plans": [{"Node Type": "Hash Join", "Parent Relationship": "Outer", "Parallel Aware": false, "Join Type": "Inner", "Startup Cost": 2.43, "Total Cost": 16653.27, "Plan Rows": 4965, "Plan Width": 4, "Actual Startup Time": 0.065, "Actual Total Time": 114.818, "Actual Rows": 151410, "Actual Loops": 3, "Inner Unique": true, "Hash Cond": "(mi_idx.info_type_id = it2.id)", "Plans": [{"Node Type": "Seq Scan", "Parent Relationship": "Outer", "Parallel Aware": true, "Relation Name": "movie_info_idx", "Alias": "mi_idx", "Startup Cost": 0.0, "Total Cost": 15122.68, "Plan Rows": 561109, "Plan Width": 8, "Actual Startup Time": 0.023, "Actual Total Time": 77.976, "Actual Rows": 447629, "Actual Loops": 3, "Filter": "((info)::text < '8.5'::text)", "Rows Removed by Filter": 12383}, {"Node Type": "Hash", "Parent Relationship": "Inner", "Parallel Aware": false, "Startup Cost": 2.41, "Total Cost": 2.41, "Plan Rows": 1, "Plan Width": 4, "Actual Startup Time": 0.026, "Actual Total Time": 0.027, "Actual Rows": 1, "Actual Loops": 3, "Hash Buckets": 1024, "Original Hash Buckets": 1024, "Hash Batches": 1, "Original Hash Batches": 1, "Peak Memory Usage": 9, "Plans": [{"Node Type": "Seq Scan", "Parent Relationship": "Outer", "Parallel Aware": false, "Relation Name": "info_type", "Alias": "it2", "Startup Cost": 0.0, "Total Cost": 2.41, "Plan Rows": 1, "Plan Width": 4, "Actual Startup Time": 0.019, "Actual Total Time": 0.02, "Actual Rows": 1, "Actual Loops": 3, "Filter": "((info)::text = 'rating'::text)", "Rows Removed by Filter": 112}]}]}]}]}, {"Node Type": "Index Scan", "Parent Relationship": "Inner", "Parallel Aware": false, "Scan Direction": "Forward", "Index Name": "title_pkey", "Relation Name": "title", "Alias": "t", "Startup Cost": 0.43, "Total Cost": 0.58, "Plan Rows": 1, "Plan Width": 8, "Actual Startup Time": 0.003, "Actual Total Time": 0.003, "Actual Rows": 0, "Actual Loops": 213239, "Index Cond": "(id = mi_idx.movie_id)", "Rows Removed by Index Recheck": 0, "Filter": "(production_year > 2010)", "Rows Removed by Filter": 1}]}, {"Node Type": "Index Scan", "Parent Relationship": "Inner", "Parallel Aware": false, "Scan Direction": "Forward", "Index Name": "kind_type_pkey", "Relation Name": "kind_type", "Alias": "kt", "Startup Cost": 0.15, "Total Cost": 0.17, "Plan Rows": 1, "Plan Width": 4, "Actual Startup Time": 0.001, "Actual Total Time": 0.001, "Actual Rows": 0, "Actual Loops": 17514, "Index Cond": "(id = t.kind_id)", "Rows Removed by Index Recheck": 0, "Filter": "((kind)::text = 'movie'::text)", "Rows Removed by Filter": 1}]}]}]}, {"Node Type": "Index Scan", "Parent Relationship": "Inner", "Parallel Aware": false, "Scan Direction": "Forward", "Index Name": "keyword_pkey", "Relation Name": "keyword", "Alias": "k", "Startup Cost": 0.42, "Total Cost": 0.44, "Plan Rows": 1, "Plan Width": 4, "Actual Startup Time": 0.002, "Actual Total Time": 0.002, "Actual Rows": 0, "Actual Loops": 75669, "Index Cond": "(id = mk.keyword_id)", "Rows Removed by Index Recheck": 0, "Filter": "((keyword)::text = ANY ('{murder,murder-in-title,blood,violence}'::text[]))", "Rows Removed by Filter": 1}]}]}]}, "Planning Time": 83.139, "Triggers": [], "Execution Time": 2065.02}]
[{"Bao": {"Bao prediction": "NaN", "Bao recommended hint": "(no hint)"}}, {"Plan": {"Node Type": "Aggregate", "Strategy": "Plain", "Partial Mode": "Simple", "Parallel Aware": false, "Startup Cost": 26789.29, "Total Cost": 26789.3, "Plan Rows": 1, "Plan Width": 8, "Actual Startup Time": 5428.847, "Actual Total Time": 5428.852, "Actual Rows": 1, "Actual Loops": 1, "Plans": [{"Node Type": "Nested Loop", "Parent Relationship": "Outer", "Parallel Aware": false, "Join Type": "Inner", "Startup Cost": 563.62, "Total Cost": 26789.29, "Plan Rows": 1, "Plan Width": 0, "Actual Startup Time": 221.216, "Actual Total Time": 5428.845, "Actual Rows": 14, "Actual Loops": 1, "Inner Unique": true, "Plans": [{"Node Type": "Nested Loop", "Parent Relationship": "Outer", "Parallel Aware": false, "Join Type": "Inner", "Startup Cost": 563.2, "Total Cost": 26788.82, "Plan Rows": 1, "Plan Width": 4, "Actual Startup Time": 221.127, "Actual Total Time": 5428.756, "Actual Rows": 56, "Actual Loops": 1, "Inner Unique": true, "Plans": [{"Node Type": "Nested Loop", "Parent Relationship": "Outer", "Parallel Aware": false, "Join Type": "Inner", "Startup Cost": 563.05, "Total Cost": 26788.65, "Plan Rows": 1, "Plan Width": 8, "Actual Startup Time": 221.123, "Actual Total Time": 5428.704, "Actual Rows": 56, "Actual Loops": 1, "Inner Unique": true, "Plans": [{"Node Type": "Merge Join", "Parent Relationship": "Outer", "Parallel Aware": false, "Join Type": "Inner", "Startup Cost": 562.63, "Total Cost": 26788.19, "Plan Rows": 1, "Plan Width": 12, "Actual Startup Time": 221.109, "Actual Total Time": 5428.562, "Actual Rows": 84, "Actual Loops": 1, "Inner Unique": false, "Merge Cond": "(t.id = ml.movie_id)", "Plans": [{"Node Type": "Nested Loop", "Parent Relationship": "Outer", "Parallel Aware": false, "Join Type": "Inner", "Startup Cost": 0.43, "Total Cost": 524507.16, "Plan Rows": 20, "Plan Width": 24, "Actual Startup Time": 217.054, "Actual Total Time": 5424.457, "Actual Rows": 13, "Actual Loops": 1, "Inner Unique": false, "Join Filter": "(t.id = mk.movie_id)", "Rows Removed by Join Filter": 14167618, "Plans": [{"Node Type": "Nested Loop", "Parent Relationship": "Outer", "Parallel Aware": false, "Join Type": "Inner", "Startup Cost": 0.43, "Total Cost": 272442.14, "Plan Rows": 2, "Plan Width": 16, "Actual Startup Time": 199.464, "Actual Total Time": 3099.787, "Actual Rows": 4, "Actual Loops": 1, "Inner Unique": false, "Join Filter": "(mc.movie_id = t.id)", "Rows Removed by Join Filter": 19477280, "Plans": [{"Node Type": "Index Scan", "Parent Relationship": "Outer", "Parallel Aware": false, "Scan Direction": "Forward", "Index Name": "title_pkey", "Relation Name": "title", "Alias": "t", "Startup Cost": 0.43, "Total Cost": 122984.6, "Plan Rows": 4, "Plan Width": 4, "Actual Startup Time": 78.809, "Actual Total Time": 569.569, "Actual Rows": 16, "Actual Loops": 1, "Filter": "(((title)::text ~~ '%Money%'::text) AND (production_year = 1998))", "Rows Removed by Filter": 1191935}, {"Node Type": "Materialize", "Parent Relationship": "Inner", "Parallel Aware": false, "Startup Cost": 0.0, "Total Cost": 57480.39, "Plan Rows": 1274820, "Plan Width": 12, "Actual Startup Time": 0.008, "Actual Total Time": 101.728, "Actual Rows": 1217330, "Actual Loops": 16, "Plans": [{"Node Type": "Seq Scan", "Parent Relationship": "Outer", "Parallel Aware": false, "Relation Name": "movie_companies", "Alias": "mc", "Startup Cost": 0.0, "Total Cost": 44881.29, "Plan Rows": 1274820, "Plan Width": 12, "Actual Startup Time": 0.019, "Actual Total Time": 224.283, "Actual Rows": 1271989, "Actual Loops": 1, "Filter": "(note IS NULL)", "Rows Removed by Filter": 1337140}]}]}, {"Node Type": "Materialize", "Parent Relationship": "Inner", "Parallel Aware": false, "Startup Cost": 0.0, "Total Cost": 109984.95, "Plan Rows": 4523930, "Plan Width": 8, "Actual Startup Time": 0.005, "Actual Total Time": 416.066, "Actual Rows": 3541908, "Actual Loops": 4, "Plans": [{"Node Type": "Seq Scan", "Parent Relationship": "Outer", "Parallel Aware": false, "Relation Name": "movie_keyword", "Alias": "mk", "Startup Cost": 0.0, "Total Cost": 69693.3, "Plan Rows": 4523930, "Plan Width": 8, "Actual Startup Time": 0.007, "Actual Total Time": 381.604, "Actual Rows": 4523930, "Actual Loops": 1}]}]}, {"Node Type": "Sort", "Parent Relationship": "Inner", "Parallel Aware": false, "Startup Cost": 562.2, "Total Cost": 562.3, "Plan Rows": 42, "Plan Width": 4, "Actual Startup Time": 3.985, "Actual Total Time": 4.033, "Actual Rows": 1235, "Actual Loops": 1, "Sort Key": ["ml.movie_id"], "Sort Method": "quicksort", "Sort Space Used": 103, "Sort Space Type": "Memory", "Plans": [{"Node Type": "Hash Join", "Parent Relationship": "Outer", "Parallel Aware": false, "Join Type": "Inner", "Startup Cost": 18.89, "Total Cost": 561.07, "Plan Rows": 42, "Plan Width": 4, "Actual Startup Time": 0.028, "Actual Total Time": 3.832, "Actual Rows": 1158, "Actual Loops": 1, "Inner Unique": true, "Hash Cond": "(ml.link_type_id = lt.id)", "Plans": [{"Node Type": "Seq Scan", "Parent Relationship": "Outer", "Parallel Aware": false, "Relation Name": "movie_link", "Alias": "ml", "Startup Cost": 0.0, "Total Cost": 462.97, "Plan Rows": 29997, "Plan Width": 8, "Actual Startup Time": 0.006, "Actual Total Time": 1.762, "Actual Rows": 29997, "Actual Loops": 1}, {"Node Type": "Hash", "Parent Relationship": "Inner", "Parallel Aware": false, "Startup Cost": 18.88, "Total Cost": 18.88, "Plan Rows": 1, "Plan Width": 4, "Actual Startup Time": 0.008, "Actual Total Time": 0.008, "Actual Rows": 1, "Actual Loops": 1, "Hash Buckets": 1024, "Original Hash Buckets": 1024, "Hash Batches": 1, "Original Hash Batches": 1, "Peak Memory Usage": 9, "Plans": [{"Node Type": "Seq Scan", "Parent Relationship": "Outer", "Parallel Aware": false, "Relation Name": "link_type", "Alias": "lt", "Startup Cost": 0.0, "Total Cost": 18.88, "Plan Rows": 1, "Plan Width": 4, "Actual Startup Time": 0.004, "Actual Total Time": 0.006, "Actual Rows": 1, "Actual Loops": 1, "Filter": "((link)::text ~~ '%follows%'::text)", "Rows Removed by Filter": 17}]}]}]}]}, {"Node Type": "Index Scan", "Parent Relationship": "Inner", "Parallel Aware": false, "Scan Direction": "Forward", "Index Name": "company_name_pkey", "Relation Name": "company_name", "Alias": "cn", "Startup Cost": 0.42, "Total Cost": 0.46, "Plan Rows": 1, "Plan Width": 4, "Actual Startup Time": 0.001, "Actual Total Time": 0.001, "Actual Rows": 1, "Actual Loops": 84, "Index Cond": "(id = mc.company_id)", "Rows Removed by Index Recheck": 0, "Filter": "(((country_code)::text <> '[pl]'::text) AND (((name)::text ~~ '%Film%'::text) OR ((name)::text ~~ '%Warner%'::text)))", "Rows Removed by Filter": 0}]}, {"Node Type": "Index Scan", "Parent Relationship": "Inner", "Parallel Aware": false, "Scan Direction": "Forward", "Index Name": "company_type_pkey", "Relation Name": "company_type", "Alias": "ct", "Startup Cost": 0.15, "Total Cost": 0.17, "Plan Rows": 1, "Plan Width": 4, "Actual Startup Time": 0.001, "Actual Total Time": 0.001, "Actual Rows": 1, "Actual Loops": 56, "Index Cond": "(id = mc.company_type_id)", "Rows Removed by Index Recheck": 0, "Filter": "((kind)::text = 'production companies'::text)", "Rows Removed by Filter": 0}]}, {"Node Type": "Index Scan", "Parent Relationship": "Inner", "Parallel Aware": false, "Scan Direction": "Forward", "Index Name": "keyword_pkey", "Relation Name": "keyword", "Alias": "k", "Startup Cost": 0.42, "Total Cost": 0.44, "Plan Rows": 1, "Plan Width": 4, "Actual Startup Time": 0.001, "Actual Total Time": 0.001, "Actual Rows": 0, "Actual Loops": 56, "Index Cond": "(id = mk.keyword_id)", "Rows Removed by Index Recheck": 0, "Filter": "((keyword)::text = 'sequel'::text)", "Rows Removed by Filter": 1}]}]}, "Planning Time": 83.935, "Triggers": [], "Execution Time": 5440.151}]
[{"Bao": {"Bao prediction": "NaN", "Bao recommended hint": "(no hint)"}}, {"Plan": {"Node Type": "Aggregate", "Strategy": "Plain", "Partial Mode": "Finalize", "Parallel Aware": false, "Startup Cost": 513969.89, "Total Cost": 513969.9, "Plan Rows": 1, "Plan Width": 8, "Actual Startup Time": 1479.353, "Actual Total Time": 1509.621, "Actual Rows": 1, "Actual Loops": 1, "Plans": [{"Node Type": "Gather", "Parent Relationship": "Outer", "Parallel Aware": false, "Startup Cost": 513969.67, "Total Cost": 513969.88, "Plan Rows": 2, "Plan Width": 8, "Actual Startup Time": 1479.11, "Actual Total Time": 1509.614, "Actual Rows": 3, "Actual Loops": 1, "Workers Planned": 2, "Workers Launched": 2, "Single Copy": false, "Plans": [{"Node Type": "Aggregate", "Strategy": "Plain", "Partial Mode": "Partial", "Parent Relationship": "Outer", "Parallel Aware": false, "Startup Cost": 512969.67, "Total Cost": 512969.68, "Plan Rows": 1, "Plan Width": 8, "Actual Startup Time": 1476.971, "Actual Total Time": 1476.976, "Actual Rows": 1, "Actual Loops": 3, "Plans": [{"Node Type": "Nested Loop", "Parent Relationship": "Outer", "Parallel Aware": false, "Join Type": "Inner", "Startup Cost": 479160.53, "Total Cost": 512969.67, "Plan Rows": 1, "Plan Width": 0, "Actual Startup Time": 1305.395, "Actual Total Time": 1476.966, "Actual Rows": 35, "Actual Loops": 3, "Inner Unique": true, "Plans": [{"Node Type": "Nested Loop", "Parent Relationship": "Outer", "Parallel Aware": false, "Join Type": "Inner", "Startup Cost": 479160.1, "Total Cost": 512969.15, "Plan Rows": 1, "Plan Width": 8, "Actual Startup Time": 1303.282, "Actual Total Time": 1476.388, "Actual Rows": 88, "Actual Loops": 3, "Inner Unique": true, "Plans": [{"Node Type": "Nested Loop", "Parent Relationship": "Outer", "Parallel Aware": false, "Join Type": "Inner", "Startup Cost": 479159.95, "Total Cost": 512968.98, "Plan Rows": 1, "Plan Width": 12, "Actual Startup Time": 1303.273, "Actual Total Time": 1476.267, "Actual Rows": 88, "Actual Loops": 3, "Inner Unique": true, "Plans": [{"Node Type": "Nested Loop", "Parent Relationship": "Outer", "Parallel Aware": false, "Join Type": "Inner", "Startup Cost": 479159.52, "Total Cost": 512963.4, "Plan Rows": 1, "Plan Width": 16, "Actual Startup Time": 1303.228, "Actual Total Time": 1475.461, "Actual Rows": 92, "Actual Loops": 3, "Inner Unique": true, "Plans": [{"Node Type": "Hash Join", "Parent Relationship": "Outer", "Parallel Aware": true, "Join Type": "Inner", "Startup Cost": 479159.1, "Total Cost": 512897.84, "Plan Rows": 147, "Plan Width": 20, "Actual Startup Time": 1276.106, "Actual Total Time": 1425.144, "Actual Rows": 29496, "Actual Loops": 3, "Inner Unique": false, "Hash Cond": "(mc.movie_id = ci.movie_id)", "Plans": [{"Node Type": "Seq Scan", "Parent Relationship": "Outer", "Parallel Aware": true, "Relation Name": "movie_companies", "Alias": "mc", "Startup Cost": 0.0, "Total Cost": 29661.37, "Plan Rows": 1087137, "Plan Width": 12, "Actual Startup Time": 0.006, "Actual Total Time": 62.783, "Actual Rows": 869710, "Actual Loops": 3}, {"Node Type": "Hash", "Parent Relationship": "Inner", "Parallel Aware": true, "Startup Cost": 479158.47, "Total Cost": 479158.47, "Plan Rows": 50, "Plan Width": 8, "Actual Startup Time": 1275.773, "Actual Total Time": 1275.774, "Actual Rows": 8625, "Actual Loops": 3, "Hash Buckets": 32768, "Original Hash Buckets": 1024, "Hash Batches": 1, "Original Hash Batches": 1, "Peak Memory Usage": 1592, "Plans": [{"Node Type": "Hash Join", "Parent Relationship": "Outer", "Parallel Aware": false, "Join Type": "Inner", "Startup Cost": 18.93, "Total Cost": 479158.47, "Plan Rows": 50, "Plan Width": 8, "Actual Startup Time": 0.086, "Actual Total Time": 1209.091, "Actual Rows": 8625, "Actual Loops": 3, "Inner Unique": true, "Hash Cond": "(ci.role_id = rt.id)", "Plans": [{"Node Type": "Seq Scan", "Parent Relationship": "Outer", "Parallel Aware": true, "Relation Name": "cast_info", "Alias": "ci", "Startup Cost": 0.0, "Total Cost": 479115.98, "Plan Rows": 8925, "Plan Width": 12, "Actual Startup Time": 0.056, "Actual Total Time": 1207.415, "Actual Rows": 10763, "Actual Loops": 3, "Filter": "(((note)::text ~~ '%(voice)%'::text) AND ((note)::text ~~ '%(uncredited)%'::text))", "Rows Removed by Filter": 12070685}, {"Node Type": "Hash", "Parent Relationship": "Inner", "Parallel Aware": false, "Startup Cost": 18.88, "Total Cost": 18.88, "Plan Rows": 4, "Plan Width": 4, "Actual Startup Time": 0.021, "Actual Total Time": 0.022, "Actual Rows": 1, "Actual Loops": 3, "Hash Buckets": 1024, "Original Hash Buckets": 1024, "Hash Batches": 1, "Original Hash Batches": 1, "Peak Memory Usage": 9, "Plans": [{"Node Type": "Seq Scan", "Parent Relationship": "Outer", "Parallel Aware": false, "Relation Name": "role_type", "Alias": "rt", "Startup Cost": 0.0, "Total Cost": 18.88, "Plan Rows": 4, "Plan Width": 4, "Actual Startup Time": 0.015, "Actual Total Time": 0.016, "Actual Rows": 1, "Actual Loops": 3, "Filter": "((role)::text = 'actor'::text)", "Rows Removed by Filter": 11}]}]}]}]}, {"Node Type": "Index Scan", "Parent Relationship": "Inner", "Parallel Aware": false, "Scan Direction": "Forward", "Index Name": "company_name_pkey", "Relation Name": "company_name", "Alias": "cn", "Startup Cost": 0.42, "Total Cost": 0.45, "Plan Rows": 1, "Plan Width": 4, "Actual Startup Time": 0.002, "Actual Total Time": 0.002, "Actual Rows": 0, "Actual Loops": 88489, "Index Cond": "(id = mc.company_id)", "Rows Removed by Index Recheck": 0, "Filter": "((country_code)::text = '[ru]'::text)", "Rows Removed by Filter": 1}]}, {"Node Type": "Index Only Scan", "Parent Relationship": "Inner", "Parallel Aware": false, "Scan Direction": "Forward", "Index Name": "char_name_pkey", "Relation Name": "char_name", "Alias": "chn", "Startup Cost": 0.43, "Total Cost": 5.59, "Plan Rows": 1, "Plan Width": 4, "Actual Startup Time": 0.008, "Actual Total Time": 0.008, "Actual Rows": 1, "Actual Loops": 275, "Index Cond": "(id = ci.person_role_id)", "Rows Removed by Index Recheck": 0, "Heap Fetches": 265}]}, {"Node Type": "Index Only Scan", "Parent Relationship": "Inner", "Parallel Aware": false, "Scan Direction": "Forward", "Index Name": "company_type_pkey", "Relation Name": "company_type", "Alias": "ct", "Startup Cost": 0.15, "Total Cost": 0.17, "Plan Rows": 1, "Plan Width": 4, "Actual Startup Time": 0.001, "Actual Total Time": 0.001, "Actual Rows": 1, "Actual Loops": 265, "Index Cond": "(id = mc.company_type_id)", "Rows Removed by Index Recheck": 0, "Heap Fetches": 265}]}, {"Node Type": "Index Scan", "Parent Relationship": "Inner", "Parallel Aware": false, "Scan Direction": "Forward", "Index Name": "title_pkey", "Relation Name": "title", "Alias": "t", "Startup Cost": 0.43, "Total Cost": 0.52, "Plan Rows": 1, "Plan Width": 4, "Actual Startup Time": 0.006, "Actual Total Time": 0.006, "Actual Rows": 0, "Actual Loops": 265, "Index Cond": "(id = mc.movie_id)", "Rows Removed by Index Recheck": 0, "Filter": "(production_year > 2005)", "Rows Removed by Filter": 1}]}]}]}]}, "Planning Time": 79.671, "Triggers": [], "Execution Time": 1509.695}]
[{"Bao": {"Bao prediction": "NaN", "Bao recommended hint": "(no hint)"}}, {"Plan": {"Node Type": "Aggregate", "Strategy": "Plain", "Partial Mode": "Finalize", "Parallel Aware": false, "Startup Cost": 52751.88, "Total Cost": 52751.89, "Plan Rows": 1, "Plan Width": 8, "Actual Startup Time": 242.202, "Actual Total Time": 250.68, "Actual Rows": 1, "Actual Loops": 1, "Plans": [{"Node Type": "Gather", "Parent Relationship": "Outer", "Parallel Aware": false, "Startup Cost": 52751.67, "Total Cost": 52751.88, "Plan Rows": 2, "Plan Width": 8, "Actual Startup Time": 242.048, "Actual Total Time": 250.673, "Actual Rows": 3, "Actual Loops": 1, "Workers Planned": 2, "Workers Launched": 2, "Single Copy": false, "Plans": [{"Node Type": "Aggregate", "Strategy": "Plain", "Partial Mode": "Partial", "Parent Relationship": "Outer", "Parallel Aware": false, "Startup Cost": 51751.67, "Total Cost": 51751.68, "Plan Rows": 1, "Plan Width": 8, "Actual Startup Time": 240.051, "Actual Total Time": 240.055, "Actual Rows": 1, "Actual Loops": 3, "Plans": [{"Node Type": "Nested Loop", "Parent Relationship": "Outer", "Parallel Aware": false, "Join Type": "Inner", "Startup Cost": 3465.08, "Total Cost": 51751.66, "Plan Rows": 5, "Plan Width": 0, "Actual Startup Time": 17.518, "Actual Total Time": 239.962, "Actual Rows": 1463, "Actual Loops": 3, "Inner Unique": true, "Plans": [{"Node Type": "Nested Loop", "Parent Relationship": "Outer", "Parallel Aware": false, "Join Type": "Inner", "Startup Cost": 3464.65, "Total Cost": 51729.3, "Plan Rows": 5, "Plan Width": 4, "Actual Startup Time": 17.499, "Actual Total Time": 232.272, "Actual Rows": 1463, "Actual Loops": 3, "Inner Unique": true, "Plans": [{"Node Type": "Nested Loop", "Parent Relationship": "Outer", "Parallel Aware": false, "Join Type": "Inner", "Startup Cost": 3464.22, "Total Cost": 51726.86, "Plan Rows": 5, "Plan Width": 12, "Actual Startup Time": 17.476, "Actual Total Time": 229.463, "Actual Rows": 1463, "Actual Loops": 3, "Inner Unique": true, "Plans": [{"Node Type": "Hash Join", "Parent Relationship": "Outer", "Parallel Aware": false, "Join Type": "Inner", "Startup Cost": 3464.07, "Total Cost": 51726.02, "Plan Rows": 5, "Plan Width": 16, "Actual Startup Time": 17.446, "Actual Total Time": 227.924, "Actual Rows": 1463, "Actual Loops": 3, "Inner Unique": false, "Hash Cond": "(mk.movie_id = ml.movie_id)", "Plans": [{"Node Type": "Hash Join", "Parent Relationship": "Outer", "Parallel Aware": false, "Join Type": "Inner", "Startup Cost": 2626.14, "Total Cost": 50878.05, "Plan Rows": 14, "Plan Width": 4, "Actual Startup Time": 10.238, "Actual Total Time": 217.834, "Actual Rows": 13947, "Actual Loops": 3, "Inner Unique": true, "Hash Cond": "(mk.keyword_id = k.id)", "Plans": [{"Node Type": "Seq Scan", "Parent Relationship": "Outer", "Parallel Aware": true, "Relation Name": "movie_keyword", "Alias": "mk", "Startup Cost": 0.0, "Total Cost": 43303.71, "Plan Rows": 1884971, "Plan Width": 8, "Actual Startup Time": 0.009, "Actual Total Time": 101.719, "Actual Rows": 1507977, "Actual Loops": 3}, {"Node Type": "Hash", "Parent Relationship": "Inner", "Parallel Aware": false, "Startup Cost": 2626.12, "Total Cost": 2626.12, "Plan Rows": 1, "Plan Width": 4, "Actual Startup Time": 10.198, "Actual Total Time": 10.198, "Actual Rows": 1, "Actual Loops": 3, "Hash Buckets": 1024, "Original Hash Buckets": 1024, "Hash Batches": 1, "Original Hash Batches": 1, "Peak Memory Usage": 9, "Plans": [{"Node Type": "Seq Scan", "Parent Relationship": "Outer", "Parallel Aware": false, "Relation Name": "keyword", "Alias": "k", "Startup Cost": 0.0, "Total Cost": 2626.12, "Plan Rows": 1, "Plan Width": 4, "Actual Startup Time": 0.459, "Actual Total Time": 10.195, "Actual Rows": 1, "Actual Loops": 3, "Filter": "((keyword)::text = 'character-name-in-title'::text)", "Rows Removed by Filter": 134169}]}]}, {"Node Type": "Hash", "Parent Relationship": "Inner", "Parallel Aware": false, "Startup Cost": 462.97, "Total Cost": 462.97, "Plan Rows": 29997, "Plan Width": 12, "Actual Startup Time": 6.986, "Actual Total Time": 6.987, "Actual Rows": 29997, "Actual Loops": 3, "Hash Buckets": 32768, "Original Hash Buckets": 32768, "Hash Batches": 1, "Original Hash Batches": 1, "Peak Memory Usage": 1545, "Plans": [{"Node Type": "Seq Scan", "Parent Relationship": "Outer", "Parallel Aware": false, "Relation Name": "movie_link", "Alias": "ml", "Startup Cost": 0.0, "Total Cost": 462.97, "Plan Rows": 29997, "Plan Width": 12, "Actual Startup Time": 0.024, "Actual Total Time": 3.346, "Actual Rows": 29997, "Actual Loops": 3}]}]}, {"Node Type": "Index Only Scan", "Parent Relationship": "Inner", "Parallel Aware": false, "Scan Direction": "Forward", "Index Name": "link_type_pkey", "Relation Name": "link_type", "Alias": "lt", "Startup Cost": 0.15, "Total Cost": 0.17, "Plan Rows": 1, "Plan Width": 4, "Actual Startup Time": 0.001, "Actual Total Time": 0.001, "Actual Rows": 1, "Actual Loops": 4388, "Index Cond": "(id = ml.link_type_id)", "Rows Removed by Index Recheck": 0, "Heap Fetches": 4388}]}, {"Node Type": "Index Only Scan", "Parent Relationship": "Inner", "Parallel Aware": false, "Scan Direction": "Forward", "Index Name": "title_pkey", "Relation Name": "title", "Alias": "t1", "Startup Cost": 0.43, "Total Cost": 0.49, "Plan Rows": 1, "Plan Width": 4, "Actual Startup Time": 0.002, "Actual Total Time": 0.002, "Actual Rows": 1, "Actual Loops": 4388, "Index Cond": "(id = mk.movie_id)", "Rows Removed by Index Recheck": 0, "Heap Fetches": 4388}]}, {"Node Type": "Index Only Scan", "Parent Relationship": "Inner", "Parallel Aware": false, "Scan Direction": "Forward", "Index Name": "title_pkey", "Relation Name": "title", "Alias": "t2", "Startup Cost": 0.43, "Total Cost": 4.47, "Plan Rows": 1, "Plan Width": 4, "Actual Startup Time": 0.005, "Actual Total Time": 0.005, "Actual Rows": 1, "Actual Loops": 4388, "Index Cond": "(id = ml.linked_movie_id)", "Rows Removed by Index Recheck": 0, "Heap Fetches": 4388}]}]}]}]}, "Planning Time": 76.33, "Triggers": [], "Execution Time": 250.753}]
[{"Bao": {"Bao prediction": "NaN", "Bao recommended hint": "(no hint)"}}, {"Plan": {"Node Type": "Aggregate", "Strategy": "Plain", "Partial Mode": "Simple", "Parallel Aware": false, "Startup Cost": 378971.47, "Total Cost": 378971.48, "Plan Rows": 1, "Plan Width": 8, "Actual Startup Time": 1994.533, "Actual Total Time": 2021.996, "Actual Rows": 1, "Actual Loops": 1, "Plans": [{"Node Type": "Gather", "Parent Relationship": "Outer", "Parallel Aware": false, "Startup Cost": 83192.76, "Total Cost": 378971.47, "Plan Rows": 1, "Plan Width": 0, "Actual Startup Time": 1738.302, "Actual Total Time": 2021.902, "Actual Rows": 1874, "Actual Loops": 1, "Workers Planned": 2, "Workers Launched": 2, "Single Copy": false, "Plans": [{"Node Type": "Nested Loop", "Parent Relationship": "Outer", "Parallel Aware": false, "Join Type": "Inner", "Startup Cost": 82192.76, "Total Cost": 377971.37, "Plan Rows": 1, "Plan Width": 0, "Actual Startup Time": 1810.268, "Actual Total Time": 1990.925, "Actual Rows": 625, "Actual Loops": 3, "Inner Unique": true, "Plans": [{"Node Type": "Hash Join", "Parent Relationship": "Outer", "Parallel Aware": true, "Join Type": "Inner", "Startup Cost": 82192.34, "Total Cost": 377969.14, "Plan Rows": 5, "Plan Width": 4, "Actual Startup Time": 1732.786, "Actual Total Time": 1976.696, "Actual Rows": 11010, "Actual Loops": 3, "Inner Unique": false, "Hash Cond": "(mi.movie_id = ml.movie_id)", "Plans": [{"Node Type": "Seq Scan", "Parent Relationship": "Outer", "Parallel Aware": true, "Relation Name": "movie_info", "Alias": "mi", "Startup Cost": 0.0, "Total Cost": 294257.98, "Plan Rows": 405012, "Plan Width": 4, "Actual Startup Time": 0.041, "Actual Total Time": 1152.959, "Actual Rows": 312074, "Actual Loops": 3, "Filter": "((info)::text = ANY ('{Sweden,Norway,Germany,Denmark,Swedish,Denish,Norwegian,German,English}'::text[]))", "Rows Removed by Filter": 4633166}, {"Node Type": "Hash", "Parent Relationship": "Inner", "Parallel Aware": true, "Startup Cost": 82192.31, "Total Cost": 82192.31, "Plan Rows": 2, "Plan Width": 20, "Actual Startup Time": 801.679, "Actual Total Time": 801.691, "Actual Rows": 2899, "Actual Loops": 3, "Hash Buckets": 16384, "Original Hash Buckets": 1024, "Hash Batches": 1, "Original Hash Batches": 1, "Peak Memory Usage": 792, "Plans": [{"Node Type": "Hash Join", "Parent Relationship": "Outer", "Parallel Aware": true, "Join Type": "Inner", "Startup Cost": 31819.77, "Total Cost": 82192.31, "Plan Rows": 2, "Plan Width": 20, "Actual Startup Time": 232.83, "Actual Total Time": 424.471, "Actual Rows": 2899, "Actual Loops": 3, "Inner Unique": false, "Hash Cond": "(mk.movie_id = ml.movie_id)", "Plans": [{"Node Type": "Seq Scan", "Parent Relationship": "Outer", "Parallel Aware": true, "Relation Name": "movie_keyword", "Alias": "mk", "Startup Cost": 0.0, "Total Cost": 43303.71, "Plan Rows": 1884971, "Plan Width": 8, "Actual Startup Time": 0.021, "Actual Total Time": 88.034, "Actual Rows": 1507977, "Actual Loops": 3}, {"Node Type": "Hash", "Parent Relationship": "Inner", "Parallel Aware": true, "Startup Cost": 31819.76, "Total Cost": 31819.76, "Plan Rows": 1, "Plan Width": 12, "Actual Startup Time": 232.628, "Actual Total Time": 232.635, "Actual Rows": 377, "Actual Loops": 3, "Hash Buckets": 1024, "Original Hash Buckets": 1024, "Hash Batches": 1, "Original Hash Batches": 1, "Peak Memory Usage": 104, "Plans": [{"Node Type": "Nested Loop", "Parent Relationship": "Outer", "Parallel Aware": false, "Join Type": "Inner", "Startup Cost": 31818.74, "Total Cost": 31819.76, "Plan Rows": 1, "Plan Width": 12, "Actual Startup Time": 225.974, "Actual Total Time": 231.634, "Actual Rows": 377, "Actual Loops": 3, "Inner Unique": true, "Join Filter": "(ml.movie_id = t.id)", "Rows Removed by Join Filter": 0, "Plans": [{"Node Type": "Nested Loop", "Parent Relationship": "Outer", "Parallel Aware": false, "Join Type": "Inner", "Startup Cost": 31818.31, "Total Cost": 31819.15, "Plan Rows": 1, "Plan Width": 8, "Actual Startup Time": 225.95, "Actual Total Time": 230.83, "Actual Rows": 384, "Actual Loops": 3, "Inner Unique": true, "Plans": [{"Node Type": "Merge Join", "Parent Relationship": "Outer", "Parallel Aware": false, "Join Type": "Inner", "Startup Cost": 31817.89, "Total Cost": 31818.7, "Plan Rows": 1, "Plan Width": 12, "Actual Startup Time": 225.634, "Actual Total Time": 228.074, "Actual Rows": 1464, "Actual Loops": 3, "Inner Unique": false, "Merge Cond": "(mc.movie_id = ml.movie_id)", "Plans": [{"Node Type": "Sort", "Parent Relationship": "Outer", "Parallel Aware": false, "Startup Cost": 31255.69, "Total Cost": 31263.17, "Plan Rows": 2992, "Plan Width": 8, "Actual Startup Time": 220.962, "Actual Total Time": 222.196, "Actual Rows": 15931, "Actual Loops": 3, "Sort Key": ["mc.movie_id"], "Sort Method": "external merge", "Sort Space Used": 7248, "Sort Space Type": "Disk", "Workers": [{"Worker Number": 0, "Sort Method": "external merge", "Sort Space Used": 6944, "Sort Space Type": "Disk"}, {"Worker Number": 1, "Sort Method": "external merge", "Sort Space Used": 6976, "Sort Space Type": "Disk"}], "Plans": [{"Node Type": "Hash Join", "Parent Relationship": "Outer", "Parallel Aware": false, "Join Type": "Inner", "Startup Cost": 18.93, "Total Cost": 31082.95, "Plan Rows": 2992, "Plan Width": 8, "Actual Startup Time": 35.733, "Actual Total Time": 132.781, "Actual Rows": 397976, "Actual Loops": 3, "Inner Unique": true, "Hash Cond": "(mc.company_type_id = ct.id)", "Plans": [{"Node Type": "Seq Scan", "Parent Relationship": "Outer", "Parallel Aware": true, "Relation Name": "movie_companies", "Alias": "mc", "Startup Cost": 0.0, "Total Cost": 29661.37, "Plan Rows": 531175, "Plan Width": 12, "Actual Startup Time": 0.031, "Actual Total Time": 79.633, "Actual Rows": 423996, "Actual Loops": 3, "Filter": "(note IS NULL)", "Rows Removed by Filter": 445713}, {"Node Type": "Hash", "Parent Relationship": "Inner", "Parallel Aware": false, "Startup Cost": 18.88, "Total Cost": 18.88, "Plan Rows": 4, "Plan Width": 4, "Actual Startup Time": 0.016, "Actual Total Time": 0.017, "Actual Rows": 1, "Actual Loops": 3, "Hash Buckets": 1024, "Original Hash Buckets": 1024, "Hash Batches": 1, "Original Hash Batches": 1, "Peak Memory Usage": 9, "Plans": [{"Node Type": "Seq Scan", "Parent Relationship": "Outer", "Parallel Aware": false, "Relation Name": "company_type", "Alias": "ct", "Startup Cost": 0.0, "Total Cost": 18.88, "Plan Rows": 4, "Plan Width": 4, "Actual Startup Time": 0.011, "Actual Total Time": 0.012, "Actual Rows": 1, "Actual Loops": 3, "Filter": "((kind)::text = 'production companies'::text)", "Rows Removed by Filter": 3}]}]}]}, {"Node Type": "Sort", "Parent Relationship": "Inner", "Parallel Aware": false, "Startup Cost": 562.2, "Total Cost": 562.3, "Plan Rows": 42, "Plan Width": 4, "Actual Startup Time": 4.657, "Actual Total Time": 4.802, "Actual Rows": 3128, "Actual Loops": 3, "Sort Key": ["ml.movie_id"], "Sort Method": "quicksort", "Sort Space Used": 205, "Sort Space Type": "Memory", "Workers": [{"Worker Number": 0, "Sort Method": "quicksort", "Sort Space Used": 205, "Sort Space Type": "Memory"}, {"Worker Number": 1, "Sort Method": "quicksort", "Sort Space Used": 205, "Sort Space Type": "Memory"}], "Plans": [{"Node Type": "Hash Join", "Parent Relationship": "Outer", "Parallel Aware": false, "Join Type": "Inner", "Startup Cost": 18.89, "Total Cost": 561.07, "Plan Rows": 42, "Plan Width": 4, "Actual Startup Time": 0.057, "Actual Total Time": 4.267, "Actual Rows": 2315, "Actual Loops": 3, "Inner Unique": true, "Hash Cond": "(ml.link_type_id = lt.id)", "Plans": [{"Node Type": "Seq Scan", "Parent Relationship": "Outer", "Parallel Aware": false, "Relation Name": "movie_link", "Alias": "ml", "Startup Cost": 0.0, "Total Cost": 462.97, "Plan Rows": 29997, "Plan Width": 8, "Actual Startup Time": 0.028, "Actual Total Time": 1.918, "Actual Rows": 29997, "Actual Loops": 3}, {"Node Type": "Hash", "Parent Relationship": "Inner", "Parallel Aware": false, "Startup Cost": 18.88, "Total Cost": 18.88, "Plan Rows": 1, "Plan Width": 4, "Actual Startup Time": 0.016, "Actual Total Time": 0.017, "Actual Rows": 2, "Actual Loops": 3, "Hash Buckets": 1024, "Original Hash Buckets": 1024, "Hash Batches": 1, "Original Hash Batches": 1, "Peak Memory Usage": 9, "Plans": [{"Node Type": "Seq Scan", "Parent Relationship": "Outer", "Parallel Aware": false, "Relation Name": "link_type", "Alias": "lt", "Startup Cost": 0.0, "Total Cost": 18.88, "Plan Rows": 1, "Plan Width": 4, "Actual Startup Time": 0.011, "Actual Total Time": 0.014, "Actual Rows": 2, "Actual Loops": 3, "Filter": "((link)::text ~~ '%follow%'::text)", "Rows Removed by Filter": 16}]}]}]}]}, {"Node Type": "Index Scan", "Parent Relationship": "Inner", "Parallel Aware": false, "Scan Direction": "Forward", "Index Name": "company_name_pkey", "Relation Name": "company_name", "Alias": "cn", "Startup Cost": 0.42, "Total Cost": 0.46, "Plan Rows": 1, "Plan Width": 4, "Actual Startup Time": 0.002, "Actual Total Time": 0.002, "Actual Rows": 0, "Actual Loops": 4393, "Index Cond": "(id = mc.company_id)", "Rows Removed by Index Recheck": 0, "Filter": "(((country_code)::text <> '[pl]'::text) AND (((name)::text ~~ '%Film%'::text) OR ((name)::text ~~ '%Warner%'::text)))", "Rows Removed by Filter": 1}]}, {"Node Type": "Index Scan", "Parent Relationship": "Inner", "Parallel Aware": false, "Scan Direction": "Forward", "Index Name": "title_pkey", "Relation Name": "title", "Alias": "t", "Startup Cost": 0.43, "Total Cost": 0.59, "Plan Rows": 1, "Plan Width": 4, "Actual Startup Time": 0.002, "Actual Total Time": 0.002, "Actual Rows": 1, "Actual Loops": 1152, "Index Cond": "(id = mc.movie_id)", "Rows Removed by Index Recheck": 0, "Filter": "((production_year >= 1950) AND (production_year <= 2010))", "Rows Removed by Filter": 0}]}]}]}]}]}, {"Node Type": "Index Scan", "Parent Relationship": "Inner", "Parallel Aware": false, "Scan Direction": "Forward", "Index Name": "keyword_pkey", "Relation Name": "keyword", "Alias": "k", "Startup Cost": 0.42, "Total Cost": 0.44, "Plan Rows": 1, "Plan Width": 4, "Actual Startup Time": 0.001, "Actual Total Time": 0.001, "Actual Rows": 0, "Actual Loops": 33031, "Index Cond": "(id = mk.keyword_id)", "Rows Removed by Index Recheck": 0, "Filter": "((keyword)::text = 'sequel'::text)", "Rows Removed by Filter": 1}]}]}]}, "Planning Time": 96.787, "Triggers": [], "Execution Time": 2023.036}]
[{"Bao": {"Bao prediction": "NaN", "Bao recommended hint": "(no hint)"}}, {"Plan": {"Node Type": "Aggregate", "Strategy": "Plain", "Partial Mode": "Simple", "Parallel Aware": false, "Startup Cost": 290319.36, "Total Cost": 290319.37, "Plan Rows": 1, "Plan Width": 8, "Actual Startup Time": 4978.466, "Actual Total Time": 5017.721, "Actual Rows": 1, "Actual Loops": 1, "Plans": [{"Node Type": "Nested Loop", "Parent Relationship": "Outer", "Parallel Aware": false, "Join Type": "Inner", "Startup Cost": 48897.35, "Total Cost": 290319.36, "Plan Rows": 1, "Plan Width": 0, "Actual Startup Time": 1472.522, "Actual Total Time": 4986.74, "Actual Rows": 670390, "Actual Loops": 1, "Inner Unique": true, "Plans": [{"Node Type": "Gather", "Parent Relationship": "Outer", "Parallel Aware": false, "Startup Cost": 48896.93, "Total Cost": 290318.92, "Plan Rows": 1, "Plan Width": 4, "Actual Startup Time": 1472.486, "Actual Total Time": 2119.611, "Actual Rows": 1919495, "Actual Loops": 1, "Workers Planned": 2, "Workers Launched": 2, "Single Copy": false, "Plans": [{"Node Type": "Nested Loop", "Parent Relationship": "Outer", "Parallel Aware": false, "Join Type": "Inner", "Startup Cost": 47896.93, "Total Cost": 289318.82, "Plan Rows": 1, "Plan Width": 4, "Actual Startup Time": 1473.303, "Actual Total Time": 3780.353, "Actual Rows": 639832, "Actual Loops": 3, "Inner Unique": true, "Plans": [{"Node Type": "Nested Loop", "Parent Relationship": "Outer", "Parallel Aware": false, "Join Type": "Inner", "Startup Cost": 47896.78, "Total Cost": 289310.99, "Plan Rows": 46, "Plan Width": 8, "Actual Startup Time": 1405.827, "Actual Total Time": 3011.79, "Actual Rows": 834997, "Actual Loops": 3, "Inner Unique": true, "Plans": [{"Node Type": "Hash Join", "Parent Relationship": "Outer", "Parallel Aware": true, "Join Type": "Inner", "Startup Cost": 47896.35, "Total Cost": 289289.85, "Plan Rows": 46, "Plan Width": 16, "Actual Startup Time": 1405.789, "Actual Total Time": 1685.909, "Actual Rows": 834997, "Actual Loops": 3, "Inner Unique": false, "Hash Cond": "(mi.movie_id = mc.movie_id)", "Plans": [{"Node Type": "Hash Join", "Parent Relationship": "Outer", "Parallel Aware": false, "Join Type": "Inner", "Startup Cost": 2.43, "Total Cost": 241189.17, "Plan Rows": 55082, "Plan Width": 4, "Actual Startup Time": 212.518, "Actual Total Time": 823.869, "Actual Rows": 1012240, "Actual Loops": 3, "Inner Unique": true, "Hash Cond": "(mi.info_type_id = it2.id)", "Plans": [{"Node Type": "Seq Scan", "Parent Relationship": "Outer", "Parallel Aware": true, "Relation Name": "movie_info", "Alias": "mi", "Startup Cost": 0.0, "Total Cost": 224235.35, "Plan Rows": 6224235, "Plan Width": 8, "Actual Startup Time": 0.017, "Actual Total Time": 389.57, "Actual Rows": 4945240, "Actual Loops": 3}, {"Node Type": "Hash", "Parent Relationship": "Inner", "Parallel Aware": false, "Startup Cost": 2.41, "Total Cost": 2.41, "Plan Rows": 1, "Plan Width": 4, "Actual Startup Time": 0.017, "Actual Total Time": 0.017, "Actual Rows": 1, "Actual Loops": 3, "Hash Buckets": 1024, "Original Hash Buckets": 1024, "Hash Batches": 1, "Original Hash Batches": 1, "Peak Memory Usage": 9, "Plans": [{"Node Type": "Seq Scan", "Parent Relationship": "Outer", "Parallel Aware": false, "Relation Name": "info_type", "Alias": "it2", "Startup Cost": 0.0, "Total Cost": 2.41, "Plan Rows": 1, "Plan Width": 4, "Actual Startup Time": 0.009, "Actual Total Time": 0.015, "Actual Rows": 1, "Actual Loops": 3, "Filter": "((info)::text = 'release dates'::text)", "Rows Removed by Filter": 112}]}]}, {"Node Type": "Hash", "Parent Relationship": "Inner", "Parallel Aware": true, "Startup Cost": 47891.91, "Total Cost": 47891.91, "Plan Rows": 161, "Plan Width": 12, "Actual Startup Time": 472.265, "Actual Total Time": 472.269, "Actual Rows": 194741, "Actual Loops": 3, "Hash Buckets": 65536, "Original Hash Buckets": 1024, "Hash Batches": 8, "Original Hash Batches": 1, "Peak Memory Usage": 4000, "Plans": [{"Node Type": "Hash Join", "Parent Relationship": "Outer", "Parallel Aware": true, "Join Type": "Inner", "Startup Cost": 15336.14, "Total Cost": 47891.91, "Plan Rows": 161, "Plan Width": 12, "Actual Startup Time": 334.457, "Actual Total Time": 423.84, "Actual Rows": 194741, "Actual Loops": 3, "Inner Unique": false, "Hash Cond": "(mc.movie_id = miidx.movie_id)", "Plans": [{"Node Type": "Hash Join", "Parent Relationship": "Outer", "Parallel Aware": false, "Join Type": "Inner", "Startup Cost": 18.93, "Total Cost": 32551.06, "Plan Rows": 6125, "Plan Width": 8, "Actual Startup Time": 61.916, "Actual Total Time": 161.663, "Actual Rows": 444961, "Actual Loops": 3, "Inner Unique": true, "Hash Cond": "(mc.company_type_id = ct.id)", "Plans": [{"Node Type": "Seq Scan", "Parent Relationship": "Outer", "Parallel Aware": true, "Relation Name": "movie_companies", "Alias": "mc", "Startup Cost": 0.0, "Total Cost": 29661.37, "Plan Rows": 1087137, "Plan Width": 12, "Actual Startup Time": 0.006, "Actual Total Time": 62.715, "Actual Rows": 869710, "Actual Loops": 3}, {"Node Type": "Hash", "Parent Relationship": "Inner", "Parallel Aware": false, "Startup Cost": 18.88, "Total Cost": 18.88, "Plan Rows": 4, "Plan Width": 4, "Actual Startup Time": 0.016, "Actual Total Time": 0.016, "Actual Rows": 1, "Actual Loops": 3, "Hash Buckets": 1024, "Original Hash Buckets": 1024, "Hash Batches": 1, "Original Hash Batches": 1, "Peak Memory Usage": 9, "Plans": [{"Node Type": "Seq Scan", "Parent Relationship": "Outer", "Parallel Aware": false, "Relation Name": "company_type", "Alias": "ct", "Startup Cost": 0.0, "Total Cost": 18.88, "Plan Rows": 4, "Plan Width": 4, "Actual Startup Time": 0.014, "Actual Total Time": 0.015, "Actual Rows": 1, "Actual Loops": 3, "Filter": "((kind)::text = 'production companies'::text)", "Rows Removed by Filter": 3}]}]}, {"Node Type": "Hash", "Parent Relationship": "Inner", "Parallel Aware": true, "Startup Cost": 15253.6, "Total Cost": 15253.6, "Plan Rows": 5089, "Plan Width": 4, "Actual Startup Time": 117.611, "Actual Total Time": 117.612, "Actual Rows": 153308, "Actual Loops": 3, "Hash Buckets": 131072, "Original Hash Buckets": 16384, "Hash Batches": 8, "Original Hash Batches": 1, "Peak Memory Usage": 3360, "Plans": [{"Node Type": "Hash Join", "Parent Relationship": "Outer", "Parallel Aware": false, "Join Type": "Inner", "Startup Cost": 2.43, "Total Cost": 15253.6, "Plan Rows": 5089, "Plan Width": 4, "Actual Startup Time": 0.055, "Actual Total Time": 79.67, "Actual Rows": 153308, "Actual Loops": 3, "Inner Unique": true, "Hash Cond": "(miidx.info_type_id = it.id)", "Plans": [{"Node Type": "Seq Scan", "Parent Relationship": "Outer", "Parallel Aware": true, "Relation Name": "movie_info_idx", "Alias": "miidx", "Startup Cost": 0.0, "Total Cost": 13685.15, "Plan Rows": 575015, "Plan Width": 8, "Actual Startup Time": 0.015, "Actual Total Time": 33.458, "Actual Rows": 460012, "Actual Loops": 3}, {"Node Type": "Hash", "Parent Relationship": "Inner", "Parallel Aware": false, "Startup Cost": 2.41, "Total Cost": 2.41, "Plan Rows": 1, "Plan Width": 4, "Actual Startup Time": 0.03, "Actual Total Time": 0.031, "Actual Rows": 1, "Actual Loops": 3, "Hash Buckets": 1024, "Original Hash Buckets": 1024, "Hash Batches": 1, "Original Hash Batches": 1, "Peak Memory Usage": 9, "Plans": [{"Node Type": "Seq Scan", "Parent Relationship": "Outer", "Parallel Aware": false, "Relation Name": "info_type", "Alias": "it", "Startup Cost": 0.0, "Total Cost": 2.41, "Plan Rows": 1, "Plan Width": 4, "Actual Startup Time": 0.025, "Actual Total Time": 0.026, "Actual Rows": 1, "Actual Loops": 3, "Filter": "((info)::text = 'rating'::text)", "Rows Removed by Filter": 112}]}]}]}]}]}]}, {"Node Type": "Index Scan", "Parent Relationship": "Inner", "Parallel Aware": false, "Scan Direction": "Forward", "Index Name": "title_pkey", "Relation Name": "title", "Alias": "t", "Startup Cost": 0.43, "Total Cost": 0.46, "Plan Rows": 1, "Plan Width": 8, "Actual Startup Time": 0.001, "Actual Total Time": 0.001, "Actual Rows": 1, "Actual Loops": 2504990, "Index Cond": "(id = mi.movie_id)", "Rows Removed by Index Recheck": 0}]}, {"Node Type": "Index Scan", "Parent Relationship": "Inner", "Parallel Aware": false, "Scan Direction": "Forward", "Index Name": "kind_type_pkey", "Relation Name": "kind_type", "Alias": "kt", "Startup Cost": 0.15, "Total Cost": 0.17, "Plan Rows": 1, "Plan Width": 4, "Actual Startup Time": 0.001, "Actual Total Time": 0.001, "Actual Rows": 1, "Actual Loops": 2504990, "Index Cond": "(id = t.kind_id)", "Rows Removed by Index Recheck": 0, "Filter": "((kind)::text = 'movie'::text)", "Rows Removed by Filter": 0}]}]}, {"Node Type": "Index Scan", "Parent Relationship": "Inner", "Parallel Aware": false, "Scan Direction": "Forward", "Index Name": "company_name_pkey", "Relation Name": "company_name", "Alias": "cn", "Startup Cost": 0.42, "Total Cost": 0.45, "Plan Rows": 1, "Plan Width": 4, "Actual Startup Time": 0.001, "Actual Total Time": 0.001, "Actual Rows": 0, "Actual Loops": 1919495, "Index Cond": "(id = mc.company_id)", "Rows Removed by Index Recheck": 0, "Filter": "((country_code)::text = '[us]'::text)", "Rows Removed by Filter": 1}]}]}, "Planning Time": 93.053, "Triggers": [], "Execution Time": 5017.809}]
[{"Bao": {"Bao prediction": "NaN", "Bao recommended hint": "(no hint)"}}, {"Plan": {"Node Type": "Aggregate", "Strategy": "Plain", "Partial Mode": "Simple", "Parallel Aware": false, "Startup Cost": 840260.12, "Total Cost": 840260.13, "Plan Rows": 1, "Plan Width": 8, "Actual Startup Time": 2676.91, "Actual Total Time": 2741.05, "Actual Rows": 1, "Actual Loops": 1, "Plans": [{"Node Type": "Gather", "Parent Relationship": "Outer", "Parallel Aware": false, "Startup Cost": 789885.99, "Total Cost": 840260.12, "Plan Rows": 1, "Plan Width": 0, "Actual Startup Time": 2476.586, "Actual Total Time": 2740.983, "Actual Rows": 1273, "Actual Loops": 1, "Workers Planned": 2, "Workers Launched": 2, "Single Copy": false, "Plans": [{"Node Type": "Nested Loop", "Parent Relationship": "Outer", "Parallel Aware": false, "Join Type": "Inner", "Startup Cost": 788885.99, "Total Cost": 839260.02, "Plan Rows": 1, "Plan Width": 0, "Actual Startup Time": 2479.548, "Actual Total Time": 2673.191, "Actual Rows": 424, "Actual Loops": 3, "Inner Unique": true, "Plans": [{"Node Type": "Hash Join", "Parent Relationship": "Outer", "Parallel Aware": true, "Join Type": "Inner", "Startup Cost": 788885.57, "Total Cost": 839257.93, "Plan Rows": 2, "Plan Width": 4, "Actual Startup Time": 2475.455, "Actual Total Time": 2646.504, "Actual Rows": 15754, "Actual Loops": 3, "Inner Unique": false, "Hash Cond": "(mk.movie_id = t.id)", "Plans": [{"Node Type": "Seq Scan", "Parent Relationship": "Outer", "Parallel Aware": true, "Relation Name": "movie_keyword", "Alias": "mk", "Startup Cost": 0.0, "Total Cost": 43303.71, "Plan Rows": 1884971, "Plan Width": 8, "Actual Startup Time": 0.009, "Actual Total Time": 103.417, "Actual Rows": 1507977, "Actual Loops": 3}, {"Node Type": "Hash", "Parent Relationship": "Inner", "Parallel Aware": true, "Startup Cost": 788885.56, "Total Cost": 788885.56, "Plan Rows": 1, "Plan Width": 20, "Actual Startup Time": 2434.045, "Actual Total Time": 2434.055, "Actual Rows": 146, "Actual Loops": 3, "Hash Buckets": 1024, "Original Hash Buckets": 1024, "Hash Batches": 1, "Original Hash Batches": 1, "Peak Memory Usage": 104, "Plans": [{"Node Type": "Nested Loop", "Parent Relationship": "Outer", "Parallel Aware": false, "Join Type": "Inner", "Startup Cost": 755135.19, "Total Cost": 788885.56, "Plan Rows": 1, "Plan Width": 20, "Actual Startup Time": 2257.591, "Actual Total Time": 2433.925, "Actual Rows": 146, "Actual Loops": 3, "Inner Unique": true, "Join Filter": "(mi.movie_id = t.id)", "Rows Removed by Join Filter": 0, "Plans": [{"Node Type": "Nested Loop", "Parent Relationship": "Outer", "Parallel Aware": false, "Join Type": "Inner", "Startup Cost": 755134.76, "Total Cost": 788884.4, "Plan Rows": 1, "Plan Width": 16, "Actual Startup Time": 2257.553, "Actual Total Time": 2433.195, "Actual Rows": 146, "Actual Loops": 3, "Inner Unique": true, "Plans": [{"Node Type": "Hash Join", "Parent Relationship": "Outer", "Parallel Aware": true, "Join Type": "Inner", "Startup Cost": 755134.34, "Total Cost": 788872.57, "Plan Rows": 12, "Plan Width": 20, "Actual Startup Time": 2231.902, "Actual Total Time": 2376.555, "Actual Rows": 31220, "Actual Loops": 3, "Inner Unique": false, "Hash Cond": "(mc.movie_id = mi.movie_id)", "Plans": [{"Node Type": "Seq Scan", "Parent Relationship": "Outer", "Parallel Aware": true, "Relation Name": "movie_companies", "Alias": "mc", "Startup Cost": 0.0, "Total Cost": 29661.37, "Plan Rows": 1087137, "Plan Width": 8, "Actual Startup Time": 0.011, "Actual Total Time": 63.047, "Actual Rows": 869710, "Actual Loops": 3}, {"Node Type": "Hash", "Parent Relationship": "Inner", "Parallel Aware": true, "Startup Cost": 755134.29, "Total Cost": 755134.29, "Plan Rows": 4, "Plan Width": 12, "Actual Startup Time": 2230.92, "Actual Total Time": 2230.928, "Actual Rows": 3888, "Actual Loops": 3, "Hash Buckets": 16384, "Original Hash Buckets": 1024, "Hash Batches": 1, "Original Hash Batches": 1, "Peak Memory Usage": 824, "Plans": [{"Node Type": "Nested Loop", "Parent Relationship": "Outer", "Parallel Aware": false, "Join Type": "Inner", "Startup Cost": 255200.19, "Total Cost": 755134.29, "Plan Rows": 4, "Plan Width": 12, "Actual Startup Time": 1607.586, "Actual Total Time": 2200.031, "Actual Rows": 3888, "Actual Loops": 3, "Inner Unique": true, "Plans": [{"Node Type": "Hash Join", "Parent Relationship": "Outer", "Parallel Aware": true, "Join Type": "Inner", "Startup Cost": 255199.76, "Total Cost": 755120.83, "Plan Rows": 10, "Plan Width": 16, "Actual Startup Time": 1518.961, "Actual Total Time": 2176.651, "Actual Rows": 7262, "Actual Loops": 3, "Inner Unique": false, "Hash Cond": "(ci.movie_id = mi.movie_id)", "Plans": [{"Node Type": "Seq Scan", "Parent Relationship": "Outer", "Parallel Aware": true, "Relation Name": "cast_info", "Alias": "ci", "Startup Cost": 0.0, "Total Cost": 497985.06, "Plan Rows": 516258, "Plan Width": 8, "Actual Startup Time": 233.989, "Actual Total Time": 1381.648, "Actual Rows": 414905, "Actual Loops": 3, "Filter": "((note)::text = ANY ('{(writer),\"(head writer)\",\"(written by)\",(story),\"(story editor)\"}'::text[]))", "Rows Removed by Filter": 11666543}, {"Node Type": "Hash", "Parent Relationship": "Inner", "Parallel Aware": true, "Startup Cost": 255199.68, "Total Cost": 255199.68, "Plan Rows": 7, "Plan Width": 8, "Actual Startup Time": 751.274, "Actual Total Time": 751.279, "Actual Rows": 13022, "Actual Loops": 3, "Hash Buckets": 65536, "Original Hash Buckets": 1024, "Hash Batches": 1, "Original Hash Batches": 1, "Peak Memory Usage": 2584, "Plans": [{"Node Type": "Hash Join", "Parent Relationship": "Outer", "Parallel Aware": true, "Join Type": "Inner", "Startup Cost": 15319.64, "Total Cost": 255199.68, "Plan Rows": 7, "Plan Width": 8, "Actual Startup Time": 726.102, "Actual Total Time": 745.379, "Actual Rows": 13022, "Actual Loops": 3, "Inner Unique": false, "Hash Cond": "(mi.movie_id = mi_idx.movie_id)", "Plans": [{"Node Type": "Hash Join", "Parent Relationship": "Outer", "Parallel Aware": false, "Join Type": "Inner", "Startup Cost": 2.43, "Total Cost": 239881.42, "Plan Rows": 270, "Plan Width": 4, "Actual Startup Time": 528.426, "Actual Total Time": 599.65, "Actual Rows": 24086, "Actual Loops": 3, "Inner Unique": true, "Hash Cond": "(mi.info_type_id = it1.id)", "Plans": [{"Node Type": "Seq Scan", "Parent Relationship": "Outer", "Parallel Aware": true, "Relation Name": "movie_info", "Alias": "mi", "Startup Cost": 0.0, "Total Cost": 239795.93, "Plan Rows": 30499, "Plan Width": 8, "Actual Startup Time": 375.415, "Actual Total Time": 596.465, "Actual Rows": 24349, "Actual Loops": 3, "Filter": "((info)::text = ANY ('{Horror,Thriller}'::text[]))", "Rows Removed by Filter": 4920891}, {"Node Type": "Hash", "Parent Relationship": "Inner", "Parallel Aware": false, "Startup Cost": 2.41, "Total Cost": 2.41, "Plan Rows": 1, "Plan Width": 4, "Actual Startup Time": 0.015, "Actual Total Time": 0.016, "Actual Rows": 1, "Actual Loops": 3, "Hash Buckets": 1024, "Original Hash Buckets": 1024, "Hash Batches": 1, "Original Hash Batches": 1, "Peak Memory Usage": 9, "Plans": [{"Node Type": "Seq Scan", "Parent Relationship": "Outer", "Parallel Aware": false, "Relation Name": "info_type", "Alias": "it1", "Startup Cost": 0.0, "Total Cost": 2.41, "Plan Rows": 1, "Plan Width": 4, "Actual Startup Time": 0.008, "Actual Total Time": 0.014, "Actual Rows": 1, "Actual Loops": 3, "Filter": "((info)::text = 'genres'::text)", "Rows Removed by Filter": 112}]}]}, {"Node Type": "Hash", "Parent Relationship": "Inner", "Parallel Aware": true, "Startup Cost": 15253.6, "Total Cost": 15253.6, "Plan Rows": 5089, "Plan Width": 4, "Actual Startup Time": 118.271, "Actual Total Time": 118.273, "Actual Rows": 153308, "Actual Loops": 3, "Hash Buckets": 131072, "Original Hash Buckets": 16384, "Hash Batches": 8, "Original Hash Batches": 1, "Peak Memory Usage": 3328, "Plans": [{"Node Type": "Hash Join", "Parent Relationship": "Outer", "Parallel Aware": false, "Join Type": "Inner", "Startup Cost": 2.43, "Total Cost": 15253.6, "Plan Rows": 5089, "Plan Width": 4, "Actual Startup Time": 0.053, "Actual Total Time": 80.182, "Actual Rows": 153308, "Actual Loops": 3, "Inner Unique": true, "Hash Cond": "(mi_idx.info_type_id = it2.id)", "Plans": [{"Node Type": "Seq Scan", "Parent Relationship": "Outer", "Parallel Aware": true, "Relation Name": "movie_info_idx", "Alias": "mi_idx", "Startup Cost": 0.0, "Total Cost": 13685.15, "Plan Rows": 575015, "Plan Width": 8, "Actual Startup Time": 0.014, "Actual Total Time": 34.002, "Actual Rows": 460012, "Actual Loops": 3}, {"Node Type": "Hash", "Parent Relationship": "Inner", "Parallel Aware": false, "Startup Cost": 2.41, "Total Cost": 2.41, "Plan Rows": 1, "Plan Width": 4, "Actual Startup Time": 0.026, "Actual Total Time": 0.026, "Actual Rows": 1, "Actual Loops": 3, "Hash Buckets": 1024, "Original Hash Buckets": 1024, "Hash Batches": 1, "Original Hash Batches": 1, "Peak Memory Usage": 9, "Plans": [{"Node Type": "Seq Scan", "Parent Relationship": "Outer", "Parallel Aware": false, "Relation Name": "info_type", "Alias": "it2", "Startup Cost": 0.0, "Total Cost": 2.41, "Plan Rows": 1, "Plan Width": 4, "Actual Startup Time": 0.021, "Actual Total Time": 0.022, "Actual Rows": 1, "Actual Loops": 3, "Filter": "((info)::text = 'votes'::text)", "Rows Removed by Filter": 112}]}]}]}]}]}]}, {"Node Type": "Index Scan", "Parent Relationship": "Inner", "Parallel Aware": false, "Scan Direction": "Forward", "Index Name": "name_pkey", "Relation Name": "name", "Alias": "n", "Startup Cost": 0.43, "Total Cost": 1.35, "Plan Rows": 1, "Plan Width": 4, "Actual Startup Time": 0.003, "Actual Total Time": 0.003, "Actual Rows": 1, "Actual Loops": 21787, "Index Cond": "(id = ci.person_id)", "Rows Removed by Index Recheck": 0, "Filter": "((gender)::text = 'm'::text)", "Rows Removed by Filter": 0}]}]}]}, {"Node Type": "Index Scan", "Parent Relationship": "Inner", "Parallel Aware": false, "Scan Direction": "Forward", "Index Name": "company_name_pkey", "Relation Name": "company_name", "Alias": "cn", "Startup Cost": 0.42, "Total Cost": 0.98, "Plan Rows": 1, "Plan Width": 4, "Actual Startup Time": 0.002, "Actual Total Time": 0.002, "Actual Rows": 0, "Actual Loops": 93660, "Index Cond": "(id = mc.company_id)", "Rows Removed by Index Recheck": 0, "Filter": "((name)::text ~~ 'Lionsgate%'::text)", "Rows Removed by Filter": 1}]}, {"Node Type": "Index Only Scan", "Parent Relationship": "Inner", "Parallel Aware": false, "Scan Direction": "Forward", "Index Name": "title_pkey", "Relation Name": "title", "Alias": "t", "Startup Cost": 0.43, "Total Cost": 1.15, "Plan Rows": 1, "Plan Width": 4, "Actual Startup Time": 0.004, "Actual Total Time": 0.004, "Actual Rows": 1, "Actual Loops": 439, "Index Cond": "(id = mc.movie_id)", "Rows Removed by Index Recheck": 0, "Heap Fetches": 439}]}]}]}, {"Node Type": "Index Scan", "Parent Relationship": "Inner", "Parallel Aware": false, "Scan Direction": "Forward", "Index Name": "keyword_pkey", "Relation Name": "keyword", "Alias": "k", "Startup Cost": 0.42, "Total Cost": 0.98, "Plan Rows": 1, "Plan Width": 4, "Actual Startup Time": 0.002, "Actual Total Time": 0.002, "Actual Rows": 0, "Actual Loops": 47262, "Index Cond": "(id = mk.keyword_id)", "Rows Removed by Index Recheck": 0, "Filter": "((keyword)::text = ANY ('{murder,violence,blood,gore,death,female-nudity,hospital}'::text[]))", "Rows Removed by Filter": 1}]}]}]}, "Planning Time": 157.146, "Triggers": [], "Execution Time": 2741.159}]
[{"Bao": {"Bao prediction": "NaN", "Bao recommended hint": "(no hint)"}}, {"Plan": {"Node Type": "Aggregate", "Strategy": "Plain", "Partial Mode": "Finalize", "Parallel Aware": false, "Startup Cost": 494205.61, "Total Cost": 494205.62, "Plan Rows": 1, "Plan Width": 8, "Actual Startup Time": 1182.01, "Actual Total Time": 1212.395, "Actual Rows": 1, "Actual Loops": 1, "Plans": [{"Node Type": "Gather", "Parent Relationship": "Outer", "Parallel Aware": false, "Startup Cost": 494205.39, "Total Cost": 494205.6, "Plan Rows": 2, "Plan Width": 8, "Actual Startup Time": 1181.795, "Actual Total Time": 1212.391, "Actual Rows": 3, "Actual Loops": 1, "Workers Planned": 2, "Workers Launched": 2, "Single Copy": false, "Plans": [{"Node Type": "Aggregate", "Strategy": "Plain", "Partial Mode": "Partial", "Parent Relationship": "Outer", "Parallel Aware": false, "Startup Cost": 493205.39, "Total Cost": 493205.4, "Plan Rows": 1, "Plan Width": 8, "Actual Startup Time": 1179.583, "Actual Total Time": 1179.59, "Actual Rows": 1, "Actual Loops": 3, "Plans": [{"Node Type": "Nested Loop", "Parent Relationship": "Outer", "Parallel Aware": false, "Join Type": "Inner", "Startup Cost": 476643.41, "Total Cost": 493205.39, "Plan Rows": 1, "Plan Width": 0, "Actual Startup Time": 1163.975, "Actual Total Time": 1179.584, "Actual Rows": 21, "Actual Loops": 3, "Inner Unique": true, "Plans": [{"Node Type": "Nested Loop", "Parent Relationship": "Outer", "Parallel Aware": false, "Join Type": "Inner", "Startup Cost": 476642.98, "Total Cost": 493203.27, "Plan Rows": 1, "Plan Width": 8, "Actual Startup Time": 1163.928, "Actual Total Time": 1179.42, "Actual Rows": 21, "Actual Loops": 3, "Inner Unique": true, "Plans": [{"Node Type": "Hash Join", "Parent Relationship": "Outer", "Parallel Aware": true, "Join Type": "Inner", "Startup Cost": 476642.55, "Total Cost": 493202.5, "Plan Rows": 1, "Plan Width": 16, "Actual Startup Time": 1119.996, "Actual Total Time": 1170.16, "Actual Rows": 5793, "Actual Loops": 3, "Inner Unique": false, "Hash Cond": "(an1.person_id = ci.person_id)", "Plans": [{"Node Type": "Seq Scan", "Parent Relationship": "Outer", "Parallel Aware": true, "Relation Name": "aka_name", "Alias": "an1", "Startup Cost": 0.0, "Total Cost": 15151.6, "Plan Rows": 375560, "Plan Width": 4, "Actual Startup Time": 0.024, "Actual Total Time": 24.405, "Actual Rows": 300448, "Actual Loops": 3}, {"Node Type": "Hash", "Parent Relationship": "Inner", "Parallel Aware": true, "Startup Cost": 476642.53, "Total Cost": 476642.53, "Plan Rows": 1, "Plan Width": 12, "Actual Startup Time": 1119.123, "Actual Total Time": 1119.128, "Actual Rows": 2479, "Actual Loops": 3, "Hash Buckets": 8192, "Original Hash Buckets": 1024, "Hash Batches": 1, "Original Hash Batches": 1, "Peak Memory Usage": 504, "Plans": [{"Node Type": "Nested Loop", "Parent Relationship": "Outer", "Parallel Aware": false, "Join Type": "Inner", "Startup Cost": 441518.56, "Total Cost": 476642.53, "Plan Rows": 1, "Plan Width": 12, "Actual Startup Time": 977.976, "Actual Total Time": 1090.972, "Actual Rows": 2479, "Actual Loops": 3, "Inner Unique": true, "Plans": [{"Node Type": "Hash Join", "Parent Relationship": "Outer", "Parallel Aware": true, "Join Type": "Inner", "Startup Cost": 441518.14, "Total Cost": 476636.14, "Plan Rows": 4, "Plan Width": 16, "Actual Startup Time": 977.942, "Actual Total Time": 1087.063, "Actual Rows": 2511, "Actual Loops": 3, "Inner Unique": false, "Hash Cond": "(mc.movie_id = ci.movie_id)", "Plans": [{"Node Type": "Seq Scan", "Parent Relationship": "Outer", "Parallel Aware": true, "Relation Name": "movie_companies", "Alias": "mc", "Startup Cost": 0.0, "Total Cost": 35097.06, "Plan Rows": 5579, "Plan Width": 8, "Actual Startup Time": 0.055, "Actual Total Time": 106.167, "Actual Rows": 16299, "Actual Loops": 3, "Filter": "(((note)::text ~~ '%(Japan)%'::text) AND ((note)::text !~~ '%(USA)%'::text))", "Rows Removed by Filter": 853411}, {"Node Type": "Hash", "Parent Relationship": "Inner", "Parallel Aware": true, "Startup Cost": 441514.99, "Total Cost": 441514.99, "Plan Rows": 252, "Plan Width": 8, "Actual Startup Time": 977.813, "Actual Total Time": 977.816, "Actual Rows": 11616, "Actual Loops": 3, "Hash Buckets": 32768, "Original Hash Buckets": 1024, "Hash Batches": 1, "Original Hash Batches": 1, "Peak Memory Usage": 1880, "Plans": [{"Node Type": "Hash Join", "Parent Relationship": "Outer", "Parallel Aware": false, "Join Type": "Inner", "Startup Cost": 18.93, "Total Cost": 441514.99, "Plan Rows": 252, "Plan Width": 8, "Actual Startup Time": 326.088, "Actual Total Time": 950.338, "Actual Rows": 11616, "Actual Loops": 3, "Inner Unique": true, "Hash Cond": "(ci.role_id = rt.id)", "Plans": [{"Node Type": "Seq Scan", "Parent Relationship": "Outer", "Parallel Aware": true, "Relation Name": "cast_info", "Alias": "ci", "Startup Cost": 0.0, "Total Cost": 441377.81, "Plan Rows": 44782, "Plan Width": 12, "Actual Startup Time": 0.427, "Actual Total Time": 947.046, "Actual Rows": 31032, "Actual Loops": 3, "Filter": "((note)::text = '(voice: English version)'::text)", "Rows Removed by Filter": 12050416}, {"Node Type": "Hash", "Parent Relationship": "Inner", "Parallel Aware": false, "Startup Cost": 18.88, "Total Cost": 18.88, "Plan Rows": 4, "Plan Width": 4, "Actual Startup Time": 0.023, "Actual Total Time": 0.024, "Actual Rows": 1, "Actual Loops": 3, "Hash Buckets": 1024, "Original Hash Buckets": 1024, "Hash Batches": 1, "Original Hash Batches": 1, "Peak Memory Usage": 9, "Plans": [{"Node Type": "Seq Scan", "Parent Relationship": "Outer", "Parallel Aware": false, "Relation Name": "role_type", "Alias": "rt", "Startup Cost": 0.0, "Total Cost": 18.88, "Plan Rows": 4, "Plan Width": 4, "Actual Startup Time": 0.016, "Actual Total Time": 0.017, "Actual Rows": 1, "Actual Loops": 3, "Filter": "((role)::text = 'actress'::text)", "Rows Removed by Filter": 11}]}]}]}]}, {"Node Type": "Index Scan", "Parent Relationship": "Inner", "Parallel Aware": false, "Scan Direction": "Forward", "Index Name": "company_name_pkey", "Relation Name": "company_name", "Alias": "cn", "Startup Cost": 0.42, "Total Cost": 1.6, "Plan Rows": 1, "Plan Width": 4, "Actual Startup Time": 0.001, "Actual Total Time": 0.001, "Actual Rows": 1, "Actual Loops": 7532, "Index Cond": "(id = mc.company_id)", "Rows Removed by Index Recheck": 0, "Filter": "((country_code)::text = '[jp]'::text)", "Rows Removed by Filter": 0}]}]}]}, {"Node Type": "Index Scan", "Parent Relationship": "Inner", "Parallel Aware": false, "Scan Direction": "Forward", "Index Name": "name_pkey", "Relation Name": "name", "Alias": "n1", "Startup Cost": 0.43, "Total Cost": 0.77, "Plan Rows": 1, "Plan Width": 4, "Actual Startup Time": 0.001, "Actual Total Time": 0.001, "Actual Rows": 0, "Actual Loops": 17379, "Index Cond": "(id = an1.person_id)", "Rows Removed by Index Recheck": 0, "Filter": "(((name)::text ~~ '%Yo%'::text) AND ((name)::text !~~ '%Yu%'::text))", "Rows Removed by Filter": 1}]}, {"Node Type": "Index Only Scan", "Parent Relationship": "Inner", "Parallel Aware": false, "Scan Direction": "Forward", "Index Name": "title_pkey", "Relation Name": "title", "Alias": "t", "Startup Cost": 0.43, "Total Cost": 2.12, "Plan Rows": 1, "Plan Width": 4, "Actual Startup Time": 0.007, "Actual Total Time": 0.008, "Actual Rows": 1, "Actual Loops": 62, "Index Cond": "(id = ci.movie_id)", "Rows Removed by Index Recheck": 0, "Heap Fetches": 62}]}]}]}]}, "Planning Time": 78.92, "Triggers": [], "Execution Time": 1212.471}]
[{"Bao": {"Bao prediction": "NaN", "Bao recommended hint": "(no hint)"}}, {"Plan": {"Node Type": "Aggregate", "Strategy": "Plain", "Partial Mode": "Simple", "Parallel Aware": false, "Startup Cost": 529510.66, "Total Cost": 529510.67, "Plan Rows": 1, "Plan Width": 8, "Actual Startup Time": 2340.558, "Actual Total Time": 2382.751, "Actual Rows": 1, "Actual Loops": 1, "Plans": [{"Node Type": "Nested Loop", "Parent Relationship": "Outer", "Parallel Aware": false, "Join Type": "Inner", "Startup Cost": 69261.23, "Total Cost": 529510.65, "Plan Rows": 1, "Plan Width": 0, "Actual Startup Time": 469.293, "Actual Total Time": 2382.623, "Actual Rows": 1728, "Actual Loops": 1, "Inner Unique": true, "Plans": [{"Node Type": "Nested Loop", "Parent Relationship": "Outer", "Parallel Aware": false, "Join Type": "Inner", "Startup Cost": 69261.08, "Total Cost": 529510.48, "Plan Rows": 1, "Plan Width": 4, "Actual Startup Time": 469.289, "Actual Total Time": 2380.639, "Actual Rows": 2199, "Actual Loops": 1, "Inner Unique": true, "Plans": [{"Node Type": "Gather", "Parent Relationship": "Outer", "Parallel Aware": false, "Startup Cost": 69260.65, "Total Cost": 529510.02, "Plan Rows": 1, "Plan Width": 8, "Actual Startup Time": 469.278, "Actual Total Time": 2375.551, "Actual Rows": 2199, "Actual Loops": 1, "Workers Planned": 2, "Workers Launched": 2, "Single Copy": false, "Plans": [{"Node Type": "Nested Loop", "Parent Relationship": "Outer", "Parallel Aware": false, "Join Type": "Inner", "Startup Cost": 68260.65, "Total Cost": 528509.92, "Plan Rows": 1, "Plan Width": 8, "Actual Startup Time": 470.95, "Actual Total Time": 2335.459, "Actual Rows": 733, "Actual Loops": 3, "Inner Unique": true, "Plans": [{"Node Type": "Hash Join", "Parent Relationship": "Outer", "Parallel Aware": true, "Join Type": "Inner", "Startup Cost": 68260.22, "Total Cost": 528507.17, "Plan Rows": 6, "Plan Width": 12, "Actual Startup Time": 465.874, "Actual Total Time": 2300.218, "Actual Rows": 24126, "Actual Loops": 3, "Inner Unique": false, "Hash Cond": "(ci.movie_id = t.id)", "Plans": [{"Node Type": "Seq Scan", "Parent Relationship": "Outer", "Parallel Aware": true, "Relation Name": "cast_info", "Alias": "ci", "Startup Cost": 0.0, "Total Cost": 403639.65, "Plan Rows": 15095265, "Plan Width": 12, "Actual Startup Time": 0.027, "Actual Total Time": 879.206, "Actual Rows": 12081448, "Actual Loops": 3}, {"Node Type": "Hash", "Parent Relationship": "Inner", "Parallel Aware": true, "Startup Cost": 68260.21, "Total Cost": 68260.21, "Plan Rows": 1, "Plan Width": 20, "Actual Startup Time": 464.769, "Actual Total Time": 464.776, "Actual Rows": 134, "Actual Loops": 3, "Hash Buckets": 1024, "Original Hash Buckets": 1024, "Hash Batches": 1, "Original Hash Batches": 1, "Peak Memory Usage": 104, "Plans": [{"Node Type": "Nested Loop", "Parent Relationship": "Outer", "Parallel Aware": false, "Join Type": "Inner", "Startup Cost": 17887.81, "Total Cost": 68260.21, "Plan Rows": 1, "Plan Width": 20, "Actual Startup Time": 221.994, "Actual Total Time": 464.658, "Actual Rows": 134, "Actual Loops": 3, "Inner Unique": true, "Plans": [{"Node Type": "Hash Join", "Parent Relationship": "Outer", "Parallel Aware": true, "Join Type": "Inner", "Startup Cost": 17887.39, "Total Cost": 68259.75, "Plan Rows": 1, "Plan Width": 24, "Actual Startup Time": 220.644, "Actual Total Time": 400.311, "Actual Rows": 33725, "Actual Loops": 3, "Inner Unique": false, "Hash Cond": "(mk.movie_id = t.id)", "Plans": [{"Node Type": "Seq Scan", "Parent Relationship": "Outer", "Parallel Aware": true, "Relation Name": "movie_keyword", "Alias": "mk", "Startup Cost": 0.0, "Total Cost": 43303.71, "Plan Rows": 1884971, "Plan Width": 8, "Actual Startup Time": 0.01, "Actual Total Time": 103.23, "Actual Rows": 1507977, "Actual Loops": 3}, {"Node Type": "Hash", "Parent Relationship": "Inner", "Parallel Aware": true, "Startup Cost": 17887.38, "Total Cost": 17887.38, "Plan Rows": 1, "Plan Width": 16, "Actual Startup Time": 177.341, "Actual Total Time": 177.346, "Actual Rows": 288, "Actual Loops": 3, "Hash Buckets": 1024, "Original Hash Buckets": 1024, "Hash Batches": 1, "Original Hash Batches": 1, "Peak Memory Usage": 104, "Plans": [{"Node Type": "Nested Loop", "Parent Relationship": "Outer", "Parallel Aware": false, "Join Type": "Inner", "Startup Cost": 2462.84, "Total Cost": 17887.38, "Plan Rows": 1, "Plan Width": 16, "Actual Startup Time": 94.858, "Actual Total Time": 177.049, "Actual Rows": 288, "Actual Loops": 3, "Inner Unique": true, "Plans": [{"Node Type": "Nested Loop", "Parent Relationship": "Outer", "Parallel Aware": false, "Join Type": "Inner", "Startup Cost": 2462.69, "Total Cost": 17887.2, "Plan Rows": 1, "Plan Width": 20, "Actual Startup Time": 48.822, "Actual Total Time": 174.063, "Actual Rows": 3291, "Actual Loops": 3, "Inner Unique": true, "Join Filter": "(cc.movie_id = t.id)", "Rows Removed by Join Filter": 0, "Plans": [{"Node Type": "Hash Join", "Parent Relationship": "Outer", "Parallel Aware": false, "Join Type": "Inner", "Startup Cost": 2462.26, "Total Cost": 17885.8, "Plan Rows": 1, "Plan Width": 12, "Actual Startup Time": 48.636, "Actual Total Time": 142.655, "Actual Rows": 9971, "Actual Loops": 3, "Inner Unique": true, "Hash Cond": "(mi_idx.info_type_id = it2.id)", "Plans": [{"Node Type": "Hash Join", "Parent Relationship": "Outer", "Parallel Aware": false, "Join Type": "Inner", "Startup Cost": 2459.84, "Total Cost": 17883.29, "Plan Rows": 33, "Plan Width": 16, "Actual Startup Time": 48.596, "Actual Total Time": 140.651, "Actual Rows": 14617, "Actual Loops": 3, "Inner Unique": false, "Hash Cond": "(mi_idx.movie_id = cc.movie_id)", "Plans": [{"Node Type": "Seq Scan", "Parent Relationship": "Outer", "Parallel Aware": true, "Relation Name": "movie_info_idx", "Alias": "mi_idx", "Startup Cost": 0.0, "Total Cost": 15122.68, "Plan Rows": 80118, "Plan Width": 8, "Actual Startup Time": 0.017, "Actual Total Time": 65.78, "Actual Rows": 64632, "Actual Loops": 3, "Filter": "((info)::text > '7.0'::text)", "Rows Removed by Filter": 395380}, {"Node Type": "Hash", "Parent Relationship": "Inner", "Parallel Aware": false, "Startup Cost": 2457.46, "Total Cost": 2457.46, "Plan Rows": 190, "Plan Width": 8, "Actual Startup Time": 48.552, "Actual Total Time": 48.554, "Actual Rows": 135086, "Actual Loops": 3, "Hash Buckets": 131072, "Original Hash Buckets": 1024, "Hash Batches": 2, "Original Hash Batches": 1, "Peak Memory Usage": 3659, "Plans": [{"Node Type": "Hash Join", "Parent Relationship": "Outer", "Parallel Aware": false, "Join Type": "Inner", "Startup Cost": 18.89, "Total Cost": 2457.46, "Plan Rows": 190, "Plan Width": 8, "Actual Startup Time": 0.033, "Actual Total Time": 30.185, "Actual Rows": 135086, "Actual Loops": 3, "Inner Unique": true, "Hash Cond": "(cc.status_id = cct2.id)", "Plans": [{"Node Type": "Seq Scan", "Parent Relationship": "Outer", "Parallel Aware": false, "Relation Name": "complete_cast", "Alias": "cc", "Startup Cost": 0.0, "Total Cost": 2081.86, "Plan Rows": 135086, "Plan Width": 12, "Actual Startup Time": 0.012, "Actual Total Time": 9.49, "Actual Rows": 135086, "Actual Loops": 3}, {"Node Type": "Hash", "Parent Relationship": "Inner", "Parallel Aware": false, "Startup Cost": 18.88, "Total Cost": 18.88, "Plan Rows": 1, "Plan Width": 4, "Actual Startup Time": 0.011, "Actual Total Time": 0.012, "Actual Rows": 2, "Actual Loops": 3, "Hash Buckets": 1024, "Original Hash Buckets": 1024, "Hash Batches": 1, "Original Hash Batches": 1, "Peak Memory Usage": 9, "Plans": [{"Node Type": "Seq Scan", "Parent Relationship": "Outer", "Parallel Aware": false, "Relation Name": "comp_cast_type", "Alias": "cct2", "Startup Cost": 0.0, "Total Cost": 18.88, "Plan Rows": 1, "Plan Width": 4, "Actual Startup Time": 0.009, "Actual Total Time": 0.01, "Actual Rows": 2, "Actual Loops": 3, "Filter": "((kind)::text ~~ '%complete%'::text)", "Rows Removed by Filter": 2}]}]}]}]}, {"Node Type": "Hash", "Parent Relationship": "Inner", "Parallel Aware": false, "Startup Cost": 2.41, "Total Cost": 2.41, "Plan Rows": 1, "Plan Width": 4, "Actual Startup Time": 0.032, "Actual Total Time": 0.032, "Actual Rows": 1, "Actual Loops": 3, "Hash Buckets": 1024, "Original Hash Buckets": 1024, "Hash Batches": 1, "Original Hash Batches": 1, "Peak Memory Usage": 9, "Plans": [{"Node Type": "Seq Scan", "Parent Relationship": "Outer", "Parallel Aware": false, "Relation Name": "info_type", "Alias": "it2", "Startup Cost": 0.0, "Total Cost": 2.41, "Plan Rows": 1, "Plan Width": 4, "Actual Startup Time": 0.026, "Actual Total Time": 0.027, "Actual Rows": 1, "Actual Loops": 3, "Filter": "((info)::text = 'rating'::text)", "Rows Removed by Filter": 112}]}]}, {"Node Type": "Index Scan", "Parent Relationship": "Inner", "Parallel Aware": false, "Scan Direction": "Forward", "Index Name": "title_pkey", "Relation Name": "title", "Alias": "t", "Startup Cost": 0.43, "Total Cost": 1.39, "Plan Rows": 1, "Plan Width": 8, "Actual Startup Time": 0.003, "Actual Total Time": 0.003, "Actual Rows": 0, "Actual Loops": 29914, "Index Cond": "(id = mi_idx.movie_id)", "Rows Removed by Index Recheck": 0, "Filter": "(production_year > 2000)", "Rows Removed by Filter": 1}]}, {"Node Type": "Index Scan", "Parent Relationship": "Inner", "Parallel Aware": false, "Scan Direction": "Forward", "Index Name": "kind_type_pkey", "Relation Name": "kind_type", "Alias": "kt", "Startup Cost": 0.15, "Total Cost": 0.17, "Plan Rows": 1, "Plan Width": 4, "Actual Startup Time": 0.001, "Actual Total Time": 0.001, "Actual Rows": 0, "Actual Loops": 9872, "Index Cond": "(id = t.kind_id)", "Rows Removed by Index Recheck": 0, "Filter": "((kind)::text = 'movie'::text)", "Rows Removed by Filter": 1}]}]}]}, {"Node Type": "Index Scan", "Parent Relationship": "Inner", "Parallel Aware": false, "Scan Direction": "Forward", "Index Name": "keyword_pkey", "Relation Name": "keyword", "Alias": "k", "Startup Cost": 0.42, "Total Cost": 0.45, "Plan Rows": 1, "Plan Width": 4, "Actual Startup Time": 0.002, "Actual Total Time": 0.002, "Actual Rows": 0, "Actual Loops": 101174, "Index Cond": "(id = mk.keyword_id)", "Rows Removed by Index Recheck": 0, "Filter": "((keyword)::text = ANY ('{superhero,marvel-comics,based-on-comic,tv-special,fight,violence,magnet,web,claw,laser}'::text[]))", "Rows Removed by Filter": 1}]}]}]}, {"Node Type": "Index Scan", "Parent Relationship": "Inner", "Parallel Aware": false, "Scan Direction": "Forward", "Index Name": "char_name_pkey", "Relation Name": "char_name", "Alias": "chn", "Startup Cost": 0.43, "Total Cost": 0.46, "Plan Rows": 1, "Plan Width": 4, "Actual Startup Time": 0.001, "Actual Total Time": 0.001, "Actual Rows": 0, "Actual Loops": 72379, "Index Cond": "(id = ci.person_role_id)", "Rows Removed by Index Recheck": 0, "Filter": "((name IS NOT NULL) AND (((name)::text ~~ '%man%'::text) OR ((name)::text ~~ '%Man%'::text)))", "Rows Removed by Filter": 0}]}]}, {"Node Type": "Index Only Scan", "Parent Relationship": "Inner", "Parallel Aware": false, "Scan Direction": "Forward", "Index Name": "name_pkey", "Relation Name": "name", "Alias": "n", "Startup Cost": 0.43, "Total Cost": 0.46, "Plan Rows": 1, "Plan Width": 4, "Actual Startup Time": 0.002, "Actual Total Time": 0.002, "Actual Rows": 1, "Actual Loops": 2199, "Index Cond": "(id = ci.person_id)", "Rows Removed by Index Recheck": 0, "Heap Fetches": 2199}]}, {"Node Type": "Index Scan", "Parent Relationship": "Inner", "Parallel Aware": false, "Scan Direction": "Forward", "Index Name": "comp_cast_type_pkey", "Relation Name": "comp_cast_type", "Alias": "cct1", "Startup Cost": 0.15, "Total Cost": 0.17, "Plan Rows": 1, "Plan Width": 4, "Actual Startup Time": 0.001, "Actual Total Time": 0.001, "Actual Rows": 1, "Actual Loops": 2199, "Index Cond": "(id = cc.subject_id)", "Rows Removed by Index Recheck": 0, "Filter": "((kind)::text = 'cast'::text)", "Rows Removed by Filter": 0}]}]}, "Planning Time": 205.774, "Triggers": [], "Execution Time": 2382.861}]
[{"Bao": {"Bao prediction": "NaN", "Bao recommended hint": "(no hint)"}}, {"Plan": {"Node Type": "Aggregate", "Strategy": "Plain", "Partial Mode": "Simple", "Parallel Aware": false, "Startup Cost": 837674.03, "Total Cost": 837674.04, "Plan Rows": 1, "Plan Width": 8, "Actual Startup Time": 2557.185, "Actual Total Time": 2619.691, "Actual Rows": 1, "Actual Loops": 1, "Plans": [{"Node Type": "Gather", "Parent Relationship": "Outer", "Parallel Aware": false, "Startup Cost": 787300.1, "Total Cost": 837674.02, "Plan Rows": 1, "Plan Width": 0, "Actual Startup Time": 2460.124, "Actual Total Time": 2619.682, "Actual Rows": 45, "Actual Loops": 1, "Workers Planned": 2, "Workers Launched": 2, "Single Copy": false, "Plans": [{"Node Type": "Nested Loop", "Parent Relationship": "Outer", "Parallel Aware": false, "Join Type": "Inner", "Startup Cost": 786300.1, "Total Cost": 836673.92, "Plan Rows": 1, "Plan Width": 0, "Actual Startup Time": 2489.968, "Actual Total Time": 2554.023, "Actual Rows": 15, "Actual Loops": 3, "Inner Unique": true, "Plans": [{"Node Type": "Hash Join", "Parent Relationship": "Outer", "Parallel Aware": true, "Join Type": "Inner", "Startup Cost": 786299.68, "Total Cost": 836672.04, "Plan Rows": 1, "Plan Width": 4, "Actual Startup Time": 2489.76, "Actual Total Time": 2553.588, "Actual Rows": 270, "Actual Loops": 3, "Inner Unique": false, "Hash Cond": "(mk.movie_id = t.id)", "Plans": [{"Node Type": "Seq Scan", "Parent Relationship": "Outer", "Parallel Aware": true, "Relation Name": "movie_keyword", "Alias": "mk", "Startup Cost": 0.0, "Total Cost": 43303.71, "Plan Rows": 1884971, "Plan Width": 8, "Actual Startup Time": 0.012, "Actual Total Time": 103.029, "Actual Rows": 1507977, "Actual Loops": 3}, {"Node Type": "Hash", "Parent Relationship": "Inner", "Parallel Aware": true, "Startup Cost": 786299.67, "Total Cost": 786299.67, "Plan Rows": 1, "Plan Width": 16, "Actual Startup Time": 2349.333, "Actual Total Time": 2349.342, "Actual Rows": 8, "Actual Loops": 3, "Hash Buckets": 1024, "Original Hash Buckets": 1024, "Hash Batches": 1, "Original Hash Batches": 1, "Peak Memory Usage": 72, "Plans": [{"Node Type": "Hash Join", "Parent Relationship": "Outer", "Parallel Aware": true, "Join Type": "Inner", "Startup Cost": 769739.71, "Total Cost": 786299.67, "Plan Rows": 1, "Plan Width": 16, "Actual Startup Time": 2337.504, "Actual Total Time": 2349.313, "Actual Rows": 8, "Actual Loops": 3, "Inner Unique": false, "Hash Cond": "(an.person_id = n.id)", "Plans": [{"Node Type": "Seq Scan", "Parent Relationship": "Outer", "Parallel Aware": true, "Relation Name": "aka_name", "Alias": "an", "Startup Cost": 0.0, "Total Cost": 15151.6, "Plan Rows": 375560, "Plan Width": 4, "Actual Startup Time": 0.016, "Actual Total Time": 24.62, "Actual Rows": 300448, "Actual Loops": 3}, {"Node Type": "Hash", "Parent Relationship": "Inner", "Parallel Aware": true, "Startup Cost": 769739.7, "Total Cost": 769739.7, "Plan Rows": 1, "Plan Width": 24, "Actual Startup Time": 2303.562, "Actual Total Time": 2303.57, "Actual Rows": 2, "Actual Loops": 3, "Hash Buckets": 1024, "Original Hash Buckets": 1024, "Hash Batches": 1, "Original Hash Batches": 1, "Peak Memory Usage": 40, "Plans": [{"Node Type": "Nested Loop", "Parent Relationship": "Outer", "Parallel Aware": false, "Join Type": "Inner", "Startup Cost": 735999.44, "Total Cost": 769739.7, "Plan Rows": 1, "Plan Width": 24, "Actual Startup Time": 2296.242, "Actual Total Time": 2303.451, "Actual Rows": 2, "Actual Loops": 3, "Inner Unique": true, "Plans": [{"Node Type": "Hash Join", "Parent Relationship": "Outer", "Parallel Aware": true, "Join Type": "Inner", "Startup Cost": 735999.02, "Total Cost": 769737.16, "Plan Rows": 1, "Plan Width": 28, "Actual Startup Time": 2240.09, "Actual Total Time": 2303.355, "Actual Rows": 26, "Actual Loops": 3, "Inner Unique": false, "Hash Cond": "(mc.movie_id = t.id)", "Plans": [{"Node Type": "Seq Scan", "Parent Relationship": "Outer", "Parallel Aware": true, "Relation Name": "movie_companies", "Alias": "mc", "Startup Cost": 0.0, "Total Cost": 29661.37, "Plan Rows": 1087137, "Plan Width": 8, "Actual Startup Time": 0.008, "Actual Total Time": 62.748, "Actual Rows": 869710, "Actual Loops": 3}, {"Node Type": "Hash", "Parent Relationship": "Inner", "Parallel Aware": true, "Startup Cost": 735999.0, "Total Cost": 735999.0, "Plan Rows": 1, "Plan Width": 20, "Actual Startup Time": 2180.128, "Actual Total Time": 2180.135, "Actual Rows": 2, "Actual Loops": 3, "Hash Buckets": 1024, "Original Hash Buckets": 1024, "Hash Batches": 1, "Original Hash Batches": 1, "Peak Memory Usage": 72, "Plans": [{"Node Type": "Nested Loop", "Parent Relationship": "Outer", "Parallel Aware": false, "Join Type": "Inner", "Startup Cost": 480150.81, "Total Cost": 735999.0, "Plan Rows": 1, "Plan Width": 20, "Actual Startup Time": 2148.501, "Actual Total Time": 2179.922, "Actual Rows": 2, "Actual Loops": 3, "Inner Unique": true, "Plans": [{"Node Type": "Nested Loop", "Parent Relationship": "Outer", "Parallel Aware": false, "Join Type": "Inner", "Startup Cost": 480150.38, "Total Cost": 735997.27, "Plan Rows": 1, "Plan Width": 24, "Actual Startup Time": 2148.488, "Actual Total Time": 2179.902, "Actual Rows": 2, "Actual Loops": 3, "Inner Unique": true, "Join Filter": "(mi.movie_id = t.id)", "Rows Removed by Join Filter": 0, "Plans": [{"Node Type": "Nested Loop", "Parent Relationship": "Outer", "Parallel Aware": false, "Join Type": "Inner", "Startup Cost": 480149.95, "Total Cost": 735995.54, "Plan Rows": 1, "Plan Width": 20, "Actual Startup Time": 2116.515, "Actual Total Time": 2177.811, "Actual Rows": 339, "Actual Loops": 3, "Inner Unique": true, "Plans": [{"Node Type": "Hash Join", "Parent Relationship": "Outer", "Parallel Aware": false, "Join Type": "Inner", "Startup Cost": 480149.52, "Total Cost": 735984.47, "Plan Rows": 6, "Plan Width": 16, "Actual Startup Time": 2116.086, "Actual Total Time": 2140.677, "Actual Rows": 13024, "Actual Loops": 3, "Inner Unique": true, "Hash Cond": "(mi.info_type_id = it.id)", "Plans": [{"Node Type": "Hash Join", "Parent Relationship": "Outer", "Parallel Aware": true, "Join Type": "Inner", "Startup Cost": 480147.1, "Total Cost": 735980.11, "Plan Rows": 712, "Plan Width": 20, "Actual Startup Time": 2116.045, "Actual Total Time": 2138.469, "Actual Rows": 13024, "Actual Loops": 3, "Inner Unique": false, "Hash Cond": "(mi.movie_id = ci.movie_id)", "Plans": [{"Node Type": "Seq Scan", "Parent Relationship": "Outer", "Parallel Aware": true, "Relation Name": "movie_info", "Alias": "mi", "Startup Cost": 0.0, "Total Cost": 255356.52, "Plan Rows": 126272, "Plan Width": 8, "Actual Startup Time": 128.896, "Actual Total Time": 756.024, "Actual Rows": 100416, "Actual Loops": 3, "Filter": "((info IS NOT NULL) AND (((info)::text ~~ 'Japan:%201%'::text) OR ((info)::text ~~ 'USA:%201%'::text)))", "Rows Removed by Filter": 4844824}, {"Node Type": "Hash", "Parent Relationship": "Inner", "Parallel Aware": true, "Startup Cost": 480120.81, "Total Cost": 480120.81, "Plan Rows": 2103, "Plan Width": 12, "Actual Startup Time": 1345.39, "Actual Total Time": 1345.391, "Actual Rows": 92055, "Actual Loops": 3, "Hash Buckets": 65536, "Original Hash Buckets": 8192, "Hash Batches": 8, "Original Hash Batches": 1, "Peak Memory Usage": 2176, "Plans": [{"Node Type": "Hash Join", "Parent Relationship": "Outer", "Parallel Aware": false, "Join Type": "Inner", "Startup Cost": 18.93, "Total Cost": 480120.81, "Plan Rows": 2103, "Plan Width": 12, "Actual Startup Time": 403.914, "Actual Total Time": 1314.219, "Actual Rows": 92055, "Actual Loops": 3, "Inner Unique": true, "Hash Cond": "(ci.role_id = rt.id)", "Plans": [{"Node Type": "Seq Scan", "Parent Relationship": "Outer", "Parallel Aware": true, "Relation Name": "cast_info", "Alias": "ci", "Startup Cost": 0.0, "Total Cost": 479115.98, "Plan Rows": 373356, "Plan Width": 16, "Actual Startup Time": 0.032, "Actual Total Time": 1285.637, "Actual Rows": 289159, "Actual Loops": 3, "Filter": "((note)::text = ANY ('{(voice),\"(voice: Japanese version)\",\"(voice) (uncredited)\",\"(voice: English version)\"}'::text[]))", "Rows Removed by Filter": 11792289}, {"Node Type": "Hash", "Parent Relationship": "Inner", "Parallel Aware": false, "Startup Cost": 18.88, "Total Cost": 18.88, "Plan Rows": 4, "Plan Width": 4, "Actual Startup Time": 0.021, "Actual Total Time": 0.022, "Actual Rows": 1, "Actual Loops": 3, "Hash Buckets": 1024, "Original Hash Buckets": 1024, "Hash Batches": 1, "Original Hash Batches": 1, "Peak Memory Usage": 9, "Plans": [{"Node Type": "Seq Scan", "Parent Relationship": "Outer", "Parallel Aware": false, "Relation Name": "role_type", "Alias": "rt", "Startup Cost": 0.0, "Total Cost": 18.88, "Plan Rows": 4, "Plan Width": 4, "Actual Startup Time": 0.018, "Actual Total Time": 0.019, "Actual Rows": 1, "Actual Loops": 3, "Filter": "((role)::text = 'actress'::text)", "Rows Removed by Filter": 11}]}]}]}]}, {"Node Type": "Hash", "Parent Relationship": "Inner", "Parallel Aware": false, "Startup Cost": 2.41, "Total Cost": 2.41, "Plan Rows": 1, "Plan Width": 4, "Actual Startup Time": 0.027, "Actual Total Time": 0.028, "Actual Rows": 1, "Actual Loops": 3, "Hash Buckets": 1024, "Original Hash Buckets": 1024, "Hash Batches": 1, "Original Hash Batches": 1, "Peak Memory Usage": 9, "Plans": [{"Node Type": "Seq Scan", "Parent Relationship": "Outer", "Parallel Aware": false, "Relation Name": "info_type", "Alias": "it", "Startup Cost": 0.0, "Total Cost": 2.41, "Plan Rows": 1, "Plan Width": 4, "Actual Startup Time": 0.018, "Actual Total Time": 0.023, "Actual Rows": 1, "Actual Loops": 3, "Filter": "((info)::text = 'release dates'::text)", "Rows Removed by Filter": 112}]}]}, {"Node Type": "Index Scan", "Parent Relationship": "Inner", "Parallel Aware": false, "Scan Direction": "Forward", "Index Name": "name_pkey", "Relation Name": "name", "Alias": "n", "Startup Cost": 0.43, "Total Cost": 1.85, "Plan Rows": 1, "Plan Width": 4, "Actual Startup Time": 0.003, "Actual Total Time": 0.003, "Actual Rows": 0, "Actual Loops": 39071, "Index Cond": "(id = ci.person_id)", "Rows Removed by Index Recheck": 0, "Filter": "(((name)::text ~~ '%An%'::text) AND ((gender)::text = 'f'::text))", "Rows Removed by Filter": 1}]}, {"Node Type": "Index Scan", "Parent Relationship": "Inner", "Parallel Aware": false, "Scan Direction": "Forward", "Index Name": "title_pkey", "Relation Name": "title", "Alias": "t", "Startup Cost": 0.43, "Total Cost": 1.71, "Plan Rows": 1, "Plan Width": 4, "Actual Startup Time": 0.006, "Actual Total Time": 0.006, "Actual Rows": 0, "Actual Loops": 1017, "Index Cond": "(id = ci.movie_id)", "Rows Removed by Index Recheck": 0, "Filter": "((production_year > 2010) AND ((title)::text ~~ 'Kung Fu Panda%'::text))", "Rows Removed by Filter": 1}]}, {"Node Type": "Index Only Scan", "Parent Relationship": "Inner", "Parallel Aware": false, "Scan Direction": "Forward", "Index Name": "char_name_pkey", "Relation Name": "char_name", "Alias": "chn", "Startup Cost": 0.43, "Total Cost": 1.74, "Plan Rows": 1, "Plan Width": 4, "Actual Startup Time": 0.01, "Actual Total Time": 0.01, "Actual Rows": 1, "Actual Loops": 5, "Index Cond": "(id = ci.person_role_id)", "Rows Removed by Index Recheck": 0, "Heap Fetches": 5}]}]}]}, {"Node Type": "Index Scan", "Parent Relationship": "Inner", "Parallel Aware": false, "Scan Direction": "Forward", "Index Name": "company_name_pkey", "Relation Name": "company_name", "Alias": "cn", "Startup Cost": 0.42, "Total Cost": 1.48, "Plan Rows": 1, "Plan Width": 4, "Actual Startup Time": 0.003, "Actual Total Time": 0.003, "Actual Rows": 0, "Actual Loops": 79, "Index Cond": "(id = mc.company_id)", "Rows Removed by Index Recheck": 0, "Filter": "(((country_code)::text = '[us]'::text) AND ((name)::text = 'DreamWorks Animation'::text))", "Rows Removed by Filter": 1}]}]}]}]}]}, {"Node Type": "Index Scan", "Parent Relationship": "Inner", "Parallel Aware": false, "Scan Direction": "Forward", "Index Name": "keyword_pkey", "Relation Name": "keyword", "Alias": "k", "Startup Cost": 0.42, "Total Cost": 1.47, "Plan Rows": 1, "Plan Width": 4, "Actual Startup Time": 0.001, "Actual Total Time": 0.001, "Actual Rows": 0, "Actual Loops": 810, "Index Cond": "(id = mk.keyword_id)", "Rows Removed by Index Recheck": 0, "Filter": "((keyword)::text = ANY ('{hero,martial-arts,hand-to-hand-combat,computer-animated-movie}'::text[]))", "Rows Removed by Filter": 1}]}]}]}, "Planning Time": 212.234, "Triggers": [], "Execution Time": 2619.791}]
[{"Bao": {"Bao prediction": "NaN", "Bao recommended hint": "(no hint)"}}, {"Plan": {"Node Type": "Aggregate", "Strategy": "Plain", "Partial Mode": "Finalize", "Parallel Aware": false, "Startup Cost": 369814.16, "Total Cost": 369814.17, "Plan Rows": 1, "Plan Width": 8, "Actual Startup Time": 1599.208, "Actual Total Time": 1628.486, "Actual Rows": 1, "Actual Loops": 1, "Plans": [{"Node Type": "Gather", "Parent Relationship": "Outer", "Parallel Aware": false, "Startup Cost": 369813.95, "Total Cost": 369814.16, "Plan Rows": 2, "Plan Width": 8, "Actual Startup Time": 1597.836, "Actual Total Time": 1628.473, "Actual Rows": 3, "Actual Loops": 1, "Workers Planned": 2, "Workers Launched": 2, "Single Copy": false, "Plans": [{"Node Type": "Aggregate", "Strategy": "Plain", "Partial Mode": "Partial", "Parent Relationship": "Outer", "Parallel Aware": false, "Startup Cost": 368813.95, "Total Cost": 368813.96, "Plan Rows": 1, "Plan Width": 8, "Actual Startup Time": 1595.455, "Actual Total Time": 1595.467, "Actual Rows": 1, "Actual Loops": 3, "Plans": [{"Node Type": "Nested Loop", "Parent Relationship": "Outer", "Parallel Aware": false, "Join Type": "Inner", "Startup Cost": 318441.36, "Total Cost": 368813.94, "Plan Rows": 1, "Plan Width": 0, "Actual Startup Time": 1448.741, "Actual Total Time": 1595.441, "Actual Rows": 470, "Actual Loops": 3, "Inner Unique": true, "Plans": [{"Node Type": "Hash Join", "Parent Relationship": "Outer", "Parallel Aware": true, "Join Type": "Inner", "Startup Cost": 318440.94, "Total Cost": 368813.48, "Plan Rows": 1, "Plan Width": 4, "Actual Startup Time": 1370.967, "Actual Total Time": 1584.597, "Actual Rows": 7954, "Actual Loops": 3, "Inner Unique": false, "Hash Cond": "(mk.movie_id = ml.movie_id)", "Plans": [{"Node Type": "Seq Scan", "Parent Relationship": "Outer", "Parallel Aware": true, "Relation Name": "movie_keyword", "Alias": "mk", "Startup Cost": 0.0, "Total Cost": 43303.71, "Plan Rows": 1884971, "Plan Width": 8, "Actual Startup Time": 0.012, "Actual Total Time": 104.959, "Actual Rows": 1507977, "Actual Loops": 3}, {"Node Type": "Hash", "Parent Relationship": "Inner", "Parallel Aware": true, "Startup Cost": 318440.93, "Total Cost": 318440.93, "Plan Rows": 1, "Plan Width": 16, "Actual Startup Time": 1368.083, "Actual Total Time": 1368.093, "Actual Rows": 821, "Actual Loops": 3, "Hash Buckets": 4096, "Original Hash Buckets": 1024, "Hash Batches": 1, "Original Hash Batches": 1, "Peak Memory Usage": 248, "Plans": [{"Node Type": "Nested Loop", "Parent Relationship": "Outer", "Parallel Aware": false, "Join Type": "Inner", "Startup Cost": 318440.31, "Total Cost": 318440.93, "Plan Rows": 1, "Plan Width": 16, "Actual Startup Time": 1358.702, "Actual Total Time": 1366.239, "Actual Rows": 821, "Actual Loops": 3, "Inner Unique": true, "Join Filter": "(ml.movie_id = t.id)", "Rows Removed by Join Filter": 0, "Plans": [{"Node Type": "Nested Loop", "Parent Relationship": "Outer", "Parallel Aware": false, "Join Type": "Inner", "Startup Cost": 318439.88, "Total Cost": 318440.32, "Plan Rows": 1, "Plan Width": 12, "Actual Startup Time": 1358.524, "Actual Total Time": 1364.161, "Actual Rows": 1241, "Actual Loops": 3, "Inner Unique": true, "Plans": [{"Node Type": "Merge Join", "Parent Relationship": "Outer", "Parallel Aware": false, "Join Type": "Inner", "Startup Cost": 318439.46, "Total Cost": 318439.87, "Plan Rows": 1, "Plan Width": 16, "Actual Startup Time": 1358.483, "Actual Total Time": 1359.282, "Actual Rows": 2928, "Actual Loops": 3, "Inner Unique": false, "Merge Cond": "(mc.movie_id = ml.movie_id)", "Plans": [{"Node Type": "Sort", "Parent Relationship": "Outer", "Parallel Aware": false, "Startup Cost": 317877.26, "Total Cost": 317879.61, "Plan Rows": 941, "Plan Width": 12, "Actual Startup Time": 1353.877, "Actual Total Time": 1353.951, "Actual Rows": 1103, "Actual Loops": 3, "Sort Key": ["mc.movie_id"], "Sort Method": "quicksort", "Sort Space Used": 3809, "Sort Space Type": "Memory", "Workers": [{"Worker Number": 0, "Sort Method": "quicksort", "Sort Space Used": 3840, "Sort Space Type": "Memory"}, {"Worker Number": 1, "Sort Method": "quicksort", "Sort Space Used": 3722, "Sort Space Type": "Memory"}], "Plans": [{"Node Type": "Hash Join", "Parent Relationship": "Outer", "Parallel Aware": true, "Join Type": "Inner", "Startup Cost": 31120.35, "Total Cost": 317830.78, "Plan Rows": 941, "Plan Width": 12, "Actual Startup Time": 1300.389, "Actual Total Time": 1342.48, "Actual Rows": 51726, "Actual Loops": 3, "Inner Unique": false, "Hash Cond": "(mi.movie_id = mc.movie_id)", "Plans": [{"Node Type": "Seq Scan", "Parent Relationship": "Outer", "Parallel Aware": true, "Relation Name": "movie_info", "Alias": "mi", "Startup Cost": 0.0, "Total Cost": 286477.69, "Plan Rows": 61019, "Plan Width": 4, "Actual Startup Time": 0.498, "Actual Total Time": 1071.306, "Actual Rows": 51299, "Actual Loops": 3, "Filter": "((info)::text = ANY ('{Sweden,Norway,Germany,Denmark,Swedish,Denish,Norwegian,German}'::text[]))", "Rows Removed by Filter": 4893941}, {"Node Type": "Hash", "Parent Relationship": "Inner", "Parallel Aware": true, "Startup Cost": 31082.95, "Total Cost": 31082.95, "Plan Rows": 2992, "Plan Width": 8, "Actual Startup Time": 217.19, "Actual Total Time": 217.192, "Actual Rows": 397976, "Actual Loops": 3, "Hash Buckets": 65536, "Original Hash Buckets": 8192, "Hash Batches": 16, "Original Hash Batches": 1, "Peak Memory Usage": 3488, "Plans": [{"Node Type": "Hash Join", "Parent Relationship": "Outer", "Parallel Aware": false, "Join Type": "Inner", "Startup Cost": 18.93, "Total Cost": 31082.95, "Plan Rows": 2992, "Plan Width": 8, "Actual Startup Time": 36.277, "Actual Total Time": 135.837, "Actual Rows": 397976, "Actual Loops": 3, "Inner Unique": true, "Hash Cond": "(mc.company_type_id = ct.id)", "Plans": [{"Node Type": "Seq Scan", "Parent Relationship": "Outer", "Parallel Aware": true, "Relation Name": "movie_companies", "Alias": "mc", "Startup Cost": 0.0, "Total Cost": 29661.37, "Plan Rows": 531175, "Plan Width": 12, "Actual Startup Time": 0.021, "Actual Total Time": 82.057, "Actual Rows": 423996, "Actual Loops": 3, "Filter": "(note IS NULL)", "Rows Removed by Filter": 445713}, {"Node Type": "Hash", "Parent Relationship": "Inner", "Parallel Aware": false, "Startup Cost": 18.88, "Total Cost": 18.88, "Plan Rows": 4, "Plan Width": 4, "Actual Startup Time": 0.016, "Actual Total Time": 0.017, "Actual Rows": 1, "Actual Loops": 3, "Hash Buckets": 1024, "Original Hash Buckets": 1024, "Hash Batches": 1, "Original Hash Batches": 1, "Peak Memory Usage": 9, "Plans": [{"Node Type": "Seq Scan", "Parent Relationship": "Outer", "Parallel Aware": false, "Relation Name": "company_type", "Alias": "ct", "Startup Cost": 0.0, "Total Cost": 18.88, "Plan Rows": 4, "Plan Width": 4, "Actual Startup Time": 0.012, "Actual Total Time": 0.012, "Actual Rows": 1, "Actual Loops": 3, "Filter": "((kind)::text = 'production companies'::text)", "Rows Removed by Filter": 3}]}]}]}]}]}, {"Node Type": "Sort", "Parent Relationship": "Inner", "Parallel Aware": false, "Startup Cost": 562.2, "Total Cost": 562.3, "Plan Rows": 42, "Plan Width": 4, "Actual Startup Time": 4.595, "Actual Total Time": 4.812, "Actual Rows": 4941, "Actual Loops": 3, "Sort Key": ["ml.movie_id"], "Sort Method": "quicksort", "Sort Space Used": 205, "Sort Space Type": "Memory", "Workers": [{"Worker Number": 0, "Sort Method": "quicksort", "Sort Space Used": 205, "Sort Space Type": "Memory"}, {"Worker Number": 1, "Sort Method": "quicksort", "Sort Space Used": 205, "Sort Space Type": "Memory"}], "Plans": [{"Node Type": "Hash Join", "Parent Relationship": "Outer", "Parallel Aware": false, "Join Type": "Inner", "Startup Cost": 18.89, "Total Cost": 561.07, "Plan Rows": 42, "Plan Width": 4, "Actual Startup Time": 0.063, "Actual Total Time": 4.229, "Actual Rows": 2315, "Actual Loops": 3, "Inner Unique": true, "Hash Cond": "(ml.link_type_id = lt.id)", "Plans": [{"Node Type": "Seq Scan", "Parent Relationship": "Outer", "Parallel Aware": false, "Relation Name": "movie_link", "Alias": "ml", "Startup Cost": 0.0, "Total Cost": 462.97, "Plan Rows": 29997, "Plan Width": 8, "Actual Startup Time": 0.033, "Actual Total Time": 1.902, "Actual Rows": 29997, "Actual Loops": 3}, {"Node Type": "Hash", "Parent Relationship": "Inner", "Parallel Aware": false, "Startup Cost": 18.88, "Total Cost": 18.88, "Plan Rows": 1, "Plan Width": 4, "Actual Startup Time": 0.015, "Actual Total Time": 0.015, "Actual Rows": 2, "Actual Loops": 3, "Hash Buckets": 1024, "Original Hash Buckets": 1024, "Hash Batches": 1, "Original Hash Batches": 1, "Peak Memory Usage": 9, "Plans": [{"Node Type": "Seq Scan", "Parent Relationship": "Outer", "Parallel Aware": false, "Relation Name": "link_type", "Alias": "lt", "Startup Cost": 0.0, "Total Cost": 18.88, "Plan Rows": 1, "Plan Width": 4, "Actual Startup Time": 0.01, "Actual Total Time": 0.013, "Actual Rows": 2, "Actual Loops": 3, "Filter": "((link)::text ~~ '%follow%'::text)", "Rows Removed by Filter": 16}]}]}]}]}, {"Node Type": "Index Scan", "Parent Relationship": "Inner", "Parallel Aware": false, "Scan Direction": "Forward", "Index Name": "company_name_pkey", "Relation Name": "company_name", "Alias": "cn", "Startup Cost": 0.42, "Total Cost": 0.46, "Plan Rows": 1, "Plan Width": 4, "Actual Startup Time": 0.001, "Actual Total Time": 0.001, "Actual Rows": 0, "Actual Loops": 8785, "Index Cond": "(id = mc.company_id)", "Rows Removed by Index Recheck": 0, "Filter": "(((country_code)::text <> '[pl]'::text) AND (((name)::text ~~ '%Film%'::text) OR ((name)::text ~~ '%Warner%'::text)))", "Rows Removed by Filter": 1}]}, {"Node Type": "Index Scan", "Parent Relationship": "Inner", "Parallel Aware": false, "Scan Direction": "Forward", "Index Name": "title_pkey", "Relation Name": "title", "Alias": "t", "Startup Cost": 0.43, "Total Cost": 0.59, "Plan Rows": 1, "Plan Width": 4, "Actual Startup Time": 0.001, "Actual Total Time": 0.001, "Actual Rows": 1, "Actual Loops": 3722, "Index Cond": "(id = mc.movie_id)", "Rows Removed by Index Recheck": 0, "Filter": "((production_year >= 1950) AND (production_year <= 2000))", "Rows Removed by Filter": 0}]}]}]}, {"Node Type": "Index Scan", "Parent Relationship": "Inner", "Parallel Aware": false, "Scan Direction": "Forward", "Index Name": "keyword_pkey", "Relation Name": "keyword", "Alias": "k", "Startup Cost": 0.42, "Total Cost": 0.44, "Plan Rows": 1, "Plan Width": 4, "Actual Startup Time": 0.001, "Actual Total Time": 0.001, "Actual Rows": 0, "Actual Loops": 23862, "Index Cond": "(id = mk.keyword_id)", "Rows Removed by Index Recheck": 0, "Filter": "((keyword)::text = 'sequel'::text)", "Rows Removed by Filter": 1}]}]}]}]}, "Planning Time": 95.599, "Triggers": [], "Execution Time": 1628.575}]
[{"Bao": {"Bao prediction": "NaN", "Bao recommended hint": "(no hint)"}}, {"Plan": {"Node Type": "Aggregate", "Strategy": "Plain", "Partial Mode": "Finalize", "Parallel Aware": false, "Startup Cost": 514108.78, "Total Cost": 514108.79, "Plan Rows": 1, "Plan Width": 8, "Actual Startup Time": 2625.463, "Actual Total Time": 2671.067, "Actual Rows": 1, "Actual Loops": 1, "Plans": [{"Node Type": "Gather", "Parent Relationship": "Outer", "Parallel Aware": false, "Startup Cost": 514108.56, "Total Cost": 514108.77, "Plan Rows": 2, "Plan Width": 8, "Actual Startup Time": 2625.348, "Actual Total Time": 2671.061, "Actual Rows": 3, "Actual Loops": 1, "Workers Planned": 2, "Workers Launched": 2, "Single Copy": false, "Plans": [{"Node Type": "Aggregate", "Strategy": "Plain", "Partial Mode": "Partial", "Parent Relationship": "Outer", "Parallel Aware": false, "Startup Cost": 513108.56, "Total Cost": 513108.57, "Plan Rows": 1, "Plan Width": 8, "Actual Startup Time": 2622.995, "Actual Total Time": 2623.01, "Actual Rows": 1, "Actual Loops": 3, "Plans": [{"Node Type": "Nested Loop", "Parent Relationship": "Outer", "Parallel Aware": false, "Join Type": "Inner", "Startup Cost": 462736.14, "Total Cost": 513108.56, "Plan Rows": 1, "Plan Width": 0, "Actual Startup Time": 2546.471, "Actual Total Time": 2623.004, "Actual Rows": 6, "Actual Loops": 3, "Inner Unique": true, "Plans": [{"Node Type": "Nested Loop", "Parent Relationship": "Outer", "Parallel Aware": false, "Join Type": "Inner", "Startup Cost": 462735.71, "Total Cost": 513108.1, "Plan Rows": 1, "Plan Width": 4, "Actual Startup Time": 2537.641, "Actual Total Time": 2622.96, "Actual Rows": 11, "Actual Loops": 3, "Inner Unique": true, "Plans": [{"Node Type": "Hash Join", "Parent Relationship": "Outer", "Parallel Aware": true, "Join Type": "Inner", "Startup Cost": 462735.29, "Total Cost": 513107.64, "Plan Rows": 1, "Plan Width": 8, "Actual Startup Time": 2528.419, "Actual Total Time": 2621.939, "Actual Rows": 427, "Actual Loops": 3, "Inner Unique": false, "Hash Cond": "(mk.movie_id = t.id)", "Plans": [{"Node Type": "Seq Scan", "Parent Relationship": "Outer", "Parallel Aware": true, "Relation Name": "movie_keyword", "Alias": "mk", "Startup Cost": 0.0, "Total Cost": 43303.71, "Plan Rows": 1884971, "Plan Width": 8, "Actual Startup Time": 0.019, "Actual Total Time": 98.056, "Actual Rows": 1507977, "Actual Loops": 3}, {"Node Type": "Hash", "Parent Relationship": "Inner", "Parallel Aware": true, "Startup Cost": 462735.27, "Total Cost": 462735.27, "Plan Rows": 1, "Plan Width": 16, "Actual Startup Time": 2422.292, "Actual Total Time": 2422.304, "Actual Rows": 3, "Actual Loops": 3, "Hash Buckets": 1024, "Original Hash Buckets": 1024, "Hash Batches": 1, "Original Hash Batches": 1, "Peak Memory Usage": 104, "Plans": [{"Node Type": "Nested Loop", "Parent Relationship": "Outer", "Parallel Aware": false, "Join Type": "Inner", "Startup Cost": 2488.29, "Total Cost": 462735.27, "Plan Rows": 1, "Plan Width": 16, "Actual Startup Time": 695.413, "Actual Total Time": 2422.244, "Actual Rows": 3, "Actual Loops": 3, "Inner Unique": true, "Plans": [{"Node Type": "Hash Join", "Parent Relationship": "Outer", "Parallel Aware": false, "Join Type": "Inner", "Startup Cost": 2487.86, "Total Cost": 462734.81, "Plan Rows": 1, "Plan Width": 20, "Actual Startup Time": 298.201, "Actual Total Time": 2226.546, "Actual Rows": 131779, "Actual Loops": 3, "Inner Unique": false, "Hash Cond": "(ci.movie_id = t.id)", "Plans": [{"Node Type": "Seq Scan", "Parent Relationship": "Outer", "Parallel Aware": true, "Relation Name": "cast_info", "Alias": "ci", "Startup Cost": 0.0, "Total Cost": 403639.65, "Plan Rows": 15095265, "Plan Width": 12, "Actual Startup Time": 0.013, "Actual Total Time": 873.35, "Actual Rows": 12081448, "Actual Loops": 3}, {"Node Type": "Hash", "Parent Relationship": "Inner", "Parallel Aware": false, "Startup Cost": 2487.85, "Total Cost": 2487.85, "Plan Rows": 1, "Plan Width": 8, "Actual Startup Time": 298.153, "Actual Total Time": 298.163, "Actual Rows": 4696, "Actual Loops": 3, "Hash Buckets": 8192, "Original Hash Buckets": 1024, "Hash Batches": 1, "Original Hash Batches": 1, "Peak Memory Usage": 248, "Plans": [{"Node Type": "Nested Loop", "Parent Relationship": "Outer", "Parallel Aware": false, "Join Type": "Inner", "Startup Cost": 19.5, "Total Cost": 2487.85, "Plan Rows": 1, "Plan Width": 8, "Actual Startup Time": 0.283, "Actual Total Time": 297.118, "Actual Rows": 4696, "Actual Loops": 3, "Inner Unique": true, "Plans": [{"Node Type": "Nested Loop", "Parent Relationship": "Outer", "Parallel Aware": false, "Join Type": "Inner", "Startup Cost": 19.36, "Total Cost": 2487.67, "Plan Rows": 1, "Plan Width": 12, "Actual Startup Time": 0.2, "Actual Total Time": 273.414, "Actual Rows": 23557, "Actual Loops": 3, "Inner Unique": true, "Plans": [{"Node Type": "Nested Loop", "Parent Relationship": "Outer", "Parallel Aware": false, "Join Type": "Inner", "Startup Cost": 18.93, "Total Cost": 2485.89, "Plan Rows": 1, "Plan Width": 4, "Actual Startup Time": 0.046, "Actual Total Time": 65.655, "Actual Rows": 85941, "Actual Loops": 3, "Inner Unique": false, "Join Filter": "(cc.status_id = cct2.id)", "Rows Removed by Join Filter": 85941, "Plans": [{"Node Type": "Seq Scan", "Parent Relationship": "Outer", "Parallel Aware": false, "Relation Name": "comp_cast_type", "Alias": "cct2", "Startup Cost": 0.0, "Total Cost": 18.88, "Plan Rows": 1, "Plan Width": 4, "Actual Startup Time": 0.022, "Actual Total Time": 0.024, "Actual Rows": 2, "Actual Loops": 3, "Filter": "((kind)::text ~~ '%complete%'::text)", "Rows Removed by Filter": 2}, {"Node Type": "Hash Join", "Parent Relationship": "Inner", "Parallel Aware": false, "Join Type": "Inner", "Startup Cost": 18.93, "Total Cost": 2457.5, "Plan Rows": 761, "Plan Width": 8, "Actual Startup Time": 0.013, "Actual Total Time": 26.939, "Actual Rows": 85941, "Actual Loops": 6, "Inner Unique": true, "Hash Cond": "(cc.subject_id = cct1.id)", "Plans": [{"Node Type": "Seq Scan", "Parent Relationship": "Outer", "Parallel Aware": false, "Relation Name": "complete_cast", "Alias": "cc", "Startup Cost": 0.0, "Total Cost": 2081.86, "Plan Rows": 135086, "Plan Width": 12, "Actual Startup Time": 0.006, "Actual Total Time": 9.125, "Actual Rows": 135086, "Actual Loops": 6}, {"Node Type": "Hash", "Parent Relationship": "Inner", "Parallel Aware": false, "Startup Cost": 18.88, "Total Cost": 18.88, "Plan Rows": 4, "Plan Width": 4, "Actual Startup Time": 0.006, "Actual Total Time": 0.007, "Actual Rows": 1, "Actual Loops": 3, "Hash Buckets": 1024, "Original Hash Buckets": 1024, "Hash Batches": 1, "Original Hash Batches": 1, "Peak Memory Usage": 9, "Plans": [{"Node Type": "Seq Scan", "Parent Relationship": "Outer", "Parallel Aware": false, "Relation Name": "comp_cast_type", "Alias": "cct1", "Startup Cost": 0.0, "Total Cost": 18.88, "Plan Rows": 4, "Plan Width": 4, "Actual Startup Time": 0.002, "Actual Total Time": 0.003, "Actual Rows": 1, "Actual Loops": 3, "Filter": "((kind)::text = 'cast'::text)", "Rows Removed by Filter": 3}]}]}]}, {"Node Type": "Index Scan", "Parent Relationship": "Inner", "Parallel Aware": false, "Scan Direction": "Forward", "Index Name": "title_pkey", "Relation Name": "title", "Alias": "t", "Startup Cost": 0.43, "Total Cost": 1.78, "Plan Rows": 1, "Plan Width": 8, "Actual Startup Time": 0.002, "Actual Total Time": 0.002, "Actual Rows": 0, "Actual Loops": 257823, "Index Cond": "(id = cc.movie_id)", "Rows Removed by Index Recheck": 0, "Filter": "(production_year > 2000)", "Rows Removed by Filter": 1}]}, {"Node Type": "Index Scan", "Parent Relationship": "Inner", "Parallel Aware": false, "Scan Direction": "Forward", "Index Name": "kind_type_pkey", "Relation Name": "kind_type", "Alias": "kt", "Startup Cost": 0.15, "Total Cost": 0.17, "Plan Rows": 1, "Plan Width": 4, "Actual Startup Time": 0.001, "Actual Total Time": 0.001, "Actual Rows": 0, "Actual Loops": 70671, "Index Cond": "(id = t.kind_id)", "Rows Removed by Index Recheck": 0, "Filter": "((kind)::text = 'movie'::text)", "Rows Removed by Filter": 1}]}]}]}, {"Node Type": "Index Scan", "Parent Relationship": "Inner", "Parallel Aware": false, "Scan Direction": "Forward", "Index Name": "char_name_pkey", "Relation Name": "char_name", "Alias": "chn", "Startup Cost": 0.43, "Total Cost": 0.46, "Plan Rows": 1, "Plan Width": 4, "Actual Startup Time": 0.001, "Actual Total Time": 0.001, "Actual Rows": 0, "Actual Loops": 395336, "Index Cond": "(id = ci.person_role_id)", "Rows Removed by Index Recheck": 0, "Filter": "(((name)::text !~~ '%Sherlock%'::text) AND (((name)::text ~~ '%Tony%Stark%'::text) OR ((name)::text ~~ '%Iron%Man%'::text)))", "Rows Removed by Filter": 0}]}]}]}, {"Node Type": "Index Scan", "Parent Relationship": "Inner", "Parallel Aware": false, "Scan Direction": "Forward", "Index Name": "keyword_pkey", "Relation Name": "keyword", "Alias": "k", "Startup Cost": 0.42, "Total Cost": 0.45, "Plan Rows": 1, "Plan Width": 4, "Actual Startup Time": 0.002, "Actual Total Time": 0.002, "Actual Rows": 0, "Actual Loops": 1280, "Index Cond": "(id = mk.keyword_id)", "Rows Removed by Index Recheck": 0, "Filter": "((keyword)::text = ANY ('{superhero,sequel,second-part,marvel-comics,based-on-comic,tv-special,fight,violence}'::text[]))", "Rows Removed by Filter": 1}]}, {"Node Type": "Index Scan", "Parent Relationship": "Inner", "Parallel Aware": false, "Scan Direction": "Forward", "Index Name": "name_pkey", "Relation Name": "name", "Alias": "n", "Startup Cost": 0.43, "Total Cost": 0.46, "Plan Rows": 1, "Plan Width": 4, "Actual Startup Time": 0.004, "Actual Total Time": 0.004, "Actual Rows": 1, "Actual Loops": 33, "Index Cond": "(id = ci.person_id)", "Rows Removed by Index Recheck": 0, "Filter": "((name)::text ~~ '%Downey%Robert%'::text)", "Rows Removed by Filter": 0}]}]}]}]}, "Planning Time": 102.084, "Triggers": [], "Execution Time": 2671.168}]
[{"Bao": {"Bao prediction": "NaN", "Bao recommended hint": "(no hint)"}}, {"Plan": {"Node Type": "Aggregate", "Strategy": "Plain", "Partial Mode": "Finalize", "Parallel Aware": false, "Startup Cost": 562517.93, "Total Cost": 562517.94, "Plan Rows": 1, "Plan Width": 8, "Actual Startup Time": 2720.554, "Actual Total Time": 2767.89, "Actual Rows": 1, "Actual Loops": 1, "Plans": [{"Node Type": "Gather", "Parent Relationship": "Outer", "Parallel Aware": false, "Startup Cost": 562517.72, "Total Cost": 562517.93, "Plan Rows": 2, "Plan Width": 8, "Actual Startup Time": 2719.979, "Actual Total Time": 2767.884, "Actual Rows": 3, "Actual Loops": 1, "Workers Planned": 2, "Workers Launched": 2, "Single Copy": false, "Plans": [{"Node Type": "Aggregate", "Strategy": "Plain", "Partial Mode": "Partial", "Parent Relationship": "Outer", "Parallel Aware": false, "Startup Cost": 561517.72, "Total Cost": 561517.73, "Plan Rows": 1, "Plan Width": 8, "Actual Startup Time": 2717.709, "Actual Total Time": 2717.719, "Actual Rows": 1, "Actual Loops": 3, "Plans": [{"Node Type": "Hash Join", "Parent Relationship": "Outer", "Parallel Aware": true, "Join Type": "Inner", "Startup Cost": 544956.68, "Total Cost": 561516.78, "Plan Rows": 375, "Plan Width": 0, "Actual Startup Time": 2649.245, "Actual Total Time": 2714.228, "Actual Rows": 83152, "Actual Loops": 3, "Inner Unique": false, "Hash Cond": "(an.person_id = n.id)", "Plans": [{"Node Type": "Seq Scan", "Parent Relationship": "Outer", "Parallel Aware": true, "Relation Name": "aka_name", "Alias": "an", "Startup Cost": 0.0, "Total Cost": 15151.6, "Plan Rows": 375560, "Plan Width": 4, "Actual Startup Time": 0.011, "Actual Total Time": 25.052, "Actual Rows": 300448, "Actual Loops": 3}, {"Node Type": "Hash", "Parent Relationship": "Inner", "Parallel Aware": true, "Startup Cost": 544954.65, "Total Cost": 544954.65, "Plan Rows": 163, "Plan Width": 8, "Actual Startup Time": 2648.935, "Actual Total Time": 2648.943, "Actual Rows": 56424, "Actual Loops": 3, "Hash Buckets": 262144, "Original Hash Buckets": 1024, "Hash Batches": 1, "Original Hash Batches": 1, "Peak Memory Usage": 10776, "Plans": [{"Node Type": "Nested Loop", "Parent Relationship": "Outer", "Parallel Aware": false, "Join Type": "Inner", "Startup Cost": 84633.49, "Total Cost": 544954.65, "Plan Rows": 163, "Plan Width": 8, "Actual Startup Time": 436.798, "Actual Total Time": 2543.298, "Actual Rows": 56424, "Actual Loops": 3, "Inner Unique": true, "Plans": [{"Node Type": "Hash Join", "Parent Relationship": "Outer", "Parallel Aware": true, "Join Type": "Inner", "Startup Cost": 84633.06, "Total Cost": 544880.43, "Plan Rows": 163, "Plan Width": 4, "Actual Startup Time": 436.773, "Actual Total Time": 2429.075, "Actual Rows": 56424, "Actual Loops": 3, "Inner Unique": false, "Hash Cond": "(ci.movie_id = t.id)", "Plans": [{"Node Type": "Seq Scan", "Parent Relationship": "Outer", "Parallel Aware": true, "Relation Name": "cast_info", "Alias": "ci", "Startup Cost": 0.0, "Total Cost": 403639.65, "Plan Rows": 15095265, "Plan Width": 8, "Actual Startup Time": 0.019, "Actual Total Time": 865.721, "Actual Rows": 12081448, "Actual Loops": 3}, {"Node Type": "Hash", "Parent Relationship": "Inner", "Parallel Aware": true, "Startup Cost": 84632.96, "Total Cost": 84632.96, "Plan Rows": 8, "Plan Width": 12, "Actual Startup Time": 436.639, "Actual Total Time": 436.644, "Actual Rows": 2255, "Actual Loops": 3, "Hash Buckets": 8192, "Original Hash Buckets": 1024, "Hash Batches": 1, "Original Hash Batches": 1, "Peak Memory Usage": 504, "Plans": [{"Node Type": "Nested Loop", "Parent Relationship": "Outer", "Parallel Aware": false, "Join Type": "Inner", "Startup Cost": 50885.41, "Total Cost": 84632.96, "Plan Rows": 8, "Plan Width": 12, "Actual Startup Time": 261.926, "Actual Total Time": 414.512, "Actual Rows": 2255, "Actual Loops": 3, "Inner Unique": true, "Plans": [{"Node Type": "Hash Join", "Parent Relationship": "Outer", "Parallel Aware": true, "Join Type": "Inner", "Startup Cost": 50884.99, "Total Cost": 84623.15, "Plan Rows": 22, "Plan Width": 16, "Actual Startup Time": 261.903, "Actual Total Time": 409.496, "Actual Rows": 2887, "Actual Loops": 3, "Inner Unique": false, "Hash Cond": "(mc.movie_id = t.id)", "Plans": [{"Node Type": "Seq Scan", "Parent Relationship": "Outer", "Parallel Aware": true, "Relation Name": "movie_companies", "Alias": "mc", "Startup Cost": 0.0, "Total Cost": 29661.37, "Plan Rows": 1087137, "Plan Width": 8, "Actual Startup Time": 0.02, "Actual Total Time": 65.293, "Actual Rows": 869710, "Actual Loops": 3}, {"Node Type": "Hash", "Parent Relationship": "Inner", "Parallel Aware": true, "Startup Cost": 50884.94, "Total Cost": 50884.94, "Plan Rows": 4, "Plan Width": 8, "Actual Startup Time": 261.633, "Actual Total Time": 261.636, "Actual Rows": 1795, "Actual Loops": 3, "Hash Buckets": 4096, "Original Hash Buckets": 1024, "Hash Batches": 1, "Original Hash Batches": 1, "Peak Memory Usage": 312, "Plans": [{"Node Type": "Nested Loop", "Parent Relationship": "Outer", "Parallel Aware": false, "Join Type": "Inner", "Startup Cost": 2626.57, "Total Cost": 50884.94, "Plan Rows": 4, "Plan Width": 8, "Actual Startup Time": 10.601, "Actual Total Time": 253.945, "Actual Rows": 1795, "Actual Loops": 3, "Inner Unique": true, "Plans": [{"Node Type": "Hash Join", "Parent Relationship": "Outer", "Parallel Aware": false, "Join Type": "Inner", "Startup Cost": 2626.14, "Total Cost": 50878.05, "Plan Rows": 14, "Plan Width": 4, "Actual Startup Time": 10.493, "Actual Total Time": 214.135, "Actual Rows": 13947, "Actual Loops": 3, "Inner Unique": true, "Hash Cond": "(mk.keyword_id = k.id)", "Plans": [{"Node Type": "Seq Scan", "Parent Relationship": "Outer", "Parallel Aware": true, "Relation Name": "movie_keyword", "Alias": "mk", "Startup Cost": 0.0, "Total Cost": 43303.71, "Plan Rows": 1884971, "Plan Width": 8, "Actual Startup Time": 0.009, "Actual Total Time": 98.969, "Actual Rows": 1507977, "Actual Loops": 3}, {"Node Type": "Hash", "Parent Relationship": "Inner", "Parallel Aware": false, "Startup Cost": 2626.12, "Total Cost": 2626.12, "Plan Rows": 1, "Plan Width": 4, "Actual Startup Time": 10.435, "Actual Total Time": 10.435, "Actual Rows": 1, "Actual Loops": 3, "Hash Buckets": 1024, "Original Hash Buckets": 1024, "Hash Batches": 1, "Original Hash Batches": 1, "Peak Memory Usage": 9, "Plans": [{"Node Type": "Seq Scan", "Parent Relationship": "Outer", "Parallel Aware": false, "Relation Name": "keyword", "Alias": "k", "Startup Cost": 0.0, "Total Cost": 2626.12, "Plan Rows": 1, "Plan Width": 4, "Actual Startup Time": 0.486, "Actual Total Time": 10.429, "Actual Rows": 1, "Actual Loops": 3, "Filter": "((keyword)::text = 'character-name-in-title'::text)", "Rows Removed by Filter": 134169}]}]}, {"Node Type": "Index Scan", "Parent Relationship": "Inner", "Parallel Aware": false, "Scan Direction": "Forward", "Index Name": "title_pkey", "Relation Name": "title", "Alias": "t", "Startup Cost": 0.43, "Total Cost": 0.49, "Plan Rows": 1, "Plan Width": 4, "Actual Startup Time": 0.003, "Actual Total Time": 0.003, "Actual Rows": 0, "Actual Loops": 41840, "Index Cond": "(id = mk.movie_id)", "Rows Removed by Index Recheck": 0, "Filter": "((episode_nr >= 5) AND (episode_nr < 100))", "Rows Removed by Filter": 1}]}]}]}, {"Node Type": "Index Scan", "Parent Relationship": "Inner", "Parallel Aware": false, "Scan Direction": "Forward", "Index Name": "company_name_pkey", "Relation Name": "company_name", "Alias": "cn", "Startup Cost": 0.42, "Total Cost": 0.45, "Plan Rows": 1, "Plan Width": 4, "Actual Startup Time": 0.001, "Actual Total Time": 0.001, "Actual Rows": 1, "Actual Loops": 8661, "Index Cond": "(id = mc.company_id)", "Rows Removed by Index Recheck": 0, "Filter": "((country_code)::text = '[us]'::text)", "Rows Removed by Filter": 0}]}]}]}, {"Node Type": "Index Only Scan", "Parent Relationship": "Inner", "Parallel Aware": false, "Scan Direction": "Forward", "Index Name": "name_pkey", "Relation Name": "name", "Alias": "n", "Startup Cost": 0.43, "Total Cost": 0.46, "Plan Rows": 1, "Plan Width": 4, "Actual Startup Time": 0.002, "Actual Total Time": 0.002, "Actual Rows": 1, "Actual Loops": 169273, "Index Cond": "(id = ci.person_id)", "Rows Removed by Index Recheck": 0, "Heap Fetches": 169273}]}]}]}]}]}]}, "Planning Time": 86.134, "Triggers": [], "Execution Time": 2767.972}]
[{"Bao": {"Bao prediction": "NaN", "Bao recommended hint": "(no hint)"}}, {"Plan": {"Node Type": "Aggregate", "Strategy": "Plain", "Partial Mode": "Simple", "Parallel Aware": false, "Startup Cost": 85653.07, "Total Cost": 85653.08, "Plan Rows": 1, "Plan Width": 8, "Actual Startup Time": 503.268, "Actual Total Time": 513.791, "Actual Rows": 1, "Actual Loops": 1, "Plans": [{"Node Type": "Gather", "Parent Relationship": "Outer", "Parallel Aware": false, "Startup Cost": 51879.08, "Total Cost": 85653.07, "Plan Rows": 2, "Plan Width": 0, "Actual Startup Time": 244.602, "Actual Total Time": 513.513, "Actual Rows": 5228, "Actual Loops": 1, "Workers Planned": 2, "Workers Launched": 2, "Single Copy": false, "Plans": [{"Node Type": "Nested Loop", "Parent Relationship": "Outer", "Parallel Aware": false, "Join Type": "Inner", "Startup Cost": 50879.08, "Total Cost": 84652.87, "Plan Rows": 1, "Plan Width": 0, "Actual Startup Time": 242.734, "Actual Total Time": 500.627, "Actual Rows": 1743, "Actual Loops": 3, "Inner Unique": true, "Join Filter": "(mc.movie_id = t.id)", "Rows Removed by Join Filter": 0, "Plans": [{"Node Type": "Nested Loop", "Parent Relationship": "Outer", "Parallel Aware": false, "Join Type": "Inner", "Startup Cost": 50878.65, "Total Cost": 84652.37, "Plan Rows": 1, "Plan Width": 8, "Actual Startup Time": 242.703, "Actual Total Time": 494.917, "Actual Rows": 1743, "Actual Loops": 3, "Inner Unique": true, "Plans": [{"Node Type": "Hash Join", "Parent Relationship": "Outer", "Parallel Aware": true, "Join Type": "Inner", "Startup Cost": 50878.23, "Total Cost": 84616.69, "Plan Rows": 80, "Plan Width": 12, "Actual Startup Time": 241.735, "Actual Total Time": 400.587, "Actual Rows": 49517, "Actual Loops": 3, "Inner Unique": false, "Hash Cond": "(mc.movie_id = mk.movie_id)", "Plans": [{"Node Type": "Seq Scan", "Parent Relationship": "Outer", "Parallel Aware": true, "Relation Name": "movie_companies", "Alias": "mc", "Startup Cost": 0.0, "Total Cost": 29661.37, "Plan Rows": 1087137, "Plan Width": 8, "Actual Startup Time": 0.026, "Actual Total Time": 62.652, "Actual Rows": 869710, "Actual Loops": 3}, {"Node Type": "Hash", "Parent Relationship": "Inner", "Parallel Aware": true, "Startup Cost": 50878.05, "Total Cost": 50878.05, "Plan Rows": 14, "Plan Width": 4, "Actual Startup Time": 241.306, "Actual Total Time": 241.307, "Actual Rows": 13947, "Actual Loops": 3, "Hash Buckets": 65536, "Original Hash Buckets": 1024, "Hash Batches": 1, "Original Hash Batches": 1, "Peak Memory Usage": 2680, "Plans": [{"Node Type": "Hash Join", "Parent Relationship": "Outer", "Parallel Aware": false, "Join Type": "Inner", "Startup Cost": 2626.14, "Total Cost": 50878.05, "Plan Rows": 14, "Plan Width": 4, "Actual Startup Time": 10.494, "Actual Total Time": 219.249, "Actual Rows": 13947, "Actual Loops": 3, "Inner Unique": true, "Hash Cond": "(mk.keyword_id = k.id)", "Plans": [{"Node Type": "Seq Scan", "Parent Relationship": "Outer", "Parallel Aware": true, "Relation Name": "movie_keyword", "Alias": "mk", "Startup Cost": 0.0, "Total Cost": 43303.71, "Plan Rows": 1884971, "Plan Width": 8, "Actual Startup Time": 0.009, "Actual Total Time": 104.215, "Actual Rows": 1507977, "Actual Loops": 3}, {"Node Type": "Hash", "Parent Relationship": "Inner", "Parallel Aware": false, "Startup Cost": 2626.12, "Total Cost": 2626.12, "Plan Rows": 1, "Plan Width": 4, "Actual Startup Time": 10.452, "Actual Total Time": 10.452, "Actual Rows": 1, "Actual Loops": 3, "Hash Buckets": 1024, "Original Hash Buckets": 1024, "Hash Batches": 1, "Original Hash Batches": 1, "Peak Memory Usage": 9, "Plans": [{"Node Type": "Seq Scan", "Parent Relationship": "Outer", "Parallel Aware": false, "Relation Name": "keyword", "Alias": "k", "Startup Cost": 0.0, "Total Cost": 2626.12, "Plan Rows": 1, "Plan Width": 4, "Actual Startup Time": 0.524, "Actual Total Time": 10.448, "Actual Rows": 1, "Actual Loops": 3, "Filter": "((keyword)::text = 'character-name-in-title'::text)", "Rows Removed by Filter": 134169}]}]}]}]}, {"Node Type": "Index Scan", "Parent Relationship": "Inner", "Parallel Aware": false, "Scan Direction": "Forward", "Index Name": "company_name_pkey", "Relation Name": "company_name", "Alias": "cn", "Startup Cost": 0.42, "Total Cost": 0.45, "Plan Rows": 1, "Plan Width": 4, "Actual Startup Time": 0.002, "Actual Total Time": 0.002, "Actual Rows": 0, "Actual Loops": 148552, "Index Cond": "(id = mc.company_id)", "Rows Removed by Index Recheck": 0, "Filter": "((country_code)::text = '[nl]'::text)", "Rows Removed by Filter": 1}]}, {"Node Type": "Index Only Scan", "Parent Relationship": "Inner", "Parallel Aware": false, "Scan Direction": "Forward", "Index Name": "title_pkey", "Relation Name": "title", "Alias": "t", "Startup Cost": 0.43, "Total Cost": 0.49, "Plan Rows": 1, "Plan Width": 4, "Actual Startup Time": 0.003, "Actual Total Time": 0.003, "Actual Rows": 1, "Actual Loops": 5228, "Index Cond": "(id = mk.movie_id)", "Rows Removed by Index Recheck": 0, "Heap Fetches": 5228}]}]}]}, "Planning Time": 78.039, "Triggers": [], "Execution Time": 513.845}]
[{"Bao": {"Bao prediction": "NaN", "Bao recommended hint": "(no hint)"}}, {"Plan": {"Node Type": "Aggregate", "Strategy": "Plain", "Partial Mode": "Finalize", "Parallel Aware": false, "Startup Cost": 580748.48, "Total Cost": 580748.49, "Plan Rows": 1, "Plan Width": 8, "Actual Startup Time": 7643.824, "Actual Total Time": 7732.595, "Actual Rows": 1, "Actual Loops": 1, "Plans": [{"Node Type": "Gather", "Parent Relationship": "Outer", "Parallel Aware": false, "Startup Cost": 580748.27, "Total Cost": 580748.48, "Plan Rows": 2, "Plan Width": 8, "Actual Startup Time": 7641.809, "Actual Total Time": 7732.589, "Actual Rows": 3, "Actual Loops": 1, "Workers Planned": 2, "Workers Launched": 2, "Single Copy": false, "Plans": [{"Node Type": "Aggregate", "Strategy": "Plain", "Partial Mode": "Partial", "Parent Relationship": "Outer", "Parallel Aware": false, "Startup Cost": 579748.27, "Total Cost": 579748.28, "Plan Rows": 1, "Plan Width": 8, "Actual Startup Time": 7639.373, "Actual Total Time": 7639.385, "Actual Rows": 1, "Actual Loops": 3, "Plans": [{"Node Type": "Hash Join", "Parent Relationship": "Outer", "Parallel Aware": true, "Join Type": "Inner", "Startup Cost": 562595.7, "Total Cost": 579235.99, "Plan Rows": 204910, "Plan Width": 0, "Actual Startup Time": 7420.251, "Actual Total Time": 7602.092, "Actual Rows": 829204, "Actual Loops": 3, "Inner Unique": false, "Hash Cond": "(a1.person_id = n1.id)", "Plans": [{"Node Type": "Seq Scan", "Parent Relationship": "Outer", "Parallel Aware": true, "Relation Name": "aka_name", "Alias": "a1", "Startup Cost": 0.0, "Total Cost": 15151.6, "Plan Rows": 375560, "Plan Width": 4, "Actual Startup Time": 0.017, "Actual Total Time": 26.519, "Actual Rows": 300448, "Actual Loops": 3}, {"Node Type": "Hash", "Parent Relationship": "Inner", "Parallel Aware": true, "Startup Cost": 561481.05, "Total Cost": 561481.05, "Plan Rows": 89172, "Plan Width": 8, "Actual Startup Time": 7340.439, "Actual Total Time": 7340.448, "Actual Rows": 656886, "Actual Loops": 3, "Hash Buckets": 131072, "Original Hash Buckets": 262144, "Hash Batches": 32, "Original Hash Batches": 1, "Peak Memory Usage": 3840, "Plans": [{"Node Type": "Hash Join", "Parent Relationship": "Outer", "Parallel Aware": true, "Join Type": "Inner", "Startup Cost": 527127.79, "Total Cost": 561481.05, "Plan Rows": 89172, "Plan Width": 8, "Actual Startup Time": 6977.185, "Actual Total Time": 7187.083, "Actual Rows": 656886, "Actual Loops": 3, "Inner Unique": false, "Hash Cond": "(mc.movie_id = ci.movie_id)", "Plans": [{"Node Type": "Hash Join", "Parent Relationship": "Outer", "Parallel Aware": true, "Join Type": "Inner", "Startup Cost": 5344.51, "Total Cost": 37859.67, "Plan Rows": 391078, "Plan Width": 4, "Actual Startup Time": 13.823, "Actual Total Time": 204.982, "Actual Rows": 384599, "Actual Loops": 3, "Inner Unique": true, "Hash Cond": "(mc.company_id = cn.id)", "Plans": [{"Node Type": "Seq Scan", "Parent Relationship": "Outer", "Parallel Aware": true, "Relation Name": "movie_companies", "Alias": "mc", "Startup Cost": 0.0, "Total Cost": 29661.37, "Plan Rows": 1087137, "Plan Width": 8, "Actual Startup Time": 0.007, "Actual Total Time": 64.914, "Actual Rows": 869710, "Actual Loops": 3}, {"Node Type": "Hash", "Parent Relationship": "Inner", "Parallel Aware": true, "Startup Cost": 4722.92, "Total Cost": 4722.92, "Plan Rows": 49727, "Plan Width": 4, "Actual Startup Time": 13.664, "Actual Total Time": 13.665, "Actual Rows": 28281, "Actual Loops": 3, "Hash Buckets": 131072, "Original Hash Buckets": 131072, "Hash Batches": 1, "Original Hash Batches": 1, "Peak Memory Usage": 4416, "Plans": [{"Node Type": "Seq Scan", "Parent Relationship": "Outer", "Parallel Aware": true, "Relation Name": "company_name", "Alias": "cn", "Startup Cost": 0.0, "Total Cost": 4722.92, "Plan Rows": 49727, "Plan Width": 4, "Actual Startup Time": 0.021, "Actual Total Time": 9.472, "Actual Rows": 28281, "Actual Loops": 3, "Filter": "((country_code)::text = '[us]'::text)", "Rows Removed by Filter": 50051}]}]}, {"Node Type": "Hash", "Parent Relationship": "Inner", "Parallel Aware": true, "Startup Cost": 520720.24, "Total Cost": 520720.24, "Plan Rows": 85044, "Plan Width": 16, "Actual Startup Time": 6718.814, "Actual Total Time": 6718.816, "Actual Rows": 909648, "Actual Loops": 3, "Hash Buckets": 65536, "Original Hash Buckets": 262144, "Hash Batches": 64, "Original Hash Batches": 1, "Peak Memory Usage": 2592, "Plans": [{"Node Type": "Nested Loop", "Parent Relationship": "Outer", "Parallel Aware": false, "Join Type": "Inner", "Startup Cost": 19.79, "Total Cost": 520720.24, "Plan Rows": 85044, "Plan Width": 16, "Actual Startup Time": 1249.504, "Actual Total Time": 6366.43, "Actual Rows": 909648, "Actual Loops": 3, "Inner Unique": true, "Plans": [{"Node Type": "Nested Loop", "Parent Relationship": "Outer", "Parallel Aware": false, "Join Type": "Inner", "Startup Cost": 19.36, "Total Cost": 482240.5, "Plan Rows": 85044, "Plan Width": 12, "Actual Startup Time": 1249.466, "Actual Total Time": 3842.811, "Actual Rows": 909648, "Actual Loops": 3, "Inner Unique": true, "Plans": [{"Node Type": "Hash Join", "Parent Relationship": "Outer", "Parallel Aware": false, "Join Type": "Inner", "Startup Cost": 18.93, "Total Cost": 443520.17, "Plan Rows": 85044, "Plan Width": 8, "Actual Startup Time": 1249.425, "Actual Total Time": 2024.437, "Actual Rows": 909648, "Actual Loops": 3, "Inner Unique": true, "Hash Cond": "(ci.role_id = rt.id)", "Plans": [{"Node Type": "Seq Scan", "Parent Relationship": "Outer", "Parallel Aware": true, "Relation Name": "cast_info", "Alias": "ci", "Startup Cost": 0.0, "Total Cost": 403639.65, "Plan Rows": 15095265, "Plan Width": 12, "Actual Startup Time": 0.014, "Actual Total Time": 873.311, "Actual Rows": 12081448, "Actual Loops": 3}, {"Node Type": "Hash", "Parent Relationship": "Inner", "Parallel Aware": false, "Startup Cost": 18.88, "Total Cost": 18.88, "Plan Rows": 4, "Plan Width": 4, "Actual Startup Time": 0.026, "Actual Total Time": 0.026, "Actual Rows": 1, "Actual Loops": 3, "Hash Buckets": 1024, "Original Hash Buckets": 1024, "Hash Batches": 1, "Original Hash Batches": 1, "Peak Memory Usage": 9, "Plans": [{"Node Type": "Seq Scan", "Parent Relationship": "Outer", "Parallel Aware": false, "Relation Name": "role_type", "Alias": "rt", "Startup Cost": 0.0, "Total Cost": 18.88, "Plan Rows": 4, "Plan Width": 4, "Actual Startup Time": 0.02, "Actual Total Time": 0.021, "Actual Rows": 1, "Actual Loops": 3, "Filter": "((role)::text = 'writer'::text)", "Rows Removed by Filter": 11}]}]}, {"Node Type": "Index Only Scan", "Parent Relationship": "Inner", "Parallel Aware": false, "Scan Direction": "Forward", "Index Name": "name_pkey", "Relation Name": "name", "Alias": "n1", "Startup Cost": 0.43, "Total Cost": 0.46, "Plan Rows": 1, "Plan Width": 4, "Actual Startup Time": 0.002, "Actual Total Time": 0.002, "Actual Rows": 1, "Actual Loops": 2728943, "Index Cond": "(id = ci.person_id)", "Rows Removed by Index Recheck": 0, "Heap Fetches": 2728943}]}, {"Node Type": "Index Only Scan", "Parent Relationship": "Inner", "Parallel Aware": false, "Scan Direction": "Forward", "Index Name": "title_pkey", "Relation Name": "title", "Alias": "t", "Startup Cost": 0.43, "Total Cost": 0.45, "Plan Rows": 1, "Plan Width": 4, "Actual Startup Time": 0.002, "Actual Total Time": 0.002, "Actual Rows": 1, "Actual Loops": 2728943, "Index Cond": "(id = ci.movie_id)", "Rows Removed by Index Recheck": 0, "Heap Fetches": 2728943}]}]}]}]}]}]}]}]}, "Planning Time": 79.302, "Triggers": [], "Execution Time": 7732.669}]
[{"Bao": {"Bao prediction": "NaN", "Bao recommended hint": "(no hint)"}}, {"Plan": {"Node Type": "Aggregate", "Strategy": "Plain", "Partial Mode": "Simple", "Parallel Aware": false, "Startup Cost": 360322.39, "Total Cost": 360322.4, "Plan Rows": 1, "Plan Width": 8, "Actual Startup Time": 1259.891, "Actual Total Time": 1293.496, "Actual Rows": 1, "Actual Loops": 1, "Plans": [{"Node Type": "Nested Loop", "Parent Relationship": "Outer", "Parallel Aware": false, "Join Type": "Inner", "Startup Cost": 344726.34, "Total Cost": 360322.39, "Plan Rows": 1, "Plan Width": 0, "Actual Startup Time": 1245.921, "Actual Total Time": 1293.484, "Actual Rows": 148, "Actual Loops": 1, "Inner Unique": true, "Plans": [{"Node Type": "Gather", "Parent Relationship": "Outer", "Parallel Aware": false, "Startup Cost": 344726.2, "Total Cost": 360322.2, "Plan Rows": 1, "Plan Width": 4, "Actual Startup Time": 1245.91, "Actual Total Time": 1293.293, "Actual Rows": 224, "Actual Loops": 1, "Workers Planned": 2, "Workers Launched": 2, "Single Copy": false, "Plans": [{"Node Type": "Hash Join", "Parent Relationship": "Outer", "Parallel Aware": true, "Join Type": "Inner", "Startup Cost": 343726.2, "Total Cost": 359322.1, "Plan Rows": 1, "Plan Width": 4, "Actual Startup Time": 1211.91, "Actual Total Time": 1257.224, "Actual Rows": 75, "Actual Loops": 3, "Inner Unique": false, "Hash Cond": "(mi_idx.movie_id = t.id)", "Plans": [{"Node Type": "Seq Scan", "Parent Relationship": "Outer", "Parallel Aware": true, "Relation Name": "movie_info_idx", "Alias": "mi_idx", "Startup Cost": 0.0, "Total Cost": 15122.68, "Plan Rows": 126190, "Plan Width": 8, "Actual Startup Time": 0.02, "Actual Total Time": 67.977, "Actual Rows": 99992, "Actual Loops": 3, "Filter": "((info)::text > '6.5'::text)", "Rows Removed by Filter": 360020}, {"Node Type": "Hash", "Parent Relationship": "Inner", "Parallel Aware": true, "Startup Cost": 343726.19, "Total Cost": 343726.19, "Plan Rows": 1, "Plan Width": 20, "Actual Startup Time": 1183.022, "Actual Total Time": 1183.037, "Actual Rows": 70, "Actual Loops": 3, "Hash Buckets": 1024, "Original Hash Buckets": 1024, "Hash Batches": 1, "Original Hash Batches": 1, "Peak Memory Usage": 104, "Plans": [{"Node Type": "Nested Loop", "Parent Relationship": "Outer", "Parallel Aware": false, "Join Type": "Inner", "Startup Cost": 293353.66, "Total Cost": 343726.19, "Plan Rows": 1, "Plan Width": 20, "Actual Startup Time": 990.839, "Actual Total Time": 1182.972, "Actual Rows": 70, "Actual Loops": 3, "Inner Unique": true, "Plans": [{"Node Type": "Nested Loop", "Parent Relationship": "Outer", "Parallel Aware": false, "Join Type": "Inner", "Startup Cost": 293353.24, "Total Cost": 343725.64, "Plan Rows": 1, "Plan Width": 24, "Actual Startup Time": 990.822, "Actual Total Time": 1182.665, "Actual Rows": 71, "Actual Loops": 3, "Inner Unique": true, "Plans": [{"Node Type": "Hash Join", "Parent Relationship": "Outer", "Parallel Aware": true, "Join Type": "Inner", "Startup Cost": 293352.82, "Total Cost": 343725.18, "Plan Rows": 1, "Plan Width": 28, "Actual Startup Time": 966.847, "Actual Total Time": 1172.768, "Actual Rows": 6417, "Actual Loops": 3, "Inner Unique": false, "Hash Cond": "(mk.movie_id = t.id)", "Plans": [{"Node Type": "Seq Scan", "Parent Relationship": "Outer", "Parallel Aware": true, "Relation Name": "movie_keyword", "Alias": "mk", "Startup Cost": 0.0, "Total Cost": 43303.71, "Plan Rows": 1884971, "Plan Width": 8, "Actual Startup Time": 0.021, "Actual Total Time": 105.359, "Actual Rows": 1507977, "Actual Loops": 3}, {"Node Type": "Hash", "Parent Relationship": "Inner", "Parallel Aware": true, "Startup Cost": 293352.81, "Total Cost": 293352.81, "Plan Rows": 1, "Plan Width": 20, "Actual Startup Time": 959.065, "Actual Total Time": 959.077, "Actual Rows": 127, "Actual Loops": 3, "Hash Buckets": 1024, "Original Hash Buckets": 1024, "Hash Batches": 1, "Original Hash Batches": 1, "Peak Memory Usage": 104, "Plans": [{"Node Type": "Nested Loop", "Parent Relationship": "Outer", "Parallel Aware": false, "Join Type": "Inner", "Startup Cost": 258035.04, "Total Cost": 293352.81, "Plan Rows": 1, "Plan Width": 20, "Actual Startup Time": 820.64, "Actual Total Time": 958.986, "Actual Rows": 127, "Actual Loops": 3, "Inner Unique": true, "Plans": [{"Node Type": "Nested Loop", "Parent Relationship": "Outer", "Parallel Aware": false, "Join Type": "Inner", "Startup Cost": 258034.89, "Total Cost": 293352.64, "Plan Rows": 1, "Plan Width": 24, "Actual Startup Time": 820.63, "Actual Total Time": 958.824, "Actual Rows": 141, "Actual Loops": 3, "Inner Unique": true, "Join Filter": "(mi.movie_id = t.id)", "Rows Removed by Join Filter": 0, "Plans": [{"Node Type": "Nested Loop", "Parent Relationship": "Outer", "Parallel Aware": false, "Join Type": "Inner", "Startup Cost": 258034.46, "Total Cost": 293350.89, "Plan Rows": 1, "Plan Width": 16, "Actual Startup Time": 820.605, "Actual Total Time": 956.603, "Actual Rows": 690, "Actual Loops": 3, "Inner Unique": true, "Plans": [{"Node Type": "Nested Loop", "Parent Relationship": "Outer", "Parallel Aware": false, "Join Type": "Inner", "Startup Cost": 258034.31, "Total Cost": 293350.72, "Plan Rows": 1, "Plan Width": 20, "Actual Startup Time": 820.587, "Actual Total Time": 955.962, "Actual Rows": 690, "Actual Loops": 3, "Inner Unique": true, "Plans": [{"Node Type": "Hash Join", "Parent Relationship": "Outer", "Parallel Aware": true, "Join Type": "Inner", "Startup Cost": 258034.16, "Total Cost": 293350.55, "Plan Rows": 1, "Plan Width": 24, "Actual Startup Time": 820.571, "Actual Total Time": 955.217, "Actual Rows": 781, "Actual Loops": 3, "Inner Unique": false, "Hash Cond": "(mc.movie_id = mi.movie_id)", "Plans": [{"Node Type": "Seq Scan", "Parent Relationship": "Outer", "Parallel Aware": true, "Relation Name": "movie_companies", "Alias": "mc", "Startup Cost": 0.0, "Total Cost": 35097.06, "Plan Rows": 58487, "Plan Width": 12, "Actual Startup Time": 0.027, "Actual Total Time": 127.774, "Actual Rows": 101090, "Actual Loops": 3, "Filter": "(((note)::text !~~ '%(USA)%'::text) AND ((note)::text ~~ '%(200%)%'::text))", "Rows Removed by Filter": 768619}, {"Node Type": "Hash", "Parent Relationship": "Inner", "Parallel Aware": true, "Startup Cost": 258034.15, "Total Cost": 258034.15, "Plan Rows": 1, "Plan Width": 12, "Actual Startup Time": 820.052, "Actual Total Time": 820.06, "Actual Rows": 735, "Actual Loops": 3, "Hash Buckets": 4096, "Original Hash Buckets": 1024, "Hash Batches": 1, "Original Hash Batches": 1, "Peak Memory Usage": 216, "Plans": [{"Node Type": "Hash Join", "Parent Relationship": "Outer", "Parallel Aware": false, "Join Type": "Inner", "Startup Cost": 2469.44, "Total Cost": 258034.15, "Plan Rows": 1, "Plan Width": 12, "Actual Startup Time": 624.336, "Actual Total Time": 773.788, "Actual Rows": 735, "Actual Loops": 3, "Inner Unique": true, "Hash Cond": "(mi.info_type_id = it1.id)", "Plans": [{"Node Type": "Hash Join", "Parent Relationship": "Outer", "Parallel Aware": false, "Join Type": "Inner", "Startup Cost": 2467.01, "Total Cost": 258031.42, "Plan Rows": 110, "Plan Width": 16, "Actual Startup Time": 29.695, "Actual Total Time": 773.562, "Actual Rows": 1857, "Actual Loops": 3, "Inner Unique": false, "Hash Cond": "(mi.movie_id = cc.movie_id)", "Plans": [{"Node Type": "Seq Scan", "Parent Relationship": "Outer", "Parallel Aware": true, "Relation Name": "movie_info", "Alias": "mi", "Startup Cost": 0.0, "Total Cost": 255356.52, "Plan Rows": 55142, "Plan Width": 8, "Actual Startup Time": 0.32, "Actual Total Time": 735.866, "Actual Rows": 44746, "Actual Loops": 3, "Filter": "((info)::text = ANY ('{Sweden,Germany,Swedish,German}'::text[]))", "Rows Removed by Filter": 4900494}, {"Node Type": "Hash", "Parent Relationship": "Inner", "Parallel Aware": false, "Startup Cost": 2457.5, "Total Cost": 2457.5, "Plan Rows": 761, "Plan Width": 8, "Actual Startup Time": 29.021, "Actual Total Time": 29.027, "Actual Rows": 49145, "Actual Loops": 3, "Hash Buckets": 65536, "Original Hash Buckets": 1024, "Hash Batches": 1, "Original Hash Batches": 1, "Peak Memory Usage": 2432, "Plans": [{"Node Type": "Hash Join", "Parent Relationship": "Outer", "Parallel Aware": false, "Join Type": "Inner", "Startup Cost": 18.93, "Total Cost": 2457.5, "Plan Rows": 761, "Plan Width": 8, "Actual Startup Time": 11.976, "Actual Total Time": 23.236, "Actual Rows": 49145, "Actual Loops": 3, "Inner Unique": true, "Hash Cond": "(cc.subject_id = cct1.id)", "Plans": [{"Node Type": "Seq Scan", "Parent Relationship": "Outer", "Parallel Aware": false, "Relation Name": "complete_cast", "Alias": "cc", "Startup Cost": 0.0, "Total Cost": 2081.86, "Plan Rows": 135086, "Plan Width": 12, "Actual Startup Time": 0.012, "Actual Total Time": 9.425, "Actual Rows": 135086, "Actual Loops": 3}, {"Node Type": "Hash", "Parent Relationship": "Inner", "Parallel Aware": false, "Startup Cost": 18.88, "Total Cost": 18.88, "Plan Rows": 4, "Plan Width": 4, "Actual Startup Time": 0.009, "Actual Total Time": 0.014, "Actual Rows": 1, "Actual Loops": 3, "Hash Buckets": 1024, "Original Hash Buckets": 1024, "Hash Batches": 1, "Original Hash Batches": 1, "Peak Memory Usage": 9, "Plans": [{"Node Type": "Seq Scan", "Parent Relationship": "Outer", "Parallel Aware": false, "Relation Name": "comp_cast_type", "Alias": "cct1", "Startup Cost": 0.0, "Total Cost": 18.88, "Plan Rows": 4, "Plan Width": 4, "Actual Startup Time": 0.007, "Actual Total Time": 0.008, "Actual Rows": 1, "Actual Loops": 3, "Filter": "((kind)::text = 'crew'::text)", "Rows Removed by Filter": 3}]}]}]}]}, {"Node Type": "Hash", "Parent Relationship": "Inner", "Parallel Aware": false, "Startup Cost": 2.41, "Total Cost": 2.41, "Plan Rows": 1, "Plan Width": 4, "Actual Startup Time": 0.028, "Actual Total Time": 0.028, "Actual Rows": 1, "Actual Loops": 3, "Hash Buckets": 1024, "Original Hash Buckets": 1024, "Hash Batches": 1, "Original Hash Batches": 1, "Peak Memory Usage": 9, "Plans": [{"Node Type": "Seq Scan", "Parent Relationship": "Outer", "Parallel Aware": false, "Relation Name": "info_type", "Alias": "it1", "Startup Cost": 0.0, "Total Cost": 2.41, "Plan Rows": 1, "Plan Width": 4, "Actual Startup Time": 0.017, "Actual Total Time": 0.023, "Actual Rows": 1, "Actual Loops": 3, "Filter": "((info)::text = 'countries'::text)", "Rows Removed by Filter": 112}]}]}]}]}, {"Node Type": "Index Scan", "Parent Relationship": "Inner", "Parallel Aware": false, "Scan Direction": "Forward", "Index Name": "comp_cast_type_pkey", "Relation Name": "comp_cast_type", "Alias": "cct2", "Startup Cost": 0.15, "Total Cost": 0.17, "Plan Rows": 1, "Plan Width": 4, "Actual Startup Time": 0.001, "Actual Total Time": 0.001, "Actual Rows": 1, "Actual Loops": 2342, "Index Cond": "(id = cc.status_id)", "Rows Removed by Index Recheck": 0, "Filter": "((kind)::text <> 'complete+verified'::text)", "Rows Removed by Filter": 0}]}, {"Node Type": "Index Only Scan", "Parent Relationship": "Inner", "Parallel Aware": false, "Scan Direction": "Forward", "Index Name": "company_type_pkey", "Relation Name": "company_type", "Alias": "ct", "Startup Cost": 0.15, "Total Cost": 0.17, "Plan Rows": 1, "Plan Width": 4, "Actual Startup Time": 0.001, "Actual Total Time": 0.001, "Actual Rows": 1, "Actual Loops": 2071, "Index Cond": "(id = mc.company_type_id)", "Rows Removed by Index Recheck": 0, "Heap Fetches": 2071}]}, {"Node Type": "Index Scan", "Parent Relationship": "Inner", "Parallel Aware": false, "Scan Direction": "Forward", "Index Name": "title_pkey", "Relation Name": "title", "Alias": "t", "Startup Cost": 0.43, "Total Cost": 1.73, "Plan Rows": 1, "Plan Width": 8, "Actual Startup Time": 0.003, "Actual Total Time": 0.003, "Actual Rows": 0, "Actual Loops": 2071, "Index Cond": "(id = mc.movie_id)", "Rows Removed by Index Recheck": 0, "Filter": "(production_year > 2005)", "Rows Removed by Filter": 1}]}, {"Node Type": "Index Scan", "Parent Relationship": "Inner", "Parallel Aware": false, "Scan Direction": "Forward", "Index Name": "kind_type_pkey", "Relation Name": "kind_type", "Alias": "kt", "Startup Cost": 0.15, "Total Cost": 0.17, "Plan Rows": 1, "Plan Width": 4, "Actual Startup Time": 0.001, "Actual Total Time": 0.001, "Actual Rows": 1, "Actual Loops": 422, "Index Cond": "(id = t.kind_id)", "Rows Removed by Index Recheck": 0, "Filter": "((kind)::text = ANY ('{movie,episode}'::text[]))", "Rows Removed by Filter": 0}]}]}]}, {"Node Type": "Index Scan", "Parent Relationship": "Inner", "Parallel Aware": false, "Scan Direction": "Forward", "Index Name": "keyword_pkey", "Relation Name": "keyword", "Alias": "k", "Startup Cost": 0.42, "Total Cost": 0.44, "Plan Rows": 1, "Plan Width": 4, "Actual Startup Time": 0.001, "Actual Total Time": 0.001, "Actual Rows": 0, "Actual Loops": 19251, "Index Cond": "(id = mk.keyword_id)", "Rows Removed by Index Recheck": 0, "Filter": "((keyword)::text = ANY ('{murder,murder-in-title,blood,violence}'::text[]))", "Rows Removed by Filter": 1}]}, {"Node Type": "Index Scan", "Parent Relationship": "Inner", "Parallel Aware": false, "Scan Direction": "Forward", "Index Name": "company_name_pkey", "Relation Name": "company_name", "Alias": "cn", "Startup Cost": 0.42, "Total Cost": 0.55, "Plan Rows": 1, "Plan Width": 4, "Actual Startup Time": 0.004, "Actual Total Time": 0.004, "Actual Rows": 1, "Actual Loops": 212, "Index Cond": "(id = mc.company_id)", "Rows Removed by Index Recheck": 0, "Filter": "((country_code)::text <> '[us]'::text)", "Rows Removed by Filter": 0}]}]}]}]}, {"Node Type": "Index Scan", "Parent Relationship": "Inner", "Parallel Aware": false, "Scan Direction": "Forward", "Index Name": "info_type_pkey", "Relation Name": "info_type", "Alias": "it2", "Startup Cost": 0.14, "Total Cost": 0.16, "Plan Rows": 1, "Plan Width": 4, "Actual Startup Time": 0.001, "Actual Total Time": 0.001, "Actual Rows": 1, "Actual Loops": 224, "Index Cond": "(id = mi_idx.info_type_id)", "Rows Removed by Index Recheck": 0, "Filter": "((info)::text = 'rating'::text)", "Rows Removed by Filter": 0}]}]}, "Planning Time": 227.633, "Triggers": [], "Execution Time": 1293.615}]
[{"Bao": {"Bao prediction": "NaN", "Bao recommended hint": "(no hint)"}}, {"Plan": {"Node Type": "Aggregate", "Strategy": "Plain", "Partial Mode": "Simple", "Parallel Aware": false, "Startup Cost": 529286.17, "Total Cost": 529286.18, "Plan Rows": 1, "Plan Width": 8, "Actual Startup Time": 2049.899, "Actual Total Time": 2086.877, "Actual Rows": 1, "Actual Loops": 1, "Plans": [{"Node Type": "Nested Loop", "Parent Relationship": "Outer", "Parallel Aware": false, "Join Type": "Inner", "Startup Cost": 69036.75, "Total Cost": 529286.17, "Plan Rows": 1, "Plan Width": 0, "Actual Startup Time": 358.019, "Actual Total Time": 2086.84, "Actual Rows": 93, "Actual Loops": 1, "Inner Unique": true, "Plans": [{"Node Type": "Nested Loop", "Parent Relationship": "Outer", "Parallel Aware": false, "Join Type": "Inner", "Startup Cost": 69036.6, "Total Cost": 529285.99, "Plan Rows": 1, "Plan Width": 4, "Actual Startup Time": 358.005, "Actual Total Time": 2086.628, "Actual Rows": 180, "Actual Loops": 1, "Inner Unique": true, "Plans": [{"Node Type": "Gather", "Parent Relationship": "Outer", "Parallel Aware": false, "Startup Cost": 69036.17, "Total Cost": 529285.54, "Plan Rows": 1, "Plan Width": 8, "Actual Startup Time": 357.996, "Actual Total Time": 2086.194, "Actual Rows": 180, "Actual Loops": 1, "Workers Planned": 2, "Workers Launched": 2, "Single Copy": false, "Plans": [{"Node Type": "Nested Loop", "Parent Relationship": "Outer", "Parallel Aware": false, "Join Type": "Inner", "Startup Cost": 68036.17, "Total Cost": 528285.44, "Plan Rows": 1, "Plan Width": 8, "Actual Startup Time": 366.307, "Actual Total Time": 2047.245, "Actual Rows": 60, "Actual Loops": 3, "Inner Unique": true, "Plans": [{"Node Type": "Hash Join", "Parent Relationship": "Outer", "Parallel Aware": true, "Join Type": "Inner", "Startup Cost": 68035.74, "Total Cost": 528282.69, "Plan Rows": 6, "Plan Width": 12, "Actual Startup Time": 349.883, "Actual Total Time": 2044.643, "Actual Rows": 1351, "Actual Loops": 3, "Inner Unique": false, "Hash Cond": "(ci.movie_id = t.id)", "Plans": [{"Node Type": "Seq Scan", "Parent Relationship": "Outer", "Parallel Aware": true, "Relation Name": "cast_info", "Alias": "ci", "Startup Cost": 0.0, "Total Cost": 403639.65, "Plan Rows": 15095265, "Plan Width": 12, "Actual Startup Time": 0.037, "Actual Total Time": 851.113, "Actual Rows": 12081448, "Actual Loops": 3}, {"Node Type": "Hash", "Parent Relationship": "Inner", "Parallel Aware": true, "Startup Cost": 68035.72, "Total Cost": 68035.72, "Plan Rows": 1, "Plan Width": 20, "Actual Startup Time": 342.577, "Actual Total Time": 342.586, "Actual Rows": 3, "Actual Loops": 3, "Hash Buckets": 1024, "Original Hash Buckets": 1024, "Hash Batches": 1, "Original Hash Batches": 1, "Peak Memory Usage": 104, "Plans": [{"Node Type": "Nested Loop", "Parent Relationship": "Outer", "Parallel Aware": false, "Join Type": "Inner", "Startup Cost": 17663.33, "Total Cost": 68035.72, "Plan Rows": 1, "Plan Width": 20, "Actual Startup Time": 258.758, "Actual Total Time": 342.503, "Actual Rows": 3, "Actual Loops": 3, "Inner Unique": true, "Plans": [{"Node Type": "Hash Join", "Parent Relationship": "Outer", "Parallel Aware": true, "Join Type": "Inner", "Startup Cost": 17662.91, "Total Cost": 68035.27, "Plan Rows": 1, "Plan Width": 24, "Actual Startup Time": 184.899, "Actual Total Time": 338.566, "Actual Rows": 1788, "Actual Loops": 3, "Inner Unique": false, "Hash Cond": "(mk.movie_id = t.id)", "Plans": [{"Node Type": "Seq Scan", "Parent Relationship": "Outer", "Parallel Aware": true, "Relation Name": "movie_keyword", "Alias": "mk", "Startup Cost": 0.0, "Total Cost": 43303.71, "Plan Rows": 1884971, "Plan Width": 8, "Actual Startup Time": 0.013, "Actual Total Time": 103.604, "Actual Rows": 1507977, "Actual Loops": 3}, {"Node Type": "Hash", "Parent Relationship": "Inner", "Parallel Aware": true, "Startup Cost": 17662.9, "Total Cost": 17662.9, "Plan Rows": 1, "Plan Width": 16, "Actual Startup Time": 132.452, "Actual Total Time": 132.459, "Actual Rows": 16, "Actual Loops": 3, "Hash Buckets": 1024, "Original Hash Buckets": 1024, "Hash Batches": 1, "Original Hash Batches": 1, "Peak Memory Usage": 104, "Plans": [{"Node Type": "Nested Loop", "Parent Relationship": "Outer", "Parallel Aware": false, "Join Type": "Inner", "Startup Cost": 2460.56, "Total Cost": 17662.9, "Plan Rows": 1, "Plan Width": 16, "Actual Startup Time": 84.324, "Actual Total Time": 132.129, "Actual Rows": 16, "Actual Loops": 3, "Inner Unique": true, "Plans": [{"Node Type": "Nested Loop", "Parent Relationship": "Outer", "Parallel Aware": false, "Join Type": "Inner", "Startup Cost": 2460.41, "Total Cost": 17662.72, "Plan Rows": 1, "Plan Width": 20, "Actual Startup Time": 50.062, "Actual Total Time": 131.621, "Actual Rows": 530, "Actual Loops": 3, "Inner Unique": true, "Plans": [{"Node Type": "Nested Loop", "Parent Relationship": "Outer", "Parallel Aware": false, "Join Type": "Inner", "Startup Cost": 2459.98, "Total Cost": 17660.94, "Plan Rows": 1, "Plan Width": 12, "Actual Startup Time": 49.167, "Actual Total Time": 126.3, "Actual Rows": 1327, "Actual Loops": 3, "Inner Unique": true, "Plans": [{"Node Type": "Hash Join", "Parent Relationship": "Outer", "Parallel Aware": false, "Join Type": "Inner", "Startup Cost": 2459.84, "Total Cost": 17659.62, "Plan Rows": 8, "Plan Width": 16, "Actual Startup Time": 49.133, "Actual Total Time": 122.339, "Actual Rows": 4016, "Actual Loops": 3, "Inner Unique": false, "Hash Cond": "(mi_idx.movie_id = cc.movie_id)", "Plans": [{"Node Type": "Seq Scan", "Parent Relationship": "Outer", "Parallel Aware": true, "Relation Name": "movie_info_idx", "Alias": "mi_idx", "Startup Cost": 0.0, "Total Cost": 15122.68, "Plan Rows": 20538, "Plan Width": 8, "Actual Startup Time": 0.038, "Actual Total Time": 62.455, "Actual Rows": 17883, "Actual Loops": 3, "Filter": "((info)::text > '8.0'::text)", "Rows Removed by Filter": 442129}, {"Node Type": "Hash", "Parent Relationship": "Inner", "Parallel Aware": false, "Startup Cost": 2457.46, "Total Cost": 2457.46, "Plan Rows": 190, "Plan Width": 8, "Actual Startup Time": 49.03, "Actual Total Time": 49.031, "Actual Rows": 135086, "Actual Loops": 3, "Hash Buckets": 131072, "Original Hash Buckets": 1024, "Hash Batches": 2, "Original Hash Batches": 1, "Peak Memory Usage": 3659, "Plans": [{"Node Type": "Hash Join", "Parent Relationship": "Outer", "Parallel Aware": false, "Join Type": "Inner", "Startup Cost": 18.89, "Total Cost": 2457.46, "Plan Rows": 190, "Plan Width": 8, "Actual Startup Time": 0.042, "Actual Total Time": 30.53, "Actual Rows": 135086, "Actual Loops": 3, "Inner Unique": true, "Hash Cond": "(cc.status_id = cct2.id)", "Plans": [{"Node Type": "Seq Scan", "Parent Relationship": "Outer", "Parallel Aware": false, "Relation Name": "complete_cast", "Alias": "cc", "Startup Cost": 0.0, "Total Cost": 2081.86, "Plan Rows": 135086, "Plan Width": 12, "Actual Startup Time": 0.014, "Actual Total Time": 9.661, "Actual Rows": 135086, "Actual Loops": 3}, {"Node Type": "Hash", "Parent Relationship": "Inner", "Parallel Aware": false, "Startup Cost": 18.88, "Total Cost": 18.88, "Plan Rows": 1, "Plan Width": 4, "Actual Startup Time": 0.02, "Actual Total Time": 0.02, "Actual Rows": 2, "Actual Loops": 3, "Hash Buckets": 1024, "Original Hash Buckets": 1024, "Hash Batches": 1, "Original Hash Batches": 1, "Peak Memory Usage": 9, "Plans": [{"Node Type": "Seq Scan", "Parent Relationship": "Outer", "Parallel Aware": false, "Relation Name": "comp_cast_type", "Alias": "cct2", "Startup Cost": 0.0, "Total Cost": 18.88, "Plan Rows": 1, "Plan Width": 4, "Actual Startup Time": 0.015, "Actual Total Time": 0.016, "Actual Rows": 2, "Actual Loops": 3, "Filter": "((kind)::text ~~ '%complete%'::text)", "Rows Removed by Filter": 2}]}]}]}]}, {"Node Type": "Index Scan", "Parent Relationship": "Inner", "Parallel Aware": false, "Scan Direction": "Forward", "Index Name": "info_type_pkey", "Relation Name": "info_type", "Alias": "it2", "Startup Cost": 0.14, "Total Cost": 0.16, "Plan Rows": 1, "Plan Width": 4, "Actual Startup Time": 0.001, "Actual Total Time": 0.001, "Actual Rows": 0, "Actual Loops": 12049, "Index Cond": "(id = mi_idx.info_type_id)", "Rows Removed by Index Recheck": 0, "Filter": "((info)::text = 'rating'::text)", "Rows Removed by Filter": 1}]}, {"Node Type": "Index Scan", "Parent Relationship": "Inner", "Parallel Aware": false, "Scan Direction": "Forward", "Index Name": "title_pkey", "Relation Name": "title", "Alias": "t", "Startup Cost": 0.43, "Total Cost": 1.78, "Plan Rows": 1, "Plan Width": 8, "Actual Startup Time": 0.004, "Actual Total Time": 0.004, "Actual Rows": 0, "Actual Loops": 3981, "Index Cond": "(id = cc.movie_id)", "Rows Removed by Index Recheck": 0, "Filter": "(production_year > 2005)", "Rows Removed by Filter": 1}]}, {"Node Type": "Index Scan", "Parent Relationship": "Inner", "Parallel Aware": false, "Scan Direction": "Forward", "Index Name": "kind_type_pkey", "Relation Name": "kind_type", "Alias": "kt", "Startup Cost": 0.15, "Total Cost": 0.17, "Plan Rows": 1, "Plan Width": 4, "Actual Startup Time": 0.001, "Actual Total Time": 0.001, "Actual Rows": 0, "Actual Loops": 1591, "Index Cond": "(id = t.kind_id)", "Rows Removed by Index Recheck": 0, "Filter": "((kind)::text = 'movie'::text)", "Rows Removed by Filter": 1}]}]}]}, {"Node Type": "Index Scan", "Parent Relationship": "Inner", "Parallel Aware": false, "Scan Direction": "Forward", "Index Name": "keyword_pkey", "Relation Name": "keyword", "Alias": "k", "Startup Cost": 0.42, "Total Cost": 0.44, "Plan Rows": 1, "Plan Width": 4, "Actual Startup Time": 0.002, "Actual Total Time": 0.002, "Actual Rows": 0, "Actual Loops": 5363, "Index Cond": "(id = mk.keyword_id)", "Rows Removed by Index Recheck": 0, "Filter": "((keyword)::text = ANY ('{superhero,marvel-comics,based-on-comic,fight}'::text[]))", "Rows Removed by Filter": 1}]}]}]}, {"Node Type": "Index Scan", "Parent Relationship": "Inner", "Parallel Aware": false, "Scan Direction": "Forward", "Index Name": "char_name_pkey", "Relation Name": "char_name", "Alias": "chn", "Startup Cost": 0.43, "Total Cost": 0.46, "Plan Rows": 1, "Plan Width": 4, "Actual Startup Time": 0.002, "Actual Total Time": 0.002, "Actual Rows": 0, "Actual Loops": 4052, "Index Cond": "(id = ci.person_role_id)", "Rows Removed by Index Recheck": 0, "Filter": "((name IS NOT NULL) AND (((name)::text ~~ '%man%'::text) OR ((name)::text ~~ '%Man%'::text)))", "Rows Removed by Filter": 0}]}]}, {"Node Type": "Index Only Scan", "Parent Relationship": "Inner", "Parallel Aware": false, "Scan Direction": "Forward", "Index Name": "name_pkey", "Relation Name": "name", "Alias": "n", "Startup Cost": 0.43, "Total Cost": 0.46, "Plan Rows": 1, "Plan Width": 4, "Actual Startup Time": 0.002, "Actual Total Time": 0.002, "Actual Rows": 1, "Actual Loops": 180, "Index Cond": "(id = ci.person_id)", "Rows Removed by Index Recheck": 0, "Heap Fetches": 180}]}, {"Node Type": "Index Scan", "Parent Relationship": "Inner", "Parallel Aware": false, "Scan Direction": "Forward", "Index Name": "comp_cast_type_pkey", "Relation Name": "comp_cast_type", "Alias": "cct1", "Startup Cost": 0.15, "Total Cost": 0.17, "Plan Rows": 1, "Plan Width": 4, "Actual Startup Time": 0.001, "Actual Total Time": 0.001, "Actual Rows": 1, "Actual Loops": 180, "Index Cond": "(id = cc.subject_id)", "Rows Removed by Index Recheck": 0, "Filter": "((kind)::text = 'cast'::text)", "Rows Removed by Filter": 0}]}]}, "Planning Time": 200.63, "Triggers": [], "Execution Time": 2086.986}]
[{"Bao": {"Bao prediction": "NaN", "Bao recommended hint": "(no hint)"}}, {"Plan": {"Node Type": "Aggregate", "Strategy": "Plain", "Partial Mode": "Finalize", "Parallel Aware": false, "Startup Cost": 546238.38, "Total Cost": 546238.39, "Plan Rows": 1, "Plan Width": 8, "Actual Startup Time": 3995.853, "Actual Total Time": 4043.97, "Actual Rows": 1, "Actual Loops": 1, "Plans": [{"Node Type": "Gather", "Parent Relationship": "Outer", "Parallel Aware": false, "Startup Cost": 546238.17, "Total Cost": 546238.38, "Plan Rows": 2, "Plan Width": 8, "Actual Startup Time": 3995.239, "Actual Total Time": 4043.965, "Actual Rows": 3, "Actual Loops": 1, "Workers Planned": 2, "Workers Launched": 2, "Single Copy": false, "Plans": [{"Node Type": "Aggregate", "Strategy": "Plain", "Partial Mode": "Partial", "Parent Relationship": "Outer", "Parallel Aware": false, "Startup Cost": 545238.17, "Total Cost": 545238.18, "Plan Rows": 1, "Plan Width": 8, "Actual Startup Time": 3993.025, "Actual Total Time": 3993.031, "Actual Rows": 1, "Actual Loops": 3, "Plans": [{"Node Type": "Nested Loop", "Parent Relationship": "Outer", "Parallel Aware": false, "Join Type": "Inner", "Startup Cost": 511394.69, "Total Cost": 545237.58, "Plan Rows": 235, "Plan Width": 0, "Actual Startup Time": 3177.887, "Actual Total Time": 3976.19, "Actual Rows": 371040, "Actual Loops": 3, "Inner Unique": true, "Plans": [{"Node Type": "Hash Join", "Parent Relationship": "Outer", "Parallel Aware": true, "Join Type": "Inner", "Startup Cost": 511394.27, "Total Cost": 545133.37, "Plan Rows": 235, "Plan Width": 4, "Actual Startup Time": 3177.857, "Actual Total Time": 3397.851, "Actual Rows": 371040, "Actual Loops": 3, "Inner Unique": false, "Hash Cond": "(mc.movie_id = ci.movie_id)", "Plans": [{"Node Type": "Seq Scan", "Parent Relationship": "Outer", "Parallel Aware": true, "Relation Name": "movie_companies", "Alias": "mc", "Startup Cost": 0.0, "Total Cost": 29661.37, "Plan Rows": 1087137, "Plan Width": 8, "Actual Startup Time": 0.022, "Actual Total Time": 63.269, "Actual Rows": 869710, "Actual Loops": 3}, {"Node Type": "Hash", "Parent Relationship": "Inner", "Parallel Aware": true, "Startup Cost": 511393.27, "Total Cost": 511393.27, "Plan Rows": 80, "Plan Width": 12, "Actual Startup Time": 3177.361, "Actual Total Time": 3177.367, "Actual Rows": 49831, "Actual Loops": 3, "Hash Buckets": 262144, "Original Hash Buckets": 1024, "Hash Batches": 1, "Original Hash Batches": 1, "Peak Memory Usage": 11128, "Plans": [{"Node Type": "Nested Loop", "Parent Relationship": "Outer", "Parallel Aware": false, "Join Type": "Inner", "Startup Cost": 50885.48, "Total Cost": 511393.27, "Plan Rows": 80, "Plan Width": 12, "Actual Startup Time": 284.531, "Actual Total Time": 3142.846, "Actual Rows": 49831, "Actual Loops": 3, "Inner Unique": true, "Plans": [{"Node Type": "Hash Join", "Parent Relationship": "Outer", "Parallel Aware": true, "Join Type": "Inner", "Startup Cost": 50885.05, "Total Cost": 511132.78, "Plan Rows": 569, "Plan Width": 16, "Actual Startup Time": 284.387, "Actual Total Time": 2452.461, "Actual Rows": 346131, "Actual Loops": 3, "Inner Unique": false, "Hash Cond": "(ci.movie_id = t.id)", "Plans": [{"Node Type": "Seq Scan", "Parent Relationship": "Outer", "Parallel Aware": true, "Relation Name": "cast_info", "Alias": "ci", "Startup Cost": 0.0, "Total Cost": 403639.65, "Plan Rows": 15095265, "Plan Width": 8, "Actual Startup Time": 0.026, "Actual Total Time": 853.89, "Actual Rows": 12081448, "Actual Loops": 3}, {"Node Type": "Hash", "Parent Relationship": "Inner", "Parallel Aware": true, "Startup Cost": 50884.87, "Total Cost": 50884.87, "Plan Rows": 14, "Plan Width": 8, "Actual Startup Time": 284.319, "Actual Total Time": 284.322, "Actual Rows": 13947, "Actual Loops": 3, "Hash Buckets": 65536, "Original Hash Buckets": 1024, "Hash Batches": 1, "Original Hash Batches": 1, "Peak Memory Usage": 2680, "Plans": [{"Node Type": "Nested Loop", "Parent Relationship": "Outer", "Parallel Aware": false, "Join Type": "Inner", "Startup Cost": 2626.57, "Total Cost": 50884.87, "Plan Rows": 14, "Plan Width": 8, "Actual Startup Time": 10.575, "Actual Total Time": 256.787, "Actual Rows": 13947, "Actual Loops": 3, "Inner Unique": true, "Plans": [{"Node Type": "Hash Join", "Parent Relationship": "Outer", "Parallel Aware": false, "Join Type": "Inner", "Startup Cost": 2626.14, "Total Cost": 50878.05, "Plan Rows": 14, "Plan Width": 4, "Actual Startup Time": 10.543, "Actual Total Time": 216.867, "Actual Rows": 13947, "Actual Loops": 3, "Inner Unique": true, "Hash Cond": "(mk.keyword_id = k.id)", "Plans": [{"Node Type": "Seq Scan", "Parent Relationship": "Outer", "Parallel Aware": true, "Relation Name": "movie_keyword", "Alias": "mk", "Startup Cost": 0.0, "Total Cost": 43303.71, "Plan Rows": 1884971, "Plan Width": 8, "Actual Startup Time": 0.009, "Actual Total Time": 101.382, "Actual Rows": 1507977, "Actual Loops": 3}, {"Node Type": "Hash", "Parent Relationship": "Inner", "Parallel Aware": false, "Startup Cost": 2626.12, "Total Cost": 2626.12, "Plan Rows": 1, "Plan Width": 4, "Actual Startup Time": 10.504, "Actual Total Time": 10.504, "Actual Rows": 1, "Actual Loops": 3, "Hash Buckets": 1024, "Original Hash Buckets": 1024, "Hash Batches": 1, "Original Hash Batches": 1, "Peak Memory Usage": 9, "Plans": [{"Node Type": "Seq Scan", "Parent Relationship": "Outer", "Parallel Aware": false, "Relation Name": "keyword", "Alias": "k", "Startup Cost": 0.0, "Total Cost": 2626.12, "Plan Rows": 1, "Plan Width": 4, "Actual Startup Time": 0.494, "Actual Total Time": 10.497, "Actual Rows": 1, "Actual Loops": 3, "Filter": "((keyword)::text = 'character-name-in-title'::text)", "Rows Removed by Filter": 134169}]}]}, {"Node Type": "Index Only Scan", "Parent Relationship": "Inner", "Parallel Aware": false, "Scan Direction": "Forward", "Index Name": "title_pkey", "Relation Name": "title", "Alias": "t", "Startup Cost": 0.43, "Total Cost": 0.49, "Plan Rows": 1, "Plan Width": 4, "Actual Startup Time": 0.003, "Actual Total Time": 0.003, "Actual Rows": 1, "Actual Loops": 41840, "Index Cond": "(id = mk.movie_id)", "Rows Removed by Index Recheck": 0, "Heap Fetches": 41840}]}]}]}, {"Node Type": "Index Scan", "Parent Relationship": "Inner", "Parallel Aware": false, "Scan Direction": "Forward", "Index Name": "name_pkey", "Relation Name": "name", "Alias": "n", "Startup Cost": 0.43, "Total Cost": 0.46, "Plan Rows": 1, "Plan Width": 4, "Actual Startup Time": 0.002, "Actual Total Time": 0.002, "Actual Rows": 0, "Actual Loops": 1038393, "Index Cond": "(id = ci.person_id)", "Rows Removed by Index Recheck": 0, "Filter": "((name)::text ~~ '%B%'::text)", "Rows Removed by Filter": 1}]}]}]}, {"Node Type": "Index Only Scan", "Parent Relationship": "Inner", "Parallel Aware": false, "Scan Direction": "Forward", "Index Name": "company_name_pkey", "Relation Name": "company_name", "Alias": "cn", "Startup Cost": 0.42, "Total Cost": 0.44, "Plan Rows": 1, "Plan Width": 4, "Actual Startup Time": 0.001, "Actual Total Time": 0.001, "Actual Rows": 1, "Actual Loops": 1113120, "Index Cond": "(id = mc.company_id)", "Rows Removed by Index Recheck": 0, "Heap Fetches": 1113120}]}]}]}]}, "Planning Time": 80.162, "Triggers": [], "Execution Time": 4044.04}]
[{"Bao": {"Bao prediction": "NaN", "Bao recommended hint": "(no hint)"}}, {"Plan": {"Node Type": "Aggregate", "Strategy": "Plain", "Partial Mode": "Simple", "Parallel Aware": false, "Startup Cost": 290349.42, "Total Cost": 290349.43, "Plan Rows": 1, "Plan Width": 8, "Actual Startup Time": 1053.74, "Actual Total Time": 1081.043, "Actual Rows": 1, "Actual Loops": 1, "Plans": [{"Node Type": "Nested Loop", "Parent Relationship": "Outer", "Parallel Aware": false, "Join Type": "Inner", "Startup Cost": 48918.24, "Total Cost": 290349.41, "Plan Rows": 1, "Plan Width": 0, "Actual Startup Time": 1053.635, "Actual Total Time": 1081.036, "Actual Rows": 10, "Actual Loops": 1, "Inner Unique": true, "Plans": [{"Node Type": "Gather", "Parent Relationship": "Outer", "Parallel Aware": false, "Startup Cost": 48917.82, "Total Cost": 290348.97, "Plan Rows": 1, "Plan Width": 4, "Actual Startup Time": 1053.612, "Actual Total Time": 1080.918, "Actual Rows": 33, "Actual Loops": 1, "Workers Planned": 2, "Workers Launched": 2, "Single Copy": false, "Plans": [{"Node Type": "Nested Loop", "Parent Relationship": "Outer", "Parallel Aware": false, "Join Type": "Inner", "Startup Cost": 47917.82, "Total Cost": 289348.87, "Plan Rows": 1, "Plan Width": 4, "Actual Startup Time": 864.581, "Actual Total Time": 1051.495, "Actual Rows": 11, "Actual Loops": 3, "Inner Unique": true, "Plans": [{"Node Type": "Hash Join", "Parent Relationship": "Outer", "Parallel Aware": true, "Join Type": "Inner", "Startup Cost": 47917.39, "Total Cost": 289311.04, "Plan Rows": 81, "Plan Width": 16, "Actual Startup Time": 764.138, "Actual Total Time": 1051.423, "Actual Rows": 24, "Actual Loops": 3, "Inner Unique": false, "Hash Cond": "(mi.movie_id = mi_idx.movie_id)", "Plans": [{"Node Type": "Hash Join", "Parent Relationship": "Outer", "Parallel Aware": false, "Join Type": "Inner", "Startup Cost": 2.43, "Total Cost": 241189.17, "Plan Rows": 55082, "Plan Width": 4, "Actual Startup Time": 429.149, "Actual Total Time": 737.685, "Actual Rows": 40621, "Actual Loops": 3, "Inner Unique": true, "Hash Cond": "(mi.info_type_id = it1.id)", "Plans": [{"Node Type": "Seq Scan", "Parent Relationship": "Outer", "Parallel Aware": true, "Relation Name": "movie_info", "Alias": "mi", "Startup Cost": 0.0, "Total Cost": 224235.35, "Plan Rows": 6224235, "Plan Width": 8, "Actual Startup Time": 0.029, "Actual Total Time": 387.454, "Actual Rows": 4945240, "Actual Loops": 3}, {"Node Type": "Hash", "Parent Relationship": "Inner", "Parallel Aware": false, "Startup Cost": 2.41, "Total Cost": 2.41, "Plan Rows": 1, "Plan Width": 4, "Actual Startup Time": 0.021, "Actual Total Time": 0.023, "Actual Rows": 1, "Actual Loops": 3, "Hash Buckets": 1024, "Original Hash Buckets": 1024, "Hash Batches": 1, "Original Hash Batches": 1, "Peak Memory Usage": 9, "Plans": [{"Node Type": "Seq Scan", "Parent Relationship": "Outer", "Parallel Aware": false, "Relation Name": "info_type", "Alias": "it1", "Startup Cost": 0.0, "Total Cost": 2.41, "Plan Rows": 1, "Plan Width": 4, "Actual Startup Time": 0.017, "Actual Total Time": 0.018, "Actual Rows": 1, "Actual Loops": 3, "Filter": "((info)::text = 'budget'::text)", "Rows Removed by Filter": 112}]}]}, {"Node Type": "Hash", "Parent Relationship": "Inner", "Parallel Aware": true, "Startup Cost": 47911.45, "Total Cost": 47911.45, "Plan Rows": 281, "Plan Width": 12, "Actual Startup Time": 311.048, "Actual Total Time": 311.052, "Actual Rows": 40, "Actual Loops": 3, "Hash Buckets": 1024, "Original Hash Buckets": 1024, "Hash Batches": 1, "Original Hash Batches": 1, "Peak Memory Usage": 104, "Plans": [{"Node Type": "Hash Join", "Parent Relationship": "Outer", "Parallel Aware": true, "Join Type": "Inner", "Startup Cost": 15337.95, "Total Cost": 47911.45, "Plan Rows": 281, "Plan Width": 12, "Actual Startup Time": 114.311, "Actual Total Time": 310.975, "Actual Rows": 40, "Actual Loops": 3, "Inner Unique": false, "Hash Cond": "(mc.movie_id = mi_idx.movie_id)", "Plans": [{"Node Type": "Hash Join", "Parent Relationship": "Outer", "Parallel Aware": false, "Join Type": "Inner", "Startup Cost": 20.74, "Total Cost": 32552.88, "Plan Rows": 10718, "Plan Width": 8, "Actual Startup Time": 0.046, "Actual Total Time": 195.885, "Actual Rows": 869710, "Actual Loops": 3, "Inner Unique": true, "Hash Cond": "(mc.company_type_id = ct.id)", "Plans": [{"Node Type": "Seq Scan", "Parent Relationship": "Outer", "Parallel Aware": true, "Relation Name": "movie_companies", "Alias": "mc", "Startup Cost": 0.0, "Total Cost": 29661.37, "Plan Rows": 1087137, "Plan Width": 12, "Actual Startup Time": 0.006, "Actual Total Time": 63.903, "Actual Rows": 869710, "Actual Loops": 3}, {"Node Type": "Hash", "Parent Relationship": "Inner", "Parallel Aware": false, "Startup Cost": 20.65, "Total Cost": 20.65, "Plan Rows": 7, "Plan Width": 4, "Actual Startup Time": 0.014, "Actual Total Time": 0.015, "Actual Rows": 2, "Actual Loops": 3, "Hash Buckets": 1024, "Original Hash Buckets": 1024, "Hash Batches": 1, "Original Hash Batches": 1, "Peak Memory Usage": 9, "Plans": [{"Node Type": "Seq Scan", "Parent Relationship": "Outer", "Parallel Aware": false, "Relation Name": "company_type", "Alias": "ct", "Startup Cost": 0.0, "Total Cost": 20.65, "Plan Rows": 7, "Plan Width": 4, "Actual Startup Time": 0.011, "Actual Total Time": 0.012, "Actual Rows": 2, "Actual Loops": 3, "Filter": "((kind IS NOT NULL) AND (((kind)::text = 'production companies'::text) OR ((kind)::text = 'distributors'::text)))", "Rows Removed by Filter": 2}]}]}, {"Node Type": "Hash", "Parent Relationship": "Inner", "Parallel Aware": true, "Startup Cost": 15253.6, "Total Cost": 15253.6, "Plan Rows": 5089, "Plan Width": 4, "Actual Startup Time": 64.329, "Actual Total Time": 64.331, "Actual Rows": 3, "Actual Loops": 3, "Hash Buckets": 16384, "Original Hash Buckets": 16384, "Hash Batches": 1, "Original Hash Batches": 1, "Peak Memory Usage": 160, "Plans": [{"Node Type": "Hash Join", "Parent Relationship": "Outer", "Parallel Aware": false, "Join Type": "Inner", "Startup Cost": 2.43, "Total Cost": 15253.6, "Plan Rows": 5089, "Plan Width": 4, "Actual Startup Time": 64.262, "Actual Total Time": 64.264, "Actual Rows": 3, "Actual Loops": 3, "Inner Unique": true, "Hash Cond": "(mi_idx.info_type_id = it2.id)", "Plans": [{"Node Type": "Seq Scan", "Parent Relationship": "Outer", "Parallel Aware": true, "Relation Name": "movie_info_idx", "Alias": "mi_idx", "Startup Cost": 0.0, "Total Cost": 13685.15, "Plan Rows": 575015, "Plan Width": 8, "Actual Startup Time": 0.014, "Actual Total Time": 32.508, "Actual Rows": 460012, "Actual Loops": 3}, {"Node Type": "Hash", "Parent Relationship": "Inner", "Parallel Aware": false, "Startup Cost": 2.41, "Total Cost": 2.41, "Plan Rows": 1, "Plan Width": 4, "Actual Startup Time": 0.025, "Actual Total Time": 0.026, "Actual Rows": 1, "Actual Loops": 3, "Hash Buckets": 1024, "Original Hash Buckets": 1024, "Hash Batches": 1, "Original Hash Batches": 1, "Peak Memory Usage": 9, "Plans": [{"Node Type": "Seq Scan", "Parent Relationship": "Outer", "Parallel Aware": false, "Relation Name": "info_type", "Alias": "it2", "Startup Cost": 0.0, "Total Cost": 2.41, "Plan Rows": 1, "Plan Width": 4, "Actual Startup Time": 0.021, "Actual Total Time": 0.022, "Actual Rows": 1, "Actual Loops": 3, "Filter": "((info)::text = 'bottom 10 rank'::text)", "Rows Removed by Filter": 112}]}]}]}]}]}]}, {"Node Type": "Index Scan", "Parent Relationship": "Inner", "Parallel Aware": false, "Scan Direction": "Forward", "Index Name": "title_pkey", "Relation Name": "title", "Alias": "t", "Startup Cost": 0.43, "Total Cost": 0.47, "Plan Rows": 1, "Plan Width": 4, "Actual Startup Time": 0.003, "Actual Total Time": 0.003, "Actual Rows": 0, "Actual Loops": 72, "Index Cond": "(id = mi.movie_id)", "Rows Removed by Index Recheck": 0, "Filter": "((production_year > 2000) AND (((title)::text ~~ 'Birdemic%'::text) OR ((title)::text ~~ '%Movie%'::text)))", "Rows Removed by Filter": 1}]}]}, {"Node Type": "Index Scan", "Parent Relationship": "Inner", "Parallel Aware": false, "Scan Direction": "Forward", "Index Name": "company_name_pkey", "Relation Name": "company_name", "Alias": "cn", "Startup Cost": 0.42, "Total Cost": 0.45, "Plan Rows": 1, "Plan Width": 4, "Actual Startup Time": 0.003, "Actual Total Time": 0.003, "Actual Rows": 0, "Actual Loops": 33, "Index Cond": "(id = mc.company_id)", "Rows Removed by Index Recheck": 0, "Filter": "((country_code)::text = '[us]'::text)", "Rows Removed by Filter": 1}]}]}, "Planning Time": 84.322, "Triggers": [], "Execution Time": 1081.11}]
[{"Bao": {"Bao prediction": "NaN", "Bao recommended hint": "(no hint)"}}, {"Plan": {"Node Type": "Aggregate", "Strategy": "Plain", "Partial Mode": "Simple", "Parallel Aware": false, "Startup Cost": 101537.35, "Total Cost": 101537.36, "Plan Rows": 1, "Plan Width": 8, "Actual Startup Time": 407.461, "Actual Total Time": 412.115, "Actual Rows": 1, "Actual Loops": 1, "Plans": [{"Node Type": "Nested Loop", "Parent Relationship": "Outer", "Parallel Aware": false, "Join Type": "Inner", "Startup Cost": 67798.46, "Total Cost": 101537.35, "Plan Rows": 1, "Plan Width": 0, "Actual Startup Time": 287.026, "Actual Total Time": 412.103, "Actual Rows": 114, "Actual Loops": 1, "Inner Unique": true, "Plans": [{"Node Type": "Nested Loop", "Parent Relationship": "Outer", "Parallel Aware": false, "Join Type": "Inner", "Startup Cost": 67798.31, "Total Cost": 101537.17, "Plan Rows": 1, "Plan Width": 4, "Actual Startup Time": 287.02, "Actual Total Time": 411.977, "Actual Rows": 114, "Actual Loops": 1, "Inner Unique": true, "Join Filter": "(ml.movie_id = t1.id)", "Rows Removed by Join Filter": 0, "Plans": [{"Node Type": "Gather", "Parent Relationship": "Outer", "Parallel Aware": false, "Startup Cost": 67797.88, "Total Cost": 101536.64, "Plan Rows": 1, "Plan Width": 12, "Actual Startup Time": 287.012, "Actual Total Time": 411.729, "Actual Rows": 114, "Actual Loops": 1, "Workers Planned": 2, "Workers Launched": 2, "Single Copy": false, "Plans": [{"Node Type": "Nested Loop", "Parent Relationship": "Outer", "Parallel Aware": false, "Join Type": "Inner", "Startup Cost": 66797.88, "Total Cost": 100536.54, "Plan Rows": 1, "Plan Width": 12, "Actual Startup Time": 284.712, "Actual Total Time": 404.706, "Actual Rows": 38, "Actual Loops": 3, "Inner Unique": true, "Plans": [{"Node Type": "Nested Loop", "Parent Relationship": "Outer", "Parallel Aware": false, "Join Type": "Inner", "Startup Cost": 66797.74, "Total Cost": 100536.36, "Plan Rows": 1, "Plan Width": 16, "Actual Startup Time": 284.697, "Actual Total Time": 404.587, "Actual Rows": 114, "Actual Loops": 3, "Inner Unique": true, "Plans": [{"Node Type": "Hash Join", "Parent Relationship": "Outer", "Parallel Aware": true, "Join Type": "Inner", "Startup Cost": 66797.32, "Total Cost": 100535.47, "Plan Rows": 2, "Plan Width": 20, "Actual Startup Time": 284.68, "Actual Total Time": 404.322, "Actual Rows": 131, "Actual Loops": 3, "Inner Unique": false, "Hash Cond": "(mc1.movie_id = ml.movie_id)", "Plans": [{"Node Type": "Seq Scan", "Parent Relationship": "Outer", "Parallel Aware": true, "Relation Name": "movie_companies", "Alias": "mc1", "Startup Cost": 0.0, "Total Cost": 29661.37, "Plan Rows": 1087137, "Plan Width": 8, "Actual Startup Time": 0.004, "Actual Total Time": 59.894, "Actual Rows": 869710, "Actual Loops": 3}, {"Node Type": "Hash", "Parent Relationship": "Inner", "Parallel Aware": true, "Startup Cost": 66797.3, "Total Cost": 66797.3, "Plan Rows": 1, "Plan Width": 12, "Actual Startup Time": 283.872, "Actual Total Time": 283.881, "Actual Rows": 44, "Actual Loops": 3, "Hash Buckets": 1024, "Original Hash Buckets": 1024, "Hash Batches": 1, "Original Hash Batches": 1, "Peak Memory Usage": 104, "Plans": [{"Node Type": "Nested Loop", "Parent Relationship": "Outer", "Parallel Aware": false, "Join Type": "Inner", "Startup Cost": 33059.13, "Total Cost": 66797.3, "Plan Rows": 1, "Plan Width": 12, "Actual Startup Time": 159.986, "Actual Total Time": 283.838, "Actual Rows": 44, "Actual Loops": 3, "Inner Unique": true, "Plans": [{"Node Type": "Hash Join", "Parent Relationship": "Outer", "Parallel Aware": true, "Join Type": "Inner", "Startup Cost": 33058.71, "Total Cost": 66796.86, "Plan Rows": 1, "Plan Width": 16, "Actual Startup Time": 159.955, "Actual Total Time": 283.689, "Actual Rows": 44, "Actual Loops": 3, "Inner Unique": false, "Hash Cond": "(mc2.movie_id = t2.id)", "Plans": [{"Node Type": "Seq Scan", "Parent Relationship": "Outer", "Parallel Aware": true, "Relation Name": "movie_companies", "Alias": "mc2", "Startup Cost": 0.0, "Total Cost": 29661.37, "Plan Rows": 1087137, "Plan Width": 8, "Actual Startup Time": 0.007, "Actual Total Time": 66.406, "Actual Rows": 869710, "Actual Loops": 3}, {"Node Type": "Hash", "Parent Relationship": "Inner", "Parallel Aware": true, "Startup Cost": 33058.7, "Total Cost": 33058.7, "Plan Rows": 1, "Plan Width": 24, "Actual Startup Time": 157.158, "Actual Total Time": 157.165, "Actual Rows": 19, "Actual Loops": 3, "Hash Buckets": 1024, "Original Hash Buckets": 1024, "Hash Batches": 1, "Original Hash Batches": 1, "Peak Memory Usage": 104, "Plans": [{"Node Type": "Nested Loop", "Parent Relationship": "Outer", "Parallel Aware": false, "Join Type": "Inner", "Startup Cost": 17211.51, "Total Cost": 33058.7, "Plan Rows": 1, "Plan Width": 24, "Actual Startup Time": 95.386, "Actual Total Time": 157.073, "Actual Rows": 19, "Actual Loops": 3, "Inner Unique": true, "Plans": [{"Node Type": "Nested Loop", "Parent Relationship": "Outer", "Parallel Aware": false, "Join Type": "Inner", "Startup Cost": 17211.36, "Total Cost": 33058.19, "Plan Rows": 3, "Plan Width": 28, "Actual Startup Time": 95.322, "Actual Total Time": 157.027, "Actual Rows": 27, "Actual Loops": 3, "Inner Unique": true, "Join Filter": "(ml.linked_movie_id = t2.id)", "Rows Removed by Join Filter": 0, "Plans": [{"Node Type": "Hash Join", "Parent Relationship": "Outer", "Parallel Aware": true, "Join Type": "Inner", "Startup Cost": 17210.93, "Total Cost": 33052.42, "Plan Rows": 8, "Plan Width": 20, "Actual Startup Time": 95.293, "Actual Total Time": 156.841, "Actual Rows": 41, "Actual Loops": 3, "Inner Unique": false, "Hash Cond": "(mi_idx1.movie_id = ml.movie_id)", "Plans": [{"Node Type": "Seq Scan", "Parent Relationship": "Outer", "Parallel Aware": true, "Relation Name": "movie_info_idx", "Alias": "mi_idx1", "Startup Cost": 0.0, "Total Cost": 13685.15, "Plan Rows": 575015, "Plan Width": 8, "Actual Startup Time": 0.013, "Actual Total Time": 30.035, "Actual Rows": 460012, "Actual Loops": 3}, {"Node Type": "Hash", "Parent Relationship": "Inner", "Parallel Aware": true, "Startup Cost": 17210.91, "Total Cost": 17210.91, "Plan Rows": 2, "Plan Width": 12, "Actual Startup Time": 94.704, "Actual Total Time": 94.708, "Actual Rows": 16, "Actual Loops": 3, "Hash Buckets": 1024, "Original Hash Buckets": 1024, "Hash Batches": 1, "Original Hash Batches": 1, "Peak Memory Usage": 104, "Plans": [{"Node Type": "Hash Join", "Parent Relationship": "Outer", "Parallel Aware": false, "Join Type": "Inner", "Startup Cost": 860.26, "Total Cost": 17210.91, "Plan Rows": 2, "Plan Width": 12, "Actual Startup Time": 7.686, "Actual Total Time": 94.651, "Actual Rows": 16, "Actual Loops": 3, "Inner Unique": true, "Hash Cond": "(ml.link_type_id = lt.id)", "Plans": [{"Node Type": "Hash Join", "Parent Relationship": "Outer", "Parallel Aware": false, "Join Type": "Inner", "Startup Cost": 840.36, "Total Cost": 17190.56, "Plan Rows": 169, "Plan Width": 16, "Actual Startup Time": 7.302, "Actual Total Time": 94.566, "Actual Rows": 502, "Actual Loops": 3, "Inner Unique": false, "Hash Cond": "(mi_idx2.movie_id = ml.linked_movie_id)", "Plans": [{"Node Type": "Hash Join", "Parent Relationship": "Outer", "Parallel Aware": false, "Join Type": "Inner", "Startup Cost": 2.43, "Total Cost": 15921.02, "Plan Rows": 2586, "Plan Width": 4, "Actual Startup Time": 0.066, "Actual Total Time": 84.877, "Actual Rows": 12250, "Actual Loops": 3, "Inner Unique": true, "Hash Cond": "(mi_idx2.info_type_id = it2.id)", "Plans": [{"Node Type": "Seq Scan", "Parent Relationship": "Outer", "Parallel Aware": true, "Relation Name": "movie_info_idx", "Alias": "mi_idx2", "Startup Cost": 0.0, "Total Cost": 15122.68, "Plan Rows": 292245, "Plan Width": 8, "Actual Startup Time": 0.015, "Actual Total Time": 70.711, "Actual Rows": 234640, "Actual Loops": 3, "Filter": "((info)::text < '3.5'::text)", "Rows Removed by Filter": 225372}, {"Node Type": "Hash", "Parent Relationship": "Inner", "Parallel Aware": false, "Startup Cost": 2.41, "Total Cost": 2.41, "Plan Rows": 1, "Plan Width": 4, "Actual Startup Time": 0.022, "Actual Total Time": 0.023, "Actual Rows": 1, "Actual Loops": 3, "Hash Buckets": 1024, "Original Hash Buckets": 1024, "Hash Batches": 1, "Original Hash Batches": 1, "Peak Memory Usage": 9, "Plans": [{"Node Type": "Seq Scan", "Parent Relationship": "Outer", "Parallel Aware": false, "Relation Name": "info_type", "Alias": "it2", "Startup Cost": 0.0, "Total Cost": 2.41, "Plan Rows": 1, "Plan Width": 4, "Actual Startup Time": 0.019, "Actual Total Time": 0.02, "Actual Rows": 1, "Actual Loops": 3, "Filter": "((info)::text = 'rating'::text)", "Rows Removed by Filter": 112}]}]}, {"Node Type": "Hash", "Parent Relationship": "Inner", "Parallel Aware": false, "Startup Cost": 462.97, "Total Cost": 462.97, "Plan Rows": 29997, "Plan Width": 12, "Actual Startup Time": 6.906, "Actual Total Time": 6.906, "Actual Rows": 29997, "Actual Loops": 3, "Hash Buckets": 32768, "Original Hash Buckets": 32768, "Hash Batches": 1, "Original Hash Batches": 1, "Peak Memory Usage": 1545, "Plans": [{"Node Type": "Seq Scan", "Parent Relationship": "Outer", "Parallel Aware": false, "Relation Name": "movie_link", "Alias": "ml", "Startup Cost": 0.0, "Total Cost": 462.97, "Plan Rows": 29997, "Plan Width": 12, "Actual Startup Time": 0.009, "Actual Total Time": 3.29, "Actual Rows": 29997, "Actual Loops": 3}]}]}, {"Node Type": "Hash", "Parent Relationship": "Inner", "Parallel Aware": false, "Startup Cost": 19.76, "Total Cost": 19.76, "Plan Rows": 11, "Plan Width": 4, "Actual Startup Time": 0.031, "Actual Total Time": 0.031, "Actual Rows": 2, "Actual Loops": 3, "Hash Buckets": 1024, "Original Hash Buckets": 1024, "Hash Batches": 1, "Original Hash Batches": 1, "Peak Memory Usage": 9, "Plans": [{"Node Type": "Seq Scan", "Parent Relationship": "Outer", "Parallel Aware": false, "Relation Name": "link_type", "Alias": "lt", "Startup Cost": 0.0, "Total Cost": 19.76, "Plan Rows": 11, "Plan Width": 4, "Actual Startup Time": 0.023, "Actual Total Time": 0.026, "Actual Rows": 2, "Actual Loops": 3, "Filter": "((link)::text = ANY ('{sequel,follows,\"followed by\"}'::text[]))", "Rows Removed by Filter": 16}]}]}]}]}, {"Node Type": "Index Scan", "Parent Relationship": "Inner", "Parallel Aware": false, "Scan Direction": "Forward", "Index Name": "title_pkey", "Relation Name": "title", "Alias": "t2", "Startup Cost": 0.43, "Total Cost": 0.71, "Plan Rows": 1, "Plan Width": 8, "Actual Startup Time": 0.004, "Actual Total Time": 0.004, "Actual Rows": 1, "Actual Loops": 123, "Index Cond": "(id = mi_idx2.movie_id)", "Rows Removed by Index Recheck": 0, "Filter": "((production_year >= 2000) AND (production_year <= 2010))", "Rows Removed by Filter": 0}]}, {"Node Type": "Index Scan", "Parent Relationship": "Inner", "Parallel Aware": false, "Scan Direction": "Forward", "Index Name": "kind_type_pkey", "Relation Name": "kind_type", "Alias": "kt2", "Startup Cost": 0.15, "Total Cost": 0.17, "Plan Rows": 1, "Plan Width": 4, "Actual Startup Time": 0.001, "Actual Total Time": 0.001, "Actual Rows": 1, "Actual Loops": 81, "Index Cond": "(id = t2.kind_id)", "Rows Removed by Index Recheck": 0, "Filter": "((kind)::text = ANY ('{\"tv series\",episode}'::text[]))", "Rows Removed by Filter": 0}]}]}]}, {"Node Type": "Index Only Scan", "Parent Relationship": "Inner", "Parallel Aware": false, "Scan Direction": "Forward", "Index Name": "company_name_pkey", "Relation Name": "company_name", "Alias": "cn2", "Startup Cost": 0.42, "Total Cost": 0.44, "Plan Rows": 1, "Plan Width": 4, "Actual Startup Time": 0.003, "Actual Total Time": 0.003, "Actual Rows": 1, "Actual Loops": 132, "Index Cond": "(id = mc2.company_id)", "Rows Removed by Index Recheck": 0, "Heap Fetches": 132}]}]}]}, {"Node Type": "Index Scan", "Parent Relationship": "Inner", "Parallel Aware": false, "Scan Direction": "Forward", "Index Name": "company_name_pkey", "Relation Name": "company_name", "Alias": "cn1", "Startup Cost": 0.42, "Total Cost": 0.45, "Plan Rows": 1, "Plan Width": 4, "Actual Startup Time": 0.002, "Actual Total Time": 0.002, "Actual Rows": 1, "Actual Loops": 393, "Index Cond": "(id = mc1.company_id)", "Rows Removed by Index Recheck": 0, "Filter": "((country_code)::text <> '[us]'::text)", "Rows Removed by Filter": 0}]}, {"Node Type": "Index Scan", "Parent Relationship": "Inner", "Parallel Aware": false, "Scan Direction": "Forward", "Index Name": "info_type_pkey", "Relation Name": "info_type", "Alias": "it1", "Startup Cost": 0.14, "Total Cost": 0.16, "Plan Rows": 1, "Plan Width": 4, "Actual Startup Time": 0.001, "Actual Total Time": 0.001, "Actual Rows": 0, "Actual Loops": 342, "Index Cond": "(id = mi_idx1.info_type_id)", "Rows Removed by Index Recheck": 0, "Filter": "((info)::text = 'rating'::text)", "Rows Removed by Filter": 1}]}]}, {"Node Type": "Index Scan", "Parent Relationship": "Inner", "Parallel Aware": false, "Scan Direction": "Forward", "Index Name": "title_pkey", "Relation Name": "title", "Alias": "t1", "Startup Cost": 0.43, "Total Cost": 0.52, "Plan Rows": 1, "Plan Width": 8, "Actual Startup Time": 0.002, "Actual Total Time": 0.002, "Actual Rows": 1, "Actual Loops": 114, "Index Cond": "(id = mc1.movie_id)", "Rows Removed by Index Recheck": 0}]}, {"Node Type": "Index Scan", "Parent Relationship": "Inner", "Parallel Aware": false, "Scan Direction": "Forward", "Index Name": "kind_type_pkey", "Relation Name": "kind_type", "Alias": "kt1", "Startup Cost": 0.15, "Total Cost": 0.17, "Plan Rows": 1, "Plan Width": 4, "Actual Startup Time": 0.001, "Actual Total Time": 0.001, "Actual Rows": 1, "Actual Loops": 114, "Index Cond": "(id = t1.kind_id)", "Rows Removed by Index Recheck": 0, "Filter": "((kind)::text = ANY ('{\"tv series\",episode}'::text[]))", "Rows Removed by Filter": 0}]}]}, "Planning Time": 240.445, "Triggers": [], "Execution Time": 412.229}]
[{"Bao": {"Bao prediction": "NaN", "Bao recommended hint": "(no hint)"}}, {"Plan": {"Node Type": "Aggregate", "Strategy": "Plain", "Partial Mode": "Finalize", "Parallel Aware": false, "Startup Cost": 85654.09, "Total Cost": 85654.1, "Plan Rows": 1, "Plan Width": 8, "Actual Startup Time": 496.934, "Actual Total Time": 507.549, "Actual Rows": 1, "Actual Loops": 1, "Plans": [{"Node Type": "Gather", "Parent Relationship": "Outer", "Parallel Aware": false, "Startup Cost": 85653.87, "Total Cost": 85654.08, "Plan Rows": 2, "Plan Width": 8, "Actual Startup Time": 496.794, "Actual Total Time": 507.545, "Actual Rows": 3, "Actual Loops": 1, "Workers Planned": 2, "Workers Launched": 2, "Single Copy": false, "Plans": [{"Node Type": "Aggregate", "Strategy": "Plain", "Partial Mode": "Partial", "Parent Relationship": "Outer", "Parallel Aware": false, "Startup Cost": 84653.87, "Total Cost": 84653.88, "Plan Rows": 1, "Plan Width": 8, "Actual Startup Time": 494.771, "Actual Total Time": 494.775, "Actual Rows": 1, "Actual Loops": 3, "Plans": [{"Node Type": "Nested Loop", "Parent Relationship": "Outer", "Parallel Aware": false, "Join Type": "Inner", "Startup Cost": 50879.08, "Total Cost": 84653.87, "Plan Rows": 3, "Plan Width": 0, "Actual Startup Time": 237.358, "Actual Total Time": 494.565, "Actual Rows": 2611, "Actual Loops": 3, "Inner Unique": true, "Join Filter": "(mc.movie_id = t.id)", "Rows Removed by Join Filter": 0, "Plans": [{"Node Type": "Nested Loop", "Parent Relationship": "Outer", "Parallel Aware": false, "Join Type": "Inner", "Startup Cost": 50878.65, "Total Cost": 84652.37, "Plan Rows": 3, "Plan Width": 8, "Actual Startup Time": 237.328, "Actual Total Time": 485.988, "Actual Rows": 2611, "Actual Loops": 3, "Inner Unique": true, "Plans": [{"Node Type": "Hash Join", "Parent Relationship": "Outer", "Parallel Aware": true, "Join Type": "Inner", "Startup Cost": 50878.23, "Total Cost": 84616.69, "Plan Rows": 80, "Plan Width": 12, "Actual Startup Time": 236.724, "Actual Total Time": 393.328, "Actual Rows": 49517, "Actual Loops": 3, "Inner Unique": false, "Hash Cond": "(mc.movie_id = mk.movie_id)", "Plans": [{"Node Type": "Seq Scan", "Parent Relationship": "Outer", "Parallel Aware": true, "Relation Name": "movie_companies", "Alias": "mc", "Startup Cost": 0.0, "Total Cost": 29661.37, "Plan Rows": 1087137, "Plan Width": 8, "Actual Startup Time": 0.01, "Actual Total Time": 61.715, "Actual Rows": 869710, "Actual Loops": 3}, {"Node Type": "Hash", "Parent Relationship": "Inner", "Parallel Aware": true, "Startup Cost": 50878.05, "Total Cost": 50878.05, "Plan Rows": 14, "Plan Width": 4, "Actual Startup Time": 236.496, "Actual Total Time": 236.498, "Actual Rows": 13947, "Actual Loops": 3, "Hash Buckets": 65536, "Original Hash Buckets": 1024, "Hash Batches": 1, "Original Hash Batches": 1, "Peak Memory Usage": 2680, "Plans": [{"Node Type": "Hash Join", "Parent Relationship": "Outer", "Parallel Aware": false, "Join Type": "Inner", "Startup Cost": 2626.14, "Total Cost": 50878.05, "Plan Rows": 14, "Plan Width": 4, "Actual Startup Time": 10.483, "Actual Total Time": 218.206, "Actual Rows": 13947, "Actual Loops": 3, "Inner Unique": true, "Hash Cond": "(mk.keyword_id = k.id)", "Plans": [{"Node Type": "Seq Scan", "Parent Relationship": "Outer", "Parallel Aware": true, "Relation Name": "movie_keyword", "Alias": "mk", "Startup Cost": 0.0, "Total Cost": 43303.71, "Plan Rows": 1884971, "Plan Width": 8, "Actual Startup Time": 0.01, "Actual Total Time": 103.238, "Actual Rows": 1507977, "Actual Loops": 3}, {"Node Type": "Hash", "Parent Relationship": "Inner", "Parallel Aware": false, "Startup Cost": 2626.12, "Total Cost": 2626.12, "Plan Rows": 1, "Plan Width": 4, "Actual Startup Time": 10.434, "Actual Total Time": 10.435, "Actual Rows": 1, "Actual Loops": 3, "Hash Buckets": 1024, "Original Hash Buckets": 1024, "Hash Batches": 1, "Original Hash Batches": 1, "Peak Memory Usage": 9, "Plans": [{"Node Type": "Seq Scan", "Parent Relationship": "Outer", "Parallel Aware": false, "Relation Name": "keyword", "Alias": "k", "Startup Cost": 0.0, "Total Cost": 2626.12, "Plan Rows": 1, "Plan Width": 4, "Actual Startup Time": 0.502, "Actual Total Time": 10.428, "Actual Rows": 1, "Actual Loops": 3, "Filter": "((keyword)::text = 'character-name-in-title'::text)", "Rows Removed by Filter": 134169}]}]}]}]}, {"Node Type": "Index Scan", "Parent Relationship": "Inner", "Parallel Aware": false, "Scan Direction": "Forward", "Index Name": "company_name_pkey", "Relation Name": "company_name", "Alias": "cn", "Startup Cost": 0.42, "Total Cost": 0.45, "Plan Rows": 1, "Plan Width": 4, "Actual Startup Time": 0.002, "Actual Total Time": 0.002, "Actual Rows": 0, "Actual Loops": 148552, "Index Cond": "(id = mc.company_id)", "Rows Removed by Index Recheck": 0, "Filter": "((country_code)::text = '[de]'::text)", "Rows Removed by Filter": 1}]}, {"Node Type": "Index Only Scan", "Parent Relationship": "Inner", "Parallel Aware": false, "Scan Direction": "Forward", "Index Name": "title_pkey", "Relation Name": "title", "Alias": "t", "Startup Cost": 0.43, "Total Cost": 0.49, "Plan Rows": 1, "Plan Width": 4, "Actual Startup Time": 0.003, "Actual Total Time": 0.003, "Actual Rows": 1, "Actual Loops": 7834, "Index Cond": "(id = mk.movie_id)", "Rows Removed by Index Recheck": 0, "Heap Fetches": 7834}]}]}]}]}, "Planning Time": 76.412, "Triggers": [], "Execution Time": 507.6}]
[{"Bao": {"Bao prediction": "NaN", "Bao recommended hint": "(no hint)"}}, {"Plan": {"Node Type": "Aggregate", "Strategy": "Plain", "Partial Mode": "Finalize", "Parallel Aware": false, "Startup Cost": 84678.33, "Total Cost": 84678.34, "Plan Rows": 1, "Plan Width": 8, "Actual Startup Time": 360.071, "Actual Total Time": 369.203, "Actual Rows": 1, "Actual Loops": 1, "Plans": [{"Node Type": "Gather", "Parent Relationship": "Outer", "Parallel Aware": false, "Startup Cost": 84678.12, "Total Cost": 84678.33, "Plan Rows": 2, "Plan Width": 8, "Actual Startup Time": 359.891, "Actual Total Time": 369.196, "Actual Rows": 3, "Actual Loops": 1, "Workers Planned": 2, "Workers Launched": 2, "Single Copy": false, "Plans": [{"Node Type": "Aggregate", "Strategy": "Plain", "Partial Mode": "Partial", "Parent Relationship": "Outer", "Parallel Aware": false, "Startup Cost": 83678.12, "Total Cost": 83678.13, "Plan Rows": 1, "Plan Width": 8, "Actual Startup Time": 357.654, "Actual Total Time": 357.66, "Actual Rows": 1, "Actual Loops": 3, "Plans": [{"Node Type": "Nested Loop", "Parent Relationship": "Outer", "Parallel Aware": false, "Join Type": "Inner", "Startup Cost": 51915.14, "Total Cost": 83678.12, "Plan Rows": 1, "Plan Width": 0, "Actual Startup Time": 235.063, "Actual Total Time": 357.521, "Actual Rows": 2315, "Actual Loops": 3, "Inner Unique": true, "Join Filter": "(ml.movie_id = t.id)", "Rows Removed by Join Filter": 0, "Plans": [{"Node Type": "Nested Loop", "Parent Relationship": "Outer", "Parallel Aware": false, "Join Type": "Inner", "Startup Cost": 51914.71, "Total Cost": 83677.61, "Plan Rows": 1, "Plan Width": 12, "Actual Startup Time": 235.046, "Actual Total Time": 353.956, "Actual Rows": 2315, "Actual Loops": 3, "Inner Unique": true, "Plans": [{"Node Type": "Nested Loop", "Parent Relationship": "Outer", "Parallel Aware": false, "Join Type": "Inner", "Startup Cost": 51914.56, "Total Cost": 83677.45, "Plan Rows": 1, "Plan Width": 16, "Actual Startup Time": 235.014, "Actual Total Time": 351.756, "Actual Rows": 2315, "Actual Loops": 3, "Inner Unique": true, "Plans": [{"Node Type": "Nested Loop", "Parent Relationship": "Outer", "Parallel Aware": false, "Join Type": "Inner", "Startup Cost": 51914.41, "Total Cost": 83677.28, "Plan Rows": 1, "Plan Width": 20, "Actual Startup Time": 235.003, "Actual Total Time": 349.772, "Actual Rows": 2315, "Actual Loops": 3, "Inner Unique": true, "Plans": [{"Node Type": "Hash Join", "Parent Relationship": "Outer", "Parallel Aware": true, "Join Type": "Inner", "Startup Cost": 51913.99, "Total Cost": 83660.38, "Plan Rows": 37, "Plan Width": 24, "Actual Startup Time": 233.561, "Actual Total Time": 341.809, "Actual Rows": 5170, "Actual Loops": 3, "Inner Unique": false, "Hash Cond": "(mc.movie_id = ml.movie_id)", "Plans": [{"Node Type": "Seq Scan", "Parent Relationship": "Outer", "Parallel Aware": true, "Relation Name": "movie_companies", "Alias": "mc", "Startup Cost": 0.0, "Total Cost": 29661.37, "Plan Rows": 555962, "Plan Width": 12, "Actual Startup Time": 0.024, "Actual Total Time": 76.676, "Actual Rows": 445713, "Actual Loops": 3, "Filter": "(note IS NOT NULL)", "Rows Removed by Filter": 423996}, {"Node Type": "Hash", "Parent Relationship": "Inner", "Parallel Aware": true, "Startup Cost": 51913.83, "Total Cost": 51913.83, "Plan Rows": 13, "Plan Width": 12, "Actual Startup Time": 233.105, "Actual Total Time": 233.108, "Actual Rows": 487, "Actual Loops": 3, "Hash Buckets": 1024, "Original Hash Buckets": 1024, "Hash Batches": 1, "Original Hash Batches": 1, "Peak Memory Usage": 136, "Plans": [{"Node Type": "Hash Join", "Parent Relationship": "Outer", "Parallel Aware": false, "Join Type": "Inner", "Startup Cost": 3631.81, "Total Cost": 51913.83, "Plan Rows": 13, "Plan Width": 12, "Actual Startup Time": 22.911, "Actual Total Time": 232.979, "Actual Rows": 487, "Actual Loops": 3, "Inner Unique": false, "Hash Cond": "(mk.movie_id = ml.movie_id)", "Plans": [{"Node Type": "Hash Join", "Parent Relationship": "Outer", "Parallel Aware": false, "Join Type": "Inner", "Startup Cost": 2793.88, "Total Cost": 51045.79, "Plan Rows": 42, "Plan Width": 4, "Actual Startup Time": 16.322, "Actual Total Time": 223.294, "Actual Rows": 15801, "Actual Loops": 3, "Inner Unique": true, "Hash Cond": "(mk.keyword_id = k.id)", "Plans": [{"Node Type": "Seq Scan", "Parent Relationship": "Outer", "Parallel Aware": true, "Relation Name": "movie_keyword", "Alias": "mk", "Startup Cost": 0.0, "Total Cost": 43303.71, "Plan Rows": 1884971, "Plan Width": 8, "Actual Startup Time": 0.008, "Actual Total Time": 102.553, "Actual Rows": 1507977, "Actual Loops": 3}, {"Node Type": "Hash", "Parent Relationship": "Inner", "Parallel Aware": false, "Startup Cost": 2793.84, "Total Cost": 2793.84, "Plan Rows": 3, "Plan Width": 4, "Actual Startup Time": 16.264, "Actual Total Time": 16.265, "Actual Rows": 3, "Actual Loops": 3, "Hash Buckets": 1024, "Original Hash Buckets": 1024, "Hash Batches": 1, "Original Hash Batches": 1, "Peak Memory Usage": 9, "Plans": [{"Node Type": "Seq Scan", "Parent Relationship": "Outer", "Parallel Aware": false, "Relation Name": "keyword", "Alias": "k", "Startup Cost": 0.0, "Total Cost": 2793.84, "Plan Rows": 3, "Plan Width": 4, "Actual Startup Time": 0.663, "Actual Total Time": 16.26, "Actual Rows": 3, "Actual Loops": 3, "Filter": "((keyword)::text = ANY ('{sequel,revenge,based-on-novel}'::text[]))", "Rows Removed by Filter": 134167}]}]}, {"Node Type": "Hash", "Parent Relationship": "Inner", "Parallel Aware": false, "Startup Cost": 462.97, "Total Cost": 462.97, "Plan Rows": 29997, "Plan Width": 8, "Actual Startup Time": 6.508, "Actual Total Time": 6.509, "Actual Rows": 29997, "Actual Loops": 3, "Hash Buckets": 32768, "Original Hash Buckets": 32768, "Hash Batches": 1, "Original Hash Batches": 1, "Peak Memory Usage": 1428, "Plans": [{"Node Type": "Seq Scan", "Parent Relationship": "Outer", "Parallel Aware": false, "Relation Name": "movie_link", "Alias": "ml", "Startup Cost": 0.0, "Total Cost": 462.97, "Plan Rows": 29997, "Plan Width": 8, "Actual Startup Time": 0.016, "Actual Total Time": 3.217, "Actual Rows": 29997, "Actual Loops": 3}]}]}]}]}, {"Node Type": "Index Scan", "Parent Relationship": "Inner", "Parallel Aware": false, "Scan Direction": "Forward", "Index Name": "company_name_pkey", "Relation Name": "company_name", "Alias": "cn", "Startup Cost": 0.42, "Total Cost": 0.46, "Plan Rows": 1, "Plan Width": 4, "Actual Startup Time": 0.001, "Actual Total Time": 0.001, "Actual Rows": 0, "Actual Loops": 15510, "Index Cond": "(id = mc.company_id)", "Rows Removed by Index Recheck": 0, "Filter": "(((country_code)::text <> '[pl]'::text) AND (((name)::text ~~ '20th Century Fox%'::text) OR ((name)::text ~~ 'Twentieth Century Fox%'::text)))", "Rows Removed by Filter": 1}]}, {"Node Type": "Index Scan", "Parent Relationship": "Inner", "Parallel Aware": false, "Scan Direction": "Forward", "Index Name": "company_type_pkey", "Relation Name": "company_type", "Alias": "ct", "Startup Cost": 0.15, "Total Cost": 0.17, "Plan Rows": 1, "Plan Width": 4, "Actual Startup Time": 0.001, "Actual Total Time": 0.001, "Actual Rows": 1, "Actual Loops": 6946, "Index Cond": "(id = mc.company_type_id)", "Rows Removed by Index Recheck": 0, "Filter": "((kind IS NOT NULL) AND ((kind)::text <> 'production companies'::text))", "Rows Removed by Filter": 0}]}, {"Node Type": "Index Only Scan", "Parent Relationship": "Inner", "Parallel Aware": false, "Scan Direction": "Forward", "Index Name": "link_type_pkey", "Relation Name": "link_type", "Alias": "lt", "Startup Cost": 0.15, "Total Cost": 0.17, "Plan Rows": 1, "Plan Width": 4, "Actual Startup Time": 0.001, "Actual Total Time": 0.001, "Actual Rows": 1, "Actual Loops": 6946, "Index Cond": "(id = ml.link_type_id)", "Rows Removed by Index Recheck": 0, "Heap Fetches": 6946}]}, {"Node Type": "Index Scan", "Parent Relationship": "Inner", "Parallel Aware": false, "Scan Direction": "Forward", "Index Name": "title_pkey", "Relation Name": "title", "Alias": "t", "Startup Cost": 0.43, "Total Cost": 0.49, "Plan Rows": 1, "Plan Width": 4, "Actual Startup Time": 0.001, "Actual Total Time": 0.001, "Actual Rows": 1, "Actual Loops": 6946, "Index Cond": "(id = mk.movie_id)", "Rows Removed by Index Recheck": 0, "Filter": "(production_year > 1950)", "Rows Removed by Filter": 0}]}]}]}]}, "Planning Time": 81.847, "Triggers": [], "Execution Time": 369.298}]
[{"Bao": {"Bao prediction": "NaN", "Bao recommended hint": "(no hint)"}}, {"Plan": {"Node Type": "Aggregate", "Strategy": "Plain", "Partial Mode": "Finalize", "Parallel Aware": false, "Startup Cost": 789000.02, "Total Cost": 789000.03, "Plan Rows": 1, "Plan Width": 8, "Actual Startup Time": 2563.92, "Actual Total Time": 2621.378, "Actual Rows": 1, "Actual Loops": 1, "Plans": [{"Node Type": "Gather", "Parent Relationship": "Outer", "Parallel Aware": false, "Startup Cost": 788999.81, "Total Cost": 789000.02, "Plan Rows": 2, "Plan Width": 8, "Actual Startup Time": 2562.585, "Actual Total Time": 2621.373, "Actual Rows": 3, "Actual Loops": 1, "Workers Planned": 2, "Workers Launched": 2, "Single Copy": false, "Plans": [{"Node Type": "Aggregate", "Strategy": "Plain", "Partial Mode": "Partial", "Parent Relationship": "Outer", "Parallel Aware": false, "Startup Cost": 787999.81, "Total Cost": 787999.82, "Plan Rows": 1, "Plan Width": 8, "Actual Startup Time": 2560.111, "Actual Total Time": 2560.121, "Actual Rows": 1, "Actual Loops": 3, "Plans": [{"Node Type": "Nested Loop", "Parent Relationship": "Outer", "Parallel Aware": false, "Join Type": "Inner", "Startup Cost": 771437.91, "Total Cost": 787999.81, "Plan Rows": 1, "Plan Width": 0, "Actual Startup Time": 2458.109, "Actual Total Time": 2560.112, "Actual Rows": 61, "Actual Loops": 3, "Inner Unique": true, "Join Filter": "(ci.person_id = n.id)", "Rows Removed by Join Filter": 0, "Plans": [{"Node Type": "Nested Loop", "Parent Relationship": "Outer", "Parallel Aware": false, "Join Type": "Inner", "Startup Cost": 771437.48, "Total Cost": 787998.22, "Plan Rows": 1, "Plan Width": 8, "Actual Startup Time": 2435.167, "Actual Total Time": 2523.744, "Actual Rows": 22342, "Actual Loops": 3, "Inner Unique": true, "Plans": [{"Node Type": "Hash Join", "Parent Relationship": "Outer", "Parallel Aware": true, "Join Type": "Inner", "Startup Cost": 771437.06, "Total Cost": 787997.01, "Plan Rows": 1, "Plan Width": 12, "Actual Startup Time": 2435.147, "Actual Total Time": 2487.316, "Actual Rows": 22983, "Actual Loops": 3, "Inner Unique": false, "Hash Cond": "(an.person_id = ci.person_id)", "Plans": [{"Node Type": "Seq Scan", "Parent Relationship": "Outer", "Parallel Aware": true, "Relation Name": "aka_name", "Alias": "an", "Startup Cost": 0.0, "Total Cost": 15151.6, "Plan Rows": 375560, "Plan Width": 4, "Actual Startup Time": 0.027, "Actual Total Time": 23.589, "Actual Rows": 300448, "Actual Loops": 3}, {"Node Type": "Hash", "Parent Relationship": "Inner", "Parallel Aware": true, "Startup Cost": 771437.05, "Total Cost": 771437.05, "Plan Rows": 1, "Plan Width": 8, "Actual Startup Time": 2434.512, "Actual Total Time": 2434.52, "Actual Rows": 12609, "Actual Loops": 3, "Hash Buckets": 65536, "Original Hash Buckets": 1024, "Hash Batches": 1, "Original Hash Batches": 1, "Peak Memory Usage": 2552, "Plans": [{"Node Type": "Nested Loop", "Parent Relationship": "Outer", "Parallel Aware": false, "Join Type": "Inner", "Startup Cost": 735857.27, "Total Cost": 771437.05, "Plan Rows": 1, "Plan Width": 8, "Actual Startup Time": 2161.469, "Actual Total Time": 2398.447, "Actual Rows": 12609, "Actual Loops": 3, "Inner Unique": true, "Plans": [{"Node Type": "Nested Loop", "Parent Relationship": "Outer", "Parallel Aware": false, "Join Type": "Inner", "Startup Cost": 735856.84, "Total Cost": 771435.59, "Plan Rows": 1, "Plan Width": 12, "Actual Startup Time": 2161.432, "Actual Total Time": 2369.283, "Actual Rows": 14241, "Actual Loops": 3, "Inner Unique": true, "Join Filter": "(mi.movie_id = t.id)", "Rows Removed by Join Filter": 0, "Plans": [{"Node Type": "Hash Join", "Parent Relationship": "Outer", "Parallel Aware": true, "Join Type": "Inner", "Startup Cost": 735856.41, "Total Cost": 771429.83, "Plan Rows": 4, "Plan Width": 24, "Actual Startup Time": 2161.125, "Actual Total Time": 2326.176, "Actual Rows": 24232, "Actual Loops": 3, "Inner Unique": false, "Hash Cond": "(mc.movie_id = mi.movie_id)", "Plans": [{"Node Type": "Seq Scan", "Parent Relationship": "Outer", "Parallel Aware": true, "Relation Name": "movie_companies", "Alias": "mc", "Startup Cost": 0.0, "Total Cost": 35097.06, "Plan Rows": 127023, "Plan Width": 8, "Actual Startup Time": 0.014, "Actual Total Time": 137.807, "Actual Rows": 196998, "Actual Loops": 3, "Filter": "((note IS NOT NULL) AND (((note)::text ~~ '%(USA)%'::text) OR ((note)::text ~~ '%(worldwide)%'::text)))", "Rows Removed by Filter": 672712}, {"Node Type": "Hash", "Parent Relationship": "Inner", "Parallel Aware": true, "Startup Cost": 735856.34, "Total Cost": 735856.34, "Plan Rows": 6, "Plan Width": 16, "Actual Startup Time": 2161.011, "Actual Total Time": 2161.016, "Actual Rows": 49045, "Actual Loops": 3, "Hash Buckets": 262144, "Original Hash Buckets": 1024, "Hash Batches": 1, "Original Hash Batches": 1, "Peak Memory Usage": 11064, "Plans": [{"Node Type": "Hash Join", "Parent Relationship": "Outer", "Parallel Aware": true, "Join Type": "Inner", "Startup Cost": 480149.52, "Total Cost": 735856.34, "Plan Rows": 6, "Plan Width": 16, "Actual Startup Time": 2115.451, "Actual Total Time": 2144.059, "Actual Rows": 49045, "Actual Loops": 3, "Inner Unique": false, "Hash Cond": "(mi.movie_id = ci.movie_id)", "Plans": [{"Node Type": "Hash Join", "Parent Relationship": "Outer", "Parallel Aware": false, "Join Type": "Inner", "Startup Cost": 2.43, "Total Cost": 255704.99, "Plan Rows": 1125, "Plan Width": 4, "Actual Startup Time": 202.138, "Actual Total Time": 770.957, "Actual Rows": 150346, "Actual Loops": 3, "Inner Unique": true, "Hash Cond": "(mi.info_type_id = it.id)", "Plans": [{"Node Type": "Seq Scan", "Parent Relationship": "Outer", "Parallel Aware": true, "Relation Name": "movie_info", "Alias": "mi", "Startup Cost": 0.0, "Total Cost": 255356.52, "Plan Rows": 127064, "Plan Width": 8, "Actual Startup Time": 81.159, "Actual Total Time": 751.64, "Actual Rows": 150368, "Actual Loops": 3, "Filter": "((info IS NOT NULL) AND (((info)::text ~~ 'Japan:%200%'::text) OR ((info)::text ~~ 'USA:%200%'::text)))", "Rows Removed by Filter": 4794872}, {"Node Type": "Hash", "Parent Relationship": "Inner", "Parallel Aware": false, "Startup Cost": 2.41, "Total Cost": 2.41, "Plan Rows": 1, "Plan Width": 4, "Actual Startup Time": 0.029, "Actual Total Time": 0.03, "Actual Rows": 1, "Actual Loops": 3, "Hash Buckets": 1024, "Original Hash Buckets": 1024, "Hash Batches": 1, "Original Hash Batches": 1, "Peak Memory Usage": 9, "Plans": [{"Node Type": "Seq Scan", "Parent Relationship": "Outer", "Parallel Aware": false, "Relation Name": "info_type", "Alias": "it", "Startup Cost": 0.0, "Total Cost": 2.41, "Plan Rows": 1, "Plan Width": 4, "Actual Startup Time": 0.022, "Actual Total Time": 0.028, "Actual Rows": 1, "Actual Loops": 3, "Filter": "((info)::text = 'release dates'::text)", "Rows Removed by Filter": 112}]}]}, {"Node Type": "Hash", "Parent Relationship": "Inner", "Parallel Aware": true, "Startup Cost": 480120.81, "Total Cost": 480120.81, "Plan Rows": 2103, "Plan Width": 12, "Actual Startup Time": 1324.863, "Actual Total Time": 1324.864, "Actual Rows": 92055, "Actual Loops": 3, "Hash Buckets": 65536, "Original Hash Buckets": 8192, "Hash Batches": 8, "Original Hash Batches": 1, "Peak Memory Usage": 2208, "Plans": [{"Node Type": "Hash Join", "Parent Relationship": "Outer", "Parallel Aware": false, "Join Type": "Inner", "Startup Cost": 18.93, "Total Cost": 480120.81, "Plan Rows": 2103, "Plan Width": 12, "Actual Startup Time": 397.721, "Actual Total Time": 1295.203, "Actual Rows": 92055, "Actual Loops": 3, "Inner Unique": true, "Hash Cond": "(ci.role_id = rt.id)", "Plans": [{"Node Type": "Seq Scan", "Parent Relationship": "Outer", "Parallel Aware": true, "Relation Name": "cast_info", "Alias": "ci", "Startup Cost": 0.0, "Total Cost": 479115.98, "Plan Rows": 373356, "Plan Width": 16, "Actual Startup Time": 0.028, "Actual Total Time": 1266.42, "Actual Rows": 289159, "Actual Loops": 3, "Filter": "((note)::text = ANY ('{(voice),\"(voice: Japanese version)\",\"(voice) (uncredited)\",\"(voice: English version)\"}'::text[]))", "Rows Removed by Filter": 11792289}, {"Node Type": "Hash", "Parent Relationship": "Inner", "Parallel Aware": false, "Startup Cost": 18.88, "Total Cost": 18.88, "Plan Rows": 4, "Plan Width": 4, "Actual Startup Time": 0.03, "Actual Total Time": 0.03, "Actual Rows": 1, "Actual Loops": 3, "Hash Buckets": 1024, "Original Hash Buckets": 1024, "Hash Batches": 1, "Original Hash Batches": 1, "Peak Memory Usage": 9, "Plans": [{"Node Type": "Seq Scan", "Parent Relationship": "Outer", "Parallel Aware": false, "Relation Name": "role_type", "Alias": "rt", "Startup Cost": 0.0, "Total Cost": 18.88, "Plan Rows": 4, "Plan Width": 4, "Actual Startup Time": 0.024, "Actual Total Time": 0.025, "Actual Rows": 1, "Actual Loops": 3, "Filter": "((role)::text = 'actress'::text)", "Rows Removed by Filter": 11}]}]}]}]}]}]}, {"Node Type": "Index Scan", "Parent Relationship": "Inner", "Parallel Aware": false, "Scan Direction": "Forward", "Index Name": "title_pkey", "Relation Name": "title", "Alias": "t", "Startup Cost": 0.43, "Total Cost": 1.43, "Plan Rows": 1, "Plan Width": 4, "Actual Startup Time": 0.002, "Actual Total Time": 0.002, "Actual Rows": 1, "Actual Loops": 72696, "Index Cond": "(id = ci.movie_id)", "Rows Removed by Index Recheck": 0, "Filter": "((production_year >= 2005) AND (production_year <= 2009))", "Rows Removed by Filter": 0}]}, {"Node Type": "Index Only Scan", "Parent Relationship": "Inner", "Parallel Aware": false, "Scan Direction": "Forward", "Index Name": "char_name_pkey", "Relation Name": "char_name", "Alias": "chn", "Startup Cost": 0.43, "Total Cost": 1.46, "Plan Rows": 1, "Plan Width": 4, "Actual Startup Time": 0.002, "Actual Total Time": 0.002, "Actual Rows": 1, "Actual Loops": 42723, "Index Cond": "(id = ci.person_role_id)", "Rows Removed by Index Recheck": 0, "Heap Fetches": 37828}]}]}]}, {"Node Type": "Index Scan", "Parent Relationship": "Inner", "Parallel Aware": false, "Scan Direction": "Forward", "Index Name": "company_name_pkey", "Relation Name": "company_name", "Alias": "cn", "Startup Cost": 0.42, "Total Cost": 1.2, "Plan Rows": 1, "Plan Width": 4, "Actual Startup Time": 0.001, "Actual Total Time": 0.001, "Actual Rows": 1, "Actual Loops": 68948, "Index Cond": "(id = mc.company_id)", "Rows Removed by Index Recheck": 0, "Filter": "((country_code)::text = '[us]'::text)", "Rows Removed by Filter": 0}]}, {"Node Type": "Index Scan", "Parent Relationship": "Inner", "Parallel Aware": false, "Scan Direction": "Forward", "Index Name": "name_pkey", "Relation Name": "name", "Alias": "n", "Startup Cost": 0.43, "Total Cost": 1.58, "Plan Rows": 1, "Plan Width": 4, "Actual Startup Time": 0.001, "Actual Total Time": 0.001, "Actual Rows": 0, "Actual Loops": 67025, "Index Cond": "(id = an.person_id)", "Rows Removed by Index Recheck": 0, "Filter": "(((name)::text ~~ '%Ang%'::text) AND ((gender)::text = 'f'::text))", "Rows Removed by Filter": 1}]}]}]}]}, "Planning Time": 109.175, "Triggers": [], "Execution Time": 2621.507}]
[{"Bao": {"Bao prediction": "NaN", "Bao recommended hint": "(no hint)"}}, {"Plan": {"Node Type": "Aggregate", "Strategy": "Plain", "Partial Mode": "Simple", "Parallel Aware": false, "Startup Cost": 275887.15, "Total Cost": 275887.16, "Plan Rows": 1, "Plan Width": 8, "Actual Startup Time": 356440.576, "Actual Total Time": 504903.683, "Actual Rows": 1, "Actual Loops": 1, "Plans": [{"Node Type": "Nested Loop", "Parent Relationship": "Outer", "Parallel Aware": false, "Join Type": "Inner", "Startup Cost": 265874.55, "Total Cost": 275887.14, "Plan Rows": 1, "Plan Width": 0, "Actual Startup Time": 301221.351, "Actual Total Time": 504903.649, "Actual Rows": 247, "Actual Loops": 1, "Inner Unique": true, "Plans": [{"Node Type": "Nested Loop", "Parent Relationship": "Outer", "Parallel Aware": false, "Join Type": "Inner", "Startup Cost": 265874.13, "Total Cost": 275886.68, "Plan Rows": 1, "Plan Width": 4, "Actual Startup Time": 301221.037, "Actual Total Time": 504900.794, "Actual Rows": 1919, "Actual Loops": 1, "Inner Unique": true, "Plans": [{"Node Type": "Nested Loop", "Parent Relationship": "Outer", "Parallel Aware": false, "Join Type": "Inner", "Startup Cost": 265873.98, "Total Cost": 275886.49, "Plan Rows": 1, "Plan Width": 8, "Actual Startup Time": 301221.031, "Actual Total Time": 504898.965, "Actual Rows": 1919, "Actual Loops": 1, "Inner Unique": true, "Plans": [{"Node Type": "Nested Loop", "Parent Relationship": "Outer", "Parallel Aware": false, "Join Type": "Inner", "Startup Cost": 265873.83, "Total Cost": 275886.31, "Plan Rows": 1, "Plan Width": 12, "Actual Startup Time": 301221.021, "Actual Total Time": 504897.133, "Actual Rows": 1919, "Actual Loops": 1, "Inner Unique": true, "Join Filter": "(ml.movie_id = t.id)", "Rows Removed by Join Filter": 0, "Plans": [{"Node Type": "Merge Join", "Parent Relationship": "Outer", "Parallel Aware": false, "Join Type": "Inner", "Startup Cost": 265873.4, "Total Cost": 275883.3, "Plan Rows": 6, "Plan Width": 32, "Actual Startup Time": 169459.544, "Actual Total Time": 504886.149, "Actual Rows": 7847, "Actual Loops": 1, "Inner Unique": false, "Merge Cond": "(mk.movie_id = ml.movie_id)", "Plans": [{"Node Type": "Gather Merge", "Parent Relationship": "Outer", "Parallel Aware": false, "Startup Cost": 263179.73, "Total Cost": 450517.6, "Plan Rows": 19, "Plan Width": 24, "Actual Startup Time": 169451.737, "Actual Total Time": 504874.422, "Actual Rows": 432, "Actual Loops": 1, "Workers Planned": 2, "Workers Launched": 2, "Plans": [{"Node Type": "Nested Loop", "Parent Relationship": "Outer", "Parallel Aware": false, "Join Type": "Inner", "Startup Cost": 262179.71, "Total Cost": 449515.39, "Plan Rows": 8, "Plan Width": 24, "Actual Startup Time": 67115.096, "Actual Total Time": 355869.754, "Actual Rows": 309, "Actual Loops": 3, "Inner Unique": false, "Join Filter": "(mc.movie_id = mk.movie_id)", "Rows Removed by Join Filter": 502502693, "Plans": [{"Node Type": "Nested Loop", "Parent Relationship": "Outer", "Parallel Aware": false, "Join Type": "Inner", "Startup Cost": 262179.71, "Total Cost": 323272.96, "Plan Rows": 1, "Plan Width": 16, "Actual Startup Time": 6580.372, "Actual Total Time": 297851.21, "Actual Rows": 112, "Actual Loops": 3, "Inner Unique": true, "Plans": [{"Node Type": "Nested Loop", "Parent Relationship": "Outer", "Parallel Aware": false, "Join Type": "Inner", "Startup Cost": 262179.29, "Total Cost": 323271.59, "Plan Rows": 3, "Plan Width": 20, "Actual Startup Time": 929.976, "Actual Total Time": 297842.097, "Actual Rows": 729, "Actual Loops": 3, "Inner Unique": false, "Join Filter": "(mi.movie_id = mc.movie_id)", "Rows Removed by Join Filter": 1469403060, "Plans": [{"Node Type": "Merge Join", "Parent Relationship": "Outer", "Parallel Aware": false, "Join Type": "Inner", "Startup Cost": 262179.29, "Total Cost": 262455.05, "Plan Rows": 1, "Plan Width": 8, "Actual Startup Time": 831.72, "Actual Total Time": 840.126, "Actual Rows": 1156, "Actual Loops": 3, "Inner Unique": false, "Merge Cond": "(mi.movie_id = cc.movie_id)", "Plans": [{"Node Type": "Sort", "Parent Relationship": "Outer", "Parallel Aware": false, "Startup Cost": 259699.19, "Total Cost": 259837.04, "Plan Rows": 55142, "Plan Width": 4, "Actual Startup Time": 747.43, "Actual Total Time": 748.175, "Actual Rows": 4808, "Actual Loops": 3, "Sort Key": ["mi.movie_id"], "Sort Method": "quicksort", "Sort Space Used": 3594, "Sort Space Type": "Memory", "Workers": [{"Worker Number": 0, "Sort Method": "quicksort", "Sort Space Used": 3381, "Sort Space Type": "Memory"}, {"Worker Number": 1, "Sort Method": "quicksort", "Sort Space Used": 3415, "Sort Space Type": "Memory"}], "Plans": [{"Node Type": "Seq Scan", "Parent Relationship": "Outer", "Parallel Aware": true, "Relation Name": "movie_info", "Alias": "mi", "Startup Cost": 0.0, "Total Cost": 255356.52, "Plan Rows": 55142, "Plan Width": 4, "Actual Startup Time": 0.339, "Actual Total Time": 737.941, "Actual Rows": 44746, "Actual Loops": 3, "Filter": "((info)::text = ANY ('{Sweden,Germany,Swedish,German}'::text[]))", "Rows Removed by Filter": 4900494}]}, {"Node Type": "Sort", "Parent Relationship": "Inner", "Parallel Aware": false, "Startup Cost": 2480.1, "Total Cost": 2480.12, "Plan Rows": 8, "Plan Width": 4, "Actual Startup Time": 84.211, "Actual Total Time": 87.456, "Actual Rows": 23802, "Actual Loops": 3, "Sort Key": ["cc.movie_id"], "Sort Method": "external sort", "Sort Space Used": 1960, "Sort Space Type": "Disk", "Workers": [{"Worker Number": 0, "Sort Method": "external sort", "Sort Space Used": 1960, "Sort Space Type": "Disk"}, {"Worker Number": 1, "Sort Method": "external sort", "Sort Space Used": 1960, "Sort Space Type": "Disk"}], "Plans": [{"Node Type": "Hash Join", "Parent Relationship": "Outer", "Parallel Aware": false, "Join Type": "Inner", "Startup Cost": 37.89, "Total Cost": 2479.98, "Plan Rows": 8, "Plan Width": 4, "Actual Startup Time": 0.109, "Actual Total Time": 47.841, "Actual Rows": 110494, "Actual Loops": 3, "Inner Unique": true, "Hash Cond": "(cc.status_id = cct2.id)", "Plans": [{"Node Type": "Hash Join", "Parent Relationship": "Outer", "Parallel Aware": false, "Join Type": "Inner", "Startup Cost": 18.96, "Total Cost": 2457.54, "Plan Rows": 1332, "Plan Width": 8, "Actual Startup Time": 0.02, "Actual Total Time": 31.448, "Actual Rows": 135086, "Actual Loops": 3, "Inner Unique": true, "Hash Cond": "(cc.subject_id = cct1.id)", "Plans": [{"Node Type": "Seq Scan", "Parent Relationship": "Outer", "Parallel Aware": false, "Relation Name": "complete_cast", "Alias": "cc", "Startup Cost": 0.0, "Total Cost": 2081.86, "Plan Rows": 135086, "Plan Width": 12, "Actual Startup Time": 0.008, "Actual Total Time": 9.04, "Actual Rows": 135086, "Actual Loops": 3}, {"Node Type": "Hash", "Parent Relationship": "Inner", "Parallel Aware": false, "Startup Cost": 18.88, "Total Cost": 18.88, "Plan Rows": 7, "Plan Width": 4, "Actual Startup Time": 0.009, "Actual Total Time": 0.009, "Actual Rows": 2, "Actual Loops": 3, "Hash Buckets": 1024, "Original Hash Buckets": 1024, "Hash Batches": 1, "Original Hash Batches": 1, "Peak Memory Usage": 9, "Plans": [{"Node Type": "Seq Scan", "Parent Relationship": "Outer", "Parallel Aware": false, "Relation Name": "comp_cast_type", "Alias": "cct1", "Startup Cost": 0.0, "Total Cost": 18.88, "Plan Rows": 7, "Plan Width": 4, "Actual Startup Time": 0.003, "Actual Total Time": 0.003, "Actual Rows": 2, "Actual Loops": 3, "Filter": "((kind)::text = ANY ('{cast,crew}'::text[]))", "Rows Removed by Filter": 2}]}]}, {"Node Type": "Hash", "Parent Relationship": "Inner", "Parallel Aware": false, "Startup Cost": 18.88, "Total Cost": 18.88, "Plan Rows": 4, "Plan Width": 4, "Actual Startup Time": 0.022, "Actual Total Time": 0.023, "Actual Rows": 1, "Actual Loops": 3, "Hash Buckets": 1024, "Original Hash Buckets": 1024, "Hash Batches": 1, "Original Hash Batches": 1, "Peak Memory Usage": 9, "Plans": [{"Node Type": "Seq Scan", "Parent Relationship": "Outer", "Parallel Aware": false, "Relation Name": "comp_cast_type", "Alias": "cct2", "Startup Cost": 0.0, "Total Cost": 18.88, "Plan Rows": 4, "Plan Width": 4, "Actual Startup Time": 0.019, "Actual Total Time": 0.019, "Actual Rows": 1, "Actual Loops": 3, "Filter": "((kind)::text = 'complete'::text)", "Rows Removed by Filter": 3}]}]}]}]}, {"Node Type": "Seq Scan", "Parent Relationship": "Inner", "Parallel Aware": false, "Relation Name": "movie_companies", "Alias": "mc", "Startup Cost": 0.0, "Total Cost": 44881.29, "Plan Rows": 1274820, "Plan Width": 12, "Actual Startup Time": 0.008, "Actual Total Time": 206.629, "Actual Rows": 1271111, "Actual Loops": 3468, "Filter": "(note IS NULL)", "Rows Removed by Filter": 1337034}]}, {"Node Type": "Index Scan", "Parent Relationship": "Inner", "Parallel Aware": false, "Scan Direction": "Forward", "Index Name": "company_name_pkey", "Relation Name": "company_name", "Alias": "cn", "Startup Cost": 0.42, "Total Cost": 0.46, "Plan Rows": 1, "Plan Width": 4, "Actual Startup Time": 0.01, "Actual Total Time": 0.01, "Actual Rows": 0, "Actual Loops": 2188, "Index Cond": "(id = mc.company_id)", "Rows Removed by Index Recheck": 0, "Filter": "(((country_code)::text <> '[pl]'::text) AND (((name)::text ~~ '%Film%'::text) OR ((name)::text ~~ '%Warner%'::text)))", "Rows Removed by Filter": 1}]}, {"Node Type": "Seq Scan", "Parent Relationship": "Inner", "Parallel Aware": false, "Relation Name": "movie_keyword", "Alias": "mk", "Startup Cost": 0.0, "Total Cost": 69693.3, "Plan Rows": 4523930, "Plan Width": 8, "Actual Startup Time": 0.004, "Actual Total Time": 284.34, "Actual Rows": 4486634, "Actual Loops": 336}]}]}, {"Node Type": "Sort", "Parent Relationship": "Inner", "Parallel Aware": false, "Startup Cost": 2693.63, "Total Cost": 2768.62, "Plan Rows": 29997, "Plan Width": 8, "Actual Startup Time": 7.261, "Actual Total Time": 8.972, "Actual Rows": 37753, "Actual Loops": 1, "Sort Key": ["ml.movie_id"], "Sort Method": "quicksort", "Sort Space Used": 2175, "Sort Space Type": "Memory", "Plans": [{"Node Type": "Seq Scan", "Parent Relationship": "Outer", "Parallel Aware": false, "Relation Name": "movie_link", "Alias": "ml", "Startup Cost": 0.0, "Total Cost": 462.97, "Plan Rows": 29997, "Plan Width": 8, "Actual Startup Time": 0.025, "Actual Total Time": 2.795, "Actual Rows": 29997, "Actual Loops": 1}]}]}, {"Node Type": "Index Scan", "Parent Relationship": "Inner", "Parallel Aware": false, "Scan Direction": "Forward", "Index Name": "title_pkey", "Relation Name": "title", "Alias": "t", "Startup Cost": 0.43, "Total Cost": 0.49, "Plan Rows": 1, "Plan Width": 4, "Actual Startup Time": 0.001, "Actual Total Time": 0.001, "Actual Rows": 0, "Actual Loops": 7847, "Index Cond": "(id = mk.movie_id)", "Rows Removed by Index Recheck": 0, "Filter": "(production_year = 1998)", "Rows Removed by Filter": 1}]}, {"Node Type": "Index Scan", "Parent Relationship": "Inner", "Parallel Aware": false, "Scan Direction": "Forward", "Index Name": "company_type_pkey", "Relation Name": "company_type", "Alias": "ct", "Startup Cost": 0.15, "Total Cost": 0.17, "Plan Rows": 1, "Plan Width": 4, "Actual Startup Time": 0.001, "Actual Total Time": 0.001, "Actual Rows": 1, "Actual Loops": 1919, "Index Cond": "(id = mc.company_type_id)", "Rows Removed by Index Recheck": 0, "Filter": "((kind)::text = 'production companies'::text)", "Rows Removed by Filter": 0}]}, {"Node Type": "Index Scan", "Parent Relationship": "Inner", "Parallel Aware": false, "Scan Direction": "Forward", "Index Name": "link_type_pkey", "Relation Name": "link_type", "Alias": "lt", "Startup Cost": 0.15, "Total Cost": 0.17, "Plan Rows": 1, "Plan Width": 4, "Actual Startup Time": 0.001, "Actual Total Time": 0.001, "Actual Rows": 1, "Actual Loops": 1919, "Index Cond": "(id = ml.link_type_id)", "Rows Removed by Index Recheck": 0, "Filter": "((link)::text ~~ '%follow%'::text)", "Rows Removed by Filter": 0}]}, {"Node Type": "Index Scan", "Parent Relationship": "Inner", "Parallel Aware": false, "Scan Direction": "Forward", "Index Name": "keyword_pkey", "Relation Name": "keyword", "Alias": "k", "Startup Cost": 0.42, "Total Cost": 0.44, "Plan Rows": 1, "Plan Width": 4, "Actual Startup Time": 0.001, "Actual Total Time": 0.001, "Actual Rows": 0, "Actual Loops": 1919, "Index Cond": "(id = mk.keyword_id)", "Rows Removed by Index Recheck": 0, "Filter": "((keyword)::text = 'sequel'::text)", "Rows Removed by Filter": 1}]}]}, "Planning Time": 203.549, "Triggers": [], "Execution Time": 504904.168}]
[{"Bao": {"Bao prediction": "NaN", "Bao recommended hint": "(no hint)"}}, {"Plan": {"Node Type": "Aggregate", "Strategy": "Plain", "Partial Mode": "Simple", "Parallel Aware": false, "Startup Cost": 837910.86, "Total Cost": 837910.87, "Plan Rows": 1, "Plan Width": 8, "Actual Startup Time": 3005.6, "Actual Total Time": 3062.924, "Actual Rows": 1, "Actual Loops": 1, "Plans": [{"Node Type": "Nested Loop", "Parent Relationship": "Outer", "Parallel Aware": false, "Join Type": "Inner", "Startup Cost": 804168.83, "Total Cost": 837910.85, "Plan Rows": 1, "Plan Width": 0, "Actual Startup Time": 2894.728, "Actual Total Time": 3062.898, "Actual Rows": 275, "Actual Loops": 1, "Inner Unique": true, "Plans": [{"Node Type": "Nested Loop", "Parent Relationship": "Outer", "Parallel Aware": false, "Join Type": "Inner", "Startup Cost": 804168.4, "Total Cost": 837909.01, "Plan Rows": 1, "Plan Width": 8, "Actual Startup Time": 2850.677, "Actual Total Time": 3052.339, "Actual Rows": 6518, "Actual Loops": 1, "Inner Unique": true, "Plans": [{"Node Type": "Nested Loop", "Parent Relationship": "Outer", "Parallel Aware": false, "Join Type": "Inner", "Startup Cost": 804167.97, "Total Cost": 837907.27, "Plan Rows": 1, "Plan Width": 12, "Actual Startup Time": 2850.669, "Actual Total Time": 3042.096, "Actual Rows": 6532, "Actual Loops": 1, "Inner Unique": true, "Plans": [{"Node Type": "Gather", "Parent Relationship": "Outer", "Parallel Aware": false, "Startup Cost": 804167.55, "Total Cost": 837905.79, "Plan Rows": 1, "Plan Width": 16, "Actual Startup Time": 2850.629, "Actual Total Time": 3021.955, "Actual Rows": 14511, "Actual Loops": 1, "Workers Planned": 2, "Workers Launched": 2, "Single Copy": false, "Plans": [{"Node Type": "Hash Join", "Parent Relationship": "Outer", "Parallel Aware": true, "Join Type": "Inner", "Startup Cost": 803167.55, "Total Cost": 836905.69, "Plan Rows": 1, "Plan Width": 16, "Actual Startup Time": 2855.18, "Actual Total Time": 2986.066, "Actual Rows": 4837, "Actual Loops": 3, "Inner Unique": false, "Hash Cond": "(mc.movie_id = t.id)", "Plans": [{"Node Type": "Seq Scan", "Parent Relationship": "Outer", "Parallel Aware": true, "Relation Name": "movie_companies", "Alias": "mc", "Startup Cost": 0.0, "Total Cost": 29661.37, "Plan Rows": 1087137, "Plan Width": 8, "Actual Startup Time": 0.027, "Actual Total Time": 63.666, "Actual Rows": 869710, "Actual Loops": 3}, {"Node Type": "Hash", "Parent Relationship": "Inner", "Parallel Aware": true, "Startup Cost": 803167.54, "Total Cost": 803167.54, "Plan Rows": 1, "Plan Width": 28, "Actual Startup Time": 2845.622, "Actual Total Time": 2845.634, "Actual Rows": 784, "Actual Loops": 3, "Hash Buckets": 1024, "Original Hash Buckets": 1024, "Hash Batches": 1, "Original Hash Batches": 1, "Peak Memory Usage": 168, "Plans": [{"Node Type": "Nested Loop", "Parent Relationship": "Outer", "Parallel Aware": false, "Join Type": "Inner", "Startup Cost": 752545.57, "Total Cost": 803167.54, "Plan Rows": 1, "Plan Width": 28, "Actual Startup Time": 2271.449, "Actual Total Time": 2845.376, "Actual Rows": 784, "Actual Loops": 3, "Inner Unique": true, "Join Filter": "(mi.movie_id = t.id)", "Rows Removed by Join Filter": 0, "Plans": [{"Node Type": "Nested Loop", "Parent Relationship": "Outer", "Parallel Aware": false, "Join Type": "Inner", "Startup Cost": 752545.14, "Total Cost": 803165.92, "Plan Rows": 1, "Plan Width": 24, "Actual Startup Time": 2271.43, "Actual Total Time": 2843.0, "Actual Rows": 1485, "Actual Loops": 3, "Inner Unique": true, "Plans": [{"Node Type": "Hash Join", "Parent Relationship": "Outer", "Parallel Aware": true, "Join Type": "Inner", "Startup Cost": 752544.72, "Total Cost": 802917.76, "Plan Rows": 169, "Plan Width": 28, "Actual Startup Time": 2217.377, "Actual Total Time": 2470.829, "Actual Rows": 247385, "Actual Loops": 3, "Inner Unique": false, "Hash Cond": "(mk.movie_id = mi.movie_id)", "Plans": [{"Node Type": "Seq Scan", "Parent Relationship": "Outer", "Parallel Aware": true, "Relation Name": "movie_keyword", "Alias": "mk", "Startup Cost": 0.0, "Total Cost": 43303.71, "Plan Rows": 1884971, "Plan Width": 8, "Actual Startup Time": 0.01, "Actual Total Time": 101.915, "Actual Rows": 1507977, "Actual Loops": 3}, {"Node Type": "Hash", "Parent Relationship": "Inner", "Parallel Aware": true, "Startup Cost": 752544.55, "Total Cost": 752544.55, "Plan Rows": 14, "Plan Width": 20, "Actual Startup Time": 2216.049, "Actual Total Time": 2216.054, "Actual Rows": 24569, "Actual Loops": 3, "Hash Buckets": 131072, "Original Hash Buckets": 1024, "Hash Batches": 1, "Original Hash Batches": 1, "Peak Memory Usage": 6104, "Plans": [{"Node Type": "Hash Join", "Parent Relationship": "Outer", "Parallel Aware": true, "Join Type": "Inner", "Startup Cost": 735984.54, "Total Cost": 752544.55, "Plan Rows": 14, "Plan Width": 20, "Actual Startup Time": 2145.598, "Actual Total Time": 2200.931, "Actual Rows": 24569, "Actual Loops": 3, "Inner Unique": false, "Hash Cond": "(an.person_id = ci.person_id)", "Plans": [{"Node Type": "Seq Scan", "Parent Relationship": "Outer", "Parallel Aware": true, "Relation Name": "aka_name", "Alias": "an", "Startup Cost": 0.0, "Total Cost": 15151.6, "Plan Rows": 375560, "Plan Width": 4, "Actual Startup Time": 0.018, "Actual Total Time": 24.798, "Actual Rows": 300448, "Actual Loops": 3}, {"Node Type": "Hash", "Parent Relationship": "Inner", "Parallel Aware": true, "Startup Cost": 735984.47, "Total Cost": 735984.47, "Plan Rows": 6, "Plan Width": 16, "Actual Startup Time": 2145.447, "Actual Total Time": 2145.451, "Actual Rows": 13024, "Actual Loops": 3, "Hash Buckets": 65536, "Original Hash Buckets": 1024, "Hash Batches": 1, "Original Hash Batches": 1, "Peak Memory Usage": 2904, "Plans": [{"Node Type": "Hash Join", "Parent Relationship": "Outer", "Parallel Aware": false, "Join Type": "Inner", "Startup Cost": 480149.52, "Total Cost": 735984.47, "Plan Rows": 6, "Plan Width": 16, "Actual Startup Time": 2119.492, "Actual Total Time": 2140.287, "Actual Rows": 13024, "Actual Loops": 3, "Inner Unique": true, "Hash Cond": "(mi.info_type_id = it.id)", "Plans": [{"Node Type": "Hash Join", "Parent Relationship": "Outer", "Parallel Aware": true, "Join Type": "Inner", "Startup Cost": 480147.1, "Total Cost": 735980.11, "Plan Rows": 712, "Plan Width": 20, "Actual Startup Time": 2119.439, "Actual Total Time": 2138.447, "Actual Rows": 13024, "Actual Loops": 3, "Inner Unique": false, "Hash Cond": "(mi.movie_id = ci.movie_id)", "Plans": [{"Node Type": "Seq Scan", "Parent Relationship": "Outer", "Parallel Aware": true, "Relation Name": "movie_info", "Alias": "mi", "Startup Cost": 0.0, "Total Cost": 255356.52, "Plan Rows": 126272, "Plan Width": 8, "Actual Startup Time": 128.533, "Actual Total Time": 756.457, "Actual Rows": 100416, "Actual Loops": 3, "Filter": "((info IS NOT NULL) AND (((info)::text ~~ 'Japan:%201%'::text) OR ((info)::text ~~ 'USA:%201%'::text)))", "Rows Removed by Filter": 4844824}, {"Node Type": "Hash", "Parent Relationship": "Inner", "Parallel Aware": true, "Startup Cost": 480120.81, "Total Cost": 480120.81, "Plan Rows": 2103, "Plan Width": 12, "Actual Startup Time": 1348.389, "Actual Total Time": 1348.391, "Actual Rows": 92055, "Actual Loops": 3, "Hash Buckets": 65536, "Original Hash Buckets": 8192, "Hash Batches": 8, "Original Hash Batches": 1, "Peak Memory Usage": 2208, "Plans": [{"Node Type": "Hash Join", "Parent Relationship": "Outer", "Parallel Aware": false, "Join Type": "Inner", "Startup Cost": 18.93, "Total Cost": 480120.81, "Plan Rows": 2103, "Plan Width": 12, "Actual Startup Time": 403.997, "Actual Total Time": 1316.304, "Actual Rows": 92055, "Actual Loops": 3, "Inner Unique": true, "Hash Cond": "(ci.role_id = rt.id)", "Plans": [{"Node Type": "Seq Scan", "Parent Relationship": "Outer", "Parallel Aware": true, "Relation Name": "cast_info", "Alias": "ci", "Startup Cost": 0.0, "Total Cost": 479115.98, "Plan Rows": 373356, "Plan Width": 16, "Actual Startup Time": 0.021, "Actual Total Time": 1287.564, "Actual Rows": 289159, "Actual Loops": 3, "Filter": "((note)::text = ANY ('{(voice),\"(voice: Japanese version)\",\"(voice) (uncredited)\",\"(voice: English version)\"}'::text[]))", "Rows Removed by Filter": 11792289}, {"Node Type": "Hash", "Parent Relationship": "Inner", "Parallel Aware": false, "Startup Cost": 18.88, "Total Cost": 18.88, "Plan Rows": 4, "Plan Width": 4, "Actual Startup Time": 0.02, "Actual Total Time": 0.02, "Actual Rows": 1, "Actual Loops": 3, "Hash Buckets": 1024, "Original Hash Buckets": 1024, "Hash Batches": 1, "Original Hash Batches": 1, "Peak Memory Usage": 9, "Plans": [{"Node Type": "Seq Scan", "Parent Relationship": "Outer", "Parallel Aware": false, "Relation Name": "role_type", "Alias": "rt", "Startup Cost": 0.0, "Total Cost": 18.88, "Plan Rows": 4, "Plan Width": 4, "Actual Startup Time": 0.017, "Actual Total Time": 0.018, "Actual Rows": 1, "Actual Loops": 3, "Filter": "((role)::text = 'actress'::text)", "Rows Removed by Filter": 11}]}]}]}]}, {"Node Type": "Hash", "Parent Relationship": "Inner", "Parallel Aware": false, "Startup Cost": 2.41, "Total Cost": 2.41, "Plan Rows": 1, "Plan Width": 4, "Actual Startup Time": 0.036, "Actual Total Time": 0.036, "Actual Rows": 1, "Actual Loops": 3, "Hash Buckets": 1024, "Original Hash Buckets": 1024, "Hash Batches": 1, "Original Hash Batches": 1, "Peak Memory Usage": 9, "Plans": [{"Node Type": "Seq Scan", "Parent Relationship": "Outer", "Parallel Aware": false, "Relation Name": "info_type", "Alias": "it", "Startup Cost": 0.0, "Total Cost": 2.41, "Plan Rows": 1, "Plan Width": 4, "Actual Startup Time": 0.025, "Actual Total Time": 0.031, "Actual Rows": 1, "Actual Loops": 3, "Filter": "((info)::text = 'release dates'::text)", "Rows Removed by Filter": 112}]}]}]}]}]}]}, {"Node Type": "Index Scan", "Parent Relationship": "Inner", "Parallel Aware": false, "Scan Direction": "Forward", "Index Name": "keyword_pkey", "Relation Name": "keyword", "Alias": "k", "Startup Cost": 0.42, "Total Cost": 1.47, "Plan Rows": 1, "Plan Width": 4, "Actual Startup Time": 0.001, "Actual Total Time": 0.001, "Actual Rows": 0, "Actual Loops": 742156, "Index Cond": "(id = mk.keyword_id)", "Rows Removed by Index Recheck": 0, "Filter": "((keyword)::text = ANY ('{hero,martial-arts,hand-to-hand-combat}'::text[]))", "Rows Removed by Filter": 1}]}, {"Node Type": "Index Scan", "Parent Relationship": "Inner", "Parallel Aware": false, "Scan Direction": "Forward", "Index Name": "title_pkey", "Relation Name": "title", "Alias": "t", "Startup Cost": 0.43, "Total Cost": 1.6, "Plan Rows": 1, "Plan Width": 4, "Actual Startup Time": 0.001, "Actual Total Time": 0.001, "Actual Rows": 1, "Actual Loops": 4455, "Index Cond": "(id = mk.movie_id)", "Rows Removed by Index Recheck": 0, "Filter": "(production_year > 2010)", "Rows Removed by Filter": 0}]}]}]}]}, {"Node Type": "Index Scan", "Parent Relationship": "Inner", "Parallel Aware": false, "Scan Direction": "Forward", "Index Name": "company_name_pkey", "Relation Name": "company_name", "Alias": "cn", "Startup Cost": 0.42, "Total Cost": 1.48, "Plan Rows": 1, "Plan Width": 4, "Actual Startup Time": 0.001, "Actual Total Time": 0.001, "Actual Rows": 0, "Actual Loops": 14511, "Index Cond": "(id = mc.company_id)", "Rows Removed by Index Recheck": 0, "Filter": "((country_code)::text = '[us]'::text)", "Rows Removed by Filter": 1}]}, {"Node Type": "Index Only Scan", "Parent Relationship": "Inner", "Parallel Aware": false, "Scan Direction": "Forward", "Index Name": "char_name_pkey", "Relation Name": "char_name", "Alias": "chn", "Startup Cost": 0.43, "Total Cost": 1.74, "Plan Rows": 1, "Plan Width": 4, "Actual Startup Time": 0.001, "Actual Total Time": 0.001, "Actual Rows": 1, "Actual Loops": 6532, "Index Cond": "(id = ci.person_role_id)", "Rows Removed by Index Recheck": 0, "Heap Fetches": 6518}]}, {"Node Type": "Index Scan", "Parent Relationship": "Inner", "Parallel Aware": false, "Scan Direction": "Forward", "Index Name": "name_pkey", "Relation Name": "name", "Alias": "n", "Startup Cost": 0.43, "Total Cost": 1.85, "Plan Rows": 1, "Plan Width": 4, "Actual Startup Time": 0.001, "Actual Total Time": 0.001, "Actual Rows": 0, "Actual Loops": 6518, "Index Cond": "(id = ci.person_id)", "Rows Removed by Index Recheck": 0, "Filter": "(((name)::text ~~ '%An%'::text) AND ((gender)::text = 'f'::text))", "Rows Removed by Filter": 1}]}]}, "Planning Time": 212.673, "Triggers": [], "Execution Time": 3063.01}]
[{"Bao": {"Bao prediction": "NaN", "Bao recommended hint": "(no hint)"}}, {"Plan": {"Node Type": "Aggregate", "Strategy": "Plain", "Partial Mode": "Finalize", "Parallel Aware": false, "Startup Cost": 546180.89, "Total Cost": 546180.9, "Plan Rows": 1, "Plan Width": 8, "Actual Startup Time": 4482.236, "Actual Total Time": 4529.726, "Actual Rows": 1, "Actual Loops": 1, "Plans": [{"Node Type": "Gather", "Parent Relationship": "Outer", "Parallel Aware": false, "Startup Cost": 546180.68, "Total Cost": 546180.89, "Plan Rows": 2, "Plan Width": 8, "Actual Startup Time": 4481.74, "Actual Total Time": 4529.721, "Actual Rows": 3, "Actual Loops": 1, "Workers Planned": 2, "Workers Launched": 2, "Single Copy": false, "Plans": [{"Node Type": "Aggregate", "Strategy": "Plain", "Partial Mode": "Partial", "Parent Relationship": "Outer", "Parallel Aware": false, "Startup Cost": 545180.68, "Total Cost": 545180.69, "Plan Rows": 1, "Plan Width": 8, "Actual Startup Time": 4479.403, "Actual Total Time": 4479.409, "Actual Rows": 1, "Actual Loops": 3, "Plans": [{"Node Type": "Nested Loop", "Parent Relationship": "Outer", "Parallel Aware": false, "Join Type": "Inner", "Startup Cost": 84659.7, "Total Cost": 545179.19, "Plan Rows": 596, "Plan Width": 0, "Actual Startup Time": 557.477, "Actual Total Time": 4433.507, "Actual Rows": 944185, "Actual Loops": 3, "Inner Unique": true, "Plans": [{"Node Type": "Hash Join", "Parent Relationship": "Outer", "Parallel Aware": true, "Join Type": "Inner", "Startup Cost": 84659.27, "Total Cost": 544907.83, "Plan Rows": 596, "Plan Width": 4, "Actual Startup Time": 557.452, "Actual Total Time": 2839.373, "Actual Rows": 944185, "Actual Loops": 3, "Inner Unique": false, "Hash Cond": "(ci.movie_id = t.id)", "Plans": [{"Node Type": "Seq Scan", "Parent Relationship": "Outer", "Parallel Aware": true, "Relation Name": "cast_info", "Alias": "ci", "Startup Cost": 0.0, "Total Cost": 403639.65, "Plan Rows": 15095265, "Plan Width": 8, "Actual Startup Time": 0.019, "Actual Total Time": 870.198, "Actual Rows": 12081448, "Actual Loops": 3}, {"Node Type": "Hash", "Parent Relationship": "Inner", "Parallel Aware": true, "Startup Cost": 84658.92, "Total Cost": 84658.92, "Plan Rows": 28, "Plan Width": 12, "Actual Startup Time": 557.115, "Actual Total Time": 557.119, "Actual Rows": 22772, "Actual Loops": 3, "Hash Buckets": 131072, "Original Hash Buckets": 1024, "Hash Batches": 1, "Original Hash Batches": 1, "Peak Memory Usage": 5304, "Plans": [{"Node Type": "Nested Loop", "Parent Relationship": "Outer", "Parallel Aware": false, "Join Type": "Inner", "Startup Cost": 50885.47, "Total Cost": 84658.92, "Plan Rows": 28, "Plan Width": 12, "Actual Startup Time": 283.61, "Actual Total Time": 534.948, "Actual Rows": 22772, "Actual Loops": 3, "Inner Unique": true, "Plans": [{"Node Type": "Hash Join", "Parent Relationship": "Outer", "Parallel Aware": true, "Join Type": "Inner", "Startup Cost": 50885.05, "Total Cost": 84623.24, "Plan Rows": 80, "Plan Width": 16, "Actual Startup Time": 283.525, "Actual Total Time": 441.485, "Actual Rows": 49517, "Actual Loops": 3, "Inner Unique": false, "Hash Cond": "(mc.movie_id = t.id)", "Plans": [{"Node Type": "Seq Scan", "Parent Relationship": "Outer", "Parallel Aware": true, "Relation Name": "movie_companies", "Alias": "mc", "Startup Cost": 0.0, "Total Cost": 29661.37, "Plan Rows": 1087137, "Plan Width": 8, "Actual Startup Time": 0.008, "Actual Total Time": 62.185, "Actual Rows": 869710, "Actual Loops": 3}, {"Node Type": "Hash", "Parent Relationship": "Inner", "Parallel Aware": true, "Startup Cost": 50884.87, "Total Cost": 50884.87, "Plan Rows": 14, "Plan Width": 8, "Actual Startup Time": 283.417, "Actual Total Time": 283.42, "Actual Rows": 13947, "Actual Loops": 3, "Hash Buckets": 65536, "Original Hash Buckets": 1024, "Hash Batches": 1, "Original Hash Batches": 1, "Peak Memory Usage": 2680, "Plans": [{"Node Type": "Nested Loop", "Parent Relationship": "Outer", "Parallel Aware": false, "Join Type": "Inner", "Startup Cost": 2626.57, "Total Cost": 50884.87, "Plan Rows": 14, "Plan Width": 8, "Actual Startup Time": 10.581, "Actual Total Time": 257.301, "Actual Rows": 13947, "Actual Loops": 3, "Inner Unique": true, "Plans": [{"Node Type": "Hash Join", "Parent Relationship": "Outer", "Parallel Aware": false, "Join Type": "Inner", "Startup Cost": 2626.14, "Total Cost": 50878.05, "Plan Rows": 14, "Plan Width": 4, "Actual Startup Time": 10.548, "Actual Total Time": 217.688, "Actual Rows": 13947, "Actual Loops": 3, "Inner Unique": true, "Hash Cond": "(mk.keyword_id = k.id)", "Plans": [{"Node Type": "Seq Scan", "Parent Relationship": "Outer", "Parallel Aware": true, "Relation Name": "movie_keyword", "Alias": "mk", "Startup Cost": 0.0, "Total Cost": 43303.71, "Plan Rows": 1884971, "Plan Width": 8, "Actual Startup Time": 0.009, "Actual Total Time": 101.799, "Actual Rows": 1507977, "Actual Loops": 3}, {"Node Type": "Hash", "Parent Relationship": "Inner", "Parallel Aware": false, "Startup Cost": 2626.12, "Total Cost": 2626.12, "Plan Rows": 1, "Plan Width": 4, "Actual Startup Time": 10.477, "Actual Total Time": 10.477, "Actual Rows": 1, "Actual Loops": 3, "Hash Buckets": 1024, "Original Hash Buckets": 1024, "Hash Batches": 1, "Original Hash Batches": 1, "Peak Memory Usage": 9, "Plans": [{"Node Type": "Seq Scan", "Parent Relationship": "Outer", "Parallel Aware": false, "Relation Name": "keyword", "Alias": "k", "Startup Cost": 0.0, "Total Cost": 2626.12, "Plan Rows": 1, "Plan Width": 4, "Actual Startup Time": 0.524, "Actual Total Time": 10.472, "Actual Rows": 1, "Actual Loops": 3, "Filter": "((keyword)::text = 'character-name-in-title'::text)", "Rows Removed by Filter": 134169}]}]}, {"Node Type": "Index Only Scan", "Parent Relationship": "Inner", "Parallel Aware": false, "Scan Direction": "Forward", "Index Name": "title_pkey", "Relation Name": "title", "Alias": "t", "Startup Cost": 0.43, "Total Cost": 0.49, "Plan Rows": 1, "Plan Width": 4, "Actual Startup Time": 0.003, "Actual Total Time": 0.003, "Actual Rows": 1, "Actual Loops": 41840, "Index Cond": "(id = mk.movie_id)", "Rows Removed by Index Recheck": 0, "Heap Fetches": 41840}]}]}]}, {"Node Type": "Index Scan", "Parent Relationship": "Inner", "Parallel Aware": false, "Scan Direction": "Forward", "Index Name": "company_name_pkey", "Relation Name": "company_name", "Alias": "cn", "Startup Cost": 0.42, "Total Cost": 0.45, "Plan Rows": 1, "Plan Width": 4, "Actual Startup Time": 0.002, "Actual Total Time": 0.002, "Actual Rows": 0, "Actual Loops": 148552, "Index Cond": "(id = mc.company_id)", "Rows Removed by Index Recheck": 0, "Filter": "((country_code)::text = '[us]'::text)", "Rows Removed by Filter": 1}]}]}]}, {"Node Type": "Index Only Scan", "Parent Relationship": "Inner", "Parallel Aware": false, "Scan Direction": "Forward", "Index Name": "name_pkey", "Relation Name": "name", "Alias": "n", "Startup Cost": 0.43, "Total Cost": 0.46, "Plan Rows": 1, "Plan Width": 4, "Actual Startup Time": 0.001, "Actual Total Time": 0.001, "Actual Rows": 1, "Actual Loops": 2832555, "Index Cond": "(id = ci.person_id)", "Rows Removed by Index Recheck": 0, "Heap Fetches": 2832555}]}]}]}]}, "Planning Time": 78.977, "Triggers": [], "Execution Time": 4529.8}]
[{"Bao": {"Bao prediction": "NaN", "Bao recommended hint": "(no hint)"}}, {"Plan": {"Node Type": "Aggregate", "Strategy": "Plain", "Partial Mode": "Simple", "Parallel Aware": false, "Startup Cost": 101048.05, "Total Cost": 101048.06, "Plan Rows": 1, "Plan Width": 8, "Actual Startup Time": 403.093, "Actual Total Time": 408.63, "Actual Rows": 1, "Actual Loops": 1, "Plans": [{"Node Type": "Nested Loop", "Parent Relationship": "Outer", "Parallel Aware": false, "Join Type": "Inner", "Startup Cost": 67309.71, "Total Cost": 101048.05, "Plan Rows": 1, "Plan Width": 0, "Actual Startup Time": 403.005, "Actual Total Time": 408.625, "Actual Rows": 4, "Actual Loops": 1, "Inner Unique": true, "Plans": [{"Node Type": "Nested Loop", "Parent Relationship": "Outer", "Parallel Aware": false, "Join Type": "Inner", "Startup Cost": 67309.57, "Total Cost": 101047.86, "Plan Rows": 1, "Plan Width": 4, "Actual Startup Time": 402.997, "Actual Total Time": 408.606, "Actual Rows": 12, "Actual Loops": 1, "Inner Unique": true, "Plans": [{"Node Type": "Nested Loop", "Parent Relationship": "Outer", "Parallel Aware": false, "Join Type": "Inner", "Startup Cost": 67309.42, "Total Cost": 101047.69, "Plan Rows": 1, "Plan Width": 8, "Actual Startup Time": 402.99, "Actual Total Time": 408.587, "Actual Rows": 12, "Actual Loops": 1, "Inner Unique": true, "Plans": [{"Node Type": "Gather", "Parent Relationship": "Outer", "Parallel Aware": false, "Startup Cost": 67309.0, "Total Cost": 101047.24, "Plan Rows": 1, "Plan Width": 12, "Actual Startup Time": 402.972, "Actual Total Time": 408.548, "Actual Rows": 12, "Actual Loops": 1, "Workers Planned": 2, "Workers Launched": 2, "Single Copy": false, "Plans": [{"Node Type": "Hash Join", "Parent Relationship": "Outer", "Parallel Aware": true, "Join Type": "Inner", "Startup Cost": 66309.0, "Total Cost": 100047.14, "Plan Rows": 1, "Plan Width": 12, "Actual Startup Time": 341.238, "Actual Total Time": 400.684, "Actual Rows": 4, "Actual Loops": 3, "Inner Unique": false, "Hash Cond": "(mc2.movie_id = t2.id)", "Plans": [{"Node Type": "Seq Scan", "Parent Relationship": "Outer", "Parallel Aware": true, "Relation Name": "movie_companies", "Alias": "mc2", "Startup Cost": 0.0, "Total Cost": 29661.37, "Plan Rows": 1087137, "Plan Width": 8, "Actual Startup Time": 0.006, "Actual Total Time": 59.656, "Actual Rows": 869710, "Actual Loops": 3}, {"Node Type": "Hash", "Parent Relationship": "Inner", "Parallel Aware": true, "Startup Cost": 66308.99, "Total Cost": 66308.99, "Plan Rows": 1, "Plan Width": 20, "Actual Startup Time": 281.333, "Actual Total Time": 281.341, "Actual Rows": 1, "Actual Loops": 3, "Hash Buckets": 1024, "Original Hash Buckets": 1024, "Hash Batches": 1, "Original Hash Batches": 1, "Peak Memory Usage": 40, "Plans": [{"Node Type": "Nested Loop", "Parent Relationship": "Outer", "Parallel Aware": false, "Join Type": "Inner", "Startup Cost": 50467.36, "Total Cost": 66308.99, "Plan Rows": 1, "Plan Width": 20, "Actual Startup Time": 259.794, "Actual Total Time": 281.248, "Actual Rows": 1, "Actual Loops": 3, "Inner Unique": true, "Plans": [{"Node Type": "Nested Loop", "Parent Relationship": "Outer", "Parallel Aware": false, "Join Type": "Inner", "Startup Cost": 50467.22, "Total Cost": 66308.8, "Plan Rows": 1, "Plan Width": 24, "Actual Startup Time": 238.179, "Actual Total Time": 281.222, "Actual Rows": 12, "Actual Loops": 3, "Inner Unique": true, "Plans": [{"Node Type": "Nested Loop", "Parent Relationship": "Outer", "Parallel Aware": false, "Join Type": "Inner", "Startup Cost": 50467.07, "Total Cost": 66308.63, "Plan Rows": 1, "Plan Width": 28, "Actual Startup Time": 238.167, "Actual Total Time": 281.199, "Actual Rows": 12, "Actual Loops": 3, "Inner Unique": true, "Join Filter": "(ml.movie_id = t1.id)", "Rows Removed by Join Filter": 0, "Plans": [{"Node Type": "Hash Join", "Parent Relationship": "Outer", "Parallel Aware": true, "Join Type": "Inner", "Startup Cost": 50466.64, "Total Cost": 66308.1, "Plan Rows": 1, "Plan Width": 36, "Actual Startup Time": 238.148, "Actual Total Time": 281.153, "Actual Rows": 12, "Actual Loops": 3, "Inner Unique": false, "Hash Cond": "(mi_idx1.movie_id = ml.movie_id)", "Plans": [{"Node Type": "Seq Scan", "Parent Relationship": "Outer", "Parallel Aware": true, "Relation Name": "movie_info_idx", "Alias": "mi_idx1", "Startup Cost": 0.0, "Total Cost": 13685.15, "Plan Rows": 575015, "Plan Width": 8, "Actual Startup Time": 0.013, "Actual Total Time": 33.521, "Actual Rows": 460012, "Actual Loops": 3}, {"Node Type": "Hash", "Parent Relationship": "Inner", "Parallel Aware": true, "Startup Cost": 50466.62, "Total Cost": 50466.62, "Plan Rows": 1, "Plan Width": 28, "Actual Startup Time": 216.232, "Actual Total Time": 216.238, "Actual Rows": 4, "Actual Loops": 3, "Hash Buckets": 1024, "Original Hash Buckets": 1024, "Hash Batches": 1, "Original Hash Batches": 1, "Peak Memory Usage": 104, "Plans": [{"Node Type": "Nested Loop", "Parent Relationship": "Outer", "Parallel Aware": false, "Join Type": "Inner", "Startup Cost": 16725.77, "Total Cost": 50466.62, "Plan Rows": 1, "Plan Width": 28, "Actual Startup Time": 94.488, "Actual Total Time": 216.148, "Actual Rows": 4, "Actual Loops": 3, "Inner Unique": true, "Plans": [{"Node Type": "Hash Join", "Parent Relationship": "Outer", "Parallel Aware": true, "Join Type": "Inner", "Startup Cost": 16725.35, "Total Cost": 50463.5, "Plan Rows": 7, "Plan Width": 32, "Actual Startup Time": 93.021, "Actual Total Time": 215.756, "Actual Rows": 95, "Actual Loops": 3, "Inner Unique": false, "Hash Cond": "(mc1.movie_id = ml.movie_id)", "Plans": [{"Node Type": "Seq Scan", "Parent Relationship": "Outer", "Parallel Aware": true, "Relation Name": "movie_companies", "Alias": "mc1", "Startup Cost": 0.0, "Total Cost": 29661.37, "Plan Rows": 1087137, "Plan Width": 8, "Actual Startup Time": 0.025, "Actual Total Time": 62.615, "Actual Rows": 869710, "Actual Loops": 3}, {"Node Type": "Hash", "Parent Relationship": "Inner", "Parallel Aware": true, "Startup Cost": 16725.33, "Total Cost": 16725.33, "Plan Rows": 1, "Plan Width": 24, "Actual Startup Time": 92.888, "Actual Total Time": 92.891, "Actual Rows": 17, "Actual Loops": 3, "Hash Buckets": 1024, "Original Hash Buckets": 1024, "Hash Batches": 1, "Original Hash Batches": 1, "Peak Memory Usage": 104, "Plans": [{"Node Type": "Nested Loop", "Parent Relationship": "Outer", "Parallel Aware": false, "Join Type": "Inner", "Startup Cost": 562.02, "Total Cost": 16725.33, "Plan Rows": 1, "Plan Width": 24, "Actual Startup Time": 10.803, "Actual Total Time": 92.854, "Actual Rows": 17, "Actual Loops": 3, "Inner Unique": true, "Join Filter": "(ml.linked_movie_id = t2.id)", "Rows Removed by Join Filter": 0, "Plans": [{"Node Type": "Hash Join", "Parent Relationship": "Outer", "Parallel Aware": false, "Join Type": "Inner", "Startup Cost": 561.59, "Total Cost": 16706.89, "Plan Rows": 25, "Plan Width": 16, "Actual Startup Time": 5.101, "Actual Total Time": 89.715, "Actual Rows": 967, "Actual Loops": 3, "Inner Unique": false, "Hash Cond": "(mi_idx2.movie_id = ml.linked_movie_id)", "Plans": [{"Node Type": "Seq Scan", "Parent Relationship": "Outer", "Parallel Aware": true, "Relation Name": "movie_info_idx", "Alias": "mi_idx2", "Startup Cost": 0.0, "Total Cost": 15122.68, "Plan Rows": 272632, "Plan Width": 8, "Actual Startup Time": 0.016, "Actual Total Time": 70.571, "Actual Rows": 218320, "Actual Loops": 3, "Filter": "((info)::text < '3.0'::text)", "Rows Removed by Filter": 241691}, {"Node Type": "Hash", "Parent Relationship": "Inner", "Parallel Aware": false, "Startup Cost": 561.07, "Total Cost": 561.07, "Plan Rows": 42, "Plan Width": 8, "Actual Startup Time": 4.971, "Actual Total Time": 4.972, "Actual Rows": 2315, "Actual Loops": 3, "Hash Buckets": 4096, "Original Hash Buckets": 1024, "Hash Batches": 1, "Original Hash Batches": 1, "Peak Memory Usage": 123, "Plans": [{"Node Type": "Hash Join", "Parent Relationship": "Outer", "Parallel Aware": false, "Join Type": "Inner", "Startup Cost": 18.89, "Total Cost": 561.07, "Plan Rows": 42, "Plan Width": 8, "Actual Startup Time": 0.045, "Actual Total Time": 4.68, "Actual Rows": 2315, "Actual Loops": 3, "Inner Unique": true, "Hash Cond": "(ml.link_type_id = lt.id)", "Plans": [{"Node Type": "Seq Scan", "Parent Relationship": "Outer", "Parallel Aware": false, "Relation Name": "movie_link", "Alias": "ml", "Startup Cost": 0.0, "Total Cost": 462.97, "Plan Rows": 29997, "Plan Width": 12, "Actual Startup Time": 0.015, "Actual Total Time": 2.323, "Actual Rows": 29997, "Actual Loops": 3}, {"Node Type": "Hash", "Parent Relationship": "Inner", "Parallel Aware": false, "Startup Cost": 18.88, "Total Cost": 18.88, "Plan Rows": 1, "Plan Width": 4, "Actual Startup Time": 0.016, "Actual Total Time": 0.017, "Actual Rows": 2, "Actual Loops": 3, "Hash Buckets": 1024, "Original Hash Buckets": 1024, "Hash Batches": 1, "Original Hash Batches": 1, "Peak Memory Usage": 9, "Plans": [{"Node Type": "Seq Scan", "Parent Relationship": "Outer", "Parallel Aware": false, "Relation Name": "link_type", "Alias": "lt", "Startup Cost": 0.0, "Total Cost": 18.88, "Plan Rows": 1, "Plan Width": 4, "Actual Startup Time": 0.01, "Actual Total Time": 0.013, "Actual Rows": 2, "Actual Loops": 3, "Filter": "((link)::text ~~ '%follow%'::text)", "Rows Removed by Filter": 16}]}]}]}]}, {"Node Type": "Index Scan", "Parent Relationship": "Inner", "Parallel Aware": false, "Scan Direction": "Forward", "Index Name": "title_pkey", "Relation Name": "title", "Alias": "t2", "Startup Cost": 0.43, "Total Cost": 0.73, "Plan Rows": 1, "Plan Width": 8, "Actual Startup Time": 0.003, "Actual Total Time": 0.003, "Actual Rows": 0, "Actual Loops": 2902, "Index Cond": "(id = mi_idx2.movie_id)", "Rows Removed by Index Recheck": 0, "Filter": "(production_year = 2007)", "Rows Removed by Filter": 1}]}]}]}, {"Node Type": "Index Scan", "Parent Relationship": "Inner", "Parallel Aware": false, "Scan Direction": "Forward", "Index Name": "company_name_pkey", "Relation Name": "company_name", "Alias": "cn1", "Startup Cost": 0.42, "Total Cost": 0.45, "Plan Rows": 1, "Plan Width": 4, "Actual Startup Time": 0.004, "Actual Total Time": 0.004, "Actual Rows": 0, "Actual Loops": 284, "Index Cond": "(id = mc1.company_id)", "Rows Removed by Index Recheck": 0, "Filter": "((country_code)::text = '[nl]'::text)", "Rows Removed by Filter": 1}]}]}]}, {"Node Type": "Index Scan", "Parent Relationship": "Inner", "Parallel Aware": false, "Scan Direction": "Forward", "Index Name": "title_pkey", "Relation Name": "title", "Alias": "t1", "Startup Cost": 0.43, "Total Cost": 0.52, "Plan Rows": 1, "Plan Width": 8, "Actual Startup Time": 0.003, "Actual Total Time": 0.003, "Actual Rows": 1, "Actual Loops": 36, "Index Cond": "(id = mc1.movie_id)", "Rows Removed by Index Recheck": 0}]}, {"Node Type": "Index Scan", "Parent Relationship": "Inner", "Parallel Aware": false, "Scan Direction": "Forward", "Index Name": "kind_type_pkey", "Relation Name": "kind_type", "Alias": "kt1", "Startup Cost": 0.15, "Total Cost": 0.17, "Plan Rows": 1, "Plan Width": 4, "Actual Startup Time": 0.002, "Actual Total Time": 0.002, "Actual Rows": 1, "Actual Loops": 36, "Index Cond": "(id = t1.kind_id)", "Rows Removed by Index Recheck": 0, "Filter": "((kind)::text = 'tv series'::text)", "Rows Removed by Filter": 0}]}, {"Node Type": "Index Scan", "Parent Relationship": "Inner", "Parallel Aware": false, "Scan Direction": "Forward", "Index Name": "info_type_pkey", "Relation Name": "info_type", "Alias": "it2", "Startup Cost": 0.14, "Total Cost": 0.16, "Plan Rows": 1, "Plan Width": 4, "Actual Startup Time": 0.002, "Actual Total Time": 0.002, "Actual Rows": 0, "Actual Loops": 36, "Index Cond": "(id = mi_idx2.info_type_id)", "Rows Removed by Index Recheck": 0, "Filter": "((info)::text = 'rating'::text)", "Rows Removed by Filter": 1}]}]}]}]}, {"Node Type": "Index Only Scan", "Parent Relationship": "Inner", "Parallel Aware": false, "Scan Direction": "Forward", "Index Name": "company_name_pkey", "Relation Name": "company_name", "Alias": "cn2", "Startup Cost": 0.42, "Total Cost": 0.44, "Plan Rows": 1, "Plan Width": 4, "Actual Startup Time": 0.003, "Actual Total Time": 0.003, "Actual Rows": 1, "Actual Loops": 12, "Index Cond": "(id = mc2.company_id)", "Rows Removed by Index Recheck": 0, "Heap Fetches": 12}]}, {"Node Type": "Index Scan", "Parent Relationship": "Inner", "Parallel Aware": false, "Scan Direction": "Forward", "Index Name": "kind_type_pkey", "Relation Name": "kind_type", "Alias": "kt2", "Startup Cost": 0.15, "Total Cost": 0.17, "Plan Rows": 1, "Plan Width": 4, "Actual Startup Time": 0.001, "Actual Total Time": 0.001, "Actual Rows": 1, "Actual Loops": 12, "Index Cond": "(id = t2.kind_id)", "Rows Removed by Index Recheck": 0, "Filter": "((kind)::text = 'tv series'::text)", "Rows Removed by Filter": 0}]}, {"Node Type": "Index Scan", "Parent Relationship": "Inner", "Parallel Aware": false, "Scan Direction": "Forward", "Index Name": "info_type_pkey", "Relation Name": "info_type", "Alias": "it1", "Startup Cost": 0.14, "Total Cost": 0.16, "Plan Rows": 1, "Plan Width": 4, "Actual Startup Time": 0.001, "Actual Total Time": 0.001, "Actual Rows": 0, "Actual Loops": 12, "Index Cond": "(id = mi_idx1.info_type_id)", "Rows Removed by Index Recheck": 0, "Filter": "((info)::text = 'rating'::text)", "Rows Removed by Filter": 1}]}]}, "Planning Time": 244.667, "Triggers": [], "Execution Time": 408.727}]
[{"Bao": {"Bao prediction": "NaN", "Bao recommended hint": "(no hint)"}}, {"Plan": {"Node Type": "Aggregate", "Strategy": "Plain", "Partial Mode": "Finalize", "Parallel Aware": false, "Startup Cost": 755980.19, "Total Cost": 755980.2, "Plan Rows": 1, "Plan Width": 8, "Actual Startup Time": 2103.941, "Actual Total Time": 2155.961, "Actual Rows": 1, "Actual Loops": 1, "Plans": [{"Node Type": "Gather", "Parent Relationship": "Outer", "Parallel Aware": false, "Startup Cost": 755979.98, "Total Cost": 755980.19, "Plan Rows": 2, "Plan Width": 8, "Actual Startup Time": 2103.732, "Actual Total Time": 2155.955, "Actual Rows": 3, "Actual Loops": 1, "Workers Planned": 2, "Workers Launched": 2, "Single Copy": false, "Plans": [{"Node Type": "Aggregate", "Strategy": "Plain", "Partial Mode": "Partial", "Parent Relationship": "Outer", "Parallel Aware": false, "Startup Cost": 754979.98, "Total Cost": 754979.99, "Plan Rows": 1, "Plan Width": 8, "Actual Startup Time": 2101.511, "Actual Total Time": 2101.522, "Actual Rows": 1, "Actual Loops": 3, "Plans": [{"Node Type": "Nested Loop", "Parent Relationship": "Outer", "Parallel Aware": false, "Join Type": "Inner", "Startup Cost": 255058.45, "Total Cost": 754979.98, "Plan Rows": 1, "Plan Width": 0, "Actual Startup Time": 1568.829, "Actual Total Time": 2101.516, "Actual Rows": 4, "Actual Loops": 3, "Inner Unique": true, "Join Filter": "(mi.movie_id = t.id)", "Rows Removed by Join Filter": 0, "Plans": [{"Node Type": "Nested Loop", "Parent Relationship": "Outer", "Parallel Aware": false, "Join Type": "Inner", "Startup Cost": 255058.02, "Total Cost": 754979.37, "Plan Rows": 1, "Plan Width": 12, "Actual Startup Time": 1557.891, "Actual Total Time": 2101.441, "Actual Rows": 5, "Actual Loops": 3, "Inner Unique": true, "Plans": [{"Node Type": "Hash Join", "Parent Relationship": "Outer", "Parallel Aware": true, "Join Type": "Inner", "Startup Cost": 255057.59, "Total Cost": 754978.62, "Plan Rows": 1, "Plan Width": 16, "Actual Startup Time": 1547.049, "Actual Total Time": 2100.332, "Actual Rows": 137, "Actual Loops": 3, "Inner Unique": false, "Hash Cond": "(ci.movie_id = mi.movie_id)", "Plans": [{"Node Type": "Seq Scan", "Parent Relationship": "Outer", "Parallel Aware": true, "Relation Name": "cast_info", "Alias": "ci", "Startup Cost": 0.0, "Total Cost": 497985.06, "Plan Rows": 516258, "Plan Width": 8, "Actual Startup Time": 85.543, "Actual Total Time": 1383.898, "Actual Rows": 414905, "Actual Loops": 3, "Filter": "((note)::text = ANY ('{(writer),\"(head writer)\",\"(written by)\",(story),\"(story editor)\"}'::text[]))", "Rows Removed by Filter": 11666543}, {"Node Type": "Hash", "Parent Relationship": "Inner", "Parallel Aware": true, "Startup Cost": 255057.57, "Total Cost": 255057.57, "Plan Rows": 1, "Plan Width": 8, "Actual Startup Time": 686.025, "Actual Total Time": 686.034, "Actual Rows": 244, "Actual Loops": 3, "Hash Buckets": 1024, "Original Hash Buckets": 1024, "Hash Batches": 1, "Original Hash Batches": 1, "Peak Memory Usage": 104, "Plans": [{"Node Type": "Hash Join", "Parent Relationship": "Outer", "Parallel Aware": true, "Join Type": "Inner", "Startup Cost": 15185.74, "Total Cost": 255057.57, "Plan Rows": 1, "Plan Width": 8, "Actual Startup Time": 609.562, "Actual Total Time": 685.766, "Actual Rows": 244, "Actual Loops": 3, "Inner Unique": false, "Hash Cond": "(mi.movie_id = mi_idx.movie_id)", "Plans": [{"Node Type": "Hash Join", "Parent Relationship": "Outer", "Parallel Aware": false, "Join Type": "Inner", "Startup Cost": 2.43, "Total Cost": 239873.33, "Plan Rows": 244, "Plan Width": 4, "Actual Startup Time": 535.215, "Actual Total Time": 608.527, "Actual Rows": 24086, "Actual Loops": 3, "Inner Unique": true, "Hash Cond": "(mi.info_type_id = it1.id)", "Plans": [{"Node Type": "Seq Scan", "Parent Relationship": "Outer", "Parallel Aware": true, "Relation Name": "movie_info", "Alias": "mi", "Startup Cost": 0.0, "Total Cost": 239795.93, "Plan Rows": 27527, "Plan Width": 8, "Actual Startup Time": 379.658, "Actual Total Time": 605.326, "Actual Rows": 24349, "Actual Loops": 3, "Filter": "((note IS NULL) AND ((info)::text = ANY ('{Horror,Thriller}'::text[])))", "Rows Removed by Filter": 4920891}, {"Node Type": "Hash", "Parent Relationship": "Inner", "Parallel Aware": false, "Startup Cost": 2.41, "Total Cost": 2.41, "Plan Rows": 1, "Plan Width": 4, "Actual Startup Time": 0.016, "Actual Total Time": 0.017, "Actual Rows": 1, "Actual Loops": 3, "Hash Buckets": 1024, "Original Hash Buckets": 1024, "Hash Batches": 1, "Original Hash Batches": 1, "Peak Memory Usage": 9, "Plans": [{"Node Type": "Seq Scan", "Parent Relationship": "Outer", "Parallel Aware": false, "Relation Name": "info_type", "Alias": "it1", "Startup Cost": 0.0, "Total Cost": 2.41, "Plan Rows": 1, "Plan Width": 4, "Actual Startup Time": 0.007, "Actual Total Time": 0.013, "Actual Rows": 1, "Actual Loops": 3, "Filter": "((info)::text = 'genres'::text)", "Rows Removed by Filter": 112}]}]}, {"Node Type": "Hash", "Parent Relationship": "Inner", "Parallel Aware": true, "Startup Cost": 15181.04, "Total Cost": 15181.04, "Plan Rows": 182, "Plan Width": 4, "Actual Startup Time": 74.067, "Actual Total Time": 74.069, "Actual Rows": 5283, "Actual Loops": 3, "Hash Buckets": 16384, "Original Hash Buckets": 1024, "Hash Batches": 1, "Original Hash Batches": 1, "Peak Memory Usage": 920, "Plans": [{"Node Type": "Hash Join", "Parent Relationship": "Outer", "Parallel Aware": false, "Join Type": "Inner", "Startup Cost": 2.43, "Total Cost": 15181.04, "Plan Rows": 182, "Plan Width": 4, "Actual Startup Time": 0.072, "Actual Total Time": 64.21, "Actual Rows": 5283, "Actual Loops": 3, "Inner Unique": true, "Hash Cond": "(mi_idx.info_type_id = it2.id)", "Plans": [{"Node Type": "Seq Scan", "Parent Relationship": "Outer", "Parallel Aware": true, "Relation Name": "movie_info_idx", "Alias": "mi_idx", "Startup Cost": 0.0, "Total Cost": 15122.68, "Plan Rows": 20538, "Plan Width": 8, "Actual Startup Time": 0.021, "Actual Total Time": 62.773, "Actual Rows": 17883, "Actual Loops": 3, "Filter": "((info)::text > '8.0'::text)", "Rows Removed by Filter": 442129}, {"Node Type": "Hash", "Parent Relationship": "Inner", "Parallel Aware": false, "Startup Cost": 2.41, "Total Cost": 2.41, "Plan Rows": 1, "Plan Width": 4, "Actual Startup Time": 0.029, "Actual Total Time": 0.03, "Actual Rows": 1, "Actual Loops": 3, "Hash Buckets": 1024, "Original Hash Buckets": 1024, "Hash Batches": 1, "Original Hash Batches": 1, "Peak Memory Usage": 9, "Plans": [{"Node Type": "Seq Scan", "Parent Relationship": "Outer", "Parallel Aware": false, "Relation Name": "info_type", "Alias": "it2", "Startup Cost": 0.0, "Total Cost": 2.41, "Plan Rows": 1, "Plan Width": 4, "Actual Startup Time": 0.022, "Actual Total Time": 0.023, "Actual Rows": 1, "Actual Loops": 3, "Filter": "((info)::text = 'rating'::text)", "Rows Removed by Filter": 112}]}]}]}]}]}]}, {"Node Type": "Index Scan", "Parent Relationship": "Inner", "Parallel Aware": false, "Scan Direction": "Forward", "Index Name": "name_pkey", "Relation Name": "name", "Alias": "n", "Startup Cost": 0.43, "Total Cost": 0.75, "Plan Rows": 1, "Plan Width": 4, "Actual Startup Time": 0.008, "Actual Total Time": 0.008, "Actual Rows": 0, "Actual Loops": 412, "Index Cond": "(id = ci.person_id)", "Rows Removed by Index Recheck": 0, "Filter": "((gender IS NOT NULL) AND ((gender)::text = 'f'::text))", "Rows Removed by Filter": 1}]}, {"Node Type": "Index Scan", "Parent Relationship": "Inner", "Parallel Aware": false, "Scan Direction": "Forward", "Index Name": "title_pkey", "Relation Name": "title", "Alias": "t", "Startup Cost": 0.43, "Total Cost": 0.6, "Plan Rows": 1, "Plan Width": 4, "Actual Startup Time": 0.013, "Actual Total Time": 0.013, "Actual Rows": 1, "Actual Loops": 16, "Index Cond": "(id = ci.movie_id)", "Rows Removed by Index Recheck": 0, "Filter": "((production_year >= 2008) AND (production_year <= 2014))", "Rows Removed by Filter": 0}]}]}]}]}, "Planning Time": 80.662, "Triggers": [], "Execution Time": 2156.038}]
[{"Bao": {"Bao prediction": "NaN", "Bao recommended hint": "(no hint)"}}, {"Plan": {"Node Type": "Aggregate", "Strategy": "Plain", "Partial Mode": "Finalize", "Parallel Aware": false, "Startup Cost": 338675.07, "Total Cost": 338675.08, "Plan Rows": 1, "Plan Width": 8, "Actual Startup Time": 1317.43, "Actual Total Time": 1347.533, "Actual Rows": 1, "Actual Loops": 1, "Plans": [{"Node Type": "Gather", "Parent Relationship": "Outer", "Parallel Aware": false, "Startup Cost": 338674.86, "Total Cost": 338675.07, "Plan Rows": 2, "Plan Width": 8, "Actual Startup Time": 1317.285, "Actual Total Time": 1347.526, "Actual Rows": 3, "Actual Loops": 1, "Workers Planned": 2, "Workers Launched": 2, "Single Copy": false, "Plans": [{"Node Type": "Aggregate", "Strategy": "Plain", "Partial Mode": "Partial", "Parent Relationship": "Outer", "Parallel Aware": false, "Startup Cost": 337674.86, "Total Cost": 337674.87, "Plan Rows": 1, "Plan Width": 8, "Actual Startup Time": 1315.349, "Actual Total Time": 1315.355, "Actual Rows": 1, "Actual Loops": 3, "Plans": [{"Node Type": "Hash Join", "Parent Relationship": "Outer", "Parallel Aware": true, "Join Type": "Inner", "Startup Cost": 50968.25, "Total Cost": 337674.79, "Plan Rows": 28, "Plan Width": 0, "Actual Startup Time": 253.269, "Actual Total Time": 1315.34, "Actual Rows": 69, "Actual Loops": 3, "Inner Unique": false, "Hash Cond": "(mi.movie_id = t.id)", "Plans": [{"Node Type": "Seq Scan", "Parent Relationship": "Outer", "Parallel Aware": true, "Relation Name": "movie_info", "Alias": "mi", "Startup Cost": 0.0, "Total Cost": 286477.69, "Plan Rows": 61019, "Plan Width": 4, "Actual Startup Time": 0.476, "Actual Total Time": 1074.549, "Actual Rows": 51299, "Actual Loops": 3, "Filter": "((info)::text = ANY ('{Sweden,Norway,Germany,Denmark,Swedish,Denish,Norwegian,German}'::text[]))", "Rows Removed by Filter": 4893941}, {"Node Type": "Hash", "Parent Relationship": "Inner", "Parallel Aware": true, "Startup Cost": 50967.34, "Total Cost": 50967.34, "Plan Rows": 73, "Plan Width": 8, "Actual Startup Time": 235.076, "Actual Total Time": 235.081, "Actual Rows": 745, "Actual Loops": 3, "Hash Buckets": 1024, "Original Hash Buckets": 1024, "Hash Batches": 1, "Original Hash Batches": 1, "Peak Memory Usage": 104, "Plans": [{"Node Type": "Nested Loop", "Parent Relationship": "Outer", "Parallel Aware": false, "Join Type": "Inner", "Startup Cost": 2626.72, "Total Cost": 50967.34, "Plan Rows": 73, "Plan Width": 8, "Actual Startup Time": 29.413, "Actual Total Time": 234.843, "Actual Rows": 745, "Actual Loops": 3, "Inner Unique": true, "Plans": [{"Node Type": "Hash Join", "Parent Relationship": "Outer", "Parallel Aware": false, "Join Type": "Inner", "Startup Cost": 2626.29, "Total Cost": 50878.2, "Plan Rows": 182, "Plan Width": 4, "Actual Startup Time": 18.532, "Actual Total Time": 223.742, "Actual Rows": 4317, "Actual Loops": 3, "Inner Unique": true, "Hash Cond": "(mk.keyword_id = k.id)", "Plans": [{"Node Type": "Seq Scan", "Parent Relationship": "Outer", "Parallel Aware": true, "Relation Name": "movie_keyword", "Alias": "mk", "Startup Cost": 0.0, "Total Cost": 43303.71, "Plan Rows": 1884971, "Plan Width": 8, "Actual Startup Time": 0.009, "Actual Total Time": 101.045, "Actual Rows": 1507977, "Actual Loops": 3}, {"Node Type": "Hash", "Parent Relationship": "Inner", "Parallel Aware": false, "Startup Cost": 2626.12, "Total Cost": 2626.12, "Plan Rows": 13, "Plan Width": 4, "Actual Startup Time": 18.143, "Actual Total Time": 18.144, "Actual Rows": 30, "Actual Loops": 3, "Hash Buckets": 1024, "Original Hash Buckets": 1024, "Hash Batches": 1, "Original Hash Batches": 1, "Peak Memory Usage": 10, "Plans": [{"Node Type": "Seq Scan", "Parent Relationship": "Outer", "Parallel Aware": false, "Relation Name": "keyword", "Alias": "k", "Startup Cost": 0.0, "Total Cost": 2626.12, "Plan Rows": 13, "Plan Width": 4, "Actual Startup Time": 1.063, "Actual Total Time": 18.13, "Actual Rows": 30, "Actual Loops": 3, "Filter": "((keyword)::text ~~ '%sequel%'::text)", "Rows Removed by Filter": 134140}]}]}, {"Node Type": "Index Scan", "Parent Relationship": "Inner", "Parallel Aware": false, "Scan Direction": "Forward", "Index Name": "title_pkey", "Relation Name": "title", "Alias": "t", "Startup Cost": 0.43, "Total Cost": 0.49, "Plan Rows": 1, "Plan Width": 4, "Actual Startup Time": 0.002, "Actual Total Time": 0.002, "Actual Rows": 0, "Actual Loops": 12951, "Index Cond": "(id = mk.movie_id)", "Rows Removed by Index Recheck": 0, "Filter": "(production_year > 2005)", "Rows Removed by Filter": 1}]}]}]}]}]}]}, "Planning Time": 74.951, "Triggers": [], "Execution Time": 1347.578}]
[{"Bao": {"Bao prediction": "NaN", "Bao recommended hint": "(no hint)"}}, {"Plan": {"Node Type": "Aggregate", "Strategy": "Plain", "Partial Mode": "Finalize", "Parallel Aware": false, "Startup Cost": 369872.31, "Total Cost": 369872.32, "Plan Rows": 1, "Plan Width": 8, "Actual Startup Time": 1729.647, "Actual Total Time": 1764.67, "Actual Rows": 1, "Actual Loops": 1, "Plans": [{"Node Type": "Gather", "Parent Relationship": "Outer", "Parallel Aware": false, "Startup Cost": 369872.09, "Total Cost": 369872.3, "Plan Rows": 2, "Plan Width": 8, "Actual Startup Time": 1728.876, "Actual Total Time": 1764.662, "Actual Rows": 3, "Actual Loops": 1, "Workers Planned": 2, "Workers Launched": 2, "Single Copy": false, "Plans": [{"Node Type": "Aggregate", "Strategy": "Plain", "Partial Mode": "Partial", "Parent Relationship": "Outer", "Parallel Aware": false, "Startup Cost": 368872.09, "Total Cost": 368872.1, "Plan Rows": 1, "Plan Width": 8, "Actual Startup Time": 1726.466, "Actual Total Time": 1726.474, "Actual Rows": 1, "Actual Loops": 3, "Plans": [{"Node Type": "Nested Loop", "Parent Relationship": "Outer", "Parallel Aware": false, "Join Type": "Inner", "Startup Cost": 318499.08, "Total Cost": 368872.09, "Plan Rows": 1, "Plan Width": 0, "Actual Startup Time": 1702.595, "Actual Total Time": 1726.47, "Actual Rows": 0, "Actual Loops": 3, "Inner Unique": true, "Plans": [{"Node Type": "Nested Loop", "Parent Relationship": "Outer", "Parallel Aware": false, "Join Type": "Inner", "Startup Cost": 318498.93, "Total Cost": 368871.33, "Plan Rows": 1, "Plan Width": 4, "Actual Startup Time": 1636.134, "Actual Total Time": 1726.462, "Actual Rows": 1, "Actual Loops": 3, "Inner Unique": true, "Plans": [{"Node Type": "Hash Join", "Parent Relationship": "Outer", "Parallel Aware": true, "Join Type": "Inner", "Startup Cost": 318498.51, "Total Cost": 368870.87, "Plan Rows": 1, "Plan Width": 8, "Actual Startup Time": 1529.408, "Actual Total Time": 1726.211, "Actual Rows": 65, "Actual Loops": 3, "Inner Unique": false, "Hash Cond": "(mk.movie_id = t.id)", "Plans": [{"Node Type": "Seq Scan", "Parent Relationship": "Outer", "Parallel Aware": true, "Relation Name": "movie_keyword", "Alias": "mk", "Startup Cost": 0.0, "Total Cost": 43303.71, "Plan Rows": 1884971, "Plan Width": 8, "Actual Startup Time": 0.015, "Actual Total Time": 99.674, "Actual Rows": 1507977, "Actual Loops": 3}, {"Node Type": "Hash", "Parent Relationship": "Inner", "Parallel Aware": true, "Startup Cost": 318498.5, "Total Cost": 318498.5, "Plan Rows": 1, "Plan Width": 16, "Actual Startup Time": 1524.725, "Actual Total Time": 1524.731, "Actual Rows": 6, "Actual Loops": 3, "Hash Buckets": 1024, "Original Hash Buckets": 1024, "Hash Batches": 1, "Original Hash Batches": 1, "Peak Memory Usage": 104, "Plans": [{"Node Type": "Nested Loop", "Parent Relationship": "Outer", "Parallel Aware": false, "Join Type": "Inner", "Startup Cost": 15575.1, "Total Cost": 318498.5, "Plan Rows": 1, "Plan Width": 16, "Actual Startup Time": 1086.851, "Actual Total Time": 1524.487, "Actual Rows": 6, "Actual Loops": 3, "Inner Unique": true, "Plans": [{"Node Type": "Hash Join", "Parent Relationship": "Outer", "Parallel Aware": true, "Join Type": "Inner", "Startup Cost": 15574.67, "Total Cost": 318484.6, "Plan Rows": 20, "Plan Width": 8, "Actual Startup Time": 1074.981, "Actual Total Time": 1425.977, "Actual Rows": 38863, "Actual Loops": 3, "Inner Unique": false, "Hash Cond": "(mi.movie_id = mi_idx.movie_id)", "Plans": [{"Node Type": "Hash Join", "Parent Relationship": "Outer", "Parallel Aware": false, "Join Type": "Inner", "Startup Cost": 2.43, "Total Cost": 302901.77, "Plan Rows": 2798, "Plan Width": 4, "Actual Startup Time": 966.739, "Actual Total Time": 1262.564, "Actual Rows": 204750, "Actual Loops": 3, "Inner Unique": true, "Hash Cond": "(mi.info_type_id = it1.id)", "Plans": [{"Node Type": "Seq Scan", "Parent Relationship": "Outer", "Parallel Aware": true, "Relation Name": "movie_info", "Alias": "mi", "Startup Cost": 0.0, "Total Cost": 302038.28, "Plan Rows": 316166, "Plan Width": 8, "Actual Startup Time": 0.576, "Actual Total Time": 1231.028, "Actual Rows": 235558, "Actual Loops": 3, "Filter": "((info)::text = ANY ('{Sweden,Norway,Germany,Denmark,Swedish,Denish,Norwegian,German,USA,American}'::text[]))", "Rows Removed by Filter": 4709682}, {"Node Type": "Hash", "Parent Relationship": "Inner", "Parallel Aware": false, "Startup Cost": 2.41, "Total Cost": 2.41, "Plan Rows": 1, "Plan Width": 4, "Actual Startup Time": 0.014, "Actual Total Time": 0.015, "Actual Rows": 1, "Actual Loops": 3, "Hash Buckets": 1024, "Original Hash Buckets": 1024, "Hash Batches": 1, "Original Hash Batches": 1, "Peak Memory Usage": 9, "Plans": [{"Node Type": "Seq Scan", "Parent Relationship": "Outer", "Parallel Aware": false, "Relation Name": "info_type", "Alias": "it1", "Startup Cost": 0.0, "Total Cost": 2.41, "Plan Rows": 1, "Plan Width": 4, "Actual Startup Time": 0.006, "Actual Total Time": 0.012, "Actual Rows": 1, "Actual Loops": 3, "Filter": "((info)::text = 'countries'::text)", "Rows Removed by Filter": 112}]}]}, {"Node Type": "Hash", "Parent Relationship": "Inner", "Parallel Aware": true, "Startup Cost": 15554.8, "Total Cost": 15554.8, "Plan Rows": 1396, "Plan Width": 4, "Actual Startup Time": 108.075, "Actual Total Time": 108.076, "Actual Rows": 86616, "Actual Loops": 3, "Hash Buckets": 262144, "Original Hash Buckets": 4096, "Hash Batches": 1, "Original Hash Batches": 1, "Peak Memory Usage": 14272, "Plans": [{"Node Type": "Hash Join", "Parent Relationship": "Outer", "Parallel Aware": false, "Join Type": "Inner", "Startup Cost": 2.43, "Total Cost": 15554.8, "Plan Rows": 1396, "Plan Width": 4, "Actual Startup Time": 0.054, "Actual Total Time": 84.67, "Actual Rows": 86616, "Actual Loops": 3, "Inner Unique": true, "Hash Cond": "(mi_idx.info_type_id = it2.id)", "Plans": [{"Node Type": "Seq Scan", "Parent Relationship": "Outer", "Parallel Aware": true, "Relation Name": "movie_info_idx", "Alias": "mi_idx", "Startup Cost": 0.0, "Total Cost": 15122.68, "Plan Rows": 157776, "Plan Width": 8, "Actual Startup Time": 0.017, "Actual Total Time": 71.293, "Actual Rows": 125612, "Actual Loops": 3, "Filter": "((info)::text > '6.0'::text)", "Rows Removed by Filter": 334399}, {"Node Type": "Hash", "Parent Relationship": "Inner", "Parallel Aware": false, "Startup Cost": 2.41, "Total Cost": 2.41, "Plan Rows": 1, "Plan Width": 4, "Actual Startup Time": 0.028, "Actual Total Time": 0.028, "Actual Rows": 1, "Actual Loops": 3, "Hash Buckets": 1024, "Original Hash Buckets": 1024, "Hash Batches": 1, "Original Hash Batches": 1, "Peak Memory Usage": 9, "Plans": [{"Node Type": "Seq Scan", "Parent Relationship": "Outer", "Parallel Aware": false, "Relation Name": "info_type", "Alias": "it2", "Startup Cost": 0.0, "Total Cost": 2.41, "Plan Rows": 1, "Plan Width": 4, "Actual Startup Time": 0.021, "Actual Total Time": 0.023, "Actual Rows": 1, "Actual Loops": 3, "Filter": "((info)::text = 'rating'::text)", "Rows Removed by Filter": 112}]}]}]}]}, {"Node Type": "Index Scan", "Parent Relationship": "Inner", "Parallel Aware": false, "Scan Direction": "Forward", "Index Name": "title_pkey", "Relation Name": "title", "Alias": "t", "Startup Cost": 0.43, "Total Cost": 0.69, "Plan Rows": 1, "Plan Width": 8, "Actual Startup Time": 0.002, "Actual Total Time": 0.002, "Actual Rows": 0, "Actual Loops": 116588, "Index Cond": "(id = mi.movie_id)", "Rows Removed by Index Recheck": 0, "Filter": "((production_year > 2010) AND (((title)::text ~~ '%murder%'::text) OR ((title)::text ~~ '%Murder%'::text) OR ((title)::text ~~ '%Mord%'::text)))", "Rows Removed by Filter": 1}]}]}]}, {"Node Type": "Index Scan", "Parent Relationship": "Inner", "Parallel Aware": false, "Scan Direction": "Forward", "Index Name": "keyword_pkey", "Relation Name": "keyword", "Alias": "k", "Startup Cost": 0.42, "Total Cost": 0.44, "Plan Rows": 1, "Plan Width": 4, "Actual Startup Time": 0.004, "Actual Total Time": 0.004, "Actual Rows": 0, "Actual Loops": 196, "Index Cond": "(id = mk.keyword_id)", "Rows Removed by Index Recheck": 0, "Filter": "((keyword)::text = ANY ('{murder,murder-in-title}'::text[]))", "Rows Removed by Filter": 1}]}, {"Node Type": "Index Scan", "Parent Relationship": "Inner", "Parallel Aware": false, "Scan Direction": "Forward", "Index Name": "kind_type_pkey", "Relation Name": "kind_type", "Alias": "kt", "Startup Cost": 0.15, "Total Cost": 0.61, "Plan Rows": 1, "Plan Width": 4, "Actual Startup Time": 0.01, "Actual Total Time": 0.01, "Actual Rows": 0, "Actual Loops": 2, "Index Cond": "(id = t.kind_id)", "Rows Removed by Index Recheck": 0, "Filter": "((kind)::text = 'movie'::text)", "Rows Removed by Filter": 0}]}]}]}]}, "Planning Time": 84.961, "Triggers": [], "Execution Time": 1764.763}]
[{"Bao": {"Bao prediction": "NaN", "Bao recommended hint": "(no hint)"}}, {"Plan": {"Node Type": "Aggregate", "Strategy": "Plain", "Partial Mode": "Simple", "Parallel Aware": false, "Startup Cost": 512172.34, "Total Cost": 512172.35, "Plan Rows": 1, "Plan Width": 8, "Actual Startup Time": 1941.165, "Actual Total Time": 1976.495, "Actual Rows": 1, "Actual Loops": 1, "Plans": [{"Node Type": "Gather", "Parent Relationship": "Outer", "Parallel Aware": false, "Startup Cost": 51885.36, "Total Cost": 512172.33, "Plan Rows": 1, "Plan Width": 0, "Actual Startup Time": 1941.035, "Actual Total Time": 1976.489, "Actual Rows": 6, "Actual Loops": 1, "Workers Planned": 2, "Workers Launched": 2, "Single Copy": false, "Plans": [{"Node Type": "Nested Loop", "Parent Relationship": "Outer", "Parallel Aware": false, "Join Type": "Inner", "Startup Cost": 50885.36, "Total Cost": 511172.23, "Plan Rows": 1, "Plan Width": 0, "Actual Startup Time": 1416.452, "Actual Total Time": 1939.082, "Actual Rows": 2, "Actual Loops": 3, "Inner Unique": true, "Plans": [{"Node Type": "Hash Join", "Parent Relationship": "Outer", "Parallel Aware": true, "Join Type": "Inner", "Startup Cost": 50884.93, "Total Cost": 511131.95, "Plan Rows": 88, "Plan Width": 4, "Actual Startup Time": 235.876, "Actual Total Time": 1935.876, "Actual Rows": 408, "Actual Loops": 3, "Inner Unique": false, "Hash Cond": "(ci.movie_id = t.id)", "Plans": [{"Node Type": "Seq Scan", "Parent Relationship": "Outer", "Parallel Aware": true, "Relation Name": "cast_info", "Alias": "ci", "Startup Cost": 0.0, "Total Cost": 403639.65, "Plan Rows": 15095265, "Plan Width": 8, "Actual Startup Time": 0.012, "Actual Total Time": 855.036, "Actual Rows": 12081448, "Actual Loops": 3}, {"Node Type": "Hash", "Parent Relationship": "Inner", "Parallel Aware": true, "Startup Cost": 50884.91, "Total Cost": 50884.91, "Plan Rows": 2, "Plan Width": 8, "Actual Startup Time": 223.88, "Actual Total Time": 223.883, "Actual Rows": 4, "Actual Loops": 3, "Hash Buckets": 1024, "Original Hash Buckets": 1024, "Hash Batches": 1, "Original Hash Batches": 1, "Peak Memory Usage": 104, "Plans": [{"Node Type": "Nested Loop", "Parent Relationship": "Outer", "Parallel Aware": false, "Join Type": "Inner", "Startup Cost": 2626.57, "Total Cost": 50884.91, "Plan Rows": 2, "Plan Width": 8, "Actual Startup Time": 77.533, "Actual Total Time": 223.852, "Actual Rows": 4, "Actual Loops": 3, "Inner Unique": true, "Plans": [{"Node Type": "Hash Join", "Parent Relationship": "Outer", "Parallel Aware": false, "Join Type": "Inner", "Startup Cost": 2626.14, "Total Cost": 50878.05, "Plan Rows": 14, "Plan Width": 4, "Actual Startup Time": 68.083, "Actual Total Time": 223.788, "Actual Rows": 5, "Actual Loops": 3, "Inner Unique": true, "Hash Cond": "(mk.keyword_id = k.id)", "Plans": [{"Node Type": "Seq Scan", "Parent Relationship": "Outer", "Parallel Aware": true, "Relation Name": "movie_keyword", "Alias": "mk", "Startup Cost": 0.0, "Total Cost": 43303.71, "Plan Rows": 1884971, "Plan Width": 8, "Actual Startup Time": 0.009, "Actual Total Time": 107.681, "Actual Rows": 1507977, "Actual Loops": 3}, {"Node Type": "Hash", "Parent Relationship": "Inner", "Parallel Aware": false, "Startup Cost": 2626.12, "Total Cost": 2626.12, "Plan Rows": 1, "Plan Width": 4, "Actual Startup Time": 10.392, "Actual Total Time": 10.392, "Actual Rows": 1, "Actual Loops": 3, "Hash Buckets": 1024, "Original Hash Buckets": 1024, "Hash Batches": 1, "Original Hash Batches": 1, "Peak Memory Usage": 9, "Plans": [{"Node Type": "Seq Scan", "Parent Relationship": "Outer", "Parallel Aware": false, "Relation Name": "keyword", "Alias": "k", "Startup Cost": 0.0, "Total Cost": 2626.12, "Plan Rows": 1, "Plan Width": 4, "Actual Startup Time": 0.288, "Actual Total Time": 10.386, "Actual Rows": 1, "Actual Loops": 3, "Filter": "((keyword)::text = 'marvel-cinematic-universe'::text)", "Rows Removed by Filter": 134169}]}]}, {"Node Type": "Index Scan", "Parent Relationship": "Inner", "Parallel Aware": false, "Scan Direction": "Forward", "Index Name": "title_pkey", "Relation Name": "title", "Alias": "t", "Startup Cost": 0.43, "Total Cost": 0.49, "Plan Rows": 1, "Plan Width": 4, "Actual Startup Time": 0.011, "Actual Total Time": 0.011, "Actual Rows": 1, "Actual Loops": 14, "Index Cond": "(id = mk.movie_id)", "Rows Removed by Index Recheck": 0, "Filter": "(production_year > 2010)", "Rows Removed by Filter": 0}]}]}]}, {"Node Type": "Index Scan", "Parent Relationship": "Inner", "Parallel Aware": false, "Scan Direction": "Forward", "Index Name": "name_pkey", "Relation Name": "name", "Alias": "n", "Startup Cost": 0.43, "Total Cost": 0.46, "Plan Rows": 1, "Plan Width": 4, "Actual Startup Time": 0.007, "Actual Total Time": 0.007, "Actual Rows": 0, "Actual Loops": 1224, "Index Cond": "(id = ci.person_id)", "Rows Removed by Index Recheck": 0, "Filter": "((name)::text ~~ '%Downey%Robert%'::text)", "Rows Removed by Filter": 1}]}]}]}, "Planning Time": 78.212, "Triggers": [], "Execution Time": 1976.557}]
