[{"Bao": {"Bao prediction": 1360.825, "Bao recommended hint": "(no hint)"}}, {"Plan": {"Node Type": "Aggregate", "Strategy": "Plain", "Partial Mode": "Finalize", "Parallel Aware": false, "Startup Cost": 355193.82, "Total Cost": 355193.83, "Plan Rows": 1, "Plan Width": 8, "Actual Startup Time": 1576.422, "Actual Total Time": 1627.743, "Actual Rows": 1, "Actual Loops": 1, "Plans": [{"Node Type": "Gather", "Parent Relationship": "Outer", "Parallel Aware": false, "Startup Cost": 355193.61, "Total Cost": 355193.82, "Plan Rows": 2, "Plan Width": 8, "Actual Startup Time": 1576.379, "Actual Total Time": 1627.738, "Actual Rows": 3, "Actual Loops": 1, "Workers Planned": 2, "Workers Launched": 2, "Single Copy": false, "Plans": [{"Node Type": "Aggregate", "Strategy": "Plain", "Partial Mode": "Partial", "Parent Relationship": "Outer", "Parallel Aware": false, "Startup Cost": 354193.61, "Total Cost": 354193.62, "Plan Rows": 1, "Plan Width": 8, "Actual Startup Time": 1573.634, "Actual Total Time": 1573.637, "Actual Rows": 1, "Actual Loops": 3, "Plans": [{"Node Type": "Hash Join", "Parent Relationship": "Outer", "Parallel Aware": true, "Join Type": "Inner", "Startup Cost": 50968.92, "Total Cost": 354192.98, "Plan Rows": 252, "Plan Width": 0, "Actual Startup Time": 315.435, "Actual Total Time": 1573.482, "Actual Rows": 2417, "Actual Loops": 3, "Inner Unique": false, "Hash Cond": "(mi.movie_id = t.id)", "Plans": [{"Node Type": "Seq Scan", "Parent Relationship": "Outer", "Parallel Aware": true, "Relation Name": "movie_info", "Alias": "mi", "Startup Cost": 0.0, "Total Cost": 302038.28, "Plan Rows": 316166, "Plan Width": 4, "Actual Startup Time": 0.59, "Actual Total Time": 1239.557, "Actual Rows": 235558, "Actual Loops": 3, "Filter": "((info)::text = ANY ('{Sweden,Norway,Germany,Denmark,Swedish,Denish,Norwegian,German,USA,American}'::text[]))", "Rows Removed by Filter": 4709682}, {"Node Type": "Hash", "Parent Relationship": "Inner", "Parallel Aware": true, "Startup Cost": 50967.34, "Total Cost": 50967.34, "Plan Rows": 126, "Plan Width": 8, "Actual Startup Time": 312.328, "Actual Total Time": 312.331, "Actual Rows": 2625, "Actual Loops": 3, "Hash Buckets": 8192, "Original Hash Buckets": 1024, "Hash Batches": 1, "Original Hash Batches": 1, "Peak Memory Usage": 472, "Plans": [{"Node Type": "Nested Loop", "Parent Relationship": "Outer", "Parallel Aware": false, "Join Type": "Inner", "Startup Cost": 2626.72, "Total Cost": 50967.34, "Plan Rows": 126, "Plan Width": 8, "Actual Startup Time": 22.001, "Actual Total Time": 241.053, "Actual Rows": 2625, "Actual Loops": 3, "Inner Unique": true, "Plans": [{"Node Type": "Hash Join", "Parent Relationship": "Outer", "Parallel Aware": false, "Join Type": "Inner", "Startup Cost": 2626.29, "Total Cost": 50878.2, "Plan Rows": 182, "Plan Width": 4, "Actual Startup Time": 21.856, "Actual Total Time": 229.497, "Actual Rows": 4317, "Actual Loops": 3, "Inner Unique": true, "Hash Cond": "(mk.keyword_id = k.id)", "Plans": [{"Node Type": "Seq Scan", "Parent Relationship": "Outer", "Parallel Aware": true, "Relation Name": "movie_keyword", "Alias": "mk", "Startup Cost": 0.0, "Total Cost": 43303.71, "Plan Rows": 1884971, "Plan Width": 8, "Actual Startup Time": 0.011, "Actual Total Time": 102.572, "Actual Rows": 1507977, "Actual Loops": 3}, {"Node Type": "Hash", "Parent Relationship": "Inner", "Parallel Aware": false, "Startup Cost": 2626.12, "Total Cost": 2626.12, "Plan Rows": 13, "Plan Width": 4, "Actual Startup Time": 21.423, "Actual Total Time": 21.423, "Actual Rows": 30, "Actual Loops": 3, "Hash Buckets": 1024, "Original Hash Buckets": 1024, "Hash Batches": 1, "Original Hash Batches": 1, "Peak Memory Usage": 10, "Plans": [{"Node Type": "Seq Scan", "Parent Relationship": "Outer", "Parallel Aware": false, "Relation Name": "keyword", "Alias": "k", "Startup Cost": 0.0, "Total Cost": 2626.12, "Plan Rows": 13, "Plan Width": 4, "Actual Startup Time": 1.365, "Actual Total Time": 21.408, "Actual Rows": 30, "Actual Loops": 3, "Filter": "((keyword)::text ~~ '%sequel%'::text)", "Rows Removed by Filter": 134140}]}]}, {"Node Type": "Index Scan", "Parent Relationship": "Inner", "Parallel Aware": false, "Scan Direction": "Forward", "Index Name": "title_pkey", "Relation Name": "title", "Alias": "t", "Startup Cost": 0.43, "Total Cost": 0.49, "Plan Rows": 1, "Plan Width": 4, "Actual Startup Time": 0.002, "Actual Total Time": 0.002, "Actual Rows": 1, "Actual Loops": 12951, "Index Cond": "(id = mk.movie_id)", "Rows Removed by Index Recheck": 0, "Filter": "(production_year > 1990)", "Rows Removed by Filter": 0}]}]}]}]}]}]}, "Planning Time": 36.457, "Triggers": [], "Execution Time": 1627.817}]
[{"Bao": {"Bao prediction": 475.951, "Bao recommended hint": "(no hint)"}}, {"Plan": {"Node Type": "Aggregate", "Strategy": "Plain", "Partial Mode": "Finalize", "Parallel Aware": false, "Startup Cost": 50226.61, "Total Cost": 50226.62, "Plan Rows": 1, "Plan Width": 8, "Actual Startup Time": 235.227, "Actual Total Time": 243.462, "Actual Rows": 1, "Actual Loops": 1, "Plans": [{"Node Type": "Gather", "Parent Relationship": "Outer", "Parallel Aware": false, "Startup Cost": 50226.4, "Total Cost": 50226.61, "Plan Rows": 2, "Plan Width": 8, "Actual Startup Time": 234.512, "Actual Total Time": 243.455, "Actual Rows": 3, "Actual Loops": 1, "Workers Planned": 2, "Workers Launched": 2, "Single Copy": false, "Plans": [{"Node Type": "Aggregate", "Strategy": "Plain", "Partial Mode": "Partial", "Parent Relationship": "Outer", "Parallel Aware": false, "Startup Cost": 49226.4, "Total Cost": 49226.41, "Plan Rows": 1, "Plan Width": 8, "Actual Startup Time": 232.293, "Actual Total Time": 232.297, "Actual Rows": 1, "Actual Loops": 3, "Plans": [{"Node Type": "Nested Loop", "Parent Relationship": "Outer", "Parallel Aware": false, "Join Type": "Inner", "Startup Cost": 33908.15, "Total Cost": 49226.28, "Plan Rows": 45, "Plan Width": 0, "Actual Startup Time": 232.263, "Actual Total Time": 232.294, "Actual Rows": 1, "Actual Loops": 3, "Inner Unique": true, "Plans": [{"Node Type": "Hash Join", "Parent Relationship": "Outer", "Parallel Aware": true, "Join Type": "Inner", "Startup Cost": 33907.72, "Total Cost": 49178.32, "Plan Rows": 82, "Plan Width": 8, "Actual Startup Time": 232.224, "Actual Total Time": 232.249, "Actual Rows": 2, "Actual Loops": 3, "Inner Unique": false, "Hash Cond": "(mi_idx.movie_id = mc.movie_id)", "Plans": [{"Node Type": "Hash Join", "Parent Relationship": "Outer", "Parallel Aware": false, "Join Type": "Inner", "Startup Cost": 2.43, "Total Cost": 15253.6, "Plan Rows": 5089, "Plan Width": 4, "Actual Startup Time": 64.689, "Actual Total Time": 64.691, "Actual Rows": 3, "Actual Loops": 3, "Inner Unique": true, "Hash Cond": "(mi_idx.info_type_id = it.id)", "Plans": [{"Node Type": "Seq Scan", "Parent Relationship": "Outer", "Parallel Aware": true, "Relation Name": "movie_info_idx", "Alias": "mi_idx", "Startup Cost": 0.0, "Total Cost": 13685.15, "Plan Rows": 575015, "Plan Width": 8, "Actual Startup Time": 0.007, "Actual Total Time": 32.294, "Actual Rows": 460012, "Actual Loops": 3}, {"Node Type": "Hash", "Parent Relationship": "Inner", "Parallel Aware": false, "Startup Cost": 2.41, "Total Cost": 2.41, "Plan Rows": 1, "Plan Width": 4, "Actual Startup Time": 0.021, "Actual Total Time": 0.021, "Actual Rows": 1, "Actual Loops": 3, "Hash Buckets": 1024, "Original Hash Buckets": 1024, "Hash Batches": 1, "Original Hash Batches": 1, "Peak Memory Usage": 9, "Plans": [{"Node Type": "Seq Scan", "Parent Relationship": "Outer", "Parallel Aware": false, "Relation Name": "info_type", "Alias": "it", "Startup Cost": 0.0, "Total Cost": 2.41, "Plan Rows": 1, "Plan Width": 4, "Actual Startup Time": 0.018, "Actual Total Time": 0.018, "Actual Rows": 1, "Actual Loops": 3, "Filter": "((info)::text = 'bottom 10 rank'::text)", "Rows Removed by Filter": 112}]}]}, {"Node Type": "Hash", "Parent Relationship": "Inner", "Parallel Aware": true, "Startup Cost": 33866.15, "Total Cost": 33866.15, "Plan Rows": 3132, "Plan Width": 4, "Actual Startup Time": 167.269, "Actual Total Time": 167.27, "Actual Rows": 46968, "Actual Loops": 3, "Hash Buckets": 262144, "Original Hash Buckets": 8192, "Hash Batches": 1, "Original Hash Batches": 1, "Peak Memory Usage": 9568, "Plans": [{"Node Type": "Hash Join", "Parent Relationship": "Outer", "Parallel Aware": false, "Join Type": "Inner", "Startup Cost": 18.93, "Total Cost": 33866.15, "Plan Rows": 3132, "Plan Width": 4, "Actual Startup Time": 108.304, "Actual Total Time": 152.732, "Actual Rows": 46968, "Actual Loops": 3, "Inner Unique": true, "Hash Cond": "(mc.company_type_id = ct.id)", "Plans": [{"Node Type": "Seq Scan", "Parent Relationship": "Outer", "Parallel Aware": true, "Relation Name": "movie_companies", "Alias": "mc", "Startup Cost": 0.0, "Total Cost": 32379.21, "Plan Rows": 555923, "Plan Width": 8, "Actual Startup Time": 0.017, "Actual Total Time": 124.402, "Actual Rows": 445696, "Actual Loops": 3, "Filter": "((note)::text !~~ '%(as Metro-Goldwyn-Mayer Pictures)%'::text)", "Rows Removed by Filter": 424014}, {"Node Type": "Hash", "Parent Relationship": "Inner", "Parallel Aware": false, "Startup Cost": 18.88, "Total Cost": 18.88, "Plan Rows": 4, "Plan Width": 4, "Actual Startup Time": 0.019, "Actual Total Time": 0.02, "Actual Rows": 1, "Actual Loops": 3, "Hash Buckets": 1024, "Original Hash Buckets": 1024, "Hash Batches": 1, "Original Hash Batches": 1, "Peak Memory Usage": 9, "Plans": [{"Node Type": "Seq Scan", "Parent Relationship": "Outer", "Parallel Aware": false, "Relation Name": "company_type", "Alias": "ct", "Startup Cost": 0.0, "Total Cost": 18.88, "Plan Rows": 4, "Plan Width": 4, "Actual Startup Time": 0.014, "Actual Total Time": 0.014, "Actual Rows": 1, "Actual Loops": 3, "Filter": "((kind)::text = 'production companies'::text)", "Rows Removed by Filter": 3}]}]}]}]}, {"Node Type": "Index Scan", "Parent Relationship": "Inner", "Parallel Aware": false, "Scan Direction": "Forward", "Index Name": "title_pkey", "Relation Name": "title", "Alias": "t", "Startup Cost": 0.43, "Total Cost": 0.58, "Plan Rows": 1, "Plan Width": 4, "Actual Startup Time": 0.026, "Actual Total Time": 0.026, "Actual Rows": 1, "Actual Loops": 5, "Index Cond": "(id = mc.movie_id)", "Rows Removed by Index Recheck": 0, "Filter": "(production_year > 2000)", "Rows Removed by Filter": 0}]}]}]}]}, "Planning Time": 35.148, "Triggers": [], "Execution Time": 243.558}]
[{"Bao": {"Bao prediction": 1306.809, "Bao recommended hint": "(no hint)"}}, {"Plan": {"Node Type": "Aggregate", "Strategy": "Plain", "Partial Mode": "Finalize", "Parallel Aware": false, "Startup Cost": 333838.26, "Total Cost": 333838.27, "Plan Rows": 1, "Plan Width": 8, "Actual Startup Time": 1053.341, "Actual Total Time": 1082.188, "Actual Rows": 1, "Actual Loops": 1, "Plans": [{"Node Type": "Gather", "Parent Relationship": "Outer", "Parallel Aware": false, "Startup Cost": 333838.04, "Total Cost": 333838.25, "Plan Rows": 2, "Plan Width": 8, "Actual Startup Time": 1053.009, "Actual Total Time": 1082.182, "Actual Rows": 3, "Actual Loops": 1, "Workers Planned": 2, "Workers Launched": 2, "Single Copy": false, "Plans": [{"Node Type": "Aggregate", "Strategy": "Plain", "Partial Mode": "Partial", "Parent Relationship": "Outer", "Parallel Aware": false, "Startup Cost": 332838.04, "Total Cost": 332838.05, "Plan Rows": 1, "Plan Width": 8, "Actual Startup Time": 1050.305, "Actual Total Time": 1050.316, "Actual Rows": 1, "Actual Loops": 3, "Plans": [{"Node Type": "Hash Join", "Parent Relationship": "Outer", "Parallel Aware": true, "Join Type": "Inner", "Startup Cost": 324570.39, "Total Cost": 332833.72, "Plan Rows": 1728, "Plan Width": 0, "Actual Startup Time": 1027.687, "Actual Total Time": 1050.157, "Actual Rows": 3782, "Actual Loops": 3, "Inner Unique": false, "Hash Cond": "(at.movie_id = t.id)", "Plans": [{"Node Type": "Seq Scan", "Parent Relationship": "Outer", "Parallel Aware": true, "Relation Name": "aka_title", "Alias": "at", "Startup Cost": 0.0, "Total Cost": 7698.13, "Plan Rows": 150613, "Plan Width": 4, "Actual Startup Time": 0.017, "Actual Total Time": 11.659, "Actual Rows": 120491, "Actual Loops": 3}, {"Node Type": "Hash", "Parent Relationship": "Inner", "Parallel Aware": true, "Startup Cost": 324561.94, "Total Cost": 324561.94, "Plan Rows": 676, "Plan Width": 16, "Actual Startup Time": 1027.215, "Actual Total Time": 1027.223, "Actual Rows": 8521, "Actual Loops": 3, "Hash Buckets": 32768, "Original Hash Buckets": 2048, "Hash Batches": 1, "Original Hash Batches": 1, "Peak Memory Usage": 1744, "Plans": [{"Node Type": "Nested Loop", "Parent Relationship": "Outer", "Parallel Aware": false, "Join Type": "Inner", "Startup Cost": 273892.97, "Total Cost": 324561.94, "Plan Rows": 676, "Plan Width": 16, "Actual Startup Time": 751.345, "Actual Total Time": 987.325, "Actual Rows": 8521, "Actual Loops": 3, "Inner Unique": true, "Plans": [{"Node Type": "Hash Join", "Parent Relationship": "Outer", "Parallel Aware": true, "Join Type": "Inner", "Startup Cost": 273892.55, "Total Cost": 324265.32, "Plan Rows": 676, "Plan Width": 20, "Actual Startup Time": 751.309, "Actual Total Time": 973.085, "Actual Rows": 8521, "Actual Loops": 3, "Inner Unique": false, "Hash Cond": "(mk.movie_id = t.id)", "Plans": [{"Node Type": "Seq Scan", "Parent Relationship": "Outer", "Parallel Aware": true, "Relation Name": "movie_keyword", "Alias": "mk", "Startup Cost": 0.0, "Total Cost": 43303.71, "Plan Rows": 1884971, "Plan Width": 8, "Actual Startup Time": 0.021, "Actual Total Time": 100.333, "Actual Rows": 1507977, "Actual Loops": 3}, {"Node Type": "Hash", "Parent Relationship": "Inner", "Parallel Aware": true, "Startup Cost": 273891.84, "Total Cost": 273891.84, "Plan Rows": 57, "Plan Width": 12, "Actual Startup Time": 751.155, "Actual Total Time": 751.162, "Actual Rows": 3286, "Actual Loops": 3, "Hash Buckets": 8192, "Original Hash Buckets": 1024, "Hash Batches": 1, "Original Hash Batches": 1, "Peak Memory Usage": 600, "Plans": [{"Node Type": "Nested Loop", "Parent Relationship": "Outer", "Parallel Aware": false, "Join Type": "Inner", "Startup Cost": 240074.15, "Total Cost": 273891.84, "Plan Rows": 57, "Plan Width": 12, "Actual Startup Time": 532.335, "Actual Total Time": 683.165, "Actual Rows": 3286, "Actual Loops": 3, "Inner Unique": true, "Plans": [{"Node Type": "Nested Loop", "Parent Relationship": "Outer", "Parallel Aware": false, "Join Type": "Inner", "Startup Cost": 240074.0, "Total Cost": 273882.29, "Plan Rows": 57, "Plan Width": 16, "Actual Startup Time": 532.319, "Actual Total Time": 680.12, "Actual Rows": 3286, "Actual Loops": 3, "Inner Unique": true, "Plans": [{"Node Type": "Hash Join", "Parent Relationship": "Outer", "Parallel Aware": true, "Join Type": "Inner", "Startup Cost": 240073.58, "Total Cost": 273811.83, "Plan Rows": 158, "Plan Width": 20, "Actual Startup Time": 532.29, "Actual Total Time": 668.454, "Actual Rows": 4792, "Actual Loops": 3, "Inner Unique": false, "Hash Cond": "(mc.movie_id = t.id)", "Plans": [{"Node Type": "Seq Scan", "Parent Relationship": "Outer", "Parallel Aware": true, "Relation Name": "movie_companies", "Alias": "mc", "Startup Cost": 0.0, "Total Cost": 29661.37, "Plan Rows": 1087137, "Plan Width": 12, "Actual Startup Time": 0.017, "Actual Total Time": 60.682, "Actual Rows": 869710, "Actual Loops": 3}, {"Node Type": "Hash", "Parent Relationship": "Inner", "Parallel Aware": true, "Startup Cost": 240073.23, "Total Cost": 240073.23, "Plan Rows": 28, "Plan Width": 8, "Actual Startup Time": 532.154, "Actual Total Time": 532.157, "Actual Rows": 3554, "Actual Loops": 3, "Hash Buckets": 16384, "Original Hash Buckets": 1024, "Hash Batches": 1, "Original Hash Batches": 1, "Peak Memory Usage": 760, "Plans": [{"Node Type": "Nested Loop", "Parent Relationship": "Outer", "Parallel Aware": false, "Join Type": "Inner", "Startup Cost": 2.86, "Total Cost": 240073.23, "Plan Rows": 28, "Plan Width": 8, "Actual Startup Time": 122.831, "Actual Total Time": 489.608, "Actual Rows": 3554, "Actual Loops": 3, "Inner Unique": true, "Plans": [{"Node Type": "Hash Join", "Parent Relationship": "Outer", "Parallel Aware": false, "Join Type": "Inner", "Startup Cost": 2.43, "Total Cost": 239810.89, "Plan Rows": 41, "Plan Width": 4, "Actual Startup Time": 122.802, "Actual Total Time": 475.347, "Actual Rows": 3560, "Actual Loops": 3, "Inner Unique": true, "Hash Cond": "(mi.info_type_id = it1.id)", "Plans": [{"Node Type": "Seq Scan", "Parent Relationship": "Outer", "Parallel Aware": true, "Relation Name": "movie_info", "Alias": "mi", "Startup Cost": 0.0, "Total Cost": 239795.93, "Plan Rows": 4599, "Plan Width": 8, "Actual Startup Time": 19.466, "Actual Total Time": 474.666, "Actual Rows": 3603, "Actual Loops": 3, "Filter": "((note)::text ~~ '%internet%'::text)", "Rows Removed by Filter": 4941637}, {"Node Type": "Hash", "Parent Relationship": "Inner", "Parallel Aware": false, "Startup Cost": 2.41, "Total Cost": 2.41, "Plan Rows": 1, "Plan Width": 4, "Actual Startup Time": 0.028, "Actual Total Time": 0.028, "Actual Rows": 1, "Actual Loops": 3, "Hash Buckets": 1024, "Original Hash Buckets": 1024, "Hash Batches": 1, "Original Hash Batches": 1, "Peak Memory Usage": 9, "Plans": [{"Node Type": "Seq Scan", "Parent Relationship": "Outer", "Parallel Aware": false, "Relation Name": "info_type", "Alias": "it1", "Startup Cost": 0.0, "Total Cost": 2.41, "Plan Rows": 1, "Plan Width": 4, "Actual Startup Time": 0.019, "Actual Total Time": 0.025, "Actual Rows": 1, "Actual Loops": 3, "Filter": "((info)::text = 'release dates'::text)", "Rows Removed by Filter": 112}]}]}, {"Node Type": "Index Scan", "Parent Relationship": "Inner", "Parallel Aware": false, "Scan Direction": "Forward", "Index Name": "title_pkey", "Relation Name": "title", "Alias": "t", "Startup Cost": 0.43, "Total Cost": 6.4, "Plan Rows": 1, "Plan Width": 4, "Actual Startup Time": 0.004, "Actual Total Time": 0.004, "Actual Rows": 1, "Actual Loops": 10679, "Index Cond": "(id = mi.movie_id)", "Rows Removed by Index Recheck": 0, "Filter": "(production_year > 1990)", "Rows Removed by Filter": 0}]}]}]}, {"Node Type": "Index Scan", "Parent Relationship": "Inner", "Parallel Aware": false, "Scan Direction": "Forward", "Index Name": "company_name_pkey", "Relation Name": "company_name", "Alias": "cn", "Startup Cost": 0.42, "Total Cost": 0.45, "Plan Rows": 1, "Plan Width": 4, "Actual Startup Time": 0.002, "Actual Total Time": 0.002, "Actual Rows": 1, "Actual Loops": 14377, "Index Cond": "(id = mc.company_id)", "Rows Removed by Index Recheck": 0, "Filter": "((country_code)::text = '[us]'::text)", "Rows Removed by Filter": 0}]}, {"Node Type": "Index Only Scan", "Parent Relationship": "Inner", "Parallel Aware": false, "Scan Direction": "Forward", "Index Name": "company_type_pkey", "Relation Name": "company_type", "Alias": "ct", "Startup Cost": 0.15, "Total Cost": 0.17, "Plan Rows": 1, "Plan Width": 4, "Actual Startup Time": 0.001, "Actual Total Time": 0.001, "Actual Rows": 1, "Actual Loops": 9857, "Index Cond": "(id = mc.company_type_id)", "Rows Removed by Index Recheck": 0, "Heap Fetches": 9857}]}]}]}, {"Node Type": "Index Only Scan", "Parent Relationship": "Inner", "Parallel Aware": false, "Scan Direction": "Forward", "Index Name": "keyword_pkey", "Relation Name": "keyword", "Alias": "k", "Startup Cost": 0.42, "Total Cost": 0.44, "Plan Rows": 1, "Plan Width": 4, "Actual Startup Time": 0.001, "Actual Total Time": 0.001, "Actual Rows": 1, "Actual Loops": 25564, "Index Cond": "(id = mk.keyword_id)", "Rows Removed by Index Recheck": 0, "Heap Fetches": 25564}]}]}]}]}]}]}, "Planning Time": 63.643, "Triggers": [], "Execution Time": 1082.336}]
[{"Bao": {"Bao prediction": 1876.259, "Bao recommended hint": "SET enable_nestloop TO off; "}}, {"Plan": {"Node Type": "Aggregate", "Strategy": "Plain", "Partial Mode": "Simple", "Parallel Aware": false, "Startup Cost": 468406.82, "Total Cost": 468406.83, "Plan Rows": 1, "Plan Width": 8, "Actual Startup Time": 2267.101, "Actual Total Time": 2298.836, "Actual Rows": 1, "Actual Loops": 1, "Plans": [{"Node Type": "Hash Join", "Parent Relationship": "Outer", "Parallel Aware": false, "Join Type": "Inner", "Startup Cost": 165166.28, "Total Cost": 468406.81, "Plan Rows": 1, "Plan Width": 0, "Actual Startup Time": 2003.406, "Actual Total Time": 2298.498, "Actual Rows": 8373, "Actual Loops": 1, "Inner Unique": true, "Hash Cond": "(mi_idx.info_type_id = it2.id)", "Plans": [{"Node Type": "Hash Join", "Parent Relationship": "Outer", "Parallel Aware": false, "Join Type": "Inner", "Startup Cost": 165163.86, "Total Cost": 468404.39, "Plan Rows": 1, "Plan Width": 4, "Actual Startup Time": 2003.374, "Actual Total Time": 2296.365, "Actual Rows": 24852, "Actual Loops": 1, "Inner Unique": true, "Hash Cond": "(mi.info_type_id = it1.id)", "Plans": [{"Node Type": "Gather", "Parent Relationship": "Outer", "Parallel Aware": false, "Startup Cost": 165161.43, "Total Cost": 468401.96, "Plan Rows": 1, "Plan Width": 8, "Actual Startup Time": 1061.176, "Actual Total Time": 2292.602, "Actual Rows": 28269, "Actual Loops": 1, "Workers Planned": 2, "Workers Launched": 2, "Single Copy": false, "Plans": [{"Node Type": "Hash Join", "Parent Relationship": "Outer", "Parallel Aware": true, "Join Type": "Inner", "Startup Cost": 164161.43, "Total Cost": 467401.86, "Plan Rows": 1, "Plan Width": 8, "Actual Startup Time": 1055.51, "Actual Total Time": 2260.044, "Actual Rows": 9423, "Actual Loops": 3, "Inner Unique": false, "Hash Cond": "(mi.movie_id = t.id)", "Plans": [{"Node Type": "Seq Scan", "Parent Relationship": "Outer", "Parallel Aware": true, "Relation Name": "movie_info", "Alias": "mi", "Startup Cost": 0.0, "Total Cost": 302038.28, "Plan Rows": 320570, "Plan Width": 8, "Actual Startup Time": 0.546, "Actual Total Time": 1211.733, "Actual Rows": 238737, "Actual Loops": 3, "Filter": "((info)::text = ANY ('{Sweden,Norway,Germany,Denmark,Swedish,Danish,Norwegian,German,USA,American}'::text[]))", "Rows Removed by Filter": 4706503}, {"Node Type": "Hash", "Parent Relationship": "Inner", "Parallel Aware": true, "Startup Cost": 164161.42, "Total Cost": 164161.42, "Plan Rows": 1, "Plan Width": 24, "Actual Startup Time": 1029.53, "Actual Total Time": 1029.547, "Actual Rows": 8091, "Actual Loops": 3, "Hash Buckets": 32768, "Original Hash Buckets": 1024, "Hash Batches": 1, "Original Hash Batches": 1, "Peak Memory Usage": 1880, "Plans": [{"Node Type": "Hash Join", "Parent Relationship": "Outer", "Parallel Aware": false, "Join Type": "Inner", "Startup Cost": 113789.06, "Total Cost": 164161.42, "Plan Rows": 1, "Plan Width": 24, "Actual Startup Time": 585.976, "Actual Total Time": 981.833, "Actual Rows": 8091, "Actual Loops": 3, "Inner Unique": true, "Hash Cond": "(mk.keyword_id = k.id)", "Plans": [{"Node Type": "Hash Join", "Parent Relationship": "Outer", "Parallel Aware": true, "Join Type": "Inner", "Startup Cost": 110827.46, "Total Cost": 161199.82, "Plan Rows": 1, "Plan Width": 28, "Actual Startup Time": 560.361, "Actual Total Time": 898.763, "Actual Rows": 1124488, "Actual Loops": 3, "Inner Unique": false, "Hash Cond": "(mk.movie_id = t.id)", "Plans": [{"Node Type": "Seq Scan", "Parent Relationship": "Outer", "Parallel Aware": true, "Relation Name": "movie_keyword", "Alias": "mk", "Startup Cost": 0.0, "Total Cost": 43303.71, "Plan Rows": 1884971, "Plan Width": 8, "Actual Startup Time": 0.008, "Actual Total Time": 98.719, "Actual Rows": 1507977, "Actual Loops": 3}, {"Node Type": "Hash", "Parent Relationship": "Inner", "Parallel Aware": true, "Startup Cost": 110827.45, "Total Cost": 110827.45, "Plan Rows": 1, "Plan Width": 20, "Actual Startup Time": 560.038, "Actual Total Time": 560.054, "Actual Rows": 12905, "Actual Loops": 3, "Hash Buckets": 65536, "Original Hash Buckets": 1024, "Hash Batches": 1, "Original Hash Batches": 1, "Peak Memory Usage": 3192, "Plans": [{"Node Type": "Hash Join", "Parent Relationship": "Outer", "Parallel Aware": false, "Join Type": "Inner", "Startup Cost": 105825.4, "Total Cost": 110827.45, "Plan Rows": 1, "Plan Width": 20, "Actual Startup Time": 533.1, "Actual Total Time": 554.576, "Actual Rows": 12905, "Actual Loops": 3, "Inner Unique": true, "Hash Cond": "(t.kind_id = kt.id)", "Plans": [{"Node Type": "Hash Join", "Parent Relationship": "Outer", "Parallel Aware": false, "Join Type": "Inner", "Startup Cost": 105802.53, "Total Cost": 110804.57, "Plan Rows": 1, "Plan Width": 24, "Actual Startup Time": 533.064, "Actual Total Time": 552.48, "Actual Rows": 13564, "Actual Loops": 3, "Inner Unique": true, "Hash Cond": "(mc.company_type_id = ct.id)", "Plans": [{"Node Type": "Hash Join", "Parent Relationship": "Outer", "Parallel Aware": true, "Join Type": "Inner", "Startup Cost": 105776.55, "Total Cost": 110778.59, "Plan Rows": 1, "Plan Width": 28, "Actual Startup Time": 533.046, "Actual Total Time": 550.274, "Actual Rows": 13564, "Actual Loops": 3, "Inner Unique": false, "Hash Cond": "(cn.id = mc.company_id)", "Plans": [{"Node Type": "Seq Scan", "Parent Relationship": "Outer", "Parallel Aware": true, "Relation Name": "company_name", "Alias": "cn", "Startup Cost": 0.0, "Total Cost": 4722.92, "Plan Rows": 74429, "Plan Width": 4, "Actual Startup Time": 0.031, "Actual Total Time": 10.422, "Actual Rows": 42077, "Actual Loops": 3, "Filter": "((country_code)::text <> '[us]'::text)", "Rows Removed by Filter": 36256}, {"Node Type": "Hash", "Parent Relationship": "Inner", "Parallel Aware": true, "Startup Cost": 105776.54, "Total Cost": 105776.54, "Plan Rows": 1, "Plan Width": 32, "Actual Startup Time": 532.889, "Actual Total Time": 532.895, "Actual Rows": 14383, "Actual Loops": 3, "Hash Buckets": 65536, "Original Hash Buckets": 1024, "Hash Batches": 1, "Original Hash Batches": 1, "Peak Memory Usage": 3768, "Plans": [{"Node Type": "Hash Join", "Parent Relationship": "Outer", "Parallel Aware": true, "Join Type": "Inner", "Startup Cost": 70460.15, "Total Cost": 105776.54, "Plan Rows": 1, "Plan Width": 32, "Actual Startup Time": 380.096, "Actual Total Time": 517.531, "Actual Rows": 14383, "Actual Loops": 3, "Inner Unique": false, "Hash Cond": "(mc.movie_id = t.id)", "Plans": [{"Node Type": "Seq Scan", "Parent Relationship": "Outer", "Parallel Aware": true, "Relation Name": "movie_companies", "Alias": "mc", "Startup Cost": 0.0, "Total Cost": 35097.06, "Plan Rows": 58487, "Plan Width": 12, "Actual Startup Time": 0.02, "Actual Total Time": 127.113, "Actual Rows": 101090, "Actual Loops": 3, "Filter": "(((note)::text !~~ '%(USA)%'::text) AND ((note)::text ~~ '%(200%)%'::text))", "Rows Removed by Filter": 768619}, {"Node Type": "Hash", "Parent Relationship": "Inner", "Parallel Aware": true, "Startup Cost": 70460.14, "Total Cost": 70460.14, "Plan Rows": 1, "Plan Width": 20, "Actual Startup Time": 379.918, "Actual Total Time": 379.923, "Actual Rows": 6640, "Actual Loops": 3, "Hash Buckets": 32768, "Original Hash Buckets": 1024, "Hash Batches": 1, "Original Hash Batches": 1, "Peak Memory Usage": 1656, "Plans": [{"Node Type": "Hash Join", "Parent Relationship": "Outer", "Parallel Aware": true, "Join Type": "Inner", "Startup Cost": 53233.28, "Total Cost": 70460.14, "Plan Rows": 1, "Plan Width": 20, "Actual Startup Time": 241.348, "Actual Total Time": 356.385, "Actual Rows": 6640, "Actual Loops": 3, "Inner Unique": false, "Hash Cond": "(mi_idx.movie_id = t.id)", "Plans": [{"Node Type": "Seq Scan", "Parent Relationship": "Outer", "Parallel Aware": true, "Relation Name": "movie_info_idx", "Alias": "mi_idx", "Startup Cost": 0.0, "Total Cost": 15122.68, "Plan Rows": 561109, "Plan Width": 8, "Actual Startup Time": 0.015, "Actual Total Time": 78.229, "Actual Rows": 447629, "Actual Loops": 3, "Filter": "((info)::text < '8.5'::text)", "Rows Removed by Filter": 12383}, {"Node Type": "Hash", "Parent Relationship": "Inner", "Parallel Aware": true, "Startup Cost": 53233.27, "Total Cost": 53233.27, "Plan Rows": 1, "Plan Width": 12, "Actual Startup Time": 241.199, "Actual Total Time": 241.202, "Actual Rows": 4822, "Actual Loops": 3, "Hash Buckets": 16384, "Original Hash Buckets": 1024, "Hash Batches": 1, "Original Hash Batches": 1, "Peak Memory Usage": 984, "Plans": [{"Node Type": "Hash Join", "Parent Relationship": "Outer", "Parallel Aware": false, "Join Type": "Inner", "Startup Cost": 2478.48, "Total Cost": 53233.27, "Plan Rows": 1, "Plan Width": 12, "Actual Startup Time": 44.793, "Actual Total Time": 209.366, "Actual Rows": 4822, "Actual Loops": 3, "Inner Unique": false, "Hash Cond": "(t.id = cc.movie_id)", "Plans": [{"Node Type": "Seq Scan", "Parent Relationship": "Outer", "Parallel Aware": true, "Relation Name": "title", "Alias": "t", "Startup Cost": 0.0, "Total Cost": 49166.73, "Plan Rows": 423480, "Plan Width": 8, "Actual Startup Time": 0.007, "Actual Total Time": 106.79, "Actual Rows": 337640, "Actual Loops": 3, "Filter": "(production_year > 2005)", "Rows Removed by Filter": 505131}, {"Node Type": "Hash", "Parent Relationship": "Inner", "Parallel Aware": false, "Startup Cost": 2478.43, "Total Cost": 2478.43, "Plan Rows": 4, "Plan Width": 4, "Actual Startup Time": 44.763, "Actual Total Time": 44.765, "Actual Rows": 68062, "Actual Loops": 3, "Hash Buckets": 131072, "Original Hash Buckets": 1024, "Hash Batches": 1, "Original Hash Batches": 1, "Peak Memory Usage": 3417, "Plans": [{"Node Type": "Hash Join", "Parent Relationship": "Outer", "Parallel Aware": false, "Join Type": "Inner", "Startup Cost": 37.85, "Total Cost": 2478.43, "Plan Rows": 4, "Plan Width": 4, "Actual Startup Time": 0.038, "Actual Total Time": 37.08, "Actual Rows": 68062, "Actual Loops": 3, "Inner Unique": true, "Hash Cond": "(cc.status_id = cct2.id)", "Plans": [{"Node Type": "Hash Join", "Parent Relationship": "Outer", "Parallel Aware": false, "Join Type": "Inner", "Startup Cost": 18.93, "Total Cost": 2457.5, "Plan Rows": 761, "Plan Width": 8, "Actual Startup Time": 0.022, "Actual Total Time": 26.616, "Actual Rows": 85941, "Actual Loops": 3, "Inner Unique": true, "Hash Cond": "(cc.subject_id = cct1.id)", "Plans": [{"Node Type": "Seq Scan", "Parent Relationship": "Outer", "Parallel Aware": false, "Relation Name": "complete_cast", "Alias": "cc", "Startup Cost": 0.0, "Total Cost": 2081.86, "Plan Rows": 135086, "Plan Width": 12, "Actual Startup Time": 0.009, "Actual Total Time": 8.851, "Actual Rows": 135086, "Actual Loops": 3}, {"Node Type": "Hash", "Parent Relationship": "Inner", "Parallel Aware": false, "Startup Cost": 18.88, "Total Cost": 18.88, "Plan Rows": 4, "Plan Width": 4, "Actual Startup Time": 0.004, "Actual Total Time": 0.004, "Actual Rows": 1, "Actual Loops": 3, "Hash Buckets": 1024, "Original Hash Buckets": 1024, "Hash Batches": 1, "Original Hash Batches": 1, "Peak Memory Usage": 9, "Plans": [{"Node Type": "Seq Scan", "Parent Relationship": "Outer", "Parallel Aware": false, "Relation Name": "comp_cast_type", "Alias": "cct1", "Startup Cost": 0.0, "Total Cost": 18.88, "Plan Rows": 4, "Plan Width": 4, "Actual Startup Time": 0.002, "Actual Total Time": 0.002, "Actual Rows": 1, "Actual Loops": 3, "Filter": "((kind)::text = 'cast'::text)", "Rows Removed by Filter": 3}]}]}, {"Node Type": "Hash", "Parent Relationship": "Inner", "Parallel Aware": false, "Startup Cost": 18.88, "Total Cost": 18.88, "Plan Rows": 4, "Plan Width": 4, "Actual Startup Time": 0.008, "Actual Total Time": 0.008, "Actual Rows": 1, "Actual Loops": 3, "Hash Buckets": 1024, "Original Hash Buckets": 1024, "Hash Batches": 1, "Original Hash Batches": 1, "Peak Memory Usage": 9, "Plans": [{"Node Type": "Seq Scan", "Parent Relationship": "Outer", "Parallel Aware": false, "Relation Name": "comp_cast_type", "Alias": "cct2", "Startup Cost": 0.0, "Total Cost": 18.88, "Plan Rows": 4, "Plan Width": 4, "Actual Startup Time": 0.006, "Actual Total Time": 0.007, "Actual Rows": 1, "Actual Loops": 3, "Filter": "((kind)::text = 'complete'::text)", "Rows Removed by Filter": 3}]}]}]}]}]}]}]}]}]}]}, {"Node Type": "Hash", "Parent Relationship": "Inner", "Parallel Aware": false, "Startup Cost": 17.1, "Total Cost": 17.1, "Plan Rows": 710, "Plan Width": 4, "Actual Startup Time": 0.01, "Actual Total Time": 0.01, "Actual Rows": 4, "Actual Loops": 3, "Hash Buckets": 1024, "Original Hash Buckets": 1024, "Hash Batches": 1, "Original Hash Batches": 1, "Peak Memory Usage": 9, "Plans": [{"Node Type": "Seq Scan", "Parent Relationship": "Outer", "Parallel Aware": false, "Relation Name": "company_type", "Alias": "ct", "Startup Cost": 0.0, "Total Cost": 17.1, "Plan Rows": 710, "Plan Width": 4, "Actual Startup Time": 0.008, "Actual Total Time": 0.008, "Actual Rows": 4, "Actual Loops": 3}]}]}, {"Node Type": "Hash", "Parent Relationship": "Inner", "Parallel Aware": false, "Startup Cost": 22.75, "Total Cost": 22.75, "Plan Rows": 10, "Plan Width": 4, "Actual Startup Time": 0.023, "Actual Total Time": 0.024, "Actual Rows": 2, "Actual Loops": 3, "Hash Buckets": 1024, "Original Hash Buckets": 1024, "Hash Batches": 1, "Original Hash Batches": 1, "Peak Memory Usage": 9, "Plans": [{"Node Type": "Seq Scan", "Parent Relationship": "Outer", "Parallel Aware": false, "Relation Name": "kind_type", "Alias": "kt", "Startup Cost": 0.0, "Total Cost": 22.75, "Plan Rows": 10, "Plan Width": 4, "Actual Startup Time": 0.02, "Actual Total Time": 0.021, "Actual Rows": 2, "Actual Loops": 3, "Filter": "((kind)::text = ANY ('{movie,episode}'::text[]))", "Rows Removed by Filter": 5}]}]}]}]}, {"Node Type": "Hash", "Parent Relationship": "Inner", "Parallel Aware": false, "Startup Cost": 2961.55, "Total Cost": 2961.55, "Plan Rows": 4, "Plan Width": 4, "Actual Startup Time": 19.491, "Actual Total Time": 19.492, "Actual Rows": 3, "Actual Loops": 3, "Hash Buckets": 1024, "Original Hash Buckets": 1024, "Hash Batches": 1, "Original Hash Batches": 1, "Peak Memory Usage": 9, "Plans": [{"Node Type": "Seq Scan", "Parent Relationship": "Outer", "Parallel Aware": false, "Relation Name": "keyword", "Alias": "k", "Startup Cost": 0.0, "Total Cost": 2961.55, "Plan Rows": 4, "Plan Width": 4, "Actual Startup Time": 1.066, "Actual Total Time": 19.488, "Actual Rows": 3, "Actual Loops": 3, "Filter": "((keyword)::text = ANY ('{murder,murder-in-title,blood,violence}'::text[]))", "Rows Removed by Filter": 134167}]}]}]}]}]}, {"Node Type": "Hash", "Parent Relationship": "Inner", "Parallel Aware": false, "Startup Cost": 2.41, "Total Cost": 2.41, "Plan Rows": 1, "Plan Width": 4, "Actual Startup Time": 0.025, "Actual Total Time": 0.025, "Actual Rows": 1, "Actual Loops": 1, "Hash Buckets": 1024, "Original Hash Buckets": 1024, "Hash Batches": 1, "Original Hash Batches": 1, "Peak Memory Usage": 9, "Plans": [{"Node Type": "Seq Scan", "Parent Relationship": "Outer", "Parallel Aware": false, "Relation Name": "info_type", "Alias": "it1", "Startup Cost": 0.0, "Total Cost": 2.41, "Plan Rows": 1, "Plan Width": 4, "Actual Startup Time": 0.004, "Actual Total Time": 0.024, "Actual Rows": 1, "Actual Loops": 1, "Filter": "((info)::text = 'countries'::text)", "Rows Removed by Filter": 112}]}]}, {"Node Type": "Hash", "Parent Relationship": "Inner", "Parallel Aware": false, "Startup Cost": 2.41, "Total Cost": 2.41, "Plan Rows": 1, "Plan Width": 4, "Actual Startup Time": 0.024, "Actual Total Time": 0.024, "Actual Rows": 1, "Actual Loops": 1, "Hash Buckets": 1024, "Original Hash Buckets": 1024, "Hash Batches": 1, "Original Hash Batches": 1, "Peak Memory Usage": 9, "Plans": [{"Node Type": "Seq Scan", "Parent Relationship": "Outer", "Parallel Aware": false, "Relation Name": "info_type", "Alias": "it2", "Startup Cost": 0.0, "Total Cost": 2.41, "Plan Rows": 1, "Plan Width": 4, "Actual Startup Time": 0.021, "Actual Total Time": 0.022, "Actual Rows": 1, "Actual Loops": 1, "Filter": "((info)::text = 'rating'::text)", "Rows Removed by Filter": 112}]}]}]}, "Planning Time": 194.376, "Triggers": [], "Execution Time": 2298.961}]
[{"Bao": {"Bao prediction": 330.819, "Bao recommended hint": "(no hint)"}}, {"Plan": {"Node Type": "Aggregate", "Strategy": "Plain", "Partial Mode": "Simple", "Parallel Aware": false, "Startup Cost": 101499.5, "Total Cost": 101499.51, "Plan Rows": 1, "Plan Width": 8, "Actual Startup Time": 402.483, "Actual Total Time": 406.757, "Actual Rows": 1, "Actual Loops": 1, "Plans": [{"Node Type": "Nested Loop", "Parent Relationship": "Outer", "Parallel Aware": false, "Join Type": "Inner", "Startup Cost": 85657.89, "Total Cost": 101499.5, "Plan Rows": 1, "Plan Width": 0, "Actual Startup Time": 341.118, "Actual Total Time": 406.751, "Actual Rows": 8, "Actual Loops": 1, "Inner Unique": true, "Plans": [{"Node Type": "Gather", "Parent Relationship": "Outer", "Parallel Aware": false, "Startup Cost": 85657.75, "Total Cost": 101499.31, "Plan Rows": 1, "Plan Width": 4, "Actual Startup Time": 341.085, "Actual Total Time": 406.717, "Actual Rows": 24, "Actual Loops": 1, "Workers Planned": 2, "Workers Launched": 2, "Single Copy": false, "Plans": [{"Node Type": "Hash Join", "Parent Relationship": "Outer", "Parallel Aware": true, "Join Type": "Inner", "Startup Cost": 84657.75, "Total Cost": 100499.21, "Plan Rows": 1, "Plan Width": 4, "Actual Startup Time": 379.316, "Actual Total Time": 399.708, "Actual Rows": 8, "Actual Loops": 3, "Inner Unique": false, "Hash Cond": "(mi_idx1.movie_id = t1.id)", "Plans": [{"Node Type": "Seq Scan", "Parent Relationship": "Outer", "Parallel Aware": true, "Relation Name": "movie_info_idx", "Alias": "mi_idx1", "Startup Cost": 0.0, "Total Cost": 13685.15, "Plan Rows": 575015, "Plan Width": 8, "Actual Startup Time": 0.007, "Actual Total Time": 30.588, "Actual Rows": 460012, "Actual Loops": 3}, {"Node Type": "Hash", "Parent Relationship": "Inner", "Parallel Aware": true, "Startup Cost": 84657.74, "Total Cost": 84657.74, "Plan Rows": 1, "Plan Width": 12, "Actual Startup Time": 337.755, "Actual Total Time": 337.771, "Actual Rows": 3, "Actual Loops": 3, "Hash Buckets": 1024, "Original Hash Buckets": 1024, "Hash Batches": 1, "Original Hash Batches": 1, "Peak Memory Usage": 72, "Plans": [{"Node Type": "Nested Loop", "Parent Relationship": "Outer", "Parallel Aware": false, "Join Type": "Inner", "Startup Cost": 50919.57, "Total Cost": 84657.74, "Plan Rows": 1, "Plan Width": 12, "Actual Startup Time": 277.888, "Actual Total Time": 337.71, "Actual Rows": 3, "Actual Loops": 3, "Inner Unique": true, "Plans": [{"Node Type": "Hash Join", "Parent Relationship": "Outer", "Parallel Aware": true, "Join Type": "Inner", "Startup Cost": 50919.15, "Total Cost": 84657.29, "Plan Rows": 1, "Plan Width": 16, "Actual Startup Time": 218.403, "Actual Total Time": 337.658, "Actual Rows": 10, "Actual Loops": 3, "Inner Unique": false, "Hash Cond": "(mc1.movie_id = t1.id)", "Plans": [{"Node Type": "Seq Scan", "Parent Relationship": "Outer", "Parallel Aware": true, "Relation Name": "movie_companies", "Alias": "mc1", "Startup Cost": 0.0, "Total Cost": 29661.37, "Plan Rows": 1087137, "Plan Width": 8, "Actual Startup Time": 0.012, "Actual Total Time": 60.363, "Actual Rows": 869710, "Actual Loops": 3}, {"Node Type": "Hash", "Parent Relationship": "Inner", "Parallel Aware": true, "Startup Cost": 50919.14, "Total Cost": 50919.14, "Plan Rows": 1, "Plan Width": 8, "Actual Startup Time": 217.643, "Actual Total Time": 217.658, "Actual Rows": 4, "Actual Loops": 3, "Hash Buckets": 1024, "Original Hash Buckets": 1024, "Hash Batches": 1, "Original Hash Batches": 1, "Peak Memory Usage": 104, "Plans": [{"Node Type": "Nested Loop", "Parent Relationship": "Outer", "Parallel Aware": false, "Join Type": "Inner", "Startup Cost": 17176.91, "Total Cost": 50919.14, "Plan Rows": 1, "Plan Width": 8, "Actual Startup Time": 115.323, "Actual Total Time": 217.575, "Actual Rows": 4, "Actual Loops": 3, "Inner Unique": true, "Join Filter": "(kt1.id = t1.kind_id)", "Rows Removed by Join Filter": 0, "Plans": [{"Node Type": "Nested Loop", "Parent Relationship": "Outer", "Parallel Aware": false, "Join Type": "Inner", "Startup Cost": 17176.48, "Total Cost": 50914.65, "Plan Rows": 1, "Plan Width": 8, "Actual Startup Time": 115.31, "Actual Total Time": 217.546, "Actual Rows": 4, "Actual Loops": 3, "Inner Unique": true, "Plans": [{"Node Type": "Hash Join", "Parent Relationship": "Outer", "Parallel Aware": true, "Join Type": "Inner", "Startup Cost": 17176.06, "Total Cost": 50914.21, "Plan Rows": 1, "Plan Width": 12, "Actual Startup Time": 115.277, "Actual Total Time": 217.493, "Actual Rows": 4, "Actual Loops": 3, "Inner Unique": false, "Hash Cond": "(mc2.movie_id = t2.id)", "Plans": [{"Node Type": "Seq Scan", "Parent Relationship": "Outer", "Parallel Aware": true, "Relation Name": "movie_companies", "Alias": "mc2", "Startup Cost": 0.0, "Total Cost": 29661.37, "Plan Rows": 1087137, "Plan Width": 8, "Actual Startup Time": 0.016, "Actual Total Time": 62.642, "Actual Rows": 869710, "Actual Loops": 3}, {"Node Type": "Hash", "Parent Relationship": "Inner", "Parallel Aware": true, "Startup Cost": 17176.05, "Total Cost": 17176.05, "Plan Rows": 1, "Plan Width": 20, "Actual Startup Time": 94.305, "Actual Total Time": 94.317, "Actual Rows": 2, "Actual Loops": 3, "Hash Buckets": 1024, "Original Hash Buckets": 1024, "Hash Batches": 1, "Original Hash Batches": 1, "Peak Memory Usage": 72, "Plans": [{"Node Type": "Nested Loop", "Parent Relationship": "Outer", "Parallel Aware": false, "Join Type": "Inner", "Startup Cost": 860.69, "Total Cost": 17176.05, "Plan Rows": 1, "Plan Width": 20, "Actual Startup Time": 44.008, "Actual Total Time": 94.285, "Actual Rows": 2, "Actual Loops": 3, "Inner Unique": false, "Join Filter": "(kt2.id = t2.kind_id)", "Rows Removed by Join Filter": 0, "Plans": [{"Node Type": "Nested Loop", "Parent Relationship": "Outer", "Parallel Aware": false, "Join Type": "Inner", "Startup Cost": 860.69, "Total Cost": 17129.91, "Plan Rows": 1, "Plan Width": 20, "Actual Startup Time": 43.992, "Actual Total Time": 94.25, "Actual Rows": 2, "Actual Loops": 3, "Inner Unique": true, "Join Filter": "(ml.linked_movie_id = t2.id)", "Rows Removed by Join Filter": 0, "Plans": [{"Node Type": "Hash Join", "Parent Relationship": "Outer", "Parallel Aware": false, "Join Type": "Inner", "Startup Cost": 860.26, "Total Cost": 17128.43, "Plan Rows": 2, "Plan Width": 12, "Actual Startup Time": 9.802, "Actual Total Time": 94.096, "Actual Rows": 11, "Actual Loops": 3, "Inner Unique": true, "Hash Cond": "(ml.link_type_id = lt.id)", "Plans": [{"Node Type": "Hash Join", "Parent Relationship": "Outer", "Parallel Aware": false, "Join Type": "Inner", "Startup Cost": 840.36, "Total Cost": 17108.12, "Plan Rows": 158, "Plan Width": 16, "Actual Startup Time": 8.778, "Actual Total Time": 94.021, "Actual Rows": 362, "Actual Loops": 3, "Inner Unique": false, "Hash Cond": "(mi_idx2.movie_id = ml.linked_movie_id)", "Plans": [{"Node Type": "Hash Join", "Parent Relationship": "Outer", "Parallel Aware": false, "Join Type": "Inner", "Startup Cost": 2.43, "Total Cost": 15867.61, "Plan Rows": 2412, "Plan Width": 4, "Actual Startup Time": 0.105, "Actual Total Time": 83.955, "Actual Rows": 8530, "Actual Loops": 3, "Inner Unique": true, "Hash Cond": "(mi_idx2.info_type_id = it2.id)", "Plans": [{"Node Type": "Seq Scan", "Parent Relationship": "Outer", "Parallel Aware": true, "Relation Name": "movie_info_idx", "Alias": "mi_idx2", "Startup Cost": 0.0, "Total Cost": 15122.68, "Plan Rows": 272632, "Plan Width": 8, "Actual Startup Time": 0.017, "Actual Total Time": 70.744, "Actual Rows": 218320, "Actual Loops": 3, "Filter": "((info)::text < '3.0'::text)", "Rows Removed by Filter": 241691}, {"Node Type": "Hash", "Parent Relationship": "Inner", "Parallel Aware": false, "Startup Cost": 2.41, "Total Cost": 2.41, "Plan Rows": 1, "Plan Width": 4, "Actual Startup Time": 0.022, "Actual Total Time": 0.023, "Actual Rows": 1, "Actual Loops": 3, "Hash Buckets": 1024, "Original Hash Buckets": 1024, "Hash Batches": 1, "Original Hash Batches": 1, "Peak Memory Usage": 9, "Plans": [{"Node Type": "Seq Scan", "Parent Relationship": "Outer", "Parallel Aware": false, "Relation Name": "info_type", "Alias": "it2", "Startup Cost": 0.0, "Total Cost": 2.41, "Plan Rows": 1, "Plan Width": 4, "Actual Startup Time": 0.02, "Actual Total Time": 0.021, "Actual Rows": 1, "Actual Loops": 3, "Filter": "((info)::text = 'rating'::text)", "Rows Removed by Filter": 112}]}]}, {"Node Type": "Hash", "Parent Relationship": "Inner", "Parallel Aware": false, "Startup Cost": 462.97, "Total Cost": 462.97, "Plan Rows": 29997, "Plan Width": 12, "Actual Startup Time": 8.058, "Actual Total Time": 8.058, "Actual Rows": 29997, "Actual Loops": 3, "Hash Buckets": 32768, "Original Hash Buckets": 32768, "Hash Batches": 1, "Original Hash Batches": 1, "Peak Memory Usage": 1545, "Plans": [{"Node Type": "Seq Scan", "Parent Relationship": "Outer", "Parallel Aware": false, "Relation Name": "movie_link", "Alias": "ml", "Startup Cost": 0.0, "Total Cost": 462.97, "Plan Rows": 29997, "Plan Width": 12, "Actual Startup Time": 0.03, "Actual Total Time": 3.909, "Actual Rows": 29997, "Actual Loops": 3}]}]}, {"Node Type": "Hash", "Parent Relationship": "Inner", "Parallel Aware": false, "Startup Cost": 19.76, "Total Cost": 19.76, "Plan Rows": 11, "Plan Width": 4, "Actual Startup Time": 0.033, "Actual Total Time": 0.033, "Actual Rows": 2, "Actual Loops": 3, "Hash Buckets": 1024, "Original Hash Buckets": 1024, "Hash Batches": 1, "Original Hash Batches": 1, "Peak Memory Usage": 9, "Plans": [{"Node Type": "Seq Scan", "Parent Relationship": "Outer", "Parallel Aware": false, "Relation Name": "link_type", "Alias": "lt", "Startup Cost": 0.0, "Total Cost": 19.76, "Plan Rows": 11, "Plan Width": 4, "Actual Startup Time": 0.027, "Actual Total Time": 0.03, "Actual Rows": 2, "Actual Loops": 3, "Filter": "((link)::text = ANY ('{sequel,follows,\"followed by\"}'::text[]))", "Rows Removed by Filter": 16}]}]}, {"Node Type": "Index Scan", "Parent Relationship": "Inner", "Parallel Aware": false, "Scan Direction": "Forward", "Index Name": "title_pkey", "Relation Name": "title", "Alias": "t2", "Startup Cost": 0.43, "Total Cost": 0.73, "Plan Rows": 1, "Plan Width": 8, "Actual Startup Time": 0.012, "Actual Total Time": 0.012, "Actual Rows": 0, "Actual Loops": 34, "Index Cond": "(id = mi_idx2.movie_id)", "Rows Removed by Index Recheck": 0, "Filter": "((production_year >= 2005) AND (production_year <= 2008))", "Rows Removed by Filter": 1}]}, {"Node Type": "Nested Loop", "Parent Relationship": "Inner", "Parallel Aware": false, "Join Type": "Inner", "Startup Cost": 0.0, "Total Cost": 45.82, "Plan Rows": 25, "Plan Width": 8, "Actual Startup Time": 0.008, "Actual Total Time": 0.012, "Actual Rows": 1, "Actual Loops": 6, "Inner Unique": false, "Plans": [{"Node Type": "Seq Scan", "Parent Relationship": "Outer", "Parallel Aware": false, "Relation Name": "kind_type", "Alias": "kt2", "Startup Cost": 0.0, "Total Cost": 22.75, "Plan Rows": 5, "Plan Width": 4, "Actual Startup Time": 0.005, "Actual Total Time": 0.006, "Actual Rows": 1, "Actual Loops": 6, "Filter": "((kind)::text = 'tv series'::text)", "Rows Removed by Filter": 6}, {"Node Type": "Materialize", "Parent Relationship": "Inner", "Parallel Aware": false, "Startup Cost": 0.0, "Total Cost": 22.77, "Plan Rows": 5, "Plan Width": 4, "Actual Startup Time": 0.002, "Actual Total Time": 0.005, "Actual Rows": 1, "Actual Loops": 6, "Plans": [{"Node Type": "Seq Scan", "Parent Relationship": "Outer", "Parallel Aware": false, "Relation Name": "kind_type", "Alias": "kt1", "Startup Cost": 0.0, "Total Cost": 22.75, "Plan Rows": 5, "Plan Width": 4, "Actual Startup Time": 0.002, "Actual Total Time": 0.012, "Actual Rows": 1, "Actual Loops": 2, "Filter": "((kind)::text = 'tv series'::text)", "Rows Removed by Filter": 6}]}]}]}]}]}, {"Node Type": "Index Only Scan", "Parent Relationship": "Inner", "Parallel Aware": false, "Scan Direction": "Forward", "Index Name": "company_name_pkey", "Relation Name": "company_name", "Alias": "cn2", "Startup Cost": 0.42, "Total Cost": 0.44, "Plan Rows": 1, "Plan Width": 4, "Actual Startup Time": 0.013, "Actual Total Time": 0.013, "Actual Rows": 1, "Actual Loops": 11, "Index Cond": "(id = mc2.company_id)", "Rows Removed by Index Recheck": 0, "Heap Fetches": 11}]}, {"Node Type": "Index Scan", "Parent Relationship": "Inner", "Parallel Aware": false, "Scan Direction": "Forward", "Index Name": "title_pkey", "Relation Name": "title", "Alias": "t1", "Startup Cost": 0.43, "Total Cost": 4.47, "Plan Rows": 1, "Plan Width": 8, "Actual Startup Time": 0.006, "Actual Total Time": 0.006, "Actual Rows": 1, "Actual Loops": 11, "Index Cond": "(id = ml.movie_id)", "Rows Removed by Index Recheck": 0}]}]}]}, {"Node Type": "Index Scan", "Parent Relationship": "Inner", "Parallel Aware": false, "Scan Direction": "Forward", "Index Name": "company_name_pkey", "Relation Name": "company_name", "Alias": "cn1", "Startup Cost": 0.42, "Total Cost": 0.45, "Plan Rows": 1, "Plan Width": 4, "Actual Startup Time": 0.005, "Actual Total Time": 0.005, "Actual Rows": 0, "Actual Loops": 29, "Index Cond": "(id = mc1.company_id)", "Rows Removed by Index Recheck": 0, "Filter": "((country_code)::text = '[us]'::text)", "Rows Removed by Filter": 1}]}]}]}]}, {"Node Type": "Index Scan", "Parent Relationship": "Inner", "Parallel Aware": false, "Scan Direction": "Forward", "Index Name": "info_type_pkey", "Relation Name": "info_type", "Alias": "it1", "Startup Cost": 0.14, "Total Cost": 0.16, "Plan Rows": 1, "Plan Width": 4, "Actual Startup Time": 0.001, "Actual Total Time": 0.001, "Actual Rows": 0, "Actual Loops": 24, "Index Cond": "(id = mi_idx1.info_type_id)", "Rows Removed by Index Recheck": 0, "Filter": "((info)::text = 'rating'::text)", "Rows Removed by Filter": 1}]}]}, "Planning Time": 209.84, "Triggers": [], "Execution Time": 406.893}]
[{"Bao": {"Bao prediction": 2431.956, "Bao recommended hint": "SET enable_nestloop TO off; SET enable_mergejoin TO off; SET enable_indexscan TO off; "}}, {"Plan": {"Node Type": "Aggregate", "Strategy": "Plain", "Partial Mode": "Simple", "Parallel Aware": false, "Startup Cost": 1103727.59, "Total Cost": 1103727.6, "Plan Rows": 1, "Plan Width": 8, "Actual Startup Time": 5377.681, "Actual Total Time": 5475.762, "Actual Rows": 1, "Actual Loops": 1, "Plans": [{"Node Type": "Hash Join", "Parent Relationship": "Outer", "Parallel Aware": false, "Join Type": "Inner", "Startup Cost": 1103708.68, "Total Cost": 1103727.58, "Plan Rows": 1, "Plan Width": 0, "Actual Startup Time": 5375.714, "Actual Total Time": 5475.084, "Actual Rows": 16308, "Actual Loops": 1, "Inner Unique": false, "Hash Cond": "(cct2.id = cc.status_id)", "Plans": [{"Node Type": "Seq Scan", "Parent Relationship": "Outer", "Parallel Aware": false, "Relation Name": "comp_cast_type", "Alias": "cct2", "Startup Cost": 0.0, "Total Cost": 18.88, "Plan Rows": 4, "Plan Width": 4, "Actual Startup Time": 0.012, "Actual Total Time": 0.013, "Actual Rows": 1, "Actual Loops": 1, "Filter": "((kind)::text = 'complete+verified'::text)", "Rows Removed by Filter": 3}, {"Node Type": "Hash", "Parent Relationship": "Inner", "Parallel Aware": false, "Startup Cost": 1103708.67, "Total Cost": 1103708.67, "Plan Rows": 1, "Plan Width": 4, "Actual Startup Time": 5375.688, "Actual Total Time": 5473.768, "Actual Rows": 28022, "Actual Loops": 1, "Hash Buckets": 32768, "Original Hash Buckets": 1024, "Hash Batches": 1, "Original Hash Batches": 1, "Peak Memory Usage": 1242, "Plans": [{"Node Type": "Hash Join", "Parent Relationship": "Outer", "Parallel Aware": false, "Join Type": "Inner", "Startup Cost": 1103689.77, "Total Cost": 1103708.67, "Plan Rows": 1, "Plan Width": 4, "Actual Startup Time": 5369.796, "Actual Total Time": 5470.481, "Actual Rows": 28022, "Actual Loops": 1, "Inner Unique": false, "Hash Cond": "(cct1.id = cc.subject_id)", "Plans": [{"Node Type": "Seq Scan", "Parent Relationship": "Outer", "Parallel Aware": false, "Relation Name": "comp_cast_type", "Alias": "cct1", "Startup Cost": 0.0, "Total Cost": 18.88, "Plan Rows": 4, "Plan Width": 4, "Actual Startup Time": 0.002, "Actual Total Time": 0.006, "Actual Rows": 1, "Actual Loops": 1, "Filter": "((kind)::text = 'cast'::text)", "Rows Removed by Filter": 3}, {"Node Type": "Hash", "Parent Relationship": "Inner", "Parallel Aware": false, "Startup Cost": 1103689.76, "Total Cost": 1103689.76, "Plan Rows": 1, "Plan Width": 8, "Actual Startup Time": 5369.782, "Actual Total Time": 5467.861, "Actual Rows": 28022, "Actual Loops": 1, "Hash Buckets": 32768, "Original Hash Buckets": 1024, "Hash Batches": 1, "Original Hash Batches": 1, "Peak Memory Usage": 1351, "Plans": [{"Node Type": "Hash Join", "Parent Relationship": "Outer", "Parallel Aware": false, "Join Type": "Inner", "Startup Cost": 1101101.32, "Total Cost": 1103689.76, "Plan Rows": 1, "Plan Width": 8, "Actual Startup Time": 5344.535, "Actual Total Time": 5464.481, "Actual Rows": 28022, "Actual Loops": 1, "Inner Unique": false, "Hash Cond": "(cc.movie_id = t.id)", "Plans": [{"Node Type": "Seq Scan", "Parent Relationship": "Outer", "Parallel Aware": false, "Relation Name": "complete_cast", "Alias": "cc", "Startup Cost": 0.0, "Total Cost": 2081.86, "Plan Rows": 135086, "Plan Width": 12, "Actual Startup Time": 0.006, "Actual Total Time": 8.984, "Actual Rows": 135086, "Actual Loops": 1}, {"Node Type": "Hash", "Parent Relationship": "Inner", "Parallel Aware": false, "Startup Cost": 1101101.3, "Total Cost": 1101101.3, "Plan Rows": 1, "Plan Width": 20, "Actual Startup Time": 5343.63, "Actual Total Time": 5441.707, "Actual Rows": 33206, "Actual Loops": 1, "Hash Buckets": 65536, "Original Hash Buckets": 1024, "Hash Batches": 1, "Original Hash Batches": 1, "Peak Memory Usage": 2199, "Plans": [{"Node Type": "Gather", "Parent Relationship": "Outer", "Parallel Aware": false, "Startup Cost": 1096191.8, "Total Cost": 1101101.3, "Plan Rows": 1, "Plan Width": 20, "Actual Startup Time": 5322.72, "Actual Total Time": 5437.63, "Actual Rows": 33206, "Actual Loops": 1, "Workers Planned": 1, "Workers Launched": 1, "Single Copy": false, "Plans": [{"Node Type": "Hash Join", "Parent Relationship": "Outer", "Parallel Aware": true, "Join Type": "Inner", "Startup Cost": 1095191.8, "Total Cost": 1100101.2, "Plan Rows": 1, "Plan Width": 20, "Actual Startup Time": 5321.343, "Actual Total Time": 5332.003, "Actual Rows": 16603, "Actual Loops": 2, "Inner Unique": false, "Hash Cond": "(cn.id = mc.company_id)", "Plans": [{"Node Type": "Seq Scan", "Parent Relationship": "Outer", "Parallel Aware": true, "Relation Name": "company_name", "Alias": "cn", "Startup Cost": 0.0, "Total Cost": 4722.92, "Plan Rows": 49727, "Plan Width": 4, "Actual Startup Time": 0.023, "Actual Total Time": 16.375, "Actual Rows": 42422, "Actual Loops": 2, "Filter": "((country_code)::text = '[us]'::text)", "Rows Removed by Filter": 75077}, {"Node Type": "Hash", "Parent Relationship": "Inner", "Parallel Aware": true, "Startup Cost": 1095191.79, "Total Cost": 1095191.79, "Plan Rows": 1, "Plan Width": 24, "Actual Startup Time": 5295.082, "Actual Total Time": 5295.099, "Actual Rows": 84634, "Actual Loops": 2, "Hash Buckets": 65536, "Original Hash Buckets": 1024, "Hash Batches": 4, "Original Hash Batches": 1, "Peak Memory Usage": 3808, "Plans": [{"Node Type": "Hash Join", "Parent Relationship": "Outer", "Parallel Aware": true, "Join Type": "Inner", "Startup Cost": 1078631.83, "Total Cost": 1095191.79, "Plan Rows": 1, "Plan Width": 24, "Actual Startup Time": 5167.524, "Actual Total Time": 5242.834, "Actual Rows": 84634, "Actual Loops": 2, "Inner Unique": false, "Hash Cond": "(an.person_id = n.id)", "Plans": [{"Node Type": "Seq Scan", "Parent Relationship": "Outer", "Parallel Aware": true, "Relation Name": "aka_name", "Alias": "an", "Startup Cost": 0.0, "Total Cost": 15151.6, "Plan Rows": 375560, "Plan Width": 4, "Actual Startup Time": 0.007, "Actual Total Time": 33.718, "Actual Rows": 450672, "Actual Loops": 2}, {"Node Type": "Hash", "Parent Relationship": "Inner", "Parallel Aware": true, "Startup Cost": 1078631.82, "Total Cost": 1078631.82, "Plan Rows": 1, "Plan Width": 36, "Actual Startup Time": 5164.47, "Actual Total Time": 5164.486, "Actual Rows": 20839, "Actual Loops": 2, "Hash Buckets": 65536, "Original Hash Buckets": 1024, "Hash Batches": 1, "Original Hash Batches": 1, "Peak Memory Usage": 3992, "Plans": [{"Node Type": "Hash Join", "Parent Relationship": "Outer", "Parallel Aware": false, "Join Type": "Inner", "Startup Cost": 822798.79, "Total Cost": 1078631.82, "Plan Rows": 1, "Plan Width": 36, "Actual Startup Time": 4369.736, "Actual Total Time": 5135.657, "Actual Rows": 20839, "Actual Loops": 2, "Inner Unique": true, "Hash Cond": "(pi.info_type_id = it3.id)", "Plans": [{"Node Type": "Hash Join", "Parent Relationship": "Outer", "Parallel Aware": false, "Join Type": "Inner", "Startup Cost": 822796.37, "Total Cost": 1078629.39, "Plan Rows": 1, "Plan Width": 40, "Actual Startup Time": 4369.628, "Actual Total Time": 5128.587, "Actual Rows": 83829, "Actual Loops": 2, "Inner Unique": true, "Hash Cond": "(mi.info_type_id = it.id)", "Plans": [{"Node Type": "Hash Join", "Parent Relationship": "Outer", "Parallel Aware": true, "Join Type": "Inner", "Startup Cost": 822793.94, "Total Cost": 1078626.96, "Plan Rows": 1, "Plan Width": 44, "Actual Startup Time": 4369.6, "Actual Total Time": 5115.184, "Actual Rows": 83829, "Actual Loops": 2, "Inner Unique": false, "Hash Cond": "(mi.movie_id = t.id)", "Plans": [{"Node Type": "Seq Scan", "Parent Relationship": "Outer", "Parallel Aware": true, "Relation Name": "movie_info", "Alias": "mi", "Startup Cost": 0.0, "Total Cost": 255356.52, "Plan Rows": 127064, "Plan Width": 8, "Actual Startup Time": 122.136, "Actual Total Time": 1178.92, "Actual Rows": 225552, "Actual Loops": 2, "Filter": "((info IS NOT NULL) AND (((info)::text ~~ 'Japan:%200%'::text) OR ((info)::text ~~ 'USA:%200%'::text)))", "Rows Removed by Filter": 7192308}, {"Node Type": "Hash", "Parent Relationship": "Inner", "Parallel Aware": true, "Startup Cost": 822793.93, "Total Cost": 822793.93, "Plan Rows": 1, "Plan Width": 36, "Actual Startup Time": 3894.876, "Actual Total Time": 3894.889, "Actual Rows": 33742, "Actual Loops": 2, "Hash Buckets": 131072, "Original Hash Buckets": 1024, "Hash Batches": 1, "Original Hash Batches": 1, "Peak Memory Usage": 6840, "Plans": [{"Node Type": "Hash Join", "Parent Relationship": "Outer", "Parallel Aware": true, "Join Type": "Inner", "Startup Cost": 768354.05, "Total Cost": 822793.93, "Plan Rows": 1, "Plan Width": 36, "Actual Startup Time": 3610.528, "Actual Total Time": 3850.804, "Actual Rows": 33742, "Actual Loops": 2, "Inner Unique": false, "Hash Cond": "(chn.id = ci.person_role_id)", "Plans": [{"Node Type": "Seq Scan", "Parent Relationship": "Outer", "Parallel Aware": true, "Relation Name": "char_name", "Alias": "chn", "Startup Cost": 0.0, "Total Cost": 49533.0, "Plan Rows": 1308500, "Plan Width": 4, "Actual Startup Time": 0.017, "Actual Total Time": 119.688, "Actual Rows": 1570170, "Actual Loops": 2}, {"Node Type": "Hash", "Parent Relationship": "Inner", "Parallel Aware": true, "Startup Cost": 768354.04, "Total Cost": 768354.04, "Plan Rows": 1, "Plan Width": 40, "Actual Startup Time": 3606.14, "Actual Total Time": 3606.152, "Actual Rows": 35604, "Actual Loops": 2, "Hash Buckets": 131072, "Original Hash Buckets": 1024, "Hash Batches": 1, "Original Hash Batches": 1, "Peak Memory Usage": 6840, "Plans": [{"Node Type": "Hash Join", "Parent Relationship": "Outer", "Parallel Aware": true, "Join Type": "Inner", "Startup Cost": 686630.55, "Total Cost": 768354.04, "Plan Rows": 1, "Plan Width": 40, "Actual Startup Time": 3561.529, "Actual Total Time": 3588.933, "Actual Rows": 35604, "Actual Loops": 2, "Inner Unique": false, "Hash Cond": "(n.id = ci.person_id)", "Plans": [{"Node Type": "Seq Scan", "Parent Relationship": "Outer", "Parallel Aware": true, "Relation Name": "name", "Alias": "n", "Startup Cost": 0.0, "Total Cost": 81662.21, "Plan Rows": 16337, "Plan Width": 4, "Actual Startup Time": 120.747, "Actual Total Time": 292.568, "Actual Rows": 25006, "Actual Loops": 2, "Filter": "(((name)::text ~~ '%An%'::text) AND ((gender)::text = 'f'::text))", "Rows Removed by Filter": 2058740}, {"Node Type": "Hash", "Parent Relationship": "Inner", "Parallel Aware": true, "Startup Cost": 686630.53, "Total Cost": 686630.53, "Plan Rows": 2, "Plan Width": 36, "Actual Startup Time": 3258.659, "Actual Total Time": 3258.668, "Actual Rows": 295454, "Actual Loops": 2, "Hash Buckets": 65536, "Original Hash Buckets": 1024, "Hash Batches": 32, "Original Hash Batches": 1, "Peak Memory Usage": 3968, "Plans": [{"Node Type": "Hash Join", "Parent Relationship": "Outer", "Parallel Aware": false, "Join Type": "Inner", "Startup Cost": 618583.97, "Total Cost": 686630.53, "Plan Rows": 2, "Plan Width": 36, "Actual Startup Time": 2690.509, "Actual Total Time": 3135.298, "Actual Rows": 295454, "Actual Loops": 2, "Inner Unique": true, "Hash Cond": "(ci.role_id = rt.id)", "Plans": [{"Node Type": "Hash Join", "Parent Relationship": "Outer", "Parallel Aware": true, "Join Type": "Inner", "Startup Cost": 618565.05, "Total Cost": 686610.84, "Plan Rows": 288, "Plan Width": 40, "Actual Startup Time": 2690.482, "Actual Total Time": 3055.413, "Actual Rows": 919074, "Actual Loops": 2, "Inner Unique": false, "Hash Cond": "(pi.person_id = ci.person_id)", "Plans": [{"Node Type": "Seq Scan", "Parent Relationship": "Outer", "Parallel Aware": true, "Relation Name": "person_info", "Alias": "pi", "Startup Cost": 0.0, "Total Cost": 63409.96, "Plan Rows": 1235896, "Plan Width": 8, "Actual Startup Time": 0.004, "Actual Total Time": 126.624, "Actual Rows": 1481832, "Actual Loops": 2}, {"Node Type": "Hash", "Parent Relationship": "Inner", "Parallel Aware": true, "Startup Cost": 618564.9, "Total Cost": 618564.9, "Plan Rows": 12, "Plan Width": 32, "Actual Startup Time": 2690.112, "Actual Total Time": 2690.119, "Actual Rows": 33537, "Actual Loops": 2, "Hash Buckets": 131072, "Original Hash Buckets": 1024, "Hash Batches": 1, "Original Hash Batches": 1, "Peak Memory Usage": 6264, "Plans": [{"Node Type": "Hash Join", "Parent Relationship": "Outer", "Parallel Aware": true, "Join Type": "Inner", "Startup Cost": 138048.79, "Total Cost": 618564.9, "Plan Rows": 12, "Plan Width": 32, "Actual Startup Time": 797.635, "Actual Total Time": 2668.421, "Actual Rows": 33537, "Actual Loops": 2, "Inner Unique": false, "Hash Cond": "(ci.movie_id = t.id)", "Plans": [{"Node Type": "Seq Scan", "Parent Relationship": "Outer", "Parallel Aware": true, "Relation Name": "cast_info", "Alias": "ci", "Startup Cost": 0.0, "Total Cost": 479115.98, "Plan Rows": 373356, "Plan Width": 16, "Actual Startup Time": 0.029, "Actual Total Time": 1836.962, "Actual Rows": 433738, "Actual Loops": 2, "Filter": "((note)::text = ANY ('{(voice),\"(voice: Japanese version)\",\"(voice) (uncredited)\",\"(voice: English version)\"}'::text[]))", "Rows Removed by Filter": 17688434}, {"Node Type": "Hash", "Parent Relationship": "Inner", "Parallel Aware": true, "Startup Cost": 138048.37, "Total Cost": 138048.37, "Plan Rows": 33, "Plan Width": 16, "Actual Startup Time": 796.789, "Actual Total Time": 796.794, "Actual Rows": 1218, "Actual Loops": 2, "Hash Buckets": 2048, "Original Hash Buckets": 1024, "Hash Batches": 1, "Original Hash Batches": 1, "Peak Memory Usage": 184, "Plans": [{"Node Type": "Hash Join", "Parent Relationship": "Outer", "Parallel Aware": true, "Join Type": "Inner", "Startup Cost": 84617.69, "Total Cost": 138048.37, "Plan Rows": 33, "Plan Width": 16, "Actual Startup Time": 630.121, "Actual Total Time": 783.467, "Actual Rows": 1218, "Actual Loops": 2, "Inner Unique": false, "Hash Cond": "(t.id = mc.movie_id)", "Plans": [{"Node Type": "Seq Scan", "Parent Relationship": "Outer", "Parallel Aware": true, "Relation Name": "title", "Alias": "t", "Startup Cost": 0.0, "Total Cost": 51800.47, "Plan Rows": 434685, "Plan Width": 4, "Actual Startup Time": 0.023, "Actual Total Time": 132.272, "Actual Rows": 521400, "Actual Loops": 2, "Filter": "((production_year >= 2000) AND (production_year <= 2010))", "Rows Removed by Filter": 742756}, {"Node Type": "Hash", "Parent Relationship": "Inner", "Parallel Aware": true, "Startup Cost": 84616.69, "Total Cost": 84616.69, "Plan Rows": 80, "Plan Width": 12, "Actual Startup Time": 616.898, "Actual Total Time": 616.902, "Actual Rows": 1609, "Actual Loops": 2, "Hash Buckets": 4096, "Original Hash Buckets": 1024, "Hash Batches": 1, "Original Hash Batches": 1, "Peak Memory Usage": 248, "Plans": [{"Node Type": "Hash Join", "Parent Relationship": "Outer", "Parallel Aware": true, "Join Type": "Inner", "Startup Cost": 50878.23, "Total Cost": 84616.69, "Plan Rows": 80, "Plan Width": 12, "Actual Startup Time": 363.143, "Actual Total Time": 586.211, "Actual Rows": 1609, "Actual Loops": 2, "Inner Unique": false, "Hash Cond": "(mc.movie_id = mk.movie_id)", "Plans": [{"Node Type": "Seq Scan", "Parent Relationship": "Outer", "Parallel Aware": true, "Relation Name": "movie_companies", "Alias": "mc", "Startup Cost": 0.0, "Total Cost": 29661.37, "Plan Rows": 1087137, "Plan Width": 8, "Actual Startup Time": 0.011, "Actual Total Time": 107.625, "Actual Rows": 1304564, "Actual Loops": 2}, {"Node Type": "Hash", "Parent Relationship": "Inner", "Parallel Aware": true, "Startup Cost": 50878.05, "Total Cost": 50878.05, "Plan Rows": 14, "Plan Width": 4, "Actual Startup Time": 359.849, "Actual Total Time": 359.851, "Actual Rows": 207, "Actual Loops": 2, "Hash Buckets": 1024, "Original Hash Buckets": 1024, "Hash Batches": 1, "Original Hash Batches": 1, "Peak Memory Usage": 72, "Plans": [{"Node Type": "Hash Join", "Parent Relationship": "Outer", "Parallel Aware": false, "Join Type": "Inner", "Startup Cost": 2626.14, "Total Cost": 50878.05, "Plan Rows": 14, "Plan Width": 4, "Actual Startup Time": 15.744, "Actual Total Time": 359.659, "Actual Rows": 207, "Actual Loops": 2, "Inner Unique": true, "Hash Cond": "(mk.keyword_id = k.id)", "Plans": [{"Node Type": "Seq Scan", "Parent Relationship": "Outer", "Parallel Aware": true, "Relation Name": "movie_keyword", "Alias": "mk", "Startup Cost": 0.0, "Total Cost": 43303.71, "Plan Rows": 1884971, "Plan Width": 8, "Actual Startup Time": 0.016, "Actual Total Time": 169.976, "Actual Rows": 2261965, "Actual Loops": 2}, {"Node Type": "Hash", "Parent Relationship": "Inner", "Parallel Aware": false, "Startup Cost": 2626.12, "Total Cost": 2626.12, "Plan Rows": 1, "Plan Width": 4, "Actual Startup Time": 13.248, "Actual Total Time": 13.248, "Actual Rows": 1, "Actual Loops": 2, "Hash Buckets": 1024, "Original Hash Buckets": 1024, "Hash Batches": 1, "Original Hash Batches": 1, "Peak Memory Usage": 9, "Plans": [{"Node Type": "Seq Scan", "Parent Relationship": "Outer", "Parallel Aware": false, "Relation Name": "keyword", "Alias": "k", "Startup Cost": 0.0, "Total Cost": 2626.12, "Plan Rows": 1, "Plan Width": 4, "Actual Startup Time": 0.062, "Actual Total Time": 13.245, "Actual Rows": 1, "Actual Loops": 2, "Filter": "((keyword)::text = 'computer-animation'::text)", "Rows Removed by Filter": 134169}]}]}]}]}]}]}]}]}]}]}, {"Node Type": "Hash", "Parent Relationship": "Inner", "Parallel Aware": false, "Startup Cost": 18.88, "Total Cost": 18.88, "Plan Rows": 4, "Plan Width": 4, "Actual Startup Time": 0.016, "Actual Total Time": 0.017, "Actual Rows": 1, "Actual Loops": 2, "Hash Buckets": 1024, "Original Hash Buckets": 1024, "Hash Batches": 1, "Original Hash Batches": 1, "Peak Memory Usage": 9, "Plans": [{"Node Type": "Seq Scan", "Parent Relationship": "Outer", "Parallel Aware": false, "Relation Name": "role_type", "Alias": "rt", "Startup Cost": 0.0, "Total Cost": 18.88, "Plan Rows": 4, "Plan Width": 4, "Actual Startup Time": 0.013, "Actual Total Time": 0.014, "Actual Rows": 1, "Actual Loops": 2, "Filter": "((role)::text = 'actress'::text)", "Rows Removed by Filter": 11}]}]}]}]}]}]}]}]}, {"Node Type": "Hash", "Parent Relationship": "Inner", "Parallel Aware": false, "Startup Cost": 2.41, "Total Cost": 2.41, "Plan Rows": 1, "Plan Width": 4, "Actual Startup Time": 0.017, "Actual Total Time": 0.018, "Actual Rows": 1, "Actual Loops": 2, "Hash Buckets": 1024, "Original Hash Buckets": 1024, "Hash Batches": 1, "Original Hash Batches": 1, "Peak Memory Usage": 9, "Plans": [{"Node Type": "Seq Scan", "Parent Relationship": "Outer", "Parallel Aware": false, "Relation Name": "info_type", "Alias": "it", "Startup Cost": 0.0, "Total Cost": 2.41, "Plan Rows": 1, "Plan Width": 4, "Actual Startup Time": 0.008, "Actual Total Time": 0.015, "Actual Rows": 1, "Actual Loops": 2, "Filter": "((info)::text = 'release dates'::text)", "Rows Removed by Filter": 112}]}]}, {"Node Type": "Hash", "Parent Relationship": "Inner", "Parallel Aware": false, "Startup Cost": 2.41, "Total Cost": 2.41, "Plan Rows": 1, "Plan Width": 4, "Actual Startup Time": 0.027, "Actual Total Time": 0.028, "Actual Rows": 1, "Actual Loops": 2, "Hash Buckets": 1024, "Original Hash Buckets": 1024, "Hash Batches": 1, "Original Hash Batches": 1, "Peak Memory Usage": 9, "Plans": [{"Node Type": "Seq Scan", "Parent Relationship": "Outer", "Parallel Aware": false, "Relation Name": "info_type", "Alias": "it3", "Startup Cost": 0.0, "Total Cost": 2.41, "Plan Rows": 1, "Plan Width": 4, "Actual Startup Time": 0.016, "Actual Total Time": 0.023, "Actual Rows": 1, "Actual Loops": 2, "Filter": "((info)::text = 'trivia'::text)", "Rows Removed by Filter": 112}]}]}]}]}]}]}]}]}]}]}]}]}]}]}, "Planning Time": 294.332, "Triggers": [], "Execution Time": 5476.027}]
[{"Bao": {"Bao prediction": 1366.32, "Bao recommended hint": "(no hint)"}}, {"Plan": {"Node Type": "Aggregate", "Strategy": "Plain", "Partial Mode": "Finalize", "Parallel Aware": false, "Startup Cost": 499622.06, "Total Cost": 499622.07, "Plan Rows": 1, "Plan Width": 8, "Actual Startup Time": 1328.533, "Actual Total Time": 1357.804, "Actual Rows": 1, "Actual Loops": 1, "Plans": [{"Node Type": "Gather", "Parent Relationship": "Outer", "Parallel Aware": false, "Startup Cost": 499621.85, "Total Cost": 499622.06, "Plan Rows": 2, "Plan Width": 8, "Actual Startup Time": 1328.304, "Actual Total Time": 1357.8, "Actual Rows": 3, "Actual Loops": 1, "Workers Planned": 2, "Workers Launched": 2, "Single Copy": false, "Plans": [{"Node Type": "Aggregate", "Strategy": "Plain", "Partial Mode": "Partial", "Parent Relationship": "Outer", "Parallel Aware": false, "Startup Cost": 498621.85, "Total Cost": 498621.86, "Plan Rows": 1, "Plan Width": 8, "Actual Startup Time": 1325.843, "Actual Total Time": 1325.849, "Actual Rows": 1, "Actual Loops": 3, "Plans": [{"Node Type": "Nested Loop", "Parent Relationship": "Outer", "Parallel Aware": false, "Join Type": "Inner", "Startup Cost": 482053.13, "Total Cost": 498621.85, "Plan Rows": 1, "Plan Width": 0, "Actual Startup Time": 1317.773, "Actual Total Time": 1325.845, "Actual Rows": 2, "Actual Loops": 3, "Inner Unique": true, "Plans": [{"Node Type": "Nested Loop", "Parent Relationship": "Outer", "Parallel Aware": false, "Join Type": "Inner", "Startup Cost": 482052.7, "Total Cost": 498619.64, "Plan Rows": 1, "Plan Width": 8, "Actual Startup Time": 1317.751, "Actual Total Time": 1325.798, "Actual Rows": 8, "Actual Loops": 3, "Inner Unique": true, "Plans": [{"Node Type": "Nested Loop", "Parent Relationship": "Outer", "Parallel Aware": false, "Join Type": "Inner", "Startup Cost": 482052.27, "Total Cost": 498618.87, "Plan Rows": 1, "Plan Width": 16, "Actual Startup Time": 1273.852, "Actual Total Time": 1324.053, "Actual Rows": 915, "Actual Loops": 3, "Inner Unique": true, "Plans": [{"Node Type": "Hash Join", "Parent Relationship": "Outer", "Parallel Aware": true, "Join Type": "Inner", "Startup Cost": 482051.85, "Total Cost": 498611.8, "Plan Rows": 1, "Plan Width": 20, "Actual Startup Time": 1273.826, "Actual Total Time": 1322.401, "Actual Rows": 917, "Actual Loops": 3, "Inner Unique": false, "Hash Cond": "(an.person_id = ci.person_id)", "Plans": [{"Node Type": "Seq Scan", "Parent Relationship": "Outer", "Parallel Aware": true, "Relation Name": "aka_name", "Alias": "an", "Startup Cost": 0.0, "Total Cost": 15151.6, "Plan Rows": 375560, "Plan Width": 4, "Actual Startup Time": 0.035, "Actual Total Time": 24.499, "Actual Rows": 300448, "Actual Loops": 3}, {"Node Type": "Hash", "Parent Relationship": "Inner", "Parallel Aware": true, "Startup Cost": 482051.83, "Total Cost": 482051.83, "Plan Rows": 1, "Plan Width": 16, "Actual Startup Time": 1272.115, "Actual Total Time": 1272.119, "Actual Rows": 360, "Actual Loops": 3, "Hash Buckets": 1024, "Original Hash Buckets": 1024, "Hash Batches": 1, "Original Hash Batches": 1, "Peak Memory Usage": 104, "Plans": [{"Node Type": "Hash Join", "Parent Relationship": "Outer", "Parallel Aware": true, "Join Type": "Inner", "Startup Cost": 441518.14, "Total Cost": 482051.83, "Plan Rows": 1, "Plan Width": 16, "Actual Startup Time": 1163.548, "Actual Total Time": 1271.979, "Actual Rows": 360, "Actual Loops": 3, "Inner Unique": false, "Hash Cond": "(mc.movie_id = ci.movie_id)", "Plans": [{"Node Type": "Seq Scan", "Parent Relationship": "Outer", "Parallel Aware": true, "Relation Name": "movie_companies", "Alias": "mc", "Startup Cost": 0.0, "Total Cost": 40532.74, "Plan Rows": 251, "Plan Width": 8, "Actual Startup Time": 0.062, "Actual Total Time": 109.61, "Actual Rows": 2856, "Actual Loops": 3, "Filter": "(((note)::text ~~ '%(Japan)%'::text) AND ((note)::text !~~ '%(USA)%'::text) AND (((note)::text ~~ '%(2006)%'::text) OR ((note)::text ~~ '%(2007)%'::text)))", "Rows Removed by Filter": 866853}, {"Node Type": "Hash", "Parent Relationship": "Inner", "Parallel Aware": true, "Startup Cost": 441514.99, "Total Cost": 441514.99, "Plan Rows": 252, "Plan Width": 8, "Actual Startup Time": 1161.734, "Actual Total Time": 1161.737, "Actual Rows": 11616, "Actual Loops": 3, "Hash Buckets": 65536, "Original Hash Buckets": 1024, "Hash Batches": 1, "Original Hash Batches": 1, "Peak Memory Usage": 2424, "Plans": [{"Node Type": "Hash Join", "Parent Relationship": "Outer", "Parallel Aware": false, "Join Type": "Inner", "Startup Cost": 18.93, "Total Cost": 441514.99, "Plan Rows": 252, "Plan Width": 8, "Actual Startup Time": 324.988, "Actual Total Time": 922.112, "Actual Rows": 11616, "Actual Loops": 3, "Inner Unique": true, "Hash Cond": "(ci.role_id = rt.id)", "Plans": [{"Node Type": "Seq Scan", "Parent Relationship": "Outer", "Parallel Aware": true, "Relation Name": "cast_info", "Alias": "ci", "Startup Cost": 0.0, "Total Cost": 441377.81, "Plan Rows": 44782, "Plan Width": 12, "Actual Startup Time": 0.382, "Actual Total Time": 918.917, "Actual Rows": 31032, "Actual Loops": 3, "Filter": "((note)::text = '(voice: English version)'::text)", "Rows Removed by Filter": 12050416}, {"Node Type": "Hash", "Parent Relationship": "Inner", "Parallel Aware": false, "Startup Cost": 18.88, "Total Cost": 18.88, "Plan Rows": 4, "Plan Width": 4, "Actual Startup Time": 0.02, "Actual Total Time": 0.02, "Actual Rows": 1, "Actual Loops": 3, "Hash Buckets": 1024, "Original Hash Buckets": 1024, "Hash Batches": 1, "Original Hash Batches": 1, "Peak Memory Usage": 9, "Plans": [{"Node Type": "Seq Scan", "Parent Relationship": "Outer", "Parallel Aware": false, "Relation Name": "role_type", "Alias": "rt", "Startup Cost": 0.0, "Total Cost": 18.88, "Plan Rows": 4, "Plan Width": 4, "Actual Startup Time": 0.014, "Actual Total Time": 0.015, "Actual Rows": 1, "Actual Loops": 3, "Filter": "((role)::text = 'actress'::text)", "Rows Removed by Filter": 11}]}]}]}]}]}]}, {"Node Type": "Index Scan", "Parent Relationship": "Inner", "Parallel Aware": false, "Scan Direction": "Forward", "Index Name": "company_name_pkey", "Relation Name": "company_name", "Alias": "cn", "Startup Cost": 0.42, "Total Cost": 7.06, "Plan Rows": 1, "Plan Width": 4, "Actual Startup Time": 0.002, "Actual Total Time": 0.002, "Actual Rows": 1, "Actual Loops": 2751, "Index Cond": "(id = mc.company_id)", "Rows Removed by Index Recheck": 0, "Filter": "((country_code)::text = '[jp]'::text)", "Rows Removed by Filter": 0}]}, {"Node Type": "Index Scan", "Parent Relationship": "Inner", "Parallel Aware": false, "Scan Direction": "Forward", "Index Name": "name_pkey", "Relation Name": "name", "Alias": "n", "Startup Cost": 0.43, "Total Cost": 0.77, "Plan Rows": 1, "Plan Width": 4, "Actual Startup Time": 0.002, "Actual Total Time": 0.002, "Actual Rows": 0, "Actual Loops": 2745, "Index Cond": "(id = an.person_id)", "Rows Removed by Index Recheck": 0, "Filter": "(((name)::text ~~ '%Yo%'::text) AND ((name)::text !~~ '%Yu%'::text))", "Rows Removed by Filter": 1}]}, {"Node Type": "Index Scan", "Parent Relationship": "Inner", "Parallel Aware": false, "Scan Direction": "Forward", "Index Name": "title_pkey", "Relation Name": "title", "Alias": "t", "Startup Cost": 0.43, "Total Cost": 2.13, "Plan Rows": 1, "Plan Width": 4, "Actual Startup Time": 0.005, "Actual Total Time": 0.005, "Actual Rows": 0, "Actual Loops": 25, "Index Cond": "(id = ci.movie_id)", "Rows Removed by Index Recheck": 0, "Filter": "((production_year >= 2006) AND (production_year <= 2007) AND (((title)::text ~~ 'One Piece%'::text) OR ((title)::text ~~ 'Dragon Ball Z%'::text)))", "Rows Removed by Filter": 1}]}]}]}]}, "Planning Time": 79.339, "Triggers": [], "Execution Time": 1357.896}]
[{"Bao": {"Bao prediction": 2192.326, "Bao recommended hint": "(no hint)"}}, {"Plan": {"Node Type": "Aggregate", "Strategy": "Plain", "Partial Mode": "Simple", "Parallel Aware": false, "Startup Cost": 290311.73, "Total Cost": 290311.74, "Plan Rows": 1, "Plan Width": 8, "Actual Startup Time": 3396.169, "Actual Total Time": 3428.483, "Actual Rows": 1, "Actual Loops": 1, "Plans": [{"Node Type": "Gather", "Parent Relationship": "Outer", "Parallel Aware": false, "Startup Cost": 48897.35, "Total Cost": 290311.73, "Plan Rows": 1, "Plan Width": 0, "Actual Startup Time": 1622.14, "Actual Total Time": 3422.779, "Actual Rows": 111101, "Actual Loops": 1, "Workers Planned": 2, "Workers Launched": 2, "Single Copy": false, "Plans": [{"Node Type": "Nested Loop", "Parent Relationship": "Outer", "Parallel Aware": false, "Join Type": "Inner", "Startup Cost": 47897.35, "Total Cost": 289311.63, "Plan Rows": 1, "Plan Width": 0, "Actual Startup Time": 1611.49, "Actual Total Time": 3381.323, "Actual Rows": 37034, "Actual Loops": 3, "Inner Unique": true, "Plans": [{"Node Type": "Nested Loop", "Parent Relationship": "Outer", "Parallel Aware": false, "Join Type": "Inner", "Startup Cost": 47897.2, "Total Cost": 289311.28, "Plan Rows": 2, "Plan Width": 4, "Actual Startup Time": 1559.492, "Actual Total Time": 3338.73, "Actual Rows": 44730, "Actual Loops": 3, "Inner Unique": true, "Plans": [{"Node Type": "Nested Loop", "Parent Relationship": "Outer", "Parallel Aware": false, "Join Type": "Inner", "Startup Cost": 47896.77, "Total Cost": 289310.36, "Plan Rows": 2, "Plan Width": 12, "Actual Startup Time": 1559.474, "Actual Total Time": 3250.315, "Actual Rows": 44730, "Actual Loops": 3, "Inner Unique": true, "Plans": [{"Node Type": "Hash Join", "Parent Relationship": "Outer", "Parallel Aware": true, "Join Type": "Inner", "Startup Cost": 47896.35, "Total Cost": 289289.85, "Plan Rows": 46, "Plan Width": 16, "Actual Startup Time": 1558.843, "Actual Total Time": 1832.503, "Actual Rows": 834997, "Actual Loops": 3, "Inner Unique": false, "Hash Cond": "(mi.movie_id = mc.movie_id)", "Plans": [{"Node Type": "Hash Join", "Parent Relationship": "Outer", "Parallel Aware": false, "Join Type": "Inner", "Startup Cost": 2.43, "Total Cost": 241189.17, "Plan Rows": 55082, "Plan Width": 4, "Actual Startup Time": 224.184, "Actual Total Time": 900.151, "Actual Rows": 1012240, "Actual Loops": 3, "Inner Unique": true, "Hash Cond": "(mi.info_type_id = it2.id)", "Plans": [{"Node Type": "Seq Scan", "Parent Relationship": "Outer", "Parallel Aware": true, "Relation Name": "movie_info", "Alias": "mi", "Startup Cost": 0.0, "Total Cost": 224235.35, "Plan Rows": 6224235, "Plan Width": 8, "Actual Startup Time": 0.017, "Actual Total Time": 425.97, "Actual Rows": 4945240, "Actual Loops": 3}, {"Node Type": "Hash", "Parent Relationship": "Inner", "Parallel Aware": false, "Startup Cost": 2.41, "Total Cost": 2.41, "Plan Rows": 1, "Plan Width": 4, "Actual Startup Time": 0.019, "Actual Total Time": 0.019, "Actual Rows": 1, "Actual Loops": 3, "Hash Buckets": 1024, "Original Hash Buckets": 1024, "Hash Batches": 1, "Original Hash Batches": 1, "Peak Memory Usage": 9, "Plans": [{"Node Type": "Seq Scan", "Parent Relationship": "Outer", "Parallel Aware": false, "Relation Name": "info_type", "Alias": "it2", "Startup Cost": 0.0, "Total Cost": 2.41, "Plan Rows": 1, "Plan Width": 4, "Actual Startup Time": 0.011, "Actual Total Time": 0.017, "Actual Rows": 1, "Actual Loops": 3, "Filter": "((info)::text = 'release dates'::text)", "Rows Removed by Filter": 112}]}]}, {"Node Type": "Hash", "Parent Relationship": "Inner", "Parallel Aware": true, "Startup Cost": 47891.91, "Total Cost": 47891.91, "Plan Rows": 161, "Plan Width": 12, "Actual Startup Time": 525.253, "Actual Total Time": 525.486, "Actual Rows": 194741, "Actual Loops": 3, "Hash Buckets": 65536, "Original Hash Buckets": 1024, "Hash Batches": 8, "Original Hash Batches": 1, "Peak Memory Usage": 4000, "Plans": [{"Node Type": "Hash Join", "Parent Relationship": "Outer", "Parallel Aware": true, "Join Type": "Inner", "Startup Cost": 15336.14, "Total Cost": 47891.91, "Plan Rows": 161, "Plan Width": 12, "Actual Startup Time": 372.073, "Actual Total Time": 473.979, "Actual Rows": 194741, "Actual Loops": 3, "Inner Unique": false, "Hash Cond": "(mc.movie_id = miidx.movie_id)", "Plans": [{"Node Type": "Hash Join", "Parent Relationship": "Outer", "Parallel Aware": false, "Join Type": "Inner", "Startup Cost": 18.93, "Total Cost": 32551.06, "Plan Rows": 6125, "Plan Width": 8, "Actual Startup Time": 69.517, "Actual Total Time": 184.97, "Actual Rows": 444961, "Actual Loops": 3, "Inner Unique": true, "Hash Cond": "(mc.company_type_id = ct.id)", "Plans": [{"Node Type": "Seq Scan", "Parent Relationship": "Outer", "Parallel Aware": true, "Relation Name": "movie_companies", "Alias": "mc", "Startup Cost": 0.0, "Total Cost": 29661.37, "Plan Rows": 1087137, "Plan Width": 12, "Actual Startup Time": 0.007, "Actual Total Time": 70.793, "Actual Rows": 869710, "Actual Loops": 3}, {"Node Type": "Hash", "Parent Relationship": "Inner", "Parallel Aware": false, "Startup Cost": 18.88, "Total Cost": 18.88, "Plan Rows": 4, "Plan Width": 4, "Actual Startup Time": 0.015, "Actual Total Time": 0.016, "Actual Rows": 1, "Actual Loops": 3, "Hash Buckets": 1024, "Original Hash Buckets": 1024, "Hash Batches": 1, "Original Hash Batches": 1, "Peak Memory Usage": 9, "Plans": [{"Node Type": "Seq Scan", "Parent Relationship": "Outer", "Parallel Aware": false, "Relation Name": "company_type", "Alias": "ct", "Startup Cost": 0.0, "Total Cost": 18.88, "Plan Rows": 4, "Plan Width": 4, "Actual Startup Time": 0.014, "Actual Total Time": 0.014, "Actual Rows": 1, "Actual Loops": 3, "Filter": "((kind)::text = 'production companies'::text)", "Rows Removed by Filter": 3}]}]}, {"Node Type": "Hash", "Parent Relationship": "Inner", "Parallel Aware": true, "Startup Cost": 15253.6, "Total Cost": 15253.6, "Plan Rows": 5089, "Plan Width": 4, "Actual Startup Time": 121.838, "Actual Total Time": 121.839, "Actual Rows": 153308, "Actual Loops": 3, "Hash Buckets": 131072, "Original Hash Buckets": 16384, "Hash Batches": 8, "Original Hash Batches": 1, "Peak Memory Usage": 3328, "Plans": [{"Node Type": "Hash Join", "Parent Relationship": "Outer", "Parallel Aware": false, "Join Type": "Inner", "Startup Cost": 2.43, "Total Cost": 15253.6, "Plan Rows": 5089, "Plan Width": 4, "Actual Startup Time": 0.058, "Actual Total Time": 82.363, "Actual Rows": 153308, "Actual Loops": 3, "Inner Unique": true, "Hash Cond": "(miidx.info_type_id = it.id)", "Plans": [{"Node Type": "Seq Scan", "Parent Relationship": "Outer", "Parallel Aware": true, "Relation Name": "movie_info_idx", "Alias": "miidx", "Startup Cost": 0.0, "Total Cost": 13685.15, "Plan Rows": 575015, "Plan Width": 8, "Actual Startup Time": 0.018, "Actual Total Time": 34.31, "Actual Rows": 460012, "Actual Loops": 3}, {"Node Type": "Hash", "Parent Relationship": "Inner", "Parallel Aware": false, "Startup Cost": 2.41, "Total Cost": 2.41, "Plan Rows": 1, "Plan Width": 4, "Actual Startup Time": 0.028, "Actual Total Time": 0.028, "Actual Rows": 1, "Actual Loops": 3, "Hash Buckets": 1024, "Original Hash Buckets": 1024, "Hash Batches": 1, "Original Hash Batches": 1, "Peak Memory Usage": 9, "Plans": [{"Node Type": "Seq Scan", "Parent Relationship": "Outer", "Parallel Aware": false, "Relation Name": "info_type", "Alias": "it", "Startup Cost": 0.0, "Total Cost": 2.41, "Plan Rows": 1, "Plan Width": 4, "Actual Startup Time": 0.023, "Actual Total Time": 0.024, "Actual Rows": 1, "Actual Loops": 3, "Filter": "((info)::text = 'rating'::text)", "Rows Removed by Filter": 112}]}]}]}]}]}]}, {"Node Type": "Index Scan", "Parent Relationship": "Inner", "Parallel Aware": false, "Scan Direction": "Forward", "Index Name": "company_name_pkey", "Relation Name": "company_name", "Alias": "cn", "Startup Cost": 0.42, "Total Cost": 0.45, "Plan Rows": 1, "Plan Width": 4, "Actual Startup Time": 0.002, "Actual Total Time": 0.002, "Actual Rows": 0, "Actual Loops": 2504990, "Index Cond": "(id = mc.company_id)", "Rows Removed by Index Recheck": 0, "Filter": "((country_code)::text = '[de]'::text)", "Rows Removed by Filter": 1}]}, {"Node Type": "Index Scan", "Parent Relationship": "Inner", "Parallel Aware": false, "Scan Direction": "Forward", "Index Name": "title_pkey", "Relation Name": "title", "Alias": "t", "Startup Cost": 0.43, "Total Cost": 0.46, "Plan Rows": 1, "Plan Width": 8, "Actual Startup Time": 0.002, "Actual Total Time": 0.002, "Actual Rows": 1, "Actual Loops": 134189, "Index Cond": "(id = mi.movie_id)", "Rows Removed by Index Recheck": 0}]}, {"Node Type": "Index Scan", "Parent Relationship": "Inner", "Parallel Aware": false, "Scan Direction": "Forward", "Index Name": "kind_type_pkey", "Relation Name": "kind_type", "Alias": "kt", "Startup Cost": 0.15, "Total Cost": 0.17, "Plan Rows": 1, "Plan Width": 4, "Actual Startup Time": 0.001, "Actual Total Time": 0.001, "Actual Rows": 1, "Actual Loops": 134189, "Index Cond": "(id = t.kind_id)", "Rows Removed by Index Recheck": 0, "Filter": "((kind)::text = 'movie'::text)", "Rows Removed by Filter": 0}]}]}]}, "Planning Time": 95.857, "Triggers": [], "Execution Time": 3428.647}]
[{"Bao": {"Bao prediction": 2114.419, "Bao recommended hint": "(no hint)"}}, {"Plan": {"Node Type": "Aggregate", "Strategy": "Plain", "Partial Mode": "Simple", "Parallel Aware": false, "Startup Cost": 890239.54, "Total Cost": 890239.55, "Plan Rows": 1, "Plan Width": 8, "Actual Startup Time": 2725.113, "Actual Total Time": 2782.019, "Actual Rows": 1, "Actual Loops": 1, "Plans": [{"Node Type": "Nested Loop", "Parent Relationship": "Outer", "Parallel Aware": false, "Join Type": "Inner", "Startup Cost": 873678.85, "Total Cost": 890239.53, "Plan Rows": 1, "Plan Width": 0, "Actual Startup Time": 2677.407, "Actual Total Time": 2781.886, "Actual Rows": 1620, "Actual Loops": 1, "Inner Unique": true, "Plans": [{"Node Type": "Nested Loop", "Parent Relationship": "Outer", "Parallel Aware": false, "Join Type": "Inner", "Startup Cost": 873678.7, "Total Cost": 890238.8, "Plan Rows": 1, "Plan Width": 4, "Actual Startup Time": 2677.402, "Actual Total Time": 2780.586, "Actual Rows": 1620, "Actual Loops": 1, "Inner Unique": true, "Plans": [{"Node Type": "Gather", "Parent Relationship": "Outer", "Parallel Aware": false, "Startup Cost": 873678.56, "Total Cost": 890238.61, "Plan Rows": 1, "Plan Width": 8, "Actual Startup Time": 2677.389, "Actual Total Time": 2779.161, "Actual Rows": 1620, "Actual Loops": 1, "Workers Planned": 2, "Workers Launched": 2, "Single Copy": false, "Plans": [{"Node Type": "Hash Join", "Parent Relationship": "Outer", "Parallel Aware": true, "Join Type": "Inner", "Startup Cost": 872678.56, "Total Cost": 889238.51, "Plan Rows": 1, "Plan Width": 8, "Actual Startup Time": 2699.107, "Actual Total Time": 2717.227, "Actual Rows": 540, "Actual Loops": 3, "Inner Unique": false, "Hash Cond": "(an.person_id = n.id)", "Plans": [{"Node Type": "Seq Scan", "Parent Relationship": "Outer", "Parallel Aware": true, "Relation Name": "aka_name", "Alias": "an", "Startup Cost": 0.0, "Total Cost": 15151.6, "Plan Rows": 375560, "Plan Width": 4, "Actual Startup Time": 0.009, "Actual Total Time": 24.389, "Actual Rows": 300448, "Actual Loops": 3}, {"Node Type": "Hash", "Parent Relationship": "Inner", "Parallel Aware": true, "Startup Cost": 872678.54, "Total Cost": 872678.54, "Plan Rows": 1, "Plan Width": 20, "Actual Startup Time": 2670.554, "Actual Total Time": 2670.566, "Actual Rows": 180, "Actual Loops": 3, "Hash Buckets": 1024, "Original Hash Buckets": 1024, "Hash Batches": 1, "Original Hash Batches": 1, "Peak Memory Usage": 72, "Plans": [{"Node Type": "Nested Loop", "Parent Relationship": "Outer", "Parallel Aware": false, "Join Type": "Inner", "Startup Cost": 804633.93, "Total Cost": 872678.54, "Plan Rows": 1, "Plan Width": 20, "Actual Startup Time": 2568.282, "Actual Total Time": 2670.473, "Actual Rows": 180, "Actual Loops": 3, "Inner Unique": true, "Plans": [{"Node Type": "Hash Join", "Parent Relationship": "Outer", "Parallel Aware": true, "Join Type": "Inner", "Startup Cost": 804633.78, "Total Cost": 872678.36, "Plan Rows": 1, "Plan Width": 24, "Actual Startup Time": 2516.985, "Actual Total Time": 2669.925, "Actual Rows": 543, "Actual Loops": 3, "Inner Unique": false, "Hash Cond": "(pi.person_id = n.id)", "Plans": [{"Node Type": "Seq Scan", "Parent Relationship": "Outer", "Parallel Aware": true, "Relation Name": "person_info", "Alias": "pi", "Startup Cost": 0.0, "Total Cost": 63409.96, "Plan Rows": 1235896, "Plan Width": 8, "Actual Startup Time": 0.007, "Actual Total Time": 88.085, "Actual Rows": 987888, "Actual Loops": 3}, {"Node Type": "Hash", "Parent Relationship": "Inner", "Parallel Aware": true, "Startup Cost": 804633.77, "Total Cost": 804633.77, "Plan Rows": 1, "Plan Width": 16, "Actual Startup Time": 2513.099, "Actual Total Time": 2513.109, "Actual Rows": 3, "Actual Loops": 3, "Hash Buckets": 1024, "Original Hash Buckets": 1024, "Hash Batches": 1, "Original Hash Batches": 1, "Peak Memory Usage": 40, "Plans": [{"Node Type": "Nested Loop", "Parent Relationship": "Outer", "Parallel Aware": false, "Join Type": "Inner", "Startup Cost": 754254.58, "Total Cost": 804633.77, "Plan Rows": 1, "Plan Width": 16, "Actual Startup Time": 2495.745, "Actual Total Time": 2513.018, "Actual Rows": 3, "Actual Loops": 3, "Inner Unique": true, "Plans": [{"Node Type": "Nested Loop", "Parent Relationship": "Outer", "Parallel Aware": false, "Join Type": "Inner", "Startup Cost": 754254.15, "Total Cost": 804629.7, "Plan Rows": 1, "Plan Width": 20, "Actual Startup Time": 2495.736, "Actual Total Time": 2513.005, "Actual Rows": 3, "Actual Loops": 3, "Inner Unique": true, "Plans": [{"Node Type": "Hash Join", "Parent Relationship": "Outer", "Parallel Aware": true, "Join Type": "Inner", "Startup Cost": 754253.73, "Total Cost": 804626.09, "Plan Rows": 1, "Plan Width": 24, "Actual Startup Time": 2495.61, "Actual Total Time": 2512.467, "Actual Rows": 360, "Actual Loops": 3, "Inner Unique": false, "Hash Cond": "(mk.movie_id = t.id)", "Plans": [{"Node Type": "Seq Scan", "Parent Relationship": "Outer", "Parallel Aware": true, "Relation Name": "movie_keyword", "Alias": "mk", "Startup Cost": 0.0, "Total Cost": 43303.71, "Plan Rows": 1884971, "Plan Width": 8, "Actual Startup Time": 0.012, "Actual Total Time": 102.033, "Actual Rows": 1507977, "Actual Loops": 3}, {"Node Type": "Hash", "Parent Relationship": "Inner", "Parallel Aware": true, "Startup Cost": 754253.71, "Total Cost": 754253.71, "Plan Rows": 1, "Plan Width": 40, "Actual Startup Time": 2306.327, "Actual Total Time": 2306.335, "Actual Rows": 3, "Actual Loops": 3, "Hash Buckets": 1024, "Original Hash Buckets": 1024, "Hash Batches": 1, "Original Hash Batches": 1, "Peak Memory Usage": 40, "Plans": [{"Node Type": "Nested Loop", "Parent Relationship": "Outer", "Parallel Aware": false, "Join Type": "Inner", "Startup Cost": 292662.72, "Total Cost": 754253.71, "Plan Rows": 1, "Plan Width": 40, "Actual Startup Time": 2011.954, "Actual Total Time": 2306.317, "Actual Rows": 3, "Actual Loops": 3, "Inner Unique": true, "Plans": [{"Node Type": "Nested Loop", "Parent Relationship": "Outer", "Parallel Aware": false, "Join Type": "Inner", "Startup Cost": 292662.57, "Total Cost": 754252.98, "Plan Rows": 1, "Plan Width": 44, "Actual Startup Time": 2011.952, "Actual Total Time": 2306.311, "Actual Rows": 3, "Actual Loops": 3, "Inner Unique": true, "Plans": [{"Node Type": "Hash Join", "Parent Relationship": "Outer", "Parallel Aware": true, "Join Type": "Inner", "Startup Cost": 292662.14, "Total Cost": 754250.63, "Plan Rows": 1, "Plan Width": 40, "Actual Startup Time": 1021.214, "Actual Total Time": 2305.935, "Actual Rows": 127, "Actual Loops": 3, "Inner Unique": false, "Hash Cond": "(ci.movie_id = t.id)", "Plans": [{"Node Type": "Seq Scan", "Parent Relationship": "Outer", "Parallel Aware": true, "Relation Name": "cast_info", "Alias": "ci", "Startup Cost": 0.0, "Total Cost": 460246.89, "Plan Rows": 357758, "Plan Width": 16, "Actual Startup Time": 0.054, "Actual Total Time": 1278.983, "Actual Rows": 278900, "Actual Loops": 3, "Filter": "((note)::text = ANY ('{(voice),\"(voice) (uncredited)\",\"(voice: English version)\"}'::text[]))", "Rows Removed by Filter": 11802548}, {"Node Type": "Hash", "Parent Relationship": "Inner", "Parallel Aware": true, "Startup Cost": 292662.13, "Total Cost": 292662.13, "Plan Rows": 1, "Plan Width": 24, "Actual Startup Time": 1009.402, "Actual Total Time": 1009.408, "Actual Rows": 3, "Actual Loops": 3, "Hash Buckets": 1024, "Original Hash Buckets": 1024, "Hash Batches": 1, "Original Hash Batches": 1, "Peak Memory Usage": 40, "Plans": [{"Node Type": "Nested Loop", "Parent Relationship": "Outer", "Parallel Aware": false, "Join Type": "Inner", "Startup Cost": 258922.37, "Total Cost": 292662.13, "Plan Rows": 1, "Plan Width": 24, "Actual Startup Time": 984.183, "Actual Total Time": 1009.323, "Actual Rows": 3, "Actual Loops": 3, "Inner Unique": true, "Plans": [{"Node Type": "Hash Join", "Parent Relationship": "Outer", "Parallel Aware": true, "Join Type": "Inner", "Startup Cost": 258921.95, "Total Cost": 292660.1, "Plan Rows": 1, "Plan Width": 28, "Actual Startup Time": 984.174, "Actual Total Time": 1009.244, "Actual Rows": 15, "Actual Loops": 3, "Inner Unique": false, "Hash Cond": "(mc.movie_id = t.id)", "Plans": [{"Node Type": "Seq Scan", "Parent Relationship": "Outer", "Parallel Aware": true, "Relation Name": "movie_companies", "Alias": "mc", "Startup Cost": 0.0, "Total Cost": 29661.37, "Plan Rows": 1087137, "Plan Width": 8, "Actual Startup Time": 0.02, "Actual Total Time": 64.468, "Actual Rows": 869710, "Actual Loops": 3}, {"Node Type": "Hash", "Parent Relationship": "Inner", "Parallel Aware": true, "Startup Cost": 258921.94, "Total Cost": 258921.94, "Plan Rows": 1, "Plan Width": 20, "Actual Startup Time": 882.694, "Actual Total Time": 882.698, "Actual Rows": 1, "Actual Loops": 3, "Hash Buckets": 1024, "Original Hash Buckets": 1024, "Hash Batches": 1, "Original Hash Batches": 1, "Peak Memory Usage": 40, "Plans": [{"Node Type": "Nested Loop", "Parent Relationship": "Outer", "Parallel Aware": false, "Join Type": "Inner", "Startup Cost": 2467.44, "Total Cost": 258921.94, "Plan Rows": 1, "Plan Width": 20, "Actual Startup Time": 879.722, "Actual Total Time": 881.406, "Actual Rows": 1, "Actual Loops": 3, "Inner Unique": true, "Plans": [{"Node Type": "Hash Join", "Parent Relationship": "Outer", "Parallel Aware": false, "Join Type": "Inner", "Startup Cost": 2467.01, "Total Cost": 258302.57, "Plan Rows": 255, "Plan Width": 16, "Actual Startup Time": 209.416, "Actual Total Time": 860.464, "Actual Rows": 5875, "Actual Loops": 3, "Inner Unique": false, "Hash Cond": "(mi.movie_id = cc.movie_id)", "Plans": [{"Node Type": "Seq Scan", "Parent Relationship": "Outer", "Parallel Aware": true, "Relation Name": "movie_info", "Alias": "mi", "Startup Cost": 0.0, "Total Cost": 255356.52, "Plan Rows": 127064, "Plan Width": 8, "Actual Startup Time": 84.064, "Actual Total Time": 772.638, "Actual Rows": 150368, "Actual Loops": 3, "Filter": "((info IS NOT NULL) AND (((info)::text ~~ 'Japan:%200%'::text) OR ((info)::text ~~ 'USA:%200%'::text)))", "Rows Removed by Filter": 4794872}, {"Node Type": "Hash", "Parent Relationship": "Inner", "Parallel Aware": false, "Startup Cost": 2457.5, "Total Cost": 2457.5, "Plan Rows": 761, "Plan Width": 8, "Actual Startup Time": 39.65, "Actual Total Time": 39.652, "Actual Rows": 85941, "Actual Loops": 3, "Hash Buckets": 131072, "Original Hash Buckets": 1024, "Hash Batches": 2, "Original Hash Batches": 1, "Peak Memory Usage": 3073, "Plans": [{"Node Type": "Hash Join", "Parent Relationship": "Outer", "Parallel Aware": false, "Join Type": "Inner", "Startup Cost": 18.93, "Total Cost": 2457.5, "Plan Rows": 761, "Plan Width": 8, "Actual Startup Time": 0.046, "Actual Total Time": 26.779, "Actual Rows": 85941, "Actual Loops": 3, "Inner Unique": true, "Hash Cond": "(cc.subject_id = cct1.id)", "Plans": [{"Node Type": "Seq Scan", "Parent Relationship": "Outer", "Parallel Aware": false, "Relation Name": "complete_cast", "Alias": "cc", "Startup Cost": 0.0, "Total Cost": 2081.86, "Plan Rows": 135086, "Plan Width": 12, "Actual Startup Time": 0.022, "Actual Total Time": 9.153, "Actual Rows": 135086, "Actual Loops": 3}, {"Node Type": "Hash", "Parent Relationship": "Inner", "Parallel Aware": false, "Startup Cost": 18.88, "Total Cost": 18.88, "Plan Rows": 4, "Plan Width": 4, "Actual Startup Time": 0.014, "Actual Total Time": 0.015, "Actual Rows": 1, "Actual Loops": 3, "Hash Buckets": 1024, "Original Hash Buckets": 1024, "Hash Batches": 1, "Original Hash Batches": 1, "Peak Memory Usage": 9, "Plans": [{"Node Type": "Seq Scan", "Parent Relationship": "Outer", "Parallel Aware": false, "Relation Name": "comp_cast_type", "Alias": "cct1", "Startup Cost": 0.0, "Total Cost": 18.88, "Plan Rows": 4, "Plan Width": 4, "Actual Startup Time": 0.008, "Actual Total Time": 0.009, "Actual Rows": 1, "Actual Loops": 3, "Filter": "((kind)::text = 'cast'::text)", "Rows Removed by Filter": 3}]}]}]}]}, {"Node Type": "Index Scan", "Parent Relationship": "Inner", "Parallel Aware": false, "Scan Direction": "Forward", "Index Name": "title_pkey", "Relation Name": "title", "Alias": "t", "Startup Cost": 0.43, "Total Cost": 2.43, "Plan Rows": 1, "Plan Width": 4, "Actual Startup Time": 0.003, "Actual Total Time": 0.003, "Actual Rows": 0, "Actual Loops": 17626, "Index Cond": "(id = mi.movie_id)", "Rows Removed by Index Recheck": 0, "Filter": "((production_year >= 2000) AND (production_year <= 2010) AND ((title)::text = 'Shrek 2'::text))", "Rows Removed by Filter": 1}]}]}]}, {"Node Type": "Index Scan", "Parent Relationship": "Inner", "Parallel Aware": false, "Scan Direction": "Forward", "Index Name": "company_name_pkey", "Relation Name": "company_name", "Alias": "cn", "Startup Cost": 0.42, "Total Cost": 2.03, "Plan Rows": 1, "Plan Width": 4, "Actual Startup Time": 0.005, "Actual Total Time": 0.005, "Actual Rows": 0, "Actual Loops": 44, "Index Cond": "(id = mc.company_id)", "Rows Removed by Index Recheck": 0, "Filter": "((country_code)::text = '[us]'::text)", "Rows Removed by Filter": 1}]}]}]}, {"Node Type": "Index Scan", "Parent Relationship": "Inner", "Parallel Aware": false, "Scan Direction": "Forward", "Index Name": "name_pkey", "Relation Name": "name", "Alias": "n", "Startup Cost": 0.43, "Total Cost": 2.34, "Plan Rows": 1, "Plan Width": 4, "Actual Startup Time": 0.003, "Actual Total Time": 0.003, "Actual Rows": 0, "Actual Loops": 380, "Index Cond": "(id = ci.person_id)", "Rows Removed by Index Recheck": 0, "Filter": "(((name)::text ~~ '%An%'::text) AND ((gender)::text = 'f'::text))", "Rows Removed by Filter": 1}]}, {"Node Type": "Index Scan", "Parent Relationship": "Inner", "Parallel Aware": false, "Scan Direction": "Forward", "Index Name": "role_type_pkey", "Relation Name": "role_type", "Alias": "rt", "Startup Cost": 0.15, "Total Cost": 0.57, "Plan Rows": 1, "Plan Width": 4, "Actual Startup Time": 0.001, "Actual Total Time": 0.001, "Actual Rows": 1, "Actual Loops": 10, "Index Cond": "(id = ci.role_id)", "Rows Removed by Index Recheck": 0, "Filter": "((role)::text = 'actress'::text)", "Rows Removed by Filter": 0}]}]}]}, {"Node Type": "Index Scan", "Parent Relationship": "Inner", "Parallel Aware": false, "Scan Direction": "Forward", "Index Name": "keyword_pkey", "Relation Name": "keyword", "Alias": "k", "Startup Cost": 0.42, "Total Cost": 2.02, "Plan Rows": 1, "Plan Width": 4, "Actual Startup Time": 0.001, "Actual Total Time": 0.001, "Actual Rows": 0, "Actual Loops": 1080, "Index Cond": "(id = mk.keyword_id)", "Rows Removed by Index Recheck": 0, "Filter": "((keyword)::text = 'computer-animation'::text)", "Rows Removed by Filter": 1}]}, {"Node Type": "Index Scan", "Parent Relationship": "Inner", "Parallel Aware": false, "Scan Direction": "Forward", "Index Name": "char_name_pkey", "Relation Name": "char_name", "Alias": "chn", "Startup Cost": 0.43, "Total Cost": 2.25, "Plan Rows": 1, "Plan Width": 4, "Actual Startup Time": 0.003, "Actual Total Time": 0.003, "Actual Rows": 1, "Actual Loops": 10, "Index Cond": "(id = ci.person_role_id)", "Rows Removed by Index Recheck": 0, "Filter": "((name)::text = 'Queen'::text)", "Rows Removed by Filter": 0}]}]}]}, {"Node Type": "Index Scan", "Parent Relationship": "Inner", "Parallel Aware": false, "Scan Direction": "Forward", "Index Name": "info_type_pkey", "Relation Name": "info_type", "Alias": "it3", "Startup Cost": 0.14, "Total Cost": 0.16, "Plan Rows": 1, "Plan Width": 4, "Actual Startup Time": 0.001, "Actual Total Time": 0.001, "Actual Rows": 0, "Actual Loops": 1630, "Index Cond": "(id = pi.info_type_id)", "Rows Removed by Index Recheck": 0, "Filter": "((info)::text = 'trivia'::text)", "Rows Removed by Filter": 1}]}]}]}]}, {"Node Type": "Index Scan", "Parent Relationship": "Inner", "Parallel Aware": false, "Scan Direction": "Forward", "Index Name": "info_type_pkey", "Relation Name": "info_type", "Alias": "it", "Startup Cost": 0.14, "Total Cost": 0.16, "Plan Rows": 1, "Plan Width": 4, "Actual Startup Time": 0.001, "Actual Total Time": 0.001, "Actual Rows": 1, "Actual Loops": 1620, "Index Cond": "(id = mi.info_type_id)", "Rows Removed by Index Recheck": 0, "Filter": "((info)::text = 'release dates'::text)", "Rows Removed by Filter": 0}]}, {"Node Type": "Index Scan", "Parent Relationship": "Inner", "Parallel Aware": false, "Scan Direction": "Forward", "Index Name": "comp_cast_type_pkey", "Relation Name": "comp_cast_type", "Alias": "cct2", "Startup Cost": 0.15, "Total Cost": 0.57, "Plan Rows": 1, "Plan Width": 4, "Actual Startup Time": 0.001, "Actual Total Time": 0.001, "Actual Rows": 1, "Actual Loops": 1620, "Index Cond": "(id = cc.status_id)", "Rows Removed by Index Recheck": 0, "Filter": "((kind)::text = 'complete+verified'::text)", "Rows Removed by Filter": 0}]}]}, "Planning Time": 292.115, "Triggers": [], "Execution Time": 2782.166}]
[{"Bao": {"Bao prediction": 1424.43, "Bao recommended hint": "(no hint)"}}, {"Plan": {"Node Type": "Aggregate", "Strategy": "Plain", "Partial Mode": "Simple", "Parallel Aware": false, "Startup Cost": 513186.8, "Total Cost": 513186.81, "Plan Rows": 1, "Plan Width": 8, "Actual Startup Time": 1976.034, "Actual Total Time": 2007.692, "Actual Rows": 1, "Actual Loops": 1, "Plans": [{"Node Type": "Nested Loop", "Parent Relationship": "Outer", "Parallel Aware": false, "Join Type": "Inner", "Startup Cost": 52939.71, "Total Cost": 513186.79, "Plan Rows": 1, "Plan Width": 0, "Actual Startup Time": 413.97, "Actual Total Time": 2007.668, "Actual Rows": 12, "Actual Loops": 1, "Inner Unique": true, "Plans": [{"Node Type": "Gather", "Parent Relationship": "Outer", "Parallel Aware": false, "Startup Cost": 52939.28, "Total Cost": 513186.34, "Plan Rows": 1, "Plan Width": 4, "Actual Startup Time": 302.667, "Actual Total Time": 2006.332, "Actual Rows": 383, "Actual Loops": 1, "Workers Planned": 2, "Workers Launched": 2, "Single Copy": false, "Plans": [{"Node Type": "Hash Join", "Parent Relationship": "Outer", "Parallel Aware": true, "Join Type": "Inner", "Startup Cost": 51939.28, "Total Cost": 512186.24, "Plan Rows": 1, "Plan Width": 4, "Actual Startup Time": 382.457, "Actual Total Time": 1973.406, "Actual Rows": 128, "Actual Loops": 3, "Inner Unique": false, "Hash Cond": "(ci.movie_id = t.id)", "Plans": [{"Node Type": "Seq Scan", "Parent Relationship": "Outer", "Parallel Aware": true, "Relation Name": "cast_info", "Alias": "ci", "Startup Cost": 0.0, "Total Cost": 403639.65, "Plan Rows": 15095265, "Plan Width": 8, "Actual Startup Time": 0.01, "Actual Total Time": 845.167, "Actual Rows": 12081448, "Actual Loops": 3}, {"Node Type": "Hash", "Parent Relationship": "Inner", "Parallel Aware": true, "Startup Cost": 51939.27, "Total Cost": 51939.27, "Plan Rows": 1, "Plan Width": 8, "Actual Startup Time": 265.67, "Actual Total Time": 265.672, "Actual Rows": 12, "Actual Loops": 3, "Hash Buckets": 1024, "Original Hash Buckets": 1024, "Hash Batches": 1, "Original Hash Batches": 1, "Peak Memory Usage": 104, "Plans": [{"Node Type": "Nested Loop", "Parent Relationship": "Outer", "Parallel Aware": false, "Join Type": "Inner", "Startup Cost": 3632.93, "Total Cost": 51939.27, "Plan Rows": 1, "Plan Width": 8, "Actual Startup Time": 96.838, "Actual Total Time": 265.617, "Actual Rows": 12, "Actual Loops": 3, "Inner Unique": true, "Plans": [{"Node Type": "Hash Join", "Parent Relationship": "Outer", "Parallel Aware": false, "Join Type": "Inner", "Startup Cost": 3632.5, "Total Cost": 51884.41, "Plan Rows": 112, "Plan Width": 4, "Actual Startup Time": 28.572, "Actual Total Time": 233.419, "Actual Rows": 11849, "Actual Loops": 3, "Inner Unique": true, "Hash Cond": "(mk.keyword_id = k.id)", "Plans": [{"Node Type": "Seq Scan", "Parent Relationship": "Outer", "Parallel Aware": true, "Relation Name": "movie_keyword", "Alias": "mk", "Startup Cost": 0.0, "Total Cost": 43303.71, "Plan Rows": 1884971, "Plan Width": 8, "Actual Startup Time": 0.01, "Actual Total Time": 98.887, "Actual Rows": 1507977, "Actual Loops": 3}, {"Node Type": "Hash", "Parent Relationship": "Inner", "Parallel Aware": false, "Startup Cost": 3632.4, "Total Cost": 3632.4, "Plan Rows": 8, "Plan Width": 4, "Actual Startup Time": 28.51, "Actual Total Time": 28.511, "Actual Rows": 8, "Actual Loops": 3, "Hash Buckets": 1024, "Original Hash Buckets": 1024, "Hash Batches": 1, "Original Hash Batches": 1, "Peak Memory Usage": 9, "Plans": [{"Node Type": "Seq Scan", "Parent Relationship": "Outer", "Parallel Aware": false, "Relation Name": "keyword", "Alias": "k", "Startup Cost": 0.0, "Total Cost": 3632.4, "Plan Rows": 8, "Plan Width": 4, "Actual Startup Time": 0.116, "Actual Total Time": 28.506, "Actual Rows": 8, "Actual Loops": 3, "Filter": "((keyword)::text = ANY ('{superhero,sequel,second-part,marvel-comics,based-on-comic,tv-special,fight,violence}'::text[]))", "Rows Removed by Filter": 134162}]}]}, {"Node Type": "Index Scan", "Parent Relationship": "Inner", "Parallel Aware": false, "Scan Direction": "Forward", "Index Name": "title_pkey", "Relation Name": "title", "Alias": "t", "Startup Cost": 0.43, "Total Cost": 0.49, "Plan Rows": 1, "Plan Width": 4, "Actual Startup Time": 0.003, "Actual Total Time": 0.003, "Actual Rows": 0, "Actual Loops": 35548, "Index Cond": "(id = mk.movie_id)", "Rows Removed by Index Recheck": 0, "Filter": "(production_year > 2014)", "Rows Removed by Filter": 1}]}]}]}]}, {"Node Type": "Index Scan", "Parent Relationship": "Inner", "Parallel Aware": false, "Scan Direction": "Forward", "Index Name": "name_pkey", "Relation Name": "name", "Alias": "n", "Startup Cost": 0.43, "Total Cost": 0.46, "Plan Rows": 1, "Plan Width": 4, "Actual Startup Time": 0.003, "Actual Total Time": 0.003, "Actual Rows": 0, "Actual Loops": 383, "Index Cond": "(id = ci.person_id)", "Rows Removed by Index Recheck": 0, "Filter": "((name)::text ~~ '%Downey%Robert%'::text)", "Rows Removed by Filter": 1}]}]}, "Planning Time": 75.091, "Triggers": [], "Execution Time": 2007.748}]
[{"Bao": {"Bao prediction": 1933.959, "Bao recommended hint": "(no hint)"}}, {"Plan": {"Node Type": "Aggregate", "Strategy": "Plain", "Partial Mode": "Finalize", "Parallel Aware": false, "Startup Cost": 806451.6, "Total Cost": 806451.61, "Plan Rows": 1, "Plan Width": 8, "Actual Startup Time": 2317.963, "Actual Total Time": 2368.476, "Actual Rows": 1, "Actual Loops": 1, "Plans": [{"Node Type": "Gather", "Parent Relationship": "Outer", "Parallel Aware": false, "Startup Cost": 806451.38, "Total Cost": 806451.59, "Plan Rows": 2, "Plan Width": 8, "Actual Startup Time": 2316.343, "Actual Total Time": 2368.47, "Actual Rows": 3, "Actual Loops": 1, "Workers Planned": 2, "Workers Launched": 2, "Single Copy": false, "Plans": [{"Node Type": "Aggregate", "Strategy": "Plain", "Partial Mode": "Partial", "Parent Relationship": "Outer", "Parallel Aware": false, "Startup Cost": 805451.38, "Total Cost": 805451.39, "Plan Rows": 1, "Plan Width": 8, "Actual Startup Time": 2313.976, "Actual Total Time": 2313.988, "Actual Rows": 1, "Actual Loops": 3, "Plans": [{"Node Type": "Nested Loop", "Parent Relationship": "Outer", "Parallel Aware": false, "Join Type": "Inner", "Startup Cost": 755078.03, "Total Cost": 805451.38, "Plan Rows": 1, "Plan Width": 0, "Actual Startup Time": 2307.96, "Actual Total Time": 2313.985, "Actual Rows": 2, "Actual Loops": 3, "Inner Unique": true, "Plans": [{"Node Type": "Nested Loop", "Parent Relationship": "Outer", "Parallel Aware": false, "Join Type": "Inner", "Startup Cost": 755077.6, "Total Cost": 805450.3, "Plan Rows": 1, "Plan Width": 4, "Actual Startup Time": 2307.945, "Actual Total Time": 2313.967, "Actual Rows": 2, "Actual Loops": 3, "Inner Unique": true, "Plans": [{"Node Type": "Hash Join", "Parent Relationship": "Outer", "Parallel Aware": true, "Join Type": "Inner", "Startup Cost": 755077.18, "Total Cost": 805449.54, "Plan Rows": 1, "Plan Width": 8, "Actual Startup Time": 2307.919, "Actual Total Time": 2313.915, "Actual Rows": 12, "Actual Loops": 3, "Inner Unique": false, "Hash Cond": "(mk.movie_id = t.id)", "Plans": [{"Node Type": "Seq Scan", "Parent Relationship": "Outer", "Parallel Aware": true, "Relation Name": "movie_keyword", "Alias": "mk", "Startup Cost": 0.0, "Total Cost": 43303.71, "Plan Rows": 1884971, "Plan Width": 8, "Actual Startup Time": 0.019, "Actual Total Time": 97.985, "Actual Rows": 1507977, "Actual Loops": 3}, {"Node Type": "Hash", "Parent Relationship": "Inner", "Parallel Aware": true, "Startup Cost": 755077.17, "Total Cost": 755077.17, "Plan Rows": 1, "Plan Width": 20, "Actual Startup Time": 2112.09, "Actual Total Time": 2112.1, "Actual Rows": 1, "Actual Loops": 3, "Hash Buckets": 1024, "Original Hash Buckets": 1024, "Hash Batches": 1, "Original Hash Batches": 1, "Peak Memory Usage": 72, "Plans": [{"Node Type": "Hash Join", "Parent Relationship": "Outer", "Parallel Aware": true, "Join Type": "Inner", "Startup Cost": 255156.14, "Total Cost": 755077.17, "Plan Rows": 1, "Plan Width": 20, "Actual Startup Time": 1801.378, "Actual Total Time": 2111.948, "Actual Rows": 1, "Actual Loops": 3, "Inner Unique": false, "Hash Cond": "(ci.movie_id = t.id)", "Plans": [{"Node Type": "Seq Scan", "Parent Relationship": "Outer", "Parallel Aware": true, "Relation Name": "cast_info", "Alias": "ci", "Startup Cost": 0.0, "Total Cost": 497985.06, "Plan Rows": 516258, "Plan Width": 8, "Actual Startup Time": 104.913, "Actual Total Time": 1444.539, "Actual Rows": 414905, "Actual Loops": 3, "Filter": "((note)::text = ANY ('{(writer),\"(head writer)\",\"(written by)\",(story),\"(story editor)\"}'::text[]))", "Rows Removed by Filter": 11666543}, {"Node Type": "Hash", "Parent Relationship": "Inner", "Parallel Aware": true, "Startup Cost": 255156.13, "Total Cost": 255156.13, "Plan Rows": 1, "Plan Width": 12, "Actual Startup Time": 643.657, "Actual Total Time": 643.666, "Actual Rows": 3, "Actual Loops": 3, "Hash Buckets": 1024, "Original Hash Buckets": 1024, "Hash Batches": 1, "Original Hash Batches": 1, "Peak Memory Usage": 104, "Plans": [{"Node Type": "Nested Loop", "Parent Relationship": "Outer", "Parallel Aware": false, "Join Type": "Inner", "Startup Cost": 15320.07, "Total Cost": 255156.13, "Plan Rows": 1, "Plan Width": 12, "Actual Startup Time": 614.89, "Actual Total Time": 641.847, "Actual Rows": 3, "Actual Loops": 3, "Inner Unique": true, "Join Filter": "(mi.movie_id = t.id)", "Rows Removed by Join Filter": 0, "Plans": [{"Node Type": "Hash Join", "Parent Relationship": "Outer", "Parallel Aware": true, "Join Type": "Inner", "Startup Cost": 15319.64, "Total Cost": 255153.32, "Plan Rows": 3, "Plan Width": 8, "Actual Startup Time": 601.603, "Actual Total Time": 616.41, "Actual Rows": 5493, "Actual Loops": 3, "Inner Unique": false, "Hash Cond": "(mi.movie_id = mi_idx.movie_id)", "Plans": [{"Node Type": "Hash Join", "Parent Relationship": "Outer", "Parallel Aware": false, "Join Type": "Inner", "Startup Cost": 2.43, "Total Cost": 239835.65, "Plan Rows": 121, "Plan Width": 4, "Actual Startup Time": 419.096, "Actual Total Time": 472.654, "Actual Rows": 10138, "Actual Loops": 3, "Inner Unique": true, "Hash Cond": "(mi.info_type_id = it1.id)", "Plans": [{"Node Type": "Seq Scan", "Parent Relationship": "Outer", "Parallel Aware": true, "Relation Name": "movie_info", "Alias": "mi", "Startup Cost": 0.0, "Total Cost": 239795.93, "Plan Rows": 13693, "Plan Width": 8, "Actual Startup Time": 297.167, "Actual Total Time": 471.184, "Actual Rows": 10267, "Actual Loops": 3, "Filter": "((info)::text = 'Horror'::text)", "Rows Removed by Filter": 4934973}, {"Node Type": "Hash", "Parent Relationship": "Inner", "Parallel Aware": false, "Startup Cost": 2.41, "Total Cost": 2.41, "Plan Rows": 1, "Plan Width": 4, "Actual Startup Time": 0.031, "Actual Total Time": 0.031, "Actual Rows": 1, "Actual Loops": 3, "Hash Buckets": 1024, "Original Hash Buckets": 1024, "Hash Batches": 1, "Original Hash Batches": 1, "Peak Memory Usage": 9, "Plans": [{"Node Type": "Seq Scan", "Parent Relationship": "Outer", "Parallel Aware": false, "Relation Name": "info_type", "Alias": "it1", "Startup Cost": 0.0, "Total Cost": 2.41, "Plan Rows": 1, "Plan Width": 4, "Actual Startup Time": 0.023, "Actual Total Time": 0.029, "Actual Rows": 1, "Actual Loops": 3, "Filter": "((info)::text = 'genres'::text)", "Rows Removed by Filter": 112}]}]}, {"Node Type": "Hash", "Parent Relationship": "Inner", "Parallel Aware": true, "Startup Cost": 15253.6, "Total Cost": 15253.6, "Plan Rows": 5089, "Plan Width": 4, "Actual Startup Time": 120.655, "Actual Total Time": 120.657, "Actual Rows": 153308, "Actual Loops": 3, "Hash Buckets": 131072, "Original Hash Buckets": 16384, "Hash Batches": 8, "Original Hash Batches": 1, "Peak Memory Usage": 3328, "Plans": [{"Node Type": "Hash Join", "Parent Relationship": "Outer", "Parallel Aware": false, "Join Type": "Inner", "Startup Cost": 2.43, "Total Cost": 15253.6, "Plan Rows": 5089, "Plan Width": 4, "Actual Startup Time": 0.054, "Actual Total Time": 81.105, "Actual Rows": 153308, "Actual Loops": 3, "Inner Unique": true, "Hash Cond": "(mi_idx.info_type_id = it2.id)", "Plans": [{"Node Type": "Seq Scan", "Parent Relationship": "Outer", "Parallel Aware": true, "Relation Name": "movie_info_idx", "Alias": "mi_idx", "Startup Cost": 0.0, "Total Cost": 13685.15, "Plan Rows": 575015, "Plan Width": 8, "Actual Startup Time": 0.014, "Actual Total Time": 33.854, "Actual Rows": 460012, "Actual Loops": 3}, {"Node Type": "Hash", "Parent Relationship": "Inner", "Parallel Aware": false, "Startup Cost": 2.41, "Total Cost": 2.41, "Plan Rows": 1, "Plan Width": 4, "Actual Startup Time": 0.025, "Actual Total Time": 0.026, "Actual Rows": 1, "Actual Loops": 3, "Hash Buckets": 1024, "Original Hash Buckets": 1024, "Hash Batches": 1, "Original Hash Batches": 1, "Peak Memory Usage": 9, "Plans": [{"Node Type": "Seq Scan", "Parent Relationship": "Outer", "Parallel Aware": false, "Relation Name": "info_type", "Alias": "it2", "Startup Cost": 0.0, "Total Cost": 2.41, "Plan Rows": 1, "Plan Width": 4, "Actual Startup Time": 0.02, "Actual Total Time": 0.021, "Actual Rows": 1, "Actual Loops": 3, "Filter": "((info)::text = 'votes'::text)", "Rows Removed by Filter": 112}]}]}]}]}, {"Node Type": "Index Scan", "Parent Relationship": "Inner", "Parallel Aware": false, "Scan Direction": "Forward", "Index Name": "title_pkey", "Relation Name": "title", "Alias": "t", "Startup Cost": 0.43, "Total Cost": 0.92, "Plan Rows": 1, "Plan Width": 4, "Actual Startup Time": 0.004, "Actual Total Time": 0.004, "Actual Rows": 0, "Actual Loops": 16480, "Index Cond": "(id = mi_idx.movie_id)", "Rows Removed by Index Recheck": 0, "Filter": "((production_year > 2010) AND ((title)::text ~~ 'Vampire%'::text))", "Rows Removed by Filter": 1}]}]}]}]}]}, {"Node Type": "Index Scan", "Parent Relationship": "Inner", "Parallel Aware": false, "Scan Direction": "Forward", "Index Name": "keyword_pkey", "Relation Name": "keyword", "Alias": "k", "Startup Cost": 0.42, "Total Cost": 0.67, "Plan Rows": 1, "Plan Width": 4, "Actual Startup Time": 0.004, "Actual Total Time": 0.004, "Actual Rows": 0, "Actual Loops": 35, "Index Cond": "(id = mk.keyword_id)", "Rows Removed by Index Recheck": 0, "Filter": "((keyword)::text = ANY ('{murder,blood,gore,death,female-nudity}'::text[]))", "Rows Removed by Filter": 1}]}, {"Node Type": "Index Scan", "Parent Relationship": "Inner", "Parallel Aware": false, "Scan Direction": "Forward", "Index Name": "name_pkey", "Relation Name": "name", "Alias": "n", "Startup Cost": 0.43, "Total Cost": 1.08, "Plan Rows": 1, "Plan Width": 4, "Actual Startup Time": 0.008, "Actual Total Time": 0.008, "Actual Rows": 1, "Actual Loops": 6, "Index Cond": "(id = ci.person_id)", "Rows Removed by Index Recheck": 0, "Filter": "((gender)::text = 'm'::text)", "Rows Removed by Filter": 0}]}]}]}]}, "Planning Time": 95.53, "Triggers": [], "Execution Time": 2368.624}]
[{"Bao": {"Bao prediction": 718.846, "Bao recommended hint": "SET enable_mergejoin TO off; "}}, {"Plan": {"Node Type": "Aggregate", "Strategy": "Plain", "Partial Mode": "Finalize", "Parallel Aware": false, "Startup Cost": 358497.35, "Total Cost": 358497.36, "Plan Rows": 1, "Plan Width": 8, "Actual Startup Time": 831.538, "Actual Total Time": 857.946, "Actual Rows": 1, "Actual Loops": 1, "Plans": [{"Node Type": "Gather", "Parent Relationship": "Outer", "Parallel Aware": false, "Startup Cost": 358497.13, "Total Cost": 358497.34, "Plan Rows": 2, "Plan Width": 8, "Actual Startup Time": 831.375, "Actual Total Time": 857.94, "Actual Rows": 3, "Actual Loops": 1, "Workers Planned": 2, "Workers Launched": 2, "Single Copy": false, "Plans": [{"Node Type": "Aggregate", "Strategy": "Plain", "Partial Mode": "Partial", "Parent Relationship": "Outer", "Parallel Aware": false, "Startup Cost": 357497.13, "Total Cost": 357497.14, "Plan Rows": 1, "Plan Width": 8, "Actual Startup Time": 828.277, "Actual Total Time": 828.287, "Actual Rows": 1, "Actual Loops": 3, "Plans": [{"Node Type": "Nested Loop", "Parent Relationship": "Outer", "Parallel Aware": false, "Join Type": "Inner", "Startup Cost": 307124.75, "Total Cost": 357497.13, "Plan Rows": 1, "Plan Width": 0, "Actual Startup Time": 771.409, "Actual Total Time": 828.273, "Actual Rows": 209, "Actual Loops": 3, "Inner Unique": true, "Plans": [{"Node Type": "Hash Join", "Parent Relationship": "Outer", "Parallel Aware": true, "Join Type": "Inner", "Startup Cost": 307124.33, "Total Cost": 357496.69, "Plan Rows": 1, "Plan Width": 4, "Actual Startup Time": 771.386, "Actual Total Time": 827.801, "Actual Rows": 209, "Actual Loops": 3, "Inner Unique": false, "Hash Cond": "(mk.movie_id = t.id)", "Plans": [{"Node Type": "Seq Scan", "Parent Relationship": "Outer", "Parallel Aware": true, "Relation Name": "movie_keyword", "Alias": "mk", "Startup Cost": 0.0, "Total Cost": 43303.71, "Plan Rows": 1884971, "Plan Width": 8, "Actual Startup Time": 0.019, "Actual Total Time": 105.228, "Actual Rows": 1507977, "Actual Loops": 3}, {"Node Type": "Hash", "Parent Relationship": "Inner", "Parallel Aware": true, "Startup Cost": 307124.32, "Total Cost": 307124.32, "Plan Rows": 1, "Plan Width": 16, "Actual Startup Time": 618.837, "Actual Total Time": 618.845, "Actual Rows": 2, "Actual Loops": 3, "Hash Buckets": 1024, "Original Hash Buckets": 1024, "Hash Batches": 1, "Original Hash Batches": 1, "Peak Memory Usage": 104, "Plans": [{"Node Type": "Nested Loop", "Parent Relationship": "Outer", "Parallel Aware": false, "Join Type": "Inner", "Startup Cost": 273385.87, "Total Cost": 307124.32, "Plan Rows": 1, "Plan Width": 16, "Actual Startup Time": 560.71, "Actual Total Time": 618.748, "Actual Rows": 2, "Actual Loops": 3, "Inner Unique": true, "Plans": [{"Node Type": "Nested Loop", "Parent Relationship": "Outer", "Parallel Aware": false, "Join Type": "Inner", "Startup Cost": 273385.72, "Total Cost": 307124.15, "Plan Rows": 1, "Plan Width": 20, "Actual Startup Time": 560.677, "Actual Total Time": 618.71, "Actual Rows": 2, "Actual Loops": 3, "Inner Unique": true, "Join Filter": "(mi.movie_id = t.id)", "Rows Removed by Join Filter": 0, "Plans": [{"Node Type": "Nested Loop", "Parent Relationship": "Outer", "Parallel Aware": false, "Join Type": "Inner", "Startup Cost": 273385.29, "Total Cost": 307123.61, "Plan Rows": 1, "Plan Width": 12, "Actual Startup Time": 560.648, "Actual Total Time": 618.673, "Actual Rows": 2, "Actual Loops": 3, "Inner Unique": true, "Plans": [{"Node Type": "Nested Loop", "Parent Relationship": "Outer", "Parallel Aware": false, "Join Type": "Inner", "Startup Cost": 273385.15, "Total Cost": 307123.35, "Plan Rows": 1, "Plan Width": 16, "Actual Startup Time": 560.639, "Actual Total Time": 618.66, "Actual Rows": 2, "Actual Loops": 3, "Inner Unique": true, "Plans": [{"Node Type": "Nested Loop", "Parent Relationship": "Outer", "Parallel Aware": false, "Join Type": "Inner", "Startup Cost": 273385.0, "Total Cost": 307123.18, "Plan Rows": 1, "Plan Width": 20, "Actual Startup Time": 560.614, "Actual Total Time": 618.629, "Actual Rows": 2, "Actual Loops": 3, "Inner Unique": true, "Plans": [{"Node Type": "Hash Join", "Parent Relationship": "Outer", "Parallel Aware": true, "Join Type": "Inner", "Startup Cost": 273384.58, "Total Cost": 307122.73, "Plan Rows": 1, "Plan Width": 24, "Actual Startup Time": 560.582, "Actual Total Time": 618.588, "Actual Rows": 2, "Actual Loops": 3, "Inner Unique": false, "Hash Cond": "(mc.movie_id = mi.movie_id)", "Plans": [{"Node Type": "Seq Scan", "Parent Relationship": "Outer", "Parallel Aware": true, "Relation Name": "movie_companies", "Alias": "mc", "Startup Cost": 0.0, "Total Cost": 29661.37, "Plan Rows": 1087137, "Plan Width": 12, "Actual Startup Time": 0.009, "Actual Total Time": 62.053, "Actual Rows": 869710, "Actual Loops": 3}, {"Node Type": "Hash", "Parent Relationship": "Inner", "Parallel Aware": true, "Startup Cost": 273384.57, "Total Cost": 273384.57, "Plan Rows": 1, "Plan Width": 12, "Actual Startup Time": 496.594, "Actual Total Time": 496.597, "Actual Rows": 2, "Actual Loops": 3, "Hash Buckets": 1024, "Original Hash Buckets": 1024, "Hash Batches": 1, "Original Hash Batches": 1, "Peak Memory Usage": 72, "Plans": [{"Node Type": "Hash Join", "Parent Relationship": "Outer", "Parallel Aware": false, "Join Type": "Inner", "Startup Cost": 2467.01, "Total Cost": 273384.57, "Plan Rows": 1, "Plan Width": 12, "Actual Startup Time": 316.098, "Actual Total Time": 496.571, "Actual Rows": 2, "Actual Loops": 3, "Inner Unique": false, "Hash Cond": "(mi.movie_id = cc.movie_id)", "Plans": [{"Node Type": "Seq Scan", "Parent Relationship": "Outer", "Parallel Aware": true, "Relation Name": "movie_info", "Alias": "mi", "Startup Cost": 0.0, "Total Cost": 270917.11, "Plan Rows": 117, "Plan Width": 8, "Actual Startup Time": 128.225, "Actual Total Time": 472.986, "Actual Rows": 594, "Actual Loops": 3, "Filter": "((info IS NOT NULL) AND ((note)::text ~~ '%internet%'::text) AND (((info)::text ~~ 'USA:% 199%'::text) OR ((info)::text ~~ 'USA:% 200%'::text)))", "Rows Removed by Filter": 4944646}, {"Node Type": "Hash", "Parent Relationship": "Inner", "Parallel Aware": false, "Startup Cost": 2457.5, "Total Cost": 2457.5, "Plan Rows": 761, "Plan Width": 4, "Actual Startup Time": 23.36, "Actual Total Time": 23.362, "Actual Rows": 24592, "Actual Loops": 3, "Hash Buckets": 32768, "Original Hash Buckets": 1024, "Hash Batches": 1, "Original Hash Batches": 1, "Peak Memory Usage": 1121, "Plans": [{"Node Type": "Hash Join", "Parent Relationship": "Outer", "Parallel Aware": false, "Join Type": "Inner", "Startup Cost": 18.93, "Total Cost": 2457.5, "Plan Rows": 761, "Plan Width": 4, "Actual Startup Time": 0.047, "Actual Total Time": 20.412, "Actual Rows": 24592, "Actual Loops": 3, "Inner Unique": true, "Hash Cond": "(cc.status_id = cct1.id)", "Plans": [{"Node Type": "Seq Scan", "Parent Relationship": "Outer", "Parallel Aware": false, "Relation Name": "complete_cast", "Alias": "cc", "Startup Cost": 0.0, "Total Cost": 2081.86, "Plan Rows": 135086, "Plan Width": 8, "Actual Startup Time": 0.02, "Actual Total Time": 8.651, "Actual Rows": 135086, "Actual Loops": 3}, {"Node Type": "Hash", "Parent Relationship": "Inner", "Parallel Aware": false, "Startup Cost": 18.88, "Total Cost": 18.88, "Plan Rows": 4, "Plan Width": 4, "Actual Startup Time": 0.014, "Actual Total Time": 0.015, "Actual Rows": 1, "Actual Loops": 3, "Hash Buckets": 1024, "Original Hash Buckets": 1024, "Hash Batches": 1, "Original Hash Batches": 1, "Peak Memory Usage": 9, "Plans": [{"Node Type": "Seq Scan", "Parent Relationship": "Outer", "Parallel Aware": false, "Relation Name": "comp_cast_type", "Alias": "cct1", "Startup Cost": 0.0, "Total Cost": 18.88, "Plan Rows": 4, "Plan Width": 4, "Actual Startup Time": 0.008, "Actual Total Time": 0.008, "Actual Rows": 1, "Actual Loops": 3, "Filter": "((kind)::text = 'complete+verified'::text)", "Rows Removed by Filter": 3}]}]}]}]}]}]}, {"Node Type": "Index Scan", "Parent Relationship": "Inner", "Parallel Aware": false, "Scan Direction": "Forward", "Index Name": "company_name_pkey", "Relation Name": "company_name", "Alias": "cn", "Startup Cost": 0.42, "Total Cost": 0.45, "Plan Rows": 1, "Plan Width": 4, "Actual Startup Time": 0.015, "Actual Total Time": 0.015, "Actual Rows": 1, "Actual Loops": 7, "Index Cond": "(id = mc.company_id)", "Rows Removed by Index Recheck": 0, "Filter": "((country_code)::text = '[us]'::text)", "Rows Removed by Filter": 0}]}, {"Node Type": "Index Only Scan", "Parent Relationship": "Inner", "Parallel Aware": false, "Scan Direction": "Forward", "Index Name": "company_type_pkey", "Relation Name": "company_type", "Alias": "ct", "Startup Cost": 0.15, "Total Cost": 0.17, "Plan Rows": 1, "Plan Width": 4, "Actual Startup Time": 0.011, "Actual Total Time": 0.011, "Actual Rows": 1, "Actual Loops": 7, "Index Cond": "(id = mc.company_type_id)", "Rows Removed by Index Recheck": 0, "Heap Fetches": 7}]}, {"Node Type": "Index Scan", "Parent Relationship": "Inner", "Parallel Aware": false, "Scan Direction": "Forward", "Index Name": "info_type_pkey", "Relation Name": "info_type", "Alias": "it1", "Startup Cost": 0.14, "Total Cost": 0.21, "Plan Rows": 1, "Plan Width": 4, "Actual Startup Time": 0.004, "Actual Total Time": 0.004, "Actual Rows": 1, "Actual Loops": 7, "Index Cond": "(id = mi.info_type_id)", "Rows Removed by Index Recheck": 0, "Filter": "((info)::text = 'release dates'::text)", "Rows Removed by Filter": 0}]}, {"Node Type": "Index Scan", "Parent Relationship": "Inner", "Parallel Aware": false, "Scan Direction": "Forward", "Index Name": "title_pkey", "Relation Name": "title", "Alias": "t", "Startup Cost": 0.43, "Total Cost": 0.52, "Plan Rows": 1, "Plan Width": 8, "Actual Startup Time": 0.014, "Actual Total Time": 0.014, "Actual Rows": 1, "Actual Loops": 7, "Index Cond": "(id = mc.movie_id)", "Rows Removed by Index Recheck": 0, "Filter": "(production_year > 1990)", "Rows Removed by Filter": 0}]}, {"Node Type": "Index Scan", "Parent Relationship": "Inner", "Parallel Aware": false, "Scan Direction": "Forward", "Index Name": "kind_type_pkey", "Relation Name": "kind_type", "Alias": "kt", "Startup Cost": 0.15, "Total Cost": 0.17, "Plan Rows": 1, "Plan Width": 4, "Actual Startup Time": 0.015, "Actual Total Time": 0.015, "Actual Rows": 1, "Actual Loops": 7, "Index Cond": "(id = t.kind_id)", "Rows Removed by Index Recheck": 0, "Filter": "((kind)::text = ANY ('{movie,\"tv movie\",\"video movie\",\"video game\"}'::text[]))", "Rows Removed by Filter": 0}]}]}]}, {"Node Type": "Index Only Scan", "Parent Relationship": "Inner", "Parallel Aware": false, "Scan Direction": "Forward", "Index Name": "keyword_pkey", "Relation Name": "keyword", "Alias": "k", "Startup Cost": 0.42, "Total Cost": 0.44, "Plan Rows": 1, "Plan Width": 4, "Actual Startup Time": 0.002, "Actual Total Time": 0.002, "Actual Rows": 1, "Actual Loops": 628, "Index Cond": "(id = mk.keyword_id)", "Rows Removed by Index Recheck": 0, "Heap Fetches": 628}]}]}]}]}, "Planning Time": 143.947, "Triggers": [], "Execution Time": 858.105}]
[{"Bao": {"Bao prediction": 1132.467, "Bao recommended hint": "(no hint)"}}, {"Plan": {"Node Type": "Aggregate", "Strategy": "Plain", "Partial Mode": "Simple", "Parallel Aware": false, "Startup Cost": 323081.74, "Total Cost": 323081.75, "Plan Rows": 1, "Plan Width": 8, "Actual Startup Time": 1230.244, "Actual Total Time": 1257.955, "Actual Rows": 1, "Actual Loops": 1, "Plans": [{"Node Type": "Gather", "Parent Relationship": "Outer", "Parallel Aware": false, "Startup Cost": 272709.06, "Total Cost": 323081.74, "Plan Rows": 1, "Plan Width": 0, "Actual Startup Time": 1009.696, "Actual Total Time": 1257.946, "Actual Rows": 38, "Actual Loops": 1, "Workers Planned": 2, "Workers Launched": 2, "Single Copy": false, "Plans": [{"Node Type": "Nested Loop", "Parent Relationship": "Outer", "Parallel Aware": false, "Join Type": "Inner", "Startup Cost": 271709.06, "Total Cost": 322081.64, "Plan Rows": 1, "Plan Width": 0, "Actual Startup Time": 1153.132, "Actual Total Time": 1226.131, "Actual Rows": 13, "Actual Loops": 3, "Inner Unique": true, "Plans": [{"Node Type": "Hash Join", "Parent Relationship": "Outer", "Parallel Aware": true, "Join Type": "Inner", "Startup Cost": 271708.64, "Total Cost": 322081.17, "Plan Rows": 1, "Plan Width": 4, "Actual Startup Time": 1003.784, "Actual Total Time": 1225.55, "Actual Rows": 405, "Actual Loops": 3, "Inner Unique": false, "Hash Cond": "(mk.movie_id = ml.movie_id)", "Plans": [{"Node Type": "Seq Scan", "Parent Relationship": "Outer", "Parallel Aware": true, "Relation Name": "movie_keyword", "Alias": "mk", "Startup Cost": 0.0, "Total Cost": 43303.71, "Plan Rows": 1884971, "Plan Width": 8, "Actual Startup Time": 0.01, "Actual Total Time": 109.267, "Actual Rows": 1507977, "Actual Loops": 3}, {"Node Type": "Hash", "Parent Relationship": "Inner", "Parallel Aware": true, "Startup Cost": 271708.62, "Total Cost": 271708.62, "Plan Rows": 1, "Plan Width": 16, "Actual Startup Time": 1003.021, "Actual Total Time": 1003.03, "Actual Rows": 147, "Actual Loops": 3, "Hash Buckets": 1024, "Original Hash Buckets": 1024, "Hash Batches": 1, "Original Hash Batches": 1, "Peak Memory Usage": 104, "Plans": [{"Node Type": "Nested Loop", "Parent Relationship": "Outer", "Parallel Aware": false, "Join Type": "Inner", "Startup Cost": 271708.04, "Total Cost": 271708.62, "Plan Rows": 1, "Plan Width": 16, "Actual Startup Time": 998.923, "Actual Total Time": 1001.794, "Actual Rows": 147, "Actual Loops": 3, "Inner Unique": true, "Join Filter": "(ml.movie_id = t.id)", "Rows Removed by Join Filter": 0, "Plans": [{"Node Type": "Nested Loop", "Parent Relationship": "Outer", "Parallel Aware": false, "Join Type": "Inner", "Startup Cost": 271707.61, "Total Cost": 271708.02, "Plan Rows": 1, "Plan Width": 12, "Actual Startup Time": 998.891, "Actual Total Time": 1001.111, "Actual Rows": 357, "Actual Loops": 3, "Inner Unique": true, "Plans": [{"Node Type": "Merge Join", "Parent Relationship": "Outer", "Parallel Aware": false, "Join Type": "Inner", "Startup Cost": 271707.19, "Total Cost": 271707.56, "Plan Rows": 1, "Plan Width": 16, "Actual Startup Time": 998.82, "Actual Total Time": 999.308, "Actual Rows": 970, "Actual Loops": 3, "Inner Unique": false, "Merge Cond": "(mc.movie_id = ml.movie_id)", "Plans": [{"Node Type": "Sort", "Parent Relationship": "Outer", "Parallel Aware": false, "Startup Cost": 271144.99, "Total Cost": 271146.93, "Plan Rows": 775, "Plan Width": 12, "Actual Startup Time": 992.981, "Actual Total Time": 993.037, "Actual Rows": 769, "Actual Loops": 3, "Sort Key": ["mc.movie_id"], "Sort Method": "quicksort", "Sort Space Used": 3425, "Sort Space Type": "Memory", "Workers": [{"Worker Number": 0, "Sort Method": "quicksort", "Sort Space Used": 3257, "Sort Space Type": "Memory"}, {"Worker Number": 1, "Sort Method": "quicksort", "Sort Space Used": 2271, "Sort Space Type": "Memory"}], "Plans": [{"Node Type": "Hash Join", "Parent Relationship": "Outer", "Parallel Aware": true, "Join Type": "Inner", "Startup Cost": 31120.35, "Total Cost": 271107.8, "Plan Rows": 775, "Plan Width": 12, "Actual Startup Time": 936.46, "Actual Total Time": 983.79, "Actual Rows": 38777, "Actual Loops": 3, "Inner Unique": false, "Hash Cond": "(mi.movie_id = mc.movie_id)", "Plans": [{"Node Type": "Seq Scan", "Parent Relationship": "Outer", "Parallel Aware": true, "Relation Name": "movie_info", "Alias": "mi", "Startup Cost": 0.0, "Total Cost": 239795.93, "Plan Rows": 50209, "Plan Width": 4, "Actual Startup Time": 0.484, "Actual Total Time": 666.1, "Actual Rows": 38853, "Actual Loops": 3, "Filter": "((info)::text = ANY ('{Germany,German}'::text[]))", "Rows Removed by Filter": 4906387}, {"Node Type": "Hash", "Parent Relationship": "Inner", "Parallel Aware": true, "Startup Cost": 31082.95, "Total Cost": 31082.95, "Plan Rows": 2992, "Plan Width": 8, "Actual Startup Time": 257.959, "Actual Total Time": 257.961, "Actual Rows": 397976, "Actual Loops": 3, "Hash Buckets": 65536, "Original Hash Buckets": 8192, "Hash Batches": 16, "Original Hash Batches": 1, "Peak Memory Usage": 3488, "Plans": [{"Node Type": "Hash Join", "Parent Relationship": "Outer", "Parallel Aware": false, "Join Type": "Inner", "Startup Cost": 18.93, "Total Cost": 31082.95, "Plan Rows": 2992, "Plan Width": 8, "Actual Startup Time": 40.329, "Actual Total Time": 157.692, "Actual Rows": 397976, "Actual Loops": 3, "Inner Unique": true, "Hash Cond": "(mc.company_type_id = ct.id)", "Plans": [{"Node Type": "Seq Scan", "Parent Relationship": "Outer", "Parallel Aware": true, "Relation Name": "movie_companies", "Alias": "mc", "Startup Cost": 0.0, "Total Cost": 29661.37, "Plan Rows": 531175, "Plan Width": 12, "Actual Startup Time": 0.034, "Actual Total Time": 93.626, "Actual Rows": 423996, "Actual Loops": 3, "Filter": "(note IS NULL)", "Rows Removed by Filter": 445713}, {"Node Type": "Hash", "Parent Relationship": "Inner", "Parallel Aware": false, "Startup Cost": 18.88, "Total Cost": 18.88, "Plan Rows": 4, "Plan Width": 4, "Actual Startup Time": 0.022, "Actual Total Time": 0.023, "Actual Rows": 1, "Actual Loops": 3, "Hash Buckets": 1024, "Original Hash Buckets": 1024, "Hash Batches": 1, "Original Hash Batches": 1, "Peak Memory Usage": 9, "Plans": [{"Node Type": "Seq Scan", "Parent Relationship": "Outer", "Parallel Aware": false, "Relation Name": "company_type", "Alias": "ct", "Startup Cost": 0.0, "Total Cost": 18.88, "Plan Rows": 4, "Plan Width": 4, "Actual Startup Time": 0.019, "Actual Total Time": 0.02, "Actual Rows": 1, "Actual Loops": 3, "Filter": "((kind)::text = 'production companies'::text)", "Rows Removed by Filter": 3}]}]}]}]}]}, {"Node Type": "Sort", "Parent Relationship": "Inner", "Parallel Aware": false, "Startup Cost": 562.2, "Total Cost": 562.3, "Plan Rows": 42, "Plan Width": 4, "Actual Startup Time": 5.826, "Actual Total Time": 5.972, "Actual Rows": 3091, "Actual Loops": 3, "Sort Key": ["ml.movie_id"], "Sort Method": "quicksort", "Sort Space Used": 205, "Sort Space Type": "Memory", "Workers": [{"Worker Number": 0, "Sort Method": "quicksort", "Sort Space Used": 205, "Sort Space Type": "Memory"}, {"Worker Number": 1, "Sort Method": "quicksort", "Sort Space Used": 205, "Sort Space Type": "Memory"}], "Plans": [{"Node Type": "Hash Join", "Parent Relationship": "Outer", "Parallel Aware": false, "Join Type": "Inner", "Startup Cost": 18.89, "Total Cost": 561.07, "Plan Rows": 42, "Plan Width": 4, "Actual Startup Time": 0.058, "Actual Total Time": 5.425, "Actual Rows": 2315, "Actual Loops": 3, "Inner Unique": true, "Hash Cond": "(ml.link_type_id = lt.id)", "Plans": [{"Node Type": "Seq Scan", "Parent Relationship": "Outer", "Parallel Aware": false, "Relation Name": "movie_link", "Alias": "ml", "Startup Cost": 0.0, "Total Cost": 462.97, "Plan Rows": 29997, "Plan Width": 8, "Actual Startup Time": 0.03, "Actual Total Time": 2.449, "Actual Rows": 29997, "Actual Loops": 3}, {"Node Type": "Hash", "Parent Relationship": "Inner", "Parallel Aware": false, "Startup Cost": 18.88, "Total Cost": 18.88, "Plan Rows": 1, "Plan Width": 4, "Actual Startup Time": 0.017, "Actual Total Time": 0.017, "Actual Rows": 2, "Actual Loops": 3, "Hash Buckets": 1024, "Original Hash Buckets": 1024, "Hash Batches": 1, "Original Hash Batches": 1, "Peak Memory Usage": 9, "Plans": [{"Node Type": "Seq Scan", "Parent Relationship": "Outer", "Parallel Aware": false, "Relation Name": "link_type", "Alias": "lt", "Startup Cost": 0.0, "Total Cost": 18.88, "Plan Rows": 1, "Plan Width": 4, "Actual Startup Time": 0.011, "Actual Total Time": 0.014, "Actual Rows": 2, "Actual Loops": 3, "Filter": "((link)::text ~~ '%follow%'::text)", "Rows Removed by Filter": 16}]}]}]}]}, {"Node Type": "Index Scan", "Parent Relationship": "Inner", "Parallel Aware": false, "Scan Direction": "Forward", "Index Name": "company_name_pkey", "Relation Name": "company_name", "Alias": "cn", "Startup Cost": 0.42, "Total Cost": 0.46, "Plan Rows": 1, "Plan Width": 4, "Actual Startup Time": 0.002, "Actual Total Time": 0.002, "Actual Rows": 0, "Actual Loops": 2911, "Index Cond": "(id = mc.company_id)", "Rows Removed by Index Recheck": 0, "Filter": "(((country_code)::text <> '[pl]'::text) AND (((name)::text ~~ '%Film%'::text) OR ((name)::text ~~ '%Warner%'::text)))", "Rows Removed by Filter": 1}]}, {"Node Type": "Index Scan", "Parent Relationship": "Inner", "Parallel Aware": false, "Scan Direction": "Forward", "Index Name": "title_pkey", "Relation Name": "title", "Alias": "t", "Startup Cost": 0.43, "Total Cost": 0.59, "Plan Rows": 1, "Plan Width": 4, "Actual Startup Time": 0.002, "Actual Total Time": 0.002, "Actual Rows": 0, "Actual Loops": 1072, "Index Cond": "(id = mc.movie_id)", "Rows Removed by Index Recheck": 0, "Filter": "((production_year >= 2000) AND (production_year <= 2010))", "Rows Removed by Filter": 1}]}]}]}, {"Node Type": "Index Scan", "Parent Relationship": "Inner", "Parallel Aware": false, "Scan Direction": "Forward", "Index Name": "keyword_pkey", "Relation Name": "keyword", "Alias": "k", "Startup Cost": 0.42, "Total Cost": 0.44, "Plan Rows": 1, "Plan Width": 4, "Actual Startup Time": 0.001, "Actual Total Time": 0.001, "Actual Rows": 0, "Actual Loops": 1215, "Index Cond": "(id = mk.keyword_id)", "Rows Removed by Index Recheck": 0, "Filter": "((keyword)::text = 'sequel'::text)", "Rows Removed by Filter": 1}]}]}]}, "Planning Time": 103.773, "Triggers": [], "Execution Time": 1258.055}]
[{"Bao": {"Bao prediction": 2122.468, "Bao recommended hint": "SET enable_nestloop TO off; "}}, {"Plan": {"Node Type": "Aggregate", "Strategy": "Plain", "Partial Mode": "Finalize", "Parallel Aware": false, "Startup Cost": 748946.72, "Total Cost": 748946.73, "Plan Rows": 1, "Plan Width": 8, "Actual Startup Time": 3064.908, "Actual Total Time": 3167.418, "Actual Rows": 1, "Actual Loops": 1, "Plans": [{"Node Type": "Gather", "Parent Relationship": "Outer", "Parallel Aware": false, "Startup Cost": 748946.5, "Total Cost": 748946.71, "Plan Rows": 2, "Plan Width": 8, "Actual Startup Time": 3062.403, "Actual Total Time": 3167.41, "Actual Rows": 3, "Actual Loops": 1, "Workers Planned": 2, "Workers Launched": 2, "Single Copy": false, "Plans": [{"Node Type": "Aggregate", "Strategy": "Plain", "Partial Mode": "Partial", "Parent Relationship": "Outer", "Parallel Aware": false, "Startup Cost": 747946.5, "Total Cost": 747946.51, "Plan Rows": 1, "Plan Width": 8, "Actual Startup Time": 3060.102, "Actual Total Time": 3060.21, "Actual Rows": 1, "Actual Loops": 3, "Plans": [{"Node Type": "Hash Join", "Parent Relationship": "Outer", "Parallel Aware": true, "Join Type": "Inner", "Startup Cost": 731384.89, "Total Cost": 747945.06, "Plan Rows": 576, "Plan Width": 0, "Actual Startup Time": 2957.786, "Actual Total Time": 3052.51, "Actual Rows": 161027, "Actual Loops": 3, "Inner Unique": false, "Hash Cond": "(an.person_id = n.id)", "Plans": [{"Node Type": "Seq Scan", "Parent Relationship": "Outer", "Parallel Aware": true, "Relation Name": "aka_name", "Alias": "an", "Startup Cost": 0.0, "Total Cost": 15151.6, "Plan Rows": 375560, "Plan Width": 4, "Actual Startup Time": 0.014, "Actual Total Time": 28.871, "Actual Rows": 300448, "Actual Loops": 3}, {"Node Type": "Hash", "Parent Relationship": "Inner", "Parallel Aware": true, "Startup Cost": 731381.76, "Total Cost": 731381.76, "Plan Rows": 250, "Plan Width": 8, "Actual Startup Time": 2957.279, "Actual Total Time": 2957.385, "Actual Rows": 57856, "Actual Loops": 3, "Hash Buckets": 262144, "Original Hash Buckets": 1024, "Hash Batches": 1, "Original Hash Batches": 1, "Peak Memory Usage": 10936, "Plans": [{"Node Type": "Hash Join", "Parent Relationship": "Outer", "Parallel Aware": true, "Join Type": "Inner", "Startup Cost": 697638.9, "Total Cost": 731381.76, "Plan Rows": 250, "Plan Width": 8, "Actual Startup Time": 2793.867, "Actual Total Time": 2934.23, "Actual Rows": 57856, "Actual Loops": 3, "Inner Unique": true, "Hash Cond": "(mc.company_id = cn.id)", "Plans": [{"Node Type": "Hash Join", "Parent Relationship": "Outer", "Parallel Aware": true, "Join Type": "Inner", "Startup Cost": 692294.39, "Total Cost": 726035.43, "Plan Rows": 697, "Plan Width": 12, "Actual Startup Time": 2776.261, "Actual Total Time": 2896.435, "Actual Rows": 142133, "Actual Loops": 3, "Inner Unique": false, "Hash Cond": "(mc.movie_id = ci.movie_id)", "Plans": [{"Node Type": "Seq Scan", "Parent Relationship": "Outer", "Parallel Aware": true, "Relation Name": "movie_companies", "Alias": "mc", "Startup Cost": 0.0, "Total Cost": 29661.37, "Plan Rows": 1087137, "Plan Width": 8, "Actual Startup Time": 0.014, "Actual Total Time": 82.258, "Actual Rows": 869710, "Actual Loops": 3}, {"Node Type": "Hash", "Parent Relationship": "Inner", "Parallel Aware": true, "Startup Cost": 692291.4, "Total Cost": 692291.4, "Plan Rows": 239, "Plan Width": 16, "Actual Startup Time": 2554.533, "Actual Total Time": 2554.634, "Actual Rows": 85164, "Actual Loops": 3, "Hash Buckets": 65536, "Original Hash Buckets": 1024, "Hash Batches": 8, "Original Hash Batches": 1, "Peak Memory Usage": 2080, "Plans": [{"Node Type": "Hash Join", "Parent Relationship": "Outer", "Parallel Aware": true, "Join Type": "Inner", "Startup Cost": 641806.8, "Total Cost": 692291.4, "Plan Rows": 239, "Plan Width": 16, "Actual Startup Time": 2361.791, "Actual Total Time": 2530.484, "Actual Rows": 85164, "Actual Loops": 3, "Inner Unique": false, "Hash Cond": "(t.id = ci.movie_id)", "Plans": [{"Node Type": "Seq Scan", "Parent Relationship": "Outer", "Parallel Aware": true, "Relation Name": "title", "Alias": "t", "Startup Cost": 0.0, "Total Cost": 46532.98, "Plan Rows": 1053498, "Plan Width": 4, "Actual Startup Time": 0.017, "Actual Total Time": 84.337, "Actual Rows": 842771, "Actual Loops": 3}, {"Node Type": "Hash", "Parent Relationship": "Inner", "Parallel Aware": true, "Startup Cost": 641803.82, "Total Cost": 641803.82, "Plan Rows": 239, "Plan Width": 12, "Actual Startup Time": 2128.233, "Actual Total Time": 2128.332, "Actual Rows": 85164, "Actual Loops": 3, "Hash Buckets": 65536, "Original Hash Buckets": 1024, "Hash Batches": 8, "Original Hash Batches": 1, "Peak Memory Usage": 2080, "Plans": [{"Node Type": "Hash Join", "Parent Relationship": "Outer", "Parallel Aware": true, "Join Type": "Inner", "Startup Cost": 154975.12, "Total Cost": 641803.82, "Plan Rows": 239, "Plan Width": 12, "Actual Startup Time": 1987.139, "Actual Total Time": 2093.411, "Actual Rows": 85164, "Actual Loops": 3, "Inner Unique": true, "Hash Cond": "(ci.person_role_id = chn.id)", "Plans": [{"Node Type": "Hash Join", "Parent Relationship": "Outer", "Parallel Aware": true, "Join Type": "Inner", "Startup Cost": 83973.88, "Total Cost": 565683.28, "Plan Rows": 490, "Plan Width": 16, "Actual Startup Time": 1665.252, "Actual Total Time": 1706.446, "Actual Rows": 92002, "Actual Loops": 3, "Inner Unique": true, "Hash Cond": "(ci.person_id = n.id)", "Plans": [{"Node Type": "Hash Join", "Parent Relationship": "Outer", "Parallel Aware": false, "Join Type": "Inner", "Startup Cost": 18.93, "Total Cost": 480120.81, "Plan Rows": 2103, "Plan Width": 12, "Actual Startup Time": 438.678, "Actual Total Time": 1433.848, "Actual Rows": 92055, "Actual Loops": 3, "Inner Unique": true, "Hash Cond": "(ci.role_id = rt.id)", "Plans": [{"Node Type": "Seq Scan", "Parent Relationship": "Outer", "Parallel Aware": true, "Relation Name": "cast_info", "Alias": "ci", "Startup Cost": 0.0, "Total Cost": 479115.98, "Plan Rows": 373356, "Plan Width": 16, "Actual Startup Time": 0.063, "Actual Total Time": 1403.064, "Actual Rows": 289159, "Actual Loops": 3, "Filter": "((note)::text = ANY ('{(voice),\"(voice: Japanese version)\",\"(voice) (uncredited)\",\"(voice: English version)\"}'::text[]))", "Rows Removed by Filter": 11792289}, {"Node Type": "Hash", "Parent Relationship": "Inner", "Parallel Aware": false, "Startup Cost": 18.88, "Total Cost": 18.88, "Plan Rows": 4, "Plan Width": 4, "Actual Startup Time": 0.018, "Actual Total Time": 0.019, "Actual Rows": 1, "Actual Loops": 3, "Hash Buckets": 1024, "Original Hash Buckets": 1024, "Hash Batches": 1, "Original Hash Batches": 1, "Peak Memory Usage": 9, "Plans": [{"Node Type": "Seq Scan", "Parent Relationship": "Outer", "Parallel Aware": false, "Relation Name": "role_type", "Alias": "rt", "Startup Cost": 0.0, "Total Cost": 18.88, "Plan Rows": 4, "Plan Width": 4, "Actual Startup Time": 0.015, "Actual Total Time": 0.016, "Actual Rows": 1, "Actual Loops": 3, "Filter": "((role)::text = 'actress'::text)", "Rows Removed by Filter": 11}]}]}, {"Node Type": "Hash", "Parent Relationship": "Inner", "Parallel Aware": true, "Startup Cost": 77320.68, "Total Cost": 77320.68, "Plan Rows": 404342, "Plan Width": 4, "Actual Startup Time": 211.049, "Actual Total Time": 211.05, "Actual Rows": 320518, "Actual Loops": 3, "Hash Buckets": 131072, "Original Hash Buckets": 131072, "Hash Batches": 16, "Original Hash Batches": 16, "Peak Memory Usage": 3424, "Plans": [{"Node Type": "Seq Scan", "Parent Relationship": "Outer", "Parallel Aware": true, "Relation Name": "name", "Alias": "n", "Startup Cost": 0.0, "Total Cost": 77320.68, "Plan Rows": 404342, "Plan Width": 4, "Actual Startup Time": 62.684, "Actual Total Time": 164.853, "Actual Rows": 320518, "Actual Loops": 3, "Filter": "((gender)::text = 'f'::text)", "Rows Removed by Filter": 1068645}]}]}, {"Node Type": "Hash", "Parent Relationship": "Inner", "Parallel Aware": true, "Startup Cost": 49533.0, "Total Cost": 49533.0, "Plan Rows": 1308500, "Plan Width": 4, "Actual Startup Time": 259.451, "Actual Total Time": 259.452, "Actual Rows": 1046780, "Actual Loops": 3, "Hash Buckets": 131072, "Original Hash Buckets": 131072, "Hash Batches": 64, "Original Hash Batches": 64, "Peak Memory Usage": 2976, "Plans": [{"Node Type": "Seq Scan", "Parent Relationship": "Outer", "Parallel Aware": true, "Relation Name": "char_name", "Alias": "chn", "Startup Cost": 0.0, "Total Cost": 49533.0, "Plan Rows": 1308500, "Plan Width": 4, "Actual Startup Time": 0.04, "Actual Total Time": 116.442, "Actual Rows": 1046780, "Actual Loops": 3}]}]}]}]}]}]}, {"Node Type": "Hash", "Parent Relationship": "Inner", "Parallel Aware": true, "Startup Cost": 4722.92, "Total Cost": 4722.92, "Plan Rows": 49727, "Plan Width": 4, "Actual Startup Time": 17.269, "Actual Total Time": 17.27, "Actual Rows": 28281, "Actual Loops": 3, "Hash Buckets": 131072, "Original Hash Buckets": 131072, "Hash Batches": 1, "Original Hash Batches": 1, "Peak Memory Usage": 4416, "Plans": [{"Node Type": "Seq Scan", "Parent Relationship": "Outer", "Parallel Aware": true, "Relation Name": "company_name", "Alias": "cn", "Startup Cost": 0.0, "Total Cost": 4722.92, "Plan Rows": 49727, "Plan Width": 4, "Actual Startup Time": 0.017, "Actual Total Time": 11.733, "Actual Rows": 28281, "Actual Loops": 3, "Filter": "((country_code)::text = '[us]'::text)", "Rows Removed by Filter": 50051}]}]}]}]}]}]}]}, "Planning Time": 90.727, "Triggers": [], "Execution Time": 3167.512}]
[{"Bao": {"Bao prediction": 331.513, "Bao recommended hint": "(no hint)"}}, {"Plan": {"Node Type": "Aggregate", "Strategy": "Plain", "Partial Mode": "Simple", "Parallel Aware": false, "Startup Cost": 51398.92, "Total Cost": 51398.93, "Plan Rows": 1, "Plan Width": 8, "Actual Startup Time": 248.596, "Actual Total Time": 253.763, "Actual Rows": 1, "Actual Loops": 1, "Plans": [{"Node Type": "Nested Loop", "Parent Relationship": "Outer", "Parallel Aware": false, "Join Type": "Inner", "Startup Cost": 36128.39, "Total Cost": 51398.92, "Plan Rows": 1, "Plan Width": 0, "Actual Startup Time": 248.342, "Actual Total Time": 253.758, "Actual Rows": 3, "Actual Loops": 1, "Inner Unique": true, "Join Filter": "(mc.movie_id = t.id)", "Rows Removed by Join Filter": 0, "Plans": [{"Node Type": "Gather", "Parent Relationship": "Outer", "Parallel Aware": false, "Startup Cost": 36127.96, "Total Cost": 51398.33, "Plan Rows": 1, "Plan Width": 8, "Actual Startup Time": 248.278, "Actual Total Time": 253.661, "Actual Rows": 23, "Actual Loops": 1, "Workers Planned": 2, "Workers Launched": 2, "Single Copy": false, "Plans": [{"Node Type": "Hash Join", "Parent Relationship": "Outer", "Parallel Aware": true, "Join Type": "Inner", "Startup Cost": 35127.96, "Total Cost": 50398.23, "Plan Rows": 1, "Plan Width": 8, "Actual Startup Time": 246.426, "Actual Total Time": 246.464, "Actual Rows": 8, "Actual Loops": 3, "Inner Unique": false, "Hash Cond": "(mi_idx.movie_id = mc.movie_id)", "Plans": [{"Node Type": "Hash Join", "Parent Relationship": "Outer", "Parallel Aware": false, "Join Type": "Inner", "Startup Cost": 2.43, "Total Cost": 15253.6, "Plan Rows": 5089, "Plan Width": 4, "Actual Startup Time": 75.855, "Actual Total Time": 75.882, "Actual Rows": 83, "Actual Loops": 3, "Inner Unique": true, "Hash Cond": "(mi_idx.info_type_id = it.id)", "Plans": [{"Node Type": "Seq Scan", "Parent Relationship": "Outer", "Parallel Aware": true, "Relation Name": "movie_info_idx", "Alias": "mi_idx", "Startup Cost": 0.0, "Total Cost": 13685.15, "Plan Rows": 575015, "Plan Width": 8, "Actual Startup Time": 0.008, "Actual Total Time": 36.92, "Actual Rows": 460012, "Actual Loops": 3}, {"Node Type": "Hash", "Parent Relationship": "Inner", "Parallel Aware": false, "Startup Cost": 2.41, "Total Cost": 2.41, "Plan Rows": 1, "Plan Width": 4, "Actual Startup Time": 0.035, "Actual Total Time": 0.035, "Actual Rows": 1, "Actual Loops": 3, "Hash Buckets": 1024, "Original Hash Buckets": 1024, "Hash Batches": 1, "Original Hash Batches": 1, "Peak Memory Usage": 9, "Plans": [{"Node Type": "Seq Scan", "Parent Relationship": "Outer", "Parallel Aware": false, "Relation Name": "info_type", "Alias": "it", "Startup Cost": 0.0, "Total Cost": 2.41, "Plan Rows": 1, "Plan Width": 4, "Actual Startup Time": 0.03, "Actual Total Time": 0.03, "Actual Rows": 1, "Actual Loops": 3, "Filter": "((info)::text = 'top 250 rank'::text)", "Rows Removed by Filter": 112}]}]}, {"Node Type": "Hash", "Parent Relationship": "Inner", "Parallel Aware": true, "Startup Cost": 35125.28, "Total Cost": 35125.28, "Plan Rows": 20, "Plan Width": 4, "Actual Startup Time": 170.208, "Actual Total Time": 170.209, "Actual Rows": 5937, "Actual Loops": 3, "Hash Buckets": 32768, "Original Hash Buckets": 1024, "Hash Batches": 1, "Original Hash Batches": 1, "Peak Memory Usage": 1272, "Plans": [{"Node Type": "Hash Join", "Parent Relationship": "Outer", "Parallel Aware": false, "Join Type": "Inner", "Startup Cost": 18.93, "Total Cost": 35125.28, "Plan Rows": 20, "Plan Width": 4, "Actual Startup Time": 118.549, "Actual Total Time": 161.207, "Actual Rows": 5937, "Actual Loops": 3, "Inner Unique": true, "Hash Cond": "(mc.company_type_id = ct.id)", "Plans": [{"Node Type": "Seq Scan", "Parent Relationship": "Outer", "Parallel Aware": true, "Relation Name": "movie_companies", "Alias": "mc", "Startup Cost": 0.0, "Total Cost": 35097.06, "Plan Rows": 3522, "Plan Width": 8, "Actual Startup Time": 89.37, "Actual Total Time": 160.289, "Actual Rows": 5939, "Actual Loops": 3, "Filter": "(((note)::text !~~ '%(as Metro-Goldwyn-Mayer Pictures)%'::text) AND ((note)::text ~~ '%(co-production)%'::text))", "Rows Removed by Filter": 863771}, {"Node Type": "Hash", "Parent Relationship": "Inner", "Parallel Aware": false, "Startup Cost": 18.88, "Total Cost": 18.88, "Plan Rows": 4, "Plan Width": 4, "Actual Startup Time": 0.022, "Actual Total Time": 0.022, "Actual Rows": 1, "Actual Loops": 3, "Hash Buckets": 1024, "Original Hash Buckets": 1024, "Hash Batches": 1, "Original Hash Batches": 1, "Peak Memory Usage": 9, "Plans": [{"Node Type": "Seq Scan", "Parent Relationship": "Outer", "Parallel Aware": false, "Relation Name": "company_type", "Alias": "ct", "Startup Cost": 0.0, "Total Cost": 18.88, "Plan Rows": 4, "Plan Width": 4, "Actual Startup Time": 0.018, "Actual Total Time": 0.019, "Actual Rows": 1, "Actual Loops": 3, "Filter": "((kind)::text = 'production companies'::text)", "Rows Removed by Filter": 3}]}]}]}]}]}, {"Node Type": "Index Scan", "Parent Relationship": "Inner", "Parallel Aware": false, "Scan Direction": "Forward", "Index Name": "title_pkey", "Relation Name": "title", "Alias": "t", "Startup Cost": 0.43, "Total Cost": 0.58, "Plan Rows": 1, "Plan Width": 4, "Actual Startup Time": 0.003, "Actual Total Time": 0.003, "Actual Rows": 0, "Actual Loops": 23, "Index Cond": "(id = mi_idx.movie_id)", "Rows Removed by Index Recheck": 0, "Filter": "(production_year > 2010)", "Rows Removed by Filter": 1}]}]}, "Planning Time": 82.432, "Triggers": [], "Execution Time": 253.83}]
[{"Bao": {"Bao prediction": 938.664, "Bao recommended hint": "(no hint)"}}, {"Plan": {"Node Type": "Aggregate", "Strategy": "Plain", "Partial Mode": "Simple", "Parallel Aware": false, "Startup Cost": 279580.04, "Total Cost": 279580.05, "Plan Rows": 1, "Plan Width": 8, "Actual Startup Time": 729.456, "Actual Total Time": 751.956, "Actual Rows": 1, "Actual Loops": 1, "Plans": [{"Node Type": "Nested Loop", "Parent Relationship": "Outer", "Parallel Aware": false, "Join Type": "Inner", "Startup Cost": 38815.63, "Total Cost": 279580.04, "Plan Rows": 1, "Plan Width": 0, "Actual Startup Time": 729.452, "Actual Total Time": 751.952, "Actual Rows": 0, "Actual Loops": 1, "Inner Unique": true, "Plans": [{"Node Type": "Nested Loop", "Parent Relationship": "Outer", "Parallel Aware": false, "Join Type": "Inner", "Startup Cost": 38815.2, "Total Cost": 279579.29, "Plan Rows": 1, "Plan Width": 8, "Actual Startup Time": 729.451, "Actual Total Time": 751.951, "Actual Rows": 0, "Actual Loops": 1, "Inner Unique": true, "Plans": [{"Node Type": "Nested Loop", "Parent Relationship": "Outer", "Parallel Aware": false, "Join Type": "Inner", "Startup Cost": 38815.06, "Total Cost": 279579.13, "Plan Rows": 1, "Plan Width": 12, "Actual Startup Time": 729.451, "Actual Total Time": 751.951, "Actual Rows": 0, "Actual Loops": 1, "Inner Unique": true, "Plans": [{"Node Type": "Gather", "Parent Relationship": "Outer", "Parallel Aware": false, "Startup Cost": 38814.91, "Total Cost": 279567.76, "Plan Rows": 1, "Plan Width": 16, "Actual Startup Time": 176.678, "Actual Total Time": 750.514, "Actual Rows": 1768, "Actual Loops": 1, "Workers Planned": 2, "Workers Launched": 2, "Single Copy": false, "Plans": [{"Node Type": "Hash Join", "Parent Relationship": "Outer", "Parallel Aware": true, "Join Type": "Inner", "Startup Cost": 37814.91, "Total Cost": 278567.66, "Plan Rows": 1, "Plan Width": 16, "Actual Startup Time": 166.658, "Actual Total Time": 726.669, "Actual Rows": 589, "Actual Loops": 3, "Inner Unique": false, "Hash Cond": "(mi.movie_id = mc.movie_id)", "Plans": [{"Node Type": "Seq Scan", "Parent Relationship": "Outer", "Parallel Aware": true, "Relation Name": "movie_info", "Alias": "mi", "Startup Cost": 0.0, "Total Cost": 239795.93, "Plan Rows": 255147, "Plan Width": 8, "Actual Startup Time": 40.66, "Actual Total Time": 598.44, "Actual Rows": 184259, "Actual Loops": 3, "Filter": "((info)::text = ANY ('{USA,America}'::text[]))", "Rows Removed by Filter": 4760981}, {"Node Type": "Hash", "Parent Relationship": "Inner", "Parallel Aware": true, "Startup Cost": 37814.9, "Total Cost": 37814.9, "Plan Rows": 1, "Plan Width": 8, "Actual Startup Time": 112.245, "Actual Total Time": 112.246, "Actual Rows": 473, "Actual Loops": 3, "Hash Buckets": 1024, "Original Hash Buckets": 1024, "Hash Batches": 1, "Original Hash Batches": 1, "Peak Memory Usage": 104, "Plans": [{"Node Type": "Seq Scan", "Parent Relationship": "Outer", "Parallel Aware": true, "Relation Name": "movie_companies", "Alias": "mc", "Startup Cost": 0.0, "Total Cost": 37814.9, "Plan Rows": 1, "Plan Width": 8, "Actual Startup Time": 5.092, "Actual Total Time": 112.112, "Actual Rows": 473, "Actual Loops": 3, "Filter": "(((note)::text ~~ '%(VHS)%'::text) AND ((note)::text ~~ '%(USA)%'::text) AND ((note)::text ~~ '%(1994)%'::text))", "Rows Removed by Filter": 869237}]}]}]}, {"Node Type": "Index Scan", "Parent Relationship": "Inner", "Parallel Aware": false, "Scan Direction": "Forward", "Index Name": "company_type_pkey", "Relation Name": "company_type", "Alias": "ct", "Startup Cost": 0.15, "Total Cost": 8.17, "Plan Rows": 1, "Plan Width": 4, "Actual Startup Time": 0.001, "Actual Total Time": 0.001, "Actual Rows": 0, "Actual Loops": 1768, "Index Cond": "(id = mc.company_type_id)", "Rows Removed by Index Recheck": 0, "Filter": "((kind)::text = 'production companies'::text)", "Rows Removed by Filter": 1}]}, {"Node Type": "Index Only Scan", "Parent Relationship": "Inner", "Parallel Aware": false, "Scan Direction": "Forward", "Index Name": "info_type_pkey", "Relation Name": "info_type", "Alias": "it", "Startup Cost": 0.14, "Total Cost": 0.16, "Plan Rows": 1, "Plan Width": 4, "Actual Startup Time": 0.0, "Actual Total Time": 0.0, "Actual Rows": 0, "Actual Loops": 0, "Index Cond": "(id = mi.info_type_id)", "Rows Removed by Index Recheck": 0, "Heap Fetches": 0}]}, {"Node Type": "Index Scan", "Parent Relationship": "Inner", "Parallel Aware": false, "Scan Direction": "Forward", "Index Name": "title_pkey", "Relation Name": "title", "Alias": "t", "Startup Cost": 0.43, "Total Cost": 0.74, "Plan Rows": 1, "Plan Width": 4, "Actual Startup Time": 0.0, "Actual Total Time": 0.0, "Actual Rows": 0, "Actual Loops": 0, "Index Cond": "(id = mi.movie_id)", "Rows Removed by Index Recheck": 0, "Filter": "(production_year > 2010)", "Rows Removed by Filter": 0}]}]}, "Planning Time": 79.136, "Triggers": [], "Execution Time": 752.022}]
[{"Bao": {"Bao prediction": 1926.676, "Bao recommended hint": "(no hint)"}}, {"Plan": {"Node Type": "Aggregate", "Strategy": "Plain", "Partial Mode": "Simple", "Parallel Aware": false, "Startup Cost": 359412.74, "Total Cost": 359412.75, "Plan Rows": 1, "Plan Width": 8, "Actual Startup Time": 1500.578, "Actual Total Time": 1530.553, "Actual Rows": 1, "Actual Loops": 1, "Plans": [{"Node Type": "Gather", "Parent Relationship": "Outer", "Parallel Aware": false, "Startup Cost": 309040.24, "Total Cost": 359412.74, "Plan Rows": 1, "Plan Width": 0, "Actual Startup Time": 1336.705, "Actual Total Time": 1530.542, "Actual Rows": 31, "Actual Loops": 1, "Workers Planned": 2, "Workers Launched": 2, "Single Copy": false, "Plans": [{"Node Type": "Nested Loop", "Parent Relationship": "Outer", "Parallel Aware": false, "Join Type": "Inner", "Startup Cost": 308040.24, "Total Cost": 358412.64, "Plan Rows": 1, "Plan Width": 0, "Actual Startup Time": 1336.017, "Actual Total Time": 1496.565, "Actual Rows": 10, "Actual Loops": 3, "Inner Unique": true, "Plans": [{"Node Type": "Hash Join", "Parent Relationship": "Outer", "Parallel Aware": true, "Join Type": "Inner", "Startup Cost": 308039.82, "Total Cost": 358412.18, "Plan Rows": 1, "Plan Width": 4, "Actual Startup Time": 1328.058, "Actual Total Time": 1494.38, "Actual Rows": 869, "Actual Loops": 3, "Inner Unique": false, "Hash Cond": "(mk.movie_id = t.id)", "Plans": [{"Node Type": "Seq Scan", "Parent Relationship": "Outer", "Parallel Aware": true, "Relation Name": "movie_keyword", "Alias": "mk", "Startup Cost": 0.0, "Total Cost": 43303.71, "Plan Rows": 1884971, "Plan Width": 8, "Actual Startup Time": 0.015, "Actual Total Time": 103.442, "Actual Rows": 1507977, "Actual Loops": 3}, {"Node Type": "Hash", "Parent Relationship": "Inner", "Parallel Aware": true, "Startup Cost": 308039.81, "Total Cost": 308039.81, "Plan Rows": 1, "Plan Width": 16, "Actual Startup Time": 1281.569, "Actual Total Time": 1281.578, "Actual Rows": 30, "Actual Loops": 3, "Hash Buckets": 1024, "Original Hash Buckets": 1024, "Hash Batches": 1, "Original Hash Batches": 1, "Peak Memory Usage": 104, "Plans": [{"Node Type": "Nested Loop", "Parent Relationship": "Outer", "Parallel Aware": false, "Join Type": "Inner", "Startup Cost": 272712.01, "Total Cost": 308039.81, "Plan Rows": 1, "Plan Width": 16, "Actual Startup Time": 1103.647, "Actual Total Time": 1281.308, "Actual Rows": 30, "Actual Loops": 3, "Inner Unique": true, "Plans": [{"Node Type": "Nested Loop", "Parent Relationship": "Outer", "Parallel Aware": false, "Join Type": "Inner", "Startup Cost": 272711.86, "Total Cost": 308039.64, "Plan Rows": 1, "Plan Width": 20, "Actual Startup Time": 1103.627, "Actual Total Time": 1281.198, "Actual Rows": 30, "Actual Loops": 3, "Inner Unique": true, "Plans": [{"Node Type": "Nested Loop", "Parent Relationship": "Outer", "Parallel Aware": false, "Join Type": "Inner", "Startup Cost": 272711.44, "Total Cost": 308039.09, "Plan Rows": 1, "Plan Width": 24, "Actual Startup Time": 1103.137, "Actual Total Time": 1280.74, "Actual Rows": 58, "Actual Loops": 3, "Inner Unique": true, "Plans": [{"Node Type": "Nested Loop", "Parent Relationship": "Outer", "Parallel Aware": false, "Join Type": "Inner", "Startup Cost": 272711.29, "Total Cost": 308038.41, "Plan Rows": 4, "Plan Width": 28, "Actual Startup Time": 1066.705, "Actual Total Time": 1280.509, "Actual Rows": 79, "Actual Loops": 3, "Inner Unique": true, "Join Filter": "(mi.movie_id = t.id)", "Rows Removed by Join Filter": 0, "Plans": [{"Node Type": "Hash Join", "Parent Relationship": "Outer", "Parallel Aware": true, "Join Type": "Inner", "Startup Cost": 272710.86, "Total Cost": 308027.32, "Plan Rows": 18, "Plan Width": 20, "Actual Startup Time": 1053.081, "Actual Total Time": 1216.689, "Actual Rows": 26221, "Actual Loops": 3, "Inner Unique": false, "Hash Cond": "(mc.movie_id = mi.movie_id)", "Plans": [{"Node Type": "Seq Scan", "Parent Relationship": "Outer", "Parallel Aware": true, "Relation Name": "movie_companies", "Alias": "mc", "Startup Cost": 0.0, "Total Cost": 35097.06, "Plan Rows": 58487, "Plan Width": 12, "Actual Startup Time": 0.019, "Actual Total Time": 141.28, "Actual Rows": 101090, "Actual Loops": 3, "Filter": "(((note)::text !~~ '%(USA)%'::text) AND ((note)::text ~~ '%(200%)%'::text))", "Rows Removed by Filter": 768619}, {"Node Type": "Hash", "Parent Relationship": "Inner", "Parallel Aware": true, "Startup Cost": 272710.09, "Total Cost": 272710.09, "Plan Rows": 61, "Plan Width": 8, "Actual Startup Time": 1052.98, "Actual Total Time": 1052.985, "Actual Rows": 49082, "Actual Loops": 3, "Hash Buckets": 262144, "Original Hash Buckets": 1024, "Hash Batches": 1, "Original Hash Batches": 1, "Peak Memory Usage": 9912, "Plans": [{"Node Type": "Hash Join", "Parent Relationship": "Outer", "Parallel Aware": true, "Join Type": "Inner", "Startup Cost": 16511.57, "Total Cost": 272710.09, "Plan Rows": 61, "Plan Width": 8, "Actual Startup Time": 986.439, "Actual Total Time": 1034.46, "Actual Rows": 49082, "Actual Loops": 3, "Inner Unique": false, "Hash Cond": "(mi.movie_id = mi_idx.movie_id)", "Plans": [{"Node Type": "Hash Join", "Parent Relationship": "Outer", "Parallel Aware": false, "Join Type": "Inner", "Startup Cost": 2.43, "Total Cost": 256190.56, "Plan Rows": 2702, "Plan Width": 4, "Actual Startup Time": 619.648, "Actual Total Time": 808.366, "Actual Rows": 196255, "Actual Loops": 3, "Inner Unique": true, "Hash Cond": "(mi.info_type_id = it1.id)", "Plans": [{"Node Type": "Seq Scan", "Parent Relationship": "Outer", "Parallel Aware": true, "Relation Name": "movie_info", "Alias": "mi", "Startup Cost": 0.0, "Total Cost": 255356.52, "Plan Rows": 305356, "Plan Width": 8, "Actual Startup Time": 0.394, "Actual Total Time": 780.434, "Actual Rows": 223112, "Actual Loops": 3, "Filter": "((info)::text = ANY ('{Germany,German,USA,American}'::text[]))", "Rows Removed by Filter": 4722128}, {"Node Type": "Hash", "Parent Relationship": "Inner", "Parallel Aware": false, "Startup Cost": 2.41, "Total Cost": 2.41, "Plan Rows": 1, "Plan Width": 4, "Actual Startup Time": 0.016, "Actual Total Time": 0.016, "Actual Rows": 1, "Actual Loops": 3, "Hash Buckets": 1024, "Original Hash Buckets": 1024, "Hash Batches": 1, "Original Hash Batches": 1, "Peak Memory Usage": 9, "Plans": [{"Node Type": "Seq Scan", "Parent Relationship": "Outer", "Parallel Aware": false, "Relation Name": "info_type", "Alias": "it1", "Startup Cost": 0.0, "Total Cost": 2.41, "Plan Rows": 1, "Plan Width": 4, "Actual Startup Time": 0.007, "Actual Total Time": 0.015, "Actual Rows": 1, "Actual Loops": 3, "Filter": "((info)::text = 'countries'::text)", "Rows Removed by Filter": 112}]}]}, {"Node Type": "Hash", "Parent Relationship": "Inner", "Parallel Aware": true, "Startup Cost": 16455.12, "Total Cost": 16455.12, "Plan Rows": 4322, "Plan Width": 4, "Actual Startup Time": 151.417, "Actual Total Time": 151.418, "Actual Rows": 108039, "Actual Loops": 3, "Hash Buckets": 131072, "Original Hash Buckets": 16384, "Hash Batches": 8, "Original Hash Batches": 1, "Peak Memory Usage": 2688, "Plans": [{"Node Type": "Hash Join", "Parent Relationship": "Outer", "Parallel Aware": false, "Join Type": "Inner", "Startup Cost": 2.43, "Total Cost": 16455.12, "Plan Rows": 4322, "Plan Width": 4, "Actual Startup Time": 0.05, "Actual Total Time": 113.566, "Actual Rows": 108039, "Actual Loops": 3, "Inner Unique": true, "Hash Cond": "(mi_idx.info_type_id = it2.id)", "Plans": [{"Node Type": "Seq Scan", "Parent Relationship": "Outer", "Parallel Aware": true, "Relation Name": "movie_info_idx", "Alias": "mi_idx", "Startup Cost": 0.0, "Total Cost": 15122.68, "Plan Rows": 488356, "Plan Width": 8, "Actual Startup Time": 0.015, "Actual Total Time": 81.754, "Actual Rows": 390635, "Actual Loops": 3, "Filter": "((info)::text < '7.0'::text)", "Rows Removed by Filter": 69377}, {"Node Type": "Hash", "Parent Relationship": "Inner", "Parallel Aware": false, "Startup Cost": 2.41, "Total Cost": 2.41, "Plan Rows": 1, "Plan Width": 4, "Actual Startup Time": 0.024, "Actual Total Time": 0.024, "Actual Rows": 1, "Actual Loops": 3, "Hash Buckets": 1024, "Original Hash Buckets": 1024, "Hash Batches": 1, "Original Hash Batches": 1, "Peak Memory Usage": 9, "Plans": [{"Node Type": "Seq Scan", "Parent Relationship": "Outer", "Parallel Aware": false, "Relation Name": "info_type", "Alias": "it2", "Startup Cost": 0.0, "Total Cost": 2.41, "Plan Rows": 1, "Plan Width": 4, "Actual Startup Time": 0.02, "Actual Total Time": 0.022, "Actual Rows": 1, "Actual Loops": 3, "Filter": "((info)::text = 'rating'::text)", "Rows Removed by Filter": 112}]}]}]}]}]}]}, {"Node Type": "Index Scan", "Parent Relationship": "Inner", "Parallel Aware": false, "Scan Direction": "Forward", "Index Name": "title_pkey", "Relation Name": "title", "Alias": "t", "Startup Cost": 0.43, "Total Cost": 0.6, "Plan Rows": 1, "Plan Width": 8, "Actual Startup Time": 0.002, "Actual Total Time": 0.002, "Actual Rows": 0, "Actual Loops": 78662, "Index Cond": "(id = mi_idx.movie_id)", "Rows Removed by Index Recheck": 0, "Filter": "(production_year > 2009)", "Rows Removed by Filter": 1}]}, {"Node Type": "Index Scan", "Parent Relationship": "Inner", "Parallel Aware": false, "Scan Direction": "Forward", "Index Name": "kind_type_pkey", "Relation Name": "kind_type", "Alias": "kt", "Startup Cost": 0.15, "Total Cost": 0.17, "Plan Rows": 1, "Plan Width": 4, "Actual Startup Time": 0.002, "Actual Total Time": 0.002, "Actual Rows": 1, "Actual Loops": 237, "Index Cond": "(id = t.kind_id)", "Rows Removed by Index Recheck": 0, "Filter": "((kind)::text = ANY ('{movie,episode}'::text[]))", "Rows Removed by Filter": 0}]}, {"Node Type": "Index Scan", "Parent Relationship": "Inner", "Parallel Aware": false, "Scan Direction": "Forward", "Index Name": "company_name_pkey", "Relation Name": "company_name", "Alias": "cn", "Startup Cost": 0.42, "Total Cost": 0.55, "Plan Rows": 1, "Plan Width": 4, "Actual Startup Time": 0.007, "Actual Total Time": 0.007, "Actual Rows": 1, "Actual Loops": 173, "Index Cond": "(id = mc.company_id)", "Rows Removed by Index Recheck": 0, "Filter": "((country_code)::text <> '[us]'::text)", "Rows Removed by Filter": 0}]}, {"Node Type": "Index Only Scan", "Parent Relationship": "Inner", "Parallel Aware": false, "Scan Direction": "Forward", "Index Name": "company_type_pkey", "Relation Name": "company_type", "Alias": "ct", "Startup Cost": 0.15, "Total Cost": 0.17, "Plan Rows": 1, "Plan Width": 4, "Actual Startup Time": 0.002, "Actual Total Time": 0.002, "Actual Rows": 1, "Actual Loops": 91, "Index Cond": "(id = mc.company_type_id)", "Rows Removed by Index Recheck": 0, "Heap Fetches": 91}]}]}]}, {"Node Type": "Index Scan", "Parent Relationship": "Inner", "Parallel Aware": false, "Scan Direction": "Forward", "Index Name": "keyword_pkey", "Relation Name": "keyword", "Alias": "k", "Startup Cost": 0.42, "Total Cost": 0.44, "Plan Rows": 1, "Plan Width": 4, "Actual Startup Time": 0.002, "Actual Total Time": 0.002, "Actual Rows": 0, "Actual Loops": 2606, "Index Cond": "(id = mk.keyword_id)", "Rows Removed by Index Recheck": 0, "Filter": "((keyword)::text = ANY ('{murder,murder-in-title,blood,violence}'::text[]))", "Rows Removed by Filter": 1}]}]}]}, "Planning Time": 135.084, "Triggers": [], "Execution Time": 1530.657}]
[{"Bao": {"Bao prediction": 532.442, "Bao recommended hint": "(no hint)"}}, {"Plan": {"Node Type": "Aggregate", "Strategy": "Plain", "Partial Mode": "Simple", "Parallel Aware": false, "Startup Cost": 85652.97, "Total Cost": 85652.98, "Plan Rows": 1, "Plan Width": 8, "Actual Startup Time": 551.223, "Actual Total Time": 559.539, "Actual Rows": 1, "Actual Loops": 1, "Plans": [{"Node Type": "Nested Loop", "Parent Relationship": "Outer", "Parallel Aware": false, "Join Type": "Inner", "Startup Cost": 51879.08, "Total Cost": 85652.97, "Plan Rows": 1, "Plan Width": 0, "Actual Startup Time": 551.219, "Actual Total Time": 559.534, "Actual Rows": 0, "Actual Loops": 1, "Inner Unique": true, "Join Filter": "(mc.movie_id = t.id)", "Rows Removed by Join Filter": 0, "Plans": [{"Node Type": "Gather", "Parent Relationship": "Outer", "Parallel Aware": false, "Startup Cost": 51878.65, "Total Cost": 85652.47, "Plan Rows": 1, "Plan Width": 8, "Actual Startup Time": 551.219, "Actual Total Time": 559.533, "Actual Rows": 0, "Actual Loops": 1, "Workers Planned": 2, "Workers Launched": 2, "Single Copy": false, "Plans": [{"Node Type": "Nested Loop", "Parent Relationship": "Outer", "Parallel Aware": false, "Join Type": "Inner", "Startup Cost": 50878.65, "Total Cost": 84652.37, "Plan Rows": 1, "Plan Width": 8, "Actual Startup Time": 549.107, "Actual Total Time": 549.111, "Actual Rows": 0, "Actual Loops": 3, "Inner Unique": true, "Plans": [{"Node Type": "Hash Join", "Parent Relationship": "Outer", "Parallel Aware": true, "Join Type": "Inner", "Startup Cost": 50878.23, "Total Cost": 84616.69, "Plan Rows": 80, "Plan Width": 12, "Actual Startup Time": 266.193, "Actual Total Time": 443.545, "Actual Rows": 49517, "Actual Loops": 3, "Inner Unique": false, "Hash Cond": "(mc.movie_id = mk.movie_id)", "Plans": [{"Node Type": "Seq Scan", "Parent Relationship": "Outer", "Parallel Aware": true, "Relation Name": "movie_companies", "Alias": "mc", "Startup Cost": 0.0, "Total Cost": 29661.37, "Plan Rows": 1087137, "Plan Width": 8, "Actual Startup Time": 0.023, "Actual Total Time": 67.52, "Actual Rows": 869710, "Actual Loops": 3}, {"Node Type": "Hash", "Parent Relationship": "Inner", "Parallel Aware": true, "Startup Cost": 50878.05, "Total Cost": 50878.05, "Plan Rows": 14, "Plan Width": 4, "Actual Startup Time": 265.746, "Actual Total Time": 265.747, "Actual Rows": 13947, "Actual Loops": 3, "Hash Buckets": 65536, "Original Hash Buckets": 1024, "Hash Batches": 1, "Original Hash Batches": 1, "Peak Memory Usage": 2712, "Plans": [{"Node Type": "Hash Join", "Parent Relationship": "Outer", "Parallel Aware": false, "Join Type": "Inner", "Startup Cost": 2626.14, "Total Cost": 50878.05, "Plan Rows": 14, "Plan Width": 4, "Actual Startup Time": 12.144, "Actual Total Time": 240.55, "Actual Rows": 13947, "Actual Loops": 3, "Inner Unique": true, "Hash Cond": "(mk.keyword_id = k.id)", "Plans": [{"Node Type": "Seq Scan", "Parent Relationship": "Outer", "Parallel Aware": true, "Relation Name": "movie_keyword", "Alias": "mk", "Startup Cost": 0.0, "Total Cost": 43303.71, "Plan Rows": 1884971, "Plan Width": 8, "Actual Startup Time": 0.01, "Actual Total Time": 112.769, "Actual Rows": 1507977, "Actual Loops": 3}, {"Node Type": "Hash", "Parent Relationship": "Inner", "Parallel Aware": false, "Startup Cost": 2626.12, "Total Cost": 2626.12, "Plan Rows": 1, "Plan Width": 4, "Actual Startup Time": 12.1, "Actual Total Time": 12.101, "Actual Rows": 1, "Actual Loops": 3, "Hash Buckets": 1024, "Original Hash Buckets": 1024, "Hash Batches": 1, "Original Hash Batches": 1, "Peak Memory Usage": 9, "Plans": [{"Node Type": "Seq Scan", "Parent Relationship": "Outer", "Parallel Aware": false, "Relation Name": "keyword", "Alias": "k", "Startup Cost": 0.0, "Total Cost": 2626.12, "Plan Rows": 1, "Plan Width": 4, "Actual Startup Time": 0.563, "Actual Total Time": 12.097, "Actual Rows": 1, "Actual Loops": 3, "Filter": "((keyword)::text = 'character-name-in-title'::text)", "Rows Removed by Filter": 134169}]}]}]}]}, {"Node Type": "Index Scan", "Parent Relationship": "Inner", "Parallel Aware": false, "Scan Direction": "Forward", "Index Name": "company_name_pkey", "Relation Name": "company_name", "Alias": "cn", "Startup Cost": 0.42, "Total Cost": 0.45, "Plan Rows": 1, "Plan Width": 4, "Actual Startup Time": 0.002, "Actual Total Time": 0.002, "Actual Rows": 0, "Actual Loops": 148552, "Index Cond": "(id = mc.company_id)", "Rows Removed by Index Recheck": 0, "Filter": "((country_code)::text = '[sm]'::text)", "Rows Removed by Filter": 1}]}]}, {"Node Type": "Index Only Scan", "Parent Relationship": "Inner", "Parallel Aware": false, "Scan Direction": "Forward", "Index Name": "title_pkey", "Relation Name": "title", "Alias": "t", "Startup Cost": 0.43, "Total Cost": 0.49, "Plan Rows": 1, "Plan Width": 4, "Actual Startup Time": 0.0, "Actual Total Time": 0.0, "Actual Rows": 0, "Actual Loops": 0, "Index Cond": "(id = mk.movie_id)", "Rows Removed by Index Recheck": 0, "Heap Fetches": 0}]}]}, "Planning Time": 80.163, "Triggers": [], "Execution Time": 559.609}]
[{"Bao": {"Bao prediction": 919.322, "Bao recommended hint": "(no hint)"}}, {"Plan": {"Node Type": "Aggregate", "Strategy": "Plain", "Partial Mode": "Finalize", "Parallel Aware": false, "Startup Cost": 85659.2, "Total Cost": 85659.21, "Plan Rows": 1, "Plan Width": 8, "Actual Startup Time": 547.303, "Actual Total Time": 558.897, "Actual Rows": 1, "Actual Loops": 1, "Plans": [{"Node Type": "Gather", "Parent Relationship": "Outer", "Parallel Aware": false, "Startup Cost": 85658.99, "Total Cost": 85659.2, "Plan Rows": 2, "Plan Width": 8, "Actual Startup Time": 547.064, "Actual Total Time": 558.891, "Actual Rows": 3, "Actual Loops": 1, "Workers Planned": 2, "Workers Launched": 2, "Single Copy": false, "Plans": [{"Node Type": "Aggregate", "Strategy": "Plain", "Partial Mode": "Partial", "Parent Relationship": "Outer", "Parallel Aware": false, "Startup Cost": 84658.99, "Total Cost": 84659.0, "Plan Rows": 1, "Plan Width": 8, "Actual Startup Time": 544.944, "Actual Total Time": 544.952, "Actual Rows": 1, "Actual Loops": 3, "Plans": [{"Node Type": "Nested Loop", "Parent Relationship": "Outer", "Parallel Aware": false, "Join Type": "Inner", "Startup Cost": 50885.47, "Total Cost": 84658.92, "Plan Rows": 28, "Plan Width": 0, "Actual Startup Time": 293.343, "Actual Total Time": 543.703, "Actual Rows": 22772, "Actual Loops": 3, "Inner Unique": true, "Plans": [{"Node Type": "Hash Join", "Parent Relationship": "Outer", "Parallel Aware": true, "Join Type": "Inner", "Startup Cost": 50885.05, "Total Cost": 84623.24, "Plan Rows": 80, "Plan Width": 4, "Actual Startup Time": 293.286, "Actual Total Time": 450.806, "Actual Rows": 49517, "Actual Loops": 3, "Inner Unique": false, "Hash Cond": "(mc.movie_id = t.id)", "Plans": [{"Node Type": "Seq Scan", "Parent Relationship": "Outer", "Parallel Aware": true, "Relation Name": "movie_companies", "Alias": "mc", "Startup Cost": 0.0, "Total Cost": 29661.37, "Plan Rows": 1087137, "Plan Width": 8, "Actual Startup Time": 0.016, "Actual Total Time": 62.676, "Actual Rows": 869710, "Actual Loops": 3}, {"Node Type": "Hash", "Parent Relationship": "Inner", "Parallel Aware": true, "Startup Cost": 50884.87, "Total Cost": 50884.87, "Plan Rows": 14, "Plan Width": 8, "Actual Startup Time": 292.889, "Actual Total Time": 292.894, "Actual Rows": 13947, "Actual Loops": 3, "Hash Buckets": 65536, "Original Hash Buckets": 1024, "Hash Batches": 1, "Original Hash Batches": 1, "Peak Memory Usage": 2680, "Plans": [{"Node Type": "Nested Loop", "Parent Relationship": "Outer", "Parallel Aware": false, "Join Type": "Inner", "Startup Cost": 2626.57, "Total Cost": 50884.87, "Plan Rows": 14, "Plan Width": 8, "Actual Startup Time": 11.574, "Actual Total Time": 262.851, "Actual Rows": 13947, "Actual Loops": 3, "Inner Unique": true, "Plans": [{"Node Type": "Hash Join", "Parent Relationship": "Outer", "Parallel Aware": false, "Join Type": "Inner", "Startup Cost": 2626.14, "Total Cost": 50878.05, "Plan Rows": 14, "Plan Width": 4, "Actual Startup Time": 11.54, "Actual Total Time": 223.996, "Actual Rows": 13947, "Actual Loops": 3, "Inner Unique": true, "Hash Cond": "(mk.keyword_id = k.id)", "Plans": [{"Node Type": "Seq Scan", "Parent Relationship": "Outer", "Parallel Aware": true, "Relation Name": "movie_keyword", "Alias": "mk", "Startup Cost": 0.0, "Total Cost": 43303.71, "Plan Rows": 1884971, "Plan Width": 8, "Actual Startup Time": 0.009, "Actual Total Time": 104.658, "Actual Rows": 1507977, "Actual Loops": 3}, {"Node Type": "Hash", "Parent Relationship": "Inner", "Parallel Aware": false, "Startup Cost": 2626.12, "Total Cost": 2626.12, "Plan Rows": 1, "Plan Width": 4, "Actual Startup Time": 11.498, "Actual Total Time": 11.499, "Actual Rows": 1, "Actual Loops": 3, "Hash Buckets": 1024, "Original Hash Buckets": 1024, "Hash Batches": 1, "Original Hash Batches": 1, "Peak Memory Usage": 9, "Plans": [{"Node Type": "Seq Scan", "Parent Relationship": "Outer", "Parallel Aware": false, "Relation Name": "keyword", "Alias": "k", "Startup Cost": 0.0, "Total Cost": 2626.12, "Plan Rows": 1, "Plan Width": 4, "Actual Startup Time": 0.566, "Actual Total Time": 11.494, "Actual Rows": 1, "Actual Loops": 3, "Filter": "((keyword)::text = 'character-name-in-title'::text)", "Rows Removed by Filter": 134169}]}]}, {"Node Type": "Index Only Scan", "Parent Relationship": "Inner", "Parallel Aware": false, "Scan Direction": "Forward", "Index Name": "title_pkey", "Relation Name": "title", "Alias": "t", "Startup Cost": 0.43, "Total Cost": 0.49, "Plan Rows": 1, "Plan Width": 4, "Actual Startup Time": 0.002, "Actual Total Time": 0.002, "Actual Rows": 1, "Actual Loops": 41840, "Index Cond": "(id = mk.movie_id)", "Rows Removed by Index Recheck": 0, "Heap Fetches": 41840}]}]}]}, {"Node Type": "Index Scan", "Parent Relationship": "Inner", "Parallel Aware": false, "Scan Direction": "Forward", "Index Name": "company_name_pkey", "Relation Name": "company_name", "Alias": "cn", "Startup Cost": 0.42, "Total Cost": 0.45, "Plan Rows": 1, "Plan Width": 4, "Actual Startup Time": 0.002, "Actual Total Time": 0.002, "Actual Rows": 0, "Actual Loops": 148552, "Index Cond": "(id = mc.company_id)", "Rows Removed by Index Recheck": 0, "Filter": "((country_code)::text = '[us]'::text)", "Rows Removed by Filter": 1}]}]}]}]}, "Planning Time": 75.843, "Triggers": [], "Execution Time": 558.961}]
[{"Bao": {"Bao prediction": 2430.392, "Bao recommended hint": "SET enable_nestloop TO off; "}}, {"Plan": {"Node Type": "Aggregate", "Strategy": "Plain", "Partial Mode": "Finalize", "Parallel Aware": false, "Startup Cost": 697784.91, "Total Cost": 697784.92, "Plan Rows": 1, "Plan Width": 8, "Actual Startup Time": 4622.672, "Actual Total Time": 4738.594, "Actual Rows": 1, "Actual Loops": 1, "Plans": [{"Node Type": "Gather", "Parent Relationship": "Outer", "Parallel Aware": false, "Startup Cost": 697784.7, "Total Cost": 697784.91, "Plan Rows": 2, "Plan Width": 8, "Actual Startup Time": 4620.833, "Actual Total Time": 4738.589, "Actual Rows": 3, "Actual Loops": 1, "Workers Planned": 2, "Workers Launched": 2, "Single Copy": false, "Plans": [{"Node Type": "Aggregate", "Strategy": "Plain", "Partial Mode": "Partial", "Parent Relationship": "Outer", "Parallel Aware": false, "Startup Cost": 696784.7, "Total Cost": 696784.71, "Plan Rows": 1, "Plan Width": 8, "Actual Startup Time": 4618.498, "Actual Total Time": 4618.519, "Actual Rows": 1, "Actual Loops": 3, "Plans": [{"Node Type": "Hash Join", "Parent Relationship": "Outer", "Parallel Aware": true, "Join Type": "Inner", "Startup Cost": 617284.12, "Total Cost": 696781.27, "Plan Rows": 1370, "Plan Width": 0, "Actual Startup Time": 4203.713, "Actual Total Time": 4566.795, "Actual Rows": 1236864, "Actual Loops": 3, "Inner Unique": false, "Hash Cond": "(n.id = an.person_id)", "Plans": [{"Node Type": "Seq Scan", "Parent Relationship": "Outer", "Parallel Aware": true, "Relation Name": "name", "Alias": "n", "Startup Cost": 0.0, "Total Cost": 72979.14, "Plan Rows": 1736614, "Plan Width": 4, "Actual Startup Time": 0.023, "Actual Total Time": 129.604, "Actual Rows": 1389164, "Actual Loops": 3}, {"Node Type": "Hash", "Parent Relationship": "Inner", "Parallel Aware": true, "Startup Cost": 617266.99, "Total Cost": 617266.99, "Plan Rows": 1370, "Plan Width": 8, "Actual Startup Time": 3814.692, "Actual Total Time": 3814.711, "Actual Rows": 1236864, "Actual Loops": 3, "Hash Buckets": 65536, "Original Hash Buckets": 4096, "Hash Batches": 64, "Original Hash Batches": 1, "Peak Memory Usage": 3328, "Plans": [{"Node Type": "Hash Join", "Parent Relationship": "Outer", "Parallel Aware": true, "Join Type": "Inner", "Startup Cost": 600701.34, "Total Cost": 617266.99, "Plan Rows": 1370, "Plan Width": 8, "Actual Startup Time": 3386.951, "Actual Total Time": 3625.268, "Actual Rows": 1236864, "Actual Loops": 3, "Inner Unique": false, "Hash Cond": "(an.person_id = ci.person_id)", "Plans": [{"Node Type": "Seq Scan", "Parent Relationship": "Outer", "Parallel Aware": true, "Relation Name": "aka_name", "Alias": "an", "Startup Cost": 0.0, "Total Cost": 15151.6, "Plan Rows": 375560, "Plan Width": 4, "Actual Startup Time": 0.032, "Actual Total Time": 27.62, "Actual Rows": 300448, "Actual Loops": 3}, {"Node Type": "Hash", "Parent Relationship": "Inner", "Parallel Aware": true, "Startup Cost": 600693.89, "Total Cost": 600693.89, "Plan Rows": 596, "Plan Width": 4, "Actual Startup Time": 3299.044, "Actual Total Time": 3299.057, "Actual Rows": 944185, "Actual Loops": 3, "Hash Buckets": 65536, "Original Hash Buckets": 2048, "Hash Batches": 32, "Original Hash Batches": 1, "Peak Memory Usage": 4192, "Plans": [{"Node Type": "Hash Join", "Parent Relationship": "Outer", "Parallel Aware": true, "Join Type": "Inner", "Startup Cost": 140445.32, "Total Cost": 600693.89, "Plan Rows": 596, "Plan Width": 4, "Actual Startup Time": 762.153, "Actual Total Time": 3087.178, "Actual Rows": 944185, "Actual Loops": 3, "Inner Unique": false, "Hash Cond": "(ci.movie_id = t.id)", "Plans": [{"Node Type": "Seq Scan", "Parent Relationship": "Outer", "Parallel Aware": true, "Relation Name": "cast_info", "Alias": "ci", "Startup Cost": 0.0, "Total Cost": 403639.65, "Plan Rows": 15095265, "Plan Width": 8, "Actual Startup Time": 0.013, "Actual Total Time": 889.578, "Actual Rows": 12081448, "Actual Loops": 3}, {"Node Type": "Hash", "Parent Relationship": "Inner", "Parallel Aware": true, "Startup Cost": 140444.97, "Total Cost": 140444.97, "Plan Rows": 28, "Plan Width": 12, "Actual Startup Time": 762.083, "Actual Total Time": 762.094, "Actual Rows": 22772, "Actual Loops": 3, "Hash Buckets": 131072, "Original Hash Buckets": 1024, "Hash Batches": 1, "Original Hash Batches": 1, "Peak Memory Usage": 5304, "Plans": [{"Node Type": "Hash Join", "Parent Relationship": "Outer", "Parallel Aware": true, "Join Type": "Inner", "Startup Cost": 106706.57, "Total Cost": 140444.97, "Plan Rows": 28, "Plan Width": 12, "Actual Startup Time": 548.269, "Actual Total Time": 737.302, "Actual Rows": 22772, "Actual Loops": 3, "Inner Unique": true, "Hash Cond": "(mc.company_id = cn.id)", "Plans": [{"Node Type": "Hash Join", "Parent Relationship": "Outer", "Parallel Aware": true, "Join Type": "Inner", "Startup Cost": 101362.06, "Total Cost": 135100.26, "Plan Rows": 80, "Plan Width": 16, "Actual Startup Time": 530.407, "Actual Total Time": 708.544, "Actual Rows": 49517, "Actual Loops": 3, "Inner Unique": false, "Hash Cond": "(mc.movie_id = t.id)", "Plans": [{"Node Type": "Seq Scan", "Parent Relationship": "Outer", "Parallel Aware": true, "Relation Name": "movie_companies", "Alias": "mc", "Startup Cost": 0.0, "Total Cost": 29661.37, "Plan Rows": 1087137, "Plan Width": 8, "Actual Startup Time": 0.011, "Actual Total Time": 67.618, "Actual Rows": 869710, "Actual Loops": 3}, {"Node Type": "Hash", "Parent Relationship": "Inner", "Parallel Aware": true, "Startup Cost": 101361.89, "Total Cost": 101361.89, "Plan Rows": 14, "Plan Width": 8, "Actual Startup Time": 530.232, "Actual Total Time": 530.236, "Actual Rows": 13947, "Actual Loops": 3, "Hash Buckets": 65536, "Original Hash Buckets": 1024, "Hash Batches": 1, "Original Hash Batches": 1, "Peak Memory Usage": 2680, "Plans": [{"Node Type": "Hash Join", "Parent Relationship": "Outer", "Parallel Aware": true, "Join Type": "Inner", "Startup Cost": 50878.23, "Total Cost": 101361.89, "Plan Rows": 14, "Plan Width": 8, "Actual Startup Time": 286.403, "Actual Total Time": 481.806, "Actual Rows": 13947, "Actual Loops": 3, "Inner Unique": false, "Hash Cond": "(t.id = mk.movie_id)", "Plans": [{"Node Type": "Seq Scan", "Parent Relationship": "Outer", "Parallel Aware": true, "Relation Name": "title", "Alias": "t", "Startup Cost": 0.0, "Total Cost": 46532.98, "Plan Rows": 1053498, "Plan Width": 4, "Actual Startup Time": 0.016, "Actual Total Time": 79.732, "Actual Rows": 842771, "Actual Loops": 3}, {"Node Type": "Hash", "Parent Relationship": "Inner", "Parallel Aware": true, "Startup Cost": 50878.05, "Total Cost": 50878.05, "Plan Rows": 14, "Plan Width": 4, "Actual Startup Time": 286.286, "Actual Total Time": 286.288, "Actual Rows": 13947, "Actual Loops": 3, "Hash Buckets": 65536, "Original Hash Buckets": 1024, "Hash Batches": 1, "Original Hash Batches": 1, "Peak Memory Usage": 2712, "Plans": [{"Node Type": "Hash Join", "Parent Relationship": "Outer", "Parallel Aware": false, "Join Type": "Inner", "Startup Cost": 2626.14, "Total Cost": 50878.05, "Plan Rows": 14, "Plan Width": 4, "Actual Startup Time": 10.038, "Actual Total Time": 253.829, "Actual Rows": 13947, "Actual Loops": 3, "Inner Unique": true, "Hash Cond": "(mk.keyword_id = k.id)", "Plans": [{"Node Type": "Seq Scan", "Parent Relationship": "Outer", "Parallel Aware": true, "Relation Name": "movie_keyword", "Alias": "mk", "Startup Cost": 0.0, "Total Cost": 43303.71, "Plan Rows": 1884971, "Plan Width": 8, "Actual Startup Time": 0.019, "Actual Total Time": 119.124, "Actual Rows": 1507977, "Actual Loops": 3}, {"Node Type": "Hash", "Parent Relationship": "Inner", "Parallel Aware": false, "Startup Cost": 2626.12, "Total Cost": 2626.12, "Plan Rows": 1, "Plan Width": 4, "Actual Startup Time": 9.978, "Actual Total Time": 9.979, "Actual Rows": 1, "Actual Loops": 3, "Hash Buckets": 1024, "Original Hash Buckets": 1024, "Hash Batches": 1, "Original Hash Batches": 1, "Peak Memory Usage": 9, "Plans": [{"Node Type": "Seq Scan", "Parent Relationship": "Outer", "Parallel Aware": false, "Relation Name": "keyword", "Alias": "k", "Startup Cost": 0.0, "Total Cost": 2626.12, "Plan Rows": 1, "Plan Width": 4, "Actual Startup Time": 0.428, "Actual Total Time": 9.975, "Actual Rows": 1, "Actual Loops": 3, "Filter": "((keyword)::text = 'character-name-in-title'::text)", "Rows Removed by Filter": 134169}]}]}]}]}]}]}, {"Node Type": "Hash", "Parent Relationship": "Inner", "Parallel Aware": true, "Startup Cost": 4722.92, "Total Cost": 4722.92, "Plan Rows": 49727, "Plan Width": 4, "Actual Startup Time": 17.462, "Actual Total Time": 17.463, "Actual Rows": 28281, "Actual Loops": 3, "Hash Buckets": 131072, "Original Hash Buckets": 131072, "Hash Batches": 1, "Original Hash Batches": 1, "Peak Memory Usage": 4384, "Plans": [{"Node Type": "Seq Scan", "Parent Relationship": "Outer", "Parallel Aware": true, "Relation Name": "company_name", "Alias": "cn", "Startup Cost": 0.0, "Total Cost": 4722.92, "Plan Rows": 49727, "Plan Width": 4, "Actual Startup Time": 0.017, "Actual Total Time": 12.103, "Actual Rows": 28281, "Actual Loops": 3, "Filter": "((country_code)::text = '[us]'::text)", "Rows Removed by Filter": 50051}]}]}]}]}]}]}]}]}]}]}]}, "Planning Time": 89.192, "Triggers": [], "Execution Time": 4738.678}]
[{"Bao": {"Bao prediction": 1911.616, "Bao recommended hint": "SET enable_mergejoin TO off; "}}, {"Plan": {"Node Type": "Aggregate", "Strategy": "Plain", "Partial Mode": "Simple", "Parallel Aware": false, "Startup Cost": 809518.66, "Total Cost": 809518.67, "Plan Rows": 1, "Plan Width": 8, "Actual Startup Time": 2556.12, "Actual Total Time": 2606.335, "Actual Rows": 1, "Actual Loops": 1, "Plans": [{"Node Type": "Nested Loop", "Parent Relationship": "Outer", "Parallel Aware": false, "Join Type": "Inner", "Startup Cost": 759145.84, "Total Cost": 809518.66, "Plan Rows": 1, "Plan Width": 0, "Actual Startup Time": 2365.326, "Actual Total Time": 2606.283, "Actual Rows": 757, "Actual Loops": 1, "Inner Unique": true, "Plans": [{"Node Type": "Gather", "Parent Relationship": "Outer", "Parallel Aware": false, "Startup Cost": 759145.69, "Total Cost": 809518.49, "Plan Rows": 1, "Plan Width": 4, "Actual Startup Time": 2365.321, "Actual Total Time": 2605.622, "Actual Rows": 757, "Actual Loops": 1, "Workers Planned": 2, "Workers Launched": 2, "Single Copy": false, "Plans": [{"Node Type": "Nested Loop", "Parent Relationship": "Outer", "Parallel Aware": false, "Join Type": "Inner", "Startup Cost": 758145.69, "Total Cost": 808518.39, "Plan Rows": 1, "Plan Width": 4, "Actual Startup Time": 2356.219, "Actual Total Time": 2553.181, "Actual Rows": 252, "Actual Loops": 3, "Inner Unique": true, "Plans": [{"Node Type": "Hash Join", "Parent Relationship": "Outer", "Parallel Aware": true, "Join Type": "Inner", "Startup Cost": 758145.27, "Total Cost": 808517.63, "Plan Rows": 1, "Plan Width": 8, "Actual Startup Time": 2356.069, "Actual Total Time": 2532.127, "Actual Rows": 11445, "Actual Loops": 3, "Inner Unique": false, "Hash Cond": "(mk.movie_id = t.id)", "Plans": [{"Node Type": "Seq Scan", "Parent Relationship": "Outer", "Parallel Aware": true, "Relation Name": "movie_keyword", "Alias": "mk", "Startup Cost": 0.0, "Total Cost": 43303.71, "Plan Rows": 1884971, "Plan Width": 8, "Actual Startup Time": 0.01, "Actual Total Time": 101.626, "Actual Rows": 1507977, "Actual Loops": 3}, {"Node Type": "Hash", "Parent Relationship": "Inner", "Parallel Aware": true, "Startup Cost": 758145.26, "Total Cost": 758145.26, "Plan Rows": 1, "Plan Width": 24, "Actual Startup Time": 2322.923, "Actual Total Time": 2322.932, "Actual Rows": 91, "Actual Loops": 3, "Hash Buckets": 1024, "Original Hash Buckets": 1024, "Hash Batches": 1, "Original Hash Batches": 1, "Peak Memory Usage": 104, "Plans": [{"Node Type": "Nested Loop", "Parent Relationship": "Outer", "Parallel Aware": false, "Join Type": "Inner", "Startup Cost": 742303.24, "Total Cost": 758145.26, "Plan Rows": 1, "Plan Width": 24, "Actual Startup Time": 2271.462, "Actual Total Time": 2322.788, "Actual Rows": 91, "Actual Loops": 3, "Inner Unique": true, "Join Filter": "(mi.movie_id = t.id)", "Rows Removed by Join Filter": 0, "Plans": [{"Node Type": "Nested Loop", "Parent Relationship": "Outer", "Parallel Aware": false, "Join Type": "Inner", "Startup Cost": 742302.81, "Total Cost": 758144.32, "Plan Rows": 1, "Plan Width": 20, "Actual Startup Time": 2254.807, "Actual Total Time": 2319.659, "Actual Rows": 697, "Actual Loops": 3, "Inner Unique": true, "Plans": [{"Node Type": "Hash Join", "Parent Relationship": "Outer", "Parallel Aware": true, "Join Type": "Inner", "Startup Cost": 742302.67, "Total Cost": 758144.13, "Plan Rows": 1, "Plan Width": 24, "Actual Startup Time": 2254.79, "Actual Total Time": 2317.709, "Actual Rows": 2104, "Actual Loops": 3, "Inner Unique": false, "Hash Cond": "(mi_idx.movie_id = mi.movie_id)", "Plans": [{"Node Type": "Seq Scan", "Parent Relationship": "Outer", "Parallel Aware": true, "Relation Name": "movie_info_idx", "Alias": "mi_idx", "Startup Cost": 0.0, "Total Cost": 13685.15, "Plan Rows": 575015, "Plan Width": 8, "Actual Startup Time": 0.017, "Actual Total Time": 32.346, "Actual Rows": 460012, "Actual Loops": 3}, {"Node Type": "Hash", "Parent Relationship": "Inner", "Parallel Aware": true, "Startup Cost": 742302.66, "Total Cost": 742302.66, "Plan Rows": 1, "Plan Width": 16, "Actual Startup Time": 2249.183, "Actual Total Time": 2249.189, "Actual Rows": 697, "Actual Loops": 3, "Hash Buckets": 4096, "Original Hash Buckets": 1024, "Hash Batches": 1, "Original Hash Batches": 1, "Peak Memory Usage": 216, "Plans": [{"Node Type": "Nested Loop", "Parent Relationship": "Outer", "Parallel Aware": false, "Join Type": "Inner", "Startup Cost": 242380.96, "Total Cost": 742302.66, "Plan Rows": 1, "Plan Width": 16, "Actual Startup Time": 1501.817, "Actual Total Time": 2055.683, "Actual Rows": 697, "Actual Loops": 3, "Inner Unique": true, "Plans": [{"Node Type": "Hash Join", "Parent Relationship": "Outer", "Parallel Aware": true, "Join Type": "Inner", "Startup Cost": 242380.53, "Total Cost": 742301.57, "Plan Rows": 1, "Plan Width": 20, "Actual Startup Time": 1500.935, "Actual Total Time": 2050.596, "Actual Rows": 1137, "Actual Loops": 3, "Inner Unique": false, "Hash Cond": "(ci.movie_id = mi.movie_id)", "Plans": [{"Node Type": "Seq Scan", "Parent Relationship": "Outer", "Parallel Aware": true, "Relation Name": "cast_info", "Alias": "ci", "Startup Cost": 0.0, "Total Cost": 497985.06, "Plan Rows": 516258, "Plan Width": 8, "Actual Startup Time": 79.436, "Actual Total Time": 1363.432, "Actual Rows": 414905, "Actual Loops": 3, "Filter": "((note)::text = ANY ('{(writer),\"(head writer)\",\"(written by)\",(story),\"(story editor)\"}'::text[]))", "Rows Removed by Filter": 11666543}, {"Node Type": "Hash", "Parent Relationship": "Inner", "Parallel Aware": true, "Startup Cost": 242380.52, "Total Cost": 242380.52, "Plan Rows": 1, "Plan Width": 12, "Actual Startup Time": 649.13, "Actual Total Time": 649.134, "Actual Rows": 1648, "Actual Loops": 3, "Hash Buckets": 4096, "Original Hash Buckets": 1024, "Hash Batches": 1, "Original Hash Batches": 1, "Peak Memory Usage": 344, "Plans": [{"Node Type": "Hash Join", "Parent Relationship": "Outer", "Parallel Aware": false, "Join Type": "Inner", "Startup Cost": 2469.44, "Total Cost": 242380.52, "Plan Rows": 1, "Plan Width": 12, "Actual Startup Time": 551.398, "Actual Total Time": 624.022, "Actual Rows": 1648, "Actual Loops": 3, "Inner Unique": true, "Hash Cond": "(mi.info_type_id = it1.id)", "Plans": [{"Node Type": "Hash Join", "Parent Relationship": "Outer", "Parallel Aware": false, "Join Type": "Inner", "Startup Cost": 2467.01, "Total Cost": 242377.93, "Plan Rows": 61, "Plan Width": 16, "Actual Startup Time": 399.636, "Actual Total Time": 623.711, "Actual Rows": 1935, "Actual Loops": 3, "Inner Unique": false, "Hash Cond": "(mi.movie_id = cc.movie_id)", "Plans": [{"Node Type": "Seq Scan", "Parent Relationship": "Outer", "Parallel Aware": true, "Relation Name": "movie_info", "Alias": "mi", "Startup Cost": 0.0, "Total Cost": 239795.93, "Plan Rows": 30499, "Plan Width": 8, "Actual Startup Time": 375.84, "Actual Total Time": 595.908, "Actual Rows": 24349, "Actual Loops": 3, "Filter": "((info)::text = ANY ('{Horror,Thriller}'::text[]))", "Rows Removed by Filter": 4920891}, {"Node Type": "Hash", "Parent Relationship": "Inner", "Parallel Aware": false, "Startup Cost": 2457.5, "Total Cost": 2457.5, "Plan Rows": 761, "Plan Width": 8, "Actual Startup Time": 23.388, "Actual Total Time": 23.39, "Actual Rows": 24592, "Actual Loops": 3, "Hash Buckets": 32768, "Original Hash Buckets": 1024, "Hash Batches": 1, "Original Hash Batches": 1, "Peak Memory Usage": 1217, "Plans": [{"Node Type": "Hash Join", "Parent Relationship": "Outer", "Parallel Aware": false, "Join Type": "Inner", "Startup Cost": 18.93, "Total Cost": 2457.5, "Plan Rows": 761, "Plan Width": 8, "Actual Startup Time": 0.046, "Actual Total Time": 20.492, "Actual Rows": 24592, "Actual Loops": 3, "Inner Unique": true, "Hash Cond": "(cc.status_id = cct2.id)", "Plans": [{"Node Type": "Seq Scan", "Parent Relationship": "Outer", "Parallel Aware": false, "Relation Name": "complete_cast", "Alias": "cc", "Startup Cost": 0.0, "Total Cost": 2081.86, "Plan Rows": 135086, "Plan Width": 12, "Actual Startup Time": 0.025, "Actual Total Time": 8.515, "Actual Rows": 135086, "Actual Loops": 3}, {"Node Type": "Hash", "Parent Relationship": "Inner", "Parallel Aware": false, "Startup Cost": 18.88, "Total Cost": 18.88, "Plan Rows": 4, "Plan Width": 4, "Actual Startup Time": 0.01, "Actual Total Time": 0.01, "Actual Rows": 1, "Actual Loops": 3, "Hash Buckets": 1024, "Original Hash Buckets": 1024, "Hash Batches": 1, "Original Hash Batches": 1, "Peak Memory Usage": 9, "Plans": [{"Node Type": "Seq Scan", "Parent Relationship": "Outer", "Parallel Aware": false, "Relation Name": "comp_cast_type", "Alias": "cct2", "Startup Cost": 0.0, "Total Cost": 18.88, "Plan Rows": 4, "Plan Width": 4, "Actual Startup Time": 0.007, "Actual Total Time": 0.008, "Actual Rows": 1, "Actual Loops": 3, "Filter": "((kind)::text = 'complete+verified'::text)", "Rows Removed by Filter": 3}]}]}]}]}, {"Node Type": "Hash", "Parent Relationship": "Inner", "Parallel Aware": false, "Startup Cost": 2.41, "Total Cost": 2.41, "Plan Rows": 1, "Plan Width": 4, "Actual Startup Time": 0.032, "Actual Total Time": 0.032, "Actual Rows": 1, "Actual Loops": 3, "Hash Buckets": 1024, "Original Hash Buckets": 1024, "Hash Batches": 1, "Original Hash Batches": 1, "Peak Memory Usage": 9, "Plans": [{"Node Type": "Seq Scan", "Parent Relationship": "Outer", "Parallel Aware": false, "Relation Name": "info_type", "Alias": "it1", "Startup Cost": 0.0, "Total Cost": 2.41, "Plan Rows": 1, "Plan Width": 4, "Actual Startup Time": 0.022, "Actual Total Time": 0.029, "Actual Rows": 1, "Actual Loops": 3, "Filter": "((info)::text = 'genres'::text)", "Rows Removed by Filter": 112}]}]}]}]}, {"Node Type": "Index Scan", "Parent Relationship": "Inner", "Parallel Aware": false, "Scan Direction": "Forward", "Index Name": "name_pkey", "Relation Name": "name", "Alias": "n", "Startup Cost": 0.43, "Total Cost": 1.09, "Plan Rows": 1, "Plan Width": 4, "Actual Startup Time": 0.004, "Actual Total Time": 0.004, "Actual Rows": 1, "Actual Loops": 3412, "Index Cond": "(id = ci.person_id)", "Rows Removed by Index Recheck": 0, "Filter": "((gender)::text = 'm'::text)", "Rows Removed by Filter": 0}]}]}]}, {"Node Type": "Index Scan", "Parent Relationship": "Inner", "Parallel Aware": false, "Scan Direction": "Forward", "Index Name": "info_type_pkey", "Relation Name": "info_type", "Alias": "it2", "Startup Cost": 0.14, "Total Cost": 0.16, "Plan Rows": 1, "Plan Width": 4, "Actual Startup Time": 0.001, "Actual Total Time": 0.001, "Actual Rows": 0, "Actual Loops": 6313, "Index Cond": "(id = mi_idx.info_type_id)", "Rows Removed by Index Recheck": 0, "Filter": "((info)::text = 'votes'::text)", "Rows Removed by Filter": 1}]}, {"Node Type": "Index Scan", "Parent Relationship": "Inner", "Parallel Aware": false, "Scan Direction": "Forward", "Index Name": "title_pkey", "Relation Name": "title", "Alias": "t", "Startup Cost": 0.43, "Total Cost": 0.93, "Plan Rows": 1, "Plan Width": 4, "Actual Startup Time": 0.004, "Actual Total Time": 0.004, "Actual Rows": 0, "Actual Loops": 2091, "Index Cond": "(id = mi_idx.movie_id)", "Rows Removed by Index Recheck": 0, "Filter": "(production_year > 2000)", "Rows Removed by Filter": 1}]}]}]}, {"Node Type": "Index Scan", "Parent Relationship": "Inner", "Parallel Aware": false, "Scan Direction": "Forward", "Index Name": "keyword_pkey", "Relation Name": "keyword", "Alias": "k", "Startup Cost": 0.42, "Total Cost": 0.69, "Plan Rows": 1, "Plan Width": 4, "Actual Startup Time": 0.002, "Actual Total Time": 0.002, "Actual Rows": 0, "Actual Loops": 34335, "Index Cond": "(id = mk.keyword_id)", "Rows Removed by Index Recheck": 0, "Filter": "((keyword)::text = ANY ('{murder,violence,blood,gore,death,female-nudity,hospital}'::text[]))", "Rows Removed by Filter": 1}]}]}, {"Node Type": "Index Scan", "Parent Relationship": "Inner", "Parallel Aware": false, "Scan Direction": "Forward", "Index Name": "comp_cast_type_pkey", "Relation Name": "comp_cast_type", "Alias": "cct1", "Startup Cost": 0.15, "Total Cost": 0.17, "Plan Rows": 1, "Plan Width": 4, "Actual Startup Time": 0.001, "Actual Total Time": 0.001, "Actual Rows": 1, "Actual Loops": 757, "Index Cond": "(id = cc.subject_id)", "Rows Removed by Index Recheck": 0, "Filter": "((kind)::text = ANY ('{cast,crew}'::text[]))", "Rows Removed by Filter": 0}]}]}, "Planning Time": 205.576, "Triggers": [], "Execution Time": 2606.477}]
[{"Bao": {"Bao prediction": 2156.638, "Bao recommended hint": "(no hint)"}}, {"Plan": {"Node Type": "Aggregate", "Strategy": "Plain", "Partial Mode": "Finalize", "Parallel Aware": false, "Startup Cost": 546127.24, "Total Cost": 546127.25, "Plan Rows": 1, "Plan Width": 8, "Actual Startup Time": 3196.477, "Actual Total Time": 3236.532, "Actual Rows": 1, "Actual Loops": 1, "Plans": [{"Node Type": "Gather", "Parent Relationship": "Outer", "Parallel Aware": false, "Startup Cost": 546127.02, "Total Cost": 546127.23, "Plan Rows": 2, "Plan Width": 8, "Actual Startup Time": 3196.211, "Actual Total Time": 3236.527, "Actual Rows": 3, "Actual Loops": 1, "Workers Planned": 2, "Workers Launched": 2, "Single Copy": false, "Plans": [{"Node Type": "Aggregate", "Strategy": "Plain", "Partial Mode": "Partial", "Parent Relationship": "Outer", "Parallel Aware": false, "Startup Cost": 545127.02, "Total Cost": 545127.03, "Plan Rows": 1, "Plan Width": 8, "Actual Startup Time": 3193.839, "Actual Total Time": 3193.844, "Actual Rows": 1, "Actual Loops": 3, "Plans": [{"Node Type": "Nested Loop", "Parent Relationship": "Outer", "Parallel Aware": false, "Join Type": "Inner", "Startup Cost": 511388.83, "Total Cost": 545127.02, "Plan Rows": 1, "Plan Width": 0, "Actual Startup Time": 3063.238, "Actual Total Time": 3193.796, "Actual Rows": 639, "Actual Loops": 3, "Inner Unique": true, "Plans": [{"Node Type": "Nested Loop", "Parent Relationship": "Outer", "Parallel Aware": false, "Join Type": "Inner", "Startup Cost": 511388.4, "Total Cost": 545126.57, "Plan Rows": 1, "Plan Width": 12, "Actual Startup Time": 3063.209, "Actual Total Time": 3192.397, "Actual Rows": 639, "Actual Loops": 3, "Inner Unique": true, "Plans": [{"Node Type": "Hash Join", "Parent Relationship": "Outer", "Parallel Aware": true, "Join Type": "Inner", "Startup Cost": 511387.98, "Total Cost": 545126.12, "Plan Rows": 1, "Plan Width": 16, "Actual Startup Time": 3063.177, "Actual Total Time": 3190.366, "Actual Rows": 639, "Actual Loops": 3, "Inner Unique": false, "Hash Cond": "(mc.movie_id = ci.movie_id)", "Plans": [{"Node Type": "Seq Scan", "Parent Relationship": "Outer", "Parallel Aware": true, "Relation Name": "movie_companies", "Alias": "mc", "Startup Cost": 0.0, "Total Cost": 29661.37, "Plan Rows": 1087137, "Plan Width": 8, "Actual Startup Time": 0.029, "Actual Total Time": 62.791, "Actual Rows": 869710, "Actual Loops": 3}, {"Node Type": "Hash", "Parent Relationship": "Inner", "Parallel Aware": true, "Startup Cost": 511387.97, "Total Cost": 511387.97, "Plan Rows": 1, "Plan Width": 8, "Actual Startup Time": 3060.925, "Actual Total Time": 3060.929, "Actual Rows": 83, "Actual Loops": 3, "Hash Buckets": 1024, "Original Hash Buckets": 1024, "Hash Batches": 1, "Original Hash Batches": 1, "Peak Memory Usage": 104, "Plans": [{"Node Type": "Nested Loop", "Parent Relationship": "Outer", "Parallel Aware": false, "Join Type": "Inner", "Startup Cost": 50878.66, "Total Cost": 511387.97, "Plan Rows": 1, "Plan Width": 8, "Actual Startup Time": 1226.892, "Actual Total Time": 3060.805, "Actual Rows": 83, "Actual Loops": 3, "Inner Unique": true, "Plans": [{"Node Type": "Hash Join", "Parent Relationship": "Outer", "Parallel Aware": true, "Join Type": "Inner", "Startup Cost": 50878.23, "Total Cost": 511127.48, "Plan Rows": 569, "Plan Width": 12, "Actual Startup Time": 242.538, "Actual Total Time": 2403.714, "Actual Rows": 346131, "Actual Loops": 3, "Inner Unique": false, "Hash Cond": "(ci.movie_id = mk.movie_id)", "Plans": [{"Node Type": "Seq Scan", "Parent Relationship": "Outer", "Parallel Aware": true, "Relation Name": "cast_info", "Alias": "ci", "Startup Cost": 0.0, "Total Cost": 403639.65, "Plan Rows": 15095265, "Plan Width": 8, "Actual Startup Time": 0.033, "Actual Total Time": 872.155, "Actual Rows": 12081448, "Actual Loops": 3}, {"Node Type": "Hash", "Parent Relationship": "Inner", "Parallel Aware": true, "Startup Cost": 50878.05, "Total Cost": 50878.05, "Plan Rows": 14, "Plan Width": 4, "Actual Startup Time": 242.404, "Actual Total Time": 242.405, "Actual Rows": 13947, "Actual Loops": 3, "Hash Buckets": 65536, "Original Hash Buckets": 1024, "Hash Batches": 1, "Original Hash Batches": 1, "Peak Memory Usage": 2680, "Plans": [{"Node Type": "Hash Join", "Parent Relationship": "Outer", "Parallel Aware": false, "Join Type": "Inner", "Startup Cost": 2626.14, "Total Cost": 50878.05, "Plan Rows": 14, "Plan Width": 4, "Actual Startup Time": 12.366, "Actual Total Time": 222.485, "Actual Rows": 13947, "Actual Loops": 3, "Inner Unique": true, "Hash Cond": "(mk.keyword_id = k.id)", "Plans": [{"Node Type": "Seq Scan", "Parent Relationship": "Outer", "Parallel Aware": true, "Relation Name": "movie_keyword", "Alias": "mk", "Startup Cost": 0.0, "Total Cost": 43303.71, "Plan Rows": 1884971, "Plan Width": 8, "Actual Startup Time": 0.011, "Actual Total Time": 104.052, "Actual Rows": 1507977, "Actual Loops": 3}, {"Node Type": "Hash", "Parent Relationship": "Inner", "Parallel Aware": false, "Startup Cost": 2626.12, "Total Cost": 2626.12, "Plan Rows": 1, "Plan Width": 4, "Actual Startup Time": 12.241, "Actual Total Time": 12.241, "Actual Rows": 1, "Actual Loops": 3, "Hash Buckets": 1024, "Original Hash Buckets": 1024, "Hash Batches": 1, "Original Hash Batches": 1, "Peak Memory Usage": 9, "Plans": [{"Node Type": "Seq Scan", "Parent Relationship": "Outer", "Parallel Aware": false, "Relation Name": "keyword", "Alias": "k", "Startup Cost": 0.0, "Total Cost": 2626.12, "Plan Rows": 1, "Plan Width": 4, "Actual Startup Time": 0.588, "Actual Total Time": 12.236, "Actual Rows": 1, "Actual Loops": 3, "Filter": "((keyword)::text = 'character-name-in-title'::text)", "Rows Removed by Filter": 134169}]}]}]}]}, {"Node Type": "Index Scan", "Parent Relationship": "Inner", "Parallel Aware": false, "Scan Direction": "Forward", "Index Name": "name_pkey", "Relation Name": "name", "Alias": "n", "Startup Cost": 0.43, "Total Cost": 0.46, "Plan Rows": 1, "Plan Width": 4, "Actual Startup Time": 0.002, "Actual Total Time": 0.002, "Actual Rows": 0, "Actual Loops": 1038393, "Index Cond": "(id = ci.person_id)", "Rows Removed by Index Recheck": 0, "Filter": "((name)::text ~~ 'X%'::text)", "Rows Removed by Filter": 1}]}]}]}, {"Node Type": "Index Only Scan", "Parent Relationship": "Inner", "Parallel Aware": false, "Scan Direction": "Forward", "Index Name": "company_name_pkey", "Relation Name": "company_name", "Alias": "cn", "Startup Cost": 0.42, "Total Cost": 0.44, "Plan Rows": 1, "Plan Width": 4, "Actual Startup Time": 0.003, "Actual Total Time": 0.003, "Actual Rows": 1, "Actual Loops": 1918, "Index Cond": "(id = mc.company_id)", "Rows Removed by Index Recheck": 0, "Heap Fetches": 1918}]}, {"Node Type": "Index Only Scan", "Parent Relationship": "Inner", "Parallel Aware": false, "Scan Direction": "Forward", "Index Name": "title_pkey", "Relation Name": "title", "Alias": "t", "Startup Cost": 0.43, "Total Cost": 0.45, "Plan Rows": 1, "Plan Width": 4, "Actual Startup Time": 0.002, "Actual Total Time": 0.002, "Actual Rows": 1, "Actual Loops": 1918, "Index Cond": "(id = ci.movie_id)", "Rows Removed by Index Recheck": 0, "Heap Fetches": 1918}]}]}]}]}, "Planning Time": 83.472, "Triggers": [], "Execution Time": 3236.618}]
[{"Bao": {"Bao prediction": 773.056, "Bao recommended hint": "(no hint)"}}, {"Plan": {"Node Type": "Aggregate", "Strategy": "Plain", "Partial Mode": "Finalize", "Parallel Aware": false, "Startup Cost": 291678.75, "Total Cost": 291678.76, "Plan Rows": 1, "Plan Width": 8, "Actual Startup Time": 735.188, "Actual Total Time": 758.216, "Actual Rows": 1, "Actual Loops": 1, "Plans": [{"Node Type": "Gather", "Parent Relationship": "Outer", "Parallel Aware": false, "Startup Cost": 291678.53, "Total Cost": 291678.74, "Plan Rows": 2, "Plan Width": 8, "Actual Startup Time": 735.048, "Actual Total Time": 758.209, "Actual Rows": 3, "Actual Loops": 1, "Workers Planned": 2, "Workers Launched": 2, "Single Copy": false, "Plans": [{"Node Type": "Aggregate", "Strategy": "Plain", "Partial Mode": "Partial", "Parent Relationship": "Outer", "Parallel Aware": false, "Startup Cost": 290678.53, "Total Cost": 290678.54, "Plan Rows": 1, "Plan Width": 8, "Actual Startup Time": 732.911, "Actual Total Time": 732.914, "Actual Rows": 1, "Actual Loops": 3, "Plans": [{"Node Type": "Nested Loop", "Parent Relationship": "Outer", "Parallel Aware": false, "Join Type": "Inner", "Startup Cost": 50880.91, "Total Cost": 290678.53, "Plan Rows": 1, "Plan Width": 0, "Actual Startup Time": 443.342, "Actual Total Time": 732.909, "Actual Rows": 2, "Actual Loops": 3, "Inner Unique": true, "Join Filter": "(mi.movie_id = t.id)", "Rows Removed by Join Filter": 0, "Plans": [{"Node Type": "Hash Join", "Parent Relationship": "Outer", "Parallel Aware": true, "Join Type": "Inner", "Startup Cost": 50880.48, "Total Cost": 290678.03, "Plan Rows": 1, "Plan Width": 8, "Actual Startup Time": 323.422, "Actual Total Time": 732.855, "Actual Rows": 7, "Actual Loops": 3, "Inner Unique": false, "Hash Cond": "(mi.movie_id = mk.movie_id)", "Plans": [{"Node Type": "Seq Scan", "Parent Relationship": "Outer", "Parallel Aware": true, "Relation Name": "movie_info", "Alias": "mi", "Startup Cost": 0.0, "Total Cost": 239795.93, "Plan Rows": 161, "Plan Width": 4, "Actual Startup Time": 28.926, "Actual Total Time": 447.569, "Actual Rows": 762, "Actual Loops": 3, "Filter": "((info)::text = 'Bulgaria'::text)", "Rows Removed by Filter": 4944478}, {"Node Type": "Hash", "Parent Relationship": "Inner", "Parallel Aware": true, "Startup Cost": 50878.2, "Total Cost": 50878.2, "Plan Rows": 182, "Plan Width": 4, "Actual Startup Time": 284.828, "Actual Total Time": 284.83, "Actual Rows": 4317, "Actual Loops": 3, "Hash Buckets": 16384, "Original Hash Buckets": 1024, "Hash Batches": 1, "Original Hash Batches": 1, "Peak Memory Usage": 760, "Plans": [{"Node Type": "Hash Join", "Parent Relationship": "Outer", "Parallel Aware": false, "Join Type": "Inner", "Startup Cost": 2626.29, "Total Cost": 50878.2, "Plan Rows": 182, "Plan Width": 4, "Actual Startup Time": 20.348, "Actual Total Time": 228.609, "Actual Rows": 4317, "Actual Loops": 3, "Inner Unique": true, "Hash Cond": "(mk.keyword_id = k.id)", "Plans": [{"Node Type": "Seq Scan", "Parent Relationship": "Outer", "Parallel Aware": true, "Relation Name": "movie_keyword", "Alias": "mk", "Startup Cost": 0.0, "Total Cost": 43303.71, "Plan Rows": 1884971, "Plan Width": 8, "Actual Startup Time": 0.01, "Actual Total Time": 103.743, "Actual Rows": 1507977, "Actual Loops": 3}, {"Node Type": "Hash", "Parent Relationship": "Inner", "Parallel Aware": false, "Startup Cost": 2626.12, "Total Cost": 2626.12, "Plan Rows": 13, "Plan Width": 4, "Actual Startup Time": 20.099, "Actual Total Time": 20.099, "Actual Rows": 30, "Actual Loops": 3, "Hash Buckets": 1024, "Original Hash Buckets": 1024, "Hash Batches": 1, "Original Hash Batches": 1, "Peak Memory Usage": 10, "Plans": [{"Node Type": "Seq Scan", "Parent Relationship": "Outer", "Parallel Aware": false, "Relation Name": "keyword", "Alias": "k", "Startup Cost": 0.0, "Total Cost": 2626.12, "Plan Rows": 13, "Plan Width": 4, "Actual Startup Time": 1.256, "Actual Total Time": 20.088, "Actual Rows": 30, "Actual Loops": 3, "Filter": "((keyword)::text ~~ '%sequel%'::text)", "Rows Removed by Filter": 134140}]}]}]}]}, {"Node Type": "Index Scan", "Parent Relationship": "Inner", "Parallel Aware": false, "Scan Direction": "Forward", "Index Name": "title_pkey", "Relation Name": "title", "Alias": "t", "Startup Cost": 0.43, "Total Cost": 0.49, "Plan Rows": 1, "Plan Width": 4, "Actual Startup Time": 0.006, "Actual Total Time": 0.006, "Actual Rows": 0, "Actual Loops": 21, "Index Cond": "(id = mk.movie_id)", "Rows Removed by Index Recheck": 0, "Filter": "(production_year > 2010)", "Rows Removed by Filter": 1}]}]}]}]}, "Planning Time": 76.823, "Triggers": [], "Execution Time": 758.308}]
[{"Bao": {"Bao prediction": 1586.944, "Bao recommended hint": "(no hint)"}}, {"Plan": {"Node Type": "Aggregate", "Strategy": "Plain", "Partial Mode": "Simple", "Parallel Aware": false, "Startup Cost": 512274.4, "Total Cost": 512274.41, "Plan Rows": 1, "Plan Width": 8, "Actual Startup Time": 1951.465, "Actual Total Time": 1982.623, "Actual Rows": 1, "Actual Loops": 1, "Plans": [{"Node Type": "Gather", "Parent Relationship": "Outer", "Parallel Aware": false, "Startup Cost": 51885.44, "Total Cost": 512274.4, "Plan Rows": 1, "Plan Width": 0, "Actual Startup Time": 1951.337, "Actual Total Time": 1982.617, "Actual Rows": 6, "Actual Loops": 1, "Workers Planned": 2, "Workers Launched": 2, "Single Copy": false, "Plans": [{"Node Type": "Nested Loop", "Parent Relationship": "Outer", "Parallel Aware": false, "Join Type": "Inner", "Startup Cost": 50885.44, "Total Cost": 511274.3, "Plan Rows": 1, "Plan Width": 0, "Actual Startup Time": 1424.27, "Actual Total Time": 1949.175, "Actual Rows": 2, "Actual Loops": 3, "Inner Unique": true, "Plans": [{"Node Type": "Hash Join", "Parent Relationship": "Outer", "Parallel Aware": true, "Join Type": "Inner", "Startup Cost": 50885.01, "Total Cost": 511132.38, "Plan Rows": 310, "Plan Width": 4, "Actual Startup Time": 241.1, "Actual Total Time": 1945.672, "Actual Rows": 408, "Actual Loops": 3, "Inner Unique": false, "Hash Cond": "(ci.movie_id = t.id)", "Plans": [{"Node Type": "Seq Scan", "Parent Relationship": "Outer", "Parallel Aware": true, "Relation Name": "cast_info", "Alias": "ci", "Startup Cost": 0.0, "Total Cost": 403639.65, "Plan Rows": 15095265, "Plan Width": 8, "Actual Startup Time": 0.035, "Actual Total Time": 854.05, "Actual Rows": 12081448, "Actual Loops": 3}, {"Node Type": "Hash", "Parent Relationship": "Inner", "Parallel Aware": true, "Startup Cost": 50884.91, "Total Cost": 50884.91, "Plan Rows": 8, "Plan Width": 8, "Actual Startup Time": 226.492, "Actual Total Time": 226.495, "Actual Rows": 4, "Actual Loops": 3, "Hash Buckets": 1024, "Original Hash Buckets": 1024, "Hash Batches": 1, "Original Hash Batches": 1, "Peak Memory Usage": 104, "Plans": [{"Node Type": "Nested Loop", "Parent Relationship": "Outer", "Parallel Aware": false, "Join Type": "Inner", "Startup Cost": 2626.57, "Total Cost": 50884.91, "Plan Rows": 8, "Plan Width": 8, "Actual Startup Time": 49.283, "Actual Total Time": 226.428, "Actual Rows": 4, "Actual Loops": 3, "Inner Unique": true, "Plans": [{"Node Type": "Hash Join", "Parent Relationship": "Outer", "Parallel Aware": false, "Join Type": "Inner", "Startup Cost": 2626.14, "Total Cost": 50878.05, "Plan Rows": 14, "Plan Width": 4, "Actual Startup Time": 49.242, "Actual Total Time": 226.345, "Actual Rows": 5, "Actual Loops": 3, "Inner Unique": true, "Hash Cond": "(mk.keyword_id = k.id)", "Plans": [{"Node Type": "Seq Scan", "Parent Relationship": "Outer", "Parallel Aware": true, "Relation Name": "movie_keyword", "Alias": "mk", "Startup Cost": 0.0, "Total Cost": 43303.71, "Plan Rows": 1884971, "Plan Width": 8, "Actual Startup Time": 0.01, "Actual Total Time": 108.696, "Actual Rows": 1507977, "Actual Loops": 3}, {"Node Type": "Hash", "Parent Relationship": "Inner", "Parallel Aware": false, "Startup Cost": 2626.12, "Total Cost": 2626.12, "Plan Rows": 1, "Plan Width": 4, "Actual Startup Time": 12.195, "Actual Total Time": 12.196, "Actual Rows": 1, "Actual Loops": 3, "Hash Buckets": 1024, "Original Hash Buckets": 1024, "Hash Batches": 1, "Original Hash Batches": 1, "Peak Memory Usage": 9, "Plans": [{"Node Type": "Seq Scan", "Parent Relationship": "Outer", "Parallel Aware": false, "Relation Name": "keyword", "Alias": "k", "Startup Cost": 0.0, "Total Cost": 2626.12, "Plan Rows": 1, "Plan Width": 4, "Actual Startup Time": 0.336, "Actual Total Time": 12.192, "Actual Rows": 1, "Actual Loops": 3, "Filter": "((keyword)::text = 'marvel-cinematic-universe'::text)", "Rows Removed by Filter": 134169}]}]}, {"Node Type": "Index Scan", "Parent Relationship": "Inner", "Parallel Aware": false, "Scan Direction": "Forward", "Index Name": "title_pkey", "Relation Name": "title", "Alias": "t", "Startup Cost": 0.43, "Total Cost": 0.49, "Plan Rows": 1, "Plan Width": 4, "Actual Startup Time": 0.014, "Actual Total Time": 0.014, "Actual Rows": 1, "Actual Loops": 14, "Index Cond": "(id = mk.movie_id)", "Rows Removed by Index Recheck": 0, "Filter": "(production_year > 2000)", "Rows Removed by Filter": 0}]}]}]}, {"Node Type": "Index Scan", "Parent Relationship": "Inner", "Parallel Aware": false, "Scan Direction": "Forward", "Index Name": "name_pkey", "Relation Name": "name", "Alias": "n", "Startup Cost": 0.43, "Total Cost": 0.46, "Plan Rows": 1, "Plan Width": 4, "Actual Startup Time": 0.008, "Actual Total Time": 0.008, "Actual Rows": 0, "Actual Loops": 1224, "Index Cond": "(id = ci.person_id)", "Rows Removed by Index Recheck": 0, "Filter": "((name)::text ~~ '%Downey%Robert%'::text)", "Rows Removed by Filter": 1}]}]}]}, "Planning Time": 76.591, "Triggers": [], "Execution Time": 1982.687}]
[{"Bao": {"Bao prediction": 2445.198, "Bao recommended hint": "SET enable_nestloop TO off; "}}, {"Plan": {"Node Type": "Aggregate", "Strategy": "Plain", "Partial Mode": "Finalize", "Parallel Aware": false, "Startup Cost": 680600.97, "Total Cost": 680600.98, "Plan Rows": 1, "Plan Width": 8, "Actual Startup Time": 3567.109, "Actual Total Time": 3616.25, "Actual Rows": 1, "Actual Loops": 1, "Plans": [{"Node Type": "Gather", "Parent Relationship": "Outer", "Parallel Aware": false, "Startup Cost": 680600.76, "Total Cost": 680600.97, "Plan Rows": 2, "Plan Width": 8, "Actual Startup Time": 3565.183, "Actual Total Time": 3616.236, "Actual Rows": 3, "Actual Loops": 1, "Workers Planned": 2, "Workers Launched": 2, "Single Copy": false, "Plans": [{"Node Type": "Aggregate", "Strategy": "Plain", "Partial Mode": "Partial", "Parent Relationship": "Outer", "Parallel Aware": false, "Startup Cost": 679600.76, "Total Cost": 679600.77, "Plan Rows": 1, "Plan Width": 8, "Actual Startup Time": 3562.966, "Actual Total Time": 3563.216, "Actual Rows": 1, "Actual Loops": 3, "Plans": [{"Node Type": "Hash Join", "Parent Relationship": "Outer", "Parallel Aware": true, "Join Type": "Inner", "Startup Cost": 645861.59, "Total Cost": 679600.64, "Plan Rows": 48, "Plan Width": 0, "Actual Startup Time": 3347.415, "Actual Total Time": 3559.478, "Actual Rows": 86096, "Actual Loops": 3, "Inner Unique": true, "Hash Cond": "(mc.company_id = cn.id)", "Plans": [{"Node Type": "Hash Join", "Parent Relationship": "Outer", "Parallel Aware": true, "Join Type": "Inner", "Startup Cost": 640517.08, "Total Cost": 674255.78, "Plan Rows": 134, "Plan Width": 4, "Actual Startup Time": 3329.149, "Actual Total Time": 3515.426, "Actual Rows": 234283, "Actual Loops": 3, "Inner Unique": false, "Hash Cond": "(mc.movie_id = ci.movie_id)", "Plans": [{"Node Type": "Seq Scan", "Parent Relationship": "Outer", "Parallel Aware": true, "Relation Name": "movie_companies", "Alias": "mc", "Startup Cost": 0.0, "Total Cost": 29661.37, "Plan Rows": 1087137, "Plan Width": 8, "Actual Startup Time": 0.012, "Actual Total Time": 65.681, "Actual Rows": 869710, "Actual Loops": 3}, {"Node Type": "Hash", "Parent Relationship": "Inner", "Parallel Aware": true, "Startup Cost": 640516.51, "Total Cost": 640516.51, "Plan Rows": 46, "Plan Width": 12, "Actual Startup Time": 3328.971, "Actual Total Time": 3329.219, "Actual Rows": 31105, "Actual Loops": 3, "Hash Buckets": 131072, "Original Hash Buckets": 1024, "Hash Batches": 1, "Original Hash Batches": 1, "Peak Memory Usage": 6456, "Plans": [{"Node Type": "Hash Join", "Parent Relationship": "Outer", "Parallel Aware": true, "Join Type": "Inner", "Startup Cost": 561616.91, "Total Cost": 640516.51, "Plan Rows": 46, "Plan Width": 12, "Actual Startup Time": 3259.175, "Actual Total Time": 3313.947, "Actual Rows": 31105, "Actual Loops": 3, "Inner Unique": false, "Hash Cond": "(n.id = ci.person_id)", "Plans": [{"Node Type": "Seq Scan", "Parent Relationship": "Outer", "Parallel Aware": true, "Relation Name": "name", "Alias": "n", "Startup Cost": 0.0, "Total Cost": 77320.68, "Plan Rows": 140332, "Plan Width": 4, "Actual Startup Time": 2.487, "Actual Total Time": 143.541, "Actual Rows": 114466, "Actual Loops": 3, "Filter": "((name)::text ~~ 'B%'::text)", "Rows Removed by Filter": 1274697}, {"Node Type": "Hash", "Parent Relationship": "Inner", "Parallel Aware": true, "Startup Cost": 561609.8, "Total Cost": 561609.8, "Plan Rows": 569, "Plan Width": 16, "Actual Startup Time": 3090.33, "Actual Total Time": 3090.576, "Actual Rows": 346131, "Actual Loops": 3, "Hash Buckets": 65536, "Original Hash Buckets": 2048, "Hash Batches": 16, "Original Hash Batches": 1, "Peak Memory Usage": 3680, "Plans": [{"Node Type": "Hash Join", "Parent Relationship": "Outer", "Parallel Aware": true, "Join Type": "Inner", "Startup Cost": 101362.06, "Total Cost": 561609.8, "Plan Rows": 569, "Plan Width": 16, "Actual Startup Time": 587.604, "Actual Total Time": 2970.557, "Actual Rows": 346131, "Actual Loops": 3, "Inner Unique": false, "Hash Cond": "(ci.movie_id = t.id)", "Plans": [{"Node Type": "Seq Scan", "Parent Relationship": "Outer", "Parallel Aware": true, "Relation Name": "cast_info", "Alias": "ci", "Startup Cost": 0.0, "Total Cost": 403639.65, "Plan Rows": 15095265, "Plan Width": 8, "Actual Startup Time": 0.013, "Actual Total Time": 938.549, "Actual Rows": 12081448, "Actual Loops": 3}, {"Node Type": "Hash", "Parent Relationship": "Inner", "Parallel Aware": true, "Startup Cost": 101361.89, "Total Cost": 101361.89, "Plan Rows": 14, "Plan Width": 8, "Actual Startup Time": 587.51, "Actual Total Time": 587.755, "Actual Rows": 13947, "Actual Loops": 3, "Hash Buckets": 65536, "Original Hash Buckets": 1024, "Hash Batches": 1, "Original Hash Batches": 1, "Peak Memory Usage": 2680, "Plans": [{"Node Type": "Hash Join", "Parent Relationship": "Outer", "Parallel Aware": true, "Join Type": "Inner", "Startup Cost": 50878.23, "Total Cost": 101361.89, "Plan Rows": 14, "Plan Width": 8, "Actual Startup Time": 327.664, "Actual Total Time": 526.467, "Actual Rows": 13947, "Actual Loops": 3, "Inner Unique": false, "Hash Cond": "(t.id = mk.movie_id)", "Plans": [{"Node Type": "Seq Scan", "Parent Relationship": "Outer", "Parallel Aware": true, "Relation Name": "title", "Alias": "t", "Startup Cost": 0.0, "Total Cost": 46532.98, "Plan Rows": 1053498, "Plan Width": 4, "Actual Startup Time": 0.011, "Actual Total Time": 82.821, "Actual Rows": 842771, "Actual Loops": 3}, {"Node Type": "Hash", "Parent Relationship": "Inner", "Parallel Aware": true, "Startup Cost": 50878.05, "Total Cost": 50878.05, "Plan Rows": 14, "Plan Width": 4, "Actual Startup Time": 327.55, "Actual Total Time": 327.552, "Actual Rows": 13947, "Actual Loops": 3, "Hash Buckets": 65536, "Original Hash Buckets": 1024, "Hash Batches": 1, "Original Hash Batches": 1, "Peak Memory Usage": 2712, "Plans": [{"Node Type": "Hash Join", "Parent Relationship": "Outer", "Parallel Aware": false, "Join Type": "Inner", "Startup Cost": 2626.14, "Total Cost": 50878.05, "Plan Rows": 14, "Plan Width": 4, "Actual Startup Time": 13.891, "Actual Total Time": 291.886, "Actual Rows": 13947, "Actual Loops": 3, "Inner Unique": true, "Hash Cond": "(mk.keyword_id = k.id)", "Plans": [{"Node Type": "Seq Scan", "Parent Relationship": "Outer", "Parallel Aware": true, "Relation Name": "movie_keyword", "Alias": "mk", "Startup Cost": 0.0, "Total Cost": 43303.71, "Plan Rows": 1884971, "Plan Width": 8, "Actual Startup Time": 0.01, "Actual Total Time": 134.394, "Actual Rows": 1507977, "Actual Loops": 3}, {"Node Type": "Hash", "Parent Relationship": "Inner", "Parallel Aware": false, "Startup Cost": 2626.12, "Total Cost": 2626.12, "Plan Rows": 1, "Plan Width": 4, "Actual Startup Time": 13.827, "Actual Total Time": 13.828, "Actual Rows": 1, "Actual Loops": 3, "Hash Buckets": 1024, "Original Hash Buckets": 1024, "Hash Batches": 1, "Original Hash Batches": 1, "Peak Memory Usage": 9, "Plans": [{"Node Type": "Seq Scan", "Parent Relationship": "Outer", "Parallel Aware": false, "Relation Name": "keyword", "Alias": "k", "Startup Cost": 0.0, "Total Cost": 2626.12, "Plan Rows": 1, "Plan Width": 4, "Actual Startup Time": 0.557, "Actual Total Time": 13.821, "Actual Rows": 1, "Actual Loops": 3, "Filter": "((keyword)::text = 'character-name-in-title'::text)", "Rows Removed by Filter": 134169}]}]}]}]}]}]}]}]}]}]}, {"Node Type": "Hash", "Parent Relationship": "Inner", "Parallel Aware": true, "Startup Cost": 4722.92, "Total Cost": 4722.92, "Plan Rows": 49727, "Plan Width": 4, "Actual Startup Time": 17.512, "Actual Total Time": 17.512, "Actual Rows": 28281, "Actual Loops": 3, "Hash Buckets": 131072, "Original Hash Buckets": 131072, "Hash Batches": 1, "Original Hash Batches": 1, "Peak Memory Usage": 4384, "Plans": [{"Node Type": "Seq Scan", "Parent Relationship": "Outer", "Parallel Aware": true, "Relation Name": "company_name", "Alias": "cn", "Startup Cost": 0.0, "Total Cost": 4722.92, "Plan Rows": 49727, "Plan Width": 4, "Actual Startup Time": 0.016, "Actual Total Time": 11.987, "Actual Rows": 28281, "Actual Loops": 3, "Filter": "((country_code)::text = '[us]'::text)", "Rows Removed by Filter": 50051}]}]}]}]}]}, "Planning Time": 85.316, "Triggers": [], "Execution Time": 3616.337}]
[{"Bao": {"Bao prediction": 1611.276, "Bao recommended hint": "(no hint)"}}, {"Plan": {"Node Type": "Aggregate", "Strategy": "Plain", "Partial Mode": "Finalize", "Parallel Aware": false, "Startup Cost": 787379.8, "Total Cost": 787379.81, "Plan Rows": 1, "Plan Width": 8, "Actual Startup Time": 2806.951, "Actual Total Time": 2859.811, "Actual Rows": 1, "Actual Loops": 1, "Plans": [{"Node Type": "Gather", "Parent Relationship": "Outer", "Parallel Aware": false, "Startup Cost": 787379.58, "Total Cost": 787379.79, "Plan Rows": 2, "Plan Width": 8, "Actual Startup Time": 2805.364, "Actual Total Time": 2859.804, "Actual Rows": 3, "Actual Loops": 1, "Workers Planned": 2, "Workers Launched": 2, "Single Copy": false, "Plans": [{"Node Type": "Aggregate", "Strategy": "Plain", "Partial Mode": "Partial", "Parent Relationship": "Outer", "Parallel Aware": false, "Startup Cost": 786379.58, "Total Cost": 786379.59, "Plan Rows": 1, "Plan Width": 8, "Actual Startup Time": 2803.153, "Actual Total Time": 2803.41, "Actual Rows": 1, "Actual Loops": 3, "Plans": [{"Node Type": "Nested Loop", "Parent Relationship": "Outer", "Parallel Aware": false, "Join Type": "Inner", "Startup Cost": 286436.22, "Total Cost": 786379.56, "Plan Rows": 10, "Plan Width": 0, "Actual Startup Time": 1831.906, "Actual Total Time": 2802.728, "Actual Rows": 9358, "Actual Loops": 3, "Inner Unique": true, "Join Filter": "(mi.movie_id = t.id)", "Rows Removed by Join Filter": 0, "Plans": [{"Node Type": "Nested Loop", "Parent Relationship": "Outer", "Parallel Aware": false, "Join Type": "Inner", "Startup Cost": 286435.79, "Total Cost": 786373.65, "Plan Rows": 10, "Plan Width": 12, "Actual Startup Time": 1831.873, "Actual Total Time": 2767.697, "Actual Rows": 9358, "Actual Loops": 3, "Inner Unique": true, "Plans": [{"Node Type": "Hash Join", "Parent Relationship": "Outer", "Parallel Aware": true, "Join Type": "Inner", "Startup Cost": 286435.36, "Total Cost": 786356.49, "Plan Rows": 23, "Plan Width": 16, "Actual Startup Time": 1742.816, "Actual Total Time": 2719.273, "Actual Rows": 18052, "Actual Loops": 3, "Inner Unique": false, "Hash Cond": "(ci.movie_id = mi.movie_id)", "Plans": [{"Node Type": "Seq Scan", "Parent Relationship": "Outer", "Parallel Aware": true, "Relation Name": "cast_info", "Alias": "ci", "Startup Cost": 0.0, "Total Cost": 497985.06, "Plan Rows": 516258, "Plan Width": 8, "Actual Startup Time": 134.201, "Actual Total Time": 1469.371, "Actual Rows": 414905, "Actual Loops": 3, "Filter": "((note)::text = ANY ('{(writer),\"(head writer)\",\"(written by)\",(story),\"(story editor)\"}'::text[]))", "Rows Removed by Filter": 11666543}, {"Node Type": "Hash", "Parent Relationship": "Inner", "Parallel Aware": true, "Startup Cost": 286435.15, "Total Cost": 286435.15, "Plan Rows": 17, "Plan Width": 8, "Actual Startup Time": 1178.83, "Actual Total Time": 1179.083, "Actual Rows": 34172, "Actual Loops": 3, "Hash Buckets": 131072, "Original Hash Buckets": 1024, "Hash Batches": 1, "Original Hash Batches": 1, "Peak Memory Usage": 6104, "Plans": [{"Node Type": "Hash Join", "Parent Relationship": "Outer", "Parallel Aware": true, "Join Type": "Inner", "Startup Cost": 15319.64, "Total Cost": 286435.15, "Plan Rows": 17, "Plan Width": 8, "Actual Startup Time": 1136.549, "Actual Total Time": 1164.895, "Actual Rows": 34172, "Actual Loops": 3, "Inner Unique": false, "Hash Cond": "(mi.movie_id = mi_idx.movie_id)", "Plans": [{"Node Type": "Hash Join", "Parent Relationship": "Outer", "Parallel Aware": false, "Join Type": "Inner", "Startup Cost": 2.43, "Total Cost": 271115.48, "Plan Rows": 637, "Plan Width": 4, "Actual Startup Time": 875.474, "Actual Total Time": 997.476, "Actual Rows": 62198, "Actual Loops": 3, "Inner Unique": true, "Hash Cond": "(mi.info_type_id = it1.id)", "Plans": [{"Node Type": "Seq Scan", "Parent Relationship": "Outer", "Parallel Aware": true, "Relation Name": "movie_info", "Alias": "mi", "Startup Cost": 0.0, "Total Cost": 270917.11, "Plan Rows": 71947, "Plan Width": 8, "Actual Startup Time": 570.048, "Actual Total Time": 988.978, "Actual Rows": 62990, "Actual Loops": 3, "Filter": "((info)::text = ANY ('{Horror,Action,Sci-Fi,Thriller,Crime,War}'::text[]))", "Rows Removed by Filter": 4882250}, {"Node Type": "Hash", "Parent Relationship": "Inner", "Parallel Aware": false, "Startup Cost": 2.41, "Total Cost": 2.41, "Plan Rows": 1, "Plan Width": 4, "Actual Startup Time": 0.019, "Actual Total Time": 0.02, "Actual Rows": 1, "Actual Loops": 3, "Hash Buckets": 1024, "Original Hash Buckets": 1024, "Hash Batches": 1, "Original Hash Batches": 1, "Peak Memory Usage": 9, "Plans": [{"Node Type": "Seq Scan", "Parent Relationship": "Outer", "Parallel Aware": false, "Relation Name": "info_type", "Alias": "it1", "Startup Cost": 0.0, "Total Cost": 2.41, "Plan Rows": 1, "Plan Width": 4, "Actual Startup Time": 0.011, "Actual Total Time": 0.017, "Actual Rows": 1, "Actual Loops": 3, "Filter": "((info)::text = 'genres'::text)", "Rows Removed by Filter": 112}]}]}, {"Node Type": "Hash", "Parent Relationship": "Inner", "Parallel Aware": true, "Startup Cost": 15253.6, "Total Cost": 15253.6, "Plan Rows": 5089, "Plan Width": 4, "Actual Startup Time": 125.408, "Actual Total Time": 125.409, "Actual Rows": 153308, "Actual Loops": 3, "Hash Buckets": 131072, "Original Hash Buckets": 16384, "Hash Batches": 8, "Original Hash Batches": 1, "Peak Memory Usage": 3328, "Plans": [{"Node Type": "Hash Join", "Parent Relationship": "Outer", "Parallel Aware": false, "Join Type": "Inner", "Startup Cost": 2.43, "Total Cost": 15253.6, "Plan Rows": 5089, "Plan Width": 4, "Actual Startup Time": 0.049, "Actual Total Time": 84.891, "Actual Rows": 153308, "Actual Loops": 3, "Inner Unique": true, "Hash Cond": "(mi_idx.info_type_id = it2.id)", "Plans": [{"Node Type": "Seq Scan", "Parent Relationship": "Outer", "Parallel Aware": true, "Relation Name": "movie_info_idx", "Alias": "mi_idx", "Startup Cost": 0.0, "Total Cost": 13685.15, "Plan Rows": 575015, "Plan Width": 8, "Actual Startup Time": 0.015, "Actual Total Time": 35.152, "Actual Rows": 460012, "Actual Loops": 3}, {"Node Type": "Hash", "Parent Relationship": "Inner", "Parallel Aware": false, "Startup Cost": 2.41, "Total Cost": 2.41, "Plan Rows": 1, "Plan Width": 4, "Actual Startup Time": 0.025, "Actual Total Time": 0.026, "Actual Rows": 1, "Actual Loops": 3, "Hash Buckets": 1024, "Original Hash Buckets": 1024, "Hash Batches": 1, "Original Hash Batches": 1, "Peak Memory Usage": 9, "Plans": [{"Node Type": "Seq Scan", "Parent Relationship": "Outer", "Parallel Aware": false, "Relation Name": "info_type", "Alias": "it2", "Startup Cost": 0.0, "Total Cost": 2.41, "Plan Rows": 1, "Plan Width": 4, "Actual Startup Time": 0.02, "Actual Total Time": 0.022, "Actual Rows": 1, "Actual Loops": 3, "Filter": "((info)::text = 'votes'::text)", "Rows Removed by Filter": 112}]}]}]}]}]}]}, {"Node Type": "Index Scan", "Parent Relationship": "Inner", "Parallel Aware": false, "Scan Direction": "Forward", "Index Name": "name_pkey", "Relation Name": "name", "Alias": "n", "Startup Cost": 0.43, "Total Cost": 0.75, "Plan Rows": 1, "Plan Width": 4, "Actual Startup Time": 0.002, "Actual Total Time": 0.002, "Actual Rows": 1, "Actual Loops": 54155, "Index Cond": "(id = ci.person_id)", "Rows Removed by Index Recheck": 0, "Filter": "((gender)::text = 'm'::text)", "Rows Removed by Filter": 0}]}, {"Node Type": "Index Only Scan", "Parent Relationship": "Inner", "Parallel Aware": false, "Scan Direction": "Forward", "Index Name": "title_pkey", "Relation Name": "title", "Alias": "t", "Startup Cost": 0.43, "Total Cost": 0.58, "Plan Rows": 1, "Plan Width": 4, "Actual Startup Time": 0.003, "Actual Total Time": 0.003, "Actual Rows": 1, "Actual Loops": 28073, "Index Cond": "(id = mi_idx.movie_id)", "Rows Removed by Index Recheck": 0, "Heap Fetches": 28073}]}]}]}]}, "Planning Time": 80.473, "Triggers": [], "Execution Time": 2859.895}]
[{"Bao": {"Bao prediction": 1154.414, "Bao recommended hint": "(no hint)"}}, {"Plan": {"Node Type": "Aggregate", "Strategy": "Plain", "Partial Mode": "Finalize", "Parallel Aware": false, "Startup Cost": 304668.48, "Total Cost": 304668.49, "Plan Rows": 1, "Plan Width": 8, "Actual Startup Time": 1148.796, "Actual Total Time": 1175.054, "Actual Rows": 1, "Actual Loops": 1, "Plans": [{"Node Type": "Gather", "Parent Relationship": "Outer", "Parallel Aware": false, "Startup Cost": 304668.26, "Total Cost": 304668.47, "Plan Rows": 2, "Plan Width": 8, "Actual Startup Time": 1148.23, "Actual Total Time": 1175.049, "Actual Rows": 3, "Actual Loops": 1, "Workers Planned": 2, "Workers Launched": 2, "Single Copy": false, "Plans": [{"Node Type": "Aggregate", "Strategy": "Plain", "Partial Mode": "Partial", "Parent Relationship": "Outer", "Parallel Aware": false, "Startup Cost": 303668.26, "Total Cost": 303668.27, "Plan Rows": 1, "Plan Width": 8, "Actual Startup Time": 1145.922, "Actual Total Time": 1145.933, "Actual Rows": 1, "Actual Loops": 3, "Plans": [{"Node Type": "Nested Loop", "Parent Relationship": "Outer", "Parallel Aware": false, "Join Type": "Inner", "Startup Cost": 271113.02, "Total Cost": 303668.26, "Plan Rows": 1, "Plan Width": 0, "Actual Startup Time": 961.244, "Actual Total Time": 1145.801, "Actual Rows": 1570, "Actual Loops": 3, "Inner Unique": true, "Join Filter": "(mi.movie_id = t.id)", "Rows Removed by Join Filter": 0, "Plans": [{"Node Type": "Nested Loop", "Parent Relationship": "Outer", "Parallel Aware": false, "Join Type": "Inner", "Startup Cost": 271112.59, "Total Cost": 303667.73, "Plan Rows": 1, "Plan Width": 12, "Actual Startup Time": 961.048, "Actual Total Time": 1130.292, "Actual Rows": 4251, "Actual Loops": 3, "Inner Unique": true, "Plans": [{"Node Type": "Hash Join", "Parent Relationship": "Outer", "Parallel Aware": true, "Join Type": "Inner", "Startup Cost": 271112.17, "Total Cost": 303667.28, "Plan Rows": 1, "Plan Width": 16, "Actual Startup Time": 961.018, "Actual Total Time": 1101.674, "Actual Rows": 12740, "Actual Loops": 3, "Inner Unique": false, "Hash Cond": "(mc.movie_id = mi.movie_id)", "Plans": [{"Node Type": "Hash Join", "Parent Relationship": "Outer", "Parallel Aware": false, "Join Type": "Inner", "Startup Cost": 18.93, "Total Cost": 32551.06, "Plan Rows": 6125, "Plan Width": 8, "Actual Startup Time": 63.641, "Actual Total Time": 164.091, "Actual Rows": 444961, "Actual Loops": 3, "Inner Unique": true, "Hash Cond": "(mc.company_type_id = ct.id)", "Plans": [{"Node Type": "Seq Scan", "Parent Relationship": "Outer", "Parallel Aware": true, "Relation Name": "movie_companies", "Alias": "mc", "Startup Cost": 0.0, "Total Cost": 29661.37, "Plan Rows": 1087137, "Plan Width": 12, "Actual Startup Time": 0.019, "Actual Total Time": 64.328, "Actual Rows": 869710, "Actual Loops": 3}, {"Node Type": "Hash", "Parent Relationship": "Inner", "Parallel Aware": false, "Startup Cost": 18.88, "Total Cost": 18.88, "Plan Rows": 4, "Plan Width": 4, "Actual Startup Time": 0.025, "Actual Total Time": 0.026, "Actual Rows": 1, "Actual Loops": 3, "Hash Buckets": 1024, "Original Hash Buckets": 1024, "Hash Batches": 1, "Original Hash Batches": 1, "Peak Memory Usage": 9, "Plans": [{"Node Type": "Seq Scan", "Parent Relationship": "Outer", "Parallel Aware": false, "Relation Name": "company_type", "Alias": "ct", "Startup Cost": 0.0, "Total Cost": 18.88, "Plan Rows": 4, "Plan Width": 4, "Actual Startup Time": 0.023, "Actual Total Time": 0.023, "Actual Rows": 1, "Actual Loops": 3, "Filter": "((kind)::text = 'production companies'::text)", "Rows Removed by Filter": 3}]}]}, {"Node Type": "Hash", "Parent Relationship": "Inner", "Parallel Aware": true, "Startup Cost": 271093.18, "Total Cost": 271093.18, "Plan Rows": 5, "Plan Width": 8, "Actual Startup Time": 897.002, "Actual Total Time": 897.011, "Actual Rows": 7396, "Actual Loops": 3, "Hash Buckets": 32768, "Original Hash Buckets": 1024, "Hash Batches": 1, "Original Hash Batches": 1, "Peak Memory Usage": 1432, "Plans": [{"Node Type": "Hash Join", "Parent Relationship": "Outer", "Parallel Aware": true, "Join Type": "Inner", "Startup Cost": 15354.59, "Total Cost": 271093.18, "Plan Rows": 5, "Plan Width": 8, "Actual Startup Time": 743.401, "Actual Total Time": 868.78, "Actual Rows": 7396, "Actual Loops": 3, "Inner Unique": false, "Hash Cond": "(mi.movie_id = mi_idx.movie_id)", "Plans": [{"Node Type": "Hash Join", "Parent Relationship": "Outer", "Parallel Aware": false, "Join Type": "Inner", "Startup Cost": 2.43, "Total Cost": 255736.39, "Plan Rows": 1227, "Plan Width": 4, "Actual Startup Time": 657.365, "Actual Total Time": 763.591, "Actual Rows": 108418, "Actual Loops": 3, "Inner Unique": true, "Hash Cond": "(mi.info_type_id = it1.id)", "Plans": [{"Node Type": "Seq Scan", "Parent Relationship": "Outer", "Parallel Aware": true, "Relation Name": "movie_info", "Alias": "mi", "Startup Cost": 0.0, "Total Cost": 255356.52, "Plan Rows": 138593, "Plan Width": 8, "Actual Startup Time": 466.486, "Actual Total Time": 749.492, "Actual Rows": 109104, "Actual Loops": 3, "Filter": "((info)::text = ANY ('{Drama,Horror,Western,Family}'::text[]))", "Rows Removed by Filter": 4836136}, {"Node Type": "Hash", "Parent Relationship": "Inner", "Parallel Aware": false, "Startup Cost": 2.41, "Total Cost": 2.41, "Plan Rows": 1, "Plan Width": 4, "Actual Startup Time": 0.016, "Actual Total Time": 0.016, "Actual Rows": 1, "Actual Loops": 3, "Hash Buckets": 1024, "Original Hash Buckets": 1024, "Hash Batches": 1, "Original Hash Batches": 1, "Peak Memory Usage": 9, "Plans": [{"Node Type": "Seq Scan", "Parent Relationship": "Outer", "Parallel Aware": false, "Relation Name": "info_type", "Alias": "it1", "Startup Cost": 0.0, "Total Cost": 2.41, "Plan Rows": 1, "Plan Width": 4, "Actual Startup Time": 0.007, "Actual Total Time": 0.013, "Actual Rows": 1, "Actual Loops": 3, "Filter": "((info)::text = 'genres'::text)", "Rows Removed by Filter": 112}]}]}, {"Node Type": "Hash", "Parent Relationship": "Inner", "Parallel Aware": true, "Startup Cost": 15343.3, "Total Cost": 15343.3, "Plan Rows": 709, "Plan Width": 4, "Actual Startup Time": 85.999, "Actual Total Time": 86.0, "Actual Rows": 40524, "Actual Loops": 3, "Hash Buckets": 131072, "Original Hash Buckets": 2048, "Hash Batches": 1, "Original Hash Batches": 1, "Peak Memory Usage": 6832, "Plans": [{"Node Type": "Hash Join", "Parent Relationship": "Outer", "Parallel Aware": false, "Join Type": "Inner", "Startup Cost": 2.43, "Total Cost": 15343.3, "Plan Rows": 709, "Plan Width": 4, "Actual Startup Time": 0.059, "Actual Total Time": 73.804, "Actual Rows": 40524, "Actual Loops": 3, "Inner Unique": true, "Hash Cond": "(mi_idx.info_type_id = it2.id)", "Plans": [{"Node Type": "Seq Scan", "Parent Relationship": "Outer", "Parallel Aware": true, "Relation Name": "movie_info_idx", "Alias": "mi_idx", "Startup Cost": 0.0, "Total Cost": 15122.68, "Plan Rows": 80118, "Plan Width": 8, "Actual Startup Time": 0.021, "Actual Total Time": 67.001, "Actual Rows": 64632, "Actual Loops": 3, "Filter": "((info)::text > '7.0'::text)", "Rows Removed by Filter": 395380}, {"Node Type": "Hash", "Parent Relationship": "Inner", "Parallel Aware": false, "Startup Cost": 2.41, "Total Cost": 2.41, "Plan Rows": 1, "Plan Width": 4, "Actual Startup Time": 0.024, "Actual Total Time": 0.025, "Actual Rows": 1, "Actual Loops": 3, "Hash Buckets": 1024, "Original Hash Buckets": 1024, "Hash Batches": 1, "Original Hash Batches": 1, "Peak Memory Usage": 9, "Plans": [{"Node Type": "Seq Scan", "Parent Relationship": "Outer", "Parallel Aware": false, "Relation Name": "info_type", "Alias": "it2", "Startup Cost": 0.0, "Total Cost": 2.41, "Plan Rows": 1, "Plan Width": 4, "Actual Startup Time": 0.019, "Actual Total Time": 0.022, "Actual Rows": 1, "Actual Loops": 3, "Filter": "((info)::text = 'rating'::text)", "Rows Removed by Filter": 112}]}]}]}]}]}]}, {"Node Type": "Index Scan", "Parent Relationship": "Inner", "Parallel Aware": false, "Scan Direction": "Forward", "Index Name": "company_name_pkey", "Relation Name": "company_name", "Alias": "cn", "Startup Cost": 0.42, "Total Cost": 0.45, "Plan Rows": 1, "Plan Width": 4, "Actual Startup Time": 0.002, "Actual Total Time": 0.002, "Actual Rows": 0, "Actual Loops": 38219, "Index Cond": "(id = mc.company_id)", "Rows Removed by Index Recheck": 0, "Filter": "((country_code)::text = '[us]'::text)", "Rows Removed by Filter": 1}]}, {"Node Type": "Index Scan", "Parent Relationship": "Inner", "Parallel Aware": false, "Scan Direction": "Forward", "Index Name": "title_pkey", "Relation Name": "title", "Alias": "t", "Startup Cost": 0.43, "Total Cost": 0.52, "Plan Rows": 1, "Plan Width": 4, "Actual Startup Time": 0.003, "Actual Total Time": 0.003, "Actual Rows": 0, "Actual Loops": 12752, "Index Cond": "(id = mc.movie_id)", "Rows Removed by Index Recheck": 0, "Filter": "((production_year >= 2000) AND (production_year <= 2010))", "Rows Removed by Filter": 1}]}]}]}]}, "Planning Time": 86.199, "Triggers": [], "Execution Time": 1175.143}]
[{"Bao": {"Bao prediction": 302.099, "Bao recommended hint": "(no hint)"}}, {"Plan": {"Node Type": "Aggregate", "Strategy": "Plain", "Partial Mode": "Finalize", "Parallel Aware": false, "Startup Cost": 52751.88, "Total Cost": 52751.89, "Plan Rows": 1, "Plan Width": 8, "Actual Startup Time": 240.535, "Actual Total Time": 246.23, "Actual Rows": 1, "Actual Loops": 1, "Plans": [{"Node Type": "Gather", "Parent Relationship": "Outer", "Parallel Aware": false, "Startup Cost": 52751.67, "Total Cost": 52751.88, "Plan Rows": 2, "Plan Width": 8, "Actual Startup Time": 240.401, "Actual Total Time": 246.224, "Actual Rows": 3, "Actual Loops": 1, "Workers Planned": 2, "Workers Launched": 2, "Single Copy": false, "Plans": [{"Node Type": "Aggregate", "Strategy": "Plain", "Partial Mode": "Partial", "Parent Relationship": "Outer", "Parallel Aware": false, "Startup Cost": 51751.67, "Total Cost": 51751.68, "Plan Rows": 1, "Plan Width": 8, "Actual Startup Time": 234.279, "Actual Total Time": 234.285, "Actual Rows": 1, "Actual Loops": 3, "Plans": [{"Node Type": "Nested Loop", "Parent Relationship": "Outer", "Parallel Aware": false, "Join Type": "Inner", "Startup Cost": 3465.08, "Total Cost": 51751.66, "Plan Rows": 5, "Plan Width": 0, "Actual Startup Time": 234.277, "Actual Total Time": 234.282, "Actual Rows": 0, "Actual Loops": 3, "Inner Unique": true, "Plans": [{"Node Type": "Nested Loop", "Parent Relationship": "Outer", "Parallel Aware": false, "Join Type": "Inner", "Startup Cost": 3464.65, "Total Cost": 51729.3, "Plan Rows": 5, "Plan Width": 4, "Actual Startup Time": 234.277, "Actual Total Time": 234.282, "Actual Rows": 0, "Actual Loops": 3, "Inner Unique": true, "Plans": [{"Node Type": "Nested Loop", "Parent Relationship": "Outer", "Parallel Aware": false, "Join Type": "Inner", "Startup Cost": 3464.22, "Total Cost": 51726.86, "Plan Rows": 5, "Plan Width": 12, "Actual Startup Time": 234.276, "Actual Total Time": 234.281, "Actual Rows": 0, "Actual Loops": 3, "Inner Unique": true, "Plans": [{"Node Type": "Hash Join", "Parent Relationship": "Outer", "Parallel Aware": false, "Join Type": "Inner", "Startup Cost": 3464.07, "Total Cost": 51726.02, "Plan Rows": 5, "Plan Width": 16, "Actual Startup Time": 234.276, "Actual Total Time": 234.28, "Actual Rows": 0, "Actual Loops": 3, "Inner Unique": false, "Hash Cond": "(mk.movie_id = ml.movie_id)", "Plans": [{"Node Type": "Hash Join", "Parent Relationship": "Outer", "Parallel Aware": false, "Join Type": "Inner", "Startup Cost": 2626.14, "Total Cost": 50878.05, "Plan Rows": 14, "Plan Width": 4, "Actual Startup Time": 221.96, "Actual Total Time": 225.32, "Actual Rows": 0, "Actual Loops": 3, "Inner Unique": true, "Hash Cond": "(mk.keyword_id = k.id)", "Plans": [{"Node Type": "Seq Scan", "Parent Relationship": "Outer", "Parallel Aware": true, "Relation Name": "movie_keyword", "Alias": "mk", "Startup Cost": 0.0, "Total Cost": 43303.71, "Plan Rows": 1884971, "Plan Width": 8, "Actual Startup Time": 0.012, "Actual Total Time": 104.497, "Actual Rows": 1507977, "Actual Loops": 3}, {"Node Type": "Hash", "Parent Relationship": "Inner", "Parallel Aware": false, "Startup Cost": 2626.12, "Total Cost": 2626.12, "Plan Rows": 1, "Plan Width": 4, "Actual Startup Time": 14.715, "Actual Total Time": 14.716, "Actual Rows": 1, "Actual Loops": 3, "Hash Buckets": 1024, "Original Hash Buckets": 1024, "Hash Batches": 1, "Original Hash Batches": 1, "Peak Memory Usage": 9, "Plans": [{"Node Type": "Seq Scan", "Parent Relationship": "Outer", "Parallel Aware": false, "Relation Name": "keyword", "Alias": "k", "Startup Cost": 0.0, "Total Cost": 2626.12, "Plan Rows": 1, "Plan Width": 4, "Actual Startup Time": 14.413, "Actual Total Time": 14.702, "Actual Rows": 1, "Actual Loops": 3, "Filter": "((keyword)::text = '10,000-mile-club'::text)", "Rows Removed by Filter": 134169}]}]}, {"Node Type": "Hash", "Parent Relationship": "Inner", "Parallel Aware": false, "Startup Cost": 462.97, "Total Cost": 462.97, "Plan Rows": 29997, "Plan Width": 12, "Actual Startup Time": 8.814, "Actual Total Time": 8.814, "Actual Rows": 29997, "Actual Loops": 3, "Hash Buckets": 32768, "Original Hash Buckets": 32768, "Hash Batches": 1, "Original Hash Batches": 1, "Peak Memory Usage": 1545, "Plans": [{"Node Type": "Seq Scan", "Parent Relationship": "Outer", "Parallel Aware": false, "Relation Name": "movie_link", "Alias": "ml", "Startup Cost": 0.0, "Total Cost": 462.97, "Plan Rows": 29997, "Plan Width": 12, "Actual Startup Time": 0.03, "Actual Total Time": 4.163, "Actual Rows": 29997, "Actual Loops": 3}]}]}, {"Node Type": "Index Only Scan", "Parent Relationship": "Inner", "Parallel Aware": false, "Scan Direction": "Forward", "Index Name": "link_type_pkey", "Relation Name": "link_type", "Alias": "lt", "Startup Cost": 0.15, "Total Cost": 0.17, "Plan Rows": 1, "Plan Width": 4, "Actual Startup Time": 0.0, "Actual Total Time": 0.0, "Actual Rows": 0, "Actual Loops": 0, "Index Cond": "(id = ml.link_type_id)", "Rows Removed by Index Recheck": 0, "Heap Fetches": 0}]}, {"Node Type": "Index Only Scan", "Parent Relationship": "Inner", "Parallel Aware": false, "Scan Direction": "Forward", "Index Name": "title_pkey", "Relation Name": "title", "Alias": "t1", "Startup Cost": 0.43, "Total Cost": 0.49, "Plan Rows": 1, "Plan Width": 4, "Actual Startup Time": 0.0, "Actual Total Time": 0.0, "Actual Rows": 0, "Actual Loops": 0, "Index Cond": "(id = mk.movie_id)", "Rows Removed by Index Recheck": 0, "Heap Fetches": 0}]}, {"Node Type": "Index Only Scan", "Parent Relationship": "Inner", "Parallel Aware": false, "Scan Direction": "Forward", "Index Name": "title_pkey", "Relation Name": "title", "Alias": "t2", "Startup Cost": 0.43, "Total Cost": 4.47, "Plan Rows": 1, "Plan Width": 4, "Actual Startup Time": 0.0, "Actual Total Time": 0.0, "Actual Rows": 0, "Actual Loops": 0, "Index Cond": "(id = ml.linked_movie_id)", "Rows Removed by Index Recheck": 0, "Heap Fetches": 0}]}]}]}]}, "Planning Time": 81.432, "Triggers": [], "Execution Time": 246.296}]
[{"Bao": {"Bao prediction": 1836.924, "Bao recommended hint": "(no hint)"}}, {"Plan": {"Node Type": "Aggregate", "Strategy": "Plain", "Partial Mode": "Simple", "Parallel Aware": false, "Startup Cost": 409639.91, "Total Cost": 409639.92, "Plan Rows": 1, "Plan Width": 8, "Actual Startup Time": 1893.857, "Actual Total Time": 1922.903, "Actual Rows": 1, "Actual Loops": 1, "Plans": [{"Node Type": "Nested Loop", "Parent Relationship": "Outer", "Parallel Aware": false, "Join Type": "Inner", "Startup Cost": 392412.92, "Total Cost": 409639.91, "Plan Rows": 1, "Plan Width": 0, "Actual Startup Time": 1792.484, "Actual Total Time": 1922.687, "Actual Rows": 4803, "Actual Loops": 1, "Inner Unique": true, "Plans": [{"Node Type": "Gather", "Parent Relationship": "Outer", "Parallel Aware": false, "Startup Cost": 392412.77, "Total Cost": 409639.72, "Plan Rows": 1, "Plan Width": 4, "Actual Startup Time": 1792.463, "Actual Total Time": 1910.76, "Actual Rows": 15325, "Actual Loops": 1, "Workers Planned": 2, "Workers Launched": 2, "Single Copy": false, "Plans": [{"Node Type": "Hash Join", "Parent Relationship": "Outer", "Parallel Aware": true, "Join Type": "Inner", "Startup Cost": 391412.77, "Total Cost": 408639.62, "Plan Rows": 1, "Plan Width": 4, "Actual Startup Time": 1785.649, "Actual Total Time": 1884.509, "Actual Rows": 5108, "Actual Loops": 3, "Inner Unique": false, "Hash Cond": "(mi_idx.movie_id = t.id)", "Plans": [{"Node Type": "Seq Scan", "Parent Relationship": "Outer", "Parallel Aware": true, "Relation Name": "movie_info_idx", "Alias": "mi_idx", "Startup Cost": 0.0, "Total Cost": 15122.68, "Plan Rows": 561109, "Plan Width": 8, "Actual Startup Time": 0.014, "Actual Total Time": 75.741, "Actual Rows": 447629, "Actual Loops": 3, "Filter": "((info)::text < '8.5'::text)", "Rows Removed by Filter": 12383}, {"Node Type": "Hash", "Parent Relationship": "Inner", "Parallel Aware": true, "Startup Cost": 391412.76, "Total Cost": 391412.76, "Plan Rows": 1, "Plan Width": 20, "Actual Startup Time": 1778.273, "Actual Total Time": 1778.283, "Actual Rows": 1704, "Actual Loops": 3, "Hash Buckets": 4096, "Original Hash Buckets": 1024, "Hash Batches": 1, "Original Hash Batches": 1, "Peak Memory Usage": 376, "Plans": [{"Node Type": "Nested Loop", "Parent Relationship": "Outer", "Parallel Aware": false, "Join Type": "Inner", "Startup Cost": 356096.22, "Total Cost": 391412.76, "Plan Rows": 1, "Plan Width": 20, "Actual Startup Time": 1621.587, "Actual Total Time": 1755.095, "Actual Rows": 1704, "Actual Loops": 3, "Inner Unique": true, "Plans": [{"Node Type": "Nested Loop", "Parent Relationship": "Outer", "Parallel Aware": false, "Join Type": "Inner", "Startup Cost": 356095.8, "Total Cost": 391412.21, "Plan Rows": 1, "Plan Width": 24, "Actual Startup Time": 1621.571, "Actual Total Time": 1751.818, "Actual Rows": 1757, "Actual Loops": 3, "Inner Unique": true, "Plans": [{"Node Type": "Hash Join", "Parent Relationship": "Outer", "Parallel Aware": true, "Join Type": "Inner", "Startup Cost": 356095.65, "Total Cost": 391412.04, "Plan Rows": 1, "Plan Width": 28, "Actual Startup Time": 1621.536, "Actual Total Time": 1750.295, "Actual Rows": 1757, "Actual Loops": 3, "Inner Unique": false, "Hash Cond": "(mc.movie_id = t.id)", "Plans": [{"Node Type": "Seq Scan", "Parent Relationship": "Outer", "Parallel Aware": true, "Relation Name": "movie_companies", "Alias": "mc", "Startup Cost": 0.0, "Total Cost": 35097.06, "Plan Rows": 58487, "Plan Width": 12, "Actual Startup Time": 0.013, "Actual Total Time": 125.864, "Actual Rows": 101090, "Actual Loops": 3, "Filter": "(((note)::text !~~ '%(USA)%'::text) AND ((note)::text ~~ '%(200%)%'::text))", "Rows Removed by Filter": 768619}, {"Node Type": "Hash", "Parent Relationship": "Inner", "Parallel Aware": true, "Startup Cost": 356095.64, "Total Cost": 356095.64, "Plan Rows": 1, "Plan Width": 16, "Actual Startup Time": 1617.494, "Actual Total Time": 1617.501, "Actual Rows": 163, "Actual Loops": 3, "Hash Buckets": 1024, "Original Hash Buckets": 1024, "Hash Batches": 1, "Original Hash Batches": 1, "Peak Memory Usage": 104, "Plans": [{"Node Type": "Nested Loop", "Parent Relationship": "Outer", "Parallel Aware": false, "Join Type": "Inner", "Startup Cost": 305723.22, "Total Cost": 356095.64, "Plan Rows": 1, "Plan Width": 16, "Actual Startup Time": 1357.433, "Actual Total Time": 1617.426, "Actual Rows": 163, "Actual Loops": 3, "Inner Unique": true, "Plans": [{"Node Type": "Nested Loop", "Parent Relationship": "Outer", "Parallel Aware": false, "Join Type": "Inner", "Startup Cost": 305723.07, "Total Cost": 356095.47, "Plan Rows": 1, "Plan Width": 20, "Actual Startup Time": 1357.423, "Actual Total Time": 1617.177, "Actual Rows": 188, "Actual Loops": 3, "Inner Unique": true, "Plans": [{"Node Type": "Hash Join", "Parent Relationship": "Outer", "Parallel Aware": true, "Join Type": "Inner", "Startup Cost": 305722.65, "Total Cost": 356095.01, "Plan Rows": 1, "Plan Width": 24, "Actual Startup Time": 1350.834, "Actual Total Time": 1569.252, "Actual Rows": 26755, "Actual Loops": 3, "Inner Unique": false, "Hash Cond": "(mk.movie_id = t.id)", "Plans": [{"Node Type": "Seq Scan", "Parent Relationship": "Outer", "Parallel Aware": true, "Relation Name": "movie_keyword", "Alias": "mk", "Startup Cost": 0.0, "Total Cost": 43303.71, "Plan Rows": 1884971, "Plan Width": 8, "Actual Startup Time": 0.013, "Actual Total Time": 99.005, "Actual Rows": 1507977, "Actual Loops": 3}, {"Node Type": "Hash", "Parent Relationship": "Inner", "Parallel Aware": true, "Startup Cost": 305722.64, "Total Cost": 305722.64, "Plan Rows": 1, "Plan Width": 16, "Actual Startup Time": 1350.524, "Actual Total Time": 1350.529, "Actual Rows": 2334, "Actual Loops": 3, "Hash Buckets": 8192, "Original Hash Buckets": 1024, "Hash Batches": 1, "Original Hash Batches": 1, "Peak Memory Usage": 504, "Plans": [{"Node Type": "Nested Loop", "Parent Relationship": "Outer", "Parallel Aware": false, "Join Type": "Inner", "Startup Cost": 2470.02, "Total Cost": 305722.64, "Plan Rows": 1, "Plan Width": 16, "Actual Startup Time": 994.861, "Actual Total Time": 1322.567, "Actual Rows": 2334, "Actual Loops": 3, "Inner Unique": true, "Plans": [{"Node Type": "Nested Loop", "Parent Relationship": "Outer", "Parallel Aware": false, "Join Type": "Inner", "Startup Cost": 2469.87, "Total Cost": 305722.13, "Plan Rows": 3, "Plan Width": 20, "Actual Startup Time": 994.84, "Actual Total Time": 1319.87, "Actual Rows": 2632, "Actual Loops": 3, "Inner Unique": true, "Plans": [{"Node Type": "Hash Join", "Parent Relationship": "Outer", "Parallel Aware": false, "Join Type": "Inner", "Startup Cost": 2469.44, "Total Cost": 305718.02, "Plan Rows": 6, "Plan Width": 12, "Actual Startup Time": 994.809, "Actual Total Time": 1289.845, "Actual Rows": 9424, "Actual Loops": 3, "Inner Unique": true, "Hash Cond": "(mi.info_type_id = it1.id)", "Plans": [{"Node Type": "Hash Join", "Parent Relationship": "Outer", "Parallel Aware": false, "Join Type": "Inner", "Startup Cost": 2467.01, "Total Cost": 305713.85, "Plan Rows": 642, "Plan Width": 16, "Actual Startup Time": 30.177, "Actual Total Time": 1288.008, "Actual Rows": 12690, "Actual Loops": 3, "Inner Unique": false, "Hash Cond": "(mi.movie_id = cc.movie_id)", "Plans": [{"Node Type": "Seq Scan", "Parent Relationship": "Outer", "Parallel Aware": true, "Relation Name": "movie_info", "Alias": "mi", "Startup Cost": 0.0, "Total Cost": 302038.28, "Plan Rows": 320570, "Plan Width": 8, "Actual Startup Time": 0.545, "Actual Total Time": 1218.99, "Actual Rows": 238737, "Actual Loops": 3, "Filter": "((info)::text = ANY ('{Sweden,Norway,Germany,Denmark,Swedish,Danish,Norwegian,German,USA,American}'::text[]))", "Rows Removed by Filter": 4706503}, {"Node Type": "Hash", "Parent Relationship": "Inner", "Parallel Aware": false, "Startup Cost": 2457.5, "Total Cost": 2457.5, "Plan Rows": 761, "Plan Width": 8, "Actual Startup Time": 29.348, "Actual Total Time": 29.35, "Actual Rows": 49145, "Actual Loops": 3, "Hash Buckets": 65536, "Original Hash Buckets": 1024, "Hash Batches": 1, "Original Hash Batches": 1, "Peak Memory Usage": 2432, "Plans": [{"Node Type": "Hash Join", "Parent Relationship": "Outer", "Parallel Aware": false, "Join Type": "Inner", "Startup Cost": 18.93, "Total Cost": 2457.5, "Plan Rows": 761, "Plan Width": 8, "Actual Startup Time": 12.551, "Actual Total Time": 23.673, "Actual Rows": 49145, "Actual Loops": 3, "Inner Unique": true, "Hash Cond": "(cc.subject_id = cct1.id)", "Plans": [{"Node Type": "Seq Scan", "Parent Relationship": "Outer", "Parallel Aware": false, "Relation Name": "complete_cast", "Alias": "cc", "Startup Cost": 0.0, "Total Cost": 2081.86, "Plan Rows": 135086, "Plan Width": 12, "Actual Startup Time": 0.015, "Actual Total Time": 9.477, "Actual Rows": 135086, "Actual Loops": 3}, {"Node Type": "Hash", "Parent Relationship": "Inner", "Parallel Aware": false, "Startup Cost": 18.88, "Total Cost": 18.88, "Plan Rows": 4, "Plan Width": 4, "Actual Startup Time": 0.01, "Actual Total Time": 0.011, "Actual Rows": 1, "Actual Loops": 3, "Hash Buckets": 1024, "Original Hash Buckets": 1024, "Hash Batches": 1, "Original Hash Batches": 1, "Peak Memory Usage": 9, "Plans": [{"Node Type": "Seq Scan", "Parent Relationship": "Outer", "Parallel Aware": false, "Relation Name": "comp_cast_type", "Alias": "cct1", "Startup Cost": 0.0, "Total Cost": 18.88, "Plan Rows": 4, "Plan Width": 4, "Actual Startup Time": 0.008, "Actual Total Time": 0.009, "Actual Rows": 1, "Actual Loops": 3, "Filter": "((kind)::text = 'crew'::text)", "Rows Removed by Filter": 3}]}]}]}]}, {"Node Type": "Hash", "Parent Relationship": "Inner", "Parallel Aware": false, "Startup Cost": 2.41, "Total Cost": 2.41, "Plan Rows": 1, "Plan Width": 4, "Actual Startup Time": 0.031, "Actual Total Time": 0.031, "Actual Rows": 1, "Actual Loops": 3, "Hash Buckets": 1024, "Original Hash Buckets": 1024, "Hash Batches": 1, "Original Hash Batches": 1, "Peak Memory Usage": 9, "Plans": [{"Node Type": "Seq Scan", "Parent Relationship": "Outer", "Parallel Aware": false, "Relation Name": "info_type", "Alias": "it1", "Startup Cost": 0.0, "Total Cost": 2.41, "Plan Rows": 1, "Plan Width": 4, "Actual Startup Time": 0.022, "Actual Total Time": 0.028, "Actual Rows": 1, "Actual Loops": 3, "Filter": "((info)::text = 'countries'::text)", "Rows Removed by Filter": 112}]}]}, {"Node Type": "Index Scan", "Parent Relationship": "Inner", "Parallel Aware": false, "Scan Direction": "Forward", "Index Name": "title_pkey", "Relation Name": "title", "Alias": "t", "Startup Cost": 0.43, "Total Cost": 0.68, "Plan Rows": 1, "Plan Width": 8, "Actual Startup Time": 0.003, "Actual Total Time": 0.003, "Actual Rows": 0, "Actual Loops": 28273, "Index Cond": "(id = mi.movie_id)", "Rows Removed by Index Recheck": 0, "Filter": "(production_year > 2000)", "Rows Removed by Filter": 1}]}, {"Node Type": "Index Scan", "Parent Relationship": "Inner", "Parallel Aware": false, "Scan Direction": "Forward", "Index Name": "kind_type_pkey", "Relation Name": "kind_type", "Alias": "kt", "Startup Cost": 0.15, "Total Cost": 0.17, "Plan Rows": 1, "Plan Width": 4, "Actual Startup Time": 0.001, "Actual Total Time": 0.001, "Actual Rows": 1, "Actual Loops": 7895, "Index Cond": "(id = t.kind_id)", "Rows Removed by Index Recheck": 0, "Filter": "((kind)::text = ANY ('{movie,episode}'::text[]))", "Rows Removed by Filter": 0}]}]}]}, {"Node Type": "Index Scan", "Parent Relationship": "Inner", "Parallel Aware": false, "Scan Direction": "Forward", "Index Name": "keyword_pkey", "Relation Name": "keyword", "Alias": "k", "Startup Cost": 0.42, "Total Cost": 0.44, "Plan Rows": 1, "Plan Width": 4, "Actual Startup Time": 0.002, "Actual Total Time": 0.002, "Actual Rows": 0, "Actual Loops": 80266, "Index Cond": "(id = mk.keyword_id)", "Rows Removed by Index Recheck": 0, "Filter": "((keyword)::text = ANY ('{murder,murder-in-title,blood,violence}'::text[]))", "Rows Removed by Filter": 1}]}, {"Node Type": "Index Scan", "Parent Relationship": "Inner", "Parallel Aware": false, "Scan Direction": "Forward", "Index Name": "comp_cast_type_pkey", "Relation Name": "comp_cast_type", "Alias": "cct2", "Startup Cost": 0.15, "Total Cost": 0.17, "Plan Rows": 1, "Plan Width": 4, "Actual Startup Time": 0.001, "Actual Total Time": 0.001, "Actual Rows": 1, "Actual Loops": 564, "Index Cond": "(id = cc.status_id)", "Rows Removed by Index Recheck": 0, "Filter": "((kind)::text <> 'complete+verified'::text)", "Rows Removed by Filter": 0}]}]}]}, {"Node Type": "Index Only Scan", "Parent Relationship": "Inner", "Parallel Aware": false, "Scan Direction": "Forward", "Index Name": "company_type_pkey", "Relation Name": "company_type", "Alias": "ct", "Startup Cost": 0.15, "Total Cost": 0.17, "Plan Rows": 1, "Plan Width": 4, "Actual Startup Time": 0.001, "Actual Total Time": 0.001, "Actual Rows": 1, "Actual Loops": 5271, "Index Cond": "(id = mc.company_type_id)", "Rows Removed by Index Recheck": 0, "Heap Fetches": 5271}]}, {"Node Type": "Index Scan", "Parent Relationship": "Inner", "Parallel Aware": false, "Scan Direction": "Forward", "Index Name": "company_name_pkey", "Relation Name": "company_name", "Alias": "cn", "Startup Cost": 0.42, "Total Cost": 0.55, "Plan Rows": 1, "Plan Width": 4, "Actual Startup Time": 0.002, "Actual Total Time": 0.002, "Actual Rows": 1, "Actual Loops": 5271, "Index Cond": "(id = mc.company_id)", "Rows Removed by Index Recheck": 0, "Filter": "((country_code)::text <> '[us]'::text)", "Rows Removed by Filter": 0}]}]}]}]}, {"Node Type": "Index Scan", "Parent Relationship": "Inner", "Parallel Aware": false, "Scan Direction": "Forward", "Index Name": "info_type_pkey", "Relation Name": "info_type", "Alias": "it2", "Startup Cost": 0.14, "Total Cost": 0.16, "Plan Rows": 1, "Plan Width": 4, "Actual Startup Time": 0.001, "Actual Total Time": 0.001, "Actual Rows": 0, "Actual Loops": 15325, "Index Cond": "(id = mi_idx.info_type_id)", "Rows Removed by Index Recheck": 0, "Filter": "((info)::text = 'rating'::text)", "Rows Removed by Filter": 1}]}]}, "Planning Time": 230.442, "Triggers": [], "Execution Time": 1923.043}]
[{"Bao": {"Bao prediction": 1856.37, "Bao recommended hint": "(no hint)"}}, {"Plan": {"Node Type": "Aggregate", "Strategy": "Plain", "Partial Mode": "Simple", "Parallel Aware": false, "Startup Cost": 497918.95, "Total Cost": 497918.96, "Plan Rows": 1, "Plan Width": 8, "Actual Startup Time": 1532.988, "Actual Total Time": 1564.295, "Actual Rows": 1, "Actual Loops": 1, "Plans": [{"Node Type": "Nested Loop", "Parent Relationship": "Outer", "Parallel Aware": false, "Join Type": "Inner", "Startup Cost": 481358.17, "Total Cost": 497918.95, "Plan Rows": 1, "Plan Width": 0, "Actual Startup Time": 1495.668, "Actual Total Time": 1564.285, "Actual Rows": 40, "Actual Loops": 1, "Inner Unique": true, "Plans": [{"Node Type": "Nested Loop", "Parent Relationship": "Outer", "Parallel Aware": false, "Join Type": "Inner", "Startup Cost": 481357.74, "Total Cost": 497918.25, "Plan Rows": 1, "Plan Width": 8, "Actual Startup Time": 1483.685, "Actual Total Time": 1564.03, "Actual Rows": 94, "Actual Loops": 1, "Inner Unique": true, "Plans": [{"Node Type": "Nested Loop", "Parent Relationship": "Outer", "Parallel Aware": false, "Join Type": "Inner", "Startup Cost": 481357.32, "Total Cost": 497917.65, "Plan Rows": 1, "Plan Width": 12, "Actual Startup Time": 1483.676, "Actual Total Time": 1563.795, "Actual Rows": 94, "Actual Loops": 1, "Inner Unique": true, "Plans": [{"Node Type": "Gather", "Parent Relationship": "Outer", "Parallel Aware": false, "Startup Cost": 481356.89, "Total Cost": 497916.94, "Plan Rows": 1, "Plan Width": 16, "Actual Startup Time": 1483.656, "Actual Total Time": 1563.525, "Actual Rows": 103, "Actual Loops": 1, "Workers Planned": 2, "Workers Launched": 2, "Single Copy": false, "Plans": [{"Node Type": "Hash Join", "Parent Relationship": "Outer", "Parallel Aware": true, "Join Type": "Inner", "Startup Cost": 480356.89, "Total Cost": 496916.84, "Plan Rows": 1, "Plan Width": 16, "Actual Startup Time": 1486.119, "Actual Total Time": 1529.633, "Actual Rows": 34, "Actual Loops": 3, "Inner Unique": false, "Hash Cond": "(an.person_id = n.id)", "Plans": [{"Node Type": "Seq Scan", "Parent Relationship": "Outer", "Parallel Aware": true, "Relation Name": "aka_name", "Alias": "an", "Startup Cost": 0.0, "Total Cost": 15151.6, "Plan Rows": 375560, "Plan Width": 4, "Actual Startup Time": 0.014, "Actual Total Time": 26.559, "Actual Rows": 300448, "Actual Loops": 3}, {"Node Type": "Hash", "Parent Relationship": "Inner", "Parallel Aware": true, "Startup Cost": 480356.88, "Total Cost": 480356.88, "Plan Rows": 1, "Plan Width": 24, "Actual Startup Time": 1480.054, "Actual Total Time": 1480.058, "Actual Rows": 29, "Actual Loops": 3, "Hash Buckets": 1024, "Original Hash Buckets": 1024, "Hash Batches": 1, "Original Hash Batches": 1, "Peak Memory Usage": 104, "Plans": [{"Node Type": "Nested Loop", "Parent Relationship": "Outer", "Parallel Aware": false, "Join Type": "Inner", "Startup Cost": 442219.76, "Total Cost": 480356.88, "Plan Rows": 1, "Plan Width": 24, "Actual Startup Time": 1445.892, "Actual Total Time": 1479.944, "Actual Rows": 29, "Actual Loops": 3, "Inner Unique": true, "Plans": [{"Node Type": "Hash Join", "Parent Relationship": "Outer", "Parallel Aware": true, "Join Type": "Inner", "Startup Cost": 442219.33, "Total Cost": 480193.82, "Plan Rows": 194, "Plan Width": 20, "Actual Startup Time": 1439.091, "Actual Total Time": 1453.531, "Actual Rows": 9700, "Actual Loops": 3, "Inner Unique": false, "Hash Cond": "(mc.movie_id = ci.movie_id)", "Plans": [{"Node Type": "Seq Scan", "Parent Relationship": "Outer", "Parallel Aware": true, "Relation Name": "movie_companies", "Alias": "mc", "Startup Cost": 0.0, "Total Cost": 37814.9, "Plan Rows": 42343, "Plan Width": 8, "Actual Startup Time": 0.024, "Actual Total Time": 138.986, "Actual Rows": 66173, "Actual Loops": 3, "Filter": "(((note)::text ~~ '%(200%)%'::text) AND (((note)::text ~~ '%(USA)%'::text) OR ((note)::text ~~ '%(worldwide)%'::text)))", "Rows Removed by Filter": 803537}, {"Node Type": "Hash", "Parent Relationship": "Inner", "Parallel Aware": true, "Startup Cost": 442197.95, "Total Cost": 442197.95, "Plan Rows": 1710, "Plan Width": 12, "Actual Startup Time": 1287.332, "Actual Total Time": 1287.334, "Actual Rows": 74229, "Actual Loops": 3, "Hash Buckets": 65536, "Original Hash Buckets": 8192, "Hash Batches": 8, "Original Hash Batches": 1, "Peak Memory Usage": 1856, "Plans": [{"Node Type": "Hash Join", "Parent Relationship": "Outer", "Parallel Aware": false, "Join Type": "Inner", "Startup Cost": 18.93, "Total Cost": 442197.95, "Plan Rows": 1710, "Plan Width": 12, "Actual Startup Time": 349.895, "Actual Total Time": 1022.42, "Actual Rows": 74229, "Actual Loops": 3, "Inner Unique": true, "Hash Cond": "(ci.role_id = rt.id)", "Plans": [{"Node Type": "Seq Scan", "Parent Relationship": "Outer", "Parallel Aware": true, "Relation Name": "cast_info", "Alias": "ci", "Startup Cost": 0.0, "Total Cost": 441377.81, "Plan Rows": 303415, "Plan Width": 16, "Actual Startup Time": 0.026, "Actual Total Time": 998.173, "Actual Rows": 237943, "Actual Loops": 3, "Filter": "((note)::text = '(voice)'::text)", "Rows Removed by Filter": 11843505}, {"Node Type": "Hash", "Parent Relationship": "Inner", "Parallel Aware": false, "Startup Cost": 18.88, "Total Cost": 18.88, "Plan Rows": 4, "Plan Width": 4, "Actual Startup Time": 0.016, "Actual Total Time": 0.016, "Actual Rows": 1, "Actual Loops": 3, "Hash Buckets": 1024, "Original Hash Buckets": 1024, "Hash Batches": 1, "Original Hash Batches": 1, "Peak Memory Usage": 9, "Plans": [{"Node Type": "Seq Scan", "Parent Relationship": "Outer", "Parallel Aware": false, "Relation Name": "role_type", "Alias": "rt", "Startup Cost": 0.0, "Total Cost": 18.88, "Plan Rows": 4, "Plan Width": 4, "Actual Startup Time": 0.012, "Actual Total Time": 0.014, "Actual Rows": 1, "Actual Loops": 3, "Filter": "((role)::text = 'actress'::text)", "Rows Removed by Filter": 11}]}]}]}]}, {"Node Type": "Index Scan", "Parent Relationship": "Inner", "Parallel Aware": false, "Scan Direction": "Forward", "Index Name": "name_pkey", "Relation Name": "name", "Alias": "n", "Startup Cost": 0.43, "Total Cost": 0.84, "Plan Rows": 1, "Plan Width": 4, "Actual Startup Time": 0.003, "Actual Total Time": 0.003, "Actual Rows": 0, "Actual Loops": 29100, "Index Cond": "(id = ci.person_id)", "Rows Removed by Index Recheck": 0, "Filter": "(((name)::text ~~ '%Angel%'::text) AND ((gender)::text = 'f'::text))", "Rows Removed by Filter": 1}]}]}]}]}, {"Node Type": "Index Only Scan", "Parent Relationship": "Inner", "Parallel Aware": false, "Scan Direction": "Forward", "Index Name": "char_name_pkey", "Relation Name": "char_name", "Alias": "chn", "Startup Cost": 0.43, "Total Cost": 0.71, "Plan Rows": 1, "Plan Width": 4, "Actual Startup Time": 0.002, "Actual Total Time": 0.002, "Actual Rows": 1, "Actual Loops": 103, "Index Cond": "(id = ci.person_role_id)", "Rows Removed by Index Recheck": 0, "Heap Fetches": 94}]}, {"Node Type": "Index Scan", "Parent Relationship": "Inner", "Parallel Aware": false, "Scan Direction": "Forward", "Index Name": "company_name_pkey", "Relation Name": "company_name", "Alias": "cn", "Startup Cost": 0.42, "Total Cost": 0.59, "Plan Rows": 1, "Plan Width": 4, "Actual Startup Time": 0.002, "Actual Total Time": 0.002, "Actual Rows": 1, "Actual Loops": 94, "Index Cond": "(id = mc.company_id)", "Rows Removed by Index Recheck": 0, "Filter": "((country_code)::text = '[us]'::text)", "Rows Removed by Filter": 0}]}, {"Node Type": "Index Scan", "Parent Relationship": "Inner", "Parallel Aware": false, "Scan Direction": "Forward", "Index Name": "title_pkey", "Relation Name": "title", "Alias": "t", "Startup Cost": 0.43, "Total Cost": 0.7, "Plan Rows": 1, "Plan Width": 4, "Actual Startup Time": 0.002, "Actual Total Time": 0.002, "Actual Rows": 0, "Actual Loops": 94, "Index Cond": "(id = ci.movie_id)", "Rows Removed by Index Recheck": 0, "Filter": "((production_year >= 2007) AND (production_year <= 2010))", "Rows Removed by Filter": 1}]}]}, "Planning Time": 86.5, "Triggers": [], "Execution Time": 1564.376}]
[{"Bao": {"Bao prediction": 911.576, "Bao recommended hint": "(no hint)"}}, {"Plan": {"Node Type": "Aggregate", "Strategy": "Plain", "Partial Mode": "Finalize", "Parallel Aware": false, "Startup Cost": 364304.79, "Total Cost": 364304.8, "Plan Rows": 1, "Plan Width": 8, "Actual Startup Time": 986.759, "Actual Total Time": 1013.109, "Actual Rows": 1, "Actual Loops": 1, "Plans": [{"Node Type": "Gather", "Parent Relationship": "Outer", "Parallel Aware": false, "Startup Cost": 364304.58, "Total Cost": 364304.79, "Plan Rows": 2, "Plan Width": 8, "Actual Startup Time": 986.559, "Actual Total Time": 1013.103, "Actual Rows": 3, "Actual Loops": 1, "Workers Planned": 2, "Workers Launched": 2, "Single Copy": false, "Plans": [{"Node Type": "Aggregate", "Strategy": "Plain", "Partial Mode": "Partial", "Parent Relationship": "Outer", "Parallel Aware": false, "Startup Cost": 363304.58, "Total Cost": 363304.59, "Plan Rows": 1, "Plan Width": 8, "Actual Startup Time": 984.17, "Actual Total Time": 984.179, "Actual Rows": 1, "Actual Loops": 3, "Plans": [{"Node Type": "Hash Join", "Parent Relationship": "Outer", "Parallel Aware": true, "Join Type": "Inner", "Startup Cost": 355041.52, "Total Cost": 363304.46, "Plan Rows": 46, "Plan Width": 0, "Actual Startup Time": 963.643, "Actual Total Time": 984.142, "Actual Rows": 757, "Actual Loops": 3, "Inner Unique": false, "Hash Cond": "(at.movie_id = t.id)", "Plans": [{"Node Type": "Seq Scan", "Parent Relationship": "Outer", "Parallel Aware": true, "Relation Name": "aka_title", "Alias": "at", "Startup Cost": 0.0, "Total Cost": 7698.13, "Plan Rows": 150613, "Plan Width": 4, "Actual Startup Time": 0.016, "Actual Total Time": 10.957, "Actual Rows": 120491, "Actual Loops": 3}, {"Node Type": "Hash", "Parent Relationship": "Inner", "Parallel Aware": true, "Startup Cost": 355041.31, "Total Cost": 355041.31, "Plan Rows": 17, "Plan Width": 16, "Actual Startup Time": 962.843, "Actual Total Time": 962.851, "Actual Rows": 2655, "Actual Loops": 3, "Hash Buckets": 8192, "Original Hash Buckets": 1024, "Hash Batches": 1, "Original Hash Batches": 1, "Peak Memory Usage": 536, "Plans": [{"Node Type": "Nested Loop", "Parent Relationship": "Outer", "Parallel Aware": false, "Join Type": "Inner", "Startup Cost": 304661.91, "Total Cost": 355041.31, "Plan Rows": 17, "Plan Width": 16, "Actual Startup Time": 656.88, "Actual Total Time": 882.66, "Actual Rows": 2655, "Actual Loops": 3, "Inner Unique": true, "Plans": [{"Node Type": "Hash Join", "Parent Relationship": "Outer", "Parallel Aware": true, "Join Type": "Inner", "Startup Cost": 304661.49, "Total Cost": 355033.85, "Plan Rows": 17, "Plan Width": 20, "Actual Startup Time": 656.837, "Actual Total Time": 877.44, "Actual Rows": 2655, "Actual Loops": 3, "Inner Unique": false, "Hash Cond": "(mk.movie_id = t.id)", "Plans": [{"Node Type": "Seq Scan", "Parent Relationship": "Outer", "Parallel Aware": true, "Relation Name": "movie_keyword", "Alias": "mk", "Startup Cost": 0.0, "Total Cost": 43303.71, "Plan Rows": 1884971, "Plan Width": 8, "Actual Startup Time": 0.02, "Actual Total Time": 105.561, "Actual Rows": 1507977, "Actual Loops": 3}, {"Node Type": "Hash", "Parent Relationship": "Inner", "Parallel Aware": true, "Startup Cost": 304661.48, "Total Cost": 304661.48, "Plan Rows": 1, "Plan Width": 12, "Actual Startup Time": 656.627, "Actual Total Time": 656.634, "Actual Rows": 882, "Actual Loops": 3, "Hash Buckets": 4096, "Original Hash Buckets": 1024, "Hash Batches": 1, "Original Hash Batches": 1, "Peak Memory Usage": 248, "Plans": [{"Node Type": "Nested Loop", "Parent Relationship": "Outer", "Parallel Aware": false, "Join Type": "Inner", "Startup Cost": 270920.86, "Total Cost": 304661.48, "Plan Rows": 1, "Plan Width": 12, "Actual Startup Time": 469.964, "Actual Total Time": 621.839, "Actual Rows": 882, "Actual Loops": 3, "Inner Unique": true, "Plans": [{"Node Type": "Nested Loop", "Parent Relationship": "Outer", "Parallel Aware": false, "Join Type": "Inner", "Startup Cost": 270920.71, "Total Cost": 304661.31, "Plan Rows": 1, "Plan Width": 16, "Actual Startup Time": 469.95, "Actual Total Time": 620.958, "Actual Rows": 882, "Actual Loops": 3, "Inner Unique": true, "Join Filter": "(mi.movie_id = t.id)", "Rows Removed by Join Filter": 0, "Plans": [{"Node Type": "Nested Loop", "Parent Relationship": "Outer", "Parallel Aware": false, "Join Type": "Inner", "Startup Cost": 270920.28, "Total Cost": 304660.25, "Plan Rows": 2, "Plan Width": 12, "Actual Startup Time": 469.938, "Actual Total Time": 616.936, "Actual Rows": 882, "Actual Loops": 3, "Inner Unique": true, "Plans": [{"Node Type": "Hash Join", "Parent Relationship": "Outer", "Parallel Aware": true, "Join Type": "Inner", "Startup Cost": 270919.86, "Total Cost": 304658.02, "Plan Rows": 5, "Plan Width": 16, "Actual Startup Time": 469.913, "Actual Total Time": 613.873, "Actual Rows": 961, "Actual Loops": 3, "Inner Unique": false, "Hash Cond": "(mc.movie_id = mi.movie_id)", "Plans": [{"Node Type": "Seq Scan", "Parent Relationship": "Outer", "Parallel Aware": true, "Relation Name": "movie_companies", "Alias": "mc", "Startup Cost": 0.0, "Total Cost": 29661.37, "Plan Rows": 1087137, "Plan Width": 12, "Actual Startup Time": 0.005, "Actual Total Time": 60.907, "Actual Rows": 869710, "Actual Loops": 3}, {"Node Type": "Hash", "Parent Relationship": "Inner", "Parallel Aware": true, "Startup Cost": 270919.85, "Total Cost": 270919.85, "Plan Rows": 1, "Plan Width": 4, "Actual Startup Time": 469.651, "Actual Total Time": 469.654, "Actual Rows": 594, "Actual Loops": 3, "Hash Buckets": 1024, "Original Hash Buckets": 1024, "Hash Batches": 1, "Original Hash Batches": 1, "Peak Memory Usage": 104, "Plans": [{"Node Type": "Hash Join", "Parent Relationship": "Outer", "Parallel Aware": false, "Join Type": "Inner", "Startup Cost": 2.43, "Total Cost": 270919.85, "Plan Rows": 1, "Plan Width": 4, "Actual Startup Time": 127.714, "Actual Total Time": 469.492, "Actual Rows": 594, "Actual Loops": 3, "Inner Unique": true, "Hash Cond": "(mi.info_type_id = it1.id)", "Plans": [{"Node Type": "Seq Scan", "Parent Relationship": "Outer", "Parallel Aware": true, "Relation Name": "movie_info", "Alias": "mi", "Startup Cost": 0.0, "Total Cost": 270917.11, "Plan Rows": 117, "Plan Width": 8, "Actual Startup Time": 127.669, "Actual Total Time": 469.327, "Actual Rows": 594, "Actual Loops": 3, "Filter": "((info IS NOT NULL) AND ((note)::text ~~ '%internet%'::text) AND (((info)::text ~~ 'USA:% 199%'::text) OR ((info)::text ~~ 'USA:% 200%'::text)))", "Rows Removed by Filter": 4944646}, {"Node Type": "Hash", "Parent Relationship": "Inner", "Parallel Aware": false, "Startup Cost": 2.41, "Total Cost": 2.41, "Plan Rows": 1, "Plan Width": 4, "Actual Startup Time": 0.029, "Actual Total Time": 0.029, "Actual Rows": 1, "Actual Loops": 3, "Hash Buckets": 1024, "Original Hash Buckets": 1024, "Hash Batches": 1, "Original Hash Batches": 1, "Peak Memory Usage": 9, "Plans": [{"Node Type": "Seq Scan", "Parent Relationship": "Outer", "Parallel Aware": false, "Relation Name": "info_type", "Alias": "it1", "Startup Cost": 0.0, "Total Cost": 2.41, "Plan Rows": 1, "Plan Width": 4, "Actual Startup Time": 0.021, "Actual Total Time": 0.026, "Actual Rows": 1, "Actual Loops": 3, "Filter": "((info)::text = 'release dates'::text)", "Rows Removed by Filter": 112}]}]}]}]}, {"Node Type": "Index Scan", "Parent Relationship": "Inner", "Parallel Aware": false, "Scan Direction": "Forward", "Index Name": "company_name_pkey", "Relation Name": "company_name", "Alias": "cn", "Startup Cost": 0.42, "Total Cost": 0.45, "Plan Rows": 1, "Plan Width": 4, "Actual Startup Time": 0.003, "Actual Total Time": 0.003, "Actual Rows": 1, "Actual Loops": 2884, "Index Cond": "(id = mc.company_id)", "Rows Removed by Index Recheck": 0, "Filter": "((country_code)::text = '[us]'::text)", "Rows Removed by Filter": 0}]}, {"Node Type": "Index Scan", "Parent Relationship": "Inner", "Parallel Aware": false, "Scan Direction": "Forward", "Index Name": "title_pkey", "Relation Name": "title", "Alias": "t", "Startup Cost": 0.43, "Total Cost": 0.52, "Plan Rows": 1, "Plan Width": 4, "Actual Startup Time": 0.004, "Actual Total Time": 0.004, "Actual Rows": 1, "Actual Loops": 2647, "Index Cond": "(id = mc.movie_id)", "Rows Removed by Index Recheck": 0, "Filter": "(production_year > 1990)", "Rows Removed by Filter": 0}]}, {"Node Type": "Index Only Scan", "Parent Relationship": "Inner", "Parallel Aware": false, "Scan Direction": "Forward", "Index Name": "company_type_pkey", "Relation Name": "company_type", "Alias": "ct", "Startup Cost": 0.15, "Total Cost": 0.17, "Plan Rows": 1, "Plan Width": 4, "Actual Startup Time": 0.001, "Actual Total Time": 0.001, "Actual Rows": 1, "Actual Loops": 2647, "Index Cond": "(id = mc.company_type_id)", "Rows Removed by Index Recheck": 0, "Heap Fetches": 2647}]}]}]}, {"Node Type": "Index Only Scan", "Parent Relationship": "Inner", "Parallel Aware": false, "Scan Direction": "Forward", "Index Name": "keyword_pkey", "Relation Name": "keyword", "Alias": "k", "Startup Cost": 0.42, "Total Cost": 0.44, "Plan Rows": 1, "Plan Width": 4, "Actual Startup Time": 0.002, "Actual Total Time": 0.002, "Actual Rows": 1, "Actual Loops": 7964, "Index Cond": "(id = mk.keyword_id)", "Rows Removed by Index Recheck": 0, "Heap Fetches": 7964}]}]}]}]}]}]}, "Planning Time": 105.695, "Triggers": [], "Execution Time": 1013.22}]
[{"Bao": {"Bao prediction": 1569.863, "Bao recommended hint": "(no hint)"}}, {"Plan": {"Node Type": "Aggregate", "Strategy": "Plain", "Partial Mode": "Finalize", "Parallel Aware": false, "Startup Cost": 545497.75, "Total Cost": 545497.76, "Plan Rows": 1, "Plan Width": 8, "Actual Startup Time": 1861.664, "Actual Total Time": 1892.229, "Actual Rows": 1, "Actual Loops": 1, "Plans": [{"Node Type": "Gather", "Parent Relationship": "Outer", "Parallel Aware": false, "Startup Cost": 545497.54, "Total Cost": 545497.75, "Plan Rows": 2, "Plan Width": 8, "Actual Startup Time": 1861.521, "Actual Total Time": 1892.223, "Actual Rows": 3, "Actual Loops": 1, "Workers Planned": 2, "Workers Launched": 2, "Single Copy": false, "Plans": [{"Node Type": "Aggregate", "Strategy": "Plain", "Partial Mode": "Partial", "Parent Relationship": "Outer", "Parallel Aware": false, "Startup Cost": 544497.54, "Total Cost": 544497.55, "Plan Rows": 1, "Plan Width": 8, "Actual Startup Time": 1859.06, "Actual Total Time": 1859.067, "Actual Rows": 1, "Actual Loops": 3, "Plans": [{"Node Type": "Nested Loop", "Parent Relationship": "Outer", "Parallel Aware": false, "Join Type": "Inner", "Startup Cost": 83706.28, "Total Cost": 544497.54, "Plan Rows": 1, "Plan Width": 0, "Actual Startup Time": 1681.618, "Actual Total Time": 1859.063, "Actual Rows": 5, "Actual Loops": 3, "Inner Unique": false, "Join Filter": "(ml.linked_movie_id = t.id)", "Rows Removed by Join Filter": 55312, "Plans": [{"Node Type": "Nested Loop", "Parent Relationship": "Outer", "Parallel Aware": false, "Join Type": "Inner", "Startup Cost": 83687.36, "Total Cost": 543934.32, "Plan Rows": 1, "Plan Width": 8, "Actual Startup Time": 1175.212, "Actual Total Time": 1809.416, "Actual Rows": 11, "Actual Loops": 3, "Inner Unique": true, "Plans": [{"Node Type": "Hash Join", "Parent Relationship": "Outer", "Parallel Aware": true, "Join Type": "Inner", "Startup Cost": 83686.93, "Total Cost": 543933.86, "Plan Rows": 1, "Plan Width": 4, "Actual Startup Time": 622.126, "Actual Total Time": 1808.693, "Actual Rows": 118, "Actual Loops": 3, "Inner Unique": false, "Hash Cond": "(ci.person_id = n.id)", "Plans": [{"Node Type": "Seq Scan", "Parent Relationship": "Outer", "Parallel Aware": true, "Relation Name": "cast_info", "Alias": "ci", "Startup Cost": 0.0, "Total Cost": 403639.65, "Plan Rows": 15095265, "Plan Width": 8, "Actual Startup Time": 0.018, "Actual Total Time": 838.567, "Actual Rows": 12081448, "Actual Loops": 3}, {"Node Type": "Hash", "Parent Relationship": "Inner", "Parallel Aware": true, "Startup Cost": 83686.92, "Total Cost": 83686.92, "Plan Rows": 1, "Plan Width": 12, "Actual Startup Time": 159.399, "Actual Total Time": 159.403, "Actual Rows": 1, "Actual Loops": 3, "Hash Buckets": 1024, "Original Hash Buckets": 1024, "Hash Batches": 1, "Original Hash Batches": 1, "Peak Memory Usage": 72, "Plans": [{"Node Type": "Nested Loop", "Parent Relationship": "Outer", "Parallel Aware": false, "Join Type": "Inner", "Startup Cost": 66502.6, "Total Cost": 83686.92, "Plan Rows": 1, "Plan Width": 12, "Actual Startup Time": 139.875, "Actual Total Time": 159.343, "Actual Rows": 1, "Actual Loops": 3, "Inner Unique": true, "Plans": [{"Node Type": "Hash Join", "Parent Relationship": "Outer", "Parallel Aware": true, "Join Type": "Inner", "Startup Cost": 66502.17, "Total Cost": 83686.06, "Plan Rows": 1, "Plan Width": 8, "Actual Startup Time": 103.443, "Actual Total Time": 158.987, "Actual Rows": 33, "Actual Loops": 3, "Inner Unique": false, "Hash Cond": "(an.person_id = pi.person_id)", "Plans": [{"Node Type": "Seq Scan", "Parent Relationship": "Outer", "Parallel Aware": true, "Relation Name": "aka_name", "Alias": "an", "Startup Cost": 0.0, "Total Cost": 16090.49, "Plan Rows": 291570, "Plan Width": 4, "Actual Startup Time": 0.019, "Actual Total Time": 45.322, "Actual Rows": 224897, "Actual Loops": 3, "Filter": "((name)::text ~~ '%a%'::text)", "Rows Removed by Filter": 75550}, {"Node Type": "Hash", "Parent Relationship": "Inner", "Parallel Aware": true, "Startup Cost": 66502.15, "Total Cost": 66502.15, "Plan Rows": 1, "Plan Width": 4, "Actual Startup Time": 100.278, "Actual Total Time": 100.28, "Actual Rows": 21, "Actual Loops": 3, "Hash Buckets": 1024, "Original Hash Buckets": 1024, "Hash Batches": 1, "Original Hash Batches": 1, "Peak Memory Usage": 104, "Plans": [{"Node Type": "Hash Join", "Parent Relationship": "Outer", "Parallel Aware": false, "Join Type": "Inner", "Startup Cost": 2.43, "Total Cost": 66502.15, "Plan Rows": 1, "Plan Width": 4, "Actual Startup Time": 2.31, "Actual Total Time": 100.23, "Actual Rows": 21, "Actual Loops": 3, "Inner Unique": true, "Hash Cond": "(pi.info_type_id = it.id)", "Plans": [{"Node Type": "Seq Scan", "Parent Relationship": "Outer", "Parallel Aware": true, "Relation Name": "person_info", "Alias": "pi", "Startup Cost": 0.0, "Total Cost": 66499.7, "Plan Rows": 12, "Plan Width": 8, "Actual Startup Time": 2.275, "Actual Total Time": 100.176, "Actual Rows": 21, "Actual Loops": 3, "Filter": "((note)::text = 'Volker Boehm'::text)", "Rows Removed by Filter": 987867}, {"Node Type": "Hash", "Parent Relationship": "Inner", "Parallel Aware": false, "Startup Cost": 2.41, "Total Cost": 2.41, "Plan Rows": 1, "Plan Width": 4, "Actual Startup Time": 0.022, "Actual Total Time": 0.023, "Actual Rows": 1, "Actual Loops": 3, "Hash Buckets": 1024, "Original Hash Buckets": 1024, "Hash Batches": 1, "Original Hash Batches": 1, "Peak Memory Usage": 9, "Plans": [{"Node Type": "Seq Scan", "Parent Relationship": "Outer", "Parallel Aware": false, "Relation Name": "info_type", "Alias": "it", "Startup Cost": 0.0, "Total Cost": 2.41, "Plan Rows": 1, "Plan Width": 4, "Actual Startup Time": 0.013, "Actual Total Time": 0.02, "Actual Rows": 1, "Actual Loops": 3, "Filter": "((info)::text = 'mini biography'::text)", "Rows Removed by Filter": 112}]}]}]}]}, {"Node Type": "Index Scan", "Parent Relationship": "Inner", "Parallel Aware": false, "Scan Direction": "Forward", "Index Name": "name_pkey", "Relation Name": "name", "Alias": "n", "Startup Cost": 0.43, "Total Cost": 0.86, "Plan Rows": 1, "Plan Width": 4, "Actual Startup Time": 0.01, "Actual Total Time": 0.01, "Actual Rows": 0, "Actual Loops": 98, "Index Cond": "(id = an.person_id)", "Rows Removed by Index Recheck": 0, "Filter": "(((name_pcode_cf)::text ~~ 'D%'::text) AND ((gender)::text = 'm'::text))", "Rows Removed by Filter": 1}]}]}]}, {"Node Type": "Index Scan", "Parent Relationship": "Inner", "Parallel Aware": false, "Scan Direction": "Forward", "Index Name": "title_pkey", "Relation Name": "title", "Alias": "t", "Startup Cost": 0.43, "Total Cost": 0.46, "Plan Rows": 1, "Plan Width": 4, "Actual Startup Time": 0.006, "Actual Total Time": 0.006, "Actual Rows": 0, "Actual Loops": 353, "Index Cond": "(id = ci.movie_id)", "Rows Removed by Index Recheck": 0, "Filter": "((production_year >= 1980) AND (production_year <= 1984))", "Rows Removed by Filter": 1}]}, {"Node Type": "Hash Join", "Parent Relationship": "Inner", "Parallel Aware": false, "Join Type": "Inner", "Startup Cost": 18.93, "Total Cost": 561.1, "Plan Rows": 169, "Plan Width": 4, "Actual Startup Time": 0.02, "Actual Total Time": 4.432, "Actual Rows": 5186, "Actual Loops": 32, "Inner Unique": true, "Hash Cond": "(ml.link_type_id = lt.id)", "Plans": [{"Node Type": "Seq Scan", "Parent Relationship": "Outer", "Parallel Aware": false, "Relation Name": "movie_link", "Alias": "ml", "Startup Cost": 0.0, "Total Cost": 462.97, "Plan Rows": 29997, "Plan Width": 8, "Actual Startup Time": 0.005, "Actual Total Time": 1.835, "Actual Rows": 29997, "Actual Loops": 32}, {"Node Type": "Hash", "Parent Relationship": "Inner", "Parallel Aware": false, "Startup Cost": 18.88, "Total Cost": 18.88, "Plan Rows": 4, "Plan Width": 4, "Actual Startup Time": 0.011, "Actual Total Time": 0.012, "Actual Rows": 1, "Actual Loops": 3, "Hash Buckets": 1024, "Original Hash Buckets": 1024, "Hash Batches": 1, "Original Hash Batches": 1, "Peak Memory Usage": 9, "Plans": [{"Node Type": "Seq Scan", "Parent Relationship": "Outer", "Parallel Aware": false, "Relation Name": "link_type", "Alias": "lt", "Startup Cost": 0.0, "Total Cost": 18.88, "Plan Rows": 4, "Plan Width": 4, "Actual Startup Time": 0.006, "Actual Total Time": 0.007, "Actual Rows": 1, "Actual Loops": 3, "Filter": "((link)::text = 'features'::text)", "Rows Removed by Filter": 17}]}]}]}]}]}]}, "Planning Time": 85.736, "Triggers": [], "Execution Time": 1892.305}]
[{"Bao": {"Bao prediction": 1084.365, "Bao recommended hint": "(no hint)"}}, {"Plan": {"Node Type": "Aggregate", "Strategy": "Plain", "Partial Mode": "Finalize", "Parallel Aware": false, "Startup Cost": 288880.08, "Total Cost": 288880.09, "Plan Rows": 1, "Plan Width": 8, "Actual Startup Time": 910.203, "Actual Total Time": 933.476, "Actual Rows": 1, "Actual Loops": 1, "Plans": [{"Node Type": "Gather", "Parent Relationship": "Outer", "Parallel Aware": false, "Startup Cost": 288879.86, "Total Cost": 288880.07, "Plan Rows": 2, "Plan Width": 8, "Actual Startup Time": 910.065, "Actual Total Time": 933.472, "Actual Rows": 3, "Actual Loops": 1, "Workers Planned": 2, "Workers Launched": 2, "Single Copy": false, "Plans": [{"Node Type": "Aggregate", "Strategy": "Plain", "Partial Mode": "Partial", "Parent Relationship": "Outer", "Parallel Aware": false, "Startup Cost": 287879.86, "Total Cost": 287879.87, "Plan Rows": 1, "Plan Width": 8, "Actual Startup Time": 907.834, "Actual Total Time": 907.841, "Actual Rows": 1, "Actual Loops": 3, "Plans": [{"Node Type": "Nested Loop", "Parent Relationship": "Outer", "Parallel Aware": false, "Join Type": "Inner", "Startup Cost": 255324.61, "Total Cost": 287879.86, "Plan Rows": 1, "Plan Width": 0, "Actual Startup Time": 770.258, "Actual Total Time": 907.823, "Actual Rows": 132, "Actual Loops": 3, "Inner Unique": true, "Join Filter": "(mi.movie_id = t.id)", "Rows Removed by Join Filter": 0, "Plans": [{"Node Type": "Nested Loop", "Parent Relationship": "Outer", "Parallel Aware": false, "Join Type": "Inner", "Startup Cost": 255324.18, "Total Cost": 287879.33, "Plan Rows": 1, "Plan Width": 12, "Actual Startup Time": 764.863, "Actual Total Time": 905.382, "Actual Rows": 437, "Actual Loops": 3, "Inner Unique": true, "Plans": [{"Node Type": "Hash Join", "Parent Relationship": "Outer", "Parallel Aware": true, "Join Type": "Inner", "Startup Cost": 255323.76, "Total Cost": 287878.88, "Plan Rows": 1, "Plan Width": 16, "Actual Startup Time": 764.821, "Actual Total Time": 902.153, "Actual Rows": 839, "Actual Loops": 3, "Inner Unique": false, "Hash Cond": "(mc.movie_id = mi.movie_id)", "Plans": [{"Node Type": "Hash Join", "Parent Relationship": "Outer", "Parallel Aware": false, "Join Type": "Inner", "Startup Cost": 18.93, "Total Cost": 32551.06, "Plan Rows": 6125, "Plan Width": 8, "Actual Startup Time": 63.204, "Actual Total Time": 162.26, "Actual Rows": 444961, "Actual Loops": 3, "Inner Unique": true, "Hash Cond": "(mc.company_type_id = ct.id)", "Plans": [{"Node Type": "Seq Scan", "Parent Relationship": "Outer", "Parallel Aware": true, "Relation Name": "movie_companies", "Alias": "mc", "Startup Cost": 0.0, "Total Cost": 29661.37, "Plan Rows": 1087137, "Plan Width": 12, "Actual Startup Time": 0.013, "Actual Total Time": 63.214, "Actual Rows": 869710, "Actual Loops": 3}, {"Node Type": "Hash", "Parent Relationship": "Inner", "Parallel Aware": false, "Startup Cost": 18.88, "Total Cost": 18.88, "Plan Rows": 4, "Plan Width": 4, "Actual Startup Time": 0.026, "Actual Total Time": 0.026, "Actual Rows": 1, "Actual Loops": 3, "Hash Buckets": 1024, "Original Hash Buckets": 1024, "Hash Batches": 1, "Original Hash Batches": 1, "Peak Memory Usage": 9, "Plans": [{"Node Type": "Seq Scan", "Parent Relationship": "Outer", "Parallel Aware": false, "Relation Name": "company_type", "Alias": "ct", "Startup Cost": 0.0, "Total Cost": 18.88, "Plan Rows": 4, "Plan Width": 4, "Actual Startup Time": 0.023, "Actual Total Time": 0.024, "Actual Rows": 1, "Actual Loops": 3, "Filter": "((kind)::text = 'production companies'::text)", "Rows Removed by Filter": 3}]}]}, {"Node Type": "Hash", "Parent Relationship": "Inner", "Parallel Aware": true, "Startup Cost": 255304.83, "Total Cost": 255304.83, "Plan Rows": 1, "Plan Width": 8, "Actual Startup Time": 700.125, "Actual Total Time": 700.129, "Actual Rows": 648, "Actual Loops": 3, "Hash Buckets": 1024, "Original Hash Buckets": 1024, "Hash Batches": 1, "Original Hash Batches": 1, "Peak Memory Usage": 104, "Plans": [{"Node Type": "Hash Join", "Parent Relationship": "Outer", "Parallel Aware": true, "Join Type": "Inner", "Startup Cost": 15185.74, "Total Cost": 255304.83, "Plan Rows": 1, "Plan Width": 8, "Actual Startup Time": 601.969, "Actual Total Time": 699.742, "Actual Rows": 648, "Actual Loops": 3, "Inner Unique": false, "Hash Cond": "(mi.movie_id = mi_idx.movie_id)", "Plans": [{"Node Type": "Hash Join", "Parent Relationship": "Outer", "Parallel Aware": false, "Join Type": "Inner", "Startup Cost": 2.43, "Total Cost": 240117.6, "Plan Rows": 1038, "Plan Width": 4, "Actual Startup Time": 526.201, "Actual Total Time": 615.157, "Actual Rows": 90907, "Actual Loops": 3, "Inner Unique": true, "Hash Cond": "(mi.info_type_id = it1.id)", "Plans": [{"Node Type": "Seq Scan", "Parent Relationship": "Outer", "Parallel Aware": true, "Relation Name": "movie_info", "Alias": "mi", "Startup Cost": 0.0, "Total Cost": 239795.93, "Plan Rows": 117223, "Plan Width": 8, "Actual Startup Time": 370.819, "Actual Total Time": 603.286, "Actual Rows": 91548, "Actual Loops": 3, "Filter": "((info)::text = ANY ('{Drama,Horror}'::text[]))", "Rows Removed by Filter": 4853692}, {"Node Type": "Hash", "Parent Relationship": "Inner", "Parallel Aware": false, "Startup Cost": 2.41, "Total Cost": 2.41, "Plan Rows": 1, "Plan Width": 4, "Actual Startup Time": 0.016, "Actual Total Time": 0.016, "Actual Rows": 1, "Actual Loops": 3, "Hash Buckets": 1024, "Original Hash Buckets": 1024, "Hash Batches": 1, "Original Hash Batches": 1, "Peak Memory Usage": 9, "Plans": [{"Node Type": "Seq Scan", "Parent Relationship": "Outer", "Parallel Aware": false, "Relation Name": "info_type", "Alias": "it1", "Startup Cost": 0.0, "Total Cost": 2.41, "Plan Rows": 1, "Plan Width": 4, "Actual Startup Time": 0.008, "Actual Total Time": 0.013, "Actual Rows": 1, "Actual Loops": 3, "Filter": "((info)::text = 'genres'::text)", "Rows Removed by Filter": 112}]}]}, {"Node Type": "Hash", "Parent Relationship": "Inner", "Parallel Aware": true, "Startup Cost": 15181.04, "Total Cost": 15181.04, "Plan Rows": 182, "Plan Width": 4, "Actual Startup Time": 75.604, "Actual Total Time": 75.606, "Actual Rows": 5283, "Actual Loops": 3, "Hash Buckets": 16384, "Original Hash Buckets": 1024, "Hash Batches": 1, "Original Hash Batches": 1, "Peak Memory Usage": 952, "Plans": [{"Node Type": "Hash Join", "Parent Relationship": "Outer", "Parallel Aware": false, "Join Type": "Inner", "Startup Cost": 2.43, "Total Cost": 15181.04, "Plan Rows": 182, "Plan Width": 4, "Actual Startup Time": 0.195, "Actual Total Time": 65.514, "Actual Rows": 5283, "Actual Loops": 3, "Inner Unique": true, "Hash Cond": "(mi_idx.info_type_id = it2.id)", "Plans": [{"Node Type": "Seq Scan", "Parent Relationship": "Outer", "Parallel Aware": true, "Relation Name": "movie_info_idx", "Alias": "mi_idx", "Startup Cost": 0.0, "Total Cost": 15122.68, "Plan Rows": 20538, "Plan Width": 8, "Actual Startup Time": 0.027, "Actual Total Time": 64.015, "Actual Rows": 17883, "Actual Loops": 3, "Filter": "((info)::text > '8.0'::text)", "Rows Removed by Filter": 442129}, {"Node Type": "Hash", "Parent Relationship": "Inner", "Parallel Aware": false, "Startup Cost": 2.41, "Total Cost": 2.41, "Plan Rows": 1, "Plan Width": 4, "Actual Startup Time": 0.024, "Actual Total Time": 0.025, "Actual Rows": 1, "Actual Loops": 3, "Hash Buckets": 1024, "Original Hash Buckets": 1024, "Hash Batches": 1, "Original Hash Batches": 1, "Peak Memory Usage": 9, "Plans": [{"Node Type": "Seq Scan", "Parent Relationship": "Outer", "Parallel Aware": false, "Relation Name": "info_type", "Alias": "it2", "Startup Cost": 0.0, "Total Cost": 2.41, "Plan Rows": 1, "Plan Width": 4, "Actual Startup Time": 0.02, "Actual Total Time": 0.022, "Actual Rows": 1, "Actual Loops": 3, "Filter": "((info)::text = 'rating'::text)", "Rows Removed by Filter": 112}]}]}]}]}]}]}, {"Node Type": "Index Scan", "Parent Relationship": "Inner", "Parallel Aware": false, "Scan Direction": "Forward", "Index Name": "company_name_pkey", "Relation Name": "company_name", "Alias": "cn", "Startup Cost": 0.42, "Total Cost": 0.45, "Plan Rows": 1, "Plan Width": 4, "Actual Startup Time": 0.004, "Actual Total Time": 0.004, "Actual Rows": 1, "Actual Loops": 2518, "Index Cond": "(id = mc.company_id)", "Rows Removed by Index Recheck": 0, "Filter": "((country_code)::text = '[us]'::text)", "Rows Removed by Filter": 0}]}, {"Node Type": "Index Scan", "Parent Relationship": "Inner", "Parallel Aware": false, "Scan Direction": "Forward", "Index Name": "title_pkey", "Relation Name": "title", "Alias": "t", "Startup Cost": 0.43, "Total Cost": 0.52, "Plan Rows": 1, "Plan Width": 4, "Actual Startup Time": 0.005, "Actual Total Time": 0.005, "Actual Rows": 0, "Actual Loops": 1311, "Index Cond": "(id = mc.movie_id)", "Rows Removed by Index Recheck": 0, "Filter": "((production_year >= 2005) AND (production_year <= 2008))", "Rows Removed by Filter": 1}]}]}]}]}, "Planning Time": 87.428, "Triggers": [], "Execution Time": 933.56}]
[{"Bao": {"Bao prediction": 1759.006, "Bao recommended hint": "(no hint)"}}, {"Plan": {"Node Type": "Aggregate", "Strategy": "Plain", "Partial Mode": "Simple", "Parallel Aware": false, "Startup Cost": 533834.42, "Total Cost": 533834.43, "Plan Rows": 1, "Plan Width": 8, "Actual Startup Time": 1838.466, "Actual Total Time": 1877.867, "Actual Rows": 1, "Actual Loops": 1, "Plans": [{"Node Type": "Nested Loop", "Parent Relationship": "Outer", "Parallel Aware": false, "Join Type": "Inner", "Startup Cost": 517273.91, "Total Cost": 533834.42, "Plan Rows": 1, "Plan Width": 0, "Actual Startup Time": 1787.414, "Actual Total Time": 1877.847, "Actual Rows": 121, "Actual Loops": 1, "Inner Unique": true, "Plans": [{"Node Type": "Nested Loop", "Parent Relationship": "Outer", "Parallel Aware": false, "Join Type": "Inner", "Startup Cost": 517273.48, "Total Cost": 533833.76, "Plan Rows": 1, "Plan Width": 8, "Actual Startup Time": 1787.353, "Actual Total Time": 1876.928, "Actual Rows": 341, "Actual Loops": 1, "Inner Unique": true, "Plans": [{"Node Type": "Gather", "Parent Relationship": "Outer", "Parallel Aware": false, "Startup Cost": 517273.05, "Total Cost": 533833.1, "Plan Rows": 1, "Plan Width": 12, "Actual Startup Time": 1787.34, "Actual Total Time": 1876.042, "Actual Rows": 359, "Actual Loops": 1, "Workers Planned": 2, "Workers Launched": 2, "Single Copy": false, "Plans": [{"Node Type": "Hash Join", "Parent Relationship": "Outer", "Parallel Aware": true, "Join Type": "Inner", "Startup Cost": 516273.05, "Total Cost": 532833.0, "Plan Rows": 1, "Plan Width": 12, "Actual Startup Time": 1785.054, "Actual Total Time": 1834.619, "Actual Rows": 120, "Actual Loops": 3, "Inner Unique": false, "Hash Cond": "(an.person_id = n.id)", "Plans": [{"Node Type": "Seq Scan", "Parent Relationship": "Outer", "Parallel Aware": true, "Relation Name": "aka_name", "Alias": "an", "Startup Cost": 0.0, "Total Cost": 15151.6, "Plan Rows": 375560, "Plan Width": 4, "Actual Startup Time": 0.023, "Actual Total Time": 26.607, "Actual Rows": 300448, "Actual Loops": 3}, {"Node Type": "Hash", "Parent Relationship": "Inner", "Parallel Aware": true, "Startup Cost": 516273.03, "Total Cost": 516273.03, "Plan Rows": 1, "Plan Width": 20, "Actual Startup Time": 1783.666, "Actual Total Time": 1783.671, "Actual Rows": 110, "Actual Loops": 3, "Hash Buckets": 1024, "Original Hash Buckets": 1024, "Hash Batches": 1, "Original Hash Batches": 1, "Peak Memory Usage": 104, "Plans": [{"Node Type": "Nested Loop", "Parent Relationship": "Outer", "Parallel Aware": false, "Join Type": "Inner", "Startup Cost": 480147.95, "Total Cost": 516273.03, "Plan Rows": 1, "Plan Width": 20, "Actual Startup Time": 1617.165, "Actual Total Time": 1783.49, "Actual Rows": 110, "Actual Loops": 3, "Inner Unique": true, "Plans": [{"Node Type": "Nested Loop", "Parent Relationship": "Outer", "Parallel Aware": false, "Join Type": "Inner", "Startup Cost": 480147.52, "Total Cost": 516074.94, "Plan Rows": 258, "Plan Width": 16, "Actual Startup Time": 1606.667, "Actual Total Time": 1709.158, "Actual Rows": 26554, "Actual Loops": 3, "Inner Unique": true, "Plans": [{"Node Type": "Hash Join", "Parent Relationship": "Outer", "Parallel Aware": true, "Join Type": "Inner", "Startup Cost": 480147.1, "Total Cost": 515723.47, "Plan Rows": 716, "Plan Width": 20, "Actual Startup Time": 1606.641, "Actual Total Time": 1651.978, "Actual Rows": 28685, "Actual Loops": 3, "Inner Unique": false, "Hash Cond": "(mc.movie_id = ci.movie_id)", "Plans": [{"Node Type": "Seq Scan", "Parent Relationship": "Outer", "Parallel Aware": true, "Relation Name": "movie_companies", "Alias": "mc", "Startup Cost": 0.0, "Total Cost": 35097.06, "Plan Rows": 127023, "Plan Width": 8, "Actual Startup Time": 0.021, "Actual Total Time": 148.1, "Actual Rows": 196998, "Actual Loops": 3, "Filter": "((note IS NOT NULL) AND (((note)::text ~~ '%(USA)%'::text) OR ((note)::text ~~ '%(worldwide)%'::text)))", "Rows Removed by Filter": 672712}, {"Node Type": "Hash", "Parent Relationship": "Inner", "Parallel Aware": true, "Startup Cost": 480120.81, "Total Cost": 480120.81, "Plan Rows": 2103, "Plan Width": 12, "Actual Startup Time": 1428.84, "Actual Total Time": 1428.842, "Actual Rows": 92055, "Actual Loops": 3, "Hash Buckets": 65536, "Original Hash Buckets": 8192, "Hash Batches": 8, "Original Hash Batches": 1, "Peak Memory Usage": 2176, "Plans": [{"Node Type": "Hash Join", "Parent Relationship": "Outer", "Parallel Aware": false, "Join Type": "Inner", "Startup Cost": 18.93, "Total Cost": 480120.81, "Plan Rows": 2103, "Plan Width": 12, "Actual Startup Time": 421.963, "Actual Total Time": 1395.605, "Actual Rows": 92055, "Actual Loops": 3, "Inner Unique": true, "Hash Cond": "(ci.role_id = rt.id)", "Plans": [{"Node Type": "Seq Scan", "Parent Relationship": "Outer", "Parallel Aware": true, "Relation Name": "cast_info", "Alias": "ci", "Startup Cost": 0.0, "Total Cost": 479115.98, "Plan Rows": 373356, "Plan Width": 16, "Actual Startup Time": 0.035, "Actual Total Time": 1364.649, "Actual Rows": 289159, "Actual Loops": 3, "Filter": "((note)::text = ANY ('{(voice),\"(voice: Japanese version)\",\"(voice) (uncredited)\",\"(voice: English version)\"}'::text[]))", "Rows Removed by Filter": 11792289}, {"Node Type": "Hash", "Parent Relationship": "Inner", "Parallel Aware": false, "Startup Cost": 18.88, "Total Cost": 18.88, "Plan Rows": 4, "Plan Width": 4, "Actual Startup Time": 0.017, "Actual Total Time": 0.018, "Actual Rows": 1, "Actual Loops": 3, "Hash Buckets": 1024, "Original Hash Buckets": 1024, "Hash Batches": 1, "Original Hash Batches": 1, "Peak Memory Usage": 9, "Plans": [{"Node Type": "Seq Scan", "Parent Relationship": "Outer", "Parallel Aware": false, "Relation Name": "role_type", "Alias": "rt", "Startup Cost": 0.0, "Total Cost": 18.88, "Plan Rows": 4, "Plan Width": 4, "Actual Startup Time": 0.012, "Actual Total Time": 0.013, "Actual Rows": 1, "Actual Loops": 3, "Filter": "((role)::text = 'actress'::text)", "Rows Removed by Filter": 11}]}]}]}]}, {"Node Type": "Index Scan", "Parent Relationship": "Inner", "Parallel Aware": false, "Scan Direction": "Forward", "Index Name": "company_name_pkey", "Relation Name": "company_name", "Alias": "cn", "Startup Cost": 0.42, "Total Cost": 0.49, "Plan Rows": 1, "Plan Width": 4, "Actual Startup Time": 0.002, "Actual Total Time": 0.002, "Actual Rows": 1, "Actual Loops": 86056, "Index Cond": "(id = mc.company_id)", "Rows Removed by Index Recheck": 0, "Filter": "((country_code)::text = '[us]'::text)", "Rows Removed by Filter": 0}]}, {"Node Type": "Index Scan", "Parent Relationship": "Inner", "Parallel Aware": false, "Scan Direction": "Forward", "Index Name": "name_pkey", "Relation Name": "name", "Alias": "n", "Startup Cost": 0.43, "Total Cost": 0.77, "Plan Rows": 1, "Plan Width": 4, "Actual Startup Time": 0.003, "Actual Total Time": 0.003, "Actual Rows": 0, "Actual Loops": 79662, "Index Cond": "(id = ci.person_id)", "Rows Removed by Index Recheck": 0, "Filter": "(((name)::text ~~ '%Ang%'::text) AND ((gender)::text = 'f'::text))", "Rows Removed by Filter": 1}]}]}]}]}, {"Node Type": "Index Only Scan", "Parent Relationship": "Inner", "Parallel Aware": false, "Scan Direction": "Forward", "Index Name": "char_name_pkey", "Relation Name": "char_name", "Alias": "chn", "Startup Cost": 0.43, "Total Cost": 0.66, "Plan Rows": 1, "Plan Width": 4, "Actual Startup Time": 0.002, "Actual Total Time": 0.002, "Actual Rows": 1, "Actual Loops": 359, "Index Cond": "(id = ci.person_role_id)", "Rows Removed by Index Recheck": 0, "Heap Fetches": 341}]}, {"Node Type": "Index Scan", "Parent Relationship": "Inner", "Parallel Aware": false, "Scan Direction": "Forward", "Index Name": "title_pkey", "Relation Name": "title", "Alias": "t", "Startup Cost": 0.43, "Total Cost": 0.65, "Plan Rows": 1, "Plan Width": 4, "Actual Startup Time": 0.002, "Actual Total Time": 0.002, "Actual Rows": 0, "Actual Loops": 341, "Index Cond": "(id = ci.movie_id)", "Rows Removed by Index Recheck": 0, "Filter": "((production_year >= 2005) AND (production_year <= 2015))", "Rows Removed by Filter": 1}]}]}, "Planning Time": 99.017, "Triggers": [], "Execution Time": 1877.955}]
[{"Bao": {"Bao prediction": 2721.593, "Bao recommended hint": "(no hint)"}}, {"Plan": {"Node Type": "Aggregate", "Strategy": "Plain", "Partial Mode": "Finalize", "Parallel Aware": false, "Startup Cost": 753206.23, "Total Cost": 753206.24, "Plan Rows": 1, "Plan Width": 8, "Actual Startup Time": 2817.805, "Actual Total Time": 2857.72, "Actual Rows": 1, "Actual Loops": 1, "Plans": [{"Node Type": "Gather", "Parent Relationship": "Outer", "Parallel Aware": false, "Startup Cost": 753206.01, "Total Cost": 753206.22, "Plan Rows": 2, "Plan Width": 8, "Actual Startup Time": 2816.729, "Actual Total Time": 2857.714, "Actual Rows": 3, "Actual Loops": 1, "Workers Planned": 2, "Workers Launched": 2, "Single Copy": false, "Plans": [{"Node Type": "Aggregate", "Strategy": "Plain", "Partial Mode": "Partial", "Parent Relationship": "Outer", "Parallel Aware": false, "Startup Cost": 752206.01, "Total Cost": 752206.02, "Plan Rows": 1, "Plan Width": 8, "Actual Startup Time": 2814.043, "Actual Total Time": 2814.061, "Actual Rows": 1, "Actual Loops": 3, "Plans": [{"Node Type": "Nested Loop", "Parent Relationship": "Outer", "Parallel Aware": false, "Join Type": "Inner", "Startup Cost": 714229.25, "Total Cost": 752206.01, "Plan Rows": 1, "Plan Width": 0, "Actual Startup Time": 2786.333, "Actual Total Time": 2814.056, "Actual Rows": 5, "Actual Loops": 3, "Inner Unique": true, "Join Filter": "(mi.movie_id = t.id)", "Rows Removed by Join Filter": 0, "Plans": [{"Node Type": "Nested Loop", "Parent Relationship": "Outer", "Parallel Aware": false, "Join Type": "Inner", "Startup Cost": 714228.82, "Total Cost": 752204.53, "Plan Rows": 1, "Plan Width": 12, "Actual Startup Time": 2691.558, "Actual Total Time": 2813.953, "Actual Rows": 21, "Actual Loops": 3, "Inner Unique": true, "Join Filter": "(ci.person_id = n.id)", "Rows Removed by Join Filter": 0, "Plans": [{"Node Type": "Nested Loop", "Parent Relationship": "Outer", "Parallel Aware": false, "Join Type": "Inner", "Startup Cost": 714228.39, "Total Cost": 752202.94, "Plan Rows": 1, "Plan Width": 20, "Actual Startup Time": 2662.146, "Actual Total Time": 2806.807, "Actual Rows": 3634, "Actual Loops": 3, "Inner Unique": true, "Plans": [{"Node Type": "Hash Join", "Parent Relationship": "Outer", "Parallel Aware": true, "Join Type": "Inner", "Startup Cost": 714227.97, "Total Cost": 752201.66, "Plan Rows": 1, "Plan Width": 24, "Actual Startup Time": 2662.116, "Actual Total Time": 2800.65, "Actual Rows": 3701, "Actual Loops": 3, "Inner Unique": false, "Hash Cond": "(mc.movie_id = mi.movie_id)", "Plans": [{"Node Type": "Seq Scan", "Parent Relationship": "Outer", "Parallel Aware": true, "Relation Name": "movie_companies", "Alias": "mc", "Startup Cost": 0.0, "Total Cost": 37814.9, "Plan Rows": 42343, "Plan Width": 8, "Actual Startup Time": 0.018, "Actual Total Time": 133.614, "Actual Rows": 66173, "Actual Loops": 3, "Filter": "(((note)::text ~~ '%(200%)%'::text) AND (((note)::text ~~ '%(USA)%'::text) OR ((note)::text ~~ '%(worldwide)%'::text)))", "Rows Removed by Filter": 803537}, {"Node Type": "Hash", "Parent Relationship": "Inner", "Parallel Aware": true, "Startup Cost": 714227.95, "Total Cost": 714227.95, "Plan Rows": 1, "Plan Width": 16, "Actual Startup Time": 2658.25, "Actual Total Time": 2658.263, "Actual Rows": 7123, "Actual Loops": 3, "Hash Buckets": 32768, "Original Hash Buckets": 1024, "Hash Batches": 1, "Original Hash Batches": 1, "Peak Memory Usage": 1560, "Plans": [{"Node Type": "Hash Join", "Parent Relationship": "Outer", "Parallel Aware": true, "Join Type": "Inner", "Startup Cost": 697668.0, "Total Cost": 714227.95, "Plan Rows": 1, "Plan Width": 16, "Actual Startup Time": 2586.828, "Actual Total Time": 2641.366, "Actual Rows": 7123, "Actual Loops": 3, "Inner Unique": false, "Hash Cond": "(an.person_id = ci.person_id)", "Plans": [{"Node Type": "Seq Scan", "Parent Relationship": "Outer", "Parallel Aware": true, "Relation Name": "aka_name", "Alias": "an", "Startup Cost": 0.0, "Total Cost": 15151.6, "Plan Rows": 375560, "Plan Width": 4, "Actual Startup Time": 0.01, "Actual Total Time": 26.073, "Actual Rows": 300448, "Actual Loops": 3}, {"Node Type": "Hash", "Parent Relationship": "Inner", "Parallel Aware": true, "Startup Cost": 697667.99, "Total Cost": 697667.99, "Plan Rows": 1, "Plan Width": 12, "Actual Startup Time": 2586.556, "Actual Total Time": 2586.564, "Actual Rows": 4491, "Actual Loops": 3, "Hash Buckets": 16384, "Original Hash Buckets": 1024, "Hash Batches": 1, "Original Hash Batches": 1, "Peak Memory Usage": 920, "Plans": [{"Node Type": "Nested Loop", "Parent Relationship": "Outer", "Parallel Aware": false, "Join Type": "Inner", "Startup Cost": 442222.18, "Total Cost": 697667.99, "Plan Rows": 1, "Plan Width": 12, "Actual Startup Time": 2555.256, "Actual Total Time": 2575.745, "Actual Rows": 4491, "Actual Loops": 3, "Inner Unique": true, "Plans": [{"Node Type": "Hash Join", "Parent Relationship": "Outer", "Parallel Aware": true, "Join Type": "Inner", "Startup Cost": 442221.75, "Total Cost": 697666.49, "Plan Rows": 1, "Plan Width": 16, "Actual Startup Time": 2555.213, "Actual Total Time": 2562.397, "Actual Rows": 4684, "Actual Loops": 3, "Inner Unique": false, "Hash Cond": "(mi.movie_id = ci.movie_id)", "Plans": [{"Node Type": "Hash Join", "Parent Relationship": "Outer", "Parallel Aware": false, "Join Type": "Inner", "Startup Cost": 2.43, "Total Cost": 255446.09, "Plan Rows": 283, "Plan Width": 4, "Actual Startup Time": 203.527, "Actual Total Time": 765.805, "Actual Rows": 23159, "Actual Loops": 3, "Inner Unique": true, "Hash Cond": "(mi.info_type_id = it.id)", "Plans": [{"Node Type": "Seq Scan", "Parent Relationship": "Outer", "Parallel Aware": true, "Relation Name": "movie_info", "Alias": "mi", "Startup Cost": 0.0, "Total Cost": 255356.52, "Plan Rows": 32001, "Plan Width": 8, "Actual Startup Time": 203.468, "Actual Total Time": 762.471, "Actual Rows": 23159, "Actual Loops": 3, "Filter": "((info IS NOT NULL) AND (((info)::text ~~ 'Japan:%2007%'::text) OR ((info)::text ~~ 'USA:%2008%'::text)))", "Rows Removed by Filter": 4922081}, {"Node Type": "Hash", "Parent Relationship": "Inner", "Parallel Aware": false, "Startup Cost": 2.41, "Total Cost": 2.41, "Plan Rows": 1, "Plan Width": 4, "Actual Startup Time": 0.03, "Actual Total Time": 0.031, "Actual Rows": 1, "Actual Loops": 3, "Hash Buckets": 1024, "Original Hash Buckets": 1024, "Hash Batches": 1, "Original Hash Batches": 1, "Peak Memory Usage": 9, "Plans": [{"Node Type": "Seq Scan", "Parent Relationship": "Outer", "Parallel Aware": false, "Relation Name": "info_type", "Alias": "it", "Startup Cost": 0.0, "Total Cost": 2.41, "Plan Rows": 1, "Plan Width": 4, "Actual Startup Time": 0.023, "Actual Total Time": 0.029, "Actual Rows": 1, "Actual Loops": 3, "Filter": "((info)::text = 'release dates'::text)", "Rows Removed by Filter": 112}]}]}, {"Node Type": "Hash", "Parent Relationship": "Inner", "Parallel Aware": true, "Startup Cost": 442197.95, "Total Cost": 442197.95, "Plan Rows": 1710, "Plan Width": 12, "Actual Startup Time": 1783.718, "Actual Total Time": 1783.719, "Actual Rows": 74229, "Actual Loops": 3, "Hash Buckets": 65536, "Original Hash Buckets": 8192, "Hash Batches": 8, "Original Hash Batches": 1, "Peak Memory Usage": 1856, "Plans": [{"Node Type": "Hash Join", "Parent Relationship": "Outer", "Parallel Aware": false, "Join Type": "Inner", "Startup Cost": 18.93, "Total Cost": 442197.95, "Plan Rows": 1710, "Plan Width": 12, "Actual Startup Time": 350.905, "Actual Total Time": 960.274, "Actual Rows": 74229, "Actual Loops": 3, "Inner Unique": true, "Hash Cond": "(ci.role_id = rt.id)", "Plans": [{"Node Type": "Seq Scan", "Parent Relationship": "Outer", "Parallel Aware": true, "Relation Name": "cast_info", "Alias": "ci", "Startup Cost": 0.0, "Total Cost": 441377.81, "Plan Rows": 303415, "Plan Width": 16, "Actual Startup Time": 0.021, "Actual Total Time": 936.245, "Actual Rows": 237943, "Actual Loops": 3, "Filter": "((note)::text = '(voice)'::text)", "Rows Removed by Filter": 11843505}, {"Node Type": "Hash", "Parent Relationship": "Inner", "Parallel Aware": false, "Startup Cost": 18.88, "Total Cost": 18.88, "Plan Rows": 4, "Plan Width": 4, "Actual Startup Time": 0.018, "Actual Total Time": 0.019, "Actual Rows": 1, "Actual Loops": 3, "Hash Buckets": 1024, "Original Hash Buckets": 1024, "Hash Batches": 1, "Original Hash Batches": 1, "Peak Memory Usage": 9, "Plans": [{"Node Type": "Seq Scan", "Parent Relationship": "Outer", "Parallel Aware": false, "Relation Name": "role_type", "Alias": "rt", "Startup Cost": 0.0, "Total Cost": 18.88, "Plan Rows": 4, "Plan Width": 4, "Actual Startup Time": 0.015, "Actual Total Time": 0.016, "Actual Rows": 1, "Actual Loops": 3, "Filter": "((role)::text = 'actress'::text)", "Rows Removed by Filter": 11}]}]}]}]}, {"Node Type": "Index Only Scan", "Parent Relationship": "Inner", "Parallel Aware": false, "Scan Direction": "Forward", "Index Name": "char_name_pkey", "Relation Name": "char_name", "Alias": "chn", "Startup Cost": 0.43, "Total Cost": 1.49, "Plan Rows": 1, "Plan Width": 4, "Actual Startup Time": 0.003, "Actual Total Time": 0.003, "Actual Rows": 1, "Actual Loops": 14051, "Index Cond": "(id = ci.person_role_id)", "Rows Removed by Index Recheck": 0, "Heap Fetches": 13472}]}]}]}]}]}, {"Node Type": "Index Scan", "Parent Relationship": "Inner", "Parallel Aware": false, "Scan Direction": "Forward", "Index Name": "company_name_pkey", "Relation Name": "company_name", "Alias": "cn", "Startup Cost": 0.42, "Total Cost": 1.28, "Plan Rows": 1, "Plan Width": 4, "Actual Startup Time": 0.001, "Actual Total Time": 0.001, "Actual Rows": 1, "Actual Loops": 11104, "Index Cond": "(id = mc.company_id)", "Rows Removed by Index Recheck": 0, "Filter": "((country_code)::text = '[us]'::text)", "Rows Removed by Filter": 0}]}, {"Node Type": "Index Scan", "Parent Relationship": "Inner", "Parallel Aware": false, "Scan Direction": "Forward", "Index Name": "name_pkey", "Relation Name": "name", "Alias": "n", "Startup Cost": 0.43, "Total Cost": 1.58, "Plan Rows": 1, "Plan Width": 4, "Actual Startup Time": 0.002, "Actual Total Time": 0.002, "Actual Rows": 0, "Actual Loops": 10903, "Index Cond": "(id = an.person_id)", "Rows Removed by Index Recheck": 0, "Filter": "(((name)::text ~~ '%Angel%'::text) AND ((gender)::text = 'f'::text))", "Rows Removed by Filter": 1}]}, {"Node Type": "Index Scan", "Parent Relationship": "Inner", "Parallel Aware": false, "Scan Direction": "Forward", "Index Name": "title_pkey", "Relation Name": "title", "Alias": "t", "Startup Cost": 0.43, "Total Cost": 1.46, "Plan Rows": 1, "Plan Width": 4, "Actual Startup Time": 0.004, "Actual Total Time": 0.004, "Actual Rows": 0, "Actual Loops": 64, "Index Cond": "(id = ci.movie_id)", "Rows Removed by Index Recheck": 0, "Filter": "((production_year >= 2007) AND (production_year <= 2008) AND ((title)::text ~~ '%Kung%Fu%Panda%'::text))", "Rows Removed by Filter": 1}]}]}]}]}, "Planning Time": 119.85, "Triggers": [], "Execution Time": 2857.823}]
[{"Bao": {"Bao prediction": 2156.084, "Bao recommended hint": "(no hint)"}}, {"Plan": {"Node Type": "Aggregate", "Strategy": "Plain", "Partial Mode": "Simple", "Parallel Aware": false, "Startup Cost": 529931.38, "Total Cost": 529931.39, "Plan Rows": 1, "Plan Width": 8, "Actual Startup Time": 3201.173, "Actual Total Time": 3239.025, "Actual Rows": 1, "Actual Loops": 1, "Plans": [{"Node Type": "Nested Loop", "Parent Relationship": "Outer", "Parallel Aware": false, "Join Type": "Inner", "Startup Cost": 69681.96, "Total Cost": 529931.38, "Plan Rows": 1, "Plan Width": 0, "Actual Startup Time": 966.439, "Actual Total Time": 3238.533, "Actual Rows": 5400, "Actual Loops": 1, "Inner Unique": true, "Plans": [{"Node Type": "Nested Loop", "Parent Relationship": "Outer", "Parallel Aware": false, "Join Type": "Inner", "Startup Cost": 69681.81, "Total Cost": 529931.2, "Plan Rows": 1, "Plan Width": 4, "Actual Startup Time": 966.432, "Actual Total Time": 3232.216, "Actual Rows": 6359, "Actual Loops": 1, "Inner Unique": true, "Plans": [{"Node Type": "Gather", "Parent Relationship": "Outer", "Parallel Aware": false, "Startup Cost": 69681.38, "Total Cost": 529930.75, "Plan Rows": 1, "Plan Width": 8, "Actual Startup Time": 966.418, "Actual Total Time": 3215.825, "Actual Rows": 6359, "Actual Loops": 1, "Workers Planned": 2, "Workers Launched": 2, "Single Copy": false, "Plans": [{"Node Type": "Nested Loop", "Parent Relationship": "Outer", "Parallel Aware": false, "Join Type": "Inner", "Startup Cost": 68681.38, "Total Cost": 528930.65, "Plan Rows": 1, "Plan Width": 8, "Actual Startup Time": 963.092, "Actual Total Time": 3190.005, "Actual Rows": 2120, "Actual Loops": 3, "Inner Unique": true, "Plans": [{"Node Type": "Hash Join", "Parent Relationship": "Outer", "Parallel Aware": true, "Join Type": "Inner", "Startup Cost": 68680.95, "Total Cost": 528927.9, "Plan Rows": 6, "Plan Width": 12, "Actual Startup Time": 961.128, "Actual Total Time": 3090.984, "Actual Rows": 73556, "Actual Loops": 3, "Inner Unique": false, "Hash Cond": "(ci.movie_id = t.id)", "Plans": [{"Node Type": "Seq Scan", "Parent Relationship": "Outer", "Parallel Aware": true, "Relation Name": "cast_info", "Alias": "ci", "Startup Cost": 0.0, "Total Cost": 403639.65, "Plan Rows": 15095265, "Plan Width": 12, "Actual Startup Time": 0.016, "Actual Total Time": 878.1, "Actual Rows": 12081448, "Actual Loops": 3}, {"Node Type": "Hash", "Parent Relationship": "Inner", "Parallel Aware": true, "Startup Cost": 68680.93, "Total Cost": 68680.93, "Plan Rows": 1, "Plan Width": 20, "Actual Startup Time": 960.579, "Actual Total Time": 960.591, "Actual Rows": 491, "Actual Loops": 3, "Hash Buckets": 1024, "Original Hash Buckets": 1024, "Hash Batches": 1, "Original Hash Batches": 1, "Peak Memory Usage": 104, "Plans": [{"Node Type": "Nested Loop", "Parent Relationship": "Outer", "Parallel Aware": false, "Join Type": "Inner", "Startup Cost": 18308.54, "Total Cost": 68680.93, "Plan Rows": 1, "Plan Width": 20, "Actual Startup Time": 509.587, "Actual Total Time": 960.314, "Actual Rows": 491, "Actual Loops": 3, "Inner Unique": true, "Plans": [{"Node Type": "Hash Join", "Parent Relationship": "Outer", "Parallel Aware": true, "Join Type": "Inner", "Startup Cost": 18308.12, "Total Cost": 68680.48, "Plan Rows": 1, "Plan Width": 24, "Actual Startup Time": 508.836, "Actual Total Time": 718.923, "Actual Rows": 117607, "Actual Loops": 3, "Inner Unique": false, "Hash Cond": "(mk.movie_id = t.id)", "Plans": [{"Node Type": "Seq Scan", "Parent Relationship": "Outer", "Parallel Aware": true, "Relation Name": "movie_keyword", "Alias": "mk", "Startup Cost": 0.0, "Total Cost": 43303.71, "Plan Rows": 1884971, "Plan Width": 8, "Actual Startup Time": 0.012, "Actual Total Time": 105.306, "Actual Rows": 1507977, "Actual Loops": 3}, {"Node Type": "Hash", "Parent Relationship": "Inner", "Parallel Aware": true, "Startup Cost": 18308.1, "Total Cost": 18308.1, "Plan Rows": 1, "Plan Width": 16, "Actual Startup Time": 467.205, "Actual Total Time": 467.21, "Actual Rows": 1684, "Actual Loops": 3, "Hash Buckets": 4096, "Original Hash Buckets": 1024, "Hash Batches": 1, "Original Hash Batches": 1, "Peak Memory Usage": 312, "Plans": [{"Node Type": "Nested Loop", "Parent Relationship": "Outer", "Parallel Aware": false, "Join Type": "Inner", "Startup Cost": 2462.84, "Total Cost": 18308.1, "Plan Rows": 1, "Plan Width": 16, "Actual Startup Time": 119.464, "Actual Total Time": 317.857, "Actual Rows": 1684, "Actual Loops": 3, "Inner Unique": true, "Plans": [{"Node Type": "Nested Loop", "Parent Relationship": "Outer", "Parallel Aware": false, "Join Type": "Inner", "Startup Cost": 2462.69, "Total Cost": 18307.93, "Plan Rows": 1, "Plan Width": 20, "Actual Startup Time": 53.574, "Actual Total Time": 311.351, "Actual Rows": 6608, "Actual Loops": 3, "Inner Unique": true, "Join Filter": "(cc.movie_id = t.id)", "Rows Removed by Join Filter": 0, "Plans": [{"Node Type": "Hash Join", "Parent Relationship": "Outer", "Parallel Aware": false, "Join Type": "Inner", "Startup Cost": 2462.26, "Total Cost": 18306.74, "Plan Rows": 2, "Plan Width": 12, "Actual Startup Time": 53.395, "Actual Total Time": 230.892, "Actual Rows": 31800, "Actual Loops": 3, "Inner Unique": true, "Hash Cond": "(mi_idx.info_type_id = it2.id)", "Plans": [{"Node Type": "Hash Join", "Parent Relationship": "Outer", "Parallel Aware": false, "Join Type": "Inner", "Startup Cost": 2459.84, "Total Cost": 18303.67, "Plan Rows": 238, "Plan Width": 16, "Actual Startup Time": 53.355, "Actual Total Time": 221.15, "Actual Rows": 95533, "Actual Loops": 3, "Inner Unique": false, "Hash Cond": "(mi_idx.movie_id = cc.movie_id)", "Plans": [{"Node Type": "Seq Scan", "Parent Relationship": "Outer", "Parallel Aware": true, "Relation Name": "movie_info_idx", "Alias": "mi_idx", "Startup Cost": 0.0, "Total Cost": 13685.15, "Plan Rows": 575015, "Plan Width": 8, "Actual Startup Time": 0.022, "Actual Total Time": 36.897, "Actual Rows": 460012, "Actual Loops": 3}, {"Node Type": "Hash", "Parent Relationship": "Inner", "Parallel Aware": false, "Startup Cost": 2457.46, "Total Cost": 2457.46, "Plan Rows": 190, "Plan Width": 8, "Actual Startup Time": 53.291, "Actual Total Time": 53.293, "Actual Rows": 135086, "Actual Loops": 3, "Hash Buckets": 131072, "Original Hash Buckets": 1024, "Hash Batches": 2, "Original Hash Batches": 1, "Peak Memory Usage": 3659, "Plans": [{"Node Type": "Hash Join", "Parent Relationship": "Outer", "Parallel Aware": false, "Join Type": "Inner", "Startup Cost": 18.89, "Total Cost": 2457.46, "Plan Rows": 190, "Plan Width": 8, "Actual Startup Time": 0.043, "Actual Total Time": 32.685, "Actual Rows": 135086, "Actual Loops": 3, "Inner Unique": true, "Hash Cond": "(cc.status_id = cct2.id)", "Plans": [{"Node Type": "Seq Scan", "Parent Relationship": "Outer", "Parallel Aware": false, "Relation Name": "complete_cast", "Alias": "cc", "Startup Cost": 0.0, "Total Cost": 2081.86, "Plan Rows": 135086, "Plan Width": 12, "Actual Startup Time": 0.018, "Actual Total Time": 9.979, "Actual Rows": 135086, "Actual Loops": 3}, {"Node Type": "Hash", "Parent Relationship": "Inner", "Parallel Aware": false, "Startup Cost": 18.88, "Total Cost": 18.88, "Plan Rows": 1, "Plan Width": 4, "Actual Startup Time": 0.013, "Actual Total Time": 0.014, "Actual Rows": 2, "Actual Loops": 3, "Hash Buckets": 1024, "Original Hash Buckets": 1024, "Hash Batches": 1, "Original Hash Batches": 1, "Peak Memory Usage": 9, "Plans": [{"Node Type": "Seq Scan", "Parent Relationship": "Outer", "Parallel Aware": false, "Relation Name": "comp_cast_type", "Alias": "cct2", "Startup Cost": 0.0, "Total Cost": 18.88, "Plan Rows": 1, "Plan Width": 4, "Actual Startup Time": 0.011, "Actual Total Time": 0.012, "Actual Rows": 2, "Actual Loops": 3, "Filter": "((kind)::text ~~ '%complete%'::text)", "Rows Removed by Filter": 2}]}]}]}]}, {"Node Type": "Hash", "Parent Relationship": "Inner", "Parallel Aware": false, "Startup Cost": 2.41, "Total Cost": 2.41, "Plan Rows": 1, "Plan Width": 4, "Actual Startup Time": 0.028, "Actual Total Time": 0.029, "Actual Rows": 1, "Actual Loops": 3, "Hash Buckets": 1024, "Original Hash Buckets": 1024, "Hash Batches": 1, "Original Hash Batches": 1, "Peak Memory Usage": 9, "Plans": [{"Node Type": "Seq Scan", "Parent Relationship": "Outer", "Parallel Aware": false, "Relation Name": "info_type", "Alias": "it2", "Startup Cost": 0.0, "Total Cost": 2.41, "Plan Rows": 1, "Plan Width": 4, "Actual Startup Time": 0.024, "Actual Total Time": 0.025, "Actual Rows": 1, "Actual Loops": 3, "Filter": "((info)::text = 'rating'::text)", "Rows Removed by Filter": 112}]}]}, {"Node Type": "Index Scan", "Parent Relationship": "Inner", "Parallel Aware": false, "Scan Direction": "Forward", "Index Name": "title_pkey", "Relation Name": "title", "Alias": "t", "Startup Cost": 0.43, "Total Cost": 0.58, "Plan Rows": 1, "Plan Width": 8, "Actual Startup Time": 0.002, "Actual Total Time": 0.002, "Actual Rows": 0, "Actual Loops": 95399, "Index Cond": "(id = mi_idx.movie_id)", "Rows Removed by Index Recheck": 0, "Filter": "(production_year > 2000)", "Rows Removed by Filter": 1}]}, {"Node Type": "Index Scan", "Parent Relationship": "Inner", "Parallel Aware": false, "Scan Direction": "Forward", "Index Name": "kind_type_pkey", "Relation Name": "kind_type", "Alias": "kt", "Startup Cost": 0.15, "Total Cost": 0.17, "Plan Rows": 1, "Plan Width": 4, "Actual Startup Time": 0.001, "Actual Total Time": 0.001, "Actual Rows": 0, "Actual Loops": 19824, "Index Cond": "(id = t.kind_id)", "Rows Removed by Index Recheck": 0, "Filter": "((kind)::text = 'movie'::text)", "Rows Removed by Filter": 1}]}]}]}, {"Node Type": "Index Scan", "Parent Relationship": "Inner", "Parallel Aware": false, "Scan Direction": "Forward", "Index Name": "keyword_pkey", "Relation Name": "keyword", "Alias": "k", "Startup Cost": 0.42, "Total Cost": 0.45, "Plan Rows": 1, "Plan Width": 4, "Actual Startup Time": 0.002, "Actual Total Time": 0.002, "Actual Rows": 0, "Actual Loops": 352821, "Index Cond": "(id = mk.keyword_id)", "Rows Removed by Index Recheck": 0, "Filter": "((keyword)::text = ANY ('{superhero,marvel-comics,based-on-comic,tv-special,fight,violence,magnet,web,claw,laser}'::text[]))", "Rows Removed by Filter": 1}]}]}]}, {"Node Type": "Index Scan", "Parent Relationship": "Inner", "Parallel Aware": false, "Scan Direction": "Forward", "Index Name": "char_name_pkey", "Relation Name": "char_name", "Alias": "chn", "Startup Cost": 0.43, "Total Cost": 0.46, "Plan Rows": 1, "Plan Width": 4, "Actual Startup Time": 0.001, "Actual Total Time": 0.001, "Actual Rows": 0, "Actual Loops": 220668, "Index Cond": "(id = ci.person_role_id)", "Rows Removed by Index Recheck": 0, "Filter": "((name IS NOT NULL) AND (((name)::text ~~ '%man%'::text) OR ((name)::text ~~ '%Man%'::text)))", "Rows Removed by Filter": 0}]}]}, {"Node Type": "Index Only Scan", "Parent Relationship": "Inner", "Parallel Aware": false, "Scan Direction": "Forward", "Index Name": "name_pkey", "Relation Name": "name", "Alias": "n", "Startup Cost": 0.43, "Total Cost": 0.46, "Plan Rows": 1, "Plan Width": 4, "Actual Startup Time": 0.002, "Actual Total Time": 0.002, "Actual Rows": 1, "Actual Loops": 6359, "Index Cond": "(id = ci.person_id)", "Rows Removed by Index Recheck": 0, "Heap Fetches": 6359}]}, {"Node Type": "Index Scan", "Parent Relationship": "Inner", "Parallel Aware": false, "Scan Direction": "Forward", "Index Name": "comp_cast_type_pkey", "Relation Name": "comp_cast_type", "Alias": "cct1", "Startup Cost": 0.15, "Total Cost": 0.17, "Plan Rows": 1, "Plan Width": 4, "Actual Startup Time": 0.001, "Actual Total Time": 0.001, "Actual Rows": 1, "Actual Loops": 6359, "Index Cond": "(id = cc.subject_id)", "Rows Removed by Index Recheck": 0, "Filter": "((kind)::text = 'cast'::text)", "Rows Removed by Filter": 0}]}]}, "Planning Time": 211.751, "Triggers": [], "Execution Time": 3239.152}]
[{"Bao": {"Bao prediction": 2228.842, "Bao recommended hint": "(no hint)"}}, {"Plan": {"Node Type": "Aggregate", "Strategy": "Plain", "Partial Mode": "Finalize", "Parallel Aware": false, "Startup Cost": 806468.85, "Total Cost": 806468.86, "Plan Rows": 1, "Plan Width": 8, "Actual Startup Time": 2506.664, "Actual Total Time": 2557.078, "Actual Rows": 1, "Actual Loops": 1, "Plans": [{"Node Type": "Gather", "Parent Relationship": "Outer", "Parallel Aware": false, "Startup Cost": 806468.63, "Total Cost": 806468.84, "Plan Rows": 2, "Plan Width": 8, "Actual Startup Time": 2505.578, "Actual Total Time": 2557.073, "Actual Rows": 3, "Actual Loops": 1, "Workers Planned": 2, "Workers Launched": 2, "Single Copy": false, "Plans": [{"Node Type": "Aggregate", "Strategy": "Plain", "Partial Mode": "Partial", "Parent Relationship": "Outer", "Parallel Aware": false, "Startup Cost": 805468.63, "Total Cost": 805468.64, "Plan Rows": 1, "Plan Width": 8, "Actual Startup Time": 2502.792, "Actual Total Time": 2502.801, "Actual Rows": 1, "Actual Loops": 3, "Plans": [{"Node Type": "Nested Loop", "Parent Relationship": "Outer", "Parallel Aware": false, "Join Type": "Inner", "Startup Cost": 755080.68, "Total Cost": 805468.63, "Plan Rows": 1, "Plan Width": 0, "Actual Startup Time": 2224.236, "Actual Total Time": 2502.676, "Actual Rows": 1469, "Actual Loops": 3, "Inner Unique": true, "Join Filter": "(mi.movie_id = t.id)", "Rows Removed by Join Filter": 0, "Plans": [{"Node Type": "Nested Loop", "Parent Relationship": "Outer", "Parallel Aware": false, "Join Type": "Inner", "Startup Cost": 755080.25, "Total Cost": 805467.78, "Plan Rows": 1, "Plan Width": 16, "Actual Startup Time": 2224.213, "Actual Total Time": 2498.396, "Actual Rows": 1469, "Actual Loops": 3, "Inner Unique": true, "Plans": [{"Node Type": "Hash Join", "Parent Relationship": "Outer", "Parallel Aware": true, "Join Type": "Inner", "Startup Cost": 755079.83, "Total Cost": 805452.28, "Plan Rows": 23, "Plan Width": 20, "Actual Startup Time": 2194.968, "Actual Total Time": 2420.972, "Actual Rows": 42863, "Actual Loops": 3, "Inner Unique": false, "Hash Cond": "(mk.movie_id = mi.movie_id)", "Plans": [{"Node Type": "Seq Scan", "Parent Relationship": "Outer", "Parallel Aware": true, "Relation Name": "movie_keyword", "Alias": "mk", "Startup Cost": 0.0, "Total Cost": 43303.71, "Plan Rows": 1884971, "Plan Width": 8, "Actual Startup Time": 0.017, "Actual Total Time": 103.961, "Actual Rows": 1507977, "Actual Loops": 3}, {"Node Type": "Hash", "Parent Relationship": "Inner", "Parallel Aware": true, "Startup Cost": 755079.81, "Total Cost": 755079.81, "Plan Rows": 2, "Plan Width": 12, "Actual Startup Time": 2190.313, "Actual Total Time": 2190.32, "Actual Rows": 1617, "Actual Loops": 3, "Hash Buckets": 4096, "Original Hash Buckets": 1024, "Hash Batches": 1, "Original Hash Batches": 1, "Peak Memory Usage": 344, "Plans": [{"Node Type": "Nested Loop", "Parent Relationship": "Outer", "Parallel Aware": false, "Join Type": "Inner", "Startup Cost": 255153.79, "Total Cost": 755079.81, "Plan Rows": 2, "Plan Width": 12, "Actual Startup Time": 1550.489, "Actual Total Time": 2125.14, "Actual Rows": 1617, "Actual Loops": 3, "Inner Unique": true, "Plans": [{"Node Type": "Hash Join", "Parent Relationship": "Outer", "Parallel Aware": true, "Join Type": "Inner", "Startup Cost": 255153.36, "Total Cost": 755074.41, "Plan Rows": 5, "Plan Width": 16, "Actual Startup Time": 1459.675, "Actual Total Time": 2113.296, "Actual Rows": 2883, "Actual Loops": 3, "Inner Unique": false, "Hash Cond": "(ci.movie_id = mi.movie_id)", "Plans": [{"Node Type": "Seq Scan", "Parent Relationship": "Outer", "Parallel Aware": true, "Relation Name": "cast_info", "Alias": "ci", "Startup Cost": 0.0, "Total Cost": 497985.06, "Plan Rows": 516258, "Plan Width": 8, "Actual Startup Time": 89.105, "Actual Total Time": 1416.464, "Actual Rows": 414905, "Actual Loops": 3, "Filter": "((note)::text = ANY ('{(writer),\"(head writer)\",\"(written by)\",(story),\"(story editor)\"}'::text[]))", "Rows Removed by Filter": 11666543}, {"Node Type": "Hash", "Parent Relationship": "Inner", "Parallel Aware": true, "Startup Cost": 255153.32, "Total Cost": 255153.32, "Plan Rows": 3, "Plan Width": 8, "Actual Startup Time": 656.739, "Actual Total Time": 656.744, "Actual Rows": 5493, "Actual Loops": 3, "Hash Buckets": 16384, "Original Hash Buckets": 1024, "Hash Batches": 1, "Original Hash Batches": 1, "Peak Memory Usage": 920, "Plans": [{"Node Type": "Hash Join", "Parent Relationship": "Outer", "Parallel Aware": true, "Join Type": "Inner", "Startup Cost": 15319.64, "Total Cost": 255153.32, "Plan Rows": 3, "Plan Width": 8, "Actual Startup Time": 635.498, "Actual Total Time": 649.516, "Actual Rows": 5493, "Actual Loops": 3, "Inner Unique": false, "Hash Cond": "(mi.movie_id = mi_idx.movie_id)", "Plans": [{"Node Type": "Hash Join", "Parent Relationship": "Outer", "Parallel Aware": false, "Join Type": "Inner", "Startup Cost": 2.43, "Total Cost": 239835.65, "Plan Rows": 121, "Plan Width": 4, "Actual Startup Time": 445.835, "Actual Total Time": 504.818, "Actual Rows": 10138, "Actual Loops": 3, "Inner Unique": true, "Hash Cond": "(mi.info_type_id = it1.id)", "Plans": [{"Node Type": "Seq Scan", "Parent Relationship": "Outer", "Parallel Aware": true, "Relation Name": "movie_info", "Alias": "mi", "Startup Cost": 0.0, "Total Cost": 239795.93, "Plan Rows": 13693, "Plan Width": 8, "Actual Startup Time": 304.591, "Actual Total Time": 503.158, "Actual Rows": 10267, "Actual Loops": 3, "Filter": "((info)::text = 'Horror'::text)", "Rows Removed by Filter": 4934973}, {"Node Type": "Hash", "Parent Relationship": "Inner", "Parallel Aware": false, "Startup Cost": 2.41, "Total Cost": 2.41, "Plan Rows": 1, "Plan Width": 4, "Actual Startup Time": 0.016, "Actual Total Time": 0.016, "Actual Rows": 1, "Actual Loops": 3, "Hash Buckets": 1024, "Original Hash Buckets": 1024, "Hash Batches": 1, "Original Hash Batches": 1, "Peak Memory Usage": 9, "Plans": [{"Node Type": "Seq Scan", "Parent Relationship": "Outer", "Parallel Aware": false, "Relation Name": "info_type", "Alias": "it1", "Startup Cost": 0.0, "Total Cost": 2.41, "Plan Rows": 1, "Plan Width": 4, "Actual Startup Time": 0.008, "Actual Total Time": 0.014, "Actual Rows": 1, "Actual Loops": 3, "Filter": "((info)::text = 'genres'::text)", "Rows Removed by Filter": 112}]}]}, {"Node Type": "Hash", "Parent Relationship": "Inner", "Parallel Aware": true, "Startup Cost": 15253.6, "Total Cost": 15253.6, "Plan Rows": 5089, "Plan Width": 4, "Actual Startup Time": 123.604, "Actual Total Time": 123.605, "Actual Rows": 153308, "Actual Loops": 3, "Hash Buckets": 131072, "Original Hash Buckets": 16384, "Hash Batches": 8, "Original Hash Batches": 1, "Peak Memory Usage": 3328, "Plans": [{"Node Type": "Hash Join", "Parent Relationship": "Outer", "Parallel Aware": false, "Join Type": "Inner", "Startup Cost": 2.43, "Total Cost": 15253.6, "Plan Rows": 5089, "Plan Width": 4, "Actual Startup Time": 0.061, "Actual Total Time": 83.974, "Actual Rows": 153308, "Actual Loops": 3, "Inner Unique": true, "Hash Cond": "(mi_idx.info_type_id = it2.id)", "Plans": [{"Node Type": "Seq Scan", "Parent Relationship": "Outer", "Parallel Aware": true, "Relation Name": "movie_info_idx", "Alias": "mi_idx", "Startup Cost": 0.0, "Total Cost": 13685.15, "Plan Rows": 575015, "Plan Width": 8, "Actual Startup Time": 0.014, "Actual Total Time": 34.867, "Actual Rows": 460012, "Actual Loops": 3}, {"Node Type": "Hash", "Parent Relationship": "Inner", "Parallel Aware": false, "Startup Cost": 2.41, "Total Cost": 2.41, "Plan Rows": 1, "Plan Width": 4, "Actual Startup Time": 0.033, "Actual Total Time": 0.033, "Actual Rows": 1, "Actual Loops": 3, "Hash Buckets": 1024, "Original Hash Buckets": 1024, "Hash Batches": 1, "Original Hash Batches": 1, "Peak Memory Usage": 9, "Plans": [{"Node Type": "Seq Scan", "Parent Relationship": "Outer", "Parallel Aware": false, "Relation Name": "info_type", "Alias": "it2", "Startup Cost": 0.0, "Total Cost": 2.41, "Plan Rows": 1, "Plan Width": 4, "Actual Startup Time": 0.026, "Actual Total Time": 0.028, "Actual Rows": 1, "Actual Loops": 3, "Filter": "((info)::text = 'votes'::text)", "Rows Removed by Filter": 112}]}]}]}]}]}]}, {"Node Type": "Index Scan", "Parent Relationship": "Inner", "Parallel Aware": false, "Scan Direction": "Forward", "Index Name": "name_pkey", "Relation Name": "name", "Alias": "n", "Startup Cost": 0.43, "Total Cost": 1.08, "Plan Rows": 1, "Plan Width": 4, "Actual Startup Time": 0.004, "Actual Total Time": 0.004, "Actual Rows": 1, "Actual Loops": 8650, "Index Cond": "(id = ci.person_id)", "Rows Removed by Index Recheck": 0, "Filter": "((gender)::text = 'm'::text)", "Rows Removed by Filter": 0}]}]}]}, {"Node Type": "Index Scan", "Parent Relationship": "Inner", "Parallel Aware": false, "Scan Direction": "Forward", "Index Name": "keyword_pkey", "Relation Name": "keyword", "Alias": "k", "Startup Cost": 0.42, "Total Cost": 0.67, "Plan Rows": 1, "Plan Width": 4, "Actual Startup Time": 0.002, "Actual Total Time": 0.002, "Actual Rows": 0, "Actual Loops": 128590, "Index Cond": "(id = mk.keyword_id)", "Rows Removed by Index Recheck": 0, "Filter": "((keyword)::text = ANY ('{murder,blood,gore,death,female-nudity}'::text[]))", "Rows Removed by Filter": 1}]}, {"Node Type": "Index Only Scan", "Parent Relationship": "Inner", "Parallel Aware": false, "Scan Direction": "Forward", "Index Name": "title_pkey", "Relation Name": "title", "Alias": "t", "Startup Cost": 0.43, "Total Cost": 0.84, "Plan Rows": 1, "Plan Width": 4, "Actual Startup Time": 0.003, "Actual Total Time": 0.003, "Actual Rows": 1, "Actual Loops": 4407, "Index Cond": "(id = mk.movie_id)", "Rows Removed by Index Recheck": 0, "Heap Fetches": 4407}]}]}]}]}, "Planning Time": 100.704, "Triggers": [], "Execution Time": 2557.18}]
[{"Bao": {"Bao prediction": 1525.071, "Bao recommended hint": "SET enable_mergejoin TO off; "}}, {"Plan": {"Node Type": "Aggregate", "Strategy": "Plain", "Partial Mode": "Simple", "Parallel Aware": false, "Startup Cost": 341653.86, "Total Cost": 341653.87, "Plan Rows": 1, "Plan Width": 8, "Actual Startup Time": 1141.583, "Actual Total Time": 1166.368, "Actual Rows": 1, "Actual Loops": 1, "Plans": [{"Node Type": "Nested Loop", "Parent Relationship": "Outer", "Parallel Aware": false, "Join Type": "Inner", "Startup Cost": 310000.41, "Total Cost": 341653.86, "Plan Rows": 1, "Plan Width": 0, "Actual Startup Time": 1076.312, "Actual Total Time": 1166.338, "Actual Rows": 477, "Actual Loops": 1, "Inner Unique": true, "Plans": [{"Node Type": "Gather", "Parent Relationship": "Outer", "Parallel Aware": false, "Startup Cost": 309999.99, "Total Cost": 341653.4, "Plan Rows": 1, "Plan Width": 4, "Actual Startup Time": 1076.3, "Actual Total Time": 1164.767, "Actual Rows": 1106, "Actual Loops": 1, "Workers Planned": 2, "Workers Launched": 2, "Single Copy": false, "Plans": [{"Node Type": "Nested Loop", "Parent Relationship": "Outer", "Parallel Aware": false, "Join Type": "Inner", "Startup Cost": 308999.99, "Total Cost": 340653.3, "Plan Rows": 1, "Plan Width": 4, "Actual Startup Time": 1095.437, "Actual Total Time": 1137.311, "Actual Rows": 369, "Actual Loops": 3, "Inner Unique": true, "Plans": [{"Node Type": "Hash Join", "Parent Relationship": "Outer", "Parallel Aware": true, "Join Type": "Inner", "Startup Cost": 308999.84, "Total Cost": 340653.12, "Plan Rows": 1, "Plan Width": 8, "Actual Startup Time": 1083.8, "Actual Total Time": 1137.019, "Actual Rows": 388, "Actual Loops": 3, "Inner Unique": false, "Hash Cond": "(mc.movie_id = ml.movie_id)", "Plans": [{"Node Type": "Seq Scan", "Parent Relationship": "Outer", "Parallel Aware": true, "Relation Name": "movie_companies", "Alias": "mc", "Startup Cost": 0.0, "Total Cost": 29661.37, "Plan Rows": 531175, "Plan Width": 12, "Actual Startup Time": 0.028, "Actual Total Time": 75.737, "Actual Rows": 423996, "Actual Loops": 3, "Filter": "(note IS NULL)", "Rows Removed by Filter": 445713}, {"Node Type": "Hash", "Parent Relationship": "Inner", "Parallel Aware": true, "Startup Cost": 308999.82, "Total Cost": 308999.82, "Plan Rows": 1, "Plan Width": 20, "Actual Startup Time": 1037.544, "Actual Total Time": 1037.552, "Actual Rows": 51, "Actual Loops": 3, "Hash Buckets": 1024, "Original Hash Buckets": 1024, "Hash Batches": 1, "Original Hash Batches": 1, "Peak Memory Usage": 72, "Plans": [{"Node Type": "Nested Loop", "Parent Relationship": "Outer", "Parallel Aware": false, "Join Type": "Inner", "Startup Cost": 53436.44, "Total Cost": 308999.82, "Plan Rows": 1, "Plan Width": 20, "Actual Startup Time": 983.628, "Actual Total Time": 1037.441, "Actual Rows": 51, "Actual Loops": 3, "Inner Unique": true, "Join Filter": "(ml.movie_id = t.id)", "Rows Removed by Join Filter": 0, "Plans": [{"Node Type": "Hash Join", "Parent Relationship": "Outer", "Parallel Aware": true, "Join Type": "Inner", "Startup Cost": 53436.01, "Total Cost": 308999.32, "Plan Rows": 1, "Plan Width": 16, "Actual Startup Time": 983.611, "Actual Total Time": 1037.345, "Actual Rows": 51, "Actual Loops": 3, "Inner Unique": false, "Hash Cond": "(mi.movie_id = ml.movie_id)", "Plans": [{"Node Type": "Seq Scan", "Parent Relationship": "Outer", "Parallel Aware": true, "Relation Name": "movie_info", "Alias": "mi", "Startup Cost": 0.0, "Total Cost": 255356.52, "Plan Rows": 55142, "Plan Width": 4, "Actual Startup Time": 0.329, "Actual Total Time": 741.556, "Actual Rows": 44746, "Actual Loops": 3, "Filter": "((info)::text = ANY ('{Sweden,Germany,Swedish,German}'::text[]))", "Rows Removed by Filter": 4900494}, {"Node Type": "Hash", "Parent Relationship": "Inner", "Parallel Aware": true, "Startup Cost": 53435.99, "Total Cost": 53435.99, "Plan Rows": 1, "Plan Width": 12, "Actual Startup Time": 292.987, "Actual Total Time": 292.993, "Actual Rows": 26, "Actual Loops": 3, "Hash Buckets": 1024, "Original Hash Buckets": 1024, "Hash Batches": 1, "Original Hash Batches": 1, "Peak Memory Usage": 104, "Plans": [{"Node Type": "Nested Loop", "Parent Relationship": "Outer", "Parallel Aware": false, "Join Type": "Inner", "Startup Cost": 3055.03, "Total Cost": 53435.99, "Plan Rows": 1, "Plan Width": 12, "Actual Startup Time": 83.358, "Actual Total Time": 292.919, "Actual Rows": 26, "Actual Loops": 3, "Inner Unique": true, "Plans": [{"Node Type": "Hash Join", "Parent Relationship": "Outer", "Parallel Aware": false, "Join Type": "Inner", "Startup Cost": 3054.61, "Total Cost": 53427.15, "Plan Rows": 20, "Plan Width": 16, "Actual Startup Time": 82.734, "Actual Total Time": 291.529, "Actual Rows": 783, "Actual Loops": 3, "Inner Unique": false, "Hash Cond": "(mk.movie_id = ml.movie_id)", "Plans": [{"Node Type": "Seq Scan", "Parent Relationship": "Outer", "Parallel Aware": true, "Relation Name": "movie_keyword", "Alias": "mk", "Startup Cost": 0.0, "Total Cost": 43303.71, "Plan Rows": 1884971, "Plan Width": 8, "Actual Startup Time": 0.012, "Actual Total Time": 105.599, "Actual Rows": 1507977, "Actual Loops": 3}, {"Node Type": "Hash", "Parent Relationship": "Inner", "Parallel Aware": false, "Startup Cost": 3054.6, "Total Cost": 3054.6, "Plan Rows": 1, "Plan Width": 8, "Actual Startup Time": 82.168, "Actual Total Time": 82.172, "Actual Rows": 189, "Actual Loops": 3, "Hash Buckets": 1024, "Original Hash Buckets": 1024, "Hash Batches": 1, "Original Hash Batches": 1, "Peak Memory Usage": 16, "Plans": [{"Node Type": "Nested Loop", "Parent Relationship": "Outer", "Parallel Aware": false, "Join Type": "Inner", "Startup Cost": 2478.72, "Total Cost": 3054.6, "Plan Rows": 1, "Plan Width": 8, "Actual Startup Time": 66.462, "Actual Total Time": 82.127, "Actual Rows": 189, "Actual Loops": 3, "Inner Unique": true, "Plans": [{"Node Type": "Hash Join", "Parent Relationship": "Outer", "Parallel Aware": false, "Join Type": "Inner", "Startup Cost": 2478.57, "Total Cost": 3054.06, "Plan Rows": 3, "Plan Width": 12, "Actual Startup Time": 65.954, "Actual Total Time": 78.745, "Actual Rows": 3346, "Actual Loops": 3, "Inner Unique": false, "Hash Cond": "(ml.movie_id = cc.movie_id)", "Plans": [{"Node Type": "Seq Scan", "Parent Relationship": "Outer", "Parallel Aware": false, "Relation Name": "movie_link", "Alias": "ml", "Startup Cost": 0.0, "Total Cost": 462.97, "Plan Rows": 29997, "Plan Width": 8, "Actual Startup Time": 0.02, "Actual Total Time": 2.483, "Actual Rows": 29997, "Actual Loops": 3}, {"Node Type": "Hash", "Parent Relationship": "Inner", "Parallel Aware": false, "Startup Cost": 2478.47, "Total Cost": 2478.47, "Plan Rows": 8, "Plan Width": 4, "Actual Startup Time": 65.847, "Actual Total Time": 65.85, "Actual Rows": 110494, "Actual Loops": 3, "Hash Buckets": 131072, "Original Hash Buckets": 1024, "Hash Batches": 2, "Original Hash Batches": 1, "Peak Memory Usage": 3073, "Plans": [{"Node Type": "Hash Join", "Parent Relationship": "Outer", "Parallel Aware": false, "Join Type": "Inner", "Startup Cost": 37.89, "Total Cost": 2478.47, "Plan Rows": 8, "Plan Width": 4, "Actual Startup Time": 0.061, "Actual Total Time": 49.647, "Actual Rows": 110494, "Actual Loops": 3, "Inner Unique": true, "Hash Cond": "(cc.subject_id = cct1.id)", "Plans": [{"Node Type": "Hash Join", "Parent Relationship": "Outer", "Parallel Aware": false, "Join Type": "Inner", "Startup Cost": 18.93, "Total Cost": 2457.5, "Plan Rows": 761, "Plan Width": 8, "Actual Startup Time": 0.026, "Actual Total Time": 33.632, "Actual Rows": 110494, "Actual Loops": 3, "Inner Unique": true, "Hash Cond": "(cc.status_id = cct2.id)", "Plans": [{"Node Type": "Seq Scan", "Parent Relationship": "Outer", "Parallel Aware": false, "Relation Name": "complete_cast", "Alias": "cc", "Startup Cost": 0.0, "Total Cost": 2081.86, "Plan Rows": 135086, "Plan Width": 12, "Actual Startup Time": 0.011, "Actual Total Time": 11.368, "Actual Rows": 135086, "Actual Loops": 3}, {"Node Type": "Hash", "Parent Relationship": "Inner", "Parallel Aware": false, "Startup Cost": 18.88, "Total Cost": 18.88, "Plan Rows": 4, "Plan Width": 4, "Actual Startup Time": 0.005, "Actual Total Time": 0.005, "Actual Rows": 1, "Actual Loops": 3, "Hash Buckets": 1024, "Original Hash Buckets": 1024, "Hash Batches": 1, "Original Hash Batches": 1, "Peak Memory Usage": 9, "Plans": [{"Node Type": "Seq Scan", "Parent Relationship": "Outer", "Parallel Aware": false, "Relation Name": "comp_cast_type", "Alias": "cct2", "Startup Cost": 0.0, "Total Cost": 18.88, "Plan Rows": 4, "Plan Width": 4, "Actual Startup Time": 0.002, "Actual Total Time": 0.003, "Actual Rows": 1, "Actual Loops": 3, "Filter": "((kind)::text = 'complete'::text)", "Rows Removed by Filter": 3}]}]}, {"Node Type": "Hash", "Parent Relationship": "Inner", "Parallel Aware": false, "Startup Cost": 18.88, "Total Cost": 18.88, "Plan Rows": 7, "Plan Width": 4, "Actual Startup Time": 0.027, "Actual Total Time": 0.027, "Actual Rows": 2, "Actual Loops": 3, "Hash Buckets": 1024, "Original Hash Buckets": 1024, "Hash Batches": 1, "Original Hash Batches": 1, "Peak Memory Usage": 9, "Plans": [{"Node Type": "Seq Scan", "Parent Relationship": "Outer", "Parallel Aware": false, "Relation Name": "comp_cast_type", "Alias": "cct1", "Startup Cost": 0.0, "Total Cost": 18.88, "Plan Rows": 7, "Plan Width": 4, "Actual Startup Time": 0.023, "Actual Total Time": 0.025, "Actual Rows": 2, "Actual Loops": 3, "Filter": "((kind)::text = ANY ('{cast,crew}'::text[]))", "Rows Removed by Filter": 2}]}]}]}]}, {"Node Type": "Index Scan", "Parent Relationship": "Inner", "Parallel Aware": false, "Scan Direction": "Forward", "Index Name": "link_type_pkey", "Relation Name": "link_type", "Alias": "lt", "Startup Cost": 0.15, "Total Cost": 0.17, "Plan Rows": 1, "Plan Width": 4, "Actual Startup Time": 0.001, "Actual Total Time": 0.001, "Actual Rows": 0, "Actual Loops": 10038, "Index Cond": "(id = ml.link_type_id)", "Rows Removed by Index Recheck": 0, "Filter": "((link)::text ~~ '%follow%'::text)", "Rows Removed by Filter": 1}]}]}]}, {"Node Type": "Index Scan", "Parent Relationship": "Inner", "Parallel Aware": false, "Scan Direction": "Forward", "Index Name": "keyword_pkey", "Relation Name": "keyword", "Alias": "k", "Startup Cost": 0.42, "Total Cost": 0.44, "Plan Rows": 1, "Plan Width": 4, "Actual Startup Time": 0.002, "Actual Total Time": 0.002, "Actual Rows": 0, "Actual Loops": 2350, "Index Cond": "(id = mk.keyword_id)", "Rows Removed by Index Recheck": 0, "Filter": "((keyword)::text = 'sequel'::text)", "Rows Removed by Filter": 1}]}]}]}, {"Node Type": "Index Scan", "Parent Relationship": "Inner", "Parallel Aware": false, "Scan Direction": "Forward", "Index Name": "title_pkey", "Relation Name": "title", "Alias": "t", "Startup Cost": 0.43, "Total Cost": 0.49, "Plan Rows": 1, "Plan Width": 4, "Actual Startup Time": 0.002, "Actual Total Time": 0.002, "Actual Rows": 1, "Actual Loops": 154, "Index Cond": "(id = mk.movie_id)", "Rows Removed by Index Recheck": 0, "Filter": "((production_year >= 1950) AND (production_year <= 2000))", "Rows Removed by Filter": 0}]}]}]}, {"Node Type": "Index Scan", "Parent Relationship": "Inner", "Parallel Aware": false, "Scan Direction": "Forward", "Index Name": "company_type_pkey", "Relation Name": "company_type", "Alias": "ct", "Startup Cost": 0.15, "Total Cost": 0.17, "Plan Rows": 1, "Plan Width": 4, "Actual Startup Time": 0.001, "Actual Total Time": 0.001, "Actual Rows": 1, "Actual Loops": 1163, "Index Cond": "(id = mc.company_type_id)", "Rows Removed by Index Recheck": 0, "Filter": "((kind)::text = 'production companies'::text)", "Rows Removed by Filter": 0}]}]}, {"Node Type": "Index Scan", "Parent Relationship": "Inner", "Parallel Aware": false, "Scan Direction": "Forward", "Index Name": "company_name_pkey", "Relation Name": "company_name", "Alias": "cn", "Startup Cost": 0.42, "Total Cost": 0.46, "Plan Rows": 1, "Plan Width": 4, "Actual Startup Time": 0.001, "Actual Total Time": 0.001, "Actual Rows": 0, "Actual Loops": 1106, "Index Cond": "(id = mc.company_id)", "Rows Removed by Index Recheck": 0, "Filter": "(((country_code)::text <> '[pl]'::text) AND (((name)::text ~~ '%Film%'::text) OR ((name)::text ~~ '%Warner%'::text)))", "Rows Removed by Filter": 1}]}]}, "Planning Time": 209.344, "Triggers": [], "Execution Time": 1166.498}]
[{"Bao": {"Bao prediction": 1684.703, "Bao recommended hint": "(no hint)"}}, {"Plan": {"Node Type": "Aggregate", "Strategy": "Plain", "Partial Mode": "Finalize", "Parallel Aware": false, "Startup Cost": 544532.56, "Total Cost": 544532.57, "Plan Rows": 1, "Plan Width": 8, "Actual Startup Time": 2399.757, "Actual Total Time": 2440.921, "Actual Rows": 1, "Actual Loops": 1, "Plans": [{"Node Type": "Gather", "Parent Relationship": "Outer", "Parallel Aware": false, "Startup Cost": 544532.35, "Total Cost": 544532.56, "Plan Rows": 2, "Plan Width": 8, "Actual Startup Time": 2398.128, "Actual Total Time": 2440.915, "Actual Rows": 3, "Actual Loops": 1, "Workers Planned": 2, "Workers Launched": 2, "Single Copy": false, "Plans": [{"Node Type": "Aggregate", "Strategy": "Plain", "Partial Mode": "Partial", "Parent Relationship": "Outer", "Parallel Aware": false, "Startup Cost": 543532.35, "Total Cost": 543532.36, "Plan Rows": 1, "Plan Width": 8, "Actual Startup Time": 2395.618, "Actual Total Time": 2395.633, "Actual Rows": 1, "Actual Loops": 3, "Plans": [{"Node Type": "Hash Join", "Parent Relationship": "Outer", "Parallel Aware": true, "Join Type": "Inner", "Startup Cost": 525396.65, "Total Cost": 543532.35, "Plan Rows": 1, "Plan Width": 0, "Actual Startup Time": 2326.267, "Actual Total Time": 2394.722, "Actual Rows": 22728, "Actual Loops": 3, "Inner Unique": false, "Hash Cond": "(an.person_id = n.id)", "Plans": [{"Node Type": "Seq Scan", "Parent Relationship": "Outer", "Parallel Aware": true, "Relation Name": "aka_name", "Alias": "an", "Startup Cost": 0.0, "Total Cost": 17029.39, "Plan Rows": 295012, "Plan Width": 4, "Actual Startup Time": 0.018, "Actual Total Time": 48.417, "Actual Rows": 228698, "Actual Loops": 3, "Filter": "((name IS NOT NULL) AND (((name)::text ~~ '%a%'::text) OR ((name)::text ~~ 'A%'::text)))", "Rows Removed by Filter": 71749}, {"Node Type": "Hash", "Parent Relationship": "Inner", "Parallel Aware": true, "Startup Cost": 525396.64, "Total Cost": 525396.64, "Plan Rows": 1, "Plan Width": 12, "Actual Startup Time": 2325.918, "Actual Total Time": 2325.927, "Actual Rows": 13386, "Actual Loops": 3, "Hash Buckets": 65536, "Original Hash Buckets": 1024, "Hash Batches": 1, "Original Hash Batches": 1, "Peak Memory Usage": 2936, "Plans": [{"Node Type": "Nested Loop", "Parent Relationship": "Outer", "Parallel Aware": false, "Join Type": "Inner", "Startup Cost": 525392.15, "Total Cost": 525396.64, "Plan Rows": 1, "Plan Width": 12, "Actual Startup Time": 2206.641, "Actual Total Time": 2301.996, "Actual Rows": 13386, "Actual Loops": 3, "Inner Unique": true, "Plans": [{"Node Type": "Merge Join", "Parent Relationship": "Outer", "Parallel Aware": false, "Join Type": "Inner", "Startup Cost": 525391.72, "Total Cost": 525396.18, "Plan Rows": 1, "Plan Width": 20, "Actual Startup Time": 2206.616, "Actual Total Time": 2259.347, "Actual Rows": 21216, "Actual Loops": 3, "Inner Unique": false, "Merge Cond": "(ci.movie_id = ml.linked_movie_id)", "Plans": [{"Node Type": "Sort", "Parent Relationship": "Outer", "Parallel Aware": false, "Startup Cost": 524801.51, "Total Cost": 524802.26, "Plan Rows": 298, "Plan Width": 16, "Actual Startup Time": 2196.04, "Actual Total Time": 2225.834, "Actual Rows": 305716, "Actual Loops": 3, "Sort Key": ["ci.movie_id"], "Sort Method": "external merge", "Sort Space Used": 8256, "Sort Space Type": "Disk", "Workers": [{"Worker Number": 0, "Sort Method": "external merge", "Sort Space Used": 7800, "Sort Space Type": "Disk"}, {"Worker Number": 1, "Sort Method": "external merge", "Sort Space Used": 7352, "Sort Space Type": "Disk"}], "Plans": [{"Node Type": "Hash Join", "Parent Relationship": "Outer", "Parallel Aware": true, "Join Type": "Inner", "Startup Cost": 64541.14, "Total Cost": 524789.27, "Plan Rows": 298, "Plan Width": 16, "Actual Startup Time": 213.317, "Actual Total Time": 2106.172, "Actual Rows": 305764, "Actual Loops": 3, "Inner Unique": false, "Hash Cond": "(ci.person_id = n.id)", "Plans": [{"Node Type": "Seq Scan", "Parent Relationship": "Outer", "Parallel Aware": true, "Relation Name": "cast_info", "Alias": "ci", "Startup Cost": 0.0, "Total Cost": 403639.65, "Plan Rows": 15095265, "Plan Width": 8, "Actual Startup Time": 0.006, "Actual Total Time": 872.32, "Actual Rows": 12081448, "Actual Loops": 3}, {"Node Type": "Hash", "Parent Relationship": "Inner", "Parallel Aware": true, "Startup Cost": 64540.72, "Total Cost": 64540.72, "Plan Rows": 34, "Plan Width": 8, "Actual Startup Time": 213.217, "Actual Total Time": 213.221, "Actual Rows": 4354, "Actual Loops": 3, "Hash Buckets": 16384, "Original Hash Buckets": 1024, "Hash Batches": 1, "Original Hash Batches": 1, "Peak Memory Usage": 792, "Plans": [{"Node Type": "Nested Loop", "Parent Relationship": "Outer", "Parallel Aware": false, "Join Type": "Inner", "Startup Cost": 2.86, "Total Cost": 64540.72, "Plan Rows": 34, "Plan Width": 8, "Actual Startup Time": 0.177, "Actual Total Time": 197.627, "Actual Rows": 4354, "Actual Loops": 3, "Inner Unique": true, "Plans": [{"Node Type": "Hash Join", "Parent Relationship": "Outer", "Parallel Aware": false, "Join Type": "Inner", "Startup Cost": 2.43, "Total Cost": 63502.14, "Plan Rows": 292, "Plan Width": 4, "Actual Startup Time": 0.064, "Actual Total Time": 109.223, "Actual Rows": 28061, "Actual Loops": 3, "Inner Unique": true, "Hash Cond": "(pi.info_type_id = it.id)", "Plans": [{"Node Type": "Seq Scan", "Parent Relationship": "Outer", "Parallel Aware": true, "Relation Name": "person_info", "Alias": "pi", "Startup Cost": 0.0, "Total Cost": 63409.96, "Plan Rows": 32957, "Plan Width": 8, "Actual Startup Time": 0.024, "Actual Total Time": 104.431, "Actual Rows": 28061, "Actual Loops": 3, "Filter": "(note IS NOT NULL)", "Rows Removed by Filter": 959827}, {"Node Type": "Hash", "Parent Relationship": "Inner", "Parallel Aware": false, "Startup Cost": 2.41, "Total Cost": 2.41, "Plan Rows": 1, "Plan Width": 4, "Actual Startup Time": 0.026, "Actual Total Time": 0.026, "Actual Rows": 1, "Actual Loops": 3, "Hash Buckets": 1024, "Original Hash Buckets": 1024, "Hash Batches": 1, "Original Hash Batches": 1, "Peak Memory Usage": 9, "Plans": [{"Node Type": "Seq Scan", "Parent Relationship": "Outer", "Parallel Aware": false, "Relation Name": "info_type", "Alias": "it", "Startup Cost": 0.0, "Total Cost": 2.41, "Plan Rows": 1, "Plan Width": 4, "Actual Startup Time": 0.016, "Actual Total Time": 0.022, "Actual Rows": 1, "Actual Loops": 3, "Filter": "((info)::text = 'mini biography'::text)", "Rows Removed by Filter": 112}]}]}, {"Node Type": "Index Scan", "Parent Relationship": "Inner", "Parallel Aware": false, "Scan Direction": "Forward", "Index Name": "name_pkey", "Relation Name": "name", "Alias": "n", "Startup Cost": 0.43, "Total Cost": 3.56, "Plan Rows": 1, "Plan Width": 4, "Actual Startup Time": 0.003, "Actual Total Time": 0.003, "Actual Rows": 0, "Actual Loops": 84183, "Index Cond": "(id = pi.person_id)", "Rows Removed by Index Recheck": 0, "Filter": "(((name_pcode_cf)::text >= 'A'::text) AND ((name_pcode_cf)::text <= 'F'::text) AND (((gender)::text = 'm'::text) OR (((gender)::text = 'f'::text) AND ((name)::text ~~ 'A%'::text))))", "Rows Removed by Filter": 1}]}]}]}]}, {"Node Type": "Sort", "Parent Relationship": "Inner", "Parallel Aware": false, "Startup Cost": 590.21, "Total Cost": 591.69, "Plan Rows": 591, "Plan Width": 4, "Actual Startup Time": 10.534, "Actual Total Time": 13.457, "Actual Rows": 33617, "Actual Loops": 3, "Sort Key": ["ml.linked_movie_id"], "Sort Method": "quicksort", "Sort Space Used": 1777, "Sort Space Type": "Memory", "Workers": [{"Worker Number": 0, "Sort Method": "quicksort", "Sort Space Used": 1777, "Sort Space Type": "Memory"}, {"Worker Number": 1, "Sort Method": "quicksort", "Sort Space Used": 1777, "Sort Space Type": "Memory"}], "Plans": [{"Node Type": "Hash Join", "Parent Relationship": "Outer", "Parallel Aware": false, "Join Type": "Inner", "Startup Cost": 20.82, "Total Cost": 563.0, "Plan Rows": 591, "Plan Width": 4, "Actual Startup Time": 0.066, "Actual Total Time": 6.068, "Actual Rows": 21505, "Actual Loops": 3, "Inner Unique": true, "Hash Cond": "(ml.link_type_id = lt.id)", "Plans": [{"Node Type": "Seq Scan", "Parent Relationship": "Outer", "Parallel Aware": false, "Relation Name": "movie_link", "Alias": "ml", "Startup Cost": 0.0, "Total Cost": 462.97, "Plan Rows": 29997, "Plan Width": 8, "Actual Startup Time": 0.025, "Actual Total Time": 2.07, "Actual Rows": 29997, "Actual Loops": 3}, {"Node Type": "Hash", "Parent Relationship": "Inner", "Parallel Aware": false, "Startup Cost": 20.65, "Total Cost": 20.65, "Plan Rows": 14, "Plan Width": 4, "Actual Startup Time": 0.03, "Actual Total Time": 0.03, "Actual Rows": 4, "Actual Loops": 3, "Hash Buckets": 1024, "Original Hash Buckets": 1024, "Hash Batches": 1, "Original Hash Batches": 1, "Peak Memory Usage": 9, "Plans": [{"Node Type": "Seq Scan", "Parent Relationship": "Outer", "Parallel Aware": false, "Relation Name": "link_type", "Alias": "lt", "Startup Cost": 0.0, "Total Cost": 20.65, "Plan Rows": 14, "Plan Width": 4, "Actual Startup Time": 0.023, "Actual Total Time": 0.026, "Actual Rows": 4, "Actual Loops": 3, "Filter": "((link)::text = ANY ('{references,\"referenced in\",features,\"featured in\"}'::text[]))", "Rows Removed by Filter": 14}]}]}]}]}, {"Node Type": "Index Scan", "Parent Relationship": "Inner", "Parallel Aware": false, "Scan Direction": "Forward", "Index Name": "title_pkey", "Relation Name": "title", "Alias": "t", "Startup Cost": 0.43, "Total Cost": 0.46, "Plan Rows": 1, "Plan Width": 4, "Actual Startup Time": 0.002, "Actual Total Time": 0.002, "Actual Rows": 1, "Actual Loops": 63648, "Index Cond": "(id = ci.movie_id)", "Rows Removed by Index Recheck": 0, "Filter": "((production_year >= 1980) AND (production_year <= 2010))", "Rows Removed by Filter": 0}]}]}]}]}]}]}, "Planning Time": 86.115, "Triggers": [], "Execution Time": 2441.991}]
[{"Bao": {"Bao prediction": 2350.927, "Bao recommended hint": "SET enable_nestloop TO off; "}}, {"Plan": {"Node Type": "Aggregate", "Strategy": "Plain", "Partial Mode": "Finalize", "Parallel Aware": false, "Startup Cost": 660439.38, "Total Cost": 660439.39, "Plan Rows": 1, "Plan Width": 8, "Actual Startup Time": 3398.334, "Actual Total Time": 3466.226, "Actual Rows": 1, "Actual Loops": 1, "Plans": [{"Node Type": "Gather", "Parent Relationship": "Outer", "Parallel Aware": false, "Startup Cost": 660439.16, "Total Cost": 660439.37, "Plan Rows": 2, "Plan Width": 8, "Actual Startup Time": 3396.958, "Actual Total Time": 3466.221, "Actual Rows": 3, "Actual Loops": 1, "Workers Planned": 2, "Workers Launched": 2, "Single Copy": false, "Plans": [{"Node Type": "Aggregate", "Strategy": "Plain", "Partial Mode": "Partial", "Parent Relationship": "Outer", "Parallel Aware": false, "Startup Cost": 659439.16, "Total Cost": 659439.17, "Plan Rows": 1, "Plan Width": 8, "Actual Startup Time": 3394.599, "Actual Total Time": 3394.612, "Actual Rows": 1, "Actual Loops": 3, "Plans": [{"Node Type": "Hash Join", "Parent Relationship": "Outer", "Parallel Aware": true, "Join Type": "Inner", "Startup Cost": 564212.65, "Total Cost": 658926.89, "Plan Rows": 204910, "Plan Width": 0, "Actual Startup Time": 3277.315, "Actual Total Time": 3389.842, "Actual Rows": 107668, "Actual Loops": 3, "Inner Unique": false, "Hash Cond": "(n1.id = an1.person_id)", "Plans": [{"Node Type": "Seq Scan", "Parent Relationship": "Outer", "Parallel Aware": true, "Relation Name": "name", "Alias": "n1", "Startup Cost": 0.0, "Total Cost": 72979.14, "Plan Rows": 1736614, "Plan Width": 4, "Actual Startup Time": 0.023, "Actual Total Time": 161.631, "Actual Rows": 1389164, "Actual Loops": 3}, {"Node Type": "Hash", "Parent Relationship": "Inner", "Parallel Aware": true, "Startup Cost": 560850.28, "Total Cost": 560850.28, "Plan Rows": 204910, "Plan Width": 8, "Actual Startup Time": 2940.425, "Actual Total Time": 2940.435, "Actual Rows": 107668, "Actual Loops": 3, "Hash Buckets": 131072, "Original Hash Buckets": 131072, "Hash Batches": 8, "Original Hash Batches": 8, "Peak Memory Usage": 3520, "Plans": [{"Node Type": "Hash Join", "Parent Relationship": "Outer", "Parallel Aware": true, "Join Type": "Inner", "Startup Cost": 523142.83, "Total Cost": 560850.28, "Plan Rows": 204910, "Plan Width": 8, "Actual Startup Time": 2887.161, "Actual Total Time": 2925.203, "Actual Rows": 107668, "Actual Loops": 3, "Inner Unique": false, "Hash Cond": "(ci.person_id = an1.person_id)", "Plans": [{"Node Type": "Hash Join", "Parent Relationship": "Outer", "Parallel Aware": true, "Join Type": "Inner", "Startup Cost": 501828.73, "Total Cost": 536181.99, "Plan Rows": 89172, "Plan Width": 4, "Actual Startup Time": 2742.312, "Actual Total Time": 2798.006, "Actual Rows": 95179, "Actual Loops": 3, "Inner Unique": false, "Hash Cond": "(mc.movie_id = ci.movie_id)", "Plans": [{"Node Type": "Hash Join", "Parent Relationship": "Outer", "Parallel Aware": true, "Join Type": "Inner", "Startup Cost": 5344.51, "Total Cost": 37859.67, "Plan Rows": 391078, "Plan Width": 4, "Actual Startup Time": 17.245, "Actual Total Time": 237.538, "Actual Rows": 384599, "Actual Loops": 3, "Inner Unique": true, "Hash Cond": "(mc.company_id = cn.id)", "Plans": [{"Node Type": "Seq Scan", "Parent Relationship": "Outer", "Parallel Aware": true, "Relation Name": "movie_companies", "Alias": "mc", "Startup Cost": 0.0, "Total Cost": 29661.37, "Plan Rows": 1087137, "Plan Width": 8, "Actual Startup Time": 0.013, "Actual Total Time": 70.041, "Actual Rows": 869710, "Actual Loops": 3}, {"Node Type": "Hash", "Parent Relationship": "Inner", "Parallel Aware": true, "Startup Cost": 4722.92, "Total Cost": 4722.92, "Plan Rows": 49727, "Plan Width": 4, "Actual Startup Time": 17.128, "Actual Total Time": 17.129, "Actual Rows": 28281, "Actual Loops": 3, "Hash Buckets": 131072, "Original Hash Buckets": 131072, "Hash Batches": 1, "Original Hash Batches": 1, "Peak Memory Usage": 4384, "Plans": [{"Node Type": "Seq Scan", "Parent Relationship": "Outer", "Parallel Aware": true, "Relation Name": "company_name", "Alias": "cn", "Startup Cost": 0.0, "Total Cost": 4722.92, "Plan Rows": 49727, "Plan Width": 4, "Actual Startup Time": 0.018, "Actual Total Time": 11.586, "Actual Rows": 28281, "Actual Loops": 3, "Filter": "((country_code)::text = '[us]'::text)", "Rows Removed by Filter": 50051}]}]}, {"Node Type": "Hash", "Parent Relationship": "Inner", "Parallel Aware": true, "Startup Cost": 495421.18, "Total Cost": 495421.18, "Plan Rows": 85044, "Plan Width": 12, "Actual Startup Time": 2453.424, "Actual Total Time": 2453.428, "Actual Rows": 92134, "Actual Loops": 3, "Hash Buckets": 65536, "Original Hash Buckets": 262144, "Hash Batches": 8, "Original Hash Batches": 1, "Peak Memory Usage": 2176, "Plans": [{"Node Type": "Hash Join", "Parent Relationship": "Outer", "Parallel Aware": true, "Join Type": "Inner", "Startup Cost": 444583.22, "Total Cost": 495421.18, "Plan Rows": 85044, "Plan Width": 12, "Actual Startup Time": 2222.127, "Actual Total Time": 2424.491, "Actual Rows": 92134, "Actual Loops": 3, "Inner Unique": false, "Hash Cond": "(t.id = ci.movie_id)", "Plans": [{"Node Type": "Seq Scan", "Parent Relationship": "Outer", "Parallel Aware": true, "Relation Name": "title", "Alias": "t", "Startup Cost": 0.0, "Total Cost": 46532.98, "Plan Rows": 1053498, "Plan Width": 4, "Actual Startup Time": 0.017, "Actual Total Time": 91.113, "Actual Rows": 842771, "Actual Loops": 3}, {"Node Type": "Hash", "Parent Relationship": "Inner", "Parallel Aware": true, "Startup Cost": 443520.17, "Total Cost": 443520.17, "Plan Rows": 85044, "Plan Width": 8, "Actual Startup Time": 1970.944, "Actual Total Time": 1970.946, "Actual Rows": 92134, "Actual Loops": 3, "Hash Buckets": 131072, "Original Hash Buckets": 262144, "Hash Batches": 8, "Original Hash Batches": 1, "Peak Memory Usage": 2432, "Plans": [{"Node Type": "Hash Join", "Parent Relationship": "Outer", "Parallel Aware": false, "Join Type": "Inner", "Startup Cost": 18.93, "Total Cost": 443520.17, "Plan Rows": 85044, "Plan Width": 8, "Actual Startup Time": 1541.487, "Actual Total Time": 1943.547, "Actual Rows": 92134, "Actual Loops": 3, "Inner Unique": true, "Hash Cond": "(ci.role_id = rt.id)", "Plans": [{"Node Type": "Seq Scan", "Parent Relationship": "Outer", "Parallel Aware": true, "Relation Name": "cast_info", "Alias": "ci", "Startup Cost": 0.0, "Total Cost": 403639.65, "Plan Rows": 15095265, "Plan Width": 12, "Actual Startup Time": 0.026, "Actual Total Time": 883.495, "Actual Rows": 12081448, "Actual Loops": 3}, {"Node Type": "Hash", "Parent Relationship": "Inner", "Parallel Aware": false, "Startup Cost": 18.88, "Total Cost": 18.88, "Plan Rows": 4, "Plan Width": 4, "Actual Startup Time": 0.017, "Actual Total Time": 0.017, "Actual Rows": 1, "Actual Loops": 3, "Hash Buckets": 1024, "Original Hash Buckets": 1024, "Hash Batches": 1, "Original Hash Batches": 1, "Peak Memory Usage": 9, "Plans": [{"Node Type": "Seq Scan", "Parent Relationship": "Outer", "Parallel Aware": false, "Relation Name": "role_type", "Alias": "rt", "Startup Cost": 0.0, "Total Cost": 18.88, "Plan Rows": 4, "Plan Width": 4, "Actual Startup Time": 0.014, "Actual Total Time": 0.015, "Actual Rows": 1, "Actual Loops": 3, "Filter": "((role)::text = 'costume designer'::text)", "Rows Removed by Filter": 11}]}]}]}]}]}]}, {"Node Type": "Hash", "Parent Relationship": "Inner", "Parallel Aware": true, "Startup Cost": 15151.6, "Total Cost": 15151.6, "Plan Rows": 375560, "Plan Width": 4, "Actual Startup Time": 72.522, "Actual Total Time": 72.522, "Actual Rows": 300448, "Actual Loops": 3, "Hash Buckets": 131072, "Original Hash Buckets": 131072, "Hash Batches": 16, "Original Hash Batches": 16, "Peak Memory Usage": 3264, "Plans": [{"Node Type": "Seq Scan", "Parent Relationship": "Outer", "Parallel Aware": true, "Relation Name": "aka_name", "Alias": "an1", "Startup Cost": 0.0, "Total Cost": 15151.6, "Plan Rows": 375560, "Plan Width": 4, "Actual Startup Time": 0.015, "Actual Total Time": 34.307, "Actual Rows": 300448, "Actual Loops": 3}]}]}]}]}]}]}]}, "Planning Time": 82.856, "Triggers": [], "Execution Time": 3466.296}]
[{"Bao": {"Bao prediction": 2001.418, "Bao recommended hint": "(no hint)"}}, {"Plan": {"Node Type": "Aggregate", "Strategy": "Plain", "Partial Mode": "Finalize", "Parallel Aware": false, "Startup Cost": 533065.14, "Total Cost": 533065.15, "Plan Rows": 1, "Plan Width": 8, "Actual Startup Time": 3045.551, "Actual Total Time": 3064.63, "Actual Rows": 1, "Actual Loops": 1, "Plans": [{"Node Type": "Gather", "Parent Relationship": "Outer", "Parallel Aware": false, "Startup Cost": 533064.93, "Total Cost": 533065.14, "Plan Rows": 2, "Plan Width": 8, "Actual Startup Time": 3045.427, "Actual Total Time": 3064.618, "Actual Rows": 3, "Actual Loops": 1, "Workers Planned": 2, "Workers Launched": 2, "Single Copy": false, "Plans": [{"Node Type": "Aggregate", "Strategy": "Plain", "Partial Mode": "Partial", "Parent Relationship": "Outer", "Parallel Aware": false, "Startup Cost": 532064.93, "Total Cost": 532064.94, "Plan Rows": 1, "Plan Width": 8, "Actual Startup Time": 3043.163, "Actual Total Time": 3043.171, "Actual Rows": 1, "Actual Loops": 3, "Plans": [{"Node Type": "Hash Join", "Parent Relationship": "Outer", "Parallel Aware": true, "Join Type": "Inner", "Startup Cost": 515504.91, "Total Cost": 532064.87, "Plan Rows": 23, "Plan Width": 0, "Actual Startup Time": 2994.022, "Actual Total Time": 3043.052, "Actual Rows": 2715, "Actual Loops": 3, "Inner Unique": false, "Hash Cond": "(an.person_id = n.id)", "Plans": [{"Node Type": "Seq Scan", "Parent Relationship": "Outer", "Parallel Aware": true, "Relation Name": "aka_name", "Alias": "an", "Startup Cost": 0.0, "Total Cost": 15151.6, "Plan Rows": 375560, "Plan Width": 4, "Actual Startup Time": 0.024, "Actual Total Time": 24.352, "Actual Rows": 300448, "Actual Loops": 3}, {"Node Type": "Hash", "Parent Relationship": "Inner", "Parallel Aware": true, "Startup Cost": 515504.79, "Total Cost": 515504.79, "Plan Rows": 10, "Plan Width": 8, "Actual Startup Time": 2993.109, "Actual Total Time": 2993.117, "Actual Rows": 1501, "Actual Loops": 3, "Hash Buckets": 4096, "Original Hash Buckets": 1024, "Hash Batches": 1, "Original Hash Batches": 1, "Peak Memory Usage": 312, "Plans": [{"Node Type": "Nested Loop", "Parent Relationship": "Outer", "Parallel Aware": false, "Join Type": "Inner", "Startup Cost": 481749.61, "Total Cost": 515504.79, "Plan Rows": 10, "Plan Width": 8, "Actual Startup Time": 2742.749, "Actual Total Time": 2888.86, "Actual Rows": 1501, "Actual Loops": 3, "Inner Unique": true, "Join Filter": "(ci.movie_id = t.id)", "Rows Removed by Join Filter": 0, "Plans": [{"Node Type": "Nested Loop", "Parent Relationship": "Outer", "Parallel Aware": false, "Join Type": "Inner", "Startup Cost": 481749.18, "Total Cost": 515499.5, "Plan Rows": 10, "Plan Width": 16, "Actual Startup Time": 2742.724, "Actual Total Time": 2883.727, "Actual Rows": 1501, "Actual Loops": 3, "Inner Unique": true, "Plans": [{"Node Type": "Hash Join", "Parent Relationship": "Outer", "Parallel Aware": true, "Join Type": "Inner", "Startup Cost": 481748.76, "Total Cost": 515487.01, "Plan Rows": 28, "Plan Width": 20, "Actual Startup Time": 2742.423, "Actual Total Time": 2875.153, "Actual Rows": 4128, "Actual Loops": 3, "Inner Unique": false, "Hash Cond": "(mc.movie_id = ci.movie_id)", "Plans": [{"Node Type": "Seq Scan", "Parent Relationship": "Outer", "Parallel Aware": true, "Relation Name": "movie_companies", "Alias": "mc", "Startup Cost": 0.0, "Total Cost": 29661.37, "Plan Rows": 1087137, "Plan Width": 8, "Actual Startup Time": 0.022, "Actual Total Time": 60.528, "Actual Rows": 869710, "Actual Loops": 3}, {"Node Type": "Hash", "Parent Relationship": "Inner", "Parallel Aware": true, "Startup Cost": 481748.63, "Total Cost": 481748.63, "Plan Rows": 10, "Plan Width": 12, "Actual Startup Time": 2741.78, "Actual Total Time": 2741.784, "Actual Rows": 1895, "Actual Loops": 3, "Hash Buckets": 8192, "Original Hash Buckets": 1024, "Hash Batches": 1, "Original Hash Batches": 1, "Peak Memory Usage": 472, "Plans": [{"Node Type": "Nested Loop", "Parent Relationship": "Outer", "Parallel Aware": false, "Join Type": "Inner", "Startup Cost": 19.79, "Total Cost": 481748.63, "Plan Rows": 10, "Plan Width": 12, "Actual Startup Time": 397.37, "Actual Total Time": 1371.31, "Actual Rows": 1895, "Actual Loops": 3, "Inner Unique": true, "Plans": [{"Node Type": "Nested Loop", "Parent Relationship": "Outer", "Parallel Aware": false, "Join Type": "Inner", "Startup Cost": 19.36, "Total Cost": 481735.42, "Plan Rows": 20, "Plan Width": 16, "Actual Startup Time": 397.336, "Actual Total Time": 1365.211, "Actual Rows": 2184, "Actual Loops": 3, "Inner Unique": true, "Plans": [{"Node Type": "Hash Join", "Parent Relationship": "Outer", "Parallel Aware": false, "Join Type": "Inner", "Startup Cost": 18.93, "Total Cost": 480120.81, "Plan Rows": 2103, "Plan Width": 12, "Actual Startup Time": 396.227, "Actual Total Time": 1213.72, "Actual Rows": 92055, "Actual Loops": 3, "Inner Unique": true, "Hash Cond": "(ci.role_id = rt.id)", "Plans": [{"Node Type": "Seq Scan", "Parent Relationship": "Outer", "Parallel Aware": true, "Relation Name": "cast_info", "Alias": "ci", "Startup Cost": 0.0, "Total Cost": 479115.98, "Plan Rows": 373356, "Plan Width": 16, "Actual Startup Time": 0.041, "Actual Total Time": 1183.793, "Actual Rows": 289159, "Actual Loops": 3, "Filter": "((note)::text = ANY ('{(voice),\"(voice: Japanese version)\",\"(voice) (uncredited)\",\"(voice: English version)\"}'::text[]))", "Rows Removed by Filter": 11792289}, {"Node Type": "Hash", "Parent Relationship": "Inner", "Parallel Aware": false, "Startup Cost": 18.88, "Total Cost": 18.88, "Plan Rows": 4, "Plan Width": 4, "Actual Startup Time": 0.016, "Actual Total Time": 0.017, "Actual Rows": 1, "Actual Loops": 3, "Hash Buckets": 1024, "Original Hash Buckets": 1024, "Hash Batches": 1, "Original Hash Batches": 1, "Peak Memory Usage": 9, "Plans": [{"Node Type": "Seq Scan", "Parent Relationship": "Outer", "Parallel Aware": false, "Relation Name": "role_type", "Alias": "rt", "Startup Cost": 0.0, "Total Cost": 18.88, "Plan Rows": 4, "Plan Width": 4, "Actual Startup Time": 0.012, "Actual Total Time": 0.013, "Actual Rows": 1, "Actual Loops": 3, "Filter": "((role)::text = 'actress'::text)", "Rows Removed by Filter": 11}]}]}, {"Node Type": "Index Scan", "Parent Relationship": "Inner", "Parallel Aware": false, "Scan Direction": "Forward", "Index Name": "name_pkey", "Relation Name": "name", "Alias": "n", "Startup Cost": 0.43, "Total Cost": 0.77, "Plan Rows": 1, "Plan Width": 4, "Actual Startup Time": 0.001, "Actual Total Time": 0.001, "Actual Rows": 0, "Actual Loops": 276166, "Index Cond": "(id = ci.person_id)", "Rows Removed by Index Recheck": 0, "Filter": "(((name)::text ~~ '%An%'::text) AND ((gender)::text = 'f'::text))", "Rows Removed by Filter": 1}]}, {"Node Type": "Index Only Scan", "Parent Relationship": "Inner", "Parallel Aware": false, "Scan Direction": "Forward", "Index Name": "char_name_pkey", "Relation Name": "char_name", "Alias": "chn", "Startup Cost": 0.43, "Total Cost": 0.66, "Plan Rows": 1, "Plan Width": 4, "Actual Startup Time": 0.002, "Actual Total Time": 0.002, "Actual Rows": 1, "Actual Loops": 6552, "Index Cond": "(id = ci.person_role_id)", "Rows Removed by Index Recheck": 0, "Heap Fetches": 5686}]}]}]}, {"Node Type": "Index Scan", "Parent Relationship": "Inner", "Parallel Aware": false, "Scan Direction": "Forward", "Index Name": "company_name_pkey", "Relation Name": "company_name", "Alias": "cn", "Startup Cost": 0.42, "Total Cost": 0.45, "Plan Rows": 1, "Plan Width": 4, "Actual Startup Time": 0.002, "Actual Total Time": 0.002, "Actual Rows": 0, "Actual Loops": 12383, "Index Cond": "(id = mc.company_id)", "Rows Removed by Index Recheck": 0, "Filter": "((country_code)::text = '[us]'::text)", "Rows Removed by Filter": 1}]}, {"Node Type": "Index Only Scan", "Parent Relationship": "Inner", "Parallel Aware": false, "Scan Direction": "Forward", "Index Name": "title_pkey", "Relation Name": "title", "Alias": "t", "Startup Cost": 0.43, "Total Cost": 0.52, "Plan Rows": 1, "Plan Width": 4, "Actual Startup Time": 0.003, "Actual Total Time": 0.003, "Actual Rows": 1, "Actual Loops": 4503, "Index Cond": "(id = mc.movie_id)", "Rows Removed by Index Recheck": 0, "Heap Fetches": 4503}]}]}]}]}]}]}, "Planning Time": 85.967, "Triggers": [], "Execution Time": 3064.727}]
[{"Bao": {"Bao prediction": 2381.334, "Bao recommended hint": "SET enable_nestloop TO off; "}}, {"Plan": {"Node Type": "Aggregate", "Strategy": "Plain", "Partial Mode": "Finalize", "Parallel Aware": false, "Startup Cost": 697917.17, "Total Cost": 697917.18, "Plan Rows": 1, "Plan Width": 8, "Actual Startup Time": 3460.841, "Actual Total Time": 3520.96, "Actual Rows": 1, "Actual Loops": 1, "Plans": [{"Node Type": "Gather", "Parent Relationship": "Outer", "Parallel Aware": false, "Startup Cost": 697916.95, "Total Cost": 697917.16, "Plan Rows": 2, "Plan Width": 8, "Actual Startup Time": 3459.435, "Actual Total Time": 3520.955, "Actual Rows": 3, "Actual Loops": 1, "Workers Planned": 2, "Workers Launched": 2, "Single Copy": false, "Plans": [{"Node Type": "Aggregate", "Strategy": "Plain", "Partial Mode": "Partial", "Parent Relationship": "Outer", "Parallel Aware": false, "Startup Cost": 696916.95, "Total Cost": 696916.96, "Plan Rows": 1, "Plan Width": 8, "Actual Startup Time": 3456.943, "Actual Total Time": 3456.959, "Actual Rows": 1, "Actual Loops": 3, "Plans": [{"Node Type": "Hash Join", "Parent Relationship": "Outer", "Parallel Aware": true, "Join Type": "Inner", "Startup Cost": 617422.1, "Total Cost": 696915.67, "Plan Rows": 512, "Plan Width": 0, "Actual Startup Time": 3270.471, "Actual Total Time": 3452.326, "Actual Rows": 106644, "Actual Loops": 3, "Inner Unique": false, "Hash Cond": "(n.id = an.person_id)", "Plans": [{"Node Type": "Seq Scan", "Parent Relationship": "Outer", "Parallel Aware": true, "Relation Name": "name", "Alias": "n", "Startup Cost": 0.0, "Total Cost": 72979.14, "Plan Rows": 1736614, "Plan Width": 4, "Actual Startup Time": 0.012, "Actual Total Time": 128.358, "Actual Rows": 1389164, "Actual Loops": 3}, {"Node Type": "Hash", "Parent Relationship": "Inner", "Parallel Aware": true, "Startup Cost": 617415.7, "Total Cost": 617415.7, "Plan Rows": 512, "Plan Width": 8, "Actual Startup Time": 2908.412, "Actual Total Time": 2908.426, "Actual Rows": 106644, "Actual Loops": 3, "Hash Buckets": 65536, "Original Hash Buckets": 2048, "Hash Batches": 8, "Original Hash Batches": 1, "Peak Memory Usage": 2272, "Plans": [{"Node Type": "Hash Join", "Parent Relationship": "Outer", "Parallel Aware": true, "Join Type": "Inner", "Startup Cost": 600853.62, "Total Cost": 617415.7, "Plan Rows": 512, "Plan Width": 8, "Actual Startup Time": 2805.241, "Actual Total Time": 2879.933, "Actual Rows": 106644, "Actual Loops": 3, "Inner Unique": false, "Hash Cond": "(an.person_id = ci.person_id)", "Plans": [{"Node Type": "Seq Scan", "Parent Relationship": "Outer", "Parallel Aware": true, "Relation Name": "aka_name", "Alias": "an", "Startup Cost": 0.0, "Total Cost": 15151.6, "Plan Rows": 375560, "Plan Width": 4, "Actual Startup Time": 0.031, "Actual Total Time": 25.941, "Actual Rows": 300448, "Actual Loops": 3}, {"Node Type": "Hash", "Parent Relationship": "Inner", "Parallel Aware": true, "Startup Cost": 600850.85, "Total Cost": 600850.85, "Plan Rows": 222, "Plan Width": 4, "Actual Startup Time": 2805.089, "Actual Total Time": 2805.102, "Actual Rows": 73870, "Actual Loops": 3, "Hash Buckets": 262144, "Original Hash Buckets": 1024, "Hash Batches": 1, "Original Hash Batches": 1, "Peak Memory Usage": 12824, "Plans": [{"Node Type": "Hash Join", "Parent Relationship": "Outer", "Parallel Aware": true, "Join Type": "Inner", "Startup Cost": 140603.35, "Total Cost": 600850.85, "Plan Rows": 222, "Plan Width": 4, "Actual Startup Time": 669.559, "Actual Total Time": 2723.023, "Actual Rows": 73870, "Actual Loops": 3, "Inner Unique": false, "Hash Cond": "(ci.movie_id = t.id)", "Plans": [{"Node Type": "Seq Scan", "Parent Relationship": "Outer", "Parallel Aware": true, "Relation Name": "cast_info", "Alias": "ci", "Startup Cost": 0.0, "Total Cost": 403639.65, "Plan Rows": 15095265, "Plan Width": 8, "Actual Startup Time": 0.011, "Actual Total Time": 858.66, "Actual Rows": 12081448, "Actual Loops": 3}, {"Node Type": "Hash", "Parent Relationship": "Inner", "Parallel Aware": true, "Startup Cost": 140603.23, "Total Cost": 140603.23, "Plan Rows": 10, "Plan Width": 12, "Actual Startup Time": 669.446, "Actual Total Time": 669.454, "Actual Rows": 2846, "Actual Loops": 3, "Hash Buckets": 8192, "Original Hash Buckets": 1024, "Hash Batches": 1, "Original Hash Batches": 1, "Peak Memory Usage": 600, "Plans": [{"Node Type": "Hash Join", "Parent Relationship": "Outer", "Parallel Aware": true, "Join Type": "Inner", "Startup Cost": 106865.0, "Total Cost": 140603.23, "Plan Rows": 10, "Plan Width": 12, "Actual Startup Time": 504.682, "Actual Total Time": 653.242, "Actual Rows": 2846, "Actual Loops": 3, "Inner Unique": true, "Hash Cond": "(mc.company_id = cn.id)", "Plans": [{"Node Type": "Hash Join", "Parent Relationship": "Outer", "Parallel Aware": true, "Join Type": "Inner", "Startup Cost": 101520.49, "Total Cost": 135258.64, "Plan Rows": 30, "Plan Width": 16, "Actual Startup Time": 485.652, "Actual Total Time": 633.358, "Actual Rows": 3802, "Actual Loops": 3, "Inner Unique": false, "Hash Cond": "(mc.movie_id = t.id)", "Plans": [{"Node Type": "Seq Scan", "Parent Relationship": "Outer", "Parallel Aware": true, "Relation Name": "movie_companies", "Alias": "mc", "Startup Cost": 0.0, "Total Cost": 29661.37, "Plan Rows": 1087137, "Plan Width": 8, "Actual Startup Time": 0.01, "Actual Total Time": 66.582, "Actual Rows": 869710, "Actual Loops": 3}, {"Node Type": "Hash", "Parent Relationship": "Inner", "Parallel Aware": true, "Startup Cost": 101520.43, "Total Cost": 101520.43, "Plan Rows": 5, "Plan Width": 8, "Actual Startup Time": 485.367, "Actual Total Time": 485.37, "Actual Rows": 2309, "Actual Loops": 3, "Hash Buckets": 8192, "Original Hash Buckets": 1024, "Hash Batches": 1, "Original Hash Batches": 1, "Peak Memory Usage": 472, "Plans": [{"Node Type": "Hash Join", "Parent Relationship": "Outer", "Parallel Aware": true, "Join Type": "Inner", "Startup Cost": 50878.23, "Total Cost": 101520.43, "Plan Rows": 5, "Plan Width": 8, "Actual Startup Time": 287.2, "Actual Total Time": 441.152, "Actual Rows": 2309, "Actual Loops": 3, "Inner Unique": false, "Hash Cond": "(t.id = mk.movie_id)", "Plans": [{"Node Type": "Seq Scan", "Parent Relationship": "Outer", "Parallel Aware": true, "Relation Name": "title", "Alias": "t", "Startup Cost": 0.0, "Total Cost": 49166.73, "Plan Rows": 393454, "Plan Width": 4, "Actual Startup Time": 0.018, "Actual Total Time": 110.793, "Actual Rows": 315635, "Actual Loops": 3, "Filter": "(episode_nr < 100)", "Rows Removed by Filter": 527135}, {"Node Type": "Hash", "Parent Relationship": "Inner", "Parallel Aware": true, "Startup Cost": 50878.05, "Total Cost": 50878.05, "Plan Rows": 14, "Plan Width": 4, "Actual Startup Time": 287.11, "Actual Total Time": 287.112, "Actual Rows": 13947, "Actual Loops": 3, "Hash Buckets": 65536, "Original Hash Buckets": 1024, "Hash Batches": 1, "Original Hash Batches": 1, "Peak Memory Usage": 2680, "Plans": [{"Node Type": "Hash Join", "Parent Relationship": "Outer", "Parallel Aware": false, "Join Type": "Inner", "Startup Cost": 2626.14, "Total Cost": 50878.05, "Plan Rows": 14, "Plan Width": 4, "Actual Startup Time": 12.722, "Actual Total Time": 254.093, "Actual Rows": 13947, "Actual Loops": 3, "Inner Unique": true, "Hash Cond": "(mk.keyword_id = k.id)", "Plans": [{"Node Type": "Seq Scan", "Parent Relationship": "Outer", "Parallel Aware": true, "Relation Name": "movie_keyword", "Alias": "mk", "Startup Cost": 0.0, "Total Cost": 43303.71, "Plan Rows": 1884971, "Plan Width": 8, "Actual Startup Time": 0.01, "Actual Total Time": 118.483, "Actual Rows": 1507977, "Actual Loops": 3}, {"Node Type": "Hash", "Parent Relationship": "Inner", "Parallel Aware": false, "Startup Cost": 2626.12, "Total Cost": 2626.12, "Plan Rows": 1, "Plan Width": 4, "Actual Startup Time": 12.67, "Actual Total Time": 12.67, "Actual Rows": 1, "Actual Loops": 3, "Hash Buckets": 1024, "Original Hash Buckets": 1024, "Hash Batches": 1, "Original Hash Batches": 1, "Peak Memory Usage": 9, "Plans": [{"Node Type": "Seq Scan", "Parent Relationship": "Outer", "Parallel Aware": false, "Relation Name": "keyword", "Alias": "k", "Startup Cost": 0.0, "Total Cost": 2626.12, "Plan Rows": 1, "Plan Width": 4, "Actual Startup Time": 0.538, "Actual Total Time": 12.666, "Actual Rows": 1, "Actual Loops": 3, "Filter": "((keyword)::text = 'character-name-in-title'::text)", "Rows Removed by Filter": 134169}]}]}]}]}]}]}, {"Node Type": "Hash", "Parent Relationship": "Inner", "Parallel Aware": true, "Startup Cost": 4722.92, "Total Cost": 4722.92, "Plan Rows": 49727, "Plan Width": 4, "Actual Startup Time": 18.598, "Actual Total Time": 18.6, "Actual Rows": 28281, "Actual Loops": 3, "Hash Buckets": 131072, "Original Hash Buckets": 131072, "Hash Batches": 1, "Original Hash Batches": 1, "Peak Memory Usage": 4384, "Plans": [{"Node Type": "Seq Scan", "Parent Relationship": "Outer", "Parallel Aware": true, "Relation Name": "company_name", "Alias": "cn", "Startup Cost": 0.0, "Total Cost": 4722.92, "Plan Rows": 49727, "Plan Width": 4, "Actual Startup Time": 0.018, "Actual Total Time": 12.823, "Actual Rows": 28281, "Actual Loops": 3, "Filter": "((country_code)::text = '[us]'::text)", "Rows Removed by Filter": 50051}]}]}]}]}]}]}]}]}]}]}]}, "Planning Time": 97.769, "Triggers": [], "Execution Time": 3521.038}]
[{"Bao": {"Bao prediction": 2394.205, "Bao recommended hint": "(no hint)"}}, {"Plan": {"Node Type": "Aggregate", "Strategy": "Plain", "Partial Mode": "Finalize", "Parallel Aware": false, "Startup Cost": 787168.13, "Total Cost": 787168.14, "Plan Rows": 1, "Plan Width": 8, "Actual Startup Time": 2784.952, "Actual Total Time": 2834.064, "Actual Rows": 1, "Actual Loops": 1, "Plans": [{"Node Type": "Gather", "Parent Relationship": "Outer", "Parallel Aware": false, "Startup Cost": 787167.91, "Total Cost": 787168.12, "Plan Rows": 2, "Plan Width": 8, "Actual Startup Time": 2784.074, "Actual Total Time": 2834.058, "Actual Rows": 3, "Actual Loops": 1, "Workers Planned": 2, "Workers Launched": 2, "Single Copy": false, "Plans": [{"Node Type": "Aggregate", "Strategy": "Plain", "Partial Mode": "Partial", "Parent Relationship": "Outer", "Parallel Aware": false, "Startup Cost": 786167.91, "Total Cost": 786167.92, "Plan Rows": 1, "Plan Width": 8, "Actual Startup Time": 2781.671, "Actual Total Time": 2781.68, "Actual Rows": 1, "Actual Loops": 3, "Plans": [{"Node Type": "Nested Loop", "Parent Relationship": "Outer", "Parallel Aware": false, "Join Type": "Inner", "Startup Cost": 752428.09, "Total Cost": 786167.91, "Plan Rows": 1, "Plan Width": 0, "Actual Startup Time": 2637.685, "Actual Total Time": 2781.604, "Actual Rows": 1192, "Actual Loops": 3, "Inner Unique": true, "Join Filter": "(mi.movie_id = t.id)", "Rows Removed by Join Filter": 0, "Plans": [{"Node Type": "Nested Loop", "Parent Relationship": "Outer", "Parallel Aware": false, "Join Type": "Inner", "Startup Cost": 752427.66, "Total Cost": 786166.57, "Plan Rows": 1, "Plan Width": 12, "Actual Startup Time": 2637.657, "Actual Total Time": 2778.556, "Actual Rows": 1371, "Actual Loops": 3, "Inner Unique": true, "Plans": [{"Node Type": "Hash Join", "Parent Relationship": "Outer", "Parallel Aware": true, "Join Type": "Inner", "Startup Cost": 752427.24, "Total Cost": 786165.4, "Plan Rows": 1, "Plan Width": 16, "Actual Startup Time": 2636.423, "Actual Total Time": 2771.057, "Actual Rows": 4475, "Actual Loops": 3, "Inner Unique": false, "Hash Cond": "(mc.movie_id = mi.movie_id)", "Plans": [{"Node Type": "Seq Scan", "Parent Relationship": "Outer", "Parallel Aware": true, "Relation Name": "movie_companies", "Alias": "mc", "Startup Cost": 0.0, "Total Cost": 29661.37, "Plan Rows": 1087137, "Plan Width": 8, "Actual Startup Time": 0.017, "Actual Total Time": 63.807, "Actual Rows": 869710, "Actual Loops": 3}, {"Node Type": "Hash", "Parent Relationship": "Inner", "Parallel Aware": true, "Startup Cost": 752427.23, "Total Cost": 752427.23, "Plan Rows": 1, "Plan Width": 8, "Actual Startup Time": 2633.042, "Actual Total Time": 2633.05, "Actual Rows": 1304, "Actual Loops": 3, "Hash Buckets": 4096, "Original Hash Buckets": 1024, "Hash Batches": 1, "Original Hash Batches": 1, "Peak Memory Usage": 280, "Plans": [{"Node Type": "Nested Loop", "Parent Relationship": "Outer", "Parallel Aware": false, "Join Type": "Inner", "Startup Cost": 735866.25, "Total Cost": 752427.23, "Plan Rows": 1, "Plan Width": 8, "Actual Startup Time": 2572.61, "Actual Total Time": 2622.623, "Actual Rows": 1304, "Actual Loops": 3, "Inner Unique": true, "Plans": [{"Node Type": "Hash Join", "Parent Relationship": "Outer", "Parallel Aware": true, "Join Type": "Inner", "Startup Cost": 735865.82, "Total Cost": 752425.77, "Plan Rows": 1, "Plan Width": 12, "Actual Startup Time": 2572.578, "Actual Total Time": 2619.749, "Actual Rows": 1338, "Actual Loops": 3, "Inner Unique": false, "Hash Cond": "(an.person_id = n.id)", "Plans": [{"Node Type": "Seq Scan", "Parent Relationship": "Outer", "Parallel Aware": true, "Relation Name": "aka_name", "Alias": "an", "Startup Cost": 0.0, "Total Cost": 15151.6, "Plan Rows": 375560, "Plan Width": 4, "Actual Startup Time": 0.009, "Actual Total Time": 24.037, "Actual Rows": 300448, "Actual Loops": 3}, {"Node Type": "Hash", "Parent Relationship": "Inner", "Parallel Aware": true, "Startup Cost": 735865.81, "Total Cost": 735865.81, "Plan Rows": 1, "Plan Width": 20, "Actual Startup Time": 2571.779, "Actual Total Time": 2571.785, "Actual Rows": 840, "Actual Loops": 3, "Hash Buckets": 4096, "Original Hash Buckets": 1024, "Hash Batches": 1, "Original Hash Batches": 1, "Peak Memory Usage": 280, "Plans": [{"Node Type": "Nested Loop", "Parent Relationship": "Outer", "Parallel Aware": false, "Join Type": "Inner", "Startup Cost": 480149.95, "Total Cost": 735865.81, "Plan Rows": 1, "Plan Width": 20, "Actual Startup Time": 2378.933, "Actual Total Time": 2518.549, "Actual Rows": 840, "Actual Loops": 3, "Inner Unique": true, "Plans": [{"Node Type": "Hash Join", "Parent Relationship": "Outer", "Parallel Aware": true, "Join Type": "Inner", "Startup Cost": 480149.52, "Total Cost": 735856.34, "Plan Rows": 6, "Plan Width": 16, "Actual Startup Time": 2377.798, "Actual Total Time": 2410.741, "Actual Rows": 49045, "Actual Loops": 3, "Inner Unique": false, "Hash Cond": "(mi.movie_id = ci.movie_id)", "Plans": [{"Node Type": "Hash Join", "Parent Relationship": "Outer", "Parallel Aware": false, "Join Type": "Inner", "Startup Cost": 2.43, "Total Cost": 255704.99, "Plan Rows": 1125, "Plan Width": 4, "Actual Startup Time": 228.16, "Actual Total Time": 838.279, "Actual Rows": 150346, "Actual Loops": 3, "Inner Unique": true, "Hash Cond": "(mi.info_type_id = it.id)", "Plans": [{"Node Type": "Seq Scan", "Parent Relationship": "Outer", "Parallel Aware": true, "Relation Name": "movie_info", "Alias": "mi", "Startup Cost": 0.0, "Total Cost": 255356.52, "Plan Rows": 127064, "Plan Width": 8, "Actual Startup Time": 97.207, "Actual Total Time": 814.89, "Actual Rows": 150368, "Actual Loops": 3, "Filter": "((info IS NOT NULL) AND (((info)::text ~~ 'Japan:%200%'::text) OR ((info)::text ~~ 'USA:%200%'::text)))", "Rows Removed by Filter": 4794872}, {"Node Type": "Hash", "Parent Relationship": "Inner", "Parallel Aware": false, "Startup Cost": 2.41, "Total Cost": 2.41, "Plan Rows": 1, "Plan Width": 4, "Actual Startup Time": 0.038, "Actual Total Time": 0.039, "Actual Rows": 1, "Actual Loops": 3, "Hash Buckets": 1024, "Original Hash Buckets": 1024, "Hash Batches": 1, "Original Hash Batches": 1, "Peak Memory Usage": 9, "Plans": [{"Node Type": "Seq Scan", "Parent Relationship": "Outer", "Parallel Aware": false, "Relation Name": "info_type", "Alias": "it", "Startup Cost": 0.0, "Total Cost": 2.41, "Plan Rows": 1, "Plan Width": 4, "Actual Startup Time": 0.026, "Actual Total Time": 0.036, "Actual Rows": 1, "Actual Loops": 3, "Filter": "((info)::text = 'release dates'::text)", "Rows Removed by Filter": 112}]}]}, {"Node Type": "Hash", "Parent Relationship": "Inner", "Parallel Aware": true, "Startup Cost": 480120.81, "Total Cost": 480120.81, "Plan Rows": 2103, "Plan Width": 12, "Actual Startup Time": 1514.927, "Actual Total Time": 1514.928, "Actual Rows": 92055, "Actual Loops": 3, "Hash Buckets": 65536, "Original Hash Buckets": 8192, "Hash Batches": 8, "Original Hash Batches": 1, "Peak Memory Usage": 2176, "Plans": [{"Node Type": "Hash Join", "Parent Relationship": "Outer", "Parallel Aware": false, "Join Type": "Inner", "Startup Cost": 18.93, "Total Cost": 480120.81, "Plan Rows": 2103, "Plan Width": 12, "Actual Startup Time": 453.884, "Actual Total Time": 1475.138, "Actual Rows": 92055, "Actual Loops": 3, "Inner Unique": true, "Hash Cond": "(ci.role_id = rt.id)", "Plans": [{"Node Type": "Seq Scan", "Parent Relationship": "Outer", "Parallel Aware": true, "Relation Name": "cast_info", "Alias": "ci", "Startup Cost": 0.0, "Total Cost": 479115.98, "Plan Rows": 373356, "Plan Width": 16, "Actual Startup Time": 0.024, "Actual Total Time": 1442.178, "Actual Rows": 289159, "Actual Loops": 3, "Filter": "((note)::text = ANY ('{(voice),\"(voice: Japanese version)\",\"(voice) (uncredited)\",\"(voice: English version)\"}'::text[]))", "Rows Removed by Filter": 11792289}, {"Node Type": "Hash", "Parent Relationship": "Inner", "Parallel Aware": false, "Startup Cost": 18.88, "Total Cost": 18.88, "Plan Rows": 4, "Plan Width": 4, "Actual Startup Time": 0.016, "Actual Total Time": 0.016, "Actual Rows": 1, "Actual Loops": 3, "Hash Buckets": 1024, "Original Hash Buckets": 1024, "Hash Batches": 1, "Original Hash Batches": 1, "Peak Memory Usage": 9, "Plans": [{"Node Type": "Seq Scan", "Parent Relationship": "Outer", "Parallel Aware": false, "Relation Name": "role_type", "Alias": "rt", "Startup Cost": 0.0, "Total Cost": 18.88, "Plan Rows": 4, "Plan Width": 4, "Actual Startup Time": 0.012, "Actual Total Time": 0.013, "Actual Rows": 1, "Actual Loops": 3, "Filter": "((role)::text = 'actress'::text)", "Rows Removed by Filter": 11}]}]}]}]}, {"Node Type": "Index Scan", "Parent Relationship": "Inner", "Parallel Aware": false, "Scan Direction": "Forward", "Index Name": "name_pkey", "Relation Name": "name", "Alias": "n", "Startup Cost": 0.43, "Total Cost": 1.58, "Plan Rows": 1, "Plan Width": 4, "Actual Startup Time": 0.002, "Actual Total Time": 0.002, "Actual Rows": 0, "Actual Loops": 147136, "Index Cond": "(id = ci.person_id)", "Rows Removed by Index Recheck": 0, "Filter": "(((name)::text ~~ '%An%'::text) AND ((gender)::text = 'f'::text))", "Rows Removed by Filter": 1}]}]}]}, {"Node Type": "Index Only Scan", "Parent Relationship": "Inner", "Parallel Aware": false, "Scan Direction": "Forward", "Index Name": "char_name_pkey", "Relation Name": "char_name", "Alias": "chn", "Startup Cost": 0.43, "Total Cost": 1.46, "Plan Rows": 1, "Plan Width": 4, "Actual Startup Time": 0.002, "Actual Total Time": 0.002, "Actual Rows": 1, "Actual Loops": 4014, "Index Cond": "(id = ci.person_role_id)", "Rows Removed by Index Recheck": 0, "Heap Fetches": 3913}]}]}]}, {"Node Type": "Index Scan", "Parent Relationship": "Inner", "Parallel Aware": false, "Scan Direction": "Forward", "Index Name": "company_name_pkey", "Relation Name": "company_name", "Alias": "cn", "Startup Cost": 0.42, "Total Cost": 1.17, "Plan Rows": 1, "Plan Width": 4, "Actual Startup Time": 0.001, "Actual Total Time": 0.001, "Actual Rows": 0, "Actual Loops": 13425, "Index Cond": "(id = mc.company_id)", "Rows Removed by Index Recheck": 0, "Filter": "((country_code)::text = '[us]'::text)", "Rows Removed by Filter": 1}]}, {"Node Type": "Index Scan", "Parent Relationship": "Inner", "Parallel Aware": false, "Scan Direction": "Forward", "Index Name": "title_pkey", "Relation Name": "title", "Alias": "t", "Startup Cost": 0.43, "Total Cost": 1.33, "Plan Rows": 1, "Plan Width": 4, "Actual Startup Time": 0.002, "Actual Total Time": 0.002, "Actual Rows": 1, "Actual Loops": 4113, "Index Cond": "(id = mc.movie_id)", "Rows Removed by Index Recheck": 0, "Filter": "(production_year > 2000)", "Rows Removed by Filter": 0}]}]}]}]}, "Planning Time": 111.799, "Triggers": [], "Execution Time": 2834.205}]
[{"Bao": {"Bao prediction": 1097.538, "Bao recommended hint": "(no hint)"}}, {"Plan": {"Node Type": "Aggregate", "Strategy": "Plain", "Partial Mode": "Finalize", "Parallel Aware": false, "Startup Cost": 340002.36, "Total Cost": 340002.37, "Plan Rows": 1, "Plan Width": 8, "Actual Startup Time": 1374.013, "Actual Total Time": 1396.359, "Actual Rows": 1, "Actual Loops": 1, "Plans": [{"Node Type": "Gather", "Parent Relationship": "Outer", "Parallel Aware": false, "Startup Cost": 340002.15, "Total Cost": 340002.36, "Plan Rows": 2, "Plan Width": 8, "Actual Startup Time": 1373.866, "Actual Total Time": 1396.352, "Actual Rows": 3, "Actual Loops": 1, "Workers Planned": 2, "Workers Launched": 2, "Single Copy": false, "Plans": [{"Node Type": "Aggregate", "Strategy": "Plain", "Partial Mode": "Partial", "Parent Relationship": "Outer", "Parallel Aware": false, "Startup Cost": 339002.15, "Total Cost": 339002.16, "Plan Rows": 1, "Plan Width": 8, "Actual Startup Time": 1371.844, "Actual Total Time": 1371.848, "Actual Rows": 1, "Actual Loops": 3, "Plans": [{"Node Type": "Hash Join", "Parent Relationship": "Outer", "Parallel Aware": false, "Join Type": "Inner", "Startup Cost": 35316.5, "Total Cost": 339001.0, "Plan Rows": 460, "Plan Width": 0, "Actual Startup Time": 193.5, "Actual Total Time": 1371.823, "Actual Rows": 223, "Actual Loops": 3, "Inner Unique": true, "Hash Cond": "(mi.info_type_id = it.id)", "Plans": [{"Node Type": "Nested Loop", "Parent Relationship": "Outer", "Parallel Aware": false, "Join Type": "Inner", "Startup Cost": 35312.96, "Total Cost": 338996.2, "Plan Rows": 460, "Plan Width": 4, "Actual Startup Time": 193.399, "Actual Total Time": 1371.672, "Actual Rows": 223, "Actual Loops": 3, "Inner Unique": true, "Plans": [{"Node Type": "Hash Join", "Parent Relationship": "Outer", "Parallel Aware": true, "Join Type": "Inner", "Startup Cost": 35312.53, "Total Cost": 338539.2, "Plan Rows": 665, "Plan Width": 12, "Actual Startup Time": 193.371, "Actual Total Time": 1369.762, "Actual Rows": 230, "Actual Loops": 3, "Inner Unique": false, "Hash Cond": "(mi.movie_id = mc.movie_id)", "Plans": [{"Node Type": "Seq Scan", "Parent Relationship": "Outer", "Parallel Aware": true, "Relation Name": "movie_info", "Alias": "mi", "Startup Cost": 0.0, "Total Cost": 302038.28, "Plan Rows": 316166, "Plan Width": 8, "Actual Startup Time": 0.572, "Actual Total Time": 1210.451, "Actual Rows": 235558, "Actual Loops": 3, "Filter": "((info)::text = ANY ('{Sweden,Norway,Germany,Denmark,Swedish,Denish,Norwegian,German,USA,American}'::text[]))", "Rows Removed by Filter": 4709682}, {"Node Type": "Hash", "Parent Relationship": "Inner", "Parallel Aware": true, "Startup Cost": 35307.43, "Total Cost": 35307.43, "Plan Rows": 408, "Plan Width": 4, "Actual Startup Time": 141.388, "Actual Total Time": 141.389, "Actual Rows": 266, "Actual Loops": 3, "Hash Buckets": 1024, "Original Hash Buckets": 1024, "Hash Batches": 1, "Original Hash Batches": 1, "Peak Memory Usage": 104, "Plans": [{"Node Type": "Hash Join", "Parent Relationship": "Outer", "Parallel Aware": false, "Join Type": "Inner", "Startup Cost": 18.93, "Total Cost": 35307.43, "Plan Rows": 408, "Plan Width": 4, "Actual Startup Time": 104.229, "Actual Total Time": 141.299, "Actual Rows": 266, "Actual Loops": 3, "Inner Unique": true, "Hash Cond": "(mc.company_type_id = ct.id)", "Plans": [{"Node Type": "Seq Scan", "Parent Relationship": "Outer", "Parallel Aware": true, "Relation Name": "movie_companies", "Alias": "mc", "Startup Cost": 0.0, "Total Cost": 35097.06, "Plan Rows": 72500, "Plan Width": 8, "Actual Startup Time": 0.02, "Actual Total Time": 135.782, "Actual Rows": 98543, "Actual Loops": 3, "Filter": "(((note)::text !~~ '%(TV)%'::text) AND ((note)::text ~~ '%(USA)%'::text))", "Rows Removed by Filter": 771167}, {"Node Type": "Hash", "Parent Relationship": "Inner", "Parallel Aware": false, "Startup Cost": 18.88, "Total Cost": 18.88, "Plan Rows": 4, "Plan Width": 4, "Actual Startup Time": 0.011, "Actual Total Time": 0.012, "Actual Rows": 1, "Actual Loops": 3, "Hash Buckets": 1024, "Original Hash Buckets": 1024, "Hash Batches": 1, "Original Hash Batches": 1, "Peak Memory Usage": 9, "Plans": [{"Node Type": "Seq Scan", "Parent Relationship": "Outer", "Parallel Aware": false, "Relation Name": "company_type", "Alias": "ct", "Startup Cost": 0.0, "Total Cost": 18.88, "Plan Rows": 4, "Plan Width": 4, "Actual Startup Time": 0.009, "Actual Total Time": 0.01, "Actual Rows": 1, "Actual Loops": 3, "Filter": "((kind)::text = 'production companies'::text)", "Rows Removed by Filter": 3}]}]}]}]}, {"Node Type": "Index Scan", "Parent Relationship": "Inner", "Parallel Aware": false, "Scan Direction": "Forward", "Index Name": "title_pkey", "Relation Name": "title", "Alias": "t", "Startup Cost": 0.43, "Total Cost": 0.69, "Plan Rows": 1, "Plan Width": 4, "Actual Startup Time": 0.008, "Actual Total Time": 0.008, "Actual Rows": 1, "Actual Loops": 691, "Index Cond": "(id = mi.movie_id)", "Rows Removed by Index Recheck": 0, "Filter": "(production_year > 1990)", "Rows Removed by Filter": 0}]}, {"Node Type": "Hash", "Parent Relationship": "Inner", "Parallel Aware": false, "Startup Cost": 2.13, "Total Cost": 2.13, "Plan Rows": 113, "Plan Width": 4, "Actual Startup Time": 0.043, "Actual Total Time": 0.043, "Actual Rows": 113, "Actual Loops": 3, "Hash Buckets": 1024, "Original Hash Buckets": 1024, "Hash Batches": 1, "Original Hash Batches": 1, "Peak Memory Usage": 12, "Plans": [{"Node Type": "Seq Scan", "Parent Relationship": "Outer", "Parallel Aware": false, "Relation Name": "info_type", "Alias": "it", "Startup Cost": 0.0, "Total Cost": 2.13, "Plan Rows": 113, "Plan Width": 4, "Actual Startup Time": 0.013, "Actual Total Time": 0.021, "Actual Rows": 113, "Actual Loops": 3}]}]}]}]}]}, "Planning Time": 79.302, "Triggers": [], "Execution Time": 1396.421}]
[{"Bao": {"Bao prediction": 2835.318, "Bao recommended hint": "(no hint)"}}, {"Plan": {"Node Type": "Aggregate", "Strategy": "Plain", "Partial Mode": "Simple", "Parallel Aware": false, "Startup Cost": 871542.26, "Total Cost": 871542.27, "Plan Rows": 1, "Plan Width": 8, "Actual Startup Time": 3396.058, "Actual Total Time": 3446.081, "Actual Rows": 1, "Actual Loops": 1, "Plans": [{"Node Type": "Gather", "Parent Relationship": "Outer", "Parallel Aware": false, "Startup Cost": 821164.29, "Total Cost": 871542.26, "Plan Rows": 1, "Plan Width": 0, "Actual Startup Time": 3157.153, "Actual Total Time": 3445.942, "Actual Rows": 2825, "Actual Loops": 1, "Workers Planned": 2, "Workers Launched": 2, "Single Copy": false, "Plans": [{"Node Type": "Nested Loop", "Parent Relationship": "Outer", "Parallel Aware": false, "Join Type": "Inner", "Startup Cost": 820164.29, "Total Cost": 870542.16, "Plan Rows": 1, "Plan Width": 0, "Actual Startup Time": 3147.387, "Actual Total Time": 3391.904, "Actual Rows": 942, "Actual Loops": 3, "Inner Unique": true, "Plans": [{"Node Type": "Nested Loop", "Parent Relationship": "Outer", "Parallel Aware": false, "Join Type": "Inner", "Startup Cost": 820163.86, "Total Cost": 870540.81, "Plan Rows": 1, "Plan Width": 4, "Actual Startup Time": 3147.349, "Actual Total Time": 3389.484, "Actual Rows": 942, "Actual Loops": 3, "Inner Unique": true, "Plans": [{"Node Type": "Hash Join", "Parent Relationship": "Outer", "Parallel Aware": true, "Join Type": "Inner", "Startup Cost": 820163.44, "Total Cost": 870535.8, "Plan Rows": 5, "Plan Width": 8, "Actual Startup Time": 3145.768, "Actual Total Time": 3331.317, "Actual Rows": 35802, "Actual Loops": 3, "Inner Unique": false, "Hash Cond": "(mk.movie_id = t.id)", "Plans": [{"Node Type": "Seq Scan", "Parent Relationship": "Outer", "Parallel Aware": true, "Relation Name": "movie_keyword", "Alias": "mk", "Startup Cost": 0.0, "Total Cost": 43303.71, "Plan Rows": 1884971, "Plan Width": 8, "Actual Startup Time": 0.009, "Actual Total Time": 102.685, "Actual Rows": 1507977, "Actual Loops": 3}, {"Node Type": "Hash", "Parent Relationship": "Inner", "Parallel Aware": true, "Startup Cost": 820163.42, "Total Cost": 820163.42, "Plan Rows": 1, "Plan Width": 24, "Actual Startup Time": 3107.987, "Actual Total Time": 3107.996, "Actual Rows": 339, "Actual Loops": 3, "Hash Buckets": 1024, "Original Hash Buckets": 1024, "Hash Batches": 1, "Original Hash Batches": 1, "Peak Memory Usage": 104, "Plans": [{"Node Type": "Nested Loop", "Parent Relationship": "Outer", "Parallel Aware": false, "Join Type": "Inner", "Startup Cost": 786357.62, "Total Cost": 820163.42, "Plan Rows": 1, "Plan Width": 24, "Actual Startup Time": 2746.375, "Actual Total Time": 3107.8, "Actual Rows": 339, "Actual Loops": 3, "Inner Unique": true, "Join Filter": "(mi.movie_id = t.id)", "Rows Removed by Join Filter": 0, "Plans": [{"Node Type": "Nested Loop", "Parent Relationship": "Outer", "Parallel Aware": false, "Join Type": "Inner", "Startup Cost": 786357.19, "Total Cost": 820162.26, "Plan Rows": 1, "Plan Width": 20, "Actual Startup Time": 2746.336, "Actual Total Time": 3106.657, "Actual Rows": 339, "Actual Loops": 3, "Inner Unique": true, "Plans": [{"Node Type": "Hash Join", "Parent Relationship": "Outer", "Parallel Aware": true, "Join Type": "Inner", "Startup Cost": 786356.77, "Total Cost": 820095.45, "Plan Rows": 68, "Plan Width": 24, "Actual Startup Time": 2720.125, "Actual Total Time": 2895.822, "Actual Rows": 124952, "Actual Loops": 3, "Inner Unique": false, "Hash Cond": "(mc.movie_id = mi.movie_id)", "Plans": [{"Node Type": "Seq Scan", "Parent Relationship": "Outer", "Parallel Aware": true, "Relation Name": "movie_companies", "Alias": "mc", "Startup Cost": 0.0, "Total Cost": 29661.37, "Plan Rows": 1087137, "Plan Width": 8, "Actual Startup Time": 0.02, "Actual Total Time": 62.882, "Actual Rows": 869710, "Actual Loops": 3}, {"Node Type": "Hash", "Parent Relationship": "Inner", "Parallel Aware": true, "Startup Cost": 786356.49, "Total Cost": 786356.49, "Plan Rows": 23, "Plan Width": 16, "Actual Startup Time": 2719.646, "Actual Total Time": 2719.653, "Actual Rows": 18052, "Actual Loops": 3, "Hash Buckets": 65536, "Original Hash Buckets": 1024, "Hash Batches": 1, "Original Hash Batches": 1, "Peak Memory Usage": 3608, "Plans": [{"Node Type": "Hash Join", "Parent Relationship": "Outer", "Parallel Aware": true, "Join Type": "Inner", "Startup Cost": 286435.36, "Total Cost": 786356.49, "Plan Rows": 23, "Plan Width": 16, "Actual Startup Time": 1764.024, "Actual Total Time": 2696.771, "Actual Rows": 18052, "Actual Loops": 3, "Inner Unique": false, "Hash Cond": "(ci.movie_id = mi.movie_id)", "Plans": [{"Node Type": "Seq Scan", "Parent Relationship": "Outer", "Parallel Aware": true, "Relation Name": "cast_info", "Alias": "ci", "Startup Cost": 0.0, "Total Cost": 497985.06, "Plan Rows": 516258, "Plan Width": 8, "Actual Startup Time": 86.864, "Actual Total Time": 1418.15, "Actual Rows": 414905, "Actual Loops": 3, "Filter": "((note)::text = ANY ('{(writer),\"(head writer)\",\"(written by)\",(story),\"(story editor)\"}'::text[]))", "Rows Removed by Filter": 11666543}, {"Node Type": "Hash", "Parent Relationship": "Inner", "Parallel Aware": true, "Startup Cost": 286435.15, "Total Cost": 286435.15, "Plan Rows": 17, "Plan Width": 8, "Actual Startup Time": 1223.693, "Actual Total Time": 1223.698, "Actual Rows": 34172, "Actual Loops": 3, "Hash Buckets": 131072, "Original Hash Buckets": 1024, "Hash Batches": 1, "Original Hash Batches": 1, "Peak Memory Usage": 6072, "Plans": [{"Node Type": "Hash Join", "Parent Relationship": "Outer", "Parallel Aware": true, "Join Type": "Inner", "Startup Cost": 15319.64, "Total Cost": 286435.15, "Plan Rows": 17, "Plan Width": 8, "Actual Startup Time": 1173.944, "Actual Total Time": 1206.676, "Actual Rows": 34172, "Actual Loops": 3, "Inner Unique": false, "Hash Cond": "(mi.movie_id = mi_idx.movie_id)", "Plans": [{"Node Type": "Hash Join", "Parent Relationship": "Outer", "Parallel Aware": false, "Join Type": "Inner", "Startup Cost": 2.43, "Total Cost": 271115.48, "Plan Rows": 637, "Plan Width": 4, "Actual Startup Time": 906.058, "Actual Total Time": 1028.628, "Actual Rows": 62198, "Actual Loops": 3, "Inner Unique": true, "Hash Cond": "(mi.info_type_id = it1.id)", "Plans": [{"Node Type": "Seq Scan", "Parent Relationship": "Outer", "Parallel Aware": true, "Relation Name": "movie_info", "Alias": "mi", "Startup Cost": 0.0, "Total Cost": 270917.11, "Plan Rows": 71947, "Plan Width": 8, "Actual Startup Time": 581.322, "Actual Total Time": 1020.095, "Actual Rows": 62990, "Actual Loops": 3, "Filter": "((info)::text = ANY ('{Horror,Action,Sci-Fi,Thriller,Crime,War}'::text[]))", "Rows Removed by Filter": 4882250}, {"Node Type": "Hash", "Parent Relationship": "Inner", "Parallel Aware": false, "Startup Cost": 2.41, "Total Cost": 2.41, "Plan Rows": 1, "Plan Width": 4, "Actual Startup Time": 0.02, "Actual Total Time": 0.021, "Actual Rows": 1, "Actual Loops": 3, "Hash Buckets": 1024, "Original Hash Buckets": 1024, "Hash Batches": 1, "Original Hash Batches": 1, "Peak Memory Usage": 9, "Plans": [{"Node Type": "Seq Scan", "Parent Relationship": "Outer", "Parallel Aware": false, "Relation Name": "info_type", "Alias": "it1", "Startup Cost": 0.0, "Total Cost": 2.41, "Plan Rows": 1, "Plan Width": 4, "Actual Startup Time": 0.01, "Actual Total Time": 0.018, "Actual Rows": 1, "Actual Loops": 3, "Filter": "((info)::text = 'genres'::text)", "Rows Removed by Filter": 112}]}]}, {"Node Type": "Hash", "Parent Relationship": "Inner", "Parallel Aware": true, "Startup Cost": 15253.6, "Total Cost": 15253.6, "Plan Rows": 5089, "Plan Width": 4, "Actual Startup Time": 131.181, "Actual Total Time": 131.182, "Actual Rows": 153308, "Actual Loops": 3, "Hash Buckets": 131072, "Original Hash Buckets": 16384, "Hash Batches": 8, "Original Hash Batches": 1, "Peak Memory Usage": 3360, "Plans": [{"Node Type": "Hash Join", "Parent Relationship": "Outer", "Parallel Aware": false, "Join Type": "Inner", "Startup Cost": 2.43, "Total Cost": 15253.6, "Plan Rows": 5089, "Plan Width": 4, "Actual Startup Time": 0.05, "Actual Total Time": 89.192, "Actual Rows": 153308, "Actual Loops": 3, "Inner Unique": true, "Hash Cond": "(mi_idx.info_type_id = it2.id)", "Plans": [{"Node Type": "Seq Scan", "Parent Relationship": "Outer", "Parallel Aware": true, "Relation Name": "movie_info_idx", "Alias": "mi_idx", "Startup Cost": 0.0, "Total Cost": 13685.15, "Plan Rows": 575015, "Plan Width": 8, "Actual Startup Time": 0.014, "Actual Total Time": 36.618, "Actual Rows": 460012, "Actual Loops": 3}, {"Node Type": "Hash", "Parent Relationship": "Inner", "Parallel Aware": false, "Startup Cost": 2.41, "Total Cost": 2.41, "Plan Rows": 1, "Plan Width": 4, "Actual Startup Time": 0.025, "Actual Total Time": 0.025, "Actual Rows": 1, "Actual Loops": 3, "Hash Buckets": 1024, "Original Hash Buckets": 1024, "Hash Batches": 1, "Original Hash Batches": 1, "Peak Memory Usage": 9, "Plans": [{"Node Type": "Seq Scan", "Parent Relationship": "Outer", "Parallel Aware": false, "Relation Name": "info_type", "Alias": "it2", "Startup Cost": 0.0, "Total Cost": 2.41, "Plan Rows": 1, "Plan Width": 4, "Actual Startup Time": 0.02, "Actual Total Time": 0.021, "Actual Rows": 1, "Actual Loops": 3, "Filter": "((info)::text = 'votes'::text)", "Rows Removed by Filter": 112}]}]}]}]}]}]}]}]}, {"Node Type": "Index Scan", "Parent Relationship": "Inner", "Parallel Aware": false, "Scan Direction": "Forward", "Index Name": "company_name_pkey", "Relation Name": "company_name", "Alias": "cn", "Startup Cost": 0.42, "Total Cost": 0.98, "Plan Rows": 1, "Plan Width": 4, "Actual Startup Time": 0.002, "Actual Total Time": 0.002, "Actual Rows": 0, "Actual Loops": 374857, "Index Cond": "(id = mc.company_id)", "Rows Removed by Index Recheck": 0, "Filter": "((name)::text ~~ 'Lionsgate%'::text)", "Rows Removed by Filter": 1}]}, {"Node Type": "Index Only Scan", "Parent Relationship": "Inner", "Parallel Aware": false, "Scan Direction": "Forward", "Index Name": "title_pkey", "Relation Name": "title", "Alias": "t", "Startup Cost": 0.43, "Total Cost": 1.15, "Plan Rows": 1, "Plan Width": 4, "Actual Startup Time": 0.003, "Actual Total Time": 0.003, "Actual Rows": 1, "Actual Loops": 1017, "Index Cond": "(id = mc.movie_id)", "Rows Removed by Index Recheck": 0, "Heap Fetches": 1017}]}]}]}, {"Node Type": "Index Scan", "Parent Relationship": "Inner", "Parallel Aware": false, "Scan Direction": "Forward", "Index Name": "keyword_pkey", "Relation Name": "keyword", "Alias": "k", "Startup Cost": 0.42, "Total Cost": 0.98, "Plan Rows": 1, "Plan Width": 4, "Actual Startup Time": 0.001, "Actual Total Time": 0.001, "Actual Rows": 0, "Actual Loops": 107406, "Index Cond": "(id = mk.keyword_id)", "Rows Removed by Index Recheck": 0, "Filter": "((keyword)::text = ANY ('{murder,violence,blood,gore,death,female-nudity,hospital}'::text[]))", "Rows Removed by Filter": 1}]}, {"Node Type": "Index Only Scan", "Parent Relationship": "Inner", "Parallel Aware": false, "Scan Direction": "Forward", "Index Name": "name_pkey", "Relation Name": "name", "Alias": "n", "Startup Cost": 0.43, "Total Cost": 1.34, "Plan Rows": 1, "Plan Width": 4, "Actual Startup Time": 0.002, "Actual Total Time": 0.002, "Actual Rows": 1, "Actual Loops": 2825, "Index Cond": "(id = ci.person_id)", "Rows Removed by Index Recheck": 0, "Heap Fetches": 2825}]}]}]}, "Planning Time": 162.337, "Triggers": [], "Execution Time": 3446.254}]
[{"Bao": {"Bao prediction": 1878.33, "Bao recommended hint": "(no hint)"}}, {"Plan": {"Node Type": "Aggregate", "Strategy": "Plain", "Partial Mode": "Finalize", "Parallel Aware": false, "Startup Cost": 562438.7, "Total Cost": 562438.71, "Plan Rows": 1, "Plan Width": 8, "Actual Startup Time": 2110.328, "Actual Total Time": 2146.418, "Actual Rows": 1, "Actual Loops": 1, "Plans": [{"Node Type": "Gather", "Parent Relationship": "Outer", "Parallel Aware": false, "Startup Cost": 562438.49, "Total Cost": 562438.7, "Plan Rows": 2, "Plan Width": 8, "Actual Startup Time": 2110.234, "Actual Total Time": 2146.412, "Actual Rows": 3, "Actual Loops": 1, "Workers Planned": 2, "Workers Launched": 2, "Single Copy": false, "Plans": [{"Node Type": "Aggregate", "Strategy": "Plain", "Partial Mode": "Partial", "Parent Relationship": "Outer", "Parallel Aware": false, "Startup Cost": 561438.49, "Total Cost": 561438.5, "Plan Rows": 1, "Plan Width": 8, "Actual Startup Time": 2107.996, "Actual Total Time": 2108.004, "Actual Rows": 1, "Actual Loops": 3, "Plans": [{"Node Type": "Hash Join", "Parent Relationship": "Outer", "Parallel Aware": true, "Join Type": "Inner", "Startup Cost": 544878.44, "Total Cost": 561438.4, "Plan Rows": 36, "Plan Width": 0, "Actual Startup Time": 2063.404, "Actual Total Time": 2107.99, "Actual Rows": 128, "Actual Loops": 3, "Inner Unique": false, "Hash Cond": "(an.person_id = n.id)", "Plans": [{"Node Type": "Seq Scan", "Parent Relationship": "Outer", "Parallel Aware": true, "Relation Name": "aka_name", "Alias": "an", "Startup Cost": 0.0, "Total Cost": 15151.6, "Plan Rows": 375560, "Plan Width": 4, "Actual Startup Time": 0.01, "Actual Total Time": 23.916, "Actual Rows": 300448, "Actual Loops": 3}, {"Node Type": "Hash", "Parent Relationship": "Inner", "Parallel Aware": true, "Startup Cost": 544878.24, "Total Cost": 544878.24, "Plan Rows": 16, "Plan Width": 8, "Actual Startup Time": 2061.667, "Actual Total Time": 2061.673, "Actual Rows": 108, "Actual Loops": 3, "Hash Buckets": 1024, "Original Hash Buckets": 1024, "Hash Batches": 1, "Original Hash Batches": 1, "Peak Memory Usage": 104, "Plans": [{"Node Type": "Nested Loop", "Parent Relationship": "Outer", "Parallel Aware": false, "Join Type": "Inner", "Startup Cost": 84624.43, "Total Cost": 544878.24, "Plan Rows": 16, "Plan Width": 8, "Actual Startup Time": 396.077, "Actual Total Time": 2061.586, "Actual Rows": 108, "Actual Loops": 3, "Inner Unique": true, "Plans": [{"Node Type": "Hash Join", "Parent Relationship": "Outer", "Parallel Aware": true, "Join Type": "Inner", "Startup Cost": 84624.0, "Total Cost": 544870.96, "Plan Rows": 16, "Plan Width": 4, "Actual Startup Time": 396.031, "Actual Total Time": 2060.496, "Actual Rows": 108, "Actual Loops": 3, "Inner Unique": false, "Hash Cond": "(ci.movie_id = t.id)", "Plans": [{"Node Type": "Seq Scan", "Parent Relationship": "Outer", "Parallel Aware": true, "Relation Name": "cast_info", "Alias": "ci", "Startup Cost": 0.0, "Total Cost": 403639.65, "Plan Rows": 15095265, "Plan Width": 8, "Actual Startup Time": 0.012, "Actual Total Time": 834.515, "Actual Rows": 12081448, "Actual Loops": 3}, {"Node Type": "Hash", "Parent Relationship": "Inner", "Parallel Aware": true, "Startup Cost": 84623.99, "Total Cost": 84623.99, "Plan Rows": 1, "Plan Width": 12, "Actual Startup Time": 376.205, "Actual Total Time": 376.21, "Actual Rows": 8, "Actual Loops": 3, "Hash Buckets": 1024, "Original Hash Buckets": 1024, "Hash Batches": 1, "Original Hash Batches": 1, "Peak Memory Usage": 104, "Plans": [{"Node Type": "Nested Loop", "Parent Relationship": "Outer", "Parallel Aware": false, "Join Type": "Inner", "Startup Cost": 50885.38, "Total Cost": 84623.99, "Plan Rows": 1, "Plan Width": 12, "Actual Startup Time": 257.531, "Actual Total Time": 376.115, "Actual Rows": 8, "Actual Loops": 3, "Inner Unique": true, "Plans": [{"Node Type": "Hash Join", "Parent Relationship": "Outer", "Parallel Aware": true, "Join Type": "Inner", "Startup Cost": 50884.96, "Total Cost": 84623.1, "Plan Rows": 2, "Plan Width": 16, "Actual Startup Time": 254.806, "Actual Total Time": 375.986, "Actual Rows": 18, "Actual Loops": 3, "Inner Unique": false, "Hash Cond": "(mc.movie_id = t.id)", "Plans": [{"Node Type": "Seq Scan", "Parent Relationship": "Outer", "Parallel Aware": true, "Relation Name": "movie_companies", "Alias": "mc", "Startup Cost": 0.0, "Total Cost": 29661.37, "Plan Rows": 1087137, "Plan Width": 8, "Actual Startup Time": 0.01, "Actual Total Time": 62.038, "Actual Rows": 869710, "Actual Loops": 3}, {"Node Type": "Hash", "Parent Relationship": "Inner", "Parallel Aware": true, "Startup Cost": 50884.94, "Total Cost": 50884.94, "Plan Rows": 1, "Plan Width": 8, "Actual Startup Time": 252.733, "Actual Total Time": 252.735, "Actual Rows": 49, "Actual Loops": 3, "Hash Buckets": 1024, "Original Hash Buckets": 1024, "Hash Batches": 1, "Original Hash Batches": 1, "Peak Memory Usage": 104, "Plans": [{"Node Type": "Nested Loop", "Parent Relationship": "Outer", "Parallel Aware": false, "Join Type": "Inner", "Startup Cost": 2626.57, "Total Cost": 50884.94, "Plan Rows": 1, "Plan Width": 8, "Actual Startup Time": 14.231, "Actual Total Time": 252.66, "Actual Rows": 49, "Actual Loops": 3, "Inner Unique": true, "Plans": [{"Node Type": "Hash Join", "Parent Relationship": "Outer", "Parallel Aware": false, "Join Type": "Inner", "Startup Cost": 2626.14, "Total Cost": 50878.05, "Plan Rows": 14, "Plan Width": 4, "Actual Startup Time": 11.21, "Actual Total Time": 213.994, "Actual Rows": 13947, "Actual Loops": 3, "Inner Unique": true, "Hash Cond": "(mk.keyword_id = k.id)", "Plans": [{"Node Type": "Seq Scan", "Parent Relationship": "Outer", "Parallel Aware": true, "Relation Name": "movie_keyword", "Alias": "mk", "Startup Cost": 0.0, "Total Cost": 43303.71, "Plan Rows": 1884971, "Plan Width": 8, "Actual Startup Time": 0.011, "Actual Total Time": 98.402, "Actual Rows": 1507977, "Actual Loops": 3}, {"Node Type": "Hash", "Parent Relationship": "Inner", "Parallel Aware": false, "Startup Cost": 2626.12, "Total Cost": 2626.12, "Plan Rows": 1, "Plan Width": 4, "Actual Startup Time": 11.153, "Actual Total Time": 11.154, "Actual Rows": 1, "Actual Loops": 3, "Hash Buckets": 1024, "Original Hash Buckets": 1024, "Hash Batches": 1, "Original Hash Batches": 1, "Peak Memory Usage": 9, "Plans": [{"Node Type": "Seq Scan", "Parent Relationship": "Outer", "Parallel Aware": false, "Relation Name": "keyword", "Alias": "k", "Startup Cost": 0.0, "Total Cost": 2626.12, "Plan Rows": 1, "Plan Width": 4, "Actual Startup Time": 0.517, "Actual Total Time": 11.15, "Actual Rows": 1, "Actual Loops": 3, "Filter": "((keyword)::text = 'character-name-in-title'::text)", "Rows Removed by Filter": 134169}]}]}, {"Node Type": "Index Scan", "Parent Relationship": "Inner", "Parallel Aware": false, "Scan Direction": "Forward", "Index Name": "title_pkey", "Relation Name": "title", "Alias": "t", "Startup Cost": 0.43, "Total Cost": 0.49, "Plan Rows": 1, "Plan Width": 4, "Actual Startup Time": 0.003, "Actual Total Time": 0.003, "Actual Rows": 0, "Actual Loops": 41840, "Index Cond": "(id = mk.movie_id)", "Rows Removed by Index Recheck": 0, "Filter": "((episode_nr >= 50) AND (episode_nr < 100))", "Rows Removed by Filter": 1}]}]}]}, {"Node Type": "Index Scan", "Parent Relationship": "Inner", "Parallel Aware": false, "Scan Direction": "Forward", "Index Name": "company_name_pkey", "Relation Name": "company_name", "Alias": "cn", "Startup Cost": 0.42, "Total Cost": 0.45, "Plan Rows": 1, "Plan Width": 4, "Actual Startup Time": 0.006, "Actual Total Time": 0.006, "Actual Rows": 0, "Actual Loops": 54, "Index Cond": "(id = mc.company_id)", "Rows Removed by Index Recheck": 0, "Filter": "((country_code)::text = '[us]'::text)", "Rows Removed by Filter": 1}]}]}]}, {"Node Type": "Index Only Scan", "Parent Relationship": "Inner", "Parallel Aware": false, "Scan Direction": "Forward", "Index Name": "name_pkey", "Relation Name": "name", "Alias": "n", "Startup Cost": 0.43, "Total Cost": 0.46, "Plan Rows": 1, "Plan Width": 4, "Actual Startup Time": 0.009, "Actual Total Time": 0.009, "Actual Rows": 1, "Actual Loops": 323, "Index Cond": "(id = ci.person_id)", "Rows Removed by Index Recheck": 0, "Heap Fetches": 323}]}]}]}]}]}]}, "Planning Time": 88.705, "Triggers": [], "Execution Time": 2146.522}]
[{"Bao": {"Bao prediction": 1034.597, "Bao recommended hint": "SET enable_mergejoin TO off; "}}, {"Plan": {"Node Type": "Aggregate", "Strategy": "Plain", "Partial Mode": "Finalize", "Parallel Aware": false, "Startup Cost": 342936.71, "Total Cost": 342936.72, "Plan Rows": 1, "Plan Width": 8, "Actual Startup Time": 798.627, "Actual Total Time": 824.672, "Actual Rows": 1, "Actual Loops": 1, "Plans": [{"Node Type": "Gather", "Parent Relationship": "Outer", "Parallel Aware": false, "Startup Cost": 342936.5, "Total Cost": 342936.71, "Plan Rows": 2, "Plan Width": 8, "Actual Startup Time": 798.467, "Actual Total Time": 824.667, "Actual Rows": 3, "Actual Loops": 1, "Workers Planned": 2, "Workers Launched": 2, "Single Copy": false, "Plans": [{"Node Type": "Aggregate", "Strategy": "Plain", "Partial Mode": "Partial", "Parent Relationship": "Outer", "Parallel Aware": false, "Startup Cost": 341936.5, "Total Cost": 341936.51, "Plan Rows": 1, "Plan Width": 8, "Actual Startup Time": 795.955, "Actual Total Time": 795.965, "Actual Rows": 1, "Actual Loops": 3, "Plans": [{"Node Type": "Nested Loop", "Parent Relationship": "Outer", "Parallel Aware": false, "Join Type": "Inner", "Startup Cost": 291564.1, "Total Cost": 341936.5, "Plan Rows": 1, "Plan Width": 0, "Actual Startup Time": 783.439, "Actual Total Time": 795.959, "Actual Rows": 5, "Actual Loops": 3, "Inner Unique": true, "Plans": [{"Node Type": "Hash Join", "Parent Relationship": "Outer", "Parallel Aware": true, "Join Type": "Inner", "Startup Cost": 291563.68, "Total Cost": 341936.04, "Plan Rows": 1, "Plan Width": 4, "Actual Startup Time": 770.501, "Actual Total Time": 795.542, "Actual Rows": 206, "Actual Loops": 3, "Inner Unique": false, "Hash Cond": "(mk.movie_id = t.id)", "Plans": [{"Node Type": "Seq Scan", "Parent Relationship": "Outer", "Parallel Aware": true, "Relation Name": "movie_keyword", "Alias": "mk", "Startup Cost": 0.0, "Total Cost": 43303.71, "Plan Rows": 1884971, "Plan Width": 8, "Actual Startup Time": 0.016, "Actual Total Time": 102.268, "Actual Rows": 1507977, "Actual Loops": 3}, {"Node Type": "Hash", "Parent Relationship": "Inner", "Parallel Aware": true, "Startup Cost": 291563.67, "Total Cost": 291563.67, "Plan Rows": 1, "Plan Width": 16, "Actual Startup Time": 592.885, "Actual Total Time": 592.893, "Actual Rows": 2, "Actual Loops": 3, "Hash Buckets": 1024, "Original Hash Buckets": 1024, "Hash Batches": 1, "Original Hash Batches": 1, "Peak Memory Usage": 72, "Plans": [{"Node Type": "Nested Loop", "Parent Relationship": "Outer", "Parallel Aware": false, "Join Type": "Inner", "Startup Cost": 257825.2, "Total Cost": 291563.67, "Plan Rows": 1, "Plan Width": 16, "Actual Startup Time": 567.288, "Actual Total Time": 592.829, "Actual Rows": 2, "Actual Loops": 3, "Inner Unique": true, "Plans": [{"Node Type": "Nested Loop", "Parent Relationship": "Outer", "Parallel Aware": false, "Join Type": "Inner", "Startup Cost": 257825.05, "Total Cost": 291563.49, "Plan Rows": 1, "Plan Width": 20, "Actual Startup Time": 567.278, "Actual Total Time": 592.816, "Actual Rows": 2, "Actual Loops": 3, "Inner Unique": true, "Join Filter": "(mi.movie_id = t.id)", "Rows Removed by Join Filter": 0, "Plans": [{"Node Type": "Nested Loop", "Parent Relationship": "Outer", "Parallel Aware": false, "Join Type": "Inner", "Startup Cost": 257824.62, "Total Cost": 291562.96, "Plan Rows": 1, "Plan Width": 12, "Actual Startup Time": 567.263, "Actual Total Time": 592.797, "Actual Rows": 2, "Actual Loops": 3, "Inner Unique": true, "Plans": [{"Node Type": "Nested Loop", "Parent Relationship": "Outer", "Parallel Aware": false, "Join Type": "Inner", "Startup Cost": 257824.48, "Total Cost": 291562.67, "Plan Rows": 1, "Plan Width": 16, "Actual Startup Time": 567.259, "Actual Total Time": 592.791, "Actual Rows": 2, "Actual Loops": 3, "Inner Unique": true, "Plans": [{"Node Type": "Nested Loop", "Parent Relationship": "Outer", "Parallel Aware": false, "Join Type": "Inner", "Startup Cost": 257824.33, "Total Cost": 291562.51, "Plan Rows": 1, "Plan Width": 20, "Actual Startup Time": 567.245, "Actual Total Time": 592.774, "Actual Rows": 2, "Actual Loops": 3, "Inner Unique": true, "Plans": [{"Node Type": "Hash Join", "Parent Relationship": "Outer", "Parallel Aware": true, "Join Type": "Inner", "Startup Cost": 257823.91, "Total Cost": 291562.06, "Plan Rows": 1, "Plan Width": 24, "Actual Startup Time": 567.225, "Actual Total Time": 592.75, "Actual Rows": 2, "Actual Loops": 3, "Inner Unique": false, "Hash Cond": "(mc.movie_id = mi.movie_id)", "Plans": [{"Node Type": "Seq Scan", "Parent Relationship": "Outer", "Parallel Aware": true, "Relation Name": "movie_companies", "Alias": "mc", "Startup Cost": 0.0, "Total Cost": 29661.37, "Plan Rows": 1087137, "Plan Width": 12, "Actual Startup Time": 0.008, "Actual Total Time": 60.596, "Actual Rows": 869710, "Actual Loops": 3}, {"Node Type": "Hash", "Parent Relationship": "Inner", "Parallel Aware": true, "Startup Cost": 257823.89, "Total Cost": 257823.89, "Plan Rows": 1, "Plan Width": 12, "Actual Startup Time": 473.039, "Actual Total Time": 473.041, "Actual Rows": 2, "Actual Loops": 3, "Hash Buckets": 1024, "Original Hash Buckets": 1024, "Hash Batches": 1, "Original Hash Batches": 1, "Peak Memory Usage": 40, "Plans": [{"Node Type": "Hash Join", "Parent Relationship": "Outer", "Parallel Aware": false, "Join Type": "Inner", "Startup Cost": 2467.01, "Total Cost": 257823.89, "Plan Rows": 1, "Plan Width": 12, "Actual Startup Time": 392.238, "Actual Total Time": 473.019, "Actual Rows": 2, "Actual Loops": 3, "Inner Unique": false, "Hash Cond": "(mi.movie_id = cc.movie_id)", "Plans": [{"Node Type": "Seq Scan", "Parent Relationship": "Outer", "Parallel Aware": true, "Relation Name": "movie_info", "Alias": "mi", "Startup Cost": 0.0, "Total Cost": 255356.52, "Plan Rows": 94, "Plan Width": 8, "Actual Startup Time": 122.038, "Actual Total Time": 449.889, "Actual Rows": 590, "Actual Loops": 3, "Filter": "(((note)::text ~~ '%internet%'::text) AND ((info)::text ~~ 'USA:% 200%'::text))", "Rows Removed by Filter": 4944650}, {"Node Type": "Hash", "Parent Relationship": "Inner", "Parallel Aware": false, "Startup Cost": 2457.5, "Total Cost": 2457.5, "Plan Rows": 761, "Plan Width": 4, "Actual Startup Time": 22.946, "Actual Total Time": 22.948, "Actual Rows": 24592, "Actual Loops": 3, "Hash Buckets": 32768, "Original Hash Buckets": 1024, "Hash Batches": 1, "Original Hash Batches": 1, "Peak Memory Usage": 1121, "Plans": [{"Node Type": "Hash Join", "Parent Relationship": "Outer", "Parallel Aware": false, "Join Type": "Inner", "Startup Cost": 18.93, "Total Cost": 2457.5, "Plan Rows": 761, "Plan Width": 4, "Actual Startup Time": 0.045, "Actual Total Time": 20.151, "Actual Rows": 24592, "Actual Loops": 3, "Inner Unique": true, "Hash Cond": "(cc.status_id = cct1.id)", "Plans": [{"Node Type": "Seq Scan", "Parent Relationship": "Outer", "Parallel Aware": false, "Relation Name": "complete_cast", "Alias": "cc", "Startup Cost": 0.0, "Total Cost": 2081.86, "Plan Rows": 135086, "Plan Width": 8, "Actual Startup Time": 0.02, "Actual Total Time": 8.442, "Actual Rows": 135086, "Actual Loops": 3}, {"Node Type": "Hash", "Parent Relationship": "Inner", "Parallel Aware": false, "Startup Cost": 18.88, "Total Cost": 18.88, "Plan Rows": 4, "Plan Width": 4, "Actual Startup Time": 0.014, "Actual Total Time": 0.015, "Actual Rows": 1, "Actual Loops": 3, "Hash Buckets": 1024, "Original Hash Buckets": 1024, "Hash Batches": 1, "Original Hash Batches": 1, "Peak Memory Usage": 9, "Plans": [{"Node Type": "Seq Scan", "Parent Relationship": "Outer", "Parallel Aware": false, "Relation Name": "comp_cast_type", "Alias": "cct1", "Startup Cost": 0.0, "Total Cost": 18.88, "Plan Rows": 4, "Plan Width": 4, "Actual Startup Time": 0.009, "Actual Total Time": 0.009, "Actual Rows": 1, "Actual Loops": 3, "Filter": "((kind)::text = 'complete+verified'::text)", "Rows Removed by Filter": 3}]}]}]}]}]}]}, {"Node Type": "Index Scan", "Parent Relationship": "Inner", "Parallel Aware": false, "Scan Direction": "Forward", "Index Name": "company_name_pkey", "Relation Name": "company_name", "Alias": "cn", "Startup Cost": 0.42, "Total Cost": 0.45, "Plan Rows": 1, "Plan Width": 4, "Actual Startup Time": 0.01, "Actual Total Time": 0.01, "Actual Rows": 1, "Actual Loops": 6, "Index Cond": "(id = mc.company_id)", "Rows Removed by Index Recheck": 0, "Filter": "((country_code)::text = '[us]'::text)", "Rows Removed by Filter": 0}]}, {"Node Type": "Index Only Scan", "Parent Relationship": "Inner", "Parallel Aware": false, "Scan Direction": "Forward", "Index Name": "company_type_pkey", "Relation Name": "company_type", "Alias": "ct", "Startup Cost": 0.15, "Total Cost": 0.17, "Plan Rows": 1, "Plan Width": 4, "Actual Startup Time": 0.007, "Actual Total Time": 0.007, "Actual Rows": 1, "Actual Loops": 6, "Index Cond": "(id = mc.company_type_id)", "Rows Removed by Index Recheck": 0, "Heap Fetches": 6}]}, {"Node Type": "Index Scan", "Parent Relationship": "Inner", "Parallel Aware": false, "Scan Direction": "Forward", "Index Name": "info_type_pkey", "Relation Name": "info_type", "Alias": "it1", "Startup Cost": 0.14, "Total Cost": 0.22, "Plan Rows": 1, "Plan Width": 4, "Actual Startup Time": 0.002, "Actual Total Time": 0.002, "Actual Rows": 1, "Actual Loops": 6, "Index Cond": "(id = mi.info_type_id)", "Rows Removed by Index Recheck": 0, "Filter": "((info)::text = 'release dates'::text)", "Rows Removed by Filter": 0}]}, {"Node Type": "Index Scan", "Parent Relationship": "Inner", "Parallel Aware": false, "Scan Direction": "Forward", "Index Name": "title_pkey", "Relation Name": "title", "Alias": "t", "Startup Cost": 0.43, "Total Cost": 0.52, "Plan Rows": 1, "Plan Width": 8, "Actual Startup Time": 0.008, "Actual Total Time": 0.008, "Actual Rows": 1, "Actual Loops": 6, "Index Cond": "(id = mc.movie_id)", "Rows Removed by Index Recheck": 0, "Filter": "(production_year > 2000)", "Rows Removed by Filter": 0}]}, {"Node Type": "Index Scan", "Parent Relationship": "Inner", "Parallel Aware": false, "Scan Direction": "Forward", "Index Name": "kind_type_pkey", "Relation Name": "kind_type", "Alias": "kt", "Startup Cost": 0.15, "Total Cost": 0.17, "Plan Rows": 1, "Plan Width": 4, "Actual Startup Time": 0.005, "Actual Total Time": 0.005, "Actual Rows": 1, "Actual Loops": 6, "Index Cond": "(id = t.kind_id)", "Rows Removed by Index Recheck": 0, "Filter": "((kind)::text = 'movie'::text)", "Rows Removed by Filter": 0}]}]}]}, {"Node Type": "Index Scan", "Parent Relationship": "Inner", "Parallel Aware": false, "Scan Direction": "Forward", "Index Name": "keyword_pkey", "Relation Name": "keyword", "Alias": "k", "Startup Cost": 0.42, "Total Cost": 0.44, "Plan Rows": 1, "Plan Width": 4, "Actual Startup Time": 0.002, "Actual Total Time": 0.002, "Actual Rows": 0, "Actual Loops": 618, "Index Cond": "(id = mk.keyword_id)", "Rows Removed by Index Recheck": 0, "Filter": "((keyword)::text = ANY ('{nerd,loner,alienation,dignity}'::text[]))", "Rows Removed by Filter": 1}]}]}]}]}, "Planning Time": 135.871, "Triggers": [], "Execution Time": 824.781}]
[{"Bao": {"Bao prediction": 1936.748, "Bao recommended hint": "(no hint)"}}, {"Plan": {"Node Type": "Aggregate", "Strategy": "Plain", "Partial Mode": "Simple", "Parallel Aware": false, "Startup Cost": 359412.91, "Total Cost": 359412.92, "Plan Rows": 1, "Plan Width": 8, "Actual Startup Time": 1801.443, "Actual Total Time": 1830.123, "Actual Rows": 1, "Actual Loops": 1, "Plans": [{"Node Type": "Gather", "Parent Relationship": "Outer", "Parallel Aware": false, "Startup Cost": 309040.41, "Total Cost": 359412.91, "Plan Rows": 1, "Plan Width": 0, "Actual Startup Time": 1463.464, "Actual Total Time": 1829.981, "Actual Rows": 2851, "Actual Loops": 1, "Workers Planned": 2, "Workers Launched": 2, "Single Copy": false, "Plans": [{"Node Type": "Nested Loop", "Parent Relationship": "Outer", "Parallel Aware": false, "Join Type": "Inner", "Startup Cost": 308040.41, "Total Cost": 358412.81, "Plan Rows": 1, "Plan Width": 0, "Actual Startup Time": 1447.119, "Actual Total Time": 1797.054, "Actual Rows": 950, "Actual Loops": 3, "Inner Unique": true, "Plans": [{"Node Type": "Hash Join", "Parent Relationship": "Outer", "Parallel Aware": true, "Join Type": "Inner", "Startup Cost": 308039.99, "Total Cost": 358412.35, "Plan Rows": 1, "Plan Width": 4, "Actual Startup Time": 1413.331, "Actual Total Time": 1633.714, "Actual Rows": 106470, "Actual Loops": 3, "Inner Unique": false, "Hash Cond": "(mk.movie_id = t.id)", "Plans": [{"Node Type": "Seq Scan", "Parent Relationship": "Outer", "Parallel Aware": true, "Relation Name": "movie_keyword", "Alias": "mk", "Startup Cost": 0.0, "Total Cost": 43303.71, "Plan Rows": 1884971, "Plan Width": 8, "Actual Startup Time": 0.015, "Actual Total Time": 97.521, "Actual Rows": 1507977, "Actual Loops": 3}, {"Node Type": "Hash", "Parent Relationship": "Inner", "Parallel Aware": true, "Startup Cost": 308039.98, "Total Cost": 308039.98, "Plan Rows": 1, "Plan Width": 16, "Actual Startup Time": 1412.085, "Actual Total Time": 1412.094, "Actual Rows": 1224, "Actual Loops": 3, "Hash Buckets": 4096, "Original Hash Buckets": 1024, "Hash Batches": 1, "Original Hash Batches": 1, "Peak Memory Usage": 280, "Plans": [{"Node Type": "Nested Loop", "Parent Relationship": "Outer", "Parallel Aware": false, "Join Type": "Inner", "Startup Cost": 272712.01, "Total Cost": 308039.98, "Plan Rows": 1, "Plan Width": 16, "Actual Startup Time": 1093.24, "Actual Total Time": 1332.829, "Actual Rows": 1224, "Actual Loops": 3, "Inner Unique": true, "Plans": [{"Node Type": "Nested Loop", "Parent Relationship": "Outer", "Parallel Aware": false, "Join Type": "Inner", "Startup Cost": 272711.86, "Total Cost": 308039.81, "Plan Rows": 1, "Plan Width": 20, "Actual Startup Time": 1093.225, "Actual Total Time": 1331.362, "Actual Rows": 1224, "Actual Loops": 3, "Inner Unique": true, "Plans": [{"Node Type": "Nested Loop", "Parent Relationship": "Outer", "Parallel Aware": false, "Join Type": "Inner", "Startup Cost": 272711.44, "Total Cost": 308039.26, "Plan Rows": 1, "Plan Width": 24, "Actual Startup Time": 1093.067, "Actual Total Time": 1326.565, "Actual Rows": 1478, "Actual Loops": 3, "Inner Unique": true, "Plans": [{"Node Type": "Nested Loop", "Parent Relationship": "Outer", "Parallel Aware": false, "Join Type": "Inner", "Startup Cost": 272711.29, "Total Cost": 308038.41, "Plan Rows": 5, "Plan Width": 28, "Actual Startup Time": 1092.648, "Actual Total Time": 1324.162, "Actual Rows": 1907, "Actual Loops": 3, "Inner Unique": true, "Join Filter": "(mi.movie_id = t.id)", "Rows Removed by Join Filter": 0, "Plans": [{"Node Type": "Hash Join", "Parent Relationship": "Outer", "Parallel Aware": true, "Join Type": "Inner", "Startup Cost": 272710.86, "Total Cost": 308027.32, "Plan Rows": 18, "Plan Width": 20, "Actual Startup Time": 1092.225, "Actual Total Time": 1259.604, "Actual Rows": 26221, "Actual Loops": 3, "Inner Unique": false, "Hash Cond": "(mc.movie_id = mi.movie_id)", "Plans": [{"Node Type": "Seq Scan", "Parent Relationship": "Outer", "Parallel Aware": true, "Relation Name": "movie_companies", "Alias": "mc", "Startup Cost": 0.0, "Total Cost": 35097.06, "Plan Rows": 58487, "Plan Width": 12, "Actual Startup Time": 0.018, "Actual Total Time": 144.96, "Actual Rows": 101090, "Actual Loops": 3, "Filter": "(((note)::text !~~ '%(USA)%'::text) AND ((note)::text ~~ '%(200%)%'::text))", "Rows Removed by Filter": 768619}, {"Node Type": "Hash", "Parent Relationship": "Inner", "Parallel Aware": true, "Startup Cost": 272710.09, "Total Cost": 272710.09, "Plan Rows": 61, "Plan Width": 8, "Actual Startup Time": 1092.08, "Actual Total Time": 1092.085, "Actual Rows": 49082, "Actual Loops": 3, "Hash Buckets": 262144, "Original Hash Buckets": 1024, "Hash Batches": 1, "Original Hash Batches": 1, "Peak Memory Usage": 9912, "Plans": [{"Node Type": "Hash Join", "Parent Relationship": "Outer", "Parallel Aware": true, "Join Type": "Inner", "Startup Cost": 16511.57, "Total Cost": 272710.09, "Plan Rows": 61, "Plan Width": 8, "Actual Startup Time": 1026.223, "Actual Total Time": 1073.622, "Actual Rows": 49082, "Actual Loops": 3, "Inner Unique": false, "Hash Cond": "(mi.movie_id = mi_idx.movie_id)", "Plans": [{"Node Type": "Hash Join", "Parent Relationship": "Outer", "Parallel Aware": false, "Join Type": "Inner", "Startup Cost": 2.43, "Total Cost": 256190.56, "Plan Rows": 2702, "Plan Width": 4, "Actual Startup Time": 653.596, "Actual Total Time": 847.734, "Actual Rows": 196255, "Actual Loops": 3, "Inner Unique": true, "Hash Cond": "(mi.info_type_id = it1.id)", "Plans": [{"Node Type": "Seq Scan", "Parent Relationship": "Outer", "Parallel Aware": true, "Relation Name": "movie_info", "Alias": "mi", "Startup Cost": 0.0, "Total Cost": 255356.52, "Plan Rows": 305356, "Plan Width": 8, "Actual Startup Time": 0.326, "Actual Total Time": 818.692, "Actual Rows": 223112, "Actual Loops": 3, "Filter": "((info)::text = ANY ('{Germany,German,USA,American}'::text[]))", "Rows Removed by Filter": 4722128}, {"Node Type": "Hash", "Parent Relationship": "Inner", "Parallel Aware": false, "Startup Cost": 2.41, "Total Cost": 2.41, "Plan Rows": 1, "Plan Width": 4, "Actual Startup Time": 0.014, "Actual Total Time": 0.014, "Actual Rows": 1, "Actual Loops": 3, "Hash Buckets": 1024, "Original Hash Buckets": 1024, "Hash Batches": 1, "Original Hash Batches": 1, "Peak Memory Usage": 9, "Plans": [{"Node Type": "Seq Scan", "Parent Relationship": "Outer", "Parallel Aware": false, "Relation Name": "info_type", "Alias": "it1", "Startup Cost": 0.0, "Total Cost": 2.41, "Plan Rows": 1, "Plan Width": 4, "Actual Startup Time": 0.007, "Actual Total Time": 0.012, "Actual Rows": 1, "Actual Loops": 3, "Filter": "((info)::text = 'countries'::text)", "Rows Removed by Filter": 112}]}]}, {"Node Type": "Hash", "Parent Relationship": "Inner", "Parallel Aware": true, "Startup Cost": 16455.12, "Total Cost": 16455.12, "Plan Rows": 4322, "Plan Width": 4, "Actual Startup Time": 149.727, "Actual Total Time": 149.728, "Actual Rows": 108039, "Actual Loops": 3, "Hash Buckets": 131072, "Original Hash Buckets": 16384, "Hash Batches": 8, "Original Hash Batches": 1, "Peak Memory Usage": 2688, "Plans": [{"Node Type": "Hash Join", "Parent Relationship": "Outer", "Parallel Aware": false, "Join Type": "Inner", "Startup Cost": 2.43, "Total Cost": 16455.12, "Plan Rows": 4322, "Plan Width": 4, "Actual Startup Time": 0.059, "Actual Total Time": 111.579, "Actual Rows": 108039, "Actual Loops": 3, "Inner Unique": true, "Hash Cond": "(mi_idx.info_type_id = it2.id)", "Plans": [{"Node Type": "Seq Scan", "Parent Relationship": "Outer", "Parallel Aware": true, "Relation Name": "movie_info_idx", "Alias": "mi_idx", "Startup Cost": 0.0, "Total Cost": 15122.68, "Plan Rows": 488356, "Plan Width": 8, "Actual Startup Time": 0.02, "Actual Total Time": 80.268, "Actual Rows": 390635, "Actual Loops": 3, "Filter": "((info)::text < '7.0'::text)", "Rows Removed by Filter": 69377}, {"Node Type": "Hash", "Parent Relationship": "Inner", "Parallel Aware": false, "Startup Cost": 2.41, "Total Cost": 2.41, "Plan Rows": 1, "Plan Width": 4, "Actual Startup Time": 0.026, "Actual Total Time": 0.027, "Actual Rows": 1, "Actual Loops": 3, "Hash Buckets": 1024, "Original Hash Buckets": 1024, "Hash Batches": 1, "Original Hash Batches": 1, "Peak Memory Usage": 9, "Plans": [{"Node Type": "Seq Scan", "Parent Relationship": "Outer", "Parallel Aware": false, "Relation Name": "info_type", "Alias": "it2", "Startup Cost": 0.0, "Total Cost": 2.41, "Plan Rows": 1, "Plan Width": 4, "Actual Startup Time": 0.023, "Actual Total Time": 0.024, "Actual Rows": 1, "Actual Loops": 3, "Filter": "((info)::text = 'rating'::text)", "Rows Removed by Filter": 112}]}]}]}]}]}]}, {"Node Type": "Index Scan", "Parent Relationship": "Inner", "Parallel Aware": false, "Scan Direction": "Forward", "Index Name": "title_pkey", "Relation Name": "title", "Alias": "t", "Startup Cost": 0.43, "Total Cost": 0.6, "Plan Rows": 1, "Plan Width": 8, "Actual Startup Time": 0.002, "Actual Total Time": 0.002, "Actual Rows": 0, "Actual Loops": 78662, "Index Cond": "(id = mi_idx.movie_id)", "Rows Removed by Index Recheck": 0, "Filter": "(production_year > 2008)", "Rows Removed by Filter": 1}]}, {"Node Type": "Index Scan", "Parent Relationship": "Inner", "Parallel Aware": false, "Scan Direction": "Forward", "Index Name": "kind_type_pkey", "Relation Name": "kind_type", "Alias": "kt", "Startup Cost": 0.15, "Total Cost": 0.17, "Plan Rows": 1, "Plan Width": 4, "Actual Startup Time": 0.001, "Actual Total Time": 0.001, "Actual Rows": 1, "Actual Loops": 5720, "Index Cond": "(id = t.kind_id)", "Rows Removed by Index Recheck": 0, "Filter": "((kind)::text = ANY ('{movie,episode}'::text[]))", "Rows Removed by Filter": 0}]}, {"Node Type": "Index Scan", "Parent Relationship": "Inner", "Parallel Aware": false, "Scan Direction": "Forward", "Index Name": "company_name_pkey", "Relation Name": "company_name", "Alias": "cn", "Startup Cost": 0.42, "Total Cost": 0.55, "Plan Rows": 1, "Plan Width": 4, "Actual Startup Time": 0.003, "Actual Total Time": 0.003, "Actual Rows": 1, "Actual Loops": 4434, "Index Cond": "(id = mc.company_id)", "Rows Removed by Index Recheck": 0, "Filter": "((country_code)::text <> '[us]'::text)", "Rows Removed by Filter": 0}]}, {"Node Type": "Index Only Scan", "Parent Relationship": "Inner", "Parallel Aware": false, "Scan Direction": "Forward", "Index Name": "company_type_pkey", "Relation Name": "company_type", "Alias": "ct", "Startup Cost": 0.15, "Total Cost": 0.17, "Plan Rows": 1, "Plan Width": 4, "Actual Startup Time": 0.001, "Actual Total Time": 0.001, "Actual Rows": 1, "Actual Loops": 3672, "Index Cond": "(id = mc.company_type_id)", "Rows Removed by Index Recheck": 0, "Heap Fetches": 3672}]}]}]}, {"Node Type": "Index Scan", "Parent Relationship": "Inner", "Parallel Aware": false, "Scan Direction": "Forward", "Index Name": "keyword_pkey", "Relation Name": "keyword", "Alias": "k", "Startup Cost": 0.42, "Total Cost": 0.44, "Plan Rows": 1, "Plan Width": 4, "Actual Startup Time": 0.001, "Actual Total Time": 0.001, "Actual Rows": 0, "Actual Loops": 319409, "Index Cond": "(id = mk.keyword_id)", "Rows Removed by Index Recheck": 0, "Filter": "((keyword)::text = ANY ('{murder,murder-in-title,blood,violence}'::text[]))", "Rows Removed by Filter": 1}]}]}]}, "Planning Time": 138.047, "Triggers": [], "Execution Time": 1830.222}]
[{"Bao": {"Bao prediction": 3737.449, "Bao recommended hint": "(no hint)"}}, {"Plan": {"Node Type": "Aggregate", "Strategy": "Plain", "Partial Mode": "Finalize", "Parallel Aware": false, "Startup Cost": 773609.79, "Total Cost": 773609.8, "Plan Rows": 1, "Plan Width": 8, "Actual Startup Time": 6201.079, "Actual Total Time": 6273.628, "Actual Rows": 1, "Actual Loops": 1, "Plans": [{"Node Type": "Gather", "Parent Relationship": "Outer", "Parallel Aware": false, "Startup Cost": 773609.57, "Total Cost": 773609.78, "Plan Rows": 2, "Plan Width": 8, "Actual Startup Time": 6187.138, "Actual Total Time": 6273.62, "Actual Rows": 3, "Actual Loops": 1, "Workers Planned": 2, "Workers Launched": 2, "Single Copy": false, "Plans": [{"Node Type": "Aggregate", "Strategy": "Plain", "Partial Mode": "Partial", "Parent Relationship": "Outer", "Parallel Aware": false, "Startup Cost": 772609.57, "Total Cost": 772609.58, "Plan Rows": 1, "Plan Width": 8, "Actual Startup Time": 6188.321, "Actual Total Time": 6188.333, "Actual Rows": 1, "Actual Loops": 3, "Plans": [{"Node Type": "Hash Join", "Parent Relationship": "Outer", "Parallel Aware": true, "Join Type": "Inner", "Startup Cost": 756049.36, "Total Cost": 772609.35, "Plan Rows": 89, "Plan Width": 0, "Actual Startup Time": 6062.888, "Actual Total Time": 6164.758, "Actual Rows": 586882, "Actual Loops": 3, "Inner Unique": false, "Hash Cond": "(an.person_id = n.id)", "Plans": [{"Node Type": "Seq Scan", "Parent Relationship": "Outer", "Parallel Aware": true, "Relation Name": "aka_name", "Alias": "an", "Startup Cost": 0.0, "Total Cost": 15151.6, "Plan Rows": 375560, "Plan Width": 4, "Actual Startup Time": 0.02, "Actual Total Time": 28.826, "Actual Rows": 300448, "Actual Loops": 3}, {"Node Type": "Hash", "Parent Relationship": "Inner", "Parallel Aware": true, "Startup Cost": 756048.87, "Total Cost": 756048.87, "Plan Rows": 39, "Plan Width": 8, "Actual Startup Time": 5977.195, "Actual Total Time": 5977.205, "Actual Rows": 262348, "Actual Loops": 3, "Hash Buckets": 65536, "Original Hash Buckets": 1024, "Hash Batches": 16, "Original Hash Batches": 1, "Peak Memory Usage": 3360, "Plans": [{"Node Type": "Nested Loop", "Parent Relationship": "Outer", "Parallel Aware": false, "Join Type": "Inner", "Startup Cost": 722184.7, "Total Cost": 756048.87, "Plan Rows": 39, "Plan Width": 8, "Actual Startup Time": 3974.623, "Actual Total Time": 5866.039, "Actual Rows": 262348, "Actual Loops": 3, "Inner Unique": true, "Plans": [{"Node Type": "Hash Join", "Parent Relationship": "Outer", "Parallel Aware": true, "Join Type": "Inner", "Startup Cost": 722184.28, "Total Cost": 755922.5, "Plan Rows": 108, "Plan Width": 12, "Actual Startup Time": 3974.592, "Actual Total Time": 4196.695, "Actual Rows": 1076352, "Actual Loops": 3, "Inner Unique": false, "Hash Cond": "(mc.movie_id = t.id)", "Plans": [{"Node Type": "Seq Scan", "Parent Relationship": "Outer", "Parallel Aware": true, "Relation Name": "movie_companies", "Alias": "mc", "Startup Cost": 0.0, "Total Cost": 29661.37, "Plan Rows": 1087137, "Plan Width": 8, "Actual Startup Time": 0.008, "Actual Total Time": 72.665, "Actual Rows": 869710, "Actual Loops": 3}, {"Node Type": "Hash", "Parent Relationship": "Inner", "Parallel Aware": true, "Startup Cost": 722184.04, "Total Cost": 722184.04, "Plan Rows": 19, "Plan Width": 20, "Actual Startup Time": 3778.826, "Actual Total Time": 3778.834, "Actual Rows": 113945, "Actual Loops": 3, "Hash Buckets": 65536, "Original Hash Buckets": 1024, "Hash Batches": 8, "Original Hash Batches": 1, "Peak Memory Usage": 3072, "Plans": [{"Node Type": "Nested Loop", "Parent Relationship": "Outer", "Parallel Aware": false, "Join Type": "Inner", "Startup Cost": 480150.81, "Total Cost": 722184.04, "Plan Rows": 19, "Plan Width": 20, "Actual Startup Time": 2430.186, "Actual Total Time": 3717.059, "Actual Rows": 113945, "Actual Loops": 3, "Inner Unique": true, "Plans": [{"Node Type": "Nested Loop", "Parent Relationship": "Outer", "Parallel Aware": false, "Join Type": "Inner", "Startup Cost": 480150.38, "Total Cost": 722138.96, "Plan Rows": 35, "Plan Width": 16, "Actual Startup Time": 2430.165, "Actual Total Time": 3396.68, "Actual Rows": 166016, "Actual Loops": 3, "Inner Unique": true, "Plans": [{"Node Type": "Nested Loop", "Parent Relationship": "Outer", "Parallel Aware": false, "Join Type": "Inner", "Startup Cost": 480149.95, "Total Cost": 722034.03, "Plan Rows": 72, "Plan Width": 20, "Actual Startup Time": 2430.125, "Actual Total Time": 3005.214, "Actual Rows": 182242, "Actual Loops": 3, "Inner Unique": true, "Plans": [{"Node Type": "Hash Join", "Parent Relationship": "Outer", "Parallel Aware": true, "Join Type": "Inner", "Startup Cost": 480149.52, "Total Cost": 721544.12, "Plan Rows": 311, "Plan Width": 16, "Actual Startup Time": 2430.063, "Actual Total Time": 2600.871, "Actual Rows": 182372, "Actual Loops": 3, "Inner Unique": false, "Hash Cond": "(mi.movie_id = ci.movie_id)", "Plans": [{"Node Type": "Hash Join", "Parent Relationship": "Outer", "Parallel Aware": false, "Join Type": "Inner", "Startup Cost": 2.43, "Total Cost": 241189.17, "Plan Rows": 55082, "Plan Width": 4, "Actual Startup Time": 219.794, "Actual Total Time": 833.587, "Actual Rows": 1012240, "Actual Loops": 3, "Inner Unique": true, "Hash Cond": "(mi.info_type_id = it.id)", "Plans": [{"Node Type": "Seq Scan", "Parent Relationship": "Outer", "Parallel Aware": true, "Relation Name": "movie_info", "Alias": "mi", "Startup Cost": 0.0, "Total Cost": 224235.35, "Plan Rows": 6224235, "Plan Width": 8, "Actual Startup Time": 0.017, "Actual Total Time": 395.133, "Actual Rows": 4945240, "Actual Loops": 3}, {"Node Type": "Hash", "Parent Relationship": "Inner", "Parallel Aware": false, "Startup Cost": 2.41, "Total Cost": 2.41, "Plan Rows": 1, "Plan Width": 4, "Actual Startup Time": 0.043, "Actual Total Time": 0.044, "Actual Rows": 1, "Actual Loops": 3, "Hash Buckets": 1024, "Original Hash Buckets": 1024, "Hash Batches": 1, "Original Hash Batches": 1, "Peak Memory Usage": 9, "Plans": [{"Node Type": "Seq Scan", "Parent Relationship": "Outer", "Parallel Aware": false, "Relation Name": "info_type", "Alias": "it", "Startup Cost": 0.0, "Total Cost": 2.41, "Plan Rows": 1, "Plan Width": 4, "Actual Startup Time": 0.031, "Actual Total Time": 0.041, "Actual Rows": 1, "Actual Loops": 3, "Filter": "((info)::text = 'release dates'::text)", "Rows Removed by Filter": 112}]}]}, {"Node Type": "Hash", "Parent Relationship": "Inner", "Parallel Aware": true, "Startup Cost": 480120.81, "Total Cost": 480120.81, "Plan Rows": 2103, "Plan Width": 12, "Actual Startup Time": 1478.857, "Actual Total Time": 1478.858, "Actual Rows": 92055, "Actual Loops": 3, "Hash Buckets": 65536, "Original Hash Buckets": 8192, "Hash Batches": 8, "Original Hash Batches": 1, "Peak Memory Usage": 2240, "Plans": [{"Node Type": "Hash Join", "Parent Relationship": "Outer", "Parallel Aware": false, "Join Type": "Inner", "Startup Cost": 18.93, "Total Cost": 480120.81, "Plan Rows": 2103, "Plan Width": 12, "Actual Startup Time": 455.385, "Actual Total Time": 1444.963, "Actual Rows": 92055, "Actual Loops": 3, "Inner Unique": true, "Hash Cond": "(ci.role_id = rt.id)", "Plans": [{"Node Type": "Seq Scan", "Parent Relationship": "Outer", "Parallel Aware": true, "Relation Name": "cast_info", "Alias": "ci", "Startup Cost": 0.0, "Total Cost": 479115.98, "Plan Rows": 373356, "Plan Width": 16, "Actual Startup Time": 0.089, "Actual Total Time": 1413.508, "Actual Rows": 289159, "Actual Loops": 3, "Filter": "((note)::text = ANY ('{(voice),\"(voice: Japanese version)\",\"(voice) (uncredited)\",\"(voice: English version)\"}'::text[]))", "Rows Removed by Filter": 11792289}, {"Node Type": "Hash", "Parent Relationship": "Inner", "Parallel Aware": false, "Startup Cost": 18.88, "Total Cost": 18.88, "Plan Rows": 4, "Plan Width": 4, "Actual Startup Time": 0.016, "Actual Total Time": 0.017, "Actual Rows": 1, "Actual Loops": 3, "Hash Buckets": 1024, "Original Hash Buckets": 1024, "Hash Batches": 1, "Original Hash Batches": 1, "Peak Memory Usage": 9, "Plans": [{"Node Type": "Seq Scan", "Parent Relationship": "Outer", "Parallel Aware": false, "Relation Name": "role_type", "Alias": "rt", "Startup Cost": 0.0, "Total Cost": 18.88, "Plan Rows": 4, "Plan Width": 4, "Actual Startup Time": 0.013, "Actual Total Time": 0.014, "Actual Rows": 1, "Actual Loops": 3, "Filter": "((role)::text = 'actress'::text)", "Rows Removed by Filter": 11}]}]}]}]}, {"Node Type": "Index Scan", "Parent Relationship": "Inner", "Parallel Aware": false, "Scan Direction": "Forward", "Index Name": "name_pkey", "Relation Name": "name", "Alias": "n", "Startup Cost": 0.43, "Total Cost": 1.58, "Plan Rows": 1, "Plan Width": 4, "Actual Startup Time": 0.002, "Actual Total Time": 0.002, "Actual Rows": 1, "Actual Loops": 547117, "Index Cond": "(id = ci.person_id)", "Rows Removed by Index Recheck": 0, "Filter": "((gender)::text = 'f'::text)", "Rows Removed by Filter": 0}]}, {"Node Type": "Index Only Scan", "Parent Relationship": "Inner", "Parallel Aware": false, "Scan Direction": "Forward", "Index Name": "char_name_pkey", "Relation Name": "char_name", "Alias": "chn", "Startup Cost": 0.43, "Total Cost": 1.46, "Plan Rows": 1, "Plan Width": 4, "Actual Startup Time": 0.002, "Actual Total Time": 0.002, "Actual Rows": 1, "Actual Loops": 546726, "Index Cond": "(id = ci.person_role_id)", "Rows Removed by Index Recheck": 0, "Heap Fetches": 498048}]}, {"Node Type": "Index Scan", "Parent Relationship": "Inner", "Parallel Aware": false, "Scan Direction": "Forward", "Index Name": "title_pkey", "Relation Name": "title", "Alias": "t", "Startup Cost": 0.43, "Total Cost": 1.29, "Plan Rows": 1, "Plan Width": 4, "Actual Startup Time": 0.002, "Actual Total Time": 0.002, "Actual Rows": 1, "Actual Loops": 498048, "Index Cond": "(id = mi.movie_id)", "Rows Removed by Index Recheck": 0, "Filter": "(production_year > 2000)", "Rows Removed by Filter": 0}]}]}]}, {"Node Type": "Index Scan", "Parent Relationship": "Inner", "Parallel Aware": false, "Scan Direction": "Forward", "Index Name": "company_name_pkey", "Relation Name": "company_name", "Alias": "cn", "Startup Cost": 0.42, "Total Cost": 1.17, "Plan Rows": 1, "Plan Width": 4, "Actual Startup Time": 0.001, "Actual Total Time": 0.001, "Actual Rows": 0, "Actual Loops": 3229056, "Index Cond": "(id = mc.company_id)", "Rows Removed by Index Recheck": 0, "Filter": "((country_code)::text = '[us]'::text)", "Rows Removed by Filter": 1}]}]}]}]}]}]}, "Planning Time": 131.61, "Triggers": [], "Execution Time": 6273.737}]
[{"Bao": {"Bao prediction": 2023.406, "Bao recommended hint": "(no hint)"}}, {"Plan": {"Node Type": "Aggregate", "Strategy": "Plain", "Partial Mode": "Simple", "Parallel Aware": false, "Startup Cost": 290312.19, "Total Cost": 290312.2, "Plan Rows": 1, "Plan Width": 8, "Actual Startup Time": 3223.654, "Actual Total Time": 3261.651, "Actual Rows": 1, "Actual Loops": 1, "Plans": [{"Node Type": "Nested Loop", "Parent Relationship": "Outer", "Parallel Aware": false, "Join Type": "Inner", "Startup Cost": 48897.35, "Total Cost": 290312.19, "Plan Rows": 1, "Plan Width": 0, "Actual Startup Time": 1692.807, "Actual Total Time": 3261.637, "Actual Rows": 53, "Actual Loops": 1, "Inner Unique": true, "Plans": [{"Node Type": "Nested Loop", "Parent Relationship": "Outer", "Parallel Aware": false, "Join Type": "Inner", "Startup Cost": 48897.2, "Total Cost": 290311.88, "Plan Rows": 1, "Plan Width": 4, "Actual Startup Time": 1692.803, "Actual Total Time": 3261.539, "Actual Rows": 78, "Actual Loops": 1, "Inner Unique": true, "Plans": [{"Node Type": "Gather", "Parent Relationship": "Outer", "Parallel Aware": false, "Startup Cost": 48896.78, "Total Cost": 290311.43, "Plan Rows": 1, "Plan Width": 8, "Actual Startup Time": 1692.793, "Actual Total Time": 3261.119, "Actual Rows": 200, "Actual Loops": 1, "Workers Planned": 2, "Workers Launched": 2, "Single Copy": false, "Plans": [{"Node Type": "Nested Loop", "Parent Relationship": "Outer", "Parallel Aware": false, "Join Type": "Inner", "Startup Cost": 47896.78, "Total Cost": 289311.33, "Plan Rows": 1, "Plan Width": 8, "Actual Startup Time": 1614.744, "Actual Total Time": 3218.225, "Actual Rows": 67, "Actual Loops": 3, "Inner Unique": true, "Plans": [{"Node Type": "Hash Join", "Parent Relationship": "Outer", "Parallel Aware": true, "Join Type": "Inner", "Startup Cost": 47896.35, "Total Cost": 289289.85, "Plan Rows": 46, "Plan Width": 16, "Actual Startup Time": 1532.263, "Actual Total Time": 1801.63, "Actual Rows": 834997, "Actual Loops": 3, "Inner Unique": false, "Hash Cond": "(mi.movie_id = mc.movie_id)", "Plans": [{"Node Type": "Hash Join", "Parent Relationship": "Outer", "Parallel Aware": false, "Join Type": "Inner", "Startup Cost": 2.43, "Total Cost": 241189.17, "Plan Rows": 55082, "Plan Width": 4, "Actual Startup Time": 224.378, "Actual Total Time": 874.794, "Actual Rows": 1012240, "Actual Loops": 3, "Inner Unique": true, "Hash Cond": "(mi.info_type_id = it2.id)", "Plans": [{"Node Type": "Seq Scan", "Parent Relationship": "Outer", "Parallel Aware": true, "Relation Name": "movie_info", "Alias": "mi", "Startup Cost": 0.0, "Total Cost": 224235.35, "Plan Rows": 6224235, "Plan Width": 8, "Actual Startup Time": 0.017, "Actual Total Time": 416.35, "Actual Rows": 4945240, "Actual Loops": 3}, {"Node Type": "Hash", "Parent Relationship": "Inner", "Parallel Aware": false, "Startup Cost": 2.41, "Total Cost": 2.41, "Plan Rows": 1, "Plan Width": 4, "Actual Startup Time": 0.018, "Actual Total Time": 0.018, "Actual Rows": 1, "Actual Loops": 3, "Hash Buckets": 1024, "Original Hash Buckets": 1024, "Hash Batches": 1, "Original Hash Batches": 1, "Peak Memory Usage": 9, "Plans": [{"Node Type": "Seq Scan", "Parent Relationship": "Outer", "Parallel Aware": false, "Relation Name": "info_type", "Alias": "it2", "Startup Cost": 0.0, "Total Cost": 2.41, "Plan Rows": 1, "Plan Width": 4, "Actual Startup Time": 0.01, "Actual Total Time": 0.016, "Actual Rows": 1, "Actual Loops": 3, "Filter": "((info)::text = 'release dates'::text)", "Rows Removed by Filter": 112}]}]}, {"Node Type": "Hash", "Parent Relationship": "Inner", "Parallel Aware": true, "Startup Cost": 47891.91, "Total Cost": 47891.91, "Plan Rows": 161, "Plan Width": 12, "Actual Startup Time": 534.67, "Actual Total Time": 534.986, "Actual Rows": 194741, "Actual Loops": 3, "Hash Buckets": 65536, "Original Hash Buckets": 1024, "Hash Batches": 8, "Original Hash Batches": 1, "Peak Memory Usage": 4000, "Plans": [{"Node Type": "Hash Join", "Parent Relationship": "Outer", "Parallel Aware": true, "Join Type": "Inner", "Startup Cost": 15336.14, "Total Cost": 47891.91, "Plan Rows": 161, "Plan Width": 12, "Actual Startup Time": 379.168, "Actual Total Time": 482.06, "Actual Rows": 194741, "Actual Loops": 3, "Inner Unique": false, "Hash Cond": "(mc.movie_id = miidx.movie_id)", "Plans": [{"Node Type": "Hash Join", "Parent Relationship": "Outer", "Parallel Aware": false, "Join Type": "Inner", "Startup Cost": 18.93, "Total Cost": 32551.06, "Plan Rows": 6125, "Plan Width": 8, "Actual Startup Time": 70.68, "Actual Total Time": 188.765, "Actual Rows": 444961, "Actual Loops": 3, "Inner Unique": true, "Hash Cond": "(mc.company_type_id = ct.id)", "Plans": [{"Node Type": "Seq Scan", "Parent Relationship": "Outer", "Parallel Aware": true, "Relation Name": "movie_companies", "Alias": "mc", "Startup Cost": 0.0, "Total Cost": 29661.37, "Plan Rows": 1087137, "Plan Width": 12, "Actual Startup Time": 0.007, "Actual Total Time": 72.298, "Actual Rows": 869710, "Actual Loops": 3}, {"Node Type": "Hash", "Parent Relationship": "Inner", "Parallel Aware": false, "Startup Cost": 18.88, "Total Cost": 18.88, "Plan Rows": 4, "Plan Width": 4, "Actual Startup Time": 0.013, "Actual Total Time": 0.013, "Actual Rows": 1, "Actual Loops": 3, "Hash Buckets": 1024, "Original Hash Buckets": 1024, "Hash Batches": 1, "Original Hash Batches": 1, "Peak Memory Usage": 9, "Plans": [{"Node Type": "Seq Scan", "Parent Relationship": "Outer", "Parallel Aware": false, "Relation Name": "company_type", "Alias": "ct", "Startup Cost": 0.0, "Total Cost": 18.88, "Plan Rows": 4, "Plan Width": 4, "Actual Startup Time": 0.011, "Actual Total Time": 0.012, "Actual Rows": 1, "Actual Loops": 3, "Filter": "((kind)::text = 'production companies'::text)", "Rows Removed by Filter": 3}]}]}, {"Node Type": "Hash", "Parent Relationship": "Inner", "Parallel Aware": true, "Startup Cost": 15253.6, "Total Cost": 15253.6, "Plan Rows": 5089, "Plan Width": 4, "Actual Startup Time": 123.613, "Actual Total Time": 123.622, "Actual Rows": 153308, "Actual Loops": 3, "Hash Buckets": 131072, "Original Hash Buckets": 16384, "Hash Batches": 8, "Original Hash Batches": 1, "Peak Memory Usage": 3328, "Plans": [{"Node Type": "Hash Join", "Parent Relationship": "Outer", "Parallel Aware": false, "Join Type": "Inner", "Startup Cost": 2.43, "Total Cost": 15253.6, "Plan Rows": 5089, "Plan Width": 4, "Actual Startup Time": 0.051, "Actual Total Time": 82.911, "Actual Rows": 153308, "Actual Loops": 3, "Inner Unique": true, "Hash Cond": "(miidx.info_type_id = it.id)", "Plans": [{"Node Type": "Seq Scan", "Parent Relationship": "Outer", "Parallel Aware": true, "Relation Name": "movie_info_idx", "Alias": "miidx", "Startup Cost": 0.0, "Total Cost": 13685.15, "Plan Rows": 575015, "Plan Width": 8, "Actual Startup Time": 0.015, "Actual Total Time": 34.542, "Actual Rows": 460012, "Actual Loops": 3}, {"Node Type": "Hash", "Parent Relationship": "Inner", "Parallel Aware": false, "Startup Cost": 2.41, "Total Cost": 2.41, "Plan Rows": 1, "Plan Width": 4, "Actual Startup Time": 0.024, "Actual Total Time": 0.027, "Actual Rows": 1, "Actual Loops": 3, "Hash Buckets": 1024, "Original Hash Buckets": 1024, "Hash Batches": 1, "Original Hash Batches": 1, "Peak Memory Usage": 9, "Plans": [{"Node Type": "Seq Scan", "Parent Relationship": "Outer", "Parallel Aware": false, "Relation Name": "info_type", "Alias": "it", "Startup Cost": 0.0, "Total Cost": 2.41, "Plan Rows": 1, "Plan Width": 4, "Actual Startup Time": 0.021, "Actual Total Time": 0.023, "Actual Rows": 1, "Actual Loops": 3, "Filter": "((info)::text = 'rating'::text)", "Rows Removed by Filter": 112}]}]}]}]}]}]}, {"Node Type": "Index Scan", "Parent Relationship": "Inner", "Parallel Aware": false, "Scan Direction": "Forward", "Index Name": "title_pkey", "Relation Name": "title", "Alias": "t", "Startup Cost": 0.43, "Total Cost": 0.47, "Plan Rows": 1, "Plan Width": 8, "Actual Startup Time": 0.002, "Actual Total Time": 0.002, "Actual Rows": 0, "Actual Loops": 2504990, "Index Cond": "(id = mi.movie_id)", "Rows Removed by Index Recheck": 0, "Filter": "(((title)::text <> ''::text) AND (((title)::text ~~ 'Champion%'::text) OR ((title)::text ~~ 'Loser%'::text)))", "Rows Removed by Filter": 1}]}]}, {"Node Type": "Index Scan", "Parent Relationship": "Inner", "Parallel Aware": false, "Scan Direction": "Forward", "Index Name": "company_name_pkey", "Relation Name": "company_name", "Alias": "cn", "Startup Cost": 0.42, "Total Cost": 0.45, "Plan Rows": 1, "Plan Width": 4, "Actual Startup Time": 0.002, "Actual Total Time": 0.002, "Actual Rows": 0, "Actual Loops": 200, "Index Cond": "(id = mc.company_id)", "Rows Removed by Index Recheck": 0, "Filter": "((country_code)::text = '[us]'::text)", "Rows Removed by Filter": 1}]}, {"Node Type": "Index Scan", "Parent Relationship": "Inner", "Parallel Aware": false, "Scan Direction": "Forward", "Index Name": "kind_type_pkey", "Relation Name": "kind_type", "Alias": "kt", "Startup Cost": 0.15, "Total Cost": 0.27, "Plan Rows": 1, "Plan Width": 4, "Actual Startup Time": 0.001, "Actual Total Time": 0.001, "Actual Rows": 1, "Actual Loops": 78, "Index Cond": "(id = t.kind_id)", "Rows Removed by Index Recheck": 0, "Filter": "((kind)::text = 'movie'::text)", "Rows Removed by Filter": 0}]}]}, "Planning Time": 91.406, "Triggers": [], "Execution Time": 3261.743}]
[{"Bao": {"Bao prediction": 2156.638, "Bao recommended hint": "(no hint)"}}, {"Plan": {"Node Type": "Aggregate", "Strategy": "Plain", "Partial Mode": "Finalize", "Parallel Aware": false, "Startup Cost": 546127.24, "Total Cost": 546127.25, "Plan Rows": 1, "Plan Width": 8, "Actual Startup Time": 3788.768, "Actual Total Time": 3828.645, "Actual Rows": 1, "Actual Loops": 1, "Plans": [{"Node Type": "Gather", "Parent Relationship": "Outer", "Parallel Aware": false, "Startup Cost": 546127.02, "Total Cost": 546127.23, "Plan Rows": 2, "Plan Width": 8, "Actual Startup Time": 3788.474, "Actual Total Time": 3828.64, "Actual Rows": 3, "Actual Loops": 1, "Workers Planned": 2, "Workers Launched": 2, "Single Copy": false, "Plans": [{"Node Type": "Aggregate", "Strategy": "Plain", "Partial Mode": "Partial", "Parent Relationship": "Outer", "Parallel Aware": false, "Startup Cost": 545127.02, "Total Cost": 545127.03, "Plan Rows": 1, "Plan Width": 8, "Actual Startup Time": 3786.212, "Actual Total Time": 3786.219, "Actual Rows": 1, "Actual Loops": 3, "Plans": [{"Node Type": "Nested Loop", "Parent Relationship": "Outer", "Parallel Aware": false, "Join Type": "Inner", "Startup Cost": 511388.83, "Total Cost": 545127.02, "Plan Rows": 1, "Plan Width": 0, "Actual Startup Time": 3575.503, "Actual Total Time": 3785.178, "Actual Rows": 17435, "Actual Loops": 3, "Inner Unique": true, "Plans": [{"Node Type": "Nested Loop", "Parent Relationship": "Outer", "Parallel Aware": false, "Join Type": "Inner", "Startup Cost": 511388.4, "Total Cost": 545126.57, "Plan Rows": 1, "Plan Width": 12, "Actual Startup Time": 3575.483, "Actual Total Time": 3753.305, "Actual Rows": 17435, "Actual Loops": 3, "Inner Unique": true, "Plans": [{"Node Type": "Hash Join", "Parent Relationship": "Outer", "Parallel Aware": true, "Join Type": "Inner", "Startup Cost": 511387.98, "Total Cost": 545126.12, "Plan Rows": 1, "Plan Width": 16, "Actual Startup Time": 3575.453, "Actual Total Time": 3720.595, "Actual Rows": 17435, "Actual Loops": 3, "Inner Unique": false, "Hash Cond": "(mc.movie_id = ci.movie_id)", "Plans": [{"Node Type": "Seq Scan", "Parent Relationship": "Outer", "Parallel Aware": true, "Relation Name": "movie_companies", "Alias": "mc", "Startup Cost": 0.0, "Total Cost": 29661.37, "Plan Rows": 1087137, "Plan Width": 8, "Actual Startup Time": 0.009, "Actual Total Time": 62.313, "Actual Rows": 869710, "Actual Loops": 3}, {"Node Type": "Hash", "Parent Relationship": "Inner", "Parallel Aware": true, "Startup Cost": 511387.97, "Total Cost": 511387.97, "Plan Rows": 1, "Plan Width": 8, "Actual Startup Time": 3574.966, "Actual Total Time": 3574.971, "Actual Rows": 2214, "Actual Loops": 3, "Hash Buckets": 8192, "Original Hash Buckets": 1024, "Hash Batches": 1, "Original Hash Batches": 1, "Peak Memory Usage": 472, "Plans": [{"Node Type": "Nested Loop", "Parent Relationship": "Outer", "Parallel Aware": false, "Join Type": "Inner", "Startup Cost": 50878.66, "Total Cost": 511387.97, "Plan Rows": 1, "Plan Width": 8, "Actual Startup Time": 1226.968, "Actual Total Time": 3001.985, "Actual Rows": 2214, "Actual Loops": 3, "Inner Unique": true, "Plans": [{"Node Type": "Hash Join", "Parent Relationship": "Outer", "Parallel Aware": true, "Join Type": "Inner", "Startup Cost": 50878.23, "Total Cost": 511127.48, "Plan Rows": 569, "Plan Width": 12, "Actual Startup Time": 243.52, "Actual Total Time": 2359.907, "Actual Rows": 346131, "Actual Loops": 3, "Inner Unique": false, "Hash Cond": "(ci.movie_id = mk.movie_id)", "Plans": [{"Node Type": "Seq Scan", "Parent Relationship": "Outer", "Parallel Aware": true, "Relation Name": "cast_info", "Alias": "ci", "Startup Cost": 0.0, "Total Cost": 403639.65, "Plan Rows": 15095265, "Plan Width": 8, "Actual Startup Time": 0.032, "Actual Total Time": 853.563, "Actual Rows": 12081448, "Actual Loops": 3}, {"Node Type": "Hash", "Parent Relationship": "Inner", "Parallel Aware": true, "Startup Cost": 50878.05, "Total Cost": 50878.05, "Plan Rows": 14, "Plan Width": 4, "Actual Startup Time": 243.332, "Actual Total Time": 243.334, "Actual Rows": 13947, "Actual Loops": 3, "Hash Buckets": 65536, "Original Hash Buckets": 1024, "Hash Batches": 1, "Original Hash Batches": 1, "Peak Memory Usage": 2680, "Plans": [{"Node Type": "Hash Join", "Parent Relationship": "Outer", "Parallel Aware": false, "Join Type": "Inner", "Startup Cost": 2626.14, "Total Cost": 50878.05, "Plan Rows": 14, "Plan Width": 4, "Actual Startup Time": 12.075, "Actual Total Time": 220.095, "Actual Rows": 13947, "Actual Loops": 3, "Inner Unique": true, "Hash Cond": "(mk.keyword_id = k.id)", "Plans": [{"Node Type": "Seq Scan", "Parent Relationship": "Outer", "Parallel Aware": true, "Relation Name": "movie_keyword", "Alias": "mk", "Startup Cost": 0.0, "Total Cost": 43303.71, "Plan Rows": 1884971, "Plan Width": 8, "Actual Startup Time": 0.01, "Actual Total Time": 102.967, "Actual Rows": 1507977, "Actual Loops": 3}, {"Node Type": "Hash", "Parent Relationship": "Inner", "Parallel Aware": false, "Startup Cost": 2626.12, "Total Cost": 2626.12, "Plan Rows": 1, "Plan Width": 4, "Actual Startup Time": 12.025, "Actual Total Time": 12.025, "Actual Rows": 1, "Actual Loops": 3, "Hash Buckets": 1024, "Original Hash Buckets": 1024, "Hash Batches": 1, "Original Hash Batches": 1, "Peak Memory Usage": 9, "Plans": [{"Node Type": "Seq Scan", "Parent Relationship": "Outer", "Parallel Aware": false, "Relation Name": "keyword", "Alias": "k", "Startup Cost": 0.0, "Total Cost": 2626.12, "Plan Rows": 1, "Plan Width": 4, "Actual Startup Time": 0.579, "Actual Total Time": 12.021, "Actual Rows": 1, "Actual Loops": 3, "Filter": "((keyword)::text = 'character-name-in-title'::text)", "Rows Removed by Filter": 134169}]}]}]}]}, {"Node Type": "Index Scan", "Parent Relationship": "Inner", "Parallel Aware": false, "Scan Direction": "Forward", "Index Name": "name_pkey", "Relation Name": "name", "Alias": "n", "Startup Cost": 0.43, "Total Cost": 0.46, "Plan Rows": 1, "Plan Width": 4, "Actual Startup Time": 0.002, "Actual Total Time": 0.002, "Actual Rows": 0, "Actual Loops": 1038393, "Index Cond": "(id = ci.person_id)", "Rows Removed by Index Recheck": 0, "Filter": "((name)::text ~~ 'Z%'::text)", "Rows Removed by Filter": 1}]}]}]}, {"Node Type": "Index Only Scan", "Parent Relationship": "Inner", "Parallel Aware": false, "Scan Direction": "Forward", "Index Name": "company_name_pkey", "Relation Name": "company_name", "Alias": "cn", "Startup Cost": 0.42, "Total Cost": 0.44, "Plan Rows": 1, "Plan Width": 4, "Actual Startup Time": 0.002, "Actual Total Time": 0.002, "Actual Rows": 1, "Actual Loops": 52306, "Index Cond": "(id = mc.company_id)", "Rows Removed by Index Recheck": 0, "Heap Fetches": 52306}]}, {"Node Type": "Index Only Scan", "Parent Relationship": "Inner", "Parallel Aware": false, "Scan Direction": "Forward", "Index Name": "title_pkey", "Relation Name": "title", "Alias": "t", "Startup Cost": 0.43, "Total Cost": 0.45, "Plan Rows": 1, "Plan Width": 4, "Actual Startup Time": 0.002, "Actual Total Time": 0.002, "Actual Rows": 1, "Actual Loops": 52306, "Index Cond": "(id = ci.movie_id)", "Rows Removed by Index Recheck": 0, "Heap Fetches": 52306}]}]}]}]}, "Planning Time": 80.474, "Triggers": [], "Execution Time": 3828.727}]
[{"Bao": {"Bao prediction": 1752.05, "Bao recommended hint": "SET enable_mergejoin TO off; "}}, {"Plan": {"Node Type": "Aggregate", "Strategy": "Plain", "Partial Mode": "Simple", "Parallel Aware": false, "Startup Cost": 840797.1, "Total Cost": 840797.11, "Plan Rows": 1, "Plan Width": 8, "Actual Startup Time": 3423.22, "Actual Total Time": 3471.345, "Actual Rows": 1, "Actual Loops": 1, "Plans": [{"Node Type": "Nested Loop", "Parent Relationship": "Outer", "Parallel Aware": false, "Join Type": "Inner", "Startup Cost": 340875.27, "Total Cost": 840797.09, "Plan Rows": 1, "Plan Width": 0, "Actual Startup Time": 2852.638, "Actual Total Time": 3470.893, "Actual Rows": 8024, "Actual Loops": 1, "Inner Unique": true, "Plans": [{"Node Type": "Nested Loop", "Parent Relationship": "Outer", "Parallel Aware": false, "Join Type": "Inner", "Startup Cost": 340875.12, "Total Cost": 840796.92, "Plan Rows": 1, "Plan Width": 4, "Actual Startup Time": 2852.633, "Actual Total Time": 3463.095, "Actual Rows": 9735, "Actual Loops": 1, "Inner Unique": true, "Plans": [{"Node Type": "Gather", "Parent Relationship": "Outer", "Parallel Aware": false, "Startup Cost": 340874.69, "Total Cost": 840795.82, "Plan Rows": 1, "Plan Width": 8, "Actual Startup Time": 2852.617, "Actual Total Time": 3438.999, "Actual Rows": 14409, "Actual Loops": 1, "Workers Planned": 2, "Workers Launched": 2, "Single Copy": false, "Plans": [{"Node Type": "Hash Join", "Parent Relationship": "Outer", "Parallel Aware": true, "Join Type": "Inner", "Startup Cost": 339874.69, "Total Cost": 839795.72, "Plan Rows": 1, "Plan Width": 8, "Actual Startup Time": 2849.821, "Actual Total Time": 3408.308, "Actual Rows": 4803, "Actual Loops": 3, "Inner Unique": false, "Hash Cond": "(ci.movie_id = t.id)", "Plans": [{"Node Type": "Seq Scan", "Parent Relationship": "Outer", "Parallel Aware": true, "Relation Name": "cast_info", "Alias": "ci", "Startup Cost": 0.0, "Total Cost": 497985.06, "Plan Rows": 516258, "Plan Width": 8, "Actual Startup Time": 74.993, "Actual Total Time": 1372.596, "Actual Rows": 414905, "Actual Loops": 3, "Filter": "((note)::text = ANY ('{(writer),\"(head writer)\",\"(written by)\",(story),\"(story editor)\"}'::text[]))", "Rows Removed by Filter": 11666543}, {"Node Type": "Hash", "Parent Relationship": "Inner", "Parallel Aware": true, "Startup Cost": 339874.68, "Total Cost": 339874.68, "Plan Rows": 1, "Plan Width": 24, "Actual Startup Time": 2001.767, "Actual Total Time": 2001.783, "Actual Rows": 6181, "Actual Loops": 3, "Hash Buckets": 32768, "Original Hash Buckets": 1024, "Hash Batches": 1, "Original Hash Batches": 1, "Peak Memory Usage": 1592, "Plans": [{"Node Type": "Nested Loop", "Parent Relationship": "Outer", "Parallel Aware": false, "Join Type": "Inner", "Startup Cost": 289501.98, "Total Cost": 339874.68, "Plan Rows": 1, "Plan Width": 24, "Actual Startup Time": 1107.295, "Actual Total Time": 1854.44, "Actual Rows": 6181, "Actual Loops": 3, "Inner Unique": true, "Plans": [{"Node Type": "Hash Join", "Parent Relationship": "Outer", "Parallel Aware": true, "Join Type": "Inner", "Startup Cost": 289501.56, "Total Cost": 339873.92, "Plan Rows": 1, "Plan Width": 28, "Actual Startup Time": 1105.322, "Actual Total Time": 1362.926, "Actual Rows": 282941, "Actual Loops": 3, "Inner Unique": false, "Hash Cond": "(mk.movie_id = t.id)", "Plans": [{"Node Type": "Seq Scan", "Parent Relationship": "Outer", "Parallel Aware": true, "Relation Name": "movie_keyword", "Alias": "mk", "Startup Cost": 0.0, "Total Cost": 43303.71, "Plan Rows": 1884971, "Plan Width": 8, "Actual Startup Time": 0.013, "Actual Total Time": 100.141, "Actual Rows": 1507977, "Actual Loops": 3}, {"Node Type": "Hash", "Parent Relationship": "Inner", "Parallel Aware": true, "Startup Cost": 289501.55, "Total Cost": 289501.55, "Plan Rows": 1, "Plan Width": 20, "Actual Startup Time": 1104.522, "Actual Total Time": 1104.535, "Actual Rows": 4413, "Actual Loops": 3, "Hash Buckets": 16384, "Original Hash Buckets": 1024, "Hash Batches": 1, "Original Hash Batches": 1, "Peak Memory Usage": 984, "Plans": [{"Node Type": "Nested Loop", "Parent Relationship": "Outer", "Parallel Aware": false, "Join Type": "Inner", "Startup Cost": 273660.05, "Total Cost": 289501.55, "Plan Rows": 1, "Plan Width": 20, "Actual Startup Time": 1002.983, "Actual Total Time": 1086.763, "Actual Rows": 4413, "Actual Loops": 3, "Inner Unique": true, "Plans": [{"Node Type": "Hash Join", "Parent Relationship": "Outer", "Parallel Aware": true, "Join Type": "Inner", "Startup Cost": 273659.91, "Total Cost": 289501.37, "Plan Rows": 1, "Plan Width": 24, "Actual Startup Time": 1002.959, "Actual Total Time": 1074.662, "Actual Rows": 13344, "Actual Loops": 3, "Inner Unique": false, "Hash Cond": "(mi_idx.movie_id = t.id)", "Plans": [{"Node Type": "Seq Scan", "Parent Relationship": "Outer", "Parallel Aware": true, "Relation Name": "movie_info_idx", "Alias": "mi_idx", "Startup Cost": 0.0, "Total Cost": 13685.15, "Plan Rows": 575015, "Plan Width": 8, "Actual Startup Time": 0.013, "Actual Total Time": 31.779, "Actual Rows": 460012, "Actual Loops": 3}, {"Node Type": "Hash", "Parent Relationship": "Inner", "Parallel Aware": true, "Startup Cost": 273659.89, "Total Cost": 273659.89, "Plan Rows": 1, "Plan Width": 16, "Actual Startup Time": 1002.311, "Actual Total Time": 1002.32, "Actual Rows": 4427, "Actual Loops": 3, "Hash Buckets": 16384, "Original Hash Buckets": 1024, "Hash Batches": 1, "Original Hash Batches": 1, "Peak Memory Usage": 920, "Plans": [{"Node Type": "Nested Loop", "Parent Relationship": "Outer", "Parallel Aware": false, "Join Type": "Inner", "Startup Cost": 2469.87, "Total Cost": 273659.89, "Plan Rows": 1, "Plan Width": 16, "Actual Startup Time": 836.52, "Actual Total Time": 968.746, "Actual Rows": 4427, "Actual Loops": 3, "Inner Unique": true, "Plans": [{"Node Type": "Hash Join", "Parent Relationship": "Outer", "Parallel Aware": false, "Join Type": "Inner", "Startup Cost": 2469.44, "Total Cost": 273658.17, "Plan Rows": 1, "Plan Width": 12, "Actual Startup Time": 836.483, "Actual Total Time": 955.501, "Actual Rows": 4427, "Actual Loops": 3, "Inner Unique": true, "Hash Cond": "(mi.info_type_id = it1.id)", "Plans": [{"Node Type": "Hash Join", "Parent Relationship": "Outer", "Parallel Aware": false, "Join Type": "Inner", "Startup Cost": 2467.01, "Total Cost": 273655.36, "Plan Rows": 144, "Plan Width": 16, "Actual Startup Time": 600.356, "Actual Total Time": 954.729, "Actual Rows": 5289, "Actual Loops": 3, "Inner Unique": false, "Hash Cond": "(mi.movie_id = cc.movie_id)", "Plans": [{"Node Type": "Seq Scan", "Parent Relationship": "Outer", "Parallel Aware": true, "Relation Name": "movie_info", "Alias": "mi", "Startup Cost": 0.0, "Total Cost": 270917.11, "Plan Rows": 71947, "Plan Width": 8, "Actual Startup Time": 539.782, "Actual Total Time": 921.275, "Actual Rows": 62990, "Actual Loops": 3, "Filter": "((info)::text = ANY ('{Horror,Action,Sci-Fi,Thriller,Crime,War}'::text[]))", "Rows Removed by Filter": 4882250}, {"Node Type": "Hash", "Parent Relationship": "Inner", "Parallel Aware": false, "Startup Cost": 2457.5, "Total Cost": 2457.5, "Plan Rows": 761, "Plan Width": 8, "Actual Startup Time": 23.582, "Actual Total Time": 23.584, "Actual Rows": 24592, "Actual Loops": 3, "Hash Buckets": 32768, "Original Hash Buckets": 1024, "Hash Batches": 1, "Original Hash Batches": 1, "Peak Memory Usage": 1217, "Plans": [{"Node Type": "Hash Join", "Parent Relationship": "Outer", "Parallel Aware": false, "Join Type": "Inner", "Startup Cost": 18.93, "Total Cost": 2457.5, "Plan Rows": 761, "Plan Width": 8, "Actual Startup Time": 0.047, "Actual Total Time": 20.686, "Actual Rows": 24592, "Actual Loops": 3, "Inner Unique": true, "Hash Cond": "(cc.status_id = cct2.id)", "Plans": [{"Node Type": "Seq Scan", "Parent Relationship": "Outer", "Parallel Aware": false, "Relation Name": "complete_cast", "Alias": "cc", "Startup Cost": 0.0, "Total Cost": 2081.86, "Plan Rows": 135086, "Plan Width": 12, "Actual Startup Time": 0.025, "Actual Total Time": 8.63, "Actual Rows": 135086, "Actual Loops": 3}, {"Node Type": "Hash", "Parent Relationship": "Inner", "Parallel Aware": false, "Startup Cost": 18.88, "Total Cost": 18.88, "Plan Rows": 4, "Plan Width": 4, "Actual Startup Time": 0.011, "Actual Total Time": 0.012, "Actual Rows": 1, "Actual Loops": 3, "Hash Buckets": 1024, "Original Hash Buckets": 1024, "Hash Batches": 1, "Original Hash Batches": 1, "Peak Memory Usage": 9, "Plans": [{"Node Type": "Seq Scan", "Parent Relationship": "Outer", "Parallel Aware": false, "Relation Name": "comp_cast_type", "Alias": "cct2", "Startup Cost": 0.0, "Total Cost": 18.88, "Plan Rows": 4, "Plan Width": 4, "Actual Startup Time": 0.008, "Actual Total Time": 0.009, "Actual Rows": 1, "Actual Loops": 3, "Filter": "((kind)::text = 'complete+verified'::text)", "Rows Removed by Filter": 3}]}]}]}]}, {"Node Type": "Hash", "Parent Relationship": "Inner", "Parallel Aware": false, "Startup Cost": 2.41, "Total Cost": 2.41, "Plan Rows": 1, "Plan Width": 4, "Actual Startup Time": 0.031, "Actual Total Time": 0.032, "Actual Rows": 1, "Actual Loops": 3, "Hash Buckets": 1024, "Original Hash Buckets": 1024, "Hash Batches": 1, "Original Hash Batches": 1, "Peak Memory Usage": 9, "Plans": [{"Node Type": "Seq Scan", "Parent Relationship": "Outer", "Parallel Aware": false, "Relation Name": "info_type", "Alias": "it1", "Startup Cost": 0.0, "Total Cost": 2.41, "Plan Rows": 1, "Plan Width": 4, "Actual Startup Time": 0.02, "Actual Total Time": 0.028, "Actual Rows": 1, "Actual Loops": 3, "Filter": "((info)::text = 'genres'::text)", "Rows Removed by Filter": 112}]}]}, {"Node Type": "Index Only Scan", "Parent Relationship": "Inner", "Parallel Aware": false, "Scan Direction": "Forward", "Index Name": "title_pkey", "Relation Name": "title", "Alias": "t", "Startup Cost": 0.43, "Total Cost": 1.72, "Plan Rows": 1, "Plan Width": 4, "Actual Startup Time": 0.003, "Actual Total Time": 0.003, "Actual Rows": 1, "Actual Loops": 13281, "Index Cond": "(id = mi.movie_id)", "Rows Removed by Index Recheck": 0, "Heap Fetches": 13281}]}]}]}, {"Node Type": "Index Scan", "Parent Relationship": "Inner", "Parallel Aware": false, "Scan Direction": "Forward", "Index Name": "info_type_pkey", "Relation Name": "info_type", "Alias": "it2", "Startup Cost": 0.14, "Total Cost": 0.16, "Plan Rows": 1, "Plan Width": 4, "Actual Startup Time": 0.001, "Actual Total Time": 0.001, "Actual Rows": 0, "Actual Loops": 40033, "Index Cond": "(id = mi_idx.info_type_id)", "Rows Removed by Index Recheck": 0, "Filter": "((info)::text = 'votes'::text)", "Rows Removed by Filter": 1}]}]}]}, {"Node Type": "Index Scan", "Parent Relationship": "Inner", "Parallel Aware": false, "Scan Direction": "Forward", "Index Name": "keyword_pkey", "Relation Name": "keyword", "Alias": "k", "Startup Cost": 0.42, "Total Cost": 0.69, "Plan Rows": 1, "Plan Width": 4, "Actual Startup Time": 0.002, "Actual Total Time": 0.002, "Actual Rows": 0, "Actual Loops": 848823, "Index Cond": "(id = mk.keyword_id)", "Rows Removed by Index Recheck": 0, "Filter": "((keyword)::text = ANY ('{murder,violence,blood,gore,death,female-nudity,hospital}'::text[]))", "Rows Removed by Filter": 1}]}]}]}]}, {"Node Type": "Index Scan", "Parent Relationship": "Inner", "Parallel Aware": false, "Scan Direction": "Forward", "Index Name": "name_pkey", "Relation Name": "name", "Alias": "n", "Startup Cost": 0.43, "Total Cost": 1.09, "Plan Rows": 1, "Plan Width": 4, "Actual Startup Time": 0.001, "Actual Total Time": 0.001, "Actual Rows": 1, "Actual Loops": 14409, "Index Cond": "(id = ci.person_id)", "Rows Removed by Index Recheck": 0, "Filter": "((gender)::text = 'm'::text)", "Rows Removed by Filter": 0}]}, {"Node Type": "Index Scan", "Parent Relationship": "Inner", "Parallel Aware": false, "Scan Direction": "Forward", "Index Name": "comp_cast_type_pkey", "Relation Name": "comp_cast_type", "Alias": "cct1", "Startup Cost": 0.15, "Total Cost": 0.17, "Plan Rows": 1, "Plan Width": 4, "Actual Startup Time": 0.001, "Actual Total Time": 0.001, "Actual Rows": 1, "Actual Loops": 9735, "Index Cond": "(id = cc.subject_id)", "Rows Removed by Index Recheck": 0, "Filter": "((kind)::text = 'cast'::text)", "Rows Removed by Filter": 0}]}]}, "Planning Time": 207.021, "Triggers": [], "Execution Time": 3471.475}]
[{"Bao": {"Bao prediction": 1867.092, "Bao recommended hint": "(no hint)"}}, {"Plan": {"Node Type": "Aggregate", "Strategy": "Plain", "Partial Mode": "Simple", "Parallel Aware": false, "Startup Cost": 514326.01, "Total Cost": 514326.02, "Plan Rows": 1, "Plan Width": 8, "Actual Startup Time": 2925.609, "Actual Total Time": 2963.224, "Actual Rows": 1, "Actual Loops": 1, "Plans": [{"Node Type": "Gather", "Parent Relationship": "Outer", "Parallel Aware": false, "Startup Cost": 52940.46, "Total Cost": 514326.0, "Plan Rows": 1, "Plan Width": 0, "Actual Startup Time": 538.687, "Actual Total Time": 2963.211, "Actual Rows": 88, "Actual Loops": 1, "Workers Planned": 2, "Workers Launched": 2, "Single Copy": false, "Plans": [{"Node Type": "Nested Loop", "Parent Relationship": "Outer", "Parallel Aware": false, "Join Type": "Inner", "Startup Cost": 51940.46, "Total Cost": 513325.9, "Plan Rows": 1, "Plan Width": 0, "Actual Startup Time": 536.703, "Actual Total Time": 2923.433, "Actual Rows": 29, "Actual Loops": 3, "Inner Unique": true, "Plans": [{"Node Type": "Hash Join", "Parent Relationship": "Outer", "Parallel Aware": true, "Join Type": "Inner", "Startup Cost": 51940.03, "Total Cost": 512190.57, "Plan Rows": 2480, "Plan Width": 4, "Actual Startup Time": 316.355, "Actual Total Time": 2427.481, "Actual Rows": 261826, "Actual Loops": 3, "Inner Unique": false, "Hash Cond": "(ci.movie_id = t.id)", "Plans": [{"Node Type": "Seq Scan", "Parent Relationship": "Outer", "Parallel Aware": true, "Relation Name": "cast_info", "Alias": "ci", "Startup Cost": 0.0, "Total Cost": 403639.65, "Plan Rows": 15095265, "Plan Width": 8, "Actual Startup Time": 0.013, "Actual Total Time": 861.633, "Actual Rows": 12081448, "Actual Loops": 3}, {"Node Type": "Hash", "Parent Relationship": "Inner", "Parallel Aware": true, "Startup Cost": 51939.27, "Total Cost": 51939.27, "Plan Rows": 61, "Plan Width": 8, "Actual Startup Time": 315.921, "Actual Total Time": 315.924, "Actual Rows": 4722, "Actual Loops": 3, "Hash Buckets": 16384, "Original Hash Buckets": 1024, "Hash Batches": 1, "Original Hash Batches": 1, "Peak Memory Usage": 856, "Plans": [{"Node Type": "Nested Loop", "Parent Relationship": "Outer", "Parallel Aware": false, "Join Type": "Inner", "Startup Cost": 3632.93, "Total Cost": 51939.27, "Plan Rows": 61, "Plan Width": 8, "Actual Startup Time": 28.781, "Actual Total Time": 264.991, "Actual Rows": 4722, "Actual Loops": 3, "Inner Unique": true, "Plans": [{"Node Type": "Hash Join", "Parent Relationship": "Outer", "Parallel Aware": false, "Join Type": "Inner", "Startup Cost": 3632.5, "Total Cost": 51884.41, "Plan Rows": 112, "Plan Width": 4, "Actual Startup Time": 28.758, "Actual Total Time": 233.496, "Actual Rows": 11849, "Actual Loops": 3, "Inner Unique": true, "Hash Cond": "(mk.keyword_id = k.id)", "Plans": [{"Node Type": "Seq Scan", "Parent Relationship": "Outer", "Parallel Aware": true, "Relation Name": "movie_keyword", "Alias": "mk", "Startup Cost": 0.0, "Total Cost": 43303.71, "Plan Rows": 1884971, "Plan Width": 8, "Actual Startup Time": 0.016, "Actual Total Time": 98.774, "Actual Rows": 1507977, "Actual Loops": 3}, {"Node Type": "Hash", "Parent Relationship": "Inner", "Parallel Aware": false, "Startup Cost": 3632.4, "Total Cost": 3632.4, "Plan Rows": 8, "Plan Width": 4, "Actual Startup Time": 28.669, "Actual Total Time": 28.671, "Actual Rows": 8, "Actual Loops": 3, "Hash Buckets": 1024, "Original Hash Buckets": 1024, "Hash Batches": 1, "Original Hash Batches": 1, "Peak Memory Usage": 9, "Plans": [{"Node Type": "Seq Scan", "Parent Relationship": "Outer", "Parallel Aware": false, "Relation Name": "keyword", "Alias": "k", "Startup Cost": 0.0, "Total Cost": 3632.4, "Plan Rows": 8, "Plan Width": 4, "Actual Startup Time": 0.127, "Actual Total Time": 28.664, "Actual Rows": 8, "Actual Loops": 3, "Filter": "((keyword)::text = ANY ('{superhero,sequel,second-part,marvel-comics,based-on-comic,tv-special,fight,violence}'::text[]))", "Rows Removed by Filter": 134162}]}]}, {"Node Type": "Index Scan", "Parent Relationship": "Inner", "Parallel Aware": false, "Scan Direction": "Forward", "Index Name": "title_pkey", "Relation Name": "title", "Alias": "t", "Startup Cost": 0.43, "Total Cost": 0.49, "Plan Rows": 1, "Plan Width": 4, "Actual Startup Time": 0.002, "Actual Total Time": 0.002, "Actual Rows": 0, "Actual Loops": 35548, "Index Cond": "(id = mk.movie_id)", "Rows Removed by Index Recheck": 0, "Filter": "(production_year > 2000)", "Rows Removed by Filter": 1}]}]}]}, {"Node Type": "Index Scan", "Parent Relationship": "Inner", "Parallel Aware": false, "Scan Direction": "Forward", "Index Name": "name_pkey", "Relation Name": "name", "Alias": "n", "Startup Cost": 0.43, "Total Cost": 0.46, "Plan Rows": 1, "Plan Width": 4, "Actual Startup Time": 0.002, "Actual Total Time": 0.002, "Actual Rows": 0, "Actual Loops": 785477, "Index Cond": "(id = ci.person_id)", "Rows Removed by Index Recheck": 0, "Filter": "((name)::text ~~ '%Downey%Robert%'::text)", "Rows Removed by Filter": 1}]}]}]}, "Planning Time": 79.262, "Triggers": [], "Execution Time": 2963.284}]
[{"Bao": {"Bao prediction": 1846.649, "Bao recommended hint": "SET enable_mergejoin TO off; SET enable_indexscan TO off; "}}, {"Plan": {"Node Type": "Aggregate", "Strategy": "Plain", "Partial Mode": "Simple", "Parallel Aware": false, "Startup Cost": 381981.11, "Total Cost": 381981.12, "Plan Rows": 1, "Plan Width": 8, "Actual Startup Time": 1571.687, "Actual Total Time": 1594.969, "Actual Rows": 1, "Actual Loops": 1, "Plans": [{"Node Type": "Nested Loop", "Parent Relationship": "Outer", "Parallel Aware": false, "Join Type": "Inner", "Startup Cost": 350318.08, "Total Cost": 381981.1, "Plan Rows": 1, "Plan Width": 0, "Actual Startup Time": 1475.829, "Actual Total Time": 1594.909, "Actual Rows": 743, "Actual Loops": 1, "Inner Unique": true, "Plans": [{"Node Type": "Gather", "Parent Relationship": "Outer", "Parallel Aware": false, "Startup Cost": 350317.65, "Total Cost": 381976.65, "Plan Rows": 1, "Plan Width": 4, "Actual Startup Time": 1474.862, "Actual Total Time": 1590.732, "Actual Rows": 1808, "Actual Loops": 1, "Workers Planned": 2, "Workers Launched": 2, "Single Copy": false, "Plans": [{"Node Type": "Nested Loop", "Parent Relationship": "Outer", "Parallel Aware": false, "Join Type": "Inner", "Startup Cost": 349317.65, "Total Cost": 380976.55, "Plan Rows": 1, "Plan Width": 4, "Actual Startup Time": 1471.952, "Actual Total Time": 1534.975, "Actual Rows": 603, "Actual Loops": 3, "Inner Unique": true, "Plans": [{"Node Type": "Hash Join", "Parent Relationship": "Outer", "Parallel Aware": true, "Join Type": "Inner", "Startup Cost": 349317.49, "Total Cost": 380970.78, "Plan Rows": 1, "Plan Width": 8, "Actual Startup Time": 1460.252, "Actual Total Time": 1534.0, "Actual Rows": 638, "Actual Loops": 3, "Inner Unique": false, "Hash Cond": "(mc.movie_id = ml.movie_id)", "Plans": [{"Node Type": "Seq Scan", "Parent Relationship": "Outer", "Parallel Aware": true, "Relation Name": "movie_companies", "Alias": "mc", "Startup Cost": 0.0, "Total Cost": 29661.37, "Plan Rows": 531175, "Plan Width": 12, "Actual Startup Time": 0.042, "Actual Total Time": 73.89, "Actual Rows": 423996, "Actual Loops": 3, "Filter": "(note IS NULL)", "Rows Removed by Filter": 445713}, {"Node Type": "Hash", "Parent Relationship": "Inner", "Parallel Aware": true, "Startup Cost": 349317.48, "Total Cost": 349317.48, "Plan Rows": 1, "Plan Width": 20, "Actual Startup Time": 1435.939, "Actual Total Time": 1435.948, "Actual Rows": 84, "Actual Loops": 3, "Hash Buckets": 1024, "Original Hash Buckets": 1024, "Hash Batches": 1, "Original Hash Batches": 1, "Peak Memory Usage": 104, "Plans": [{"Node Type": "Nested Loop", "Parent Relationship": "Outer", "Parallel Aware": false, "Join Type": "Inner", "Startup Cost": 298852.49, "Total Cost": 349317.48, "Plan Rows": 1, "Plan Width": 20, "Actual Startup Time": 1222.312, "Actual Total Time": 1435.815, "Actual Rows": 84, "Actual Loops": 3, "Inner Unique": true, "Plans": [{"Node Type": "Hash Join", "Parent Relationship": "Outer", "Parallel Aware": true, "Join Type": "Inner", "Startup Cost": 298852.06, "Total Cost": 349224.6, "Plan Rows": 20, "Plan Width": 24, "Actual Startup Time": 1221.506, "Actual Total Time": 1430.201, "Actual Rows": 2332, "Actual Loops": 3, "Inner Unique": false, "Hash Cond": "(mk.movie_id = ml.movie_id)", "Plans": [{"Node Type": "Seq Scan", "Parent Relationship": "Outer", "Parallel Aware": true, "Relation Name": "movie_keyword", "Alias": "mk", "Startup Cost": 0.0, "Total Cost": 43303.71, "Plan Rows": 1884971, "Plan Width": 8, "Actual Startup Time": 0.015, "Actual Total Time": 102.959, "Actual Rows": 1507977, "Actual Loops": 3}, {"Node Type": "Hash", "Parent Relationship": "Inner", "Parallel Aware": true, "Startup Cost": 298852.04, "Total Cost": 298852.04, "Plan Rows": 1, "Plan Width": 16, "Actual Startup Time": 1221.054, "Actual Total Time": 1221.061, "Actual Rows": 167, "Actual Loops": 3, "Hash Buckets": 1024, "Original Hash Buckets": 1024, "Hash Batches": 1, "Original Hash Batches": 1, "Peak Memory Usage": 104, "Plans": [{"Node Type": "Nested Loop", "Parent Relationship": "Outer", "Parallel Aware": false, "Join Type": "Inner", "Startup Cost": 3069.63, "Total Cost": 298852.04, "Plan Rows": 1, "Plan Width": 16, "Actual Startup Time": 792.848, "Actual Total Time": 1220.919, "Actual Rows": 167, "Actual Loops": 3, "Inner Unique": true, "Plans": [{"Node Type": "Hash Join", "Parent Relationship": "Outer", "Parallel Aware": false, "Join Type": "Inner", "Startup Cost": 3069.48, "Total Cost": 298846.27, "Plan Rows": 1, "Plan Width": 20, "Actual Startup Time": 792.827, "Actual Total Time": 1220.614, "Actual Rows": 167, "Actual Loops": 3, "Inner Unique": false, "Hash Cond": "(mi.movie_id = ml.movie_id)", "Plans": [{"Node Type": "Seq Scan", "Parent Relationship": "Outer", "Parallel Aware": true, "Relation Name": "movie_info", "Alias": "mi", "Startup Cost": 0.0, "Total Cost": 294257.98, "Plan Rows": 405012, "Plan Width": 4, "Actual Startup Time": 0.025, "Actual Total Time": 1146.754, "Actual Rows": 312074, "Actual Loops": 3, "Filter": "((info)::text = ANY ('{Sweden,Norway,Germany,Denmark,Swedish,Denish,Norwegian,German,English}'::text[]))", "Rows Removed by Filter": 4633166}, {"Node Type": "Hash", "Parent Relationship": "Inner", "Parallel Aware": false, "Startup Cost": 3069.46, "Total Cost": 3069.46, "Plan Rows": 1, "Plan Width": 16, "Actual Startup Time": 55.852, "Actual Total Time": 55.856, "Actual Rows": 228, "Actual Loops": 3, "Hash Buckets": 1024, "Original Hash Buckets": 1024, "Hash Batches": 1, "Original Hash Batches": 1, "Peak Memory Usage": 19, "Plans": [{"Node Type": "Nested Loop", "Parent Relationship": "Outer", "Parallel Aware": false, "Join Type": "Inner", "Startup Cost": 2486.6, "Total Cost": 3069.46, "Plan Rows": 1, "Plan Width": 16, "Actual Startup Time": 42.482, "Actual Total Time": 55.806, "Actual Rows": 228, "Actual Loops": 3, "Inner Unique": true, "Join Filter": "(ml.movie_id = t.id)", "Rows Removed by Join Filter": 0, "Plans": [{"Node Type": "Hash Join", "Parent Relationship": "Outer", "Parallel Aware": false, "Join Type": "Inner", "Startup Cost": 2485.9, "Total Cost": 3064.73, "Plan Rows": 1, "Plan Width": 12, "Actual Startup Time": 42.455, "Actual Total Time": 54.546, "Actual Rows": 228, "Actual Loops": 3, "Inner Unique": true, "Hash Cond": "(ml.link_type_id = lt.id)", "Plans": [{"Node Type": "Hash Join", "Parent Relationship": "Outer", "Parallel Aware": false, "Join Type": "Inner", "Startup Cost": 2467.01, "Total Cost": 3045.14, "Plan Rows": 267, "Plan Width": 16, "Actual Startup Time": 41.98, "Actual Total Time": 54.274, "Actual Rows": 3564, "Actual Loops": 3, "Inner Unique": false, "Hash Cond": "(ml.movie_id = cc.movie_id)", "Plans": [{"Node Type": "Seq Scan", "Parent Relationship": "Outer", "Parallel Aware": false, "Relation Name": "movie_link", "Alias": "ml", "Startup Cost": 0.0, "Total Cost": 462.97, "Plan Rows": 29997, "Plan Width": 8, "Actual Startup Time": 0.013, "Actual Total Time": 2.506, "Actual Rows": 29997, "Actual Loops": 3}, {"Node Type": "Hash", "Parent Relationship": "Inner", "Parallel Aware": false, "Startup Cost": 2457.5, "Total Cost": 2457.5, "Plan Rows": 761, "Plan Width": 8, "Actual Startup Time": 41.924, "Actual Total Time": 41.926, "Actual Rows": 85941, "Actual Loops": 3, "Hash Buckets": 131072, "Original Hash Buckets": 1024, "Hash Batches": 2, "Original Hash Batches": 1, "Peak Memory Usage": 3073, "Plans": [{"Node Type": "Hash Join", "Parent Relationship": "Outer", "Parallel Aware": false, "Join Type": "Inner", "Startup Cost": 18.93, "Total Cost": 2457.5, "Plan Rows": 761, "Plan Width": 8, "Actual Startup Time": 0.032, "Actual Total Time": 28.865, "Actual Rows": 85941, "Actual Loops": 3, "Inner Unique": true, "Hash Cond": "(cc.subject_id = cct1.id)", "Plans": [{"Node Type": "Seq Scan", "Parent Relationship": "Outer", "Parallel Aware": false, "Relation Name": "complete_cast", "Alias": "cc", "Startup Cost": 0.0, "Total Cost": 2081.86, "Plan Rows": 135086, "Plan Width": 12, "Actual Startup Time": 0.015, "Actual Total Time": 10.126, "Actual Rows": 135086, "Actual Loops": 3}, {"Node Type": "Hash", "Parent Relationship": "Inner", "Parallel Aware": false, "Startup Cost": 18.88, "Total Cost": 18.88, "Plan Rows": 4, "Plan Width": 4, "Actual Startup Time": 0.009, "Actual Total Time": 0.009, "Actual Rows": 1, "Actual Loops": 3, "Hash Buckets": 1024, "Original Hash Buckets": 1024, "Hash Batches": 1, "Original Hash Batches": 1, "Peak Memory Usage": 9, "Plans": [{"Node Type": "Seq Scan", "Parent Relationship": "Outer", "Parallel Aware": false, "Relation Name": "comp_cast_type", "Alias": "cct1", "Startup Cost": 0.0, "Total Cost": 18.88, "Plan Rows": 4, "Plan Width": 4, "Actual Startup Time": 0.007, "Actual Total Time": 0.007, "Actual Rows": 1, "Actual Loops": 3, "Filter": "((kind)::text = 'cast'::text)", "Rows Removed by Filter": 3}]}]}]}]}, {"Node Type": "Hash", "Parent Relationship": "Inner", "Parallel Aware": false, "Startup Cost": 18.88, "Total Cost": 18.88, "Plan Rows": 1, "Plan Width": 4, "Actual Startup Time": 0.026, "Actual Total Time": 0.026, "Actual Rows": 2, "Actual Loops": 3, "Hash Buckets": 1024, "Original Hash Buckets": 1024, "Hash Batches": 1, "Original Hash Batches": 1, "Peak Memory Usage": 9, "Plans": [{"Node Type": "Seq Scan", "Parent Relationship": "Outer", "Parallel Aware": false, "Relation Name": "link_type", "Alias": "lt", "Startup Cost": 0.0, "Total Cost": 18.88, "Plan Rows": 1, "Plan Width": 4, "Actual Startup Time": 0.018, "Actual Total Time": 0.021, "Actual Rows": 2, "Actual Loops": 3, "Filter": "((link)::text ~~ '%follow%'::text)", "Rows Removed by Filter": 16}]}]}, {"Node Type": "Bitmap Heap Scan", "Parent Relationship": "Inner", "Parallel Aware": false, "Relation Name": "title", "Alias": "t", "Startup Cost": 0.7, "Total Cost": 4.72, "Plan Rows": 1, "Plan Width": 4, "Actual Startup Time": 0.004, "Actual Total Time": 0.004, "Actual Rows": 1, "Actual Loops": 684, "Recheck Cond": "(id = cc.movie_id)", "Rows Removed by Index Recheck": 0, "Filter": "((production_year >= 1950) AND (production_year <= 2010))", "Rows Removed by Filter": 0, "Exact Heap Blocks": 228, "Lossy Heap Blocks": 0, "Plans": [{"Node Type": "Bitmap Index Scan", "Parent Relationship": "Outer", "Parallel Aware": false, "Index Name": "title_pkey", "Startup Cost": 0.0, "Total Cost": 0.7, "Plan Rows": 1, "Plan Width": 0, "Actual Startup Time": 0.003, "Actual Total Time": 0.003, "Actual Rows": 1, "Actual Loops": 684, "Index Cond": "(id = cc.movie_id)"}]}]}]}]}, {"Node Type": "Bitmap Heap Scan", "Parent Relationship": "Inner", "Parallel Aware": false, "Relation Name": "comp_cast_type", "Alias": "cct2", "Startup Cost": 0.16, "Total Cost": 4.17, "Plan Rows": 1, "Plan Width": 4, "Actual Startup Time": 0.001, "Actual Total Time": 0.001, "Actual Rows": 1, "Actual Loops": 500, "Recheck Cond": "(id = cc.status_id)", "Rows Removed by Index Recheck": 0, "Filter": "((kind)::text ~~ 'complete%'::text)", "Rows Removed by Filter": 0, "Exact Heap Blocks": 79, "Lossy Heap Blocks": 0, "Plans": [{"Node Type": "Bitmap Index Scan", "Parent Relationship": "Outer", "Parallel Aware": false, "Index Name": "comp_cast_type_pkey", "Startup Cost": 0.0, "Total Cost": 0.16, "Plan Rows": 1, "Plan Width": 0, "Actual Startup Time": 0.0, "Actual Total Time": 0.0, "Actual Rows": 1, "Actual Loops": 500, "Index Cond": "(id = cc.status_id)"}]}]}]}]}, {"Node Type": "Bitmap Heap Scan", "Parent Relationship": "Inner", "Parallel Aware": false, "Relation Name": "keyword", "Alias": "k", "Startup Cost": 0.43, "Total Cost": 4.44, "Plan Rows": 1, "Plan Width": 4, "Actual Startup Time": 0.002, "Actual Total Time": 0.002, "Actual Rows": 0, "Actual Loops": 6996, "Recheck Cond": "(id = mk.keyword_id)", "Rows Removed by Index Recheck": 0, "Filter": "((keyword)::text = 'sequel'::text)", "Rows Removed by Filter": 1, "Exact Heap Blocks": 2170, "Lossy Heap Blocks": 0, "Plans": [{"Node Type": "Bitmap Index Scan", "Parent Relationship": "Outer", "Parallel Aware": false, "Index Name": "keyword_pkey", "Startup Cost": 0.0, "Total Cost": 0.43, "Plan Rows": 1, "Plan Width": 0, "Actual Startup Time": 0.001, "Actual Total Time": 0.001, "Actual Rows": 1, "Actual Loops": 6996, "Index Cond": "(id = mk.keyword_id)"}]}]}]}]}, {"Node Type": "Bitmap Heap Scan", "Parent Relationship": "Inner", "Parallel Aware": false, "Relation Name": "company_type", "Alias": "ct", "Startup Cost": 0.16, "Total Cost": 4.17, "Plan Rows": 1, "Plan Width": 4, "Actual Startup Time": 0.001, "Actual Total Time": 0.001, "Actual Rows": 1, "Actual Loops": 1913, "Recheck Cond": "(id = mc.company_type_id)", "Rows Removed by Index Recheck": 0, "Filter": "((kind)::text = 'production companies'::text)", "Rows Removed by Filter": 0, "Exact Heap Blocks": 115, "Lossy Heap Blocks": 0, "Plans": [{"Node Type": "Bitmap Index Scan", "Parent Relationship": "Outer", "Parallel Aware": false, "Index Name": "company_type_pkey", "Startup Cost": 0.0, "Total Cost": 0.16, "Plan Rows": 1, "Plan Width": 0, "Actual Startup Time": 0.0, "Actual Total Time": 0.0, "Actual Rows": 1, "Actual Loops": 1913, "Index Cond": "(id = mc.company_type_id)"}]}]}]}, {"Node Type": "Bitmap Heap Scan", "Parent Relationship": "Inner", "Parallel Aware": false, "Relation Name": "company_name", "Alias": "cn", "Startup Cost": 0.43, "Total Cost": 4.45, "Plan Rows": 1, "Plan Width": 4, "Actual Startup Time": 0.002, "Actual Total Time": 0.002, "Actual Rows": 0, "Actual Loops": 1808, "Recheck Cond": "(id = mc.company_id)", "Rows Removed by Index Recheck": 0, "Filter": "(((country_code)::text <> '[pl]'::text) AND (((name)::text ~~ '%Film%'::text) OR ((name)::text ~~ '%Warner%'::text)))", "Rows Removed by Filter": 1, "Exact Heap Blocks": 1808, "Lossy Heap Blocks": 0, "Plans": [{"Node Type": "Bitmap Index Scan", "Parent Relationship": "Outer", "Parallel Aware": false, "Index Name": "company_name_pkey", "Startup Cost": 0.0, "Total Cost": 0.43, "Plan Rows": 1, "Plan Width": 0, "Actual Startup Time": 0.001, "Actual Total Time": 0.001, "Actual Rows": 1, "Actual Loops": 1808, "Index Cond": "(id = mc.company_id)"}]}]}]}, "Planning Time": 203.406, "Triggers": [], "Execution Time": 1595.106}]
[{"Bao": {"Bao prediction": 2960.537, "Bao recommended hint": "(no hint)"}}, {"Plan": {"Node Type": "Aggregate", "Strategy": "Plain", "Partial Mode": "Finalize", "Parallel Aware": false, "Startup Cost": 514108.77, "Total Cost": 514108.78, "Plan Rows": 1, "Plan Width": 8, "Actual Startup Time": 3480.053, "Actual Total Time": 3519.136, "Actual Rows": 1, "Actual Loops": 1, "Plans": [{"Node Type": "Gather", "Parent Relationship": "Outer", "Parallel Aware": false, "Startup Cost": 514108.56, "Total Cost": 514108.77, "Plan Rows": 2, "Plan Width": 8, "Actual Startup Time": 3477.083, "Actual Total Time": 3519.13, "Actual Rows": 3, "Actual Loops": 1, "Workers Planned": 2, "Workers Launched": 2, "Single Copy": false, "Plans": [{"Node Type": "Aggregate", "Strategy": "Plain", "Partial Mode": "Partial", "Parent Relationship": "Outer", "Parallel Aware": false, "Startup Cost": 513108.56, "Total Cost": 513108.57, "Plan Rows": 1, "Plan Width": 8, "Actual Startup Time": 3475.379, "Actual Total Time": 3475.397, "Actual Rows": 1, "Actual Loops": 3, "Plans": [{"Node Type": "Nested Loop", "Parent Relationship": "Outer", "Parallel Aware": false, "Join Type": "Inner", "Startup Cost": 462736.13, "Total Cost": 513108.55, "Plan Rows": 1, "Plan Width": 0, "Actual Startup Time": 2586.491, "Actual Total Time": 3475.257, "Actual Rows": 1802, "Actual Loops": 3, "Inner Unique": true, "Plans": [{"Node Type": "Nested Loop", "Parent Relationship": "Outer", "Parallel Aware": false, "Join Type": "Inner", "Startup Cost": 462735.7, "Total Cost": 513108.1, "Plan Rows": 1, "Plan Width": 4, "Actual Startup Time": 2586.464, "Actual Total Time": 3465.381, "Actual Rows": 1802, "Actual Loops": 3, "Inner Unique": true, "Plans": [{"Node Type": "Hash Join", "Parent Relationship": "Outer", "Parallel Aware": true, "Join Type": "Inner", "Startup Cost": 462735.28, "Total Cost": 513107.64, "Plan Rows": 1, "Plan Width": 8, "Actual Startup Time": 2585.865, "Actual Total Time": 2801.182, "Actual Rows": 382088, "Actual Loops": 3, "Inner Unique": false, "Hash Cond": "(mk.movie_id = t.id)", "Plans": [{"Node Type": "Seq Scan", "Parent Relationship": "Outer", "Parallel Aware": true, "Relation Name": "movie_keyword", "Alias": "mk", "Startup Cost": 0.0, "Total Cost": 43303.71, "Plan Rows": 1884971, "Plan Width": 8, "Actual Startup Time": 0.015, "Actual Total Time": 97.372, "Actual Rows": 1507977, "Actual Loops": 3}, {"Node Type": "Hash", "Parent Relationship": "Inner", "Parallel Aware": true, "Startup Cost": 462735.27, "Total Cost": 462735.27, "Plan Rows": 1, "Plan Width": 16, "Actual Startup Time": 2545.391, "Actual Total Time": 2545.407, "Actual Rows": 3588, "Actual Loops": 3, "Hash Buckets": 16384, "Original Hash Buckets": 1024, "Hash Batches": 1, "Original Hash Batches": 1, "Peak Memory Usage": 824, "Plans": [{"Node Type": "Nested Loop", "Parent Relationship": "Outer", "Parallel Aware": false, "Join Type": "Inner", "Startup Cost": 2488.29, "Total Cost": 462735.27, "Plan Rows": 1, "Plan Width": 16, "Actual Startup Time": 289.412, "Actual Total Time": 2363.877, "Actual Rows": 3588, "Actual Loops": 3, "Inner Unique": true, "Plans": [{"Node Type": "Hash Join", "Parent Relationship": "Outer", "Parallel Aware": false, "Join Type": "Inner", "Startup Cost": 2487.86, "Total Cost": 462734.81, "Plan Rows": 1, "Plan Width": 20, "Actual Startup Time": 289.22, "Actual Total Time": 2180.266, "Actual Rows": 131779, "Actual Loops": 3, "Inner Unique": false, "Hash Cond": "(ci.movie_id = t.id)", "Plans": [{"Node Type": "Seq Scan", "Parent Relationship": "Outer", "Parallel Aware": true, "Relation Name": "cast_info", "Alias": "ci", "Startup Cost": 0.0, "Total Cost": 403639.65, "Plan Rows": 15095265, "Plan Width": 12, "Actual Startup Time": 0.015, "Actual Total Time": 852.896, "Actual Rows": 12081448, "Actual Loops": 3}, {"Node Type": "Hash", "Parent Relationship": "Inner", "Parallel Aware": false, "Startup Cost": 2487.85, "Total Cost": 2487.85, "Plan Rows": 1, "Plan Width": 8, "Actual Startup Time": 289.161, "Actual Total Time": 289.171, "Actual Rows": 4696, "Actual Loops": 3, "Hash Buckets": 8192, "Original Hash Buckets": 1024, "Hash Batches": 1, "Original Hash Batches": 1, "Peak Memory Usage": 248, "Plans": [{"Node Type": "Nested Loop", "Parent Relationship": "Outer", "Parallel Aware": false, "Join Type": "Inner", "Startup Cost": 19.5, "Total Cost": 2487.85, "Plan Rows": 1, "Plan Width": 8, "Actual Startup Time": 0.208, "Actual Total Time": 288.145, "Actual Rows": 4696, "Actual Loops": 3, "Inner Unique": true, "Plans": [{"Node Type": "Nested Loop", "Parent Relationship": "Outer", "Parallel Aware": false, "Join Type": "Inner", "Startup Cost": 19.36, "Total Cost": 2487.67, "Plan Rows": 1, "Plan Width": 12, "Actual Startup Time": 0.146, "Actual Total Time": 264.835, "Actual Rows": 23557, "Actual Loops": 3, "Inner Unique": true, "Plans": [{"Node Type": "Nested Loop", "Parent Relationship": "Outer", "Parallel Aware": false, "Join Type": "Inner", "Startup Cost": 18.93, "Total Cost": 2485.89, "Plan Rows": 1, "Plan Width": 4, "Actual Startup Time": 0.043, "Actual Total Time": 65.714, "Actual Rows": 85941, "Actual Loops": 3, "Inner Unique": false, "Join Filter": "(cc.status_id = cct2.id)", "Rows Removed by Join Filter": 85941, "Plans": [{"Node Type": "Seq Scan", "Parent Relationship": "Outer", "Parallel Aware": false, "Relation Name": "comp_cast_type", "Alias": "cct2", "Startup Cost": 0.0, "Total Cost": 18.88, "Plan Rows": 1, "Plan Width": 4, "Actual Startup Time": 0.018, "Actual Total Time": 0.02, "Actual Rows": 2, "Actual Loops": 3, "Filter": "((kind)::text ~~ '%complete%'::text)", "Rows Removed by Filter": 2}, {"Node Type": "Hash Join", "Parent Relationship": "Inner", "Parallel Aware": false, "Join Type": "Inner", "Startup Cost": 18.93, "Total Cost": 2457.5, "Plan Rows": 761, "Plan Width": 8, "Actual Startup Time": 0.013, "Actual Total Time": 26.97, "Actual Rows": 85941, "Actual Loops": 6, "Inner Unique": true, "Hash Cond": "(cc.subject_id = cct1.id)", "Plans": [{"Node Type": "Seq Scan", "Parent Relationship": "Outer", "Parallel Aware": false, "Relation Name": "complete_cast", "Alias": "cc", "Startup Cost": 0.0, "Total Cost": 2081.86, "Plan Rows": 135086, "Plan Width": 12, "Actual Startup Time": 0.006, "Actual Total Time": 9.065, "Actual Rows": 135086, "Actual Loops": 6}, {"Node Type": "Hash", "Parent Relationship": "Inner", "Parallel Aware": false, "Startup Cost": 18.88, "Total Cost": 18.88, "Plan Rows": 4, "Plan Width": 4, "Actual Startup Time": 0.005, "Actual Total Time": 0.006, "Actual Rows": 1, "Actual Loops": 3, "Hash Buckets": 1024, "Original Hash Buckets": 1024, "Hash Batches": 1, "Original Hash Batches": 1, "Peak Memory Usage": 9, "Plans": [{"Node Type": "Seq Scan", "Parent Relationship": "Outer", "Parallel Aware": false, "Relation Name": "comp_cast_type", "Alias": "cct1", "Startup Cost": 0.0, "Total Cost": 18.88, "Plan Rows": 4, "Plan Width": 4, "Actual Startup Time": 0.002, "Actual Total Time": 0.003, "Actual Rows": 1, "Actual Loops": 3, "Filter": "((kind)::text = 'cast'::text)", "Rows Removed by Filter": 3}]}]}]}, {"Node Type": "Index Scan", "Parent Relationship": "Inner", "Parallel Aware": false, "Scan Direction": "Forward", "Index Name": "title_pkey", "Relation Name": "title", "Alias": "t", "Startup Cost": 0.43, "Total Cost": 1.78, "Plan Rows": 1, "Plan Width": 8, "Actual Startup Time": 0.002, "Actual Total Time": 0.002, "Actual Rows": 0, "Actual Loops": 257823, "Index Cond": "(id = cc.movie_id)", "Rows Removed by Index Recheck": 0, "Filter": "(production_year > 2000)", "Rows Removed by Filter": 1}]}, {"Node Type": "Index Scan", "Parent Relationship": "Inner", "Parallel Aware": false, "Scan Direction": "Forward", "Index Name": "kind_type_pkey", "Relation Name": "kind_type", "Alias": "kt", "Startup Cost": 0.15, "Total Cost": 0.17, "Plan Rows": 1, "Plan Width": 4, "Actual Startup Time": 0.001, "Actual Total Time": 0.001, "Actual Rows": 0, "Actual Loops": 70671, "Index Cond": "(id = t.kind_id)", "Rows Removed by Index Recheck": 0, "Filter": "((kind)::text = 'movie'::text)", "Rows Removed by Filter": 1}]}]}]}, {"Node Type": "Index Scan", "Parent Relationship": "Inner", "Parallel Aware": false, "Scan Direction": "Forward", "Index Name": "char_name_pkey", "Relation Name": "char_name", "Alias": "chn", "Startup Cost": 0.43, "Total Cost": 0.46, "Plan Rows": 1, "Plan Width": 4, "Actual Startup Time": 0.001, "Actual Total Time": 0.001, "Actual Rows": 0, "Actual Loops": 395336, "Index Cond": "(id = ci.person_role_id)", "Rows Removed by Index Recheck": 0, "Filter": "((name IS NOT NULL) AND (((name)::text ~~ '%man%'::text) OR ((name)::text ~~ '%Man%'::text)))", "Rows Removed by Filter": 0}]}]}]}, {"Node Type": "Index Scan", "Parent Relationship": "Inner", "Parallel Aware": false, "Scan Direction": "Forward", "Index Name": "keyword_pkey", "Relation Name": "keyword", "Alias": "k", "Startup Cost": 0.42, "Total Cost": 0.45, "Plan Rows": 1, "Plan Width": 4, "Actual Startup Time": 0.002, "Actual Total Time": 0.002, "Actual Rows": 0, "Actual Loops": 1146265, "Index Cond": "(id = mk.keyword_id)", "Rows Removed by Index Recheck": 0, "Filter": "((keyword)::text = ANY ('{superhero,marvel-comics,based-on-comic,tv-special,fight,violence,magnet,web,claw,laser}'::text[]))", "Rows Removed by Filter": 1}]}, {"Node Type": "Index Only Scan", "Parent Relationship": "Inner", "Parallel Aware": false, "Scan Direction": "Forward", "Index Name": "name_pkey", "Relation Name": "name", "Alias": "n", "Startup Cost": 0.43, "Total Cost": 0.46, "Plan Rows": 1, "Plan Width": 4, "Actual Startup Time": 0.005, "Actual Total Time": 0.005, "Actual Rows": 1, "Actual Loops": 5406, "Index Cond": "(id = ci.person_id)", "Rows Removed by Index Recheck": 0, "Heap Fetches": 5406}]}]}]}]}, "Planning Time": 102.956, "Triggers": [], "Execution Time": 3519.239}]
[{"Bao": {"Bao prediction": 1995.281, "Bao recommended hint": "(no hint)"}}, {"Plan": {"Node Type": "Aggregate", "Strategy": "Plain", "Partial Mode": "Finalize", "Parallel Aware": false, "Startup Cost": 838883.35, "Total Cost": 838883.36, "Plan Rows": 1, "Plan Width": 8, "Actual Startup Time": 2475.594, "Actual Total Time": 2526.066, "Actual Rows": 1, "Actual Loops": 1, "Plans": [{"Node Type": "Gather", "Parent Relationship": "Outer", "Parallel Aware": false, "Startup Cost": 838883.13, "Total Cost": 838883.34, "Plan Rows": 2, "Plan Width": 8, "Actual Startup Time": 2475.423, "Actual Total Time": 2526.052, "Actual Rows": 3, "Actual Loops": 1, "Workers Planned": 2, "Workers Launched": 2, "Single Copy": false, "Plans": [{"Node Type": "Aggregate", "Strategy": "Plain", "Partial Mode": "Partial", "Parent Relationship": "Outer", "Parallel Aware": false, "Startup Cost": 837883.13, "Total Cost": 837883.14, "Plan Rows": 1, "Plan Width": 8, "Actual Startup Time": 2472.704, "Actual Total Time": 2472.717, "Actual Rows": 1, "Actual Loops": 3, "Plans": [{"Node Type": "Nested Loop", "Parent Relationship": "Outer", "Parallel Aware": false, "Join Type": "Inner", "Startup Cost": 787509.16, "Total Cost": 837883.13, "Plan Rows": 1, "Plan Width": 0, "Actual Startup Time": 2413.922, "Actual Total Time": 2472.71, "Actual Rows": 28, "Actual Loops": 3, "Inner Unique": true, "Plans": [{"Node Type": "Nested Loop", "Parent Relationship": "Outer", "Parallel Aware": false, "Join Type": "Inner", "Startup Cost": 787508.73, "Total Cost": 837881.79, "Plan Rows": 1, "Plan Width": 4, "Actual Startup Time": 2413.886, "Actual Total Time": 2472.56, "Actual Rows": 28, "Actual Loops": 3, "Inner Unique": true, "Plans": [{"Node Type": "Hash Join", "Parent Relationship": "Outer", "Parallel Aware": true, "Join Type": "Inner", "Startup Cost": 787508.31, "Total Cost": 837880.67, "Plan Rows": 1, "Plan Width": 8, "Actual Startup Time": 2413.682, "Actual Total Time": 2470.935, "Actual Rows": 895, "Actual Loops": 3, "Inner Unique": false, "Hash Cond": "(mk.movie_id = t.id)", "Plans": [{"Node Type": "Seq Scan", "Parent Relationship": "Outer", "Parallel Aware": true, "Relation Name": "movie_keyword", "Alias": "mk", "Startup Cost": 0.0, "Total Cost": 43303.71, "Plan Rows": 1884971, "Plan Width": 8, "Actual Startup Time": 0.009, "Actual Total Time": 106.487, "Actual Rows": 1507977, "Actual Loops": 3}, {"Node Type": "Hash", "Parent Relationship": "Inner", "Parallel Aware": true, "Startup Cost": 787508.3, "Total Cost": 787508.3, "Plan Rows": 1, "Plan Width": 24, "Actual Startup Time": 2260.987, "Actual Total Time": 2260.998, "Actual Rows": 6, "Actual Loops": 3, "Hash Buckets": 1024, "Original Hash Buckets": 1024, "Hash Batches": 1, "Original Hash Batches": 1, "Peak Memory Usage": 104, "Plans": [{"Node Type": "Nested Loop", "Parent Relationship": "Outer", "Parallel Aware": false, "Join Type": "Inner", "Startup Cost": 287584.41, "Total Cost": 787508.3, "Plan Rows": 1, "Plan Width": 24, "Actual Startup Time": 1753.899, "Actual Total Time": 2260.957, "Actual Rows": 6, "Actual Loops": 3, "Inner Unique": true, "Join Filter": "(mi.movie_id = t.id)", "Rows Removed by Join Filter": 0, "Plans": [{"Node Type": "Nested Loop", "Parent Relationship": "Outer", "Parallel Aware": false, "Join Type": "Inner", "Startup Cost": 287583.98, "Total Cost": 787507.08, "Plan Rows": 1, "Plan Width": 20, "Actual Startup Time": 1709.987, "Actual Total Time": 2260.709, "Actual Rows": 28, "Actual Loops": 3, "Inner Unique": true, "Plans": [{"Node Type": "Hash Join", "Parent Relationship": "Outer", "Parallel Aware": true, "Join Type": "Inner", "Startup Cost": 287583.56, "Total Cost": 787504.59, "Plan Rows": 1, "Plan Width": 24, "Actual Startup Time": 1700.306, "Actual Total Time": 2258.323, "Actual Rows": 1054, "Actual Loops": 3, "Inner Unique": false, "Hash Cond": "(ci.movie_id = mi.movie_id)", "Plans": [{"Node Type": "Seq Scan", "Parent Relationship": "Outer", "Parallel Aware": true, "Relation Name": "cast_info", "Alias": "ci", "Startup Cost": 0.0, "Total Cost": 497985.06, "Plan Rows": 516258, "Plan Width": 8, "Actual Startup Time": 97.431, "Actual Total Time": 1379.883, "Actual Rows": 414905, "Actual Loops": 3, "Filter": "((note)::text = ANY ('{(writer),\"(head writer)\",\"(written by)\",(story),\"(story editor)\"}'::text[]))", "Rows Removed by Filter": 11666543}, {"Node Type": "Hash", "Parent Relationship": "Inner", "Parallel Aware": true, "Startup Cost": 287583.55, "Total Cost": 287583.55, "Plan Rows": 1, "Plan Width": 16, "Actual Startup Time": 845.101, "Actual Total Time": 845.109, "Actual Rows": 1236, "Actual Loops": 3, "Hash Buckets": 4096, "Original Hash Buckets": 1024, "Hash Batches": 1, "Original Hash Batches": 1, "Peak Memory Usage": 280, "Plans": [{"Node Type": "Hash Join", "Parent Relationship": "Outer", "Parallel Aware": true, "Join Type": "Inner", "Startup Cost": 272313.28, "Total Cost": 287583.55, "Plan Rows": 1, "Plan Width": 16, "Actual Startup Time": 734.737, "Actual Total Time": 823.774, "Actual Rows": 1236, "Actual Loops": 3, "Inner Unique": false, "Hash Cond": "(mi_idx.movie_id = mi.movie_id)", "Plans": [{"Node Type": "Hash Join", "Parent Relationship": "Outer", "Parallel Aware": false, "Join Type": "Inner", "Startup Cost": 2.43, "Total Cost": 15253.6, "Plan Rows": 5089, "Plan Width": 4, "Actual Startup Time": 0.068, "Actual Total Time": 78.215, "Actual Rows": 153308, "Actual Loops": 3, "Inner Unique": true, "Hash Cond": "(mi_idx.info_type_id = it2.id)", "Plans": [{"Node Type": "Seq Scan", "Parent Relationship": "Outer", "Parallel Aware": true, "Relation Name": "movie_info_idx", "Alias": "mi_idx", "Startup Cost": 0.0, "Total Cost": 13685.15, "Plan Rows": 575015, "Plan Width": 8, "Actual Startup Time": 0.017, "Actual Total Time": 32.539, "Actual Rows": 460012, "Actual Loops": 3}, {"Node Type": "Hash", "Parent Relationship": "Inner", "Parallel Aware": false, "Startup Cost": 2.41, "Total Cost": 2.41, "Plan Rows": 1, "Plan Width": 4, "Actual Startup Time": 0.03, "Actual Total Time": 0.031, "Actual Rows": 1, "Actual Loops": 3, "Hash Buckets": 1024, "Original Hash Buckets": 1024, "Hash Batches": 1, "Original Hash Batches": 1, "Peak Memory Usage": 9, "Plans": [{"Node Type": "Seq Scan", "Parent Relationship": "Outer", "Parallel Aware": false, "Relation Name": "info_type", "Alias": "it2", "Startup Cost": 0.0, "Total Cost": 2.41, "Plan Rows": 1, "Plan Width": 4, "Actual Startup Time": 0.027, "Actual Total Time": 0.028, "Actual Rows": 1, "Actual Loops": 3, "Filter": "((info)::text = 'votes'::text)", "Rows Removed by Filter": 112}]}]}, {"Node Type": "Hash", "Parent Relationship": "Inner", "Parallel Aware": true, "Startup Cost": 272310.79, "Total Cost": 272310.79, "Plan Rows": 5, "Plan Width": 12, "Actual Startup Time": 733.34, "Actual Total Time": 733.343, "Actual Rows": 1237, "Actual Loops": 3, "Hash Buckets": 4096, "Original Hash Buckets": 1024, "Hash Batches": 1, "Original Hash Batches": 1, "Peak Memory Usage": 280, "Plans": [{"Node Type": "Hash Join", "Parent Relationship": "Outer", "Parallel Aware": true, "Join Type": "Inner", "Startup Cost": 32430.43, "Total Cost": 272310.79, "Plan Rows": 5, "Plan Width": 12, "Actual Startup Time": 633.151, "Actual Total Time": 705.65, "Actual Rows": 1237, "Actual Loops": 3, "Inner Unique": false, "Hash Cond": "(mi.movie_id = mc.movie_id)", "Plans": [{"Node Type": "Hash Join", "Parent Relationship": "Outer", "Parallel Aware": false, "Join Type": "Inner", "Startup Cost": 2.43, "Total Cost": 239881.42, "Plan Rows": 270, "Plan Width": 4, "Actual Startup Time": 524.188, "Actual Total Time": 594.62, "Actual Rows": 24086, "Actual Loops": 3, "Inner Unique": true, "Hash Cond": "(mi.info_type_id = it1.id)", "Plans": [{"Node Type": "Seq Scan", "Parent Relationship": "Outer", "Parallel Aware": true, "Relation Name": "movie_info", "Alias": "mi", "Startup Cost": 0.0, "Total Cost": 239795.93, "Plan Rows": 30499, "Plan Width": 8, "Actual Startup Time": 372.425, "Actual Total Time": 591.531, "Actual Rows": 24349, "Actual Loops": 3, "Filter": "((info)::text = ANY ('{Horror,Thriller}'::text[]))", "Rows Removed by Filter": 4920891}, {"Node Type": "Hash", "Parent Relationship": "Inner", "Parallel Aware": false, "Startup Cost": 2.41, "Total Cost": 2.41, "Plan Rows": 1, "Plan Width": 4, "Actual Startup Time": 0.03, "Actual Total Time": 0.031, "Actual Rows": 1, "Actual Loops": 3, "Hash Buckets": 1024, "Original Hash Buckets": 1024, "Hash Batches": 1, "Original Hash Batches": 1, "Peak Memory Usage": 9, "Plans": [{"Node Type": "Seq Scan", "Parent Relationship": "Outer", "Parallel Aware": false, "Relation Name": "info_type", "Alias": "it1", "Startup Cost": 0.0, "Total Cost": 2.41, "Plan Rows": 1, "Plan Width": 4, "Actual Startup Time": 0.019, "Actual Total Time": 0.025, "Actual Rows": 1, "Actual Loops": 3, "Filter": "((info)::text = 'genres'::text)", "Rows Removed by Filter": 112}]}]}, {"Node Type": "Hash", "Parent Relationship": "Inner", "Parallel Aware": true, "Startup Cost": 32379.21, "Total Cost": 32379.21, "Plan Rows": 3903, "Plan Width": 8, "Actual Startup Time": 108.648, "Actual Total Time": 108.649, "Actual Rows": 2654, "Actual Loops": 3, "Hash Buckets": 16384, "Original Hash Buckets": 16384, "Hash Batches": 1, "Original Hash Batches": 1, "Peak Memory Usage": 512, "Plans": [{"Node Type": "Seq Scan", "Parent Relationship": "Outer", "Parallel Aware": true, "Relation Name": "movie_companies", "Alias": "mc", "Startup Cost": 0.0, "Total Cost": 32379.21, "Plan Rows": 3903, "Plan Width": 8, "Actual Startup Time": 1.094, "Actual Total Time": 108.126, "Actual Rows": 2654, "Actual Loops": 3, "Filter": "((note)::text ~~ '%(Blu-ray)%'::text)", "Rows Removed by Filter": 867055}]}]}]}]}]}]}, {"Node Type": "Index Scan", "Parent Relationship": "Inner", "Parallel Aware": false, "Scan Direction": "Forward", "Index Name": "company_name_pkey", "Relation Name": "company_name", "Alias": "cn", "Startup Cost": 0.42, "Total Cost": 2.33, "Plan Rows": 1, "Plan Width": 4, "Actual Startup Time": 0.002, "Actual Total Time": 0.002, "Actual Rows": 0, "Actual Loops": 3162, "Index Cond": "(id = mc.company_id)", "Rows Removed by Index Recheck": 0, "Filter": "((name)::text ~~ 'Lionsgate%'::text)", "Rows Removed by Filter": 1}]}, {"Node Type": "Index Scan", "Parent Relationship": "Inner", "Parallel Aware": false, "Scan Direction": "Forward", "Index Name": "title_pkey", "Relation Name": "title", "Alias": "t", "Startup Cost": 0.43, "Total Cost": 1.21, "Plan Rows": 1, "Plan Width": 4, "Actual Startup Time": 0.008, "Actual Total Time": 0.008, "Actual Rows": 0, "Actual Loops": 83, "Index Cond": "(id = mi_idx.movie_id)", "Rows Removed by Index Recheck": 0, "Filter": "((production_year > 2000) AND (((title)::text ~~ '%Freddy%'::text) OR ((title)::text ~~ '%Jason%'::text) OR ((title)::text ~~ 'Saw%'::text)))", "Rows Removed by Filter": 1}]}]}]}, {"Node Type": "Index Scan", "Parent Relationship": "Inner", "Parallel Aware": false, "Scan Direction": "Forward", "Index Name": "keyword_pkey", "Relation Name": "keyword", "Alias": "k", "Startup Cost": 0.42, "Total Cost": 0.98, "Plan Rows": 1, "Plan Width": 4, "Actual Startup Time": 0.002, "Actual Total Time": 0.002, "Actual Rows": 0, "Actual Loops": 2686, "Index Cond": "(id = mk.keyword_id)", "Rows Removed by Index Recheck": 0, "Filter": "((keyword)::text = ANY ('{murder,violence,blood,gore,death,female-nudity,hospital}'::text[]))", "Rows Removed by Filter": 1}]}, {"Node Type": "Index Scan", "Parent Relationship": "Inner", "Parallel Aware": false, "Scan Direction": "Forward", "Index Name": "name_pkey", "Relation Name": "name", "Alias": "n", "Startup Cost": 0.43, "Total Cost": 1.35, "Plan Rows": 1, "Plan Width": 4, "Actual Startup Time": 0.005, "Actual Total Time": 0.005, "Actual Rows": 1, "Actual Loops": 84, "Index Cond": "(id = ci.person_id)", "Rows Removed by Index Recheck": 0, "Filter": "((gender)::text = 'm'::text)", "Rows Removed by Filter": 0}]}]}]}]}, "Planning Time": 159.317, "Triggers": [], "Execution Time": 2526.189}]
[{"Bao": {"Bao prediction": 1738.237, "Bao recommended hint": "(no hint)"}}, {"Plan": {"Node Type": "Aggregate", "Strategy": "Plain", "Partial Mode": "Simple", "Parallel Aware": false, "Startup Cost": 371063.07, "Total Cost": 371063.08, "Plan Rows": 1, "Plan Width": 8, "Actual Startup Time": 2509.146, "Actual Total Time": 2539.119, "Actual Rows": 1, "Actual Loops": 1, "Plans": [{"Node Type": "Gather", "Parent Relationship": "Outer", "Parallel Aware": false, "Startup Cost": 320689.69, "Total Cost": 371063.07, "Plan Rows": 1, "Plan Width": 0, "Actual Startup Time": 1983.687, "Actual Total Time": 2538.866, "Actual Rows": 4115, "Actual Loops": 1, "Workers Planned": 2, "Workers Launched": 2, "Single Copy": false, "Plans": [{"Node Type": "Nested Loop", "Parent Relationship": "Outer", "Parallel Aware": false, "Join Type": "Inner", "Startup Cost": 319689.69, "Total Cost": 370062.97, "Plan Rows": 1, "Plan Width": 0, "Actual Startup Time": 1982.714, "Actual Total Time": 2505.044, "Actual Rows": 1372, "Actual Loops": 3, "Inner Unique": true, "Plans": [{"Node Type": "Hash Join", "Parent Relationship": "Outer", "Parallel Aware": true, "Join Type": "Inner", "Startup Cost": 319689.27, "Total Cost": 370061.63, "Plan Rows": 3, "Plan Width": 4, "Actual Startup Time": 1980.57, "Actual Total Time": 2222.896, "Actual Rows": 153383, "Actual Loops": 3, "Inner Unique": false, "Hash Cond": "(mk.movie_id = t.id)", "Plans": [{"Node Type": "Seq Scan", "Parent Relationship": "Outer", "Parallel Aware": true, "Relation Name": "movie_keyword", "Alias": "mk", "Startup Cost": 0.0, "Total Cost": 43303.71, "Plan Rows": 1884971, "Plan Width": 8, "Actual Startup Time": 0.01, "Actual Total Time": 97.959, "Actual Rows": 1507977, "Actual Loops": 3}, {"Node Type": "Hash", "Parent Relationship": "Inner", "Parallel Aware": true, "Startup Cost": 319689.26, "Total Cost": 319689.26, "Plan Rows": 1, "Plan Width": 12, "Actual Startup Time": 1980.222, "Actual Total Time": 1980.38, "Actual Rows": 14805, "Actual Loops": 3, "Hash Buckets": 65536, "Original Hash Buckets": 1024, "Hash Batches": 1, "Original Hash Batches": 1, "Peak Memory Usage": 3128, "Plans": [{"Node Type": "Nested Loop", "Parent Relationship": "Outer", "Parallel Aware": false, "Join Type": "Inner", "Startup Cost": 16718.33, "Total Cost": 319689.26, "Plan Rows": 1, "Plan Width": 12, "Actual Startup Time": 1622.581, "Actual Total Time": 1939.925, "Actual Rows": 14805, "Actual Loops": 3, "Inner Unique": true, "Plans": [{"Node Type": "Nested Loop", "Parent Relationship": "Outer", "Parallel Aware": false, "Join Type": "Inner", "Startup Cost": 16718.18, "Total Cost": 319684.15, "Plan Rows": 30, "Plan Width": 16, "Actual Startup Time": 1622.502, "Actual Total Time": 1912.257, "Actual Rows": 21417, "Actual Loops": 3, "Inner Unique": true, "Join Filter": "(mi.movie_id = t.id)", "Rows Removed by Join Filter": 0, "Plans": [{"Node Type": "Hash Join", "Parent Relationship": "Outer", "Parallel Aware": true, "Join Type": "Inner", "Startup Cost": 16717.75, "Total Cost": 319640.04, "Plan Rows": 74, "Plan Width": 8, "Actual Startup Time": 1622.391, "Actual Total Time": 1692.778, "Actual Rows": 71080, "Actual Loops": 3, "Inner Unique": false, "Hash Cond": "(mi.movie_id = mi_idx.movie_id)", "Plans": [{"Node Type": "Hash Join", "Parent Relationship": "Outer", "Parallel Aware": false, "Join Type": "Inner", "Startup Cost": 2.43, "Total Cost": 302913.76, "Plan Rows": 2837, "Plan Width": 4, "Actual Startup Time": 1101.23, "Actual Total Time": 1427.465, "Actual Rows": 204750, "Actual Loops": 3, "Inner Unique": true, "Hash Cond": "(mi.info_type_id = it1.id)", "Plans": [{"Node Type": "Seq Scan", "Parent Relationship": "Outer", "Parallel Aware": true, "Relation Name": "movie_info", "Alias": "mi", "Startup Cost": 0.0, "Total Cost": 302038.28, "Plan Rows": 320570, "Plan Width": 8, "Actual Startup Time": 0.693, "Actual Total Time": 1396.379, "Actual Rows": 238737, "Actual Loops": 3, "Filter": "((info)::text = ANY ('{Sweden,Norway,Germany,Denmark,Swedish,Danish,Norwegian,German,USA,American}'::text[]))", "Rows Removed by Filter": 4706503}, {"Node Type": "Hash", "Parent Relationship": "Inner", "Parallel Aware": false, "Startup Cost": 2.41, "Total Cost": 2.41, "Plan Rows": 1, "Plan Width": 4, "Actual Startup Time": 0.018, "Actual Total Time": 0.018, "Actual Rows": 1, "Actual Loops": 3, "Hash Buckets": 1024, "Original Hash Buckets": 1024, "Hash Batches": 1, "Original Hash Batches": 1, "Peak Memory Usage": 9, "Plans": [{"Node Type": "Seq Scan", "Parent Relationship": "Outer", "Parallel Aware": false, "Relation Name": "info_type", "Alias": "it1", "Startup Cost": 0.0, "Total Cost": 2.41, "Plan Rows": 1, "Plan Width": 4, "Actual Startup Time": 0.009, "Actual Total Time": 0.016, "Actual Rows": 1, "Actual Loops": 3, "Filter": "((info)::text = 'countries'::text)", "Rows Removed by Filter": 112}]}]}, {"Node Type": "Hash", "Parent Relationship": "Inner", "Parallel Aware": true, "Startup Cost": 16653.27, "Total Cost": 16653.27, "Plan Rows": 4965, "Plan Width": 4, "Actual Startup Time": 160.846, "Actual Total Time": 160.847, "Actual Rows": 151410, "Actual Loops": 3, "Hash Buckets": 131072, "Original Hash Buckets": 16384, "Hash Batches": 8, "Original Hash Batches": 1, "Peak Memory Usage": 3296, "Plans": [{"Node Type": "Hash Join", "Parent Relationship": "Outer", "Parallel Aware": false, "Join Type": "Inner", "Startup Cost": 2.43, "Total Cost": 16653.27, "Plan Rows": 4965, "Plan Width": 4, "Actual Startup Time": 0.055, "Actual Total Time": 118.868, "Actual Rows": 151410, "Actual Loops": 3, "Inner Unique": true, "Hash Cond": "(mi_idx.info_type_id = it2.id)", "Plans": [{"Node Type": "Seq Scan", "Parent Relationship": "Outer", "Parallel Aware": true, "Relation Name": "movie_info_idx", "Alias": "mi_idx", "Startup Cost": 0.0, "Total Cost": 15122.68, "Plan Rows": 561109, "Plan Width": 8, "Actual Startup Time": 0.017, "Actual Total Time": 80.791, "Actual Rows": 447629, "Actual Loops": 3, "Filter": "((info)::text < '8.5'::text)", "Rows Removed by Filter": 12383}, {"Node Type": "Hash", "Parent Relationship": "Inner", "Parallel Aware": false, "Startup Cost": 2.41, "Total Cost": 2.41, "Plan Rows": 1, "Plan Width": 4, "Actual Startup Time": 0.024, "Actual Total Time": 0.025, "Actual Rows": 1, "Actual Loops": 3, "Hash Buckets": 1024, "Original Hash Buckets": 1024, "Hash Batches": 1, "Original Hash Batches": 1, "Peak Memory Usage": 9, "Plans": [{"Node Type": "Seq Scan", "Parent Relationship": "Outer", "Parallel Aware": false, "Relation Name": "info_type", "Alias": "it2", "Startup Cost": 0.0, "Total Cost": 2.41, "Plan Rows": 1, "Plan Width": 4, "Actual Startup Time": 0.02, "Actual Total Time": 0.021, "Actual Rows": 1, "Actual Loops": 3, "Filter": "((info)::text = 'rating'::text)", "Rows Removed by Filter": 112}]}]}]}]}, {"Node Type": "Index Scan", "Parent Relationship": "Inner", "Parallel Aware": false, "Scan Direction": "Forward", "Index Name": "title_pkey", "Relation Name": "title", "Alias": "t", "Startup Cost": 0.43, "Total Cost": 0.58, "Plan Rows": 1, "Plan Width": 8, "Actual Startup Time": 0.003, "Actual Total Time": 0.003, "Actual Rows": 0, "Actual Loops": 213239, "Index Cond": "(id = mi_idx.movie_id)", "Rows Removed by Index Recheck": 0, "Filter": "(production_year > 2005)", "Rows Removed by Filter": 1}]}, {"Node Type": "Index Scan", "Parent Relationship": "Inner", "Parallel Aware": false, "Scan Direction": "Forward", "Index Name": "kind_type_pkey", "Relation Name": "kind_type", "Alias": "kt", "Startup Cost": 0.15, "Total Cost": 0.17, "Plan Rows": 1, "Plan Width": 4, "Actual Startup Time": 0.001, "Actual Total Time": 0.001, "Actual Rows": 1, "Actual Loops": 64250, "Index Cond": "(id = t.kind_id)", "Rows Removed by Index Recheck": 0, "Filter": "((kind)::text = ANY ('{movie,episode}'::text[]))", "Rows Removed by Filter": 0}]}]}]}, {"Node Type": "Index Scan", "Parent Relationship": "Inner", "Parallel Aware": false, "Scan Direction": "Forward", "Index Name": "keyword_pkey", "Relation Name": "keyword", "Alias": "k", "Startup Cost": 0.42, "Total Cost": 0.44, "Plan Rows": 1, "Plan Width": 4, "Actual Startup Time": 0.002, "Actual Total Time": 0.002, "Actual Rows": 0, "Actual Loops": 460150, "Index Cond": "(id = mk.keyword_id)", "Rows Removed by Index Recheck": 0, "Filter": "((keyword IS NOT NULL) AND ((keyword)::text = ANY ('{murder,murder-in-title,blood,violence}'::text[])))", "Rows Removed by Filter": 1}]}]}]}, "Planning Time": 86.454, "Triggers": [], "Execution Time": 2539.204}]
[{"Bao": {"Bao prediction": 1946.993, "Bao recommended hint": "(no hint)"}}, {"Plan": {"Node Type": "Aggregate", "Strategy": "Plain", "Partial Mode": "Simple", "Parallel Aware": false, "Startup Cost": 404801.84, "Total Cost": 404801.85, "Plan Rows": 1, "Plan Width": 8, "Actual Startup Time": 2860.299, "Actual Total Time": 2893.112, "Actual Rows": 1, "Actual Loops": 1, "Plans": [{"Node Type": "Gather", "Parent Relationship": "Outer", "Parallel Aware": false, "Startup Cost": 371063.55, "Total Cost": 404801.84, "Plan Rows": 1, "Plan Width": 0, "Actual Startup Time": 2661.071, "Actual Total Time": 2891.071, "Actual Rows": 46281, "Actual Loops": 1, "Workers Planned": 2, "Workers Launched": 2, "Single Copy": false, "Plans": [{"Node Type": "Nested Loop", "Parent Relationship": "Outer", "Parallel Aware": false, "Join Type": "Inner", "Startup Cost": 370063.55, "Total Cost": 403801.74, "Plan Rows": 1, "Plan Width": 0, "Actual Startup Time": 2657.821, "Actual Total Time": 2851.813, "Actual Rows": 15427, "Actual Loops": 3, "Inner Unique": true, "Plans": [{"Node Type": "Nested Loop", "Parent Relationship": "Outer", "Parallel Aware": false, "Join Type": "Inner", "Startup Cost": 370063.4, "Total Cost": 403801.57, "Plan Rows": 1, "Plan Width": 4, "Actual Startup Time": 2657.809, "Actual Total Time": 2838.127, "Actual Rows": 15427, "Actual Loops": 3, "Inner Unique": true, "Plans": [{"Node Type": "Hash Join", "Parent Relationship": "Outer", "Parallel Aware": true, "Join Type": "Inner", "Startup Cost": 370062.98, "Total Cost": 403801.13, "Plan Rows": 1, "Plan Width": 8, "Actual Startup Time": 2657.789, "Actual Total Time": 2800.958, "Actual Rows": 21616, "Actual Loops": 3, "Inner Unique": false, "Hash Cond": "(mc.movie_id = t.id)", "Plans": [{"Node Type": "Seq Scan", "Parent Relationship": "Outer", "Parallel Aware": true, "Relation Name": "movie_companies", "Alias": "mc", "Startup Cost": 0.0, "Total Cost": 29661.37, "Plan Rows": 1087137, "Plan Width": 12, "Actual Startup Time": 0.007, "Actual Total Time": 62.858, "Actual Rows": 869710, "Actual Loops": 3}, {"Node Type": "Hash", "Parent Relationship": "Inner", "Parallel Aware": true, "Startup Cost": 370062.97, "Total Cost": 370062.97, "Plan Rows": 1, "Plan Width": 16, "Actual Startup Time": 2656.248, "Actual Total Time": 2656.256, "Actual Rows": 1372, "Actual Loops": 3, "Hash Buckets": 4096, "Original Hash Buckets": 1024, "Hash Batches": 1, "Original Hash Batches": 1, "Peak Memory Usage": 344, "Plans": [{"Node Type": "Nested Loop", "Parent Relationship": "Outer", "Parallel Aware": false, "Join Type": "Inner", "Startup Cost": 319689.69, "Total Cost": 370062.97, "Plan Rows": 1, "Plan Width": 16, "Actual Startup Time": 1921.215, "Actual Total Time": 2428.475, "Actual Rows": 1372, "Actual Loops": 3, "Inner Unique": true, "Plans": [{"Node Type": "Hash Join", "Parent Relationship": "Outer", "Parallel Aware": true, "Join Type": "Inner", "Startup Cost": 319689.27, "Total Cost": 370061.63, "Plan Rows": 3, "Plan Width": 20, "Actual Startup Time": 1919.05, "Actual Total Time": 2162.553, "Actual Rows": 153383, "Actual Loops": 3, "Inner Unique": false, "Hash Cond": "(mk.movie_id = t.id)", "Plans": [{"Node Type": "Seq Scan", "Parent Relationship": "Outer", "Parallel Aware": true, "Relation Name": "movie_keyword", "Alias": "mk", "Startup Cost": 0.0, "Total Cost": 43303.71, "Plan Rows": 1884971, "Plan Width": 8, "Actual Startup Time": 0.012, "Actual Total Time": 99.124, "Actual Rows": 1507977, "Actual Loops": 3}, {"Node Type": "Hash", "Parent Relationship": "Inner", "Parallel Aware": true, "Startup Cost": 319689.26, "Total Cost": 319689.26, "Plan Rows": 1, "Plan Width": 12, "Actual Startup Time": 1918.891, "Actual Total Time": 1918.897, "Actual Rows": 14805, "Actual Loops": 3, "Hash Buckets": 65536, "Original Hash Buckets": 1024, "Hash Batches": 1, "Original Hash Batches": 1, "Peak Memory Usage": 3128, "Plans": [{"Node Type": "Nested Loop", "Parent Relationship": "Outer", "Parallel Aware": false, "Join Type": "Inner", "Startup Cost": 16718.33, "Total Cost": 319689.26, "Plan Rows": 1, "Plan Width": 12, "Actual Startup Time": 1603.558, "Actual Total Time": 1891.584, "Actual Rows": 14805, "Actual Loops": 3, "Inner Unique": true, "Plans": [{"Node Type": "Nested Loop", "Parent Relationship": "Outer", "Parallel Aware": false, "Join Type": "Inner", "Startup Cost": 16718.18, "Total Cost": 319684.15, "Plan Rows": 30, "Plan Width": 16, "Actual Startup Time": 1603.49, "Actual Total Time": 1866.522, "Actual Rows": 21417, "Actual Loops": 3, "Inner Unique": true, "Join Filter": "(mi.movie_id = t.id)", "Rows Removed by Join Filter": 0, "Plans": [{"Node Type": "Hash Join", "Parent Relationship": "Outer", "Parallel Aware": true, "Join Type": "Inner", "Startup Cost": 16717.75, "Total Cost": 319640.04, "Plan Rows": 74, "Plan Width": 8, "Actual Startup Time": 1603.447, "Actual Total Time": 1665.381, "Actual Rows": 71080, "Actual Loops": 3, "Inner Unique": false, "Hash Cond": "(mi.movie_id = mi_idx.movie_id)", "Plans": [{"Node Type": "Hash Join", "Parent Relationship": "Outer", "Parallel Aware": false, "Join Type": "Inner", "Startup Cost": 2.43, "Total Cost": 302913.76, "Plan Rows": 2837, "Plan Width": 4, "Actual Startup Time": 1058.67, "Actual Total Time": 1401.754, "Actual Rows": 204750, "Actual Loops": 3, "Inner Unique": true, "Hash Cond": "(mi.info_type_id = it1.id)", "Plans": [{"Node Type": "Seq Scan", "Parent Relationship": "Outer", "Parallel Aware": true, "Relation Name": "movie_info", "Alias": "mi", "Startup Cost": 0.0, "Total Cost": 302038.28, "Plan Rows": 320570, "Plan Width": 8, "Actual Startup Time": 0.713, "Actual Total Time": 1370.177, "Actual Rows": 238737, "Actual Loops": 3, "Filter": "((info)::text = ANY ('{Sweden,Norway,Germany,Denmark,Swedish,Danish,Norwegian,German,USA,American}'::text[]))", "Rows Removed by Filter": 4706503}, {"Node Type": "Hash", "Parent Relationship": "Inner", "Parallel Aware": false, "Startup Cost": 2.41, "Total Cost": 2.41, "Plan Rows": 1, "Plan Width": 4, "Actual Startup Time": 0.016, "Actual Total Time": 0.017, "Actual Rows": 1, "Actual Loops": 3, "Hash Buckets": 1024, "Original Hash Buckets": 1024, "Hash Batches": 1, "Original Hash Batches": 1, "Peak Memory Usage": 9, "Plans": [{"Node Type": "Seq Scan", "Parent Relationship": "Outer", "Parallel Aware": false, "Relation Name": "info_type", "Alias": "it1", "Startup Cost": 0.0, "Total Cost": 2.41, "Plan Rows": 1, "Plan Width": 4, "Actual Startup Time": 0.007, "Actual Total Time": 0.015, "Actual Rows": 1, "Actual Loops": 3, "Filter": "((info)::text = 'countries'::text)", "Rows Removed by Filter": 112}]}]}, {"Node Type": "Hash", "Parent Relationship": "Inner", "Parallel Aware": true, "Startup Cost": 16653.27, "Total Cost": 16653.27, "Plan Rows": 4965, "Plan Width": 4, "Actual Startup Time": 169.738, "Actual Total Time": 169.739, "Actual Rows": 151410, "Actual Loops": 3, "Hash Buckets": 131072, "Original Hash Buckets": 16384, "Hash Batches": 8, "Original Hash Batches": 1, "Peak Memory Usage": 3296, "Plans": [{"Node Type": "Hash Join", "Parent Relationship": "Outer", "Parallel Aware": false, "Join Type": "Inner", "Startup Cost": 2.43, "Total Cost": 16653.27, "Plan Rows": 4965, "Plan Width": 4, "Actual Startup Time": 0.057, "Actual Total Time": 125.835, "Actual Rows": 151410, "Actual Loops": 3, "Inner Unique": true, "Hash Cond": "(mi_idx.info_type_id = it2.id)", "Plans": [{"Node Type": "Seq Scan", "Parent Relationship": "Outer", "Parallel Aware": true, "Relation Name": "movie_info_idx", "Alias": "mi_idx", "Startup Cost": 0.0, "Total Cost": 15122.68, "Plan Rows": 561109, "Plan Width": 8, "Actual Startup Time": 0.02, "Actual Total Time": 85.712, "Actual Rows": 447629, "Actual Loops": 3, "Filter": "((info)::text < '8.5'::text)", "Rows Removed by Filter": 12383}, {"Node Type": "Hash", "Parent Relationship": "Inner", "Parallel Aware": false, "Startup Cost": 2.41, "Total Cost": 2.41, "Plan Rows": 1, "Plan Width": 4, "Actual Startup Time": 0.026, "Actual Total Time": 0.027, "Actual Rows": 1, "Actual Loops": 3, "Hash Buckets": 1024, "Original Hash Buckets": 1024, "Hash Batches": 1, "Original Hash Batches": 1, "Peak Memory Usage": 9, "Plans": [{"Node Type": "Seq Scan", "Parent Relationship": "Outer", "Parallel Aware": false, "Relation Name": "info_type", "Alias": "it2", "Startup Cost": 0.0, "Total Cost": 2.41, "Plan Rows": 1, "Plan Width": 4, "Actual Startup Time": 0.022, "Actual Total Time": 0.023, "Actual Rows": 1, "Actual Loops": 3, "Filter": "((info)::text = 'rating'::text)", "Rows Removed by Filter": 112}]}]}]}]}, {"Node Type": "Index Scan", "Parent Relationship": "Inner", "Parallel Aware": false, "Scan Direction": "Forward", "Index Name": "title_pkey", "Relation Name": "title", "Alias": "t", "Startup Cost": 0.43, "Total Cost": 0.58, "Plan Rows": 1, "Plan Width": 8, "Actual Startup Time": 0.003, "Actual Total Time": 0.003, "Actual Rows": 0, "Actual Loops": 213239, "Index Cond": "(id = mi_idx.movie_id)", "Rows Removed by Index Recheck": 0, "Filter": "(production_year > 2005)", "Rows Removed by Filter": 1}]}, {"Node Type": "Index Scan", "Parent Relationship": "Inner", "Parallel Aware": false, "Scan Direction": "Forward", "Index Name": "kind_type_pkey", "Relation Name": "kind_type", "Alias": "kt", "Startup Cost": 0.15, "Total Cost": 0.17, "Plan Rows": 1, "Plan Width": 4, "Actual Startup Time": 0.001, "Actual Total Time": 0.001, "Actual Rows": 1, "Actual Loops": 64250, "Index Cond": "(id = t.kind_id)", "Rows Removed by Index Recheck": 0, "Filter": "((kind)::text = ANY ('{movie,episode}'::text[]))", "Rows Removed by Filter": 0}]}]}]}, {"Node Type": "Index Scan", "Parent Relationship": "Inner", "Parallel Aware": false, "Scan Direction": "Forward", "Index Name": "keyword_pkey", "Relation Name": "keyword", "Alias": "k", "Startup Cost": 0.42, "Total Cost": 0.44, "Plan Rows": 1, "Plan Width": 4, "Actual Startup Time": 0.002, "Actual Total Time": 0.002, "Actual Rows": 0, "Actual Loops": 460150, "Index Cond": "(id = mk.keyword_id)", "Rows Removed by Index Recheck": 0, "Filter": "((keyword)::text = ANY ('{murder,murder-in-title,blood,violence}'::text[]))", "Rows Removed by Filter": 1}]}]}]}, {"Node Type": "Index Scan", "Parent Relationship": "Inner", "Parallel Aware": false, "Scan Direction": "Forward", "Index Name": "company_name_pkey", "Relation Name": "company_name", "Alias": "cn", "Startup Cost": 0.42, "Total Cost": 0.45, "Plan Rows": 1, "Plan Width": 4, "Actual Startup Time": 0.001, "Actual Total Time": 0.001, "Actual Rows": 1, "Actual Loops": 64848, "Index Cond": "(id = mc.company_id)", "Rows Removed by Index Recheck": 0, "Filter": "((country_code)::text <> '[us]'::text)", "Rows Removed by Filter": 0}]}, {"Node Type": "Index Only Scan", "Parent Relationship": "Inner", "Parallel Aware": false, "Scan Direction": "Forward", "Index Name": "company_type_pkey", "Relation Name": "company_type", "Alias": "ct", "Startup Cost": 0.15, "Total Cost": 0.17, "Plan Rows": 1, "Plan Width": 4, "Actual Startup Time": 0.001, "Actual Total Time": 0.001, "Actual Rows": 1, "Actual Loops": 46281, "Index Cond": "(id = mc.company_type_id)", "Rows Removed by Index Recheck": 0, "Heap Fetches": 46281}]}]}]}, "Planning Time": 136.374, "Triggers": [], "Execution Time": 2893.226}]
[{"Bao": {"Bao prediction": 718.834, "Bao recommended hint": "SET enable_mergejoin TO off; "}}, {"Plan": {"Node Type": "Aggregate", "Strategy": "Plain", "Partial Mode": "Finalize", "Parallel Aware": false, "Startup Cost": 358497.35, "Total Cost": 358497.36, "Plan Rows": 1, "Plan Width": 8, "Actual Startup Time": 846.9, "Actual Total Time": 874.398, "Actual Rows": 1, "Actual Loops": 1, "Plans": [{"Node Type": "Gather", "Parent Relationship": "Outer", "Parallel Aware": false, "Startup Cost": 358497.14, "Total Cost": 358497.35, "Plan Rows": 2, "Plan Width": 8, "Actual Startup Time": 846.735, "Actual Total Time": 874.39, "Actual Rows": 3, "Actual Loops": 1, "Workers Planned": 2, "Workers Launched": 2, "Single Copy": false, "Plans": [{"Node Type": "Aggregate", "Strategy": "Plain", "Partial Mode": "Partial", "Parent Relationship": "Outer", "Parallel Aware": false, "Startup Cost": 357497.14, "Total Cost": 357497.15, "Plan Rows": 1, "Plan Width": 8, "Actual Startup Time": 842.529, "Actual Total Time": 842.539, "Actual Rows": 1, "Actual Loops": 3, "Plans": [{"Node Type": "Nested Loop", "Parent Relationship": "Outer", "Parallel Aware": false, "Join Type": "Inner", "Startup Cost": 307124.76, "Total Cost": 357497.13, "Plan Rows": 1, "Plan Width": 0, "Actual Startup Time": 816.226, "Actual Total Time": 842.524, "Actual Rows": 206, "Actual Loops": 3, "Inner Unique": true, "Plans": [{"Node Type": "Hash Join", "Parent Relationship": "Outer", "Parallel Aware": true, "Join Type": "Inner", "Startup Cost": 307124.34, "Total Cost": 357496.7, "Plan Rows": 1, "Plan Width": 4, "Actual Startup Time": 816.196, "Actual Total Time": 842.033, "Actual Rows": 206, "Actual Loops": 3, "Inner Unique": false, "Hash Cond": "(mk.movie_id = t.id)", "Plans": [{"Node Type": "Seq Scan", "Parent Relationship": "Outer", "Parallel Aware": true, "Relation Name": "movie_keyword", "Alias": "mk", "Startup Cost": 0.0, "Total Cost": 43303.71, "Plan Rows": 1884971, "Plan Width": 8, "Actual Startup Time": 0.021, "Actual Total Time": 108.119, "Actual Rows": 1507977, "Actual Loops": 3}, {"Node Type": "Hash", "Parent Relationship": "Inner", "Parallel Aware": true, "Startup Cost": 307124.32, "Total Cost": 307124.32, "Plan Rows": 1, "Plan Width": 16, "Actual Startup Time": 626.241, "Actual Total Time": 626.249, "Actual Rows": 2, "Actual Loops": 3, "Hash Buckets": 1024, "Original Hash Buckets": 1024, "Hash Batches": 1, "Original Hash Batches": 1, "Peak Memory Usage": 72, "Plans": [{"Node Type": "Nested Loop", "Parent Relationship": "Outer", "Parallel Aware": false, "Join Type": "Inner", "Startup Cost": 273385.87, "Total Cost": 307124.32, "Plan Rows": 1, "Plan Width": 16, "Actual Startup Time": 600.136, "Actual Total Time": 626.154, "Actual Rows": 2, "Actual Loops": 3, "Inner Unique": true, "Plans": [{"Node Type": "Nested Loop", "Parent Relationship": "Outer", "Parallel Aware": false, "Join Type": "Inner", "Startup Cost": 273385.72, "Total Cost": 307124.15, "Plan Rows": 1, "Plan Width": 20, "Actual Startup Time": 600.116, "Actual Total Time": 626.129, "Actual Rows": 2, "Actual Loops": 3, "Inner Unique": true, "Join Filter": "(mi.movie_id = t.id)", "Rows Removed by Join Filter": 0, "Plans": [{"Node Type": "Nested Loop", "Parent Relationship": "Outer", "Parallel Aware": false, "Join Type": "Inner", "Startup Cost": 273385.29, "Total Cost": 307123.61, "Plan Rows": 1, "Plan Width": 12, "Actual Startup Time": 571.691, "Actual Total Time": 626.099, "Actual Rows": 2, "Actual Loops": 3, "Inner Unique": true, "Plans": [{"Node Type": "Nested Loop", "Parent Relationship": "Outer", "Parallel Aware": false, "Join Type": "Inner", "Startup Cost": 273385.15, "Total Cost": 307123.35, "Plan Rows": 1, "Plan Width": 16, "Actual Startup Time": 571.687, "Actual Total Time": 626.09, "Actual Rows": 2, "Actual Loops": 3, "Inner Unique": true, "Plans": [{"Node Type": "Nested Loop", "Parent Relationship": "Outer", "Parallel Aware": false, "Join Type": "Inner", "Startup Cost": 273385.0, "Total Cost": 307123.18, "Plan Rows": 1, "Plan Width": 20, "Actual Startup Time": 571.673, "Actual Total Time": 626.071, "Actual Rows": 2, "Actual Loops": 3, "Inner Unique": true, "Plans": [{"Node Type": "Hash Join", "Parent Relationship": "Outer", "Parallel Aware": true, "Join Type": "Inner", "Startup Cost": 273384.58, "Total Cost": 307122.73, "Plan Rows": 1, "Plan Width": 24, "Actual Startup Time": 571.653, "Actual Total Time": 626.032, "Actual Rows": 2, "Actual Loops": 3, "Inner Unique": false, "Hash Cond": "(mc.movie_id = mi.movie_id)", "Plans": [{"Node Type": "Seq Scan", "Parent Relationship": "Outer", "Parallel Aware": true, "Relation Name": "movie_companies", "Alias": "mc", "Startup Cost": 0.0, "Total Cost": 29661.37, "Plan Rows": 1087137, "Plan Width": 12, "Actual Startup Time": 0.013, "Actual Total Time": 61.798, "Actual Rows": 869710, "Actual Loops": 3}, {"Node Type": "Hash", "Parent Relationship": "Inner", "Parallel Aware": true, "Startup Cost": 273384.57, "Total Cost": 273384.57, "Plan Rows": 1, "Plan Width": 12, "Actual Startup Time": 504.755, "Actual Total Time": 504.758, "Actual Rows": 2, "Actual Loops": 3, "Hash Buckets": 1024, "Original Hash Buckets": 1024, "Hash Batches": 1, "Original Hash Batches": 1, "Peak Memory Usage": 72, "Plans": [{"Node Type": "Hash Join", "Parent Relationship": "Outer", "Parallel Aware": false, "Join Type": "Inner", "Startup Cost": 2467.01, "Total Cost": 273384.57, "Plan Rows": 1, "Plan Width": 12, "Actual Startup Time": 325.34, "Actual Total Time": 504.731, "Actual Rows": 2, "Actual Loops": 3, "Inner Unique": false, "Hash Cond": "(mi.movie_id = cc.movie_id)", "Plans": [{"Node Type": "Seq Scan", "Parent Relationship": "Outer", "Parallel Aware": true, "Relation Name": "movie_info", "Alias": "mi", "Startup Cost": 0.0, "Total Cost": 270917.11, "Plan Rows": 117, "Plan Width": 8, "Actual Startup Time": 137.906, "Actual Total Time": 481.309, "Actual Rows": 594, "Actual Loops": 3, "Filter": "((info IS NOT NULL) AND ((note)::text ~~ '%internet%'::text) AND (((info)::text ~~ 'USA:% 199%'::text) OR ((info)::text ~~ 'USA:% 200%'::text)))", "Rows Removed by Filter": 4944646}, {"Node Type": "Hash", "Parent Relationship": "Inner", "Parallel Aware": false, "Startup Cost": 2457.5, "Total Cost": 2457.5, "Plan Rows": 761, "Plan Width": 4, "Actual Startup Time": 23.234, "Actual Total Time": 23.236, "Actual Rows": 24592, "Actual Loops": 3, "Hash Buckets": 32768, "Original Hash Buckets": 1024, "Hash Batches": 1, "Original Hash Batches": 1, "Peak Memory Usage": 1121, "Plans": [{"Node Type": "Hash Join", "Parent Relationship": "Outer", "Parallel Aware": false, "Join Type": "Inner", "Startup Cost": 18.93, "Total Cost": 2457.5, "Plan Rows": 761, "Plan Width": 4, "Actual Startup Time": 0.046, "Actual Total Time": 20.419, "Actual Rows": 24592, "Actual Loops": 3, "Inner Unique": true, "Hash Cond": "(cc.status_id = cct1.id)", "Plans": [{"Node Type": "Seq Scan", "Parent Relationship": "Outer", "Parallel Aware": false, "Relation Name": "complete_cast", "Alias": "cc", "Startup Cost": 0.0, "Total Cost": 2081.86, "Plan Rows": 135086, "Plan Width": 8, "Actual Startup Time": 0.021, "Actual Total Time": 8.527, "Actual Rows": 135086, "Actual Loops": 3}, {"Node Type": "Hash", "Parent Relationship": "Inner", "Parallel Aware": false, "Startup Cost": 18.88, "Total Cost": 18.88, "Plan Rows": 4, "Plan Width": 4, "Actual Startup Time": 0.015, "Actual Total Time": 0.015, "Actual Rows": 1, "Actual Loops": 3, "Hash Buckets": 1024, "Original Hash Buckets": 1024, "Hash Batches": 1, "Original Hash Batches": 1, "Peak Memory Usage": 9, "Plans": [{"Node Type": "Seq Scan", "Parent Relationship": "Outer", "Parallel Aware": false, "Relation Name": "comp_cast_type", "Alias": "cct1", "Startup Cost": 0.0, "Total Cost": 18.88, "Plan Rows": 4, "Plan Width": 4, "Actual Startup Time": 0.008, "Actual Total Time": 0.008, "Actual Rows": 1, "Actual Loops": 3, "Filter": "((kind)::text = 'complete+verified'::text)", "Rows Removed by Filter": 3}]}]}]}]}]}]}, {"Node Type": "Index Scan", "Parent Relationship": "Inner", "Parallel Aware": false, "Scan Direction": "Forward", "Index Name": "company_name_pkey", "Relation Name": "company_name", "Alias": "cn", "Startup Cost": 0.42, "Total Cost": 0.45, "Plan Rows": 1, "Plan Width": 4, "Actual Startup Time": 0.014, "Actual Total Time": 0.014, "Actual Rows": 1, "Actual Loops": 7, "Index Cond": "(id = mc.company_id)", "Rows Removed by Index Recheck": 0, "Filter": "((country_code)::text = '[us]'::text)", "Rows Removed by Filter": 0}]}, {"Node Type": "Index Only Scan", "Parent Relationship": "Inner", "Parallel Aware": false, "Scan Direction": "Forward", "Index Name": "company_type_pkey", "Relation Name": "company_type", "Alias": "ct", "Startup Cost": 0.15, "Total Cost": 0.17, "Plan Rows": 1, "Plan Width": 4, "Actual Startup Time": 0.006, "Actual Total Time": 0.006, "Actual Rows": 1, "Actual Loops": 7, "Index Cond": "(id = mc.company_type_id)", "Rows Removed by Index Recheck": 0, "Heap Fetches": 7}]}, {"Node Type": "Index Scan", "Parent Relationship": "Inner", "Parallel Aware": false, "Scan Direction": "Forward", "Index Name": "info_type_pkey", "Relation Name": "info_type", "Alias": "it1", "Startup Cost": 0.14, "Total Cost": 0.21, "Plan Rows": 1, "Plan Width": 4, "Actual Startup Time": 0.002, "Actual Total Time": 0.002, "Actual Rows": 1, "Actual Loops": 7, "Index Cond": "(id = mi.info_type_id)", "Rows Removed by Index Recheck": 0, "Filter": "((info)::text = 'release dates'::text)", "Rows Removed by Filter": 0}]}, {"Node Type": "Index Scan", "Parent Relationship": "Inner", "Parallel Aware": false, "Scan Direction": "Forward", "Index Name": "title_pkey", "Relation Name": "title", "Alias": "t", "Startup Cost": 0.43, "Total Cost": 0.52, "Plan Rows": 1, "Plan Width": 8, "Actual Startup Time": 0.011, "Actual Total Time": 0.011, "Actual Rows": 1, "Actual Loops": 7, "Index Cond": "(id = mc.movie_id)", "Rows Removed by Index Recheck": 0, "Filter": "(production_year > 2000)", "Rows Removed by Filter": 0}]}, {"Node Type": "Index Scan", "Parent Relationship": "Inner", "Parallel Aware": false, "Scan Direction": "Forward", "Index Name": "kind_type_pkey", "Relation Name": "kind_type", "Alias": "kt", "Startup Cost": 0.15, "Total Cost": 0.17, "Plan Rows": 1, "Plan Width": 4, "Actual Startup Time": 0.011, "Actual Total Time": 0.011, "Actual Rows": 1, "Actual Loops": 6, "Index Cond": "(id = t.kind_id)", "Rows Removed by Index Recheck": 0, "Filter": "((kind)::text = 'movie'::text)", "Rows Removed by Filter": 0}]}]}]}, {"Node Type": "Index Only Scan", "Parent Relationship": "Inner", "Parallel Aware": false, "Scan Direction": "Forward", "Index Name": "keyword_pkey", "Relation Name": "keyword", "Alias": "k", "Startup Cost": 0.42, "Total Cost": 0.44, "Plan Rows": 1, "Plan Width": 4, "Actual Startup Time": 0.002, "Actual Total Time": 0.002, "Actual Rows": 1, "Actual Loops": 618, "Index Cond": "(id = mk.keyword_id)", "Rows Removed by Index Recheck": 0, "Heap Fetches": 618}]}]}]}]}, "Planning Time": 170.875, "Triggers": [], "Execution Time": 874.539}]
[{"Bao": {"Bao prediction": 1749.101, "Bao recommended hint": "(no hint)"}}, {"Plan": {"Node Type": "Aggregate", "Strategy": "Plain", "Partial Mode": "Simple", "Parallel Aware": false, "Startup Cost": 705347.46, "Total Cost": 705347.47, "Plan Rows": 1, "Plan Width": 8, "Actual Startup Time": 2453.522, "Actual Total Time": 2501.811, "Actual Rows": 1, "Actual Loops": 1, "Plans": [{"Node Type": "Nested Loop", "Parent Relationship": "Outer", "Parallel Aware": false, "Join Type": "Inner", "Startup Cost": 257738.22, "Total Cost": 705347.46, "Plan Rows": 1, "Plan Width": 0, "Actual Startup Time": 1711.458, "Actual Total Time": 2501.757, "Actual Rows": 410, "Actual Loops": 1, "Inner Unique": true, "Plans": [{"Node Type": "Gather", "Parent Relationship": "Outer", "Parallel Aware": false, "Startup Cost": 257737.79, "Total Cost": 705347.0, "Plan Rows": 1, "Plan Width": 12, "Actual Startup Time": 1711.445, "Actual Total Time": 2500.071, "Actual Rows": 410, "Actual Loops": 1, "Workers Planned": 2, "Workers Launched": 2, "Single Copy": false, "Plans": [{"Node Type": "Nested Loop", "Parent Relationship": "Outer", "Parallel Aware": false, "Join Type": "Inner", "Startup Cost": 256737.79, "Total Cost": 704346.9, "Plan Rows": 1, "Plan Width": 12, "Actual Startup Time": 1695.192, "Actual Total Time": 2449.496, "Actual Rows": 137, "Actual Loops": 3, "Inner Unique": true, "Plans": [{"Node Type": "Hash Join", "Parent Relationship": "Outer", "Parallel Aware": true, "Join Type": "Inner", "Startup Cost": 256737.36, "Total Cost": 701846.7, "Plan Rows": 3890, "Plan Width": 16, "Actual Startup Time": 1531.472, "Actual Total Time": 2368.312, "Actual Rows": 35780, "Actual Loops": 3, "Inner Unique": false, "Hash Cond": "(ci.movie_id = mi.movie_id)", "Plans": [{"Node Type": "Seq Scan", "Parent Relationship": "Outer", "Parallel Aware": true, "Relation Name": "cast_info", "Alias": "ci", "Startup Cost": 0.0, "Total Cost": 441377.81, "Plan Rows": 990752, "Plan Width": 8, "Actual Startup Time": 199.35, "Actual Total Time": 1253.302, "Actual Rows": 793090, "Actual Loops": 3, "Filter": "((note)::text = ANY ('{(producer),\"(executive producer)\"}'::text[]))", "Rows Removed by Filter": 11288358}, {"Node Type": "Hash", "Parent Relationship": "Inner", "Parallel Aware": true, "Startup Cost": 256719.05, "Total Cost": 256719.05, "Plan Rows": 1465, "Plan Width": 8, "Actual Startup Time": 1025.766, "Actual Total Time": 1025.92, "Actual Rows": 15144, "Actual Loops": 3, "Hash Buckets": 65536, "Original Hash Buckets": 4096, "Hash Batches": 1, "Original Hash Batches": 1, "Peak Memory Usage": 2816, "Plans": [{"Node Type": "Hash Join", "Parent Relationship": "Outer", "Parallel Aware": true, "Join Type": "Inner", "Startup Cost": 15319.64, "Total Cost": 256719.05, "Plan Rows": 1465, "Plan Width": 8, "Actual Startup Time": 992.529, "Actual Total Time": 1016.933, "Actual Rows": 15144, "Actual Loops": 3, "Inner Unique": false, "Hash Cond": "(mi.movie_id = mi_idx.movie_id)", "Plans": [{"Node Type": "Hash Join", "Parent Relationship": "Outer", "Parallel Aware": false, "Join Type": "Inner", "Startup Cost": 2.43, "Total Cost": 241189.17, "Plan Rows": 55082, "Plan Width": 4, "Actual Startup Time": 496.896, "Actual Total Time": 855.228, "Actual Rows": 40621, "Actual Loops": 3, "Inner Unique": true, "Hash Cond": "(mi.info_type_id = it1.id)", "Plans": [{"Node Type": "Seq Scan", "Parent Relationship": "Outer", "Parallel Aware": true, "Relation Name": "movie_info", "Alias": "mi", "Startup Cost": 0.0, "Total Cost": 224235.35, "Plan Rows": 6224235, "Plan Width": 8, "Actual Startup Time": 0.012, "Actual Total Time": 444.148, "Actual Rows": 4945240, "Actual Loops": 3}, {"Node Type": "Hash", "Parent Relationship": "Inner", "Parallel Aware": false, "Startup Cost": 2.41, "Total Cost": 2.41, "Plan Rows": 1, "Plan Width": 4, "Actual Startup Time": 0.017, "Actual Total Time": 0.017, "Actual Rows": 1, "Actual Loops": 3, "Hash Buckets": 1024, "Original Hash Buckets": 1024, "Hash Batches": 1, "Original Hash Batches": 1, "Peak Memory Usage": 9, "Plans": [{"Node Type": "Seq Scan", "Parent Relationship": "Outer", "Parallel Aware": false, "Relation Name": "info_type", "Alias": "it1", "Startup Cost": 0.0, "Total Cost": 2.41, "Plan Rows": 1, "Plan Width": 4, "Actual Startup Time": 0.014, "Actual Total Time": 0.015, "Actual Rows": 1, "Actual Loops": 3, "Filter": "((info)::text = 'budget'::text)", "Rows Removed by Filter": 112}]}]}, {"Node Type": "Hash", "Parent Relationship": "Inner", "Parallel Aware": true, "Startup Cost": 15253.6, "Total Cost": 15253.6, "Plan Rows": 5089, "Plan Width": 4, "Actual Startup Time": 125.745, "Actual Total Time": 125.747, "Actual Rows": 153308, "Actual Loops": 3, "Hash Buckets": 131072, "Original Hash Buckets": 16384, "Hash Batches": 8, "Original Hash Batches": 1, "Peak Memory Usage": 3360, "Plans": [{"Node Type": "Hash Join", "Parent Relationship": "Outer", "Parallel Aware": false, "Join Type": "Inner", "Startup Cost": 2.43, "Total Cost": 15253.6, "Plan Rows": 5089, "Plan Width": 4, "Actual Startup Time": 0.049, "Actual Total Time": 84.688, "Actual Rows": 153308, "Actual Loops": 3, "Inner Unique": true, "Hash Cond": "(mi_idx.info_type_id = it2.id)", "Plans": [{"Node Type": "Seq Scan", "Parent Relationship": "Outer", "Parallel Aware": true, "Relation Name": "movie_info_idx", "Alias": "mi_idx", "Startup Cost": 0.0, "Total Cost": 13685.15, "Plan Rows": 575015, "Plan Width": 8, "Actual Startup Time": 0.015, "Actual Total Time": 35.594, "Actual Rows": 460012, "Actual Loops": 3}, {"Node Type": "Hash", "Parent Relationship": "Inner", "Parallel Aware": false, "Startup Cost": 2.41, "Total Cost": 2.41, "Plan Rows": 1, "Plan Width": 4, "Actual Startup Time": 0.024, "Actual Total Time": 0.024, "Actual Rows": 1, "Actual Loops": 3, "Hash Buckets": 1024, "Original Hash Buckets": 1024, "Hash Batches": 1, "Original Hash Batches": 1, "Peak Memory Usage": 9, "Plans": [{"Node Type": "Seq Scan", "Parent Relationship": "Outer", "Parallel Aware": false, "Relation Name": "info_type", "Alias": "it2", "Startup Cost": 0.0, "Total Cost": 2.41, "Plan Rows": 1, "Plan Width": 4, "Actual Startup Time": 0.02, "Actual Total Time": 0.022, "Actual Rows": 1, "Actual Loops": 3, "Filter": "((info)::text = 'votes'::text)", "Rows Removed by Filter": 112}]}]}]}]}]}]}, {"Node Type": "Index Scan", "Parent Relationship": "Inner", "Parallel Aware": false, "Scan Direction": "Forward", "Index Name": "name_pkey", "Relation Name": "name", "Alias": "n", "Startup Cost": 0.43, "Total Cost": 0.64, "Plan Rows": 1, "Plan Width": 4, "Actual Startup Time": 0.002, "Actual Total Time": 0.002, "Actual Rows": 0, "Actual Loops": 107339, "Index Cond": "(id = ci.person_id)", "Rows Removed by Index Recheck": 0, "Filter": "(((name)::text ~~ '%Tim%'::text) AND ((gender)::text = 'm'::text))", "Rows Removed by Filter": 1}]}]}, {"Node Type": "Index Only Scan", "Parent Relationship": "Inner", "Parallel Aware": false, "Scan Direction": "Forward", "Index Name": "title_pkey", "Relation Name": "title", "Alias": "t", "Startup Cost": 0.43, "Total Cost": 0.46, "Plan Rows": 1, "Plan Width": 4, "Actual Startup Time": 0.004, "Actual Total Time": 0.004, "Actual Rows": 1, "Actual Loops": 410, "Index Cond": "(id = mi.movie_id)", "Rows Removed by Index Recheck": 0, "Heap Fetches": 410}]}]}, "Planning Time": 81.463, "Triggers": [], "Execution Time": 2501.883}]
[{"Bao": {"Bao prediction": 232.961, "Bao recommended hint": "(no hint)"}}, {"Plan": {"Node Type": "Aggregate", "Strategy": "Plain", "Partial Mode": "Simple", "Parallel Aware": false, "Startup Cost": 322829.04, "Total Cost": 322829.05, "Plan Rows": 1, "Plan Width": 8, "Actual Startup Time": 122.474, "Actual Total Time": 125.725, "Actual Rows": 1, "Actual Loops": 1, "Plans": [{"Node Type": "Gather", "Parent Relationship": "Outer", "Parallel Aware": false, "Startup Cost": 36119.36, "Total Cost": 322829.03, "Plan Rows": 2, "Plan Width": 0, "Actual Startup Time": 122.47, "Actual Total Time": 125.72, "Actual Rows": 0, "Actual Loops": 1, "Workers Planned": 2, "Workers Launched": 2, "Single Copy": false, "Plans": [{"Node Type": "Nested Loop", "Parent Relationship": "Outer", "Parallel Aware": false, "Join Type": "Inner", "Startup Cost": 35119.36, "Total Cost": 321828.83, "Plan Rows": 1, "Plan Width": 0, "Actual Startup Time": 120.176, "Actual Total Time": 120.18, "Actual Rows": 0, "Actual Loops": 3, "Inner Unique": true, "Plans": [{"Node Type": "Nested Loop", "Parent Relationship": "Outer", "Parallel Aware": false, "Join Type": "Inner", "Startup Cost": 35119.22, "Total Cost": 321828.67, "Plan Rows": 1, "Plan Width": 4, "Actual Startup Time": 120.176, "Actual Total Time": 120.179, "Actual Rows": 0, "Actual Loops": 3, "Inner Unique": true, "Plans": [{"Node Type": "Hash Join", "Parent Relationship": "Outer", "Parallel Aware": true, "Join Type": "Inner", "Startup Cost": 35118.79, "Total Cost": 321825.31, "Plan Rows": 2, "Plan Width": 12, "Actual Startup Time": 120.175, "Actual Total Time": 120.178, "Actual Rows": 0, "Actual Loops": 3, "Inner Unique": false, "Hash Cond": "(mi.movie_id = mc.movie_id)", "Plans": [{"Node Type": "Seq Scan", "Parent Relationship": "Outer", "Parallel Aware": true, "Relation Name": "movie_info", "Alias": "mi", "Startup Cost": 0.0, "Total Cost": 286477.69, "Plan Rows": 61019, "Plan Width": 8, "Actual Startup Time": 0.0, "Actual Total Time": 0.0, "Actual Rows": 0, "Actual Loops": 0, "Filter": "((info)::text = ANY ('{Sweden,Norway,Germany,Denmark,Swedish,Denish,Norwegian,German}'::text[]))", "Rows Removed by Filter": 0}, {"Node Type": "Hash", "Parent Relationship": "Inner", "Parallel Aware": true, "Startup Cost": 35118.71, "Total Cost": 35118.71, "Plan Rows": 6, "Plan Width": 4, "Actual Startup Time": 119.941, "Actual Total Time": 119.942, "Actual Rows": 0, "Actual Loops": 3, "Hash Buckets": 1024, "Original Hash Buckets": 1024, "Hash Batches": 1, "Original Hash Batches": 1, "Peak Memory Usage": 0, "Plans": [{"Node Type": "Hash Join", "Parent Relationship": "Outer", "Parallel Aware": false, "Join Type": "Inner", "Startup Cost": 18.93, "Total Cost": 35118.71, "Plan Rows": 6, "Plan Width": 4, "Actual Startup Time": 119.922, "Actual Total Time": 119.923, "Actual Rows": 0, "Actual Loops": 3, "Inner Unique": true, "Hash Cond": "(mc.company_type_id = ct.id)", "Plans": [{"Node Type": "Seq Scan", "Parent Relationship": "Outer", "Parallel Aware": true, "Relation Name": "movie_companies", "Alias": "mc", "Startup Cost": 0.0, "Total Cost": 35097.06, "Plan Rows": 1037, "Plan Width": 8, "Actual Startup Time": 2.461, "Actual Total Time": 119.416, "Actual Rows": 8008, "Actual Loops": 3, "Filter": "(((note)::text ~~ '%(theatrical)%'::text) AND ((note)::text ~~ '%(France)%'::text))", "Rows Removed by Filter": 861701}, {"Node Type": "Hash", "Parent Relationship": "Inner", "Parallel Aware": false, "Startup Cost": 18.88, "Total Cost": 18.88, "Plan Rows": 4, "Plan Width": 4, "Actual Startup Time": 0.023, "Actual Total Time": 0.023, "Actual Rows": 1, "Actual Loops": 3, "Hash Buckets": 1024, "Original Hash Buckets": 1024, "Hash Batches": 1, "Original Hash Batches": 1, "Peak Memory Usage": 9, "Plans": [{"Node Type": "Seq Scan", "Parent Relationship": "Outer", "Parallel Aware": false, "Relation Name": "company_type", "Alias": "ct", "Startup Cost": 0.0, "Total Cost": 18.88, "Plan Rows": 4, "Plan Width": 4, "Actual Startup Time": 0.019, "Actual Total Time": 0.02, "Actual Rows": 1, "Actual Loops": 3, "Filter": "((kind)::text = 'production companies'::text)", "Rows Removed by Filter": 3}]}]}]}]}, {"Node Type": "Index Scan", "Parent Relationship": "Inner", "Parallel Aware": false, "Scan Direction": "Forward", "Index Name": "title_pkey", "Relation Name": "title", "Alias": "t", "Startup Cost": 0.43, "Total Cost": 1.68, "Plan Rows": 1, "Plan Width": 4, "Actual Startup Time": 0.0, "Actual Total Time": 0.0, "Actual Rows": 0, "Actual Loops": 0, "Index Cond": "(id = mi.movie_id)", "Rows Removed by Index Recheck": 0, "Filter": "(production_year > 2005)", "Rows Removed by Filter": 0}]}, {"Node Type": "Index Only Scan", "Parent Relationship": "Inner", "Parallel Aware": false, "Scan Direction": "Forward", "Index Name": "info_type_pkey", "Relation Name": "info_type", "Alias": "it", "Startup Cost": 0.14, "Total Cost": 0.16, "Plan Rows": 1, "Plan Width": 4, "Actual Startup Time": 0.0, "Actual Total Time": 0.0, "Actual Rows": 0, "Actual Loops": 0, "Index Cond": "(id = mi.info_type_id)", "Rows Removed by Index Recheck": 0, "Heap Fetches": 0}]}]}]}, "Planning Time": 78.37, "Triggers": [], "Execution Time": 125.784}]
[{"Bao": {"Bao prediction": 415.486, "Bao recommended hint": "(no hint)"}}, {"Plan": {"Node Type": "Aggregate", "Strategy": "Plain", "Partial Mode": "Finalize", "Parallel Aware": false, "Startup Cost": 84689.2, "Total Cost": 84689.21, "Plan Rows": 1, "Plan Width": 8, "Actual Startup Time": 459.795, "Actual Total Time": 467.7, "Actual Rows": 1, "Actual Loops": 1, "Plans": [{"Node Type": "Gather", "Parent Relationship": "Outer", "Parallel Aware": false, "Startup Cost": 84688.99, "Total Cost": 84689.2, "Plan Rows": 2, "Plan Width": 8, "Actual Startup Time": 459.613, "Actual Total Time": 467.694, "Actual Rows": 3, "Actual Loops": 1, "Workers Planned": 2, "Workers Launched": 2, "Single Copy": false, "Plans": [{"Node Type": "Aggregate", "Strategy": "Plain", "Partial Mode": "Partial", "Parent Relationship": "Outer", "Parallel Aware": false, "Startup Cost": 83688.99, "Total Cost": 83689.0, "Plan Rows": 1, "Plan Width": 8, "Actual Startup Time": 453.564, "Actual Total Time": 453.575, "Actual Rows": 1, "Actual Loops": 3, "Plans": [{"Node Type": "Nested Loop", "Parent Relationship": "Outer", "Parallel Aware": false, "Join Type": "Inner", "Startup Cost": 51923.11, "Total Cost": 83688.91, "Plan Rows": 30, "Plan Width": 0, "Actual Startup Time": 333.005, "Actual Total Time": 453.326, "Actual Rows": 4966, "Actual Loops": 3, "Inner Unique": true, "Plans": [{"Node Type": "Nested Loop", "Parent Relationship": "Outer", "Parallel Aware": false, "Join Type": "Inner", "Startup Cost": 51922.96, "Total Cost": 83683.81, "Plan Rows": 30, "Plan Width": 4, "Actual Startup Time": 332.989, "Actual Total Time": 448.922, "Actual Rows": 5164, "Actual Loops": 3, "Inner Unique": true, "Plans": [{"Node Type": "Hash Join", "Parent Relationship": "Outer", "Parallel Aware": true, "Join Type": "Inner", "Startup Cost": 51922.54, "Total Cost": 83668.91, "Plan Rows": 33, "Plan Width": 8, "Actual Startup Time": 332.94, "Actual Total Time": 441.458, "Actual Rows": 5170, "Actual Loops": 3, "Inner Unique": false, "Hash Cond": "(mc.movie_id = ml.movie_id)", "Plans": [{"Node Type": "Seq Scan", "Parent Relationship": "Outer", "Parallel Aware": true, "Relation Name": "movie_companies", "Alias": "mc", "Startup Cost": 0.0, "Total Cost": 29661.37, "Plan Rows": 555962, "Plan Width": 12, "Actual Startup Time": 0.025, "Actual Total Time": 77.036, "Actual Rows": 445713, "Actual Loops": 3, "Filter": "(note IS NOT NULL)", "Rows Removed by Filter": 423996}, {"Node Type": "Hash", "Parent Relationship": "Inner", "Parallel Aware": true, "Startup Cost": 51922.39, "Total Cost": 51922.39, "Plan Rows": 12, "Plan Width": 12, "Actual Startup Time": 332.466, "Actual Total Time": 332.475, "Actual Rows": 487, "Actual Loops": 3, "Hash Buckets": 1024, "Original Hash Buckets": 1024, "Hash Batches": 1, "Original Hash Batches": 1, "Peak Memory Usage": 136, "Plans": [{"Node Type": "Nested Loop", "Parent Relationship": "Outer", "Parallel Aware": false, "Join Type": "Inner", "Startup Cost": 3632.39, "Total Cost": 51922.39, "Plan Rows": 12, "Plan Width": 12, "Actual Startup Time": 40.773, "Actual Total Time": 332.245, "Actual Rows": 487, "Actual Loops": 3, "Inner Unique": true, "Plans": [{"Node Type": "Nested Loop", "Parent Relationship": "Outer", "Parallel Aware": false, "Join Type": "Inner", "Startup Cost": 3632.24, "Total Cost": 51920.36, "Plan Rows": 12, "Plan Width": 16, "Actual Startup Time": 40.743, "Actual Total Time": 331.567, "Actual Rows": 487, "Actual Loops": 3, "Inner Unique": true, "Join Filter": "(ml.movie_id = t.id)", "Rows Removed by Join Filter": 0, "Plans": [{"Node Type": "Hash Join", "Parent Relationship": "Outer", "Parallel Aware": false, "Join Type": "Inner", "Startup Cost": 3631.81, "Total Cost": 51913.83, "Plan Rows": 13, "Plan Width": 12, "Actual Startup Time": 40.711, "Actual Total Time": 330.221, "Actual Rows": 487, "Actual Loops": 3, "Inner Unique": false, "Hash Cond": "(mk.movie_id = ml.movie_id)", "Plans": [{"Node Type": "Hash Join", "Parent Relationship": "Outer", "Parallel Aware": false, "Join Type": "Inner", "Startup Cost": 2793.88, "Total Cost": 51045.79, "Plan Rows": 42, "Plan Width": 4, "Actual Startup Time": 31.394, "Actual Total Time": 317.181, "Actual Rows": 15801, "Actual Loops": 3, "Inner Unique": true, "Hash Cond": "(mk.keyword_id = k.id)", "Plans": [{"Node Type": "Seq Scan", "Parent Relationship": "Outer", "Parallel Aware": true, "Relation Name": "movie_keyword", "Alias": "mk", "Startup Cost": 0.0, "Total Cost": 43303.71, "Plan Rows": 1884971, "Plan Width": 8, "Actual Startup Time": 0.011, "Actual Total Time": 137.813, "Actual Rows": 1507977, "Actual Loops": 3}, {"Node Type": "Hash", "Parent Relationship": "Inner", "Parallel Aware": false, "Startup Cost": 2793.84, "Total Cost": 2793.84, "Plan Rows": 3, "Plan Width": 4, "Actual Startup Time": 31.324, "Actual Total Time": 31.325, "Actual Rows": 3, "Actual Loops": 3, "Hash Buckets": 1024, "Original Hash Buckets": 1024, "Hash Batches": 1, "Original Hash Batches": 1, "Peak Memory Usage": 9, "Plans": [{"Node Type": "Seq Scan", "Parent Relationship": "Outer", "Parallel Aware": false, "Relation Name": "keyword", "Alias": "k", "Startup Cost": 0.0, "Total Cost": 2793.84, "Plan Rows": 3, "Plan Width": 4, "Actual Startup Time": 1.063, "Actual Total Time": 31.319, "Actual Rows": 3, "Actual Loops": 3, "Filter": "((keyword)::text = ANY ('{sequel,revenge,based-on-novel}'::text[]))", "Rows Removed by Filter": 134167}]}]}, {"Node Type": "Hash", "Parent Relationship": "Inner", "Parallel Aware": false, "Startup Cost": 462.97, "Total Cost": 462.97, "Plan Rows": 29997, "Plan Width": 8, "Actual Startup Time": 9.222, "Actual Total Time": 9.227, "Actual Rows": 29997, "Actual Loops": 3, "Hash Buckets": 32768, "Original Hash Buckets": 32768, "Hash Batches": 1, "Original Hash Batches": 1, "Peak Memory Usage": 1428, "Plans": [{"Node Type": "Seq Scan", "Parent Relationship": "Outer", "Parallel Aware": false, "Relation Name": "movie_link", "Alias": "ml", "Startup Cost": 0.0, "Total Cost": 462.97, "Plan Rows": 29997, "Plan Width": 8, "Actual Startup Time": 0.025, "Actual Total Time": 4.502, "Actual Rows": 29997, "Actual Loops": 3}]}]}, {"Node Type": "Index Scan", "Parent Relationship": "Inner", "Parallel Aware": false, "Scan Direction": "Forward", "Index Name": "title_pkey", "Relation Name": "title", "Alias": "t", "Startup Cost": 0.43, "Total Cost": 0.49, "Plan Rows": 1, "Plan Width": 4, "Actual Startup Time": 0.002, "Actual Total Time": 0.002, "Actual Rows": 1, "Actual Loops": 1460, "Index Cond": "(id = mk.movie_id)", "Rows Removed by Index Recheck": 0, "Filter": "(production_year > 1950)", "Rows Removed by Filter": 0}]}, {"Node Type": "Index Only Scan", "Parent Relationship": "Inner", "Parallel Aware": false, "Scan Direction": "Forward", "Index Name": "link_type_pkey", "Relation Name": "link_type", "Alias": "lt", "Startup Cost": 0.15, "Total Cost": 0.17, "Plan Rows": 1, "Plan Width": 4, "Actual Startup Time": 0.001, "Actual Total Time": 0.001, "Actual Rows": 1, "Actual Loops": 1460, "Index Cond": "(id = ml.link_type_id)", "Rows Removed by Index Recheck": 0, "Heap Fetches": 1460}]}]}]}, {"Node Type": "Index Scan", "Parent Relationship": "Inner", "Parallel Aware": false, "Scan Direction": "Forward", "Index Name": "company_name_pkey", "Relation Name": "company_name", "Alias": "cn", "Startup Cost": 0.42, "Total Cost": 0.45, "Plan Rows": 1, "Plan Width": 4, "Actual Startup Time": 0.001, "Actual Total Time": 0.001, "Actual Rows": 1, "Actual Loops": 15510, "Index Cond": "(id = mc.company_id)", "Rows Removed by Index Recheck": 0, "Filter": "((country_code)::text <> '[pl]'::text)", "Rows Removed by Filter": 0}]}, {"Node Type": "Index Scan", "Parent Relationship": "Inner", "Parallel Aware": false, "Scan Direction": "Forward", "Index Name": "company_type_pkey", "Relation Name": "company_type", "Alias": "ct", "Startup Cost": 0.15, "Total Cost": 0.17, "Plan Rows": 1, "Plan Width": 4, "Actual Startup Time": 0.001, "Actual Total Time": 0.001, "Actual Rows": 1, "Actual Loops": 15493, "Index Cond": "(id = mc.company_type_id)", "Rows Removed by Index Recheck": 0, "Filter": "((kind IS NOT NULL) AND ((kind)::text <> 'production companies'::text))", "Rows Removed by Filter": 0}]}]}]}]}, "Planning Time": 93.466, "Triggers": [], "Execution Time": 467.804}]
[{"Bao": {"Bao prediction": 2304.389, "Bao recommended hint": "SET enable_mergejoin TO off; "}}, {"Plan": {"Node Type": "Aggregate", "Strategy": "Plain", "Partial Mode": "Simple", "Parallel Aware": false, "Startup Cost": 874071.99, "Total Cost": 874072.0, "Plan Rows": 1, "Plan Width": 8, "Actual Startup Time": 2366.947, "Actual Total Time": 2423.358, "Actual Rows": 1, "Actual Loops": 1, "Plans": [{"Node Type": "Nested Loop", "Parent Relationship": "Outer", "Parallel Aware": false, "Join Type": "Inner", "Startup Cost": 633800.57, "Total Cost": 874071.98, "Plan Rows": 1, "Plan Width": 0, "Actual Startup Time": 2366.765, "Actual Total Time": 2423.351, "Actual Rows": 15, "Actual Loops": 1, "Inner Unique": true, "Plans": [{"Node Type": "Gather", "Parent Relationship": "Outer", "Parallel Aware": false, "Startup Cost": 633800.42, "Total Cost": 874071.8, "Plan Rows": 1, "Plan Width": 4, "Actual Startup Time": 2366.748, "Actual Total Time": 2423.322, "Actual Rows": 15, "Actual Loops": 1, "Workers Planned": 2, "Workers Launched": 2, "Single Copy": false, "Plans": [{"Node Type": "Hash Join", "Parent Relationship": "Outer", "Parallel Aware": true, "Join Type": "Inner", "Startup Cost": 632800.42, "Total Cost": 873071.7, "Plan Rows": 1, "Plan Width": 4, "Actual Startup Time": 2265.059, "Actual Total Time": 2363.849, "Actual Rows": 5, "Actual Loops": 3, "Inner Unique": false, "Hash Cond": "(mi.movie_id = t.id)", "Plans": [{"Node Type": "Seq Scan", "Parent Relationship": "Outer", "Parallel Aware": true, "Relation Name": "movie_info", "Alias": "mi", "Startup Cost": 0.0, "Total Cost": 239795.93, "Plan Rows": 126756, "Plan Width": 8, "Actual Startup Time": 57.477, "Actual Total Time": 541.909, "Actual Rows": 129228, "Actual Loops": 3, "Filter": "((info)::text ~~ 'USA:%200%'::text)", "Rows Removed by Filter": 4816012}, {"Node Type": "Hash", "Parent Relationship": "Inner", "Parallel Aware": true, "Startup Cost": 632800.41, "Total Cost": 632800.41, "Plan Rows": 1, "Plan Width": 20, "Actual Startup Time": 1814.298, "Actual Total Time": 1814.313, "Actual Rows": 5, "Actual Loops": 3, "Hash Buckets": 1024, "Original Hash Buckets": 1024, "Hash Batches": 1, "Original Hash Batches": 1, "Peak Memory Usage": 40, "Plans": [{"Node Type": "Nested Loop", "Parent Relationship": "Outer", "Parallel Aware": false, "Join Type": "Inner", "Startup Cost": 564755.79, "Total Cost": 632800.41, "Plan Rows": 1, "Plan Width": 20, "Actual Startup Time": 1763.457, "Actual Total Time": 1814.287, "Actual Rows": 5, "Actual Loops": 3, "Inner Unique": true, "Plans": [{"Node Type": "Hash Join", "Parent Relationship": "Outer", "Parallel Aware": true, "Join Type": "Inner", "Startup Cost": 564755.65, "Total Cost": 632800.23, "Plan Rows": 1, "Plan Width": 24, "Actual Startup Time": 1660.989, "Actual Total Time": 1813.487, "Actual Rows": 815, "Actual Loops": 3, "Inner Unique": false, "Hash Cond": "(pi.person_id = n.id)", "Plans": [{"Node Type": "Seq Scan", "Parent Relationship": "Outer", "Parallel Aware": true, "Relation Name": "person_info", "Alias": "pi", "Startup Cost": 0.0, "Total Cost": 63409.96, "Plan Rows": 1235896, "Plan Width": 8, "Actual Startup Time": 0.011, "Actual Total Time": 87.808, "Actual Rows": 987888, "Actual Loops": 3}, {"Node Type": "Hash", "Parent Relationship": "Inner", "Parallel Aware": true, "Startup Cost": 564755.64, "Total Cost": 564755.64, "Plan Rows": 1, "Plan Width": 32, "Actual Startup Time": 1657.107, "Actual Total Time": 1657.12, "Actual Rows": 5, "Actual Loops": 3, "Hash Buckets": 1024, "Original Hash Buckets": 1024, "Hash Batches": 1, "Original Hash Batches": 1, "Peak Memory Usage": 72, "Plans": [{"Node Type": "Hash Join", "Parent Relationship": "Outer", "Parallel Aware": true, "Join Type": "Inner", "Startup Cost": 548195.68, "Total Cost": 564755.64, "Plan Rows": 1, "Plan Width": 32, "Actual Startup Time": 1638.759, "Actual Total Time": 1657.077, "Actual Rows": 5, "Actual Loops": 3, "Inner Unique": false, "Hash Cond": "(an.person_id = n.id)", "Plans": [{"Node Type": "Seq Scan", "Parent Relationship": "Outer", "Parallel Aware": true, "Relation Name": "aka_name", "Alias": "an", "Startup Cost": 0.0, "Total Cost": 15151.6, "Plan Rows": 375560, "Plan Width": 4, "Actual Startup Time": 0.038, "Actual Total Time": 25.153, "Actual Rows": 300448, "Actual Loops": 3}, {"Node Type": "Hash", "Parent Relationship": "Inner", "Parallel Aware": true, "Startup Cost": 548195.67, "Total Cost": 548195.67, "Plan Rows": 1, "Plan Width": 28, "Actual Startup Time": 1610.88, "Actual Total Time": 1610.892, "Actual Rows": 2, "Actual Loops": 3, "Hash Buckets": 1024, "Original Hash Buckets": 1024, "Hash Batches": 1, "Original Hash Batches": 1, "Peak Memory Usage": 72, "Plans": [{"Node Type": "Nested Loop", "Parent Relationship": "Outer", "Parallel Aware": false, "Join Type": "Inner", "Startup Cost": 514454.0, "Total Cost": 548195.67, "Plan Rows": 1, "Plan Width": 28, "Actual Startup Time": 1582.945, "Actual Total Time": 1610.799, "Actual Rows": 2, "Actual Loops": 3, "Inner Unique": true, "Plans": [{"Node Type": "Nested Loop", "Parent Relationship": "Outer", "Parallel Aware": false, "Join Type": "Inner", "Startup Cost": 514453.57, "Total Cost": 548193.33, "Plan Rows": 1, "Plan Width": 24, "Actual Startup Time": 1582.93, "Actual Total Time": 1610.78, "Actual Rows": 2, "Actual Loops": 3, "Inner Unique": true, "Plans": [{"Node Type": "Hash Join", "Parent Relationship": "Outer", "Parallel Aware": true, "Join Type": "Inner", "Startup Cost": 514453.15, "Total Cost": 548191.3, "Plan Rows": 1, "Plan Width": 28, "Actual Startup Time": 1582.913, "Actual Total Time": 1610.737, "Actual Rows": 7, "Actual Loops": 3, "Inner Unique": false, "Hash Cond": "(mc.movie_id = t.id)", "Plans": [{"Node Type": "Seq Scan", "Parent Relationship": "Outer", "Parallel Aware": true, "Relation Name": "movie_companies", "Alias": "mc", "Startup Cost": 0.0, "Total Cost": 29661.37, "Plan Rows": 1087137, "Plan Width": 8, "Actual Startup Time": 0.029, "Actual Total Time": 61.917, "Actual Rows": 869710, "Actual Loops": 3}, {"Node Type": "Hash", "Parent Relationship": "Inner", "Parallel Aware": true, "Startup Cost": 514453.14, "Total Cost": 514453.14, "Plan Rows": 1, "Plan Width": 20, "Actual Startup Time": 1488.919, "Actual Total Time": 1488.928, "Actual Rows": 0, "Actual Loops": 3, "Hash Buckets": 1024, "Original Hash Buckets": 1024, "Hash Batches": 1, "Original Hash Batches": 1, "Peak Memory Usage": 40, "Plans": [{"Node Type": "Nested Loop", "Parent Relationship": "Outer", "Parallel Aware": false, "Join Type": "Inner", "Startup Cost": 464077.0, "Total Cost": 514453.14, "Plan Rows": 1, "Plan Width": 20, "Actual Startup Time": 1471.694, "Actual Total Time": 1488.877, "Actual Rows": 0, "Actual Loops": 3, "Inner Unique": true, "Plans": [{"Node Type": "Nested Loop", "Parent Relationship": "Outer", "Parallel Aware": false, "Join Type": "Inner", "Startup Cost": 464076.85, "Total Cost": 514452.4, "Plan Rows": 1, "Plan Width": 24, "Actual Startup Time": 1471.689, "Actual Total Time": 1488.871, "Actual Rows": 0, "Actual Loops": 3, "Inner Unique": true, "Plans": [{"Node Type": "Hash Join", "Parent Relationship": "Outer", "Parallel Aware": true, "Join Type": "Inner", "Startup Cost": 464076.43, "Total Cost": 514448.79, "Plan Rows": 1, "Plan Width": 28, "Actual Startup Time": 1471.643, "Actual Total Time": 1488.746, "Actual Rows": 36, "Actual Loops": 3, "Inner Unique": false, "Hash Cond": "(mk.movie_id = t.id)", "Plans": [{"Node Type": "Seq Scan", "Parent Relationship": "Outer", "Parallel Aware": true, "Relation Name": "movie_keyword", "Alias": "mk", "Startup Cost": 0.0, "Total Cost": 43303.71, "Plan Rows": 1884971, "Plan Width": 8, "Actual Startup Time": 0.006, "Actual Total Time": 102.51, "Actual Rows": 1507977, "Actual Loops": 3}, {"Node Type": "Hash", "Parent Relationship": "Inner", "Parallel Aware": true, "Startup Cost": 464076.42, "Total Cost": 464076.42, "Plan Rows": 1, "Plan Width": 20, "Actual Startup Time": 1284.157, "Actual Total Time": 1284.163, "Actual Rows": 0, "Actual Loops": 3, "Hash Buckets": 1024, "Original Hash Buckets": 1024, "Hash Batches": 1, "Original Hash Batches": 1, "Peak Memory Usage": 40, "Plans": [{"Node Type": "Nested Loop", "Parent Relationship": "Outer", "Parallel Aware": false, "Join Type": "Inner", "Startup Cost": 2479.34, "Total Cost": 464076.42, "Plan Rows": 1, "Plan Width": 20, "Actual Startup Time": 1004.021, "Actual Total Time": 1284.15, "Actual Rows": 0, "Actual Loops": 3, "Inner Unique": true, "Plans": [{"Node Type": "Nested Loop", "Parent Relationship": "Outer", "Parallel Aware": false, "Join Type": "Inner", "Startup Cost": 2478.91, "Total Cost": 464072.35, "Plan Rows": 1, "Plan Width": 24, "Actual Startup Time": 37.231, "Actual Total Time": 1283.929, "Actual Rows": 13, "Actual Loops": 3, "Inner Unique": true, "Plans": [{"Node Type": "Hash Join", "Parent Relationship": "Outer", "Parallel Aware": false, "Join Type": "Inner", "Startup Cost": 2478.48, "Total Cost": 464066.99, "Plan Rows": 2, "Plan Width": 20, "Actual Startup Time": 28.112, "Actual Total Time": 1272.773, "Actual Rows": 2376, "Actual Loops": 3, "Inner Unique": false, "Hash Cond": "(ci.movie_id = cc.movie_id)", "Plans": [{"Node Type": "Seq Scan", "Parent Relationship": "Outer", "Parallel Aware": true, "Relation Name": "cast_info", "Alias": "ci", "Startup Cost": 0.0, "Total Cost": 460246.89, "Plan Rows": 357758, "Plan Width": 16, "Actual Startup Time": 0.037, "Actual Total Time": 1208.408, "Actual Rows": 278900, "Actual Loops": 3, "Filter": "((note)::text = ANY ('{(voice),\"(voice) (uncredited)\",\"(voice: English version)\"}'::text[]))", "Rows Removed by Filter": 11802548}, {"Node Type": "Hash", "Parent Relationship": "Inner", "Parallel Aware": false, "Startup Cost": 2478.43, "Total Cost": 2478.43, "Plan Rows": 4, "Plan Width": 4, "Actual Startup Time": 27.725, "Actual Total Time": 27.728, "Actual Rows": 17879, "Actual Loops": 3, "Hash Buckets": 32768, "Original Hash Buckets": 1024, "Hash Batches": 1, "Original Hash Batches": 1, "Peak Memory Usage": 885, "Plans": [{"Node Type": "Hash Join", "Parent Relationship": "Outer", "Parallel Aware": false, "Join Type": "Inner", "Startup Cost": 37.85, "Total Cost": 2478.43, "Plan Rows": 4, "Plan Width": 4, "Actual Startup Time": 0.05, "Actual Total Time": 25.547, "Actual Rows": 17879, "Actual Loops": 3, "Inner Unique": true, "Hash Cond": "(cc.subject_id = cct1.id)", "Plans": [{"Node Type": "Hash Join", "Parent Relationship": "Outer", "Parallel Aware": false, "Join Type": "Inner", "Startup Cost": 18.93, "Total Cost": 2457.5, "Plan Rows": 761, "Plan Width": 8, "Actual Startup Time": 0.021, "Actual Total Time": 22.652, "Actual Rows": 24592, "Actual Loops": 3, "Inner Unique": true, "Hash Cond": "(cc.status_id = cct2.id)", "Plans": [{"Node Type": "Seq Scan", "Parent Relationship": "Outer", "Parallel Aware": false, "Relation Name": "complete_cast", "Alias": "cc", "Startup Cost": 0.0, "Total Cost": 2081.86, "Plan Rows": 135086, "Plan Width": 12, "Actual Startup Time": 0.009, "Actual Total Time": 9.78, "Actual Rows": 135086, "Actual Loops": 3}, {"Node Type": "Hash", "Parent Relationship": "Inner", "Parallel Aware": false, "Startup Cost": 18.88, "Total Cost": 18.88, "Plan Rows": 4, "Plan Width": 4, "Actual Startup Time": 0.004, "Actual Total Time": 0.004, "Actual Rows": 1, "Actual Loops": 3, "Hash Buckets": 1024, "Original Hash Buckets": 1024, "Hash Batches": 1, "Original Hash Batches": 1, "Peak Memory Usage": 9, "Plans": [{"Node Type": "Seq Scan", "Parent Relationship": "Outer", "Parallel Aware": false, "Relation Name": "comp_cast_type", "Alias": "cct2", "Startup Cost": 0.0, "Total Cost": 18.88, "Plan Rows": 4, "Plan Width": 4, "Actual Startup Time": 0.002, "Actual Total Time": 0.002, "Actual Rows": 1, "Actual Loops": 3, "Filter": "((kind)::text = 'complete+verified'::text)", "Rows Removed by Filter": 3}]}]}, {"Node Type": "Hash", "Parent Relationship": "Inner", "Parallel Aware": false, "Startup Cost": 18.88, "Total Cost": 18.88, "Plan Rows": 4, "Plan Width": 4, "Actual Startup Time": 0.021, "Actual Total Time": 0.021, "Actual Rows": 1, "Actual Loops": 3, "Hash Buckets": 1024, "Original Hash Buckets": 1024, "Hash Batches": 1, "Original Hash Batches": 1, "Peak Memory Usage": 9, "Plans": [{"Node Type": "Seq Scan", "Parent Relationship": "Outer", "Parallel Aware": false, "Relation Name": "comp_cast_type", "Alias": "cct1", "Startup Cost": 0.0, "Total Cost": 18.88, "Plan Rows": 4, "Plan Width": 4, "Actual Startup Time": 0.016, "Actual Total Time": 0.017, "Actual Rows": 1, "Actual Loops": 3, "Filter": "((kind)::text = 'cast'::text)", "Rows Removed by Filter": 3}]}]}]}]}, {"Node Type": "Index Scan", "Parent Relationship": "Inner", "Parallel Aware": false, "Scan Direction": "Forward", "Index Name": "title_pkey", "Relation Name": "title", "Alias": "t", "Startup Cost": 0.43, "Total Cost": 2.23, "Plan Rows": 1, "Plan Width": 4, "Actual Startup Time": 0.004, "Actual Total Time": 0.004, "Actual Rows": 0, "Actual Loops": 7127, "Index Cond": "(id = ci.movie_id)", "Rows Removed by Index Recheck": 0, "Filter": "((production_year >= 2000) AND (production_year <= 2005) AND ((title)::text = 'Shrek 2'::text))", "Rows Removed by Filter": 1}]}, {"Node Type": "Index Scan", "Parent Relationship": "Inner", "Parallel Aware": false, "Scan Direction": "Forward", "Index Name": "char_name_pkey", "Relation Name": "char_name", "Alias": "chn", "Startup Cost": 0.43, "Total Cost": 2.25, "Plan Rows": 1, "Plan Width": 4, "Actual Startup Time": 0.017, "Actual Total Time": 0.017, "Actual Rows": 0, "Actual Loops": 38, "Index Cond": "(id = ci.person_role_id)", "Rows Removed by Index Recheck": 0, "Filter": "((name)::text = 'Queen'::text)", "Rows Removed by Filter": 1}]}]}]}, {"Node Type": "Index Scan", "Parent Relationship": "Inner", "Parallel Aware": false, "Scan Direction": "Forward", "Index Name": "keyword_pkey", "Relation Name": "keyword", "Alias": "k", "Startup Cost": 0.42, "Total Cost": 2.02, "Plan Rows": 1, "Plan Width": 4, "Actual Startup Time": 0.003, "Actual Total Time": 0.003, "Actual Rows": 0, "Actual Loops": 108, "Index Cond": "(id = mk.keyword_id)", "Rows Removed by Index Recheck": 0, "Filter": "((keyword)::text = 'computer-animation'::text)", "Rows Removed by Filter": 1}]}, {"Node Type": "Index Scan", "Parent Relationship": "Inner", "Parallel Aware": false, "Scan Direction": "Forward", "Index Name": "role_type_pkey", "Relation Name": "role_type", "Alias": "rt", "Startup Cost": 0.15, "Total Cost": 0.57, "Plan Rows": 1, "Plan Width": 4, "Actual Startup Time": 0.014, "Actual Total Time": 0.015, "Actual Rows": 1, "Actual Loops": 1, "Index Cond": "(id = ci.role_id)", "Rows Removed by Index Recheck": 0, "Filter": "((role)::text = 'actress'::text)", "Rows Removed by Filter": 0}]}]}]}, {"Node Type": "Index Scan", "Parent Relationship": "Inner", "Parallel Aware": false, "Scan Direction": "Forward", "Index Name": "company_name_pkey", "Relation Name": "company_name", "Alias": "cn", "Startup Cost": 0.42, "Total Cost": 2.03, "Plan Rows": 1, "Plan Width": 4, "Actual Startup Time": 0.005, "Actual Total Time": 0.005, "Actual Rows": 0, "Actual Loops": 22, "Index Cond": "(id = mc.company_id)", "Rows Removed by Index Recheck": 0, "Filter": "((country_code)::text = '[us]'::text)", "Rows Removed by Filter": 1}]}, {"Node Type": "Index Scan", "Parent Relationship": "Inner", "Parallel Aware": false, "Scan Direction": "Forward", "Index Name": "name_pkey", "Relation Name": "name", "Alias": "n", "Startup Cost": 0.43, "Total Cost": 2.34, "Plan Rows": 1, "Plan Width": 4, "Actual Startup Time": 0.009, "Actual Total Time": 0.009, "Actual Rows": 1, "Actual Loops": 5, "Index Cond": "(id = ci.person_id)", "Rows Removed by Index Recheck": 0, "Filter": "(((name)::text ~~ '%An%'::text) AND ((gender)::text = 'f'::text))", "Rows Removed by Filter": 0}]}]}]}]}]}, {"Node Type": "Index Scan", "Parent Relationship": "Inner", "Parallel Aware": false, "Scan Direction": "Forward", "Index Name": "info_type_pkey", "Relation Name": "info_type", "Alias": "it3", "Startup Cost": 0.14, "Total Cost": 0.16, "Plan Rows": 1, "Plan Width": 4, "Actual Startup Time": 0.001, "Actual Total Time": 0.001, "Actual Rows": 0, "Actual Loops": 2445, "Index Cond": "(id = pi.info_type_id)", "Rows Removed by Index Recheck": 0, "Filter": "((info)::text = 'height'::text)", "Rows Removed by Filter": 1}]}]}]}]}, {"Node Type": "Index Scan", "Parent Relationship": "Inner", "Parallel Aware": false, "Scan Direction": "Forward", "Index Name": "info_type_pkey", "Relation Name": "info_type", "Alias": "it", "Startup Cost": 0.14, "Total Cost": 0.16, "Plan Rows": 1, "Plan Width": 4, "Actual Startup Time": 0.001, "Actual Total Time": 0.001, "Actual Rows": 1, "Actual Loops": 15, "Index Cond": "(id = mi.info_type_id)", "Rows Removed by Index Recheck": 0, "Filter": "((info)::text = 'release dates'::text)", "Rows Removed by Filter": 0}]}]}, "Planning Time": 294.502, "Triggers": [], "Execution Time": 2423.535}]
[{"Bao": {"Bao prediction": 1588.186, "Bao recommended hint": "SET enable_mergejoin TO off; SET enable_indexscan TO off; "}}, {"Plan": {"Node Type": "Aggregate", "Strategy": "Plain", "Partial Mode": "Finalize", "Parallel Aware": false, "Startup Cost": 481585.27, "Total Cost": 481585.28, "Plan Rows": 1, "Plan Width": 8, "Actual Startup Time": 1388.502, "Actual Total Time": 1416.172, "Actual Rows": 1, "Actual Loops": 1, "Plans": [{"Node Type": "Gather", "Parent Relationship": "Outer", "Parallel Aware": false, "Startup Cost": 481585.06, "Total Cost": 481585.27, "Plan Rows": 2, "Plan Width": 8, "Actual Startup Time": 1388.351, "Actual Total Time": 1416.166, "Actual Rows": 3, "Actual Loops": 1, "Workers Planned": 2, "Workers Launched": 2, "Single Copy": false, "Plans": [{"Node Type": "Aggregate", "Strategy": "Plain", "Partial Mode": "Partial", "Parent Relationship": "Outer", "Parallel Aware": false, "Startup Cost": 480585.06, "Total Cost": 480585.07, "Plan Rows": 1, "Plan Width": 8, "Actual Startup Time": 1386.028, "Actual Total Time": 1386.033, "Actual Rows": 1, "Actual Loops": 3, "Plans": [{"Node Type": "Nested Loop", "Parent Relationship": "Outer", "Parallel Aware": false, "Join Type": "Inner", "Startup Cost": 447759.6, "Total Cost": 480585.05, "Plan Rows": 4, "Plan Width": 0, "Actual Startup Time": 1386.026, "Actual Total Time": 1386.031, "Actual Rows": 0, "Actual Loops": 3, "Inner Unique": true, "Plans": [{"Node Type": "Nested Loop", "Parent Relationship": "Outer", "Parallel Aware": false, "Join Type": "Inner", "Startup Cost": 447759.44, "Total Cost": 480568.35, "Plan Rows": 4, "Plan Width": 4, "Actual Startup Time": 1386.025, "Actual Total Time": 1386.03, "Actual Rows": 0, "Actual Loops": 3, "Inner Unique": true, "Plans": [{"Node Type": "Nested Loop", "Parent Relationship": "Outer", "Parallel Aware": false, "Join Type": "Inner", "Startup Cost": 447758.97, "Total Cost": 480532.5, "Plan Rows": 8, "Plan Width": 8, "Actual Startup Time": 1386.025, "Actual Total Time": 1386.029, "Actual Rows": 0, "Actual Loops": 3, "Inner Unique": true, "Plans": [{"Node Type": "Hash Join", "Parent Relationship": "Outer", "Parallel Aware": true, "Join Type": "Inner", "Startup Cost": 447758.52, "Total Cost": 480295.78, "Plan Rows": 53, "Plan Width": 16, "Actual Startup Time": 1386.025, "Actual Total Time": 1386.028, "Actual Rows": 0, "Actual Loops": 3, "Inner Unique": false, "Hash Cond": "(mc.movie_id = ci.movie_id)", "Plans": [{"Node Type": "Hash Join", "Parent Relationship": "Outer", "Parallel Aware": true, "Join Type": "Inner", "Startup Cost": 4732.19, "Total Cost": 37247.36, "Plan Rows": 5834, "Plan Width": 8, "Actual Startup Time": 8.272, "Actual Total Time": 141.246, "Actual Rows": 2930, "Actual Loops": 3, "Inner Unique": true, "Hash Cond": "(mc.company_id = cn.id)", "Plans": [{"Node Type": "Seq Scan", "Parent Relationship": "Outer", "Parallel Aware": true, "Relation Name": "movie_companies", "Alias": "mc", "Startup Cost": 0.0, "Total Cost": 29661.37, "Plan Rows": 1087137, "Plan Width": 12, "Actual Startup Time": 0.008, "Actual Total Time": 61.021, "Actual Rows": 869710, "Actual Loops": 3}, {"Node Type": "Hash", "Parent Relationship": "Inner", "Parallel Aware": true, "Startup Cost": 4722.92, "Total Cost": 4722.92, "Plan Rows": 742, "Plan Width": 4, "Actual Startup Time": 7.95, "Actual Total Time": 7.951, "Actual Rows": 454, "Actual Loops": 3, "Hash Buckets": 2048, "Original Hash Buckets": 2048, "Hash Batches": 1, "Original Hash Batches": 1, "Peak Memory Usage": 112, "Plans": [{"Node Type": "Seq Scan", "Parent Relationship": "Outer", "Parallel Aware": true, "Relation Name": "company_name", "Alias": "cn", "Startup Cost": 0.0, "Total Cost": 4722.92, "Plan Rows": 742, "Plan Width": 4, "Actual Startup Time": 0.027, "Actual Total Time": 7.84, "Actual Rows": 454, "Actual Loops": 3, "Filter": "((country_code)::text = '[ru]'::text)", "Rows Removed by Filter": 77879}]}]}, {"Node Type": "Hash", "Parent Relationship": "Inner", "Parallel Aware": true, "Startup Cost": 442984.0, "Total Cost": 442984.0, "Plan Rows": 3386, "Plan Width": 8, "Actual Startup Time": 1244.22, "Actual Total Time": 1244.221, "Actual Rows": 4, "Actual Loops": 3, "Hash Buckets": 8192, "Original Hash Buckets": 8192, "Hash Batches": 1, "Original Hash Batches": 1, "Peak Memory Usage": 160, "Plans": [{"Node Type": "Hash Join", "Parent Relationship": "Outer", "Parallel Aware": false, "Join Type": "Inner", "Startup Cost": 18.93, "Total Cost": 442984.0, "Plan Rows": 3386, "Plan Width": 8, "Actual Startup Time": 130.334, "Actual Total Time": 1244.177, "Actual Rows": 4, "Actual Loops": 3, "Inner Unique": true, "Hash Cond": "(ci.role_id = rt.id)", "Plans": [{"Node Type": "Seq Scan", "Parent Relationship": "Outer", "Parallel Aware": true, "Relation Name": "cast_info", "Alias": "ci", "Startup Cost": 0.0, "Total Cost": 441377.81, "Plan Rows": 601081, "Plan Width": 12, "Actual Startup Time": 130.295, "Actual Total Time": 1211.261, "Actual Rows": 478480, "Actual Loops": 3, "Filter": "((note)::text ~~ '%(producer)%'::text)", "Rows Removed by Filter": 11602968}, {"Node Type": "Hash", "Parent Relationship": "Inner", "Parallel Aware": false, "Startup Cost": 18.88, "Total Cost": 18.88, "Plan Rows": 4, "Plan Width": 4, "Actual Startup Time": 0.023, "Actual Total Time": 0.024, "Actual Rows": 1, "Actual Loops": 3, "Hash Buckets": 1024, "Original Hash Buckets": 1024, "Hash Batches": 1, "Original Hash Batches": 1, "Peak Memory Usage": 9, "Plans": [{"Node Type": "Seq Scan", "Parent Relationship": "Outer", "Parallel Aware": false, "Relation Name": "role_type", "Alias": "rt", "Startup Cost": 0.0, "Total Cost": 18.88, "Plan Rows": 4, "Plan Width": 4, "Actual Startup Time": 0.02, "Actual Total Time": 0.021, "Actual Rows": 1, "Actual Loops": 3, "Filter": "((role)::text = 'actor'::text)", "Rows Removed by Filter": 11}]}]}]}]}, {"Node Type": "Bitmap Heap Scan", "Parent Relationship": "Inner", "Parallel Aware": false, "Relation Name": "title", "Alias": "t", "Startup Cost": 0.45, "Total Cost": 4.47, "Plan Rows": 1, "Plan Width": 4, "Actual Startup Time": 0.0, "Actual Total Time": 0.0, "Actual Rows": 0, "Actual Loops": 0, "Recheck Cond": "(id = mc.movie_id)", "Rows Removed by Index Recheck": 0, "Filter": "(production_year > 2010)", "Rows Removed by Filter": 0, "Exact Heap Blocks": 0, "Lossy Heap Blocks": 0, "Plans": [{"Node Type": "Bitmap Index Scan", "Parent Relationship": "Outer", "Parallel Aware": false, "Index Name": "title_pkey", "Startup Cost": 0.0, "Total Cost": 0.45, "Plan Rows": 1, "Plan Width": 0, "Actual Startup Time": 0.0, "Actual Total Time": 0.0, "Actual Rows": 0, "Actual Loops": 0, "Index Cond": "(id = mc.movie_id)"}]}]}, {"Node Type": "Bitmap Heap Scan", "Parent Relationship": "Inner", "Parallel Aware": false, "Relation Name": "char_name", "Alias": "chn", "Startup Cost": 0.47, "Total Cost": 4.48, "Plan Rows": 1, "Plan Width": 4, "Actual Startup Time": 0.0, "Actual Total Time": 0.0, "Actual Rows": 0, "Actual Loops": 0, "Recheck Cond": "(id = ci.person_role_id)", "Rows Removed by Index Recheck": 0, "Exact Heap Blocks": 0, "Lossy Heap Blocks": 0, "Plans": [{"Node Type": "Bitmap Index Scan", "Parent Relationship": "Outer", "Parallel Aware": false, "Index Name": "char_name_pkey", "Startup Cost": 0.0, "Total Cost": 0.47, "Plan Rows": 1, "Plan Width": 0, "Actual Startup Time": 0.0, "Actual Total Time": 0.0, "Actual Rows": 0, "Actual Loops": 0, "Index Cond": "(id = ci.person_role_id)"}]}]}, {"Node Type": "Bitmap Heap Scan", "Parent Relationship": "Inner", "Parallel Aware": false, "Relation Name": "company_type", "Alias": "ct", "Startup Cost": 0.16, "Total Cost": 4.17, "Plan Rows": 1, "Plan Width": 4, "Actual Startup Time": 0.0, "Actual Total Time": 0.0, "Actual Rows": 0, "Actual Loops": 0, "Recheck Cond": "(id = mc.company_type_id)", "Rows Removed by Index Recheck": 0, "Exact Heap Blocks": 0, "Lossy Heap Blocks": 0, "Plans": [{"Node Type": "Bitmap Index Scan", "Parent Relationship": "Outer", "Parallel Aware": false, "Index Name": "company_type_pkey", "Startup Cost": 0.0, "Total Cost": 0.16, "Plan Rows": 1, "Plan Width": 0, "Actual Startup Time": 0.0, "Actual Total Time": 0.0, "Actual Rows": 0, "Actual Loops": 0, "Index Cond": "(id = mc.company_type_id)"}]}]}]}]}]}, "Planning Time": 82.121, "Triggers": [], "Execution Time": 1416.257}]
[{"Bao": {"Bao prediction": 1725.76, "Bao recommended hint": "(no hint)"}}, {"Plan": {"Node Type": "Aggregate", "Strategy": "Plain", "Partial Mode": "Finalize", "Parallel Aware": false, "Startup Cost": 514326.12, "Total Cost": 514326.13, "Plan Rows": 1, "Plan Width": 8, "Actual Startup Time": 2929.415, "Actual Total Time": 2966.891, "Actual Rows": 1, "Actual Loops": 1, "Plans": [{"Node Type": "Gather", "Parent Relationship": "Outer", "Parallel Aware": false, "Startup Cost": 514325.9, "Total Cost": 514326.11, "Plan Rows": 2, "Plan Width": 8, "Actual Startup Time": 2929.254, "Actual Total Time": 2966.886, "Actual Rows": 3, "Actual Loops": 1, "Workers Planned": 2, "Workers Launched": 2, "Single Copy": false, "Plans": [{"Node Type": "Aggregate", "Strategy": "Plain", "Partial Mode": "Partial", "Parent Relationship": "Outer", "Parallel Aware": false, "Startup Cost": 513325.9, "Total Cost": 513325.91, "Plan Rows": 1, "Plan Width": 8, "Actual Startup Time": 2926.817, "Actual Total Time": 2926.825, "Actual Rows": 1, "Actual Loops": 3, "Plans": [{"Node Type": "Nested Loop", "Parent Relationship": "Outer", "Parallel Aware": false, "Join Type": "Inner", "Startup Cost": 51940.46, "Total Cost": 513319.7, "Plan Rows": 2480, "Plan Width": 0, "Actual Startup Time": 315.284, "Actual Total Time": 2912.949, "Actual Rows": 261826, "Actual Loops": 3, "Inner Unique": true, "Plans": [{"Node Type": "Hash Join", "Parent Relationship": "Outer", "Parallel Aware": true, "Join Type": "Inner", "Startup Cost": 51940.03, "Total Cost": 512190.57, "Plan Rows": 2480, "Plan Width": 4, "Actual Startup Time": 315.248, "Actual Total Time": 2429.801, "Actual Rows": 261826, "Actual Loops": 3, "Inner Unique": false, "Hash Cond": "(ci.movie_id = t.id)", "Plans": [{"Node Type": "Seq Scan", "Parent Relationship": "Outer", "Parallel Aware": true, "Relation Name": "cast_info", "Alias": "ci", "Startup Cost": 0.0, "Total Cost": 403639.65, "Plan Rows": 15095265, "Plan Width": 8, "Actual Startup Time": 0.008, "Actual Total Time": 858.786, "Actual Rows": 12081448, "Actual Loops": 3}, {"Node Type": "Hash", "Parent Relationship": "Inner", "Parallel Aware": true, "Startup Cost": 51939.27, "Total Cost": 51939.27, "Plan Rows": 61, "Plan Width": 8, "Actual Startup Time": 315.015, "Actual Total Time": 315.022, "Actual Rows": 4722, "Actual Loops": 3, "Hash Buckets": 16384, "Original Hash Buckets": 1024, "Hash Batches": 1, "Original Hash Batches": 1, "Peak Memory Usage": 856, "Plans": [{"Node Type": "Nested Loop", "Parent Relationship": "Outer", "Parallel Aware": false, "Join Type": "Inner", "Startup Cost": 3632.93, "Total Cost": 51939.27, "Plan Rows": 61, "Plan Width": 8, "Actual Startup Time": 28.559, "Actual Total Time": 263.03, "Actual Rows": 4722, "Actual Loops": 3, "Inner Unique": true, "Plans": [{"Node Type": "Hash Join", "Parent Relationship": "Outer", "Parallel Aware": false, "Join Type": "Inner", "Startup Cost": 3632.5, "Total Cost": 51884.41, "Plan Rows": 112, "Plan Width": 4, "Actual Startup Time": 28.523, "Actual Total Time": 231.369, "Actual Rows": 11849, "Actual Loops": 3, "Inner Unique": true, "Hash Cond": "(mk.keyword_id = k.id)", "Plans": [{"Node Type": "Seq Scan", "Parent Relationship": "Outer", "Parallel Aware": true, "Relation Name": "movie_keyword", "Alias": "mk", "Startup Cost": 0.0, "Total Cost": 43303.71, "Plan Rows": 1884971, "Plan Width": 8, "Actual Startup Time": 0.01, "Actual Total Time": 97.963, "Actual Rows": 1507977, "Actual Loops": 3}, {"Node Type": "Hash", "Parent Relationship": "Inner", "Parallel Aware": false, "Startup Cost": 3632.4, "Total Cost": 3632.4, "Plan Rows": 8, "Plan Width": 4, "Actual Startup Time": 28.399, "Actual Total Time": 28.4, "Actual Rows": 8, "Actual Loops": 3, "Hash Buckets": 1024, "Original Hash Buckets": 1024, "Hash Batches": 1, "Original Hash Batches": 1, "Peak Memory Usage": 9, "Plans": [{"Node Type": "Seq Scan", "Parent Relationship": "Outer", "Parallel Aware": false, "Relation Name": "keyword", "Alias": "k", "Startup Cost": 0.0, "Total Cost": 3632.4, "Plan Rows": 8, "Plan Width": 4, "Actual Startup Time": 0.125, "Actual Total Time": 28.394, "Actual Rows": 8, "Actual Loops": 3, "Filter": "((keyword)::text = ANY ('{superhero,sequel,second-part,marvel-comics,based-on-comic,tv-special,fight,violence}'::text[]))", "Rows Removed by Filter": 134162}]}]}, {"Node Type": "Index Scan", "Parent Relationship": "Inner", "Parallel Aware": false, "Scan Direction": "Forward", "Index Name": "title_pkey", "Relation Name": "title", "Alias": "t", "Startup Cost": 0.43, "Total Cost": 0.49, "Plan Rows": 1, "Plan Width": 4, "Actual Startup Time": 0.002, "Actual Total Time": 0.002, "Actual Rows": 0, "Actual Loops": 35548, "Index Cond": "(id = mk.movie_id)", "Rows Removed by Index Recheck": 0, "Filter": "(production_year > 2000)", "Rows Removed by Filter": 1}]}]}]}, {"Node Type": "Index Only Scan", "Parent Relationship": "Inner", "Parallel Aware": false, "Scan Direction": "Forward", "Index Name": "name_pkey", "Relation Name": "name", "Alias": "n", "Startup Cost": 0.43, "Total Cost": 0.46, "Plan Rows": 1, "Plan Width": 4, "Actual Startup Time": 0.002, "Actual Total Time": 0.002, "Actual Rows": 1, "Actual Loops": 785477, "Index Cond": "(id = ci.person_id)", "Rows Removed by Index Recheck": 0, "Heap Fetches": 785477}]}]}]}]}, "Planning Time": 78.365, "Triggers": [], "Execution Time": 2966.953}]
[{"Bao": {"Bao prediction": 928.712, "Bao recommended hint": "(no hint)"}}, {"Plan": {"Node Type": "Aggregate", "Strategy": "Plain", "Partial Mode": "Finalize", "Parallel Aware": false, "Startup Cost": 350125.42, "Total Cost": 350125.43, "Plan Rows": 1, "Plan Width": 8, "Actual Startup Time": 809.887, "Actual Total Time": 837.173, "Actual Rows": 1, "Actual Loops": 1, "Plans": [{"Node Type": "Gather", "Parent Relationship": "Outer", "Parallel Aware": false, "Startup Cost": 350125.21, "Total Cost": 350125.42, "Plan Rows": 2, "Plan Width": 8, "Actual Startup Time": 809.724, "Actual Total Time": 837.168, "Actual Rows": 3, "Actual Loops": 1, "Workers Planned": 2, "Workers Launched": 2, "Single Copy": false, "Plans": [{"Node Type": "Aggregate", "Strategy": "Plain", "Partial Mode": "Partial", "Parent Relationship": "Outer", "Parallel Aware": false, "Startup Cost": 349125.21, "Total Cost": 349125.22, "Plan Rows": 1, "Plan Width": 8, "Actual Startup Time": 807.317, "Actual Total Time": 807.325, "Actual Rows": 1, "Actual Loops": 3, "Plans": [{"Node Type": "Hash Join", "Parent Relationship": "Outer", "Parallel Aware": true, "Join Type": "Inner", "Startup Cost": 340862.25, "Total Cost": 349125.19, "Plan Rows": 7, "Plan Width": 0, "Actual Startup Time": 791.18, "Actual Total Time": 807.315, "Actual Rows": 109, "Actual Loops": 3, "Inner Unique": false, "Hash Cond": "(at.movie_id = t.id)", "Plans": [{"Node Type": "Seq Scan", "Parent Relationship": "Outer", "Parallel Aware": true, "Relation Name": "aka_title", "Alias": "at", "Startup Cost": 0.0, "Total Cost": 7698.13, "Plan Rows": 150613, "Plan Width": 4, "Actual Startup Time": 0.006, "Actual Total Time": 10.852, "Actual Rows": 120491, "Actual Loops": 3}, {"Node Type": "Hash", "Parent Relationship": "Inner", "Parallel Aware": true, "Startup Cost": 340862.21, "Total Cost": 340862.21, "Plan Rows": 3, "Plan Width": 16, "Actual Startup Time": 786.031, "Actual Total Time": 786.038, "Actual Rows": 466, "Actual Loops": 3, "Hash Buckets": 1024, "Original Hash Buckets": 1024, "Hash Batches": 1, "Original Hash Batches": 1, "Peak Memory Usage": 104, "Plans": [{"Node Type": "Nested Loop", "Parent Relationship": "Outer", "Parallel Aware": false, "Join Type": "Inner", "Startup Cost": 290486.83, "Total Cost": 340862.21, "Plan Rows": 3, "Plan Width": 16, "Actual Startup Time": 570.378, "Actual Total Time": 785.918, "Actual Rows": 466, "Actual Loops": 3, "Inner Unique": true, "Plans": [{"Node Type": "Nested Loop", "Parent Relationship": "Outer", "Parallel Aware": false, "Join Type": "Inner", "Startup Cost": 290486.41, "Total Cost": 340860.9, "Plan Rows": 3, "Plan Width": 20, "Actual Startup Time": 570.351, "Actual Total Time": 784.745, "Actual Rows": 466, "Actual Loops": 3, "Inner Unique": true, "Join Filter": "(mi.movie_id = t.id)", "Rows Removed by Join Filter": 0, "Plans": [{"Node Type": "Hash Join", "Parent Relationship": "Outer", "Parallel Aware": true, "Join Type": "Inner", "Startup Cost": 290485.98, "Total Cost": 340858.38, "Plan Rows": 5, "Plan Width": 16, "Actual Startup Time": 570.332, "Actual Total Time": 783.664, "Actual Rows": 491, "Actual Loops": 3, "Inner Unique": false, "Hash Cond": "(mk.movie_id = mi.movie_id)", "Plans": [{"Node Type": "Seq Scan", "Parent Relationship": "Outer", "Parallel Aware": true, "Relation Name": "movie_keyword", "Alias": "mk", "Startup Cost": 0.0, "Total Cost": 43303.71, "Plan Rows": 1884971, "Plan Width": 8, "Actual Startup Time": 0.031, "Actual Total Time": 102.648, "Actual Rows": 1507977, "Actual Loops": 3}, {"Node Type": "Hash", "Parent Relationship": "Inner", "Parallel Aware": true, "Startup Cost": 290485.97, "Total Cost": 290485.97, "Plan Rows": 1, "Plan Width": 8, "Actual Startup Time": 570.022, "Actual Total Time": 570.027, "Actual Rows": 223, "Actual Loops": 3, "Hash Buckets": 1024, "Original Hash Buckets": 1024, "Hash Batches": 1, "Original Hash Batches": 1, "Peak Memory Usage": 104, "Plans": [{"Node Type": "Nested Loop", "Parent Relationship": "Outer", "Parallel Aware": false, "Join Type": "Inner", "Startup Cost": 255359.78, "Total Cost": 290485.97, "Plan Rows": 1, "Plan Width": 8, "Actual Startup Time": 452.908, "Actual Total Time": 569.897, "Actual Rows": 223, "Actual Loops": 3, "Inner Unique": true, "Plans": [{"Node Type": "Nested Loop", "Parent Relationship": "Outer", "Parallel Aware": false, "Join Type": "Inner", "Startup Cost": 255359.63, "Total Cost": 290485.8, "Plan Rows": 1, "Plan Width": 12, "Actual Startup Time": 452.894, "Actual Total Time": 569.656, "Actual Rows": 223, "Actual Loops": 3, "Inner Unique": true, "Plans": [{"Node Type": "Hash Join", "Parent Relationship": "Outer", "Parallel Aware": true, "Join Type": "Inner", "Startup Cost": 255359.21, "Total Cost": 290484.5, "Plan Rows": 1, "Plan Width": 16, "Actual Startup Time": 452.869, "Actual Total Time": 568.824, "Actual Rows": 233, "Actual Loops": 3, "Inner Unique": false, "Hash Cond": "(mc.movie_id = mi.movie_id)", "Plans": [{"Node Type": "Seq Scan", "Parent Relationship": "Outer", "Parallel Aware": true, "Relation Name": "movie_companies", "Alias": "mc", "Startup Cost": 0.0, "Total Cost": 35097.06, "Plan Rows": 7526, "Plan Width": 12, "Actual Startup Time": 0.047, "Actual Total Time": 114.102, "Actual Rows": 20555, "Actual Loops": 3, "Filter": "(((note)::text ~~ '%(200%)%'::text) AND ((note)::text ~~ '%(worldwide)%'::text))", "Rows Removed by Filter": 849155}, {"Node Type": "Hash", "Parent Relationship": "Inner", "Parallel Aware": true, "Startup Cost": 255359.2, "Total Cost": 255359.2, "Plan Rows": 1, "Plan Width": 4, "Actual Startup Time": 452.536, "Actual Total Time": 452.538, "Actual Rows": 590, "Actual Loops": 3, "Hash Buckets": 1024, "Original Hash Buckets": 1024, "Hash Batches": 1, "Original Hash Batches": 1, "Peak Memory Usage": 104, "Plans": [{"Node Type": "Hash Join", "Parent Relationship": "Outer", "Parallel Aware": false, "Join Type": "Inner", "Startup Cost": 2.43, "Total Cost": 255359.2, "Plan Rows": 1, "Plan Width": 4, "Actual Startup Time": 122.229, "Actual Total Time": 452.367, "Actual Rows": 590, "Actual Loops": 3, "Inner Unique": true, "Hash Cond": "(mi.info_type_id = it1.id)", "Plans": [{"Node Type": "Seq Scan", "Parent Relationship": "Outer", "Parallel Aware": true, "Relation Name": "movie_info", "Alias": "mi", "Startup Cost": 0.0, "Total Cost": 255356.52, "Plan Rows": 94, "Plan Width": 8, "Actual Startup Time": 122.176, "Actual Total Time": 452.197, "Actual Rows": 590, "Actual Loops": 3, "Filter": "(((note)::text ~~ '%internet%'::text) AND ((info)::text ~~ 'USA:% 200%'::text))", "Rows Removed by Filter": 4944650}, {"Node Type": "Hash", "Parent Relationship": "Inner", "Parallel Aware": false, "Startup Cost": 2.41, "Total Cost": 2.41, "Plan Rows": 1, "Plan Width": 4, "Actual Startup Time": 0.03, "Actual Total Time": 0.031, "Actual Rows": 1, "Actual Loops": 3, "Hash Buckets": 1024, "Original Hash Buckets": 1024, "Hash Batches": 1, "Original Hash Batches": 1, "Peak Memory Usage": 9, "Plans": [{"Node Type": "Seq Scan", "Parent Relationship": "Outer", "Parallel Aware": false, "Relation Name": "info_type", "Alias": "it1", "Startup Cost": 0.0, "Total Cost": 2.41, "Plan Rows": 1, "Plan Width": 4, "Actual Startup Time": 0.02, "Actual Total Time": 0.025, "Actual Rows": 1, "Actual Loops": 3, "Filter": "((info)::text = 'release dates'::text)", "Rows Removed by Filter": 112}]}]}]}]}, {"Node Type": "Index Scan", "Parent Relationship": "Inner", "Parallel Aware": false, "Scan Direction": "Forward", "Index Name": "company_name_pkey", "Relation Name": "company_name", "Alias": "cn", "Startup Cost": 0.42, "Total Cost": 1.3, "Plan Rows": 1, "Plan Width": 4, "Actual Startup Time": 0.003, "Actual Total Time": 0.003, "Actual Rows": 1, "Actual Loops": 699, "Index Cond": "(id = mc.company_id)", "Rows Removed by Index Recheck": 0, "Filter": "((country_code)::text = '[us]'::text)", "Rows Removed by Filter": 0}]}, {"Node Type": "Index Only Scan", "Parent Relationship": "Inner", "Parallel Aware": false, "Scan Direction": "Forward", "Index Name": "company_type_pkey", "Relation Name": "company_type", "Alias": "ct", "Startup Cost": 0.15, "Total Cost": 0.17, "Plan Rows": 1, "Plan Width": 4, "Actual Startup Time": 0.001, "Actual Total Time": 0.001, "Actual Rows": 1, "Actual Loops": 668, "Index Cond": "(id = mc.company_type_id)", "Rows Removed by Index Recheck": 0, "Heap Fetches": 668}]}]}]}, {"Node Type": "Index Scan", "Parent Relationship": "Inner", "Parallel Aware": false, "Scan Direction": "Forward", "Index Name": "title_pkey", "Relation Name": "title", "Alias": "t", "Startup Cost": 0.43, "Total Cost": 0.49, "Plan Rows": 1, "Plan Width": 4, "Actual Startup Time": 0.002, "Actual Total Time": 0.002, "Actual Rows": 1, "Actual Loops": 1473, "Index Cond": "(id = mk.movie_id)", "Rows Removed by Index Recheck": 0, "Filter": "(production_year > 2000)", "Rows Removed by Filter": 0}]}, {"Node Type": "Index Only Scan", "Parent Relationship": "Inner", "Parallel Aware": false, "Scan Direction": "Forward", "Index Name": "keyword_pkey", "Relation Name": "keyword", "Alias": "k", "Startup Cost": 0.42, "Total Cost": 0.44, "Plan Rows": 1, "Plan Width": 4, "Actual Startup Time": 0.002, "Actual Total Time": 0.002, "Actual Rows": 1, "Actual Loops": 1398, "Index Cond": "(id = mk.keyword_id)", "Rows Removed by Index Recheck": 0, "Heap Fetches": 1398}]}]}]}]}]}]}, "Planning Time": 98.938, "Triggers": [], "Execution Time": 837.267}]
[{"Bao": {"Bao prediction": 394.328, "Bao recommended hint": "SET enable_mergejoin TO off; SET enable_indexscan TO off; "}}, {"Plan": {"Node Type": "Aggregate", "Strategy": "Plain", "Partial Mode": "Finalize", "Parallel Aware": false, "Startup Cost": 54125.02, "Total Cost": 54125.03, "Plan Rows": 1, "Plan Width": 8, "Actual Startup Time": 278.524, "Actual Total Time": 282.398, "Actual Rows": 1, "Actual Loops": 1, "Plans": [{"Node Type": "Gather", "Parent Relationship": "Outer", "Parallel Aware": false, "Startup Cost": 54124.81, "Total Cost": 54125.02, "Plan Rows": 2, "Plan Width": 8, "Actual Startup Time": 278.069, "Actual Total Time": 282.392, "Actual Rows": 3, "Actual Loops": 1, "Workers Planned": 2, "Workers Launched": 2, "Single Copy": false, "Plans": [{"Node Type": "Aggregate", "Strategy": "Plain", "Partial Mode": "Partial", "Parent Relationship": "Outer", "Parallel Aware": false, "Startup Cost": 53124.81, "Total Cost": 53124.82, "Plan Rows": 1, "Plan Width": 8, "Actual Startup Time": 275.787, "Actual Total Time": 275.797, "Actual Rows": 1, "Actual Loops": 3, "Plans": [{"Node Type": "Nested Loop", "Parent Relationship": "Outer", "Parallel Aware": false, "Join Type": "Inner", "Startup Cost": 37850.51, "Total Cost": 53124.8, "Plan Rows": 1, "Plan Width": 0, "Actual Startup Time": 275.363, "Actual Total Time": 275.79, "Actual Rows": 47, "Actual Loops": 3, "Inner Unique": true, "Join Filter": "(mc.movie_id = t.id)", "Rows Removed by Join Filter": 0, "Plans": [{"Node Type": "Hash Join", "Parent Relationship": "Outer", "Parallel Aware": true, "Join Type": "Inner", "Startup Cost": 37850.05, "Total Cost": 53120.31, "Plan Rows": 1, "Plan Width": 8, "Actual Startup Time": 275.342, "Actual Total Time": 275.423, "Actual Rows": 47, "Actual Loops": 3, "Inner Unique": false, "Hash Cond": "(mi_idx.movie_id = mc.movie_id)", "Plans": [{"Node Type": "Hash Join", "Parent Relationship": "Outer", "Parallel Aware": false, "Join Type": "Inner", "Startup Cost": 2.43, "Total Cost": 15253.6, "Plan Rows": 5089, "Plan Width": 4, "Actual Startup Time": 63.275, "Actual Total Time": 63.302, "Actual Rows": 83, "Actual Loops": 3, "Inner Unique": true, "Hash Cond": "(mi_idx.info_type_id = it.id)", "Plans": [{"Node Type": "Seq Scan", "Parent Relationship": "Outer", "Parallel Aware": true, "Relation Name": "movie_info_idx", "Alias": "mi_idx", "Startup Cost": 0.0, "Total Cost": 13685.15, "Plan Rows": 575015, "Plan Width": 8, "Actual Startup Time": 0.005, "Actual Total Time": 31.67, "Actual Rows": 460012, "Actual Loops": 3}, {"Node Type": "Hash", "Parent Relationship": "Inner", "Parallel Aware": false, "Startup Cost": 2.41, "Total Cost": 2.41, "Plan Rows": 1, "Plan Width": 4, "Actual Startup Time": 0.021, "Actual Total Time": 0.028, "Actual Rows": 1, "Actual Loops": 3, "Hash Buckets": 1024, "Original Hash Buckets": 1024, "Hash Batches": 1, "Original Hash Batches": 1, "Peak Memory Usage": 9, "Plans": [{"Node Type": "Seq Scan", "Parent Relationship": "Outer", "Parallel Aware": false, "Relation Name": "info_type", "Alias": "it", "Startup Cost": 0.0, "Total Cost": 2.41, "Plan Rows": 1, "Plan Width": 4, "Actual Startup Time": 0.019, "Actual Total Time": 0.019, "Actual Rows": 1, "Actual Loops": 3, "Filter": "((info)::text = 'top 250 rank'::text)", "Rows Removed by Filter": 112}]}]}, {"Node Type": "Hash", "Parent Relationship": "Inner", "Parallel Aware": true, "Startup Cost": 37847.26, "Total Cost": 37847.26, "Plan Rows": 29, "Plan Width": 4, "Actual Startup Time": 211.857, "Actual Total Time": 211.858, "Actual Rows": 9552, "Actual Loops": 3, "Hash Buckets": 32768, "Original Hash Buckets": 1024, "Hash Batches": 1, "Original Hash Batches": 1, "Peak Memory Usage": 1656, "Plans": [{"Node Type": "Hash Join", "Parent Relationship": "Outer", "Parallel Aware": false, "Join Type": "Inner", "Startup Cost": 18.93, "Total Cost": 37847.26, "Plan Rows": 29, "Plan Width": 4, "Actual Startup Time": 154.931, "Actual Total Time": 197.936, "Actual Rows": 9552, "Actual Loops": 3, "Inner Unique": true, "Hash Cond": "(mc.company_type_id = ct.id)", "Plans": [{"Node Type": "Seq Scan", "Parent Relationship": "Outer", "Parallel Aware": true, "Relation Name": "movie_companies", "Alias": "mc", "Startup Cost": 0.0, "Total Cost": 37814.9, "Plan Rows": 5088, "Plan Width": 8, "Actual Startup Time": 24.179, "Actual Total Time": 196.64, "Actual Rows": 9630, "Actual Loops": 3, "Filter": "(((note)::text !~~ '%(as Metro-Goldwyn-Mayer Pictures)%'::text) AND (((note)::text ~~ '%(co-production)%'::text) OR ((note)::text ~~ '%(presents)%'::text)))", "Rows Removed by Filter": 860080}, {"Node Type": "Hash", "Parent Relationship": "Inner", "Parallel Aware": false, "Startup Cost": 18.88, "Total Cost": 18.88, "Plan Rows": 4, "Plan Width": 4, "Actual Startup Time": 0.016, "Actual Total Time": 0.017, "Actual Rows": 1, "Actual Loops": 3, "Hash Buckets": 1024, "Original Hash Buckets": 1024, "Hash Batches": 1, "Original Hash Batches": 1, "Peak Memory Usage": 9, "Plans": [{"Node Type": "Seq Scan", "Parent Relationship": "Outer", "Parallel Aware": false, "Relation Name": "company_type", "Alias": "ct", "Startup Cost": 0.0, "Total Cost": 18.88, "Plan Rows": 4, "Plan Width": 4, "Actual Startup Time": 0.012, "Actual Total Time": 0.013, "Actual Rows": 1, "Actual Loops": 3, "Filter": "((kind)::text = 'production companies'::text)", "Rows Removed by Filter": 3}]}]}]}]}, {"Node Type": "Bitmap Heap Scan", "Parent Relationship": "Inner", "Parallel Aware": false, "Relation Name": "title", "Alias": "t", "Startup Cost": 0.46, "Total Cost": 4.48, "Plan Rows": 1, "Plan Width": 4, "Actual Startup Time": 0.006, "Actual Total Time": 0.006, "Actual Rows": 1, "Actual Loops": 142, "Recheck Cond": "(id = mi_idx.movie_id)", "Rows Removed by Index Recheck": 0, "Exact Heap Blocks": 95, "Lossy Heap Blocks": 0, "Plans": [{"Node Type": "Bitmap Index Scan", "Parent Relationship": "Outer", "Parallel Aware": false, "Index Name": "title_pkey", "Startup Cost": 0.0, "Total Cost": 0.46, "Plan Rows": 1, "Plan Width": 0, "Actual Startup Time": 0.004, "Actual Total Time": 0.004, "Actual Rows": 1, "Actual Loops": 142, "Index Cond": "(id = mi_idx.movie_id)"}]}]}]}]}]}, "Planning Time": 77.516, "Triggers": [], "Execution Time": 282.465}]
[{"Bao": {"Bao prediction": 478.799, "Bao recommended hint": "(no hint)"}}, {"Plan": {"Node Type": "Aggregate", "Strategy": "Plain", "Partial Mode": "Simple", "Parallel Aware": false, "Startup Cost": 67611.42, "Total Cost": 67611.43, "Plan Rows": 1, "Plan Width": 8, "Actual Startup Time": 377.406, "Actual Total Time": 384.093, "Actual Rows": 1, "Actual Loops": 1, "Plans": [{"Node Type": "Gather", "Parent Relationship": "Outer", "Parallel Aware": false, "Startup Cost": 51883.33, "Total Cost": 67611.41, "Plan Rows": 2, "Plan Width": 0, "Actual Startup Time": 283.564, "Actual Total Time": 384.048, "Actual Rows": 740, "Actual Loops": 1, "Workers Planned": 2, "Workers Launched": 2, "Single Copy": false, "Plans": [{"Node Type": "Nested Loop", "Parent Relationship": "Outer", "Parallel Aware": false, "Join Type": "Inner", "Startup Cost": 50883.33, "Total Cost": 66611.21, "Plan Rows": 1, "Plan Width": 0, "Actual Startup Time": 281.457, "Actual Total Time": 375.127, "Actual Rows": 247, "Actual Loops": 3, "Inner Unique": true, "Join Filter": "(mi_idx.movie_id = t.id)", "Rows Removed by Join Filter": 0, "Plans": [{"Node Type": "Hash Join", "Parent Relationship": "Outer", "Parallel Aware": true, "Join Type": "Inner", "Startup Cost": 50882.9, "Total Cost": 66610.21, "Plan Rows": 2, "Plan Width": 8, "Actual Startup Time": 272.006, "Actual Total Time": 369.947, "Actual Rows": 1940, "Actual Loops": 3, "Inner Unique": false, "Hash Cond": "(mi_idx.movie_id = mk.movie_id)", "Plans": [{"Node Type": "Hash Join", "Parent Relationship": "Outer", "Parallel Aware": false, "Join Type": "Inner", "Startup Cost": 2.43, "Total Cost": 15722.44, "Plan Rows": 1941, "Plan Width": 4, "Actual Startup Time": 0.086, "Actual Total Time": 88.435, "Actual Rows": 117663, "Actual Loops": 3, "Inner Unique": true, "Hash Cond": "(mi_idx.info_type_id = it.id)", "Plans": [{"Node Type": "Seq Scan", "Parent Relationship": "Outer", "Parallel Aware": true, "Relation Name": "movie_info_idx", "Alias": "mi_idx", "Startup Cost": 0.0, "Total Cost": 15122.68, "Plan Rows": 219331, "Plan Width": 8, "Actual Startup Time": 0.035, "Actual Total Time": 70.197, "Actual Rows": 174440, "Actual Loops": 3, "Filter": "((info)::text > '5.0'::text)", "Rows Removed by Filter": 285572}, {"Node Type": "Hash", "Parent Relationship": "Inner", "Parallel Aware": false, "Startup Cost": 2.41, "Total Cost": 2.41, "Plan Rows": 1, "Plan Width": 4, "Actual Startup Time": 0.033, "Actual Total Time": 0.034, "Actual Rows": 1, "Actual Loops": 3, "Hash Buckets": 1024, "Original Hash Buckets": 1024, "Hash Batches": 1, "Original Hash Batches": 1, "Peak Memory Usage": 9, "Plans": [{"Node Type": "Seq Scan", "Parent Relationship": "Outer", "Parallel Aware": false, "Relation Name": "info_type", "Alias": "it", "Startup Cost": 0.0, "Total Cost": 2.41, "Plan Rows": 1, "Plan Width": 4, "Actual Startup Time": 0.027, "Actual Total Time": 0.028, "Actual Rows": 1, "Actual Loops": 3, "Filter": "((info)::text = 'rating'::text)", "Rows Removed by Filter": 112}]}]}, {"Node Type": "Hash", "Parent Relationship": "Inner", "Parallel Aware": true, "Startup Cost": 50878.2, "Total Cost": 50878.2, "Plan Rows": 182, "Plan Width": 4, "Actual Startup Time": 270.496, "Actual Total Time": 270.498, "Actual Rows": 4317, "Actual Loops": 3, "Hash Buckets": 16384, "Original Hash Buckets": 1024, "Hash Batches": 1, "Original Hash Batches": 1, "Peak Memory Usage": 792, "Plans": [{"Node Type": "Hash Join", "Parent Relationship": "Outer", "Parallel Aware": false, "Join Type": "Inner", "Startup Cost": 2626.29, "Total Cost": 50878.2, "Plan Rows": 182, "Plan Width": 4, "Actual Startup Time": 19.551, "Actual Total Time": 222.09, "Actual Rows": 4317, "Actual Loops": 3, "Inner Unique": true, "Hash Cond": "(mk.keyword_id = k.id)", "Plans": [{"Node Type": "Seq Scan", "Parent Relationship": "Outer", "Parallel Aware": true, "Relation Name": "movie_keyword", "Alias": "mk", "Startup Cost": 0.0, "Total Cost": 43303.71, "Plan Rows": 1884971, "Plan Width": 8, "Actual Startup Time": 0.01, "Actual Total Time": 100.784, "Actual Rows": 1507977, "Actual Loops": 3}, {"Node Type": "Hash", "Parent Relationship": "Inner", "Parallel Aware": false, "Startup Cost": 2626.12, "Total Cost": 2626.12, "Plan Rows": 13, "Plan Width": 4, "Actual Startup Time": 18.851, "Actual Total Time": 18.851, "Actual Rows": 30, "Actual Loops": 3, "Hash Buckets": 1024, "Original Hash Buckets": 1024, "Hash Batches": 1, "Original Hash Batches": 1, "Peak Memory Usage": 10, "Plans": [{"Node Type": "Seq Scan", "Parent Relationship": "Outer", "Parallel Aware": false, "Relation Name": "keyword", "Alias": "k", "Startup Cost": 0.0, "Total Cost": 2626.12, "Plan Rows": 13, "Plan Width": 4, "Actual Startup Time": 1.097, "Actual Total Time": 18.839, "Actual Rows": 30, "Actual Loops": 3, "Filter": "((keyword)::text ~~ '%sequel%'::text)", "Rows Removed by Filter": 134140}]}]}]}]}, {"Node Type": "Index Scan", "Parent Relationship": "Inner", "Parallel Aware": false, "Scan Direction": "Forward", "Index Name": "title_pkey", "Relation Name": "title", "Alias": "t", "Startup Cost": 0.43, "Total Cost": 0.49, "Plan Rows": 1, "Plan Width": 4, "Actual Startup Time": 0.002, "Actual Total Time": 0.002, "Actual Rows": 0, "Actual Loops": 5820, "Index Cond": "(id = mk.movie_id)", "Rows Removed by Index Recheck": 0, "Filter": "(production_year > 2005)", "Rows Removed by Filter": 1}]}]}]}, "Planning Time": 77.911, "Triggers": [], "Execution Time": 384.169}]
[{"Bao": {"Bao prediction": 2156.638, "Bao recommended hint": "(no hint)"}}, {"Plan": {"Node Type": "Aggregate", "Strategy": "Plain", "Partial Mode": "Finalize", "Parallel Aware": false, "Startup Cost": 546127.24, "Total Cost": 546127.25, "Plan Rows": 1, "Plan Width": 8, "Actual Startup Time": 3233.968, "Actual Total Time": 3273.285, "Actual Rows": 1, "Actual Loops": 1, "Plans": [{"Node Type": "Gather", "Parent Relationship": "Outer", "Parallel Aware": false, "Startup Cost": 546127.02, "Total Cost": 546127.23, "Plan Rows": 2, "Plan Width": 8, "Actual Startup Time": 3233.712, "Actual Total Time": 3273.28, "Actual Rows": 3, "Actual Loops": 1, "Workers Planned": 2, "Workers Launched": 2, "Single Copy": false, "Plans": [{"Node Type": "Aggregate", "Strategy": "Plain", "Partial Mode": "Partial", "Parent Relationship": "Outer", "Parallel Aware": false, "Startup Cost": 545127.02, "Total Cost": 545127.03, "Plan Rows": 1, "Plan Width": 8, "Actual Startup Time": 3231.449, "Actual Total Time": 3231.459, "Actual Rows": 1, "Actual Loops": 3, "Plans": [{"Node Type": "Nested Loop", "Parent Relationship": "Outer", "Parallel Aware": false, "Join Type": "Inner", "Startup Cost": 511388.83, "Total Cost": 545127.02, "Plan Rows": 1, "Plan Width": 0, "Actual Startup Time": 3060.38, "Actual Total Time": 3231.206, "Actual Rows": 3846, "Actual Loops": 3, "Inner Unique": true, "Plans": [{"Node Type": "Nested Loop", "Parent Relationship": "Outer", "Parallel Aware": false, "Join Type": "Inner", "Startup Cost": 511388.4, "Total Cost": 545126.57, "Plan Rows": 1, "Plan Width": 12, "Actual Startup Time": 3060.36, "Actual Total Time": 3222.804, "Actual Rows": 3846, "Actual Loops": 3, "Inner Unique": true, "Plans": [{"Node Type": "Hash Join", "Parent Relationship": "Outer", "Parallel Aware": true, "Join Type": "Inner", "Startup Cost": 511387.98, "Total Cost": 545126.12, "Plan Rows": 1, "Plan Width": 16, "Actual Startup Time": 3060.331, "Actual Total Time": 3213.821, "Actual Rows": 3846, "Actual Loops": 3, "Inner Unique": false, "Hash Cond": "(mc.movie_id = ci.movie_id)", "Plans": [{"Node Type": "Seq Scan", "Parent Relationship": "Outer", "Parallel Aware": true, "Relation Name": "movie_companies", "Alias": "mc", "Startup Cost": 0.0, "Total Cost": 29661.37, "Plan Rows": 1087137, "Plan Width": 8, "Actual Startup Time": 0.01, "Actual Total Time": 63.869, "Actual Rows": 869710, "Actual Loops": 3}, {"Node Type": "Hash", "Parent Relationship": "Inner", "Parallel Aware": true, "Startup Cost": 511387.97, "Total Cost": 511387.97, "Plan Rows": 1, "Plan Width": 8, "Actual Startup Time": 3058.932, "Actual Total Time": 3058.941, "Actual Rows": 657, "Actual Loops": 3, "Hash Buckets": 1024, "Original Hash Buckets": 1024, "Hash Batches": 1, "Original Hash Batches": 1, "Peak Memory Usage": 104, "Plans": [{"Node Type": "Nested Loop", "Parent Relationship": "Outer", "Parallel Aware": false, "Join Type": "Inner", "Startup Cost": 50878.66, "Total Cost": 511387.97, "Plan Rows": 1, "Plan Width": 8, "Actual Startup Time": 266.913, "Actual Total Time": 3058.538, "Actual Rows": 657, "Actual Loops": 3, "Inner Unique": true, "Plans": [{"Node Type": "Hash Join", "Parent Relationship": "Outer", "Parallel Aware": true, "Join Type": "Inner", "Startup Cost": 50878.23, "Total Cost": 511127.48, "Plan Rows": 569, "Plan Width": 12, "Actual Startup Time": 241.95, "Actual Total Time": 2395.177, "Actual Rows": 346131, "Actual Loops": 3, "Inner Unique": false, "Hash Cond": "(ci.movie_id = mk.movie_id)", "Plans": [{"Node Type": "Seq Scan", "Parent Relationship": "Outer", "Parallel Aware": true, "Relation Name": "cast_info", "Alias": "ci", "Startup Cost": 0.0, "Total Cost": 403639.65, "Plan Rows": 15095265, "Plan Width": 8, "Actual Startup Time": 0.026, "Actual Total Time": 866.002, "Actual Rows": 12081448, "Actual Loops": 3}, {"Node Type": "Hash", "Parent Relationship": "Inner", "Parallel Aware": true, "Startup Cost": 50878.05, "Total Cost": 50878.05, "Plan Rows": 14, "Plan Width": 4, "Actual Startup Time": 241.796, "Actual Total Time": 241.798, "Actual Rows": 13947, "Actual Loops": 3, "Hash Buckets": 65536, "Original Hash Buckets": 1024, "Hash Batches": 1, "Original Hash Batches": 1, "Peak Memory Usage": 2712, "Plans": [{"Node Type": "Hash Join", "Parent Relationship": "Outer", "Parallel Aware": false, "Join Type": "Inner", "Startup Cost": 2626.14, "Total Cost": 50878.05, "Plan Rows": 14, "Plan Width": 4, "Actual Startup Time": 12.367, "Actual Total Time": 222.24, "Actual Rows": 13947, "Actual Loops": 3, "Inner Unique": true, "Hash Cond": "(mk.keyword_id = k.id)", "Plans": [{"Node Type": "Seq Scan", "Parent Relationship": "Outer", "Parallel Aware": true, "Relation Name": "movie_keyword", "Alias": "mk", "Startup Cost": 0.0, "Total Cost": 43303.71, "Plan Rows": 1884971, "Plan Width": 8, "Actual Startup Time": 0.018, "Actual Total Time": 103.364, "Actual Rows": 1507977, "Actual Loops": 3}, {"Node Type": "Hash", "Parent Relationship": "Inner", "Parallel Aware": false, "Startup Cost": 2626.12, "Total Cost": 2626.12, "Plan Rows": 1, "Plan Width": 4, "Actual Startup Time": 12.302, "Actual Total Time": 12.303, "Actual Rows": 1, "Actual Loops": 3, "Hash Buckets": 1024, "Original Hash Buckets": 1024, "Hash Batches": 1, "Original Hash Batches": 1, "Peak Memory Usage": 9, "Plans": [{"Node Type": "Seq Scan", "Parent Relationship": "Outer", "Parallel Aware": false, "Relation Name": "keyword", "Alias": "k", "Startup Cost": 0.0, "Total Cost": 2626.12, "Plan Rows": 1, "Plan Width": 4, "Actual Startup Time": 0.513, "Actual Total Time": 12.292, "Actual Rows": 1, "Actual Loops": 3, "Filter": "((keyword)::text = 'character-name-in-title'::text)", "Rows Removed by Filter": 134169}]}]}]}]}, {"Node Type": "Index Scan", "Parent Relationship": "Inner", "Parallel Aware": false, "Scan Direction": "Forward", "Index Name": "name_pkey", "Relation Name": "name", "Alias": "n", "Startup Cost": 0.43, "Total Cost": 0.46, "Plan Rows": 1, "Plan Width": 4, "Actual Startup Time": 0.002, "Actual Total Time": 0.002, "Actual Rows": 0, "Actual Loops": 1038393, "Index Cond": "(id = ci.person_id)", "Rows Removed by Index Recheck": 0, "Filter": "((name)::text ~~ '%Bert%'::text)", "Rows Removed by Filter": 1}]}]}]}, {"Node Type": "Index Only Scan", "Parent Relationship": "Inner", "Parallel Aware": false, "Scan Direction": "Forward", "Index Name": "company_name_pkey", "Relation Name": "company_name", "Alias": "cn", "Startup Cost": 0.42, "Total Cost": 0.44, "Plan Rows": 1, "Plan Width": 4, "Actual Startup Time": 0.002, "Actual Total Time": 0.002, "Actual Rows": 1, "Actual Loops": 11538, "Index Cond": "(id = mc.company_id)", "Rows Removed by Index Recheck": 0, "Heap Fetches": 11538}]}, {"Node Type": "Index Only Scan", "Parent Relationship": "Inner", "Parallel Aware": false, "Scan Direction": "Forward", "Index Name": "title_pkey", "Relation Name": "title", "Alias": "t", "Startup Cost": 0.43, "Total Cost": 0.45, "Plan Rows": 1, "Plan Width": 4, "Actual Startup Time": 0.002, "Actual Total Time": 0.002, "Actual Rows": 1, "Actual Loops": 11538, "Index Cond": "(id = ci.movie_id)", "Rows Removed by Index Recheck": 0, "Heap Fetches": 11538}]}]}]}]}, "Planning Time": 81.358, "Triggers": [], "Execution Time": 3273.359}]
[{"Bao": {"Bao prediction": 341.882, "Bao recommended hint": "(no hint)"}}, {"Plan": {"Node Type": "Aggregate", "Strategy": "Plain", "Partial Mode": "Simple", "Parallel Aware": false, "Startup Cost": 66607.96, "Total Cost": 66607.97, "Plan Rows": 1, "Plan Width": 8, "Actual Startup Time": 279.955, "Actual Total Time": 287.064, "Actual Rows": 1, "Actual Loops": 1, "Plans": [{"Node Type": "Nested Loop", "Parent Relationship": "Outer", "Parallel Aware": false, "Join Type": "Inner", "Startup Cost": 16133.42, "Total Cost": 66607.96, "Plan Rows": 1, "Plan Width": 0, "Actual Startup Time": 160.975, "Actual Total Time": 287.056, "Actual Rows": 6, "Actual Loops": 1, "Inner Unique": true, "Join Filter": "(mi_idx.movie_id = t.id)", "Rows Removed by Join Filter": 0, "Plans": [{"Node Type": "Gather", "Parent Relationship": "Outer", "Parallel Aware": false, "Startup Cost": 16132.99, "Total Cost": 66607.46, "Plan Rows": 1, "Plan Width": 8, "Actual Startup Time": 160.96, "Actual Total Time": 286.975, "Actual Rows": 21, "Actual Loops": 1, "Workers Planned": 2, "Workers Launched": 2, "Single Copy": false, "Plans": [{"Node Type": "Nested Loop", "Parent Relationship": "Outer", "Parallel Aware": false, "Join Type": "Inner", "Startup Cost": 15132.99, "Total Cost": 65607.36, "Plan Rows": 1, "Plan Width": 8, "Actual Startup Time": 130.671, "Actual Total Time": 277.867, "Actual Rows": 7, "Actual Loops": 3, "Inner Unique": true, "Plans": [{"Node Type": "Hash Join", "Parent Relationship": "Outer", "Parallel Aware": true, "Join Type": "Inner", "Startup Cost": 15132.57, "Total Cost": 65505.86, "Plan Rows": 230, "Plan Width": 12, "Actual Startup Time": 65.749, "Actual Total Time": 273.467, "Actual Rows": 2011, "Actual Loops": 3, "Inner Unique": false, "Hash Cond": "(mk.movie_id = mi_idx.movie_id)", "Plans": [{"Node Type": "Seq Scan", "Parent Relationship": "Outer", "Parallel Aware": true, "Relation Name": "movie_keyword", "Alias": "mk", "Startup Cost": 0.0, "Total Cost": 43303.71, "Plan Rows": 1884971, "Plan Width": 8, "Actual Startup Time": 0.008, "Actual Total Time": 103.442, "Actual Rows": 1507977, "Actual Loops": 3}, {"Node Type": "Hash", "Parent Relationship": "Inner", "Parallel Aware": true, "Startup Cost": 15132.28, "Total Cost": 15132.28, "Plan Rows": 23, "Plan Width": 4, "Actual Startup Time": 62.428, "Actual Total Time": 62.43, "Actual Rows": 102, "Actual Loops": 3, "Hash Buckets": 1024, "Original Hash Buckets": 1024, "Hash Batches": 1, "Original Hash Batches": 1, "Peak Memory Usage": 104, "Plans": [{"Node Type": "Hash Join", "Parent Relationship": "Outer", "Parallel Aware": false, "Join Type": "Inner", "Startup Cost": 2.43, "Total Cost": 15132.28, "Plan Rows": 23, "Plan Width": 4, "Actual Startup Time": 1.267, "Actual Total Time": 62.371, "Actual Rows": 102, "Actual Loops": 3, "Inner Unique": true, "Hash Cond": "(mi_idx.info_type_id = it.id)", "Plans": [{"Node Type": "Seq Scan", "Parent Relationship": "Outer", "Parallel Aware": true, "Relation Name": "movie_info_idx", "Alias": "mi_idx", "Startup Cost": 0.0, "Total Cost": 15122.68, "Plan Rows": 2635, "Plan Width": 8, "Actual Startup Time": 0.071, "Actual Total Time": 62.134, "Actual Rows": 2794, "Actual Loops": 3, "Filter": "((info)::text > '9.0'::text)", "Rows Removed by Filter": 457218}, {"Node Type": "Hash", "Parent Relationship": "Inner", "Parallel Aware": false, "Startup Cost": 2.41, "Total Cost": 2.41, "Plan Rows": 1, "Plan Width": 4, "Actual Startup Time": 0.024, "Actual Total Time": 0.025, "Actual Rows": 1, "Actual Loops": 3, "Hash Buckets": 1024, "Original Hash Buckets": 1024, "Hash Batches": 1, "Original Hash Batches": 1, "Peak Memory Usage": 9, "Plans": [{"Node Type": "Seq Scan", "Parent Relationship": "Outer", "Parallel Aware": false, "Relation Name": "info_type", "Alias": "it", "Startup Cost": 0.0, "Total Cost": 2.41, "Plan Rows": 1, "Plan Width": 4, "Actual Startup Time": 0.021, "Actual Total Time": 0.022, "Actual Rows": 1, "Actual Loops": 3, "Filter": "((info)::text = 'rating'::text)", "Rows Removed by Filter": 112}]}]}]}]}, {"Node Type": "Index Scan", "Parent Relationship": "Inner", "Parallel Aware": false, "Scan Direction": "Forward", "Index Name": "keyword_pkey", "Relation Name": "keyword", "Alias": "k", "Startup Cost": 0.42, "Total Cost": 0.44, "Plan Rows": 1, "Plan Width": 4, "Actual Startup Time": 0.002, "Actual Total Time": 0.002, "Actual Rows": 0, "Actual Loops": 6032, "Index Cond": "(id = mk.keyword_id)", "Rows Removed by Index Recheck": 0, "Filter": "((keyword)::text ~~ '%sequel%'::text)", "Rows Removed by Filter": 1}]}]}, {"Node Type": "Index Scan", "Parent Relationship": "Inner", "Parallel Aware": false, "Scan Direction": "Forward", "Index Name": "title_pkey", "Relation Name": "title", "Alias": "t", "Startup Cost": 0.43, "Total Cost": 0.49, "Plan Rows": 1, "Plan Width": 4, "Actual Startup Time": 0.003, "Actual Total Time": 0.003, "Actual Rows": 0, "Actual Loops": 21, "Index Cond": "(id = mk.movie_id)", "Rows Removed by Index Recheck": 0, "Filter": "(production_year > 2010)", "Rows Removed by Filter": 1}]}]}, "Planning Time": 77.428, "Triggers": [], "Execution Time": 287.134}]
[{"Bao": {"Bao prediction": 1569.907, "Bao recommended hint": "(no hint)"}}, {"Plan": {"Node Type": "Aggregate", "Strategy": "Plain", "Partial Mode": "Finalize", "Parallel Aware": false, "Startup Cost": 545497.76, "Total Cost": 545497.77, "Plan Rows": 1, "Plan Width": 8, "Actual Startup Time": 2645.911, "Actual Total Time": 2675.783, "Actual Rows": 1, "Actual Loops": 1, "Plans": [{"Node Type": "Gather", "Parent Relationship": "Outer", "Parallel Aware": false, "Startup Cost": 545497.55, "Total Cost": 545497.76, "Plan Rows": 2, "Plan Width": 8, "Actual Startup Time": 2645.727, "Actual Total Time": 2675.777, "Actual Rows": 3, "Actual Loops": 1, "Workers Planned": 2, "Workers Launched": 2, "Single Copy": false, "Plans": [{"Node Type": "Aggregate", "Strategy": "Plain", "Partial Mode": "Partial", "Parent Relationship": "Outer", "Parallel Aware": false, "Startup Cost": 544497.55, "Total Cost": 544497.56, "Plan Rows": 1, "Plan Width": 8, "Actual Startup Time": 2643.324, "Actual Total Time": 2643.332, "Actual Rows": 1, "Actual Loops": 3, "Plans": [{"Node Type": "Nested Loop", "Parent Relationship": "Outer", "Parallel Aware": false, "Join Type": "Inner", "Startup Cost": 83706.29, "Total Cost": 544497.54, "Plan Rows": 1, "Plan Width": 0, "Actual Startup Time": 1691.948, "Actual Total Time": 2643.324, "Actual Rows": 11, "Actual Loops": 3, "Inner Unique": false, "Join Filter": "(ml.linked_movie_id = t.id)", "Rows Removed by Join Filter": 954213, "Plans": [{"Node Type": "Nested Loop", "Parent Relationship": "Outer", "Parallel Aware": false, "Join Type": "Inner", "Startup Cost": 83687.37, "Total Cost": 543934.33, "Plan Rows": 1, "Plan Width": 8, "Actual Startup Time": 176.481, "Actual Total Time": 1807.868, "Actual Rows": 184, "Actual Loops": 3, "Inner Unique": true, "Plans": [{"Node Type": "Hash Join", "Parent Relationship": "Outer", "Parallel Aware": true, "Join Type": "Inner", "Startup Cost": 83686.94, "Total Cost": 543933.87, "Plan Rows": 1, "Plan Width": 4, "Actual Startup Time": 176.428, "Actual Total Time": 1802.778, "Actual Rows": 1118, "Actual Loops": 3, "Inner Unique": false, "Hash Cond": "(ci.person_id = n.id)", "Plans": [{"Node Type": "Seq Scan", "Parent Relationship": "Outer", "Parallel Aware": true, "Relation Name": "cast_info", "Alias": "ci", "Startup Cost": 0.0, "Total Cost": 403639.65, "Plan Rows": 15095265, "Plan Width": 8, "Actual Startup Time": 0.016, "Actual Total Time": 829.622, "Actual Rows": 12081448, "Actual Loops": 3}, {"Node Type": "Hash", "Parent Relationship": "Inner", "Parallel Aware": true, "Startup Cost": 83686.92, "Total Cost": 83686.92, "Plan Rows": 1, "Plan Width": 12, "Actual Startup Time": 159.152, "Actual Total Time": 159.156, "Actual Rows": 7, "Actual Loops": 3, "Hash Buckets": 1024, "Original Hash Buckets": 1024, "Hash Batches": 1, "Original Hash Batches": 1, "Peak Memory Usage": 104, "Plans": [{"Node Type": "Nested Loop", "Parent Relationship": "Outer", "Parallel Aware": false, "Join Type": "Inner", "Startup Cost": 66502.6, "Total Cost": 83686.92, "Plan Rows": 1, "Plan Width": 12, "Actual Startup Time": 104.206, "Actual Total Time": 159.093, "Actual Rows": 7, "Actual Loops": 3, "Inner Unique": true, "Plans": [{"Node Type": "Hash Join", "Parent Relationship": "Outer", "Parallel Aware": true, "Join Type": "Inner", "Startup Cost": 66502.17, "Total Cost": 83686.06, "Plan Rows": 1, "Plan Width": 8, "Actual Startup Time": 103.751, "Actual Total Time": 158.699, "Actual Rows": 33, "Actual Loops": 3, "Inner Unique": false, "Hash Cond": "(an.person_id = pi.person_id)", "Plans": [{"Node Type": "Seq Scan", "Parent Relationship": "Outer", "Parallel Aware": true, "Relation Name": "aka_name", "Alias": "an", "Startup Cost": 0.0, "Total Cost": 16090.49, "Plan Rows": 291570, "Plan Width": 4, "Actual Startup Time": 0.019, "Actual Total Time": 45.322, "Actual Rows": 224897, "Actual Loops": 3, "Filter": "((name)::text ~~ '%a%'::text)", "Rows Removed by Filter": 75550}, {"Node Type": "Hash", "Parent Relationship": "Inner", "Parallel Aware": true, "Startup Cost": 66502.15, "Total Cost": 66502.15, "Plan Rows": 1, "Plan Width": 4, "Actual Startup Time": 100.13, "Actual Total Time": 100.132, "Actual Rows": 21, "Actual Loops": 3, "Hash Buckets": 1024, "Original Hash Buckets": 1024, "Hash Batches": 1, "Original Hash Batches": 1, "Peak Memory Usage": 104, "Plans": [{"Node Type": "Hash Join", "Parent Relationship": "Outer", "Parallel Aware": false, "Join Type": "Inner", "Startup Cost": 2.43, "Total Cost": 66502.15, "Plan Rows": 1, "Plan Width": 4, "Actual Startup Time": 2.215, "Actual Total Time": 100.089, "Actual Rows": 21, "Actual Loops": 3, "Inner Unique": true, "Hash Cond": "(pi.info_type_id = it.id)", "Plans": [{"Node Type": "Seq Scan", "Parent Relationship": "Outer", "Parallel Aware": true, "Relation Name": "person_info", "Alias": "pi", "Startup Cost": 0.0, "Total Cost": 66499.7, "Plan Rows": 12, "Plan Width": 8, "Actual Startup Time": 2.178, "Actual Total Time": 100.029, "Actual Rows": 21, "Actual Loops": 3, "Filter": "((note)::text = 'Volker Boehm'::text)", "Rows Removed by Filter": 987867}, {"Node Type": "Hash", "Parent Relationship": "Inner", "Parallel Aware": false, "Startup Cost": 2.41, "Total Cost": 2.41, "Plan Rows": 1, "Plan Width": 4, "Actual Startup Time": 0.026, "Actual Total Time": 0.026, "Actual Rows": 1, "Actual Loops": 3, "Hash Buckets": 1024, "Original Hash Buckets": 1024, "Hash Batches": 1, "Original Hash Batches": 1, "Peak Memory Usage": 9, "Plans": [{"Node Type": "Seq Scan", "Parent Relationship": "Outer", "Parallel Aware": false, "Relation Name": "info_type", "Alias": "it", "Startup Cost": 0.0, "Total Cost": 2.41, "Plan Rows": 1, "Plan Width": 4, "Actual Startup Time": 0.015, "Actual Total Time": 0.021, "Actual Rows": 1, "Actual Loops": 3, "Filter": "((info)::text = 'mini biography'::text)", "Rows Removed by Filter": 112}]}]}]}]}, {"Node Type": "Index Scan", "Parent Relationship": "Inner", "Parallel Aware": false, "Scan Direction": "Forward", "Index Name": "name_pkey", "Relation Name": "name", "Alias": "n", "Startup Cost": 0.43, "Total Cost": 0.86, "Plan Rows": 1, "Plan Width": 4, "Actual Startup Time": 0.011, "Actual Total Time": 0.011, "Actual Rows": 0, "Actual Loops": 98, "Index Cond": "(id = an.person_id)", "Rows Removed by Index Recheck": 0, "Filter": "(((name_pcode_cf)::text >= 'A'::text) AND ((name_pcode_cf)::text <= 'F'::text) AND (((gender)::text = 'm'::text) OR (((gender)::text = 'f'::text) AND ((name)::text ~~ 'B%'::text))))", "Rows Removed by Filter": 1}]}]}]}, {"Node Type": "Index Scan", "Parent Relationship": "Inner", "Parallel Aware": false, "Scan Direction": "Forward", "Index Name": "title_pkey", "Relation Name": "title", "Alias": "t", "Startup Cost": 0.43, "Total Cost": 0.46, "Plan Rows": 1, "Plan Width": 4, "Actual Startup Time": 0.004, "Actual Total Time": 0.004, "Actual Rows": 0, "Actual Loops": 3354, "Index Cond": "(id = ci.movie_id)", "Rows Removed by Index Recheck": 0, "Filter": "((production_year >= 1980) AND (production_year <= 1995))", "Rows Removed by Filter": 1}]}, {"Node Type": "Hash Join", "Parent Relationship": "Inner", "Parallel Aware": false, "Join Type": "Inner", "Startup Cost": 18.93, "Total Cost": 561.1, "Plan Rows": 169, "Plan Width": 4, "Actual Startup Time": 0.016, "Actual Total Time": 4.325, "Actual Rows": 5186, "Actual Loops": 552, "Inner Unique": true, "Hash Cond": "(ml.link_type_id = lt.id)", "Plans": [{"Node Type": "Seq Scan", "Parent Relationship": "Outer", "Parallel Aware": false, "Relation Name": "movie_link", "Alias": "ml", "Startup Cost": 0.0, "Total Cost": 462.97, "Plan Rows": 29997, "Plan Width": 8, "Actual Startup Time": 0.003, "Actual Total Time": 1.757, "Actual Rows": 29997, "Actual Loops": 552}, {"Node Type": "Hash", "Parent Relationship": "Inner", "Parallel Aware": false, "Startup Cost": 18.88, "Total Cost": 18.88, "Plan Rows": 4, "Plan Width": 4, "Actual Startup Time": 0.008, "Actual Total Time": 0.009, "Actual Rows": 1, "Actual Loops": 3, "Hash Buckets": 1024, "Original Hash Buckets": 1024, "Hash Batches": 1, "Original Hash Batches": 1, "Peak Memory Usage": 9, "Plans": [{"Node Type": "Seq Scan", "Parent Relationship": "Outer", "Parallel Aware": false, "Relation Name": "link_type", "Alias": "lt", "Startup Cost": 0.0, "Total Cost": 18.88, "Plan Rows": 4, "Plan Width": 4, "Actual Startup Time": 0.005, "Actual Total Time": 0.006, "Actual Rows": 1, "Actual Loops": 3, "Filter": "((link)::text = 'features'::text)", "Rows Removed by Filter": 17}]}]}]}]}]}]}, "Planning Time": 87.74, "Triggers": [], "Execution Time": 2675.879}]
[{"Bao": {"Bao prediction": 1911.673, "Bao recommended hint": "SET enable_mergejoin TO off; "}}, {"Plan": {"Node Type": "Aggregate", "Strategy": "Plain", "Partial Mode": "Simple", "Parallel Aware": false, "Startup Cost": 809518.67, "Total Cost": 809518.68, "Plan Rows": 1, "Plan Width": 8, "Actual Startup Time": 2635.069, "Actual Total Time": 2686.269, "Actual Rows": 1, "Actual Loops": 1, "Plans": [{"Node Type": "Nested Loop", "Parent Relationship": "Outer", "Parallel Aware": false, "Join Type": "Inner", "Startup Cost": 759145.85, "Total Cost": 809518.67, "Plan Rows": 1, "Plan Width": 0, "Actual Startup Time": 2515.275, "Actual Total Time": 2686.243, "Actual Rows": 28, "Actual Loops": 1, "Inner Unique": true, "Plans": [{"Node Type": "Gather", "Parent Relationship": "Outer", "Parallel Aware": false, "Startup Cost": 759145.7, "Total Cost": 809518.49, "Plan Rows": 1, "Plan Width": 4, "Actual Startup Time": 2515.27, "Actual Total Time": 2686.209, "Actual Rows": 28, "Actual Loops": 1, "Workers Planned": 2, "Workers Launched": 2, "Single Copy": false, "Plans": [{"Node Type": "Nested Loop", "Parent Relationship": "Outer", "Parallel Aware": false, "Join Type": "Inner", "Startup Cost": 758145.7, "Total Cost": 808518.39, "Plan Rows": 1, "Plan Width": 4, "Actual Startup Time": 2552.424, "Actual Total Time": 2632.137, "Actual Rows": 9, "Actual Loops": 3, "Inner Unique": true, "Plans": [{"Node Type": "Hash Join", "Parent Relationship": "Outer", "Parallel Aware": true, "Join Type": "Inner", "Startup Cost": 758145.28, "Total Cost": 808517.64, "Plan Rows": 1, "Plan Width": 8, "Actual Startup Time": 2552.369, "Actual Total Time": 2631.418, "Actual Rows": 353, "Actual Loops": 3, "Inner Unique": false, "Hash Cond": "(mk.movie_id = t.id)", "Plans": [{"Node Type": "Seq Scan", "Parent Relationship": "Outer", "Parallel Aware": true, "Relation Name": "movie_keyword", "Alias": "mk", "Startup Cost": 0.0, "Total Cost": 43303.71, "Plan Rows": 1884971, "Plan Width": 8, "Actual Startup Time": 0.02, "Actual Total Time": 101.982, "Actual Rows": 1507977, "Actual Loops": 3}, {"Node Type": "Hash", "Parent Relationship": "Inner", "Parallel Aware": true, "Startup Cost": 758145.26, "Total Cost": 758145.26, "Plan Rows": 1, "Plan Width": 24, "Actual Startup Time": 2427.055, "Actual Total Time": 2427.064, "Actual Rows": 2, "Actual Loops": 3, "Hash Buckets": 1024, "Original Hash Buckets": 1024, "Hash Batches": 1, "Original Hash Batches": 1, "Peak Memory Usage": 40, "Plans": [{"Node Type": "Nested Loop", "Parent Relationship": "Outer", "Parallel Aware": false, "Join Type": "Inner", "Startup Cost": 742303.24, "Total Cost": 758145.26, "Plan Rows": 1, "Plan Width": 24, "Actual Startup Time": 2416.057, "Actual Total Time": 2426.952, "Actual Rows": 2, "Actual Loops": 3, "Inner Unique": true, "Join Filter": "(mi.movie_id = t.id)", "Rows Removed by Join Filter": 0, "Plans": [{"Node Type": "Nested Loop", "Parent Relationship": "Outer", "Parallel Aware": false, "Join Type": "Inner", "Startup Cost": 742302.81, "Total Cost": 758144.32, "Plan Rows": 1, "Plan Width": 20, "Actual Startup Time": 2359.39, "Actual Total Time": 2423.842, "Actual Rows": 697, "Actual Loops": 3, "Inner Unique": true, "Plans": [{"Node Type": "Hash Join", "Parent Relationship": "Outer", "Parallel Aware": true, "Join Type": "Inner", "Startup Cost": 742302.67, "Total Cost": 758144.13, "Plan Rows": 1, "Plan Width": 24, "Actual Startup Time": 2359.373, "Actual Total Time": 2421.866, "Actual Rows": 2104, "Actual Loops": 3, "Inner Unique": false, "Hash Cond": "(mi_idx.movie_id = mi.movie_id)", "Plans": [{"Node Type": "Seq Scan", "Parent Relationship": "Outer", "Parallel Aware": true, "Relation Name": "movie_info_idx", "Alias": "mi_idx", "Startup Cost": 0.0, "Total Cost": 13685.15, "Plan Rows": 575015, "Plan Width": 8, "Actual Startup Time": 0.034, "Actual Total Time": 31.942, "Actual Rows": 460012, "Actual Loops": 3}, {"Node Type": "Hash", "Parent Relationship": "Inner", "Parallel Aware": true, "Startup Cost": 742302.66, "Total Cost": 742302.66, "Plan Rows": 1, "Plan Width": 16, "Actual Startup Time": 2353.956, "Actual Total Time": 2353.962, "Actual Rows": 697, "Actual Loops": 3, "Hash Buckets": 4096, "Original Hash Buckets": 1024, "Hash Batches": 1, "Original Hash Batches": 1, "Peak Memory Usage": 216, "Plans": [{"Node Type": "Nested Loop", "Parent Relationship": "Outer", "Parallel Aware": false, "Join Type": "Inner", "Startup Cost": 242380.96, "Total Cost": 742302.66, "Plan Rows": 1, "Plan Width": 16, "Actual Startup Time": 1571.808, "Actual Total Time": 2152.151, "Actual Rows": 697, "Actual Loops": 3, "Inner Unique": true, "Plans": [{"Node Type": "Hash Join", "Parent Relationship": "Outer", "Parallel Aware": true, "Join Type": "Inner", "Startup Cost": 242380.53, "Total Cost": 742301.57, "Plan Rows": 1, "Plan Width": 20, "Actual Startup Time": 1571.243, "Actual Total Time": 2147.028, "Actual Rows": 1137, "Actual Loops": 3, "Inner Unique": false, "Hash Cond": "(ci.movie_id = mi.movie_id)", "Plans": [{"Node Type": "Seq Scan", "Parent Relationship": "Outer", "Parallel Aware": true, "Relation Name": "cast_info", "Alias": "ci", "Startup Cost": 0.0, "Total Cost": 497985.06, "Plan Rows": 516258, "Plan Width": 8, "Actual Startup Time": 77.151, "Actual Total Time": 1419.831, "Actual Rows": 414905, "Actual Loops": 3, "Filter": "((note)::text = ANY ('{(writer),\"(head writer)\",\"(written by)\",(story),\"(story editor)\"}'::text[]))", "Rows Removed by Filter": 11666543}, {"Node Type": "Hash", "Parent Relationship": "Inner", "Parallel Aware": true, "Startup Cost": 242380.52, "Total Cost": 242380.52, "Plan Rows": 1, "Plan Width": 12, "Actual Startup Time": 687.419, "Actual Total Time": 687.423, "Actual Rows": 1648, "Actual Loops": 3, "Hash Buckets": 4096, "Original Hash Buckets": 1024, "Hash Batches": 1, "Original Hash Batches": 1, "Peak Memory Usage": 312, "Plans": [{"Node Type": "Hash Join", "Parent Relationship": "Outer", "Parallel Aware": false, "Join Type": "Inner", "Startup Cost": 2469.44, "Total Cost": 242380.52, "Plan Rows": 1, "Plan Width": 12, "Actual Startup Time": 576.025, "Actual Total Time": 650.524, "Actual Rows": 1648, "Actual Loops": 3, "Inner Unique": true, "Hash Cond": "(mi.info_type_id = it1.id)", "Plans": [{"Node Type": "Hash Join", "Parent Relationship": "Outer", "Parallel Aware": false, "Join Type": "Inner", "Startup Cost": 2467.01, "Total Cost": 242377.93, "Plan Rows": 61, "Plan Width": 16, "Actual Startup Time": 417.985, "Actual Total Time": 650.199, "Actual Rows": 1935, "Actual Loops": 3, "Inner Unique": false, "Hash Cond": "(mi.movie_id = cc.movie_id)", "Plans": [{"Node Type": "Seq Scan", "Parent Relationship": "Outer", "Parallel Aware": true, "Relation Name": "movie_info", "Alias": "mi", "Startup Cost": 0.0, "Total Cost": 239795.93, "Plan Rows": 30499, "Plan Width": 8, "Actual Startup Time": 393.211, "Actual Total Time": 621.348, "Actual Rows": 24349, "Actual Loops": 3, "Filter": "((info)::text = ANY ('{Horror,Thriller}'::text[]))", "Rows Removed by Filter": 4920891}, {"Node Type": "Hash", "Parent Relationship": "Inner", "Parallel Aware": false, "Startup Cost": 2457.5, "Total Cost": 2457.5, "Plan Rows": 761, "Plan Width": 8, "Actual Startup Time": 24.348, "Actual Total Time": 24.35, "Actual Rows": 24592, "Actual Loops": 3, "Hash Buckets": 32768, "Original Hash Buckets": 1024, "Hash Batches": 1, "Original Hash Batches": 1, "Peak Memory Usage": 1217, "Plans": [{"Node Type": "Hash Join", "Parent Relationship": "Outer", "Parallel Aware": false, "Join Type": "Inner", "Startup Cost": 18.93, "Total Cost": 2457.5, "Plan Rows": 761, "Plan Width": 8, "Actual Startup Time": 0.043, "Actual Total Time": 21.273, "Actual Rows": 24592, "Actual Loops": 3, "Inner Unique": true, "Hash Cond": "(cc.status_id = cct2.id)", "Plans": [{"Node Type": "Seq Scan", "Parent Relationship": "Outer", "Parallel Aware": false, "Relation Name": "complete_cast", "Alias": "cc", "Startup Cost": 0.0, "Total Cost": 2081.86, "Plan Rows": 135086, "Plan Width": 12, "Actual Startup Time": 0.022, "Actual Total Time": 8.815, "Actual Rows": 135086, "Actual Loops": 3}, {"Node Type": "Hash", "Parent Relationship": "Inner", "Parallel Aware": false, "Startup Cost": 18.88, "Total Cost": 18.88, "Plan Rows": 4, "Plan Width": 4, "Actual Startup Time": 0.01, "Actual Total Time": 0.011, "Actual Rows": 1, "Actual Loops": 3, "Hash Buckets": 1024, "Original Hash Buckets": 1024, "Hash Batches": 1, "Original Hash Batches": 1, "Peak Memory Usage": 9, "Plans": [{"Node Type": "Seq Scan", "Parent Relationship": "Outer", "Parallel Aware": false, "Relation Name": "comp_cast_type", "Alias": "cct2", "Startup Cost": 0.0, "Total Cost": 18.88, "Plan Rows": 4, "Plan Width": 4, "Actual Startup Time": 0.007, "Actual Total Time": 0.008, "Actual Rows": 1, "Actual Loops": 3, "Filter": "((kind)::text = 'complete+verified'::text)", "Rows Removed by Filter": 3}]}]}]}]}, {"Node Type": "Hash", "Parent Relationship": "Inner", "Parallel Aware": false, "Startup Cost": 2.41, "Total Cost": 2.41, "Plan Rows": 1, "Plan Width": 4, "Actual Startup Time": 0.03, "Actual Total Time": 0.031, "Actual Rows": 1, "Actual Loops": 3, "Hash Buckets": 1024, "Original Hash Buckets": 1024, "Hash Batches": 1, "Original Hash Batches": 1, "Peak Memory Usage": 9, "Plans": [{"Node Type": "Seq Scan", "Parent Relationship": "Outer", "Parallel Aware": false, "Relation Name": "info_type", "Alias": "it1", "Startup Cost": 0.0, "Total Cost": 2.41, "Plan Rows": 1, "Plan Width": 4, "Actual Startup Time": 0.019, "Actual Total Time": 0.027, "Actual Rows": 1, "Actual Loops": 3, "Filter": "((info)::text = 'genres'::text)", "Rows Removed by Filter": 112}]}]}]}]}, {"Node Type": "Index Scan", "Parent Relationship": "Inner", "Parallel Aware": false, "Scan Direction": "Forward", "Index Name": "name_pkey", "Relation Name": "name", "Alias": "n", "Startup Cost": 0.43, "Total Cost": 1.09, "Plan Rows": 1, "Plan Width": 4, "Actual Startup Time": 0.004, "Actual Total Time": 0.004, "Actual Rows": 1, "Actual Loops": 3412, "Index Cond": "(id = ci.person_id)", "Rows Removed by Index Recheck": 0, "Filter": "((gender)::text = 'm'::text)", "Rows Removed by Filter": 0}]}]}]}, {"Node Type": "Index Scan", "Parent Relationship": "Inner", "Parallel Aware": false, "Scan Direction": "Forward", "Index Name": "info_type_pkey", "Relation Name": "info_type", "Alias": "it2", "Startup Cost": 0.14, "Total Cost": 0.16, "Plan Rows": 1, "Plan Width": 4, "Actual Startup Time": 0.001, "Actual Total Time": 0.001, "Actual Rows": 0, "Actual Loops": 6313, "Index Cond": "(id = mi_idx.info_type_id)", "Rows Removed by Index Recheck": 0, "Filter": "((info)::text = 'votes'::text)", "Rows Removed by Filter": 1}]}, {"Node Type": "Index Scan", "Parent Relationship": "Inner", "Parallel Aware": false, "Scan Direction": "Forward", "Index Name": "title_pkey", "Relation Name": "title", "Alias": "t", "Startup Cost": 0.43, "Total Cost": 0.94, "Plan Rows": 1, "Plan Width": 4, "Actual Startup Time": 0.004, "Actual Total Time": 0.004, "Actual Rows": 0, "Actual Loops": 2091, "Index Cond": "(id = mi_idx.movie_id)", "Rows Removed by Index Recheck": 0, "Filter": "((production_year > 2000) AND (((title)::text ~~ '%Freddy%'::text) OR ((title)::text ~~ '%Jason%'::text) OR ((title)::text ~~ 'Saw%'::text)))", "Rows Removed by Filter": 1}]}]}]}, {"Node Type": "Index Scan", "Parent Relationship": "Inner", "Parallel Aware": false, "Scan Direction": "Forward", "Index Name": "keyword_pkey", "Relation Name": "keyword", "Alias": "k", "Startup Cost": 0.42, "Total Cost": 0.69, "Plan Rows": 1, "Plan Width": 4, "Actual Startup Time": 0.002, "Actual Total Time": 0.002, "Actual Rows": 0, "Actual Loops": 1060, "Index Cond": "(id = mk.keyword_id)", "Rows Removed by Index Recheck": 0, "Filter": "((keyword)::text = ANY ('{murder,violence,blood,gore,death,female-nudity,hospital}'::text[]))", "Rows Removed by Filter": 1}]}]}, {"Node Type": "Index Scan", "Parent Relationship": "Inner", "Parallel Aware": false, "Scan Direction": "Forward", "Index Name": "comp_cast_type_pkey", "Relation Name": "comp_cast_type", "Alias": "cct1", "Startup Cost": 0.15, "Total Cost": 0.17, "Plan Rows": 1, "Plan Width": 4, "Actual Startup Time": 0.001, "Actual Total Time": 0.001, "Actual Rows": 1, "Actual Loops": 28, "Index Cond": "(id = cc.subject_id)", "Rows Removed by Index Recheck": 0, "Filter": "((kind)::text = ANY ('{cast,crew}'::text[]))", "Rows Removed by Filter": 0}]}]}, "Planning Time": 209.343, "Triggers": [], "Execution Time": 2686.39}]
[{"Bao": {"Bao prediction": 1764.755, "Bao recommended hint": "(no hint)"}}, {"Plan": {"Node Type": "Aggregate", "Strategy": "Plain", "Partial Mode": "Finalize", "Parallel Aware": false, "Startup Cost": 641325.25, "Total Cost": 641325.26, "Plan Rows": 1, "Plan Width": 8, "Actual Startup Time": 2449.204, "Actual Total Time": 2494.254, "Actual Rows": 1, "Actual Loops": 1, "Plans": [{"Node Type": "Gather", "Parent Relationship": "Outer", "Parallel Aware": false, "Startup Cost": 641325.03, "Total Cost": 641325.24, "Plan Rows": 2, "Plan Width": 8, "Actual Startup Time": 2448.522, "Actual Total Time": 2494.249, "Actual Rows": 3, "Actual Loops": 1, "Workers Planned": 2, "Workers Launched": 2, "Single Copy": false, "Plans": [{"Node Type": "Aggregate", "Strategy": "Plain", "Partial Mode": "Partial", "Parent Relationship": "Outer", "Parallel Aware": false, "Startup Cost": 640325.03, "Total Cost": 640325.04, "Plan Rows": 1, "Plan Width": 8, "Actual Startup Time": 2446.043, "Actual Total Time": 2446.055, "Actual Rows": 1, "Actual Loops": 3, "Plans": [{"Node Type": "Hash Join", "Parent Relationship": "Outer", "Parallel Aware": false, "Join Type": "Inner", "Startup Cost": 601089.49, "Total Cost": 639793.79, "Plan Rows": 212498, "Plan Width": 0, "Actual Startup Time": 2422.431, "Actual Total Time": 2446.048, "Actual Rows": 3, "Actual Loops": 3, "Inner Unique": true, "Hash Cond": "(mc.company_type_id = ct.id)", "Plans": [{"Node Type": "Hash Join", "Parent Relationship": "Outer", "Parallel Aware": true, "Join Type": "Inner", "Startup Cost": 601063.51, "Total Cost": 639206.68, "Plan Rows": 212498, "Plan Width": 4, "Actual Startup Time": 2422.298, "Actual Total Time": 2445.91, "Actual Rows": 3, "Actual Loops": 3, "Inner Unique": false, "Hash Cond": "(mc.movie_id = t.id)", "Plans": [{"Node Type": "Hash Join", "Parent Relationship": "Outer", "Parallel Aware": true, "Join Type": "Inner", "Startup Cost": 5344.51, "Total Cost": 37859.67, "Plan Rows": 391078, "Plan Width": 8, "Actual Startup Time": 16.809, "Actual Total Time": 266.249, "Actual Rows": 384599, "Actual Loops": 3, "Inner Unique": true, "Hash Cond": "(mc.company_id = cn.id)", "Plans": [{"Node Type": "Seq Scan", "Parent Relationship": "Outer", "Parallel Aware": true, "Relation Name": "movie_companies", "Alias": "mc", "Startup Cost": 0.0, "Total Cost": 29661.37, "Plan Rows": 1087137, "Plan Width": 12, "Actual Startup Time": 0.009, "Actual Total Time": 76.518, "Actual Rows": 869710, "Actual Loops": 3}, {"Node Type": "Hash", "Parent Relationship": "Inner", "Parallel Aware": true, "Startup Cost": 4722.92, "Total Cost": 4722.92, "Plan Rows": 49727, "Plan Width": 4, "Actual Startup Time": 16.71, "Actual Total Time": 16.711, "Actual Rows": 28281, "Actual Loops": 3, "Hash Buckets": 131072, "Original Hash Buckets": 131072, "Hash Batches": 1, "Original Hash Batches": 1, "Peak Memory Usage": 4384, "Plans": [{"Node Type": "Seq Scan", "Parent Relationship": "Outer", "Parallel Aware": true, "Relation Name": "company_name", "Alias": "cn", "Startup Cost": 0.0, "Total Cost": 4722.92, "Plan Rows": 49727, "Plan Width": 4, "Actual Startup Time": 0.02, "Actual Total Time": 11.671, "Actual Rows": 28281, "Actual Loops": 3, "Filter": "((country_code)::text = '[us]'::text)", "Rows Removed by Filter": 50051}]}]}, {"Node Type": "Hash", "Parent Relationship": "Inner", "Parallel Aware": true, "Startup Cost": 592393.74, "Total Cost": 592393.74, "Plan Rows": 202661, "Plan Width": 8, "Actual Startup Time": 2089.163, "Actual Total Time": 2089.171, "Actual Rows": 4, "Actual Loops": 3, "Hash Buckets": 131072, "Original Hash Buckets": 131072, "Hash Batches": 8, "Original Hash Batches": 8, "Peak Memory Usage": 1056, "Plans": [{"Node Type": "Hash Join", "Parent Relationship": "Outer", "Parallel Aware": true, "Join Type": "Inner", "Startup Cost": 132136.9, "Total Cost": 592393.74, "Plan Rows": 202661, "Plan Width": 8, "Actual Startup Time": 2048.742, "Actual Total Time": 2088.854, "Actual Rows": 4, "Actual Loops": 3, "Inner Unique": true, "Hash Cond": "(ci.movie_id = t.id)", "Plans": [{"Node Type": "Hash Join", "Parent Relationship": "Outer", "Parallel Aware": true, "Join Type": "Inner", "Startup Cost": 71027.22, "Total Cost": 525378.13, "Plan Rows": 293308, "Plan Width": 4, "Actual Startup Time": 1790.977, "Actual Total Time": 1829.208, "Actual Rows": 5, "Actual Loops": 3, "Inner Unique": true, "Hash Cond": "(ci.person_role_id = chn.id)", "Plans": [{"Node Type": "Hash Join", "Parent Relationship": "Outer", "Parallel Aware": false, "Join Type": "Inner", "Startup Cost": 25.98, "Total Cost": 442991.05, "Plan Rows": 601081, "Plan Width": 8, "Actual Startup Time": 146.197, "Actual Total Time": 1423.168, "Actual Rows": 478480, "Actual Loops": 3, "Inner Unique": true, "Hash Cond": "(ci.role_id = rt.id)", "Plans": [{"Node Type": "Seq Scan", "Parent Relationship": "Outer", "Parallel Aware": true, "Relation Name": "cast_info", "Alias": "ci", "Startup Cost": 0.0, "Total Cost": 441377.81, "Plan Rows": 601081, "Plan Width": 12, "Actual Startup Time": 146.158, "Actual Total Time": 1347.461, "Actual Rows": 478480, "Actual Loops": 3, "Filter": "((note)::text ~~ '%(producer)%'::text)", "Rows Removed by Filter": 11602968}, {"Node Type": "Hash", "Parent Relationship": "Inner", "Parallel Aware": false, "Startup Cost": 17.1, "Total Cost": 17.1, "Plan Rows": 710, "Plan Width": 4, "Actual Startup Time": 0.024, "Actual Total Time": 0.024, "Actual Rows": 12, "Actual Loops": 3, "Hash Buckets": 1024, "Original Hash Buckets": 1024, "Hash Batches": 1, "Original Hash Batches": 1, "Peak Memory Usage": 9, "Plans": [{"Node Type": "Seq Scan", "Parent Relationship": "Outer", "Parallel Aware": false, "Relation Name": "role_type", "Alias": "rt", "Startup Cost": 0.0, "Total Cost": 17.1, "Plan Rows": 710, "Plan Width": 4, "Actual Startup Time": 0.019, "Actual Total Time": 0.02, "Actual Rows": 12, "Actual Loops": 3}]}]}, {"Node Type": "Hash", "Parent Relationship": "Inner", "Parallel Aware": true, "Startup Cost": 49533.0, "Total Cost": 49533.0, "Plan Rows": 1308500, "Plan Width": 4, "Actual Startup Time": 276.508, "Actual Total Time": 276.508, "Actual Rows": 1046780, "Actual Loops": 3, "Hash Buckets": 131072, "Original Hash Buckets": 131072, "Hash Batches": 64, "Original Hash Batches": 64, "Peak Memory Usage": 3008, "Plans": [{"Node Type": "Seq Scan", "Parent Relationship": "Outer", "Parallel Aware": true, "Relation Name": "char_name", "Alias": "chn", "Startup Cost": 0.0, "Total Cost": 49533.0, "Plan Rows": 1308500, "Plan Width": 4, "Actual Startup Time": 0.019, "Actual Total Time": 124.955, "Actual Rows": 1046780, "Actual Loops": 3}]}]}, {"Node Type": "Hash", "Parent Relationship": "Inner", "Parallel Aware": true, "Startup Cost": 49166.73, "Total Cost": 49166.73, "Plan Rows": 727916, "Plan Width": 4, "Actual Startup Time": 202.088, "Actual Total Time": 202.089, "Actual Rows": 583011, "Actual Loops": 3, "Hash Buckets": 131072, "Original Hash Buckets": 131072, "Hash Batches": 32, "Original Hash Batches": 32, "Peak Memory Usage": 3200, "Plans": [{"Node Type": "Seq Scan", "Parent Relationship": "Outer", "Parallel Aware": true, "Relation Name": "title", "Alias": "t", "Startup Cost": 0.0, "Total Cost": 49166.73, "Plan Rows": 727916, "Plan Width": 4, "Actual Startup Time": 0.015, "Actual Total Time": 120.951, "Actual Rows": 583011, "Actual Loops": 3, "Filter": "(production_year > 1990)", "Rows Removed by Filter": 259760}]}]}]}]}, {"Node Type": "Hash", "Parent Relationship": "Inner", "Parallel Aware": false, "Startup Cost": 17.1, "Total Cost": 17.1, "Plan Rows": 710, "Plan Width": 4, "Actual Startup Time": 0.018, "Actual Total Time": 0.018, "Actual Rows": 4, "Actual Loops": 3, "Hash Buckets": 1024, "Original Hash Buckets": 1024, "Hash Batches": 1, "Original Hash Batches": 1, "Peak Memory Usage": 9, "Plans": [{"Node Type": "Seq Scan", "Parent Relationship": "Outer", "Parallel Aware": false, "Relation Name": "company_type", "Alias": "ct", "Startup Cost": 0.0, "Total Cost": 17.1, "Plan Rows": 710, "Plan Width": 4, "Actual Startup Time": 0.014, "Actual Total Time": 0.015, "Actual Rows": 4, "Actual Loops": 3}]}]}]}]}]}, "Planning Time": 91.576, "Triggers": [], "Execution Time": 2494.331}]
[{"Bao": {"Bao prediction": 430.062, "Bao recommended hint": "(no hint)"}}, {"Plan": {"Node Type": "Aggregate", "Strategy": "Plain", "Partial Mode": "Simple", "Parallel Aware": false, "Startup Cost": 83192.88, "Total Cost": 83192.89, "Plan Rows": 1, "Plan Width": 8, "Actual Startup Time": 488.249, "Actual Total Time": 496.72, "Actual Rows": 1, "Actual Loops": 1, "Plans": [{"Node Type": "Gather", "Parent Relationship": "Outer", "Parallel Aware": false, "Startup Cost": 32820.19, "Total Cost": 83192.88, "Plan Rows": 1, "Plan Width": 0, "Actual Startup Time": 250.84, "Actual Total Time": 496.698, "Actual Rows": 310, "Actual Loops": 1, "Workers Planned": 2, "Workers Launched": 2, "Single Copy": false, "Plans": [{"Node Type": "Nested Loop", "Parent Relationship": "Outer", "Parallel Aware": false, "Join Type": "Inner", "Startup Cost": 31820.19, "Total Cost": 82192.78, "Plan Rows": 1, "Plan Width": 0, "Actual Startup Time": 245.686, "Actual Total Time": 484.598, "Actual Rows": 103, "Actual Loops": 3, "Inner Unique": true, "Plans": [{"Node Type": "Hash Join", "Parent Relationship": "Outer", "Parallel Aware": true, "Join Type": "Inner", "Startup Cost": 31819.77, "Total Cost": 82192.31, "Plan Rows": 1, "Plan Width": 4, "Actual Startup Time": 243.746, "Actual Total Time": 480.694, "Actual Rows": 2288, "Actual Loops": 3, "Inner Unique": false, "Hash Cond": "(mk.movie_id = ml.movie_id)", "Plans": [{"Node Type": "Seq Scan", "Parent Relationship": "Outer", "Parallel Aware": true, "Relation Name": "movie_keyword", "Alias": "mk", "Startup Cost": 0.0, "Total Cost": 43303.71, "Plan Rows": 1884971, "Plan Width": 8, "Actual Startup Time": 0.02, "Actual Total Time": 115.504, "Actual Rows": 1507977, "Actual Loops": 3}, {"Node Type": "Hash", "Parent Relationship": "Inner", "Parallel Aware": true, "Startup Cost": 31819.76, "Total Cost": 31819.76, "Plan Rows": 1, "Plan Width": 12, "Actual Startup Time": 242.81, "Actual Total Time": 242.817, "Actual Rows": 233, "Actual Loops": 3, "Hash Buckets": 1024, "Original Hash Buckets": 1024, "Hash Batches": 1, "Original Hash Batches": 1, "Peak Memory Usage": 104, "Plans": [{"Node Type": "Nested Loop", "Parent Relationship": "Outer", "Parallel Aware": false, "Join Type": "Inner", "Startup Cost": 31818.74, "Total Cost": 31819.76, "Plan Rows": 1, "Plan Width": 12, "Actual Startup Time": 236.496, "Actual Total Time": 241.979, "Actual Rows": 233, "Actual Loops": 3, "Inner Unique": true, "Join Filter": "(ml.movie_id = t.id)", "Rows Removed by Join Filter": 0, "Plans": [{"Node Type": "Nested Loop", "Parent Relationship": "Outer", "Parallel Aware": false, "Join Type": "Inner", "Startup Cost": 31818.31, "Total Cost": 31819.15, "Plan Rows": 1, "Plan Width": 8, "Actual Startup Time": 236.157, "Actual Total Time": 241.197, "Actual Rows": 384, "Actual Loops": 3, "Inner Unique": true, "Plans": [{"Node Type": "Merge Join", "Parent Relationship": "Outer", "Parallel Aware": false, "Join Type": "Inner", "Startup Cost": 31817.89, "Total Cost": 31818.7, "Plan Rows": 1, "Plan Width": 12, "Actual Startup Time": 235.8, "Actual Total Time": 238.353, "Actual Rows": 1464, "Actual Loops": 3, "Inner Unique": false, "Merge Cond": "(mc.movie_id = ml.movie_id)", "Plans": [{"Node Type": "Sort", "Parent Relationship": "Outer", "Parallel Aware": false, "Startup Cost": 31255.69, "Total Cost": 31263.17, "Plan Rows": 2992, "Plan Width": 8, "Actual Startup Time": 230.893, "Actual Total Time": 232.187, "Actual Rows": 15931, "Actual Loops": 3, "Sort Key": ["mc.movie_id"], "Sort Method": "external merge", "Sort Space Used": 7144, "Sort Space Type": "Disk", "Workers": [{"Worker Number": 0, "Sort Method": "external merge", "Sort Space Used": 7080, "Sort Space Type": "Disk"}, {"Worker Number": 1, "Sort Method": "external merge", "Sort Space Used": 6944, "Sort Space Type": "Disk"}], "Plans": [{"Node Type": "Hash Join", "Parent Relationship": "Outer", "Parallel Aware": false, "Join Type": "Inner", "Startup Cost": 18.93, "Total Cost": 31082.95, "Plan Rows": 2992, "Plan Width": 8, "Actual Startup Time": 38.932, "Actual Total Time": 141.741, "Actual Rows": 397976, "Actual Loops": 3, "Inner Unique": true, "Hash Cond": "(mc.company_type_id = ct.id)", "Plans": [{"Node Type": "Seq Scan", "Parent Relationship": "Outer", "Parallel Aware": true, "Relation Name": "movie_companies", "Alias": "mc", "Startup Cost": 0.0, "Total Cost": 29661.37, "Plan Rows": 531175, "Plan Width": 12, "Actual Startup Time": 0.018, "Actual Total Time": 85.481, "Actual Rows": 423996, "Actual Loops": 3, "Filter": "(note IS NULL)", "Rows Removed by Filter": 445713}, {"Node Type": "Hash", "Parent Relationship": "Inner", "Parallel Aware": false, "Startup Cost": 18.88, "Total Cost": 18.88, "Plan Rows": 4, "Plan Width": 4, "Actual Startup Time": 0.017, "Actual Total Time": 0.017, "Actual Rows": 1, "Actual Loops": 3, "Hash Buckets": 1024, "Original Hash Buckets": 1024, "Hash Batches": 1, "Original Hash Batches": 1, "Peak Memory Usage": 9, "Plans": [{"Node Type": "Seq Scan", "Parent Relationship": "Outer", "Parallel Aware": false, "Relation Name": "company_type", "Alias": "ct", "Startup Cost": 0.0, "Total Cost": 18.88, "Plan Rows": 4, "Plan Width": 4, "Actual Startup Time": 0.012, "Actual Total Time": 0.013, "Actual Rows": 1, "Actual Loops": 3, "Filter": "((kind)::text = 'production companies'::text)", "Rows Removed by Filter": 3}]}]}]}, {"Node Type": "Sort", "Parent Relationship": "Inner", "Parallel Aware": false, "Startup Cost": 562.2, "Total Cost": 562.3, "Plan Rows": 42, "Plan Width": 4, "Actual Startup Time": 4.891, "Actual Total Time": 5.042, "Actual Rows": 3128, "Actual Loops": 3, "Sort Key": ["ml.movie_id"], "Sort Method": "quicksort", "Sort Space Used": 205, "Sort Space Type": "Memory", "Workers": [{"Worker Number": 0, "Sort Method": "quicksort", "Sort Space Used": 205, "Sort Space Type": "Memory"}, {"Worker Number": 1, "Sort Method": "quicksort", "Sort Space Used": 205, "Sort Space Type": "Memory"}], "Plans": [{"Node Type": "Hash Join", "Parent Relationship": "Outer", "Parallel Aware": false, "Join Type": "Inner", "Startup Cost": 18.89, "Total Cost": 561.07, "Plan Rows": 42, "Plan Width": 4, "Actual Startup Time": 0.077, "Actual Total Time": 4.539, "Actual Rows": 2315, "Actual Loops": 3, "Inner Unique": true, "Hash Cond": "(ml.link_type_id = lt.id)", "Plans": [{"Node Type": "Seq Scan", "Parent Relationship": "Outer", "Parallel Aware": false, "Relation Name": "movie_link", "Alias": "ml", "Startup Cost": 0.0, "Total Cost": 462.97, "Plan Rows": 29997, "Plan Width": 8, "Actual Startup Time": 0.043, "Actual Total Time": 2.079, "Actual Rows": 29997, "Actual Loops": 3}, {"Node Type": "Hash", "Parent Relationship": "Inner", "Parallel Aware": false, "Startup Cost": 18.88, "Total Cost": 18.88, "Plan Rows": 1, "Plan Width": 4, "Actual Startup Time": 0.018, "Actual Total Time": 0.019, "Actual Rows": 2, "Actual Loops": 3, "Hash Buckets": 1024, "Original Hash Buckets": 1024, "Hash Batches": 1, "Original Hash Batches": 1, "Peak Memory Usage": 9, "Plans": [{"Node Type": "Seq Scan", "Parent Relationship": "Outer", "Parallel Aware": false, "Relation Name": "link_type", "Alias": "lt", "Startup Cost": 0.0, "Total Cost": 18.88, "Plan Rows": 1, "Plan Width": 4, "Actual Startup Time": 0.013, "Actual Total Time": 0.016, "Actual Rows": 2, "Actual Loops": 3, "Filter": "((link)::text ~~ '%follow%'::text)", "Rows Removed by Filter": 16}]}]}]}]}, {"Node Type": "Index Scan", "Parent Relationship": "Inner", "Parallel Aware": false, "Scan Direction": "Forward", "Index Name": "company_name_pkey", "Relation Name": "company_name", "Alias": "cn", "Startup Cost": 0.42, "Total Cost": 0.46, "Plan Rows": 1, "Plan Width": 4, "Actual Startup Time": 0.002, "Actual Total Time": 0.002, "Actual Rows": 0, "Actual Loops": 4393, "Index Cond": "(id = mc.company_id)", "Rows Removed by Index Recheck": 0, "Filter": "(((country_code)::text <> '[pl]'::text) AND (((name)::text ~~ '%Film%'::text) OR ((name)::text ~~ '%Warner%'::text)))", "Rows Removed by Filter": 1}]}, {"Node Type": "Index Scan", "Parent Relationship": "Inner", "Parallel Aware": false, "Scan Direction": "Forward", "Index Name": "title_pkey", "Relation Name": "title", "Alias": "t", "Startup Cost": 0.43, "Total Cost": 0.59, "Plan Rows": 1, "Plan Width": 4, "Actual Startup Time": 0.002, "Actual Total Time": 0.002, "Actual Rows": 1, "Actual Loops": 1152, "Index Cond": "(id = mc.movie_id)", "Rows Removed by Index Recheck": 0, "Filter": "((production_year >= 1950) AND (production_year <= 2000))", "Rows Removed by Filter": 0}]}]}]}, {"Node Type": "Index Scan", "Parent Relationship": "Inner", "Parallel Aware": false, "Scan Direction": "Forward", "Index Name": "keyword_pkey", "Relation Name": "keyword", "Alias": "k", "Startup Cost": 0.42, "Total Cost": 0.44, "Plan Rows": 1, "Plan Width": 4, "Actual Startup Time": 0.002, "Actual Total Time": 0.002, "Actual Rows": 0, "Actual Loops": 6863, "Index Cond": "(id = mk.keyword_id)", "Rows Removed by Index Recheck": 0, "Filter": "((keyword)::text = 'sequel'::text)", "Rows Removed by Filter": 1}]}]}]}, "Planning Time": 88.848, "Triggers": [], "Execution Time": 497.84}]
[{"Bao": {"Bao prediction": 2960.518, "Bao recommended hint": "(no hint)"}}, {"Plan": {"Node Type": "Aggregate", "Strategy": "Plain", "Partial Mode": "Finalize", "Parallel Aware": false, "Startup Cost": 514108.77, "Total Cost": 514108.78, "Plan Rows": 1, "Plan Width": 8, "Actual Startup Time": 4051.486, "Actual Total Time": 4089.617, "Actual Rows": 1, "Actual Loops": 1, "Plans": [{"Node Type": "Gather", "Parent Relationship": "Outer", "Parallel Aware": false, "Startup Cost": 514108.56, "Total Cost": 514108.77, "Plan Rows": 2, "Plan Width": 8, "Actual Startup Time": 4051.34, "Actual Total Time": 4089.612, "Actual Rows": 3, "Actual Loops": 1, "Workers Planned": 2, "Workers Launched": 2, "Single Copy": false, "Plans": [{"Node Type": "Aggregate", "Strategy": "Plain", "Partial Mode": "Partial", "Parent Relationship": "Outer", "Parallel Aware": false, "Startup Cost": 513108.56, "Total Cost": 513108.57, "Plan Rows": 1, "Plan Width": 8, "Actual Startup Time": 4048.92, "Actual Total Time": 4048.936, "Actual Rows": 1, "Actual Loops": 3, "Plans": [{"Node Type": "Nested Loop", "Parent Relationship": "Outer", "Parallel Aware": false, "Join Type": "Inner", "Startup Cost": 462736.14, "Total Cost": 513108.56, "Plan Rows": 1, "Plan Width": 0, "Actual Startup Time": 3972.969, "Actual Total Time": 4048.931, "Actual Rows": 11, "Actual Loops": 3, "Inner Unique": true, "Plans": [{"Node Type": "Nested Loop", "Parent Relationship": "Outer", "Parallel Aware": false, "Join Type": "Inner", "Startup Cost": 462735.71, "Total Cost": 513108.1, "Plan Rows": 1, "Plan Width": 4, "Actual Startup Time": 3972.953, "Actual Total Time": 4048.861, "Actual Rows": 11, "Actual Loops": 3, "Inner Unique": true, "Plans": [{"Node Type": "Hash Join", "Parent Relationship": "Outer", "Parallel Aware": true, "Join Type": "Inner", "Startup Cost": 462735.29, "Total Cost": 513107.64, "Plan Rows": 1, "Plan Width": 8, "Actual Startup Time": 3930.272, "Actual Total Time": 4047.85, "Actual Rows": 438, "Actual Loops": 3, "Inner Unique": false, "Hash Cond": "(mk.movie_id = t.id)", "Plans": [{"Node Type": "Seq Scan", "Parent Relationship": "Outer", "Parallel Aware": true, "Relation Name": "movie_keyword", "Alias": "mk", "Startup Cost": 0.0, "Total Cost": 43303.71, "Plan Rows": 1884971, "Plan Width": 8, "Actual Startup Time": 0.01, "Actual Total Time": 97.688, "Actual Rows": 1507977, "Actual Loops": 3}, {"Node Type": "Hash", "Parent Relationship": "Inner", "Parallel Aware": true, "Startup Cost": 462735.27, "Total Cost": 462735.27, "Plan Rows": 1, "Plan Width": 16, "Actual Startup Time": 3848.002, "Actual Total Time": 3848.016, "Actual Rows": 3, "Actual Loops": 3, "Hash Buckets": 1024, "Original Hash Buckets": 1024, "Hash Batches": 1, "Original Hash Batches": 1, "Peak Memory Usage": 72, "Plans": [{"Node Type": "Nested Loop", "Parent Relationship": "Outer", "Parallel Aware": false, "Join Type": "Inner", "Startup Cost": 2488.29, "Total Cost": 462735.27, "Plan Rows": 1, "Plan Width": 16, "Actual Startup Time": 2031.248, "Actual Total Time": 3847.948, "Actual Rows": 3, "Actual Loops": 3, "Inner Unique": true, "Plans": [{"Node Type": "Hash Join", "Parent Relationship": "Outer", "Parallel Aware": false, "Join Type": "Inner", "Startup Cost": 2487.86, "Total Cost": 462734.81, "Plan Rows": 1, "Plan Width": 20, "Actual Startup Time": 356.772, "Actual Total Time": 3005.66, "Actual Rows": 511941, "Actual Loops": 3, "Inner Unique": false, "Hash Cond": "(ci.movie_id = t.id)", "Plans": [{"Node Type": "Seq Scan", "Parent Relationship": "Outer", "Parallel Aware": true, "Relation Name": "cast_info", "Alias": "ci", "Startup Cost": 0.0, "Total Cost": 403639.65, "Plan Rows": 15095265, "Plan Width": 12, "Actual Startup Time": 0.015, "Actual Total Time": 931.497, "Actual Rows": 12081448, "Actual Loops": 3}, {"Node Type": "Hash", "Parent Relationship": "Inner", "Parallel Aware": false, "Startup Cost": 2487.85, "Total Cost": 2487.85, "Plan Rows": 1, "Plan Width": 8, "Actual Startup Time": 356.738, "Actual Total Time": 356.75, "Actual Rows": 28583, "Actual Loops": 3, "Hash Buckets": 32768, "Original Hash Buckets": 1024, "Hash Batches": 1, "Original Hash Batches": 1, "Peak Memory Usage": 1373, "Plans": [{"Node Type": "Nested Loop", "Parent Relationship": "Outer", "Parallel Aware": false, "Join Type": "Inner", "Startup Cost": 19.5, "Total Cost": 2487.85, "Plan Rows": 1, "Plan Width": 8, "Actual Startup Time": 0.106, "Actual Total Time": 352.006, "Actual Rows": 28583, "Actual Loops": 3, "Inner Unique": true, "Plans": [{"Node Type": "Nested Loop", "Parent Relationship": "Outer", "Parallel Aware": false, "Join Type": "Inner", "Startup Cost": 19.36, "Total Cost": 2487.67, "Plan Rows": 1, "Plan Width": 12, "Actual Startup Time": 0.084, "Actual Total Time": 273.668, "Actual Rows": 73560, "Actual Loops": 3, "Inner Unique": true, "Plans": [{"Node Type": "Nested Loop", "Parent Relationship": "Outer", "Parallel Aware": false, "Join Type": "Inner", "Startup Cost": 18.93, "Total Cost": 2485.89, "Plan Rows": 1, "Plan Width": 4, "Actual Startup Time": 0.05, "Actual Total Time": 69.095, "Actual Rows": 85941, "Actual Loops": 3, "Inner Unique": false, "Join Filter": "(cc.status_id = cct2.id)", "Rows Removed by Join Filter": 85941, "Plans": [{"Node Type": "Seq Scan", "Parent Relationship": "Outer", "Parallel Aware": false, "Relation Name": "comp_cast_type", "Alias": "cct2", "Startup Cost": 0.0, "Total Cost": 18.88, "Plan Rows": 1, "Plan Width": 4, "Actual Startup Time": 0.023, "Actual Total Time": 0.024, "Actual Rows": 2, "Actual Loops": 3, "Filter": "((kind)::text ~~ '%complete%'::text)", "Rows Removed by Filter": 2}, {"Node Type": "Hash Join", "Parent Relationship": "Inner", "Parallel Aware": false, "Join Type": "Inner", "Startup Cost": 18.93, "Total Cost": 2457.5, "Plan Rows": 761, "Plan Width": 8, "Actual Startup Time": 0.014, "Actual Total Time": 28.388, "Actual Rows": 85941, "Actual Loops": 6, "Inner Unique": true, "Hash Cond": "(cc.subject_id = cct1.id)", "Plans": [{"Node Type": "Seq Scan", "Parent Relationship": "Outer", "Parallel Aware": false, "Relation Name": "complete_cast", "Alias": "cc", "Startup Cost": 0.0, "Total Cost": 2081.86, "Plan Rows": 135086, "Plan Width": 12, "Actual Startup Time": 0.006, "Actual Total Time": 9.63, "Actual Rows": 135086, "Actual Loops": 6}, {"Node Type": "Hash", "Parent Relationship": "Inner", "Parallel Aware": false, "Startup Cost": 18.88, "Total Cost": 18.88, "Plan Rows": 4, "Plan Width": 4, "Actual Startup Time": 0.005, "Actual Total Time": 0.008, "Actual Rows": 1, "Actual Loops": 3, "Hash Buckets": 1024, "Original Hash Buckets": 1024, "Hash Batches": 1, "Original Hash Batches": 1, "Peak Memory Usage": 9, "Plans": [{"Node Type": "Seq Scan", "Parent Relationship": "Outer", "Parallel Aware": false, "Relation Name": "comp_cast_type", "Alias": "cct1", "Startup Cost": 0.0, "Total Cost": 18.88, "Plan Rows": 4, "Plan Width": 4, "Actual Startup Time": 0.002, "Actual Total Time": 0.003, "Actual Rows": 1, "Actual Loops": 3, "Filter": "((kind)::text = 'cast'::text)", "Rows Removed by Filter": 3}]}]}]}, {"Node Type": "Index Scan", "Parent Relationship": "Inner", "Parallel Aware": false, "Scan Direction": "Forward", "Index Name": "title_pkey", "Relation Name": "title", "Alias": "t", "Startup Cost": 0.43, "Total Cost": 1.78, "Plan Rows": 1, "Plan Width": 8, "Actual Startup Time": 0.002, "Actual Total Time": 0.002, "Actual Rows": 1, "Actual Loops": 257823, "Index Cond": "(id = cc.movie_id)", "Rows Removed by Index Recheck": 0, "Filter": "(production_year > 1950)", "Rows Removed by Filter": 0}]}, {"Node Type": "Index Scan", "Parent Relationship": "Inner", "Parallel Aware": false, "Scan Direction": "Forward", "Index Name": "kind_type_pkey", "Relation Name": "kind_type", "Alias": "kt", "Startup Cost": 0.15, "Total Cost": 0.17, "Plan Rows": 1, "Plan Width": 4, "Actual Startup Time": 0.001, "Actual Total Time": 0.001, "Actual Rows": 0, "Actual Loops": 220680, "Index Cond": "(id = t.kind_id)", "Rows Removed by Index Recheck": 0, "Filter": "((kind)::text = 'movie'::text)", "Rows Removed by Filter": 1}]}]}]}, {"Node Type": "Index Scan", "Parent Relationship": "Inner", "Parallel Aware": false, "Scan Direction": "Forward", "Index Name": "char_name_pkey", "Relation Name": "char_name", "Alias": "chn", "Startup Cost": 0.43, "Total Cost": 0.46, "Plan Rows": 1, "Plan Width": 4, "Actual Startup Time": 0.001, "Actual Total Time": 0.001, "Actual Rows": 0, "Actual Loops": 1535822, "Index Cond": "(id = ci.person_role_id)", "Rows Removed by Index Recheck": 0, "Filter": "(((name)::text !~~ '%Sherlock%'::text) AND (((name)::text ~~ '%Tony%Stark%'::text) OR ((name)::text ~~ '%Iron%Man%'::text)))", "Rows Removed by Filter": 1}]}]}]}, {"Node Type": "Index Scan", "Parent Relationship": "Inner", "Parallel Aware": false, "Scan Direction": "Forward", "Index Name": "keyword_pkey", "Relation Name": "keyword", "Alias": "k", "Startup Cost": 0.42, "Total Cost": 0.45, "Plan Rows": 1, "Plan Width": 4, "Actual Startup Time": 0.002, "Actual Total Time": 0.002, "Actual Rows": 0, "Actual Loops": 1314, "Index Cond": "(id = mk.keyword_id)", "Rows Removed by Index Recheck": 0, "Filter": "((keyword)::text = ANY ('{superhero,sequel,second-part,marvel-comics,based-on-comic,tv-special,fight,violence}'::text[]))", "Rows Removed by Filter": 1}]}, {"Node Type": "Index Only Scan", "Parent Relationship": "Inner", "Parallel Aware": false, "Scan Direction": "Forward", "Index Name": "name_pkey", "Relation Name": "name", "Alias": "n", "Startup Cost": 0.43, "Total Cost": 0.46, "Plan Rows": 1, "Plan Width": 4, "Actual Startup Time": 0.006, "Actual Total Time": 0.006, "Actual Rows": 1, "Actual Loops": 33, "Index Cond": "(id = ci.person_id)", "Rows Removed by Index Recheck": 0, "Heap Fetches": 33}]}]}]}]}, "Planning Time": 106.844, "Triggers": [], "Execution Time": 4089.728}]
[{"Bao": {"Bao prediction": 1343.668, "Bao recommended hint": "(no hint)"}}, {"Plan": {"Node Type": "Aggregate", "Strategy": "Plain", "Partial Mode": "Simple", "Parallel Aware": false, "Startup Cost": 512132.44, "Total Cost": 512132.45, "Plan Rows": 1, "Plan Width": 8, "Actual Startup Time": 1907.618, "Actual Total Time": 1937.361, "Actual Rows": 1, "Actual Loops": 1, "Plans": [{"Node Type": "Nested Loop", "Parent Relationship": "Outer", "Parallel Aware": false, "Join Type": "Inner", "Startup Cost": 51885.35, "Total Cost": 512132.43, "Plan Rows": 1, "Plan Width": 0, "Actual Startup Time": 370.434, "Actual Total Time": 1937.356, "Actual Rows": 2, "Actual Loops": 1, "Inner Unique": true, "Plans": [{"Node Type": "Gather", "Parent Relationship": "Outer", "Parallel Aware": false, "Startup Cost": 51884.92, "Total Cost": 512131.98, "Plan Rows": 1, "Plan Width": 4, "Actual Startup Time": 370.416, "Actual Total Time": 1937.15, "Actual Rows": 33, "Actual Loops": 1, "Workers Planned": 2, "Workers Launched": 2, "Single Copy": false, "Plans": [{"Node Type": "Hash Join", "Parent Relationship": "Outer", "Parallel Aware": true, "Join Type": "Inner", "Startup Cost": 50884.92, "Total Cost": 511131.88, "Plan Rows": 1, "Plan Width": 4, "Actual Startup Time": 494.504, "Actual Total Time": 1905.409, "Actual Rows": 11, "Actual Loops": 3, "Inner Unique": false, "Hash Cond": "(ci.movie_id = t.id)", "Plans": [{"Node Type": "Seq Scan", "Parent Relationship": "Outer", "Parallel Aware": true, "Relation Name": "cast_info", "Alias": "ci", "Startup Cost": 0.0, "Total Cost": 403639.65, "Plan Rows": 15095265, "Plan Width": 8, "Actual Startup Time": 0.028, "Actual Total Time": 835.5, "Actual Rows": 12081448, "Actual Loops": 3}, {"Node Type": "Hash", "Parent Relationship": "Inner", "Parallel Aware": true, "Startup Cost": 50884.91, "Total Cost": 50884.91, "Plan Rows": 1, "Plan Width": 8, "Actual Startup Time": 223.341, "Actual Total Time": 223.344, "Actual Rows": 1, "Actual Loops": 3, "Hash Buckets": 1024, "Original Hash Buckets": 1024, "Hash Batches": 1, "Original Hash Batches": 1, "Peak Memory Usage": 40, "Plans": [{"Node Type": "Nested Loop", "Parent Relationship": "Outer", "Parallel Aware": false, "Join Type": "Inner", "Startup Cost": 2626.57, "Total Cost": 50884.91, "Plan Rows": 1, "Plan Width": 8, "Actual Startup Time": 168.753, "Actual Total Time": 223.287, "Actual Rows": 1, "Actual Loops": 3, "Inner Unique": true, "Plans": [{"Node Type": "Hash Join", "Parent Relationship": "Outer", "Parallel Aware": false, "Join Type": "Inner", "Startup Cost": 2626.14, "Total Cost": 50878.05, "Plan Rows": 14, "Plan Width": 4, "Actual Startup Time": 63.586, "Actual Total Time": 223.22, "Actual Rows": 5, "Actual Loops": 3, "Inner Unique": true, "Hash Cond": "(mk.keyword_id = k.id)", "Plans": [{"Node Type": "Seq Scan", "Parent Relationship": "Outer", "Parallel Aware": true, "Relation Name": "movie_keyword", "Alias": "mk", "Startup Cost": 0.0, "Total Cost": 43303.71, "Plan Rows": 1884971, "Plan Width": 8, "Actual Startup Time": 0.01, "Actual Total Time": 105.162, "Actual Rows": 1507977, "Actual Loops": 3}, {"Node Type": "Hash", "Parent Relationship": "Inner", "Parallel Aware": false, "Startup Cost": 2626.12, "Total Cost": 2626.12, "Plan Rows": 1, "Plan Width": 4, "Actual Startup Time": 11.936, "Actual Total Time": 11.936, "Actual Rows": 1, "Actual Loops": 3, "Hash Buckets": 1024, "Original Hash Buckets": 1024, "Hash Batches": 1, "Original Hash Batches": 1, "Peak Memory Usage": 9, "Plans": [{"Node Type": "Seq Scan", "Parent Relationship": "Outer", "Parallel Aware": false, "Relation Name": "keyword", "Alias": "k", "Startup Cost": 0.0, "Total Cost": 2626.12, "Plan Rows": 1, "Plan Width": 4, "Actual Startup Time": 0.328, "Actual Total Time": 11.933, "Actual Rows": 1, "Actual Loops": 3, "Filter": "((keyword)::text = 'marvel-cinematic-universe'::text)", "Rows Removed by Filter": 134169}]}]}, {"Node Type": "Index Scan", "Parent Relationship": "Inner", "Parallel Aware": false, "Scan Direction": "Forward", "Index Name": "title_pkey", "Relation Name": "title", "Alias": "t", "Startup Cost": 0.43, "Total Cost": 0.49, "Plan Rows": 1, "Plan Width": 4, "Actual Startup Time": 0.012, "Actual Total Time": 0.012, "Actual Rows": 0, "Actual Loops": 14, "Index Cond": "(id = mk.movie_id)", "Rows Removed by Index Recheck": 0, "Filter": "(production_year > 2014)", "Rows Removed by Filter": 1}]}]}]}]}, {"Node Type": "Index Scan", "Parent Relationship": "Inner", "Parallel Aware": false, "Scan Direction": "Forward", "Index Name": "name_pkey", "Relation Name": "name", "Alias": "n", "Startup Cost": 0.43, "Total Cost": 0.46, "Plan Rows": 1, "Plan Width": 4, "Actual Startup Time": 0.005, "Actual Total Time": 0.005, "Actual Rows": 0, "Actual Loops": 33, "Index Cond": "(id = ci.person_id)", "Rows Removed by Index Recheck": 0, "Filter": "((name)::text ~~ '%Downey%Robert%'::text)", "Rows Removed by Filter": 1}]}]}, "Planning Time": 77.138, "Triggers": [], "Execution Time": 1937.421}]
[{"Bao": {"Bao prediction": 907.514, "Bao recommended hint": "(no hint)"}}, {"Plan": {"Node Type": "Aggregate", "Strategy": "Plain", "Partial Mode": "Finalize", "Parallel Aware": false, "Startup Cost": 350125.11, "Total Cost": 350125.12, "Plan Rows": 1, "Plan Width": 8, "Actual Startup Time": 801.178, "Actual Total Time": 827.915, "Actual Rows": 1, "Actual Loops": 1, "Plans": [{"Node Type": "Gather", "Parent Relationship": "Outer", "Parallel Aware": false, "Startup Cost": 350124.9, "Total Cost": 350125.11, "Plan Rows": 2, "Plan Width": 8, "Actual Startup Time": 801.036, "Actual Total Time": 827.909, "Actual Rows": 3, "Actual Loops": 1, "Workers Planned": 2, "Workers Launched": 2, "Single Copy": false, "Plans": [{"Node Type": "Aggregate", "Strategy": "Plain", "Partial Mode": "Partial", "Parent Relationship": "Outer", "Parallel Aware": false, "Startup Cost": 349124.9, "Total Cost": 349124.91, "Plan Rows": 1, "Plan Width": 8, "Actual Startup Time": 798.214, "Actual Total Time": 798.222, "Actual Rows": 1, "Actual Loops": 3, "Plans": [{"Node Type": "Nested Loop", "Parent Relationship": "Outer", "Parallel Aware": false, "Join Type": "Inner", "Startup Cost": 298751.19, "Total Cost": 349124.89, "Plan Rows": 4, "Plan Width": 0, "Actual Startup Time": 774.694, "Actual Total Time": 798.218, "Actual Rows": 12, "Actual Loops": 3, "Inner Unique": true, "Plans": [{"Node Type": "Hash Join", "Parent Relationship": "Outer", "Parallel Aware": true, "Join Type": "Inner", "Startup Cost": 298750.77, "Total Cost": 349123.13, "Plan Rows": 4, "Plan Width": 4, "Actual Startup Time": 774.659, "Actual Total Time": 798.133, "Actual Rows": 12, "Actual Loops": 3, "Inner Unique": false, "Hash Cond": "(mk.movie_id = t.id)", "Plans": [{"Node Type": "Seq Scan", "Parent Relationship": "Outer", "Parallel Aware": true, "Relation Name": "movie_keyword", "Alias": "mk", "Startup Cost": 0.0, "Total Cost": 43303.71, "Plan Rows": 1884971, "Plan Width": 8, "Actual Startup Time": 0.013, "Actual Total Time": 102.537, "Actual Rows": 1507977, "Actual Loops": 3}, {"Node Type": "Hash", "Parent Relationship": "Inner", "Parallel Aware": true, "Startup Cost": 298750.76, "Total Cost": 298750.76, "Plan Rows": 1, "Plan Width": 16, "Actual Startup Time": 594.166, "Actual Total Time": 594.173, "Actual Rows": 1, "Actual Loops": 3, "Hash Buckets": 1024, "Original Hash Buckets": 1024, "Hash Batches": 1, "Original Hash Batches": 1, "Peak Memory Usage": 40, "Plans": [{"Node Type": "Nested Loop", "Parent Relationship": "Outer", "Parallel Aware": false, "Join Type": "Inner", "Startup Cost": 263623.17, "Total Cost": 298750.76, "Plan Rows": 1, "Plan Width": 16, "Actual Startup Time": 564.346, "Actual Total Time": 594.11, "Actual Rows": 1, "Actual Loops": 3, "Inner Unique": true, "Plans": [{"Node Type": "Nested Loop", "Parent Relationship": "Outer", "Parallel Aware": false, "Join Type": "Inner", "Startup Cost": 263622.74, "Total Cost": 298749.81, "Plan Rows": 1, "Plan Width": 12, "Actual Startup Time": 564.334, "Actual Total Time": 594.083, "Actual Rows": 1, "Actual Loops": 3, "Inner Unique": true, "Plans": [{"Node Type": "Nested Loop", "Parent Relationship": "Outer", "Parallel Aware": false, "Join Type": "Inner", "Startup Cost": 263622.59, "Total Cost": 298749.64, "Plan Rows": 1, "Plan Width": 16, "Actual Startup Time": 564.325, "Actual Total Time": 594.07, "Actual Rows": 1, "Actual Loops": 3, "Inner Unique": true, "Plans": [{"Node Type": "Hash Join", "Parent Relationship": "Outer", "Parallel Aware": true, "Join Type": "Inner", "Startup Cost": 263622.17, "Total Cost": 298747.46, "Plan Rows": 1, "Plan Width": 20, "Actual Startup Time": 494.079, "Actual Total Time": 593.9, "Actual Rows": 25, "Actual Loops": 3, "Inner Unique": false, "Hash Cond": "(mc.movie_id = at.movie_id)", "Plans": [{"Node Type": "Seq Scan", "Parent Relationship": "Outer", "Parallel Aware": true, "Relation Name": "movie_companies", "Alias": "mc", "Startup Cost": 0.0, "Total Cost": 35097.06, "Plan Rows": 7526, "Plan Width": 12, "Actual Startup Time": 0.016, "Actual Total Time": 115.181, "Actual Rows": 20555, "Actual Loops": 3, "Filter": "(((note)::text ~~ '%(200%)%'::text) AND ((note)::text ~~ '%(worldwide)%'::text))", "Rows Removed by Filter": 849155}, {"Node Type": "Hash", "Parent Relationship": "Inner", "Parallel Aware": true, "Startup Cost": 263622.16, "Total Cost": 263622.16, "Plan Rows": 1, "Plan Width": 8, "Actual Startup Time": 477.328, "Actual Total Time": 477.332, "Actual Rows": 39, "Actual Loops": 3, "Hash Buckets": 1024, "Original Hash Buckets": 1024, "Hash Batches": 1, "Original Hash Batches": 1, "Peak Memory Usage": 104, "Plans": [{"Node Type": "Hash Join", "Parent Relationship": "Outer", "Parallel Aware": true, "Join Type": "Inner", "Startup Cost": 255359.21, "Total Cost": 263622.16, "Plan Rows": 1, "Plan Width": 8, "Actual Startup Time": 454.611, "Actual Total Time": 477.235, "Actual Rows": 39, "Actual Loops": 3, "Inner Unique": false, "Hash Cond": "(at.movie_id = mi.movie_id)", "Plans": [{"Node Type": "Seq Scan", "Parent Relationship": "Outer", "Parallel Aware": true, "Relation Name": "aka_title", "Alias": "at", "Startup Cost": 0.0, "Total Cost": 7698.13, "Plan Rows": 150613, "Plan Width": 4, "Actual Startup Time": 0.011, "Actual Total Time": 10.766, "Actual Rows": 120491, "Actual Loops": 3}, {"Node Type": "Hash", "Parent Relationship": "Inner", "Parallel Aware": true, "Startup Cost": 255359.2, "Total Cost": 255359.2, "Plan Rows": 1, "Plan Width": 4, "Actual Startup Time": 454.395, "Actual Total Time": 454.397, "Actual Rows": 590, "Actual Loops": 3, "Hash Buckets": 1024, "Original Hash Buckets": 1024, "Hash Batches": 1, "Original Hash Batches": 1, "Peak Memory Usage": 104, "Plans": [{"Node Type": "Hash Join", "Parent Relationship": "Outer", "Parallel Aware": false, "Join Type": "Inner", "Startup Cost": 2.43, "Total Cost": 255359.2, "Plan Rows": 1, "Plan Width": 4, "Actual Startup Time": 123.327, "Actual Total Time": 454.236, "Actual Rows": 590, "Actual Loops": 3, "Inner Unique": true, "Hash Cond": "(mi.info_type_id = it1.id)", "Plans": [{"Node Type": "Seq Scan", "Parent Relationship": "Outer", "Parallel Aware": true, "Relation Name": "movie_info", "Alias": "mi", "Startup Cost": 0.0, "Total Cost": 255356.52, "Plan Rows": 94, "Plan Width": 8, "Actual Startup Time": 123.28, "Actual Total Time": 454.069, "Actual Rows": 590, "Actual Loops": 3, "Filter": "(((note)::text ~~ '%internet%'::text) AND ((info)::text ~~ 'USA:% 200%'::text))", "Rows Removed by Filter": 4944650}, {"Node Type": "Hash", "Parent Relationship": "Inner", "Parallel Aware": false, "Startup Cost": 2.41, "Total Cost": 2.41, "Plan Rows": 1, "Plan Width": 4, "Actual Startup Time": 0.031, "Actual Total Time": 0.032, "Actual Rows": 1, "Actual Loops": 3, "Hash Buckets": 1024, "Original Hash Buckets": 1024, "Hash Batches": 1, "Original Hash Batches": 1, "Peak Memory Usage": 9, "Plans": [{"Node Type": "Seq Scan", "Parent Relationship": "Outer", "Parallel Aware": false, "Relation Name": "info_type", "Alias": "it1", "Startup Cost": 0.0, "Total Cost": 2.41, "Plan Rows": 1, "Plan Width": 4, "Actual Startup Time": 0.021, "Actual Total Time": 0.026, "Actual Rows": 1, "Actual Loops": 3, "Filter": "((info)::text = 'release dates'::text)", "Rows Removed by Filter": 112}]}]}]}]}]}]}, {"Node Type": "Index Scan", "Parent Relationship": "Inner", "Parallel Aware": false, "Scan Direction": "Forward", "Index Name": "company_name_pkey", "Relation Name": "company_name", "Alias": "cn", "Startup Cost": 0.42, "Total Cost": 1.3, "Plan Rows": 1, "Plan Width": 4, "Actual Startup Time": 0.006, "Actual Total Time": 0.006, "Actual Rows": 0, "Actual Loops": 76, "Index Cond": "(id = mc.company_id)", "Rows Removed by Index Recheck": 0, "Filter": "(((country_code)::text = '[us]'::text) AND ((name)::text = 'YouTube'::text))", "Rows Removed by Filter": 1}]}, {"Node Type": "Index Only Scan", "Parent Relationship": "Inner", "Parallel Aware": false, "Scan Direction": "Forward", "Index Name": "company_type_pkey", "Relation Name": "company_type", "Alias": "ct", "Startup Cost": 0.15, "Total Cost": 0.17, "Plan Rows": 1, "Plan Width": 4, "Actual Startup Time": 0.01, "Actual Total Time": 0.01, "Actual Rows": 1, "Actual Loops": 3, "Index Cond": "(id = mc.company_type_id)", "Rows Removed by Index Recheck": 0, "Heap Fetches": 3}]}, {"Node Type": "Index Scan", "Parent Relationship": "Inner", "Parallel Aware": false, "Scan Direction": "Forward", "Index Name": "title_pkey", "Relation Name": "title", "Alias": "t", "Startup Cost": 0.43, "Total Cost": 0.95, "Plan Rows": 1, "Plan Width": 4, "Actual Startup Time": 0.025, "Actual Total Time": 0.025, "Actual Rows": 1, "Actual Loops": 3, "Index Cond": "(id = at.movie_id)", "Rows Removed by Index Recheck": 0, "Filter": "((production_year >= 2005) AND (production_year <= 2010))", "Rows Removed by Filter": 0}]}]}]}, {"Node Type": "Index Only Scan", "Parent Relationship": "Inner", "Parallel Aware": false, "Scan Direction": "Forward", "Index Name": "keyword_pkey", "Relation Name": "keyword", "Alias": "k", "Startup Cost": 0.42, "Total Cost": 0.44, "Plan Rows": 1, "Plan Width": 4, "Actual Startup Time": 0.006, "Actual Total Time": 0.006, "Actual Rows": 1, "Actual Loops": 37, "Index Cond": "(id = mk.keyword_id)", "Rows Removed by Index Recheck": 0, "Heap Fetches": 37}]}]}]}]}, "Planning Time": 97.676, "Triggers": [], "Execution Time": 828.018}]
[{"Bao": {"Bao prediction": 455.645, "Bao recommended hint": "(no hint)"}}, {"Plan": {"Node Type": "Aggregate", "Strategy": "Plain", "Partial Mode": "Finalize", "Parallel Aware": false, "Startup Cost": 50226.76, "Total Cost": 50226.77, "Plan Rows": 1, "Plan Width": 8, "Actual Startup Time": 231.106, "Actual Total Time": 234.968, "Actual Rows": 1, "Actual Loops": 1, "Plans": [{"Node Type": "Gather", "Parent Relationship": "Outer", "Parallel Aware": false, "Startup Cost": 50226.55, "Total Cost": 50226.76, "Plan Rows": 2, "Plan Width": 8, "Actual Startup Time": 230.658, "Actual Total Time": 234.963, "Actual Rows": 3, "Actual Loops": 1, "Workers Planned": 2, "Workers Launched": 2, "Single Copy": false, "Plans": [{"Node Type": "Aggregate", "Strategy": "Plain", "Partial Mode": "Partial", "Parent Relationship": "Outer", "Parallel Aware": false, "Startup Cost": 49226.55, "Total Cost": 49226.56, "Plan Rows": 1, "Plan Width": 8, "Actual Startup Time": 228.256, "Actual Total Time": 228.261, "Actual Rows": 1, "Actual Loops": 3, "Plans": [{"Node Type": "Nested Loop", "Parent Relationship": "Outer", "Parallel Aware": false, "Join Type": "Inner", "Startup Cost": 33908.15, "Total Cost": 49226.49, "Plan Rows": 23, "Plan Width": 0, "Actual Startup Time": 228.222, "Actual Total Time": 228.258, "Actual Rows": 1, "Actual Loops": 3, "Inner Unique": true, "Plans": [{"Node Type": "Hash Join", "Parent Relationship": "Outer", "Parallel Aware": true, "Join Type": "Inner", "Startup Cost": 33907.72, "Total Cost": 49178.32, "Plan Rows": 82, "Plan Width": 8, "Actual Startup Time": 228.206, "Actual Total Time": 228.243, "Actual Rows": 2, "Actual Loops": 3, "Inner Unique": false, "Hash Cond": "(mi_idx.movie_id = mc.movie_id)", "Plans": [{"Node Type": "Hash Join", "Parent Relationship": "Outer", "Parallel Aware": false, "Join Type": "Inner", "Startup Cost": 2.43, "Total Cost": 15253.6, "Plan Rows": 5089, "Plan Width": 4, "Actual Startup Time": 63.477, "Actual Total Time": 63.48, "Actual Rows": 3, "Actual Loops": 3, "Inner Unique": true, "Hash Cond": "(mi_idx.info_type_id = it.id)", "Plans": [{"Node Type": "Seq Scan", "Parent Relationship": "Outer", "Parallel Aware": true, "Relation Name": "movie_info_idx", "Alias": "mi_idx", "Startup Cost": 0.0, "Total Cost": 13685.15, "Plan Rows": 575015, "Plan Width": 8, "Actual Startup Time": 0.007, "Actual Total Time": 31.639, "Actual Rows": 460012, "Actual Loops": 3}, {"Node Type": "Hash", "Parent Relationship": "Inner", "Parallel Aware": false, "Startup Cost": 2.41, "Total Cost": 2.41, "Plan Rows": 1, "Plan Width": 4, "Actual Startup Time": 0.02, "Actual Total Time": 0.021, "Actual Rows": 1, "Actual Loops": 3, "Hash Buckets": 1024, "Original Hash Buckets": 1024, "Hash Batches": 1, "Original Hash Batches": 1, "Peak Memory Usage": 9, "Plans": [{"Node Type": "Seq Scan", "Parent Relationship": "Outer", "Parallel Aware": false, "Relation Name": "info_type", "Alias": "it", "Startup Cost": 0.0, "Total Cost": 2.41, "Plan Rows": 1, "Plan Width": 4, "Actual Startup Time": 0.018, "Actual Total Time": 0.018, "Actual Rows": 1, "Actual Loops": 3, "Filter": "((info)::text = 'bottom 10 rank'::text)", "Rows Removed by Filter": 112}]}]}, {"Node Type": "Hash", "Parent Relationship": "Inner", "Parallel Aware": true, "Startup Cost": 33866.15, "Total Cost": 33866.15, "Plan Rows": 3132, "Plan Width": 4, "Actual Startup Time": 164.489, "Actual Total Time": 164.49, "Actual Rows": 46968, "Actual Loops": 3, "Hash Buckets": 262144, "Original Hash Buckets": 8192, "Hash Batches": 1, "Original Hash Batches": 1, "Peak Memory Usage": 9568, "Plans": [{"Node Type": "Hash Join", "Parent Relationship": "Outer", "Parallel Aware": false, "Join Type": "Inner", "Startup Cost": 18.93, "Total Cost": 33866.15, "Plan Rows": 3132, "Plan Width": 4, "Actual Startup Time": 106.132, "Actual Total Time": 149.676, "Actual Rows": 46968, "Actual Loops": 3, "Inner Unique": true, "Hash Cond": "(mc.company_type_id = ct.id)", "Plans": [{"Node Type": "Seq Scan", "Parent Relationship": "Outer", "Parallel Aware": true, "Relation Name": "movie_companies", "Alias": "mc", "Startup Cost": 0.0, "Total Cost": 32379.21, "Plan Rows": 555923, "Plan Width": 8, "Actual Startup Time": 0.018, "Actual Total Time": 121.742, "Actual Rows": 445696, "Actual Loops": 3, "Filter": "((note)::text !~~ '%(as Metro-Goldwyn-Mayer Pictures)%'::text)", "Rows Removed by Filter": 424014}, {"Node Type": "Hash", "Parent Relationship": "Inner", "Parallel Aware": false, "Startup Cost": 18.88, "Total Cost": 18.88, "Plan Rows": 4, "Plan Width": 4, "Actual Startup Time": 0.017, "Actual Total Time": 0.017, "Actual Rows": 1, "Actual Loops": 3, "Hash Buckets": 1024, "Original Hash Buckets": 1024, "Hash Batches": 1, "Original Hash Batches": 1, "Peak Memory Usage": 9, "Plans": [{"Node Type": "Seq Scan", "Parent Relationship": "Outer", "Parallel Aware": false, "Relation Name": "company_type", "Alias": "ct", "Startup Cost": 0.0, "Total Cost": 18.88, "Plan Rows": 4, "Plan Width": 4, "Actual Startup Time": 0.013, "Actual Total Time": 0.014, "Actual Rows": 1, "Actual Loops": 3, "Filter": "((kind)::text = 'production companies'::text)", "Rows Removed by Filter": 3}]}]}]}]}, {"Node Type": "Index Scan", "Parent Relationship": "Inner", "Parallel Aware": false, "Scan Direction": "Forward", "Index Name": "title_pkey", "Relation Name": "title", "Alias": "t", "Startup Cost": 0.43, "Total Cost": 0.59, "Plan Rows": 1, "Plan Width": 4, "Actual Startup Time": 0.007, "Actual Total Time": 0.007, "Actual Rows": 1, "Actual Loops": 5, "Index Cond": "(id = mc.movie_id)", "Rows Removed by Index Recheck": 0, "Filter": "((production_year >= 2005) AND (production_year <= 2010))", "Rows Removed by Filter": 0}]}]}]}]}, "Planning Time": 79.383, "Triggers": [], "Execution Time": 235.039}]
[{"Bao": {"Bao prediction": 485.111, "Bao recommended hint": "(no hint)"}}, {"Plan": {"Node Type": "Aggregate", "Strategy": "Plain", "Partial Mode": "Finalize", "Parallel Aware": false, "Startup Cost": 67996.0, "Total Cost": 67996.01, "Plan Rows": 1, "Plan Width": 8, "Actual Startup Time": 405.485, "Actual Total Time": 412.177, "Actual Rows": 1, "Actual Loops": 1, "Plans": [{"Node Type": "Gather", "Parent Relationship": "Outer", "Parallel Aware": false, "Startup Cost": 67995.78, "Total Cost": 67995.99, "Plan Rows": 2, "Plan Width": 8, "Actual Startup Time": 405.333, "Actual Total Time": 412.172, "Actual Rows": 3, "Actual Loops": 1, "Workers Planned": 2, "Workers Launched": 2, "Single Copy": false, "Plans": [{"Node Type": "Aggregate", "Strategy": "Plain", "Partial Mode": "Partial", "Parent Relationship": "Outer", "Parallel Aware": false, "Startup Cost": 66995.78, "Total Cost": 66995.79, "Plan Rows": 1, "Plan Width": 8, "Actual Startup Time": 402.855, "Actual Total Time": 402.859, "Actual Rows": 1, "Actual Loops": 3, "Plans": [{"Node Type": "Nested Loop", "Parent Relationship": "Outer", "Parallel Aware": false, "Join Type": "Inner", "Startup Cost": 50883.33, "Total Cost": 66995.78, "Plan Rows": 2, "Plan Width": 0, "Actual Startup Time": 282.131, "Actual Total Time": 402.755, "Actual Rows": 1567, "Actual Loops": 3, "Inner Unique": true, "Join Filter": "(mi_idx.movie_id = t.id)", "Rows Removed by Join Filter": 0, "Plans": [{"Node Type": "Hash Join", "Parent Relationship": "Outer", "Parallel Aware": true, "Join Type": "Inner", "Startup Cost": 50882.9, "Total Cost": 66994.27, "Plan Rows": 3, "Plan Width": 8, "Actual Startup Time": 282.114, "Actual Total Time": 395.721, "Actual Rows": 2697, "Actual Loops": 3, "Inner Unique": false, "Hash Cond": "(mi_idx.movie_id = mk.movie_id)", "Plans": [{"Node Type": "Hash Join", "Parent Relationship": "Outer", "Parallel Aware": false, "Join Type": "Inner", "Startup Cost": 2.43, "Total Cost": 16101.88, "Plan Rows": 3174, "Plan Width": 4, "Actual Startup Time": 0.083, "Actual Total Time": 100.966, "Actual Rows": 149656, "Actual Loops": 3, "Inner Unique": true, "Hash Cond": "(mi_idx.info_type_id = it.id)", "Plans": [{"Node Type": "Seq Scan", "Parent Relationship": "Outer", "Parallel Aware": true, "Relation Name": "movie_info_idx", "Alias": "mi_idx", "Startup Cost": 0.0, "Total Cost": 15122.68, "Plan Rows": 358654, "Plan Width": 8, "Actual Startup Time": 0.03, "Actual Total Time": 73.861, "Actual Rows": 287152, "Actual Loops": 3, "Filter": "((info)::text > '2.0'::text)", "Rows Removed by Filter": 172860}, {"Node Type": "Hash", "Parent Relationship": "Inner", "Parallel Aware": false, "Startup Cost": 2.41, "Total Cost": 2.41, "Plan Rows": 1, "Plan Width": 4, "Actual Startup Time": 0.03, "Actual Total Time": 0.03, "Actual Rows": 1, "Actual Loops": 3, "Hash Buckets": 1024, "Original Hash Buckets": 1024, "Hash Batches": 1, "Original Hash Batches": 1, "Peak Memory Usage": 9, "Plans": [{"Node Type": "Seq Scan", "Parent Relationship": "Outer", "Parallel Aware": false, "Relation Name": "info_type", "Alias": "it", "Startup Cost": 0.0, "Total Cost": 2.41, "Plan Rows": 1, "Plan Width": 4, "Actual Startup Time": 0.026, "Actual Total Time": 0.028, "Actual Rows": 1, "Actual Loops": 3, "Filter": "((info)::text = 'rating'::text)", "Rows Removed by Filter": 112}]}]}, {"Node Type": "Hash", "Parent Relationship": "Inner", "Parallel Aware": true, "Startup Cost": 50878.2, "Total Cost": 50878.2, "Plan Rows": 182, "Plan Width": 4, "Actual Startup Time": 281.05, "Actual Total Time": 281.052, "Actual Rows": 4317, "Actual Loops": 3, "Hash Buckets": 16384, "Original Hash Buckets": 1024, "Hash Batches": 1, "Original Hash Batches": 1, "Peak Memory Usage": 760, "Plans": [{"Node Type": "Hash Join", "Parent Relationship": "Outer", "Parallel Aware": false, "Join Type": "Inner", "Startup Cost": 2626.29, "Total Cost": 50878.2, "Plan Rows": 182, "Plan Width": 4, "Actual Startup Time": 19.807, "Actual Total Time": 228.363, "Actual Rows": 4317, "Actual Loops": 3, "Inner Unique": true, "Hash Cond": "(mk.keyword_id = k.id)", "Plans": [{"Node Type": "Seq Scan", "Parent Relationship": "Outer", "Parallel Aware": true, "Relation Name": "movie_keyword", "Alias": "mk", "Startup Cost": 0.0, "Total Cost": 43303.71, "Plan Rows": 1884971, "Plan Width": 8, "Actual Startup Time": 0.01, "Actual Total Time": 103.361, "Actual Rows": 1507977, "Actual Loops": 3}, {"Node Type": "Hash", "Parent Relationship": "Inner", "Parallel Aware": false, "Startup Cost": 2626.12, "Total Cost": 2626.12, "Plan Rows": 13, "Plan Width": 4, "Actual Startup Time": 19.66, "Actual Total Time": 19.66, "Actual Rows": 30, "Actual Loops": 3, "Hash Buckets": 1024, "Original Hash Buckets": 1024, "Hash Batches": 1, "Original Hash Batches": 1, "Peak Memory Usage": 10, "Plans": [{"Node Type": "Seq Scan", "Parent Relationship": "Outer", "Parallel Aware": false, "Relation Name": "keyword", "Alias": "k", "Startup Cost": 0.0, "Total Cost": 2626.12, "Plan Rows": 13, "Plan Width": 4, "Actual Startup Time": 1.205, "Actual Total Time": 19.641, "Actual Rows": 30, "Actual Loops": 3, "Filter": "((keyword)::text ~~ '%sequel%'::text)", "Rows Removed by Filter": 134140}]}]}]}]}, {"Node Type": "Index Scan", "Parent Relationship": "Inner", "Parallel Aware": false, "Scan Direction": "Forward", "Index Name": "title_pkey", "Relation Name": "title", "Alias": "t", "Startup Cost": 0.43, "Total Cost": 0.49, "Plan Rows": 1, "Plan Width": 4, "Actual Startup Time": 0.002, "Actual Total Time": 0.002, "Actual Rows": 1, "Actual Loops": 8092, "Index Cond": "(id = mk.movie_id)", "Rows Removed by Index Recheck": 0, "Filter": "(production_year > 1990)", "Rows Removed by Filter": 0}]}]}]}]}, "Planning Time": 77.614, "Triggers": [], "Execution Time": 412.249}]
[{"Bao": {"Bao prediction": 2033.179, "Bao recommended hint": "(no hint)"}}, {"Plan": {"Node Type": "Aggregate", "Strategy": "Plain", "Partial Mode": "Finalize", "Parallel Aware": false, "Startup Cost": 406345.85, "Total Cost": 406345.86, "Plan Rows": 1, "Plan Width": 8, "Actual Startup Time": 3649.019, "Actual Total Time": 3680.112, "Actual Rows": 1, "Actual Loops": 1, "Plans": [{"Node Type": "Gather", "Parent Relationship": "Outer", "Parallel Aware": false, "Startup Cost": 406345.63, "Total Cost": 406345.84, "Plan Rows": 2, "Plan Width": 8, "Actual Startup Time": 3647.228, "Actual Total Time": 3680.106, "Actual Rows": 3, "Actual Loops": 1, "Workers Planned": 2, "Workers Launched": 2, "Single Copy": false, "Plans": [{"Node Type": "Aggregate", "Strategy": "Plain", "Partial Mode": "Partial", "Parent Relationship": "Outer", "Parallel Aware": false, "Startup Cost": 405345.63, "Total Cost": 405345.64, "Plan Rows": 1, "Plan Width": 8, "Actual Startup Time": 3644.244, "Actual Total Time": 3644.255, "Actual Rows": 1, "Actual Loops": 3, "Plans": [{"Node Type": "Nested Loop", "Parent Relationship": "Outer", "Parallel Aware": false, "Join Type": "Inner", "Startup Cost": 354973.24, "Total Cost": 405345.63, "Plan Rows": 1, "Plan Width": 0, "Actual Startup Time": 1984.927, "Actual Total Time": 3643.881, "Actual Rows": 7163, "Actual Loops": 3, "Inner Unique": true, "Plans": [{"Node Type": "Hash Join", "Parent Relationship": "Outer", "Parallel Aware": true, "Join Type": "Inner", "Startup Cost": 354972.82, "Total Cost": 405345.18, "Plan Rows": 1, "Plan Width": 4, "Actual Startup Time": 1977.393, "Actual Total Time": 2276.514, "Actual Rows": 870324, "Actual Loops": 3, "Inner Unique": false, "Hash Cond": "(mk.movie_id = t.id)", "Plans": [{"Node Type": "Seq Scan", "Parent Relationship": "Outer", "Parallel Aware": true, "Relation Name": "movie_keyword", "Alias": "mk", "Startup Cost": 0.0, "Total Cost": 43303.71, "Plan Rows": 1884971, "Plan Width": 8, "Actual Startup Time": 0.017, "Actual Total Time": 97.327, "Actual Rows": 1507977, "Actual Loops": 3}, {"Node Type": "Hash", "Parent Relationship": "Inner", "Parallel Aware": true, "Startup Cost": 354972.8, "Total Cost": 354972.8, "Plan Rows": 1, "Plan Width": 16, "Actual Startup Time": 1976.923, "Actual Total Time": 1976.932, "Actual Rows": 11977, "Actual Loops": 3, "Hash Buckets": 65536, "Original Hash Buckets": 1024, "Hash Batches": 1, "Original Hash Batches": 1, "Peak Memory Usage": 2744, "Plans": [{"Node Type": "Nested Loop", "Parent Relationship": "Outer", "Parallel Aware": false, "Join Type": "Inner", "Startup Cost": 319642.11, "Total Cost": 354972.8, "Plan Rows": 1, "Plan Width": 16, "Actual Startup Time": 1652.152, "Actual Total Time": 1953.617, "Actual Rows": 11977, "Actual Loops": 3, "Inner Unique": true, "Plans": [{"Node Type": "Nested Loop", "Parent Relationship": "Outer", "Parallel Aware": false, "Join Type": "Inner", "Startup Cost": 319641.96, "Total Cost": 354972.64, "Plan Rows": 1, "Plan Width": 20, "Actual Startup Time": 1652.138, "Actual Total Time": 1941.722, "Actual Rows": 11977, "Actual Loops": 3, "Inner Unique": true, "Plans": [{"Node Type": "Nested Loop", "Parent Relationship": "Outer", "Parallel Aware": false, "Join Type": "Inner", "Startup Cost": 319641.54, "Total Cost": 354972.08, "Plan Rows": 1, "Plan Width": 24, "Actual Startup Time": 1652.123, "Actual Total Time": 1915.35, "Actual Rows": 13444, "Actual Loops": 3, "Inner Unique": true, "Plans": [{"Node Type": "Nested Loop", "Parent Relationship": "Outer", "Parallel Aware": false, "Join Type": "Inner", "Startup Cost": 319641.39, "Total Cost": 354970.55, "Plan Rows": 9, "Plan Width": 28, "Actual Startup Time": 1651.97, "Actual Total Time": 1898.004, "Actual Rows": 16731, "Actual Loops": 3, "Inner Unique": true, "Join Filter": "(mi.movie_id = t.id)", "Rows Removed by Join Filter": 0, "Plans": [{"Node Type": "Hash Join", "Parent Relationship": "Outer", "Parallel Aware": true, "Join Type": "Inner", "Startup Cost": 319640.96, "Total Cost": 354957.43, "Plan Rows": 22, "Plan Width": 20, "Actual Startup Time": 1651.942, "Actual Total Time": 1807.644, "Actual Rows": 42758, "Actual Loops": 3, "Inner Unique": false, "Hash Cond": "(mc.movie_id = mi.movie_id)", "Plans": [{"Node Type": "Seq Scan", "Parent Relationship": "Outer", "Parallel Aware": true, "Relation Name": "movie_companies", "Alias": "mc", "Startup Cost": 0.0, "Total Cost": 35097.06, "Plan Rows": 58487, "Plan Width": 12, "Actual Startup Time": 0.025, "Actual Total Time": 130.339, "Actual Rows": 101090, "Actual Loops": 3, "Filter": "(((note)::text !~~ '%(USA)%'::text) AND ((note)::text ~~ '%(200%)%'::text))", "Rows Removed by Filter": 768619}, {"Node Type": "Hash", "Parent Relationship": "Inner", "Parallel Aware": true, "Startup Cost": 319640.04, "Total Cost": 319640.04, "Plan Rows": 74, "Plan Width": 8, "Actual Startup Time": 1651.817, "Actual Total Time": 1651.822, "Actual Rows": 71080, "Actual Loops": 3, "Hash Buckets": 262144, "Original Hash Buckets": 1024, "Hash Batches": 1, "Original Hash Batches": 1, "Peak Memory Usage": 12472, "Plans": [{"Node Type": "Hash Join", "Parent Relationship": "Outer", "Parallel Aware": true, "Join Type": "Inner", "Startup Cost": 16717.75, "Total Cost": 319640.04, "Plan Rows": 74, "Plan Width": 8, "Actual Startup Time": 1558.104, "Actual Total Time": 1623.069, "Actual Rows": 71080, "Actual Loops": 3, "Inner Unique": false, "Hash Cond": "(mi.movie_id = mi_idx.movie_id)", "Plans": [{"Node Type": "Hash Join", "Parent Relationship": "Outer", "Parallel Aware": false, "Join Type": "Inner", "Startup Cost": 2.43, "Total Cost": 302913.76, "Plan Rows": 2837, "Plan Width": 4, "Actual Startup Time": 1057.78, "Actual Total Time": 1366.238, "Actual Rows": 204750, "Actual Loops": 3, "Inner Unique": true, "Hash Cond": "(mi.info_type_id = it1.id)", "Plans": [{"Node Type": "Seq Scan", "Parent Relationship": "Outer", "Parallel Aware": true, "Relation Name": "movie_info", "Alias": "mi", "Startup Cost": 0.0, "Total Cost": 302038.28, "Plan Rows": 320570, "Plan Width": 8, "Actual Startup Time": 0.577, "Actual Total Time": 1336.179, "Actual Rows": 238737, "Actual Loops": 3, "Filter": "((info)::text = ANY ('{Sweden,Norway,Germany,Denmark,Swedish,Danish,Norwegian,German,USA,American}'::text[]))", "Rows Removed by Filter": 4706503}, {"Node Type": "Hash", "Parent Relationship": "Inner", "Parallel Aware": false, "Startup Cost": 2.41, "Total Cost": 2.41, "Plan Rows": 1, "Plan Width": 4, "Actual Startup Time": 0.013, "Actual Total Time": 0.014, "Actual Rows": 1, "Actual Loops": 3, "Hash Buckets": 1024, "Original Hash Buckets": 1024, "Hash Batches": 1, "Original Hash Batches": 1, "Peak Memory Usage": 9, "Plans": [{"Node Type": "Seq Scan", "Parent Relationship": "Outer", "Parallel Aware": false, "Relation Name": "info_type", "Alias": "it1", "Startup Cost": 0.0, "Total Cost": 2.41, "Plan Rows": 1, "Plan Width": 4, "Actual Startup Time": 0.006, "Actual Total Time": 0.012, "Actual Rows": 1, "Actual Loops": 3, "Filter": "((info)::text = 'countries'::text)", "Rows Removed by Filter": 112}]}]}, {"Node Type": "Hash", "Parent Relationship": "Inner", "Parallel Aware": true, "Startup Cost": 16653.27, "Total Cost": 16653.27, "Plan Rows": 4965, "Plan Width": 4, "Actual Startup Time": 159.543, "Actual Total Time": 159.545, "Actual Rows": 151410, "Actual Loops": 3, "Hash Buckets": 131072, "Original Hash Buckets": 16384, "Hash Batches": 8, "Original Hash Batches": 1, "Peak Memory Usage": 3328, "Plans": [{"Node Type": "Hash Join", "Parent Relationship": "Outer", "Parallel Aware": false, "Join Type": "Inner", "Startup Cost": 2.43, "Total Cost": 16653.27, "Plan Rows": 4965, "Plan Width": 4, "Actual Startup Time": 0.051, "Actual Total Time": 117.846, "Actual Rows": 151410, "Actual Loops": 3, "Inner Unique": true, "Hash Cond": "(mi_idx.info_type_id = it2.id)", "Plans": [{"Node Type": "Seq Scan", "Parent Relationship": "Outer", "Parallel Aware": true, "Relation Name": "movie_info_idx", "Alias": "mi_idx", "Startup Cost": 0.0, "Total Cost": 15122.68, "Plan Rows": 561109, "Plan Width": 8, "Actual Startup Time": 0.017, "Actual Total Time": 79.987, "Actual Rows": 447629, "Actual Loops": 3, "Filter": "((info)::text < '8.5'::text)", "Rows Removed by Filter": 12383}, {"Node Type": "Hash", "Parent Relationship": "Inner", "Parallel Aware": false, "Startup Cost": 2.41, "Total Cost": 2.41, "Plan Rows": 1, "Plan Width": 4, "Actual Startup Time": 0.024, "Actual Total Time": 0.024, "Actual Rows": 1, "Actual Loops": 3, "Hash Buckets": 1024, "Original Hash Buckets": 1024, "Hash Batches": 1, "Original Hash Batches": 1, "Peak Memory Usage": 9, "Plans": [{"Node Type": "Seq Scan", "Parent Relationship": "Outer", "Parallel Aware": false, "Relation Name": "info_type", "Alias": "it2", "Startup Cost": 0.0, "Total Cost": 2.41, "Plan Rows": 1, "Plan Width": 4, "Actual Startup Time": 0.02, "Actual Total Time": 0.021, "Actual Rows": 1, "Actual Loops": 3, "Filter": "((info)::text = 'rating'::text)", "Rows Removed by Filter": 112}]}]}]}]}]}]}, {"Node Type": "Index Scan", "Parent Relationship": "Inner", "Parallel Aware": false, "Scan Direction": "Forward", "Index Name": "title_pkey", "Relation Name": "title", "Alias": "t", "Startup Cost": 0.43, "Total Cost": 0.58, "Plan Rows": 1, "Plan Width": 8, "Actual Startup Time": 0.002, "Actual Total Time": 0.002, "Actual Rows": 0, "Actual Loops": 128275, "Index Cond": "(id = mi_idx.movie_id)", "Rows Removed by Index Recheck": 0, "Filter": "(production_year > 2005)", "Rows Removed by Filter": 1}]}, {"Node Type": "Index Scan", "Parent Relationship": "Inner", "Parallel Aware": false, "Scan Direction": "Forward", "Index Name": "kind_type_pkey", "Relation Name": "kind_type", "Alias": "kt", "Startup Cost": 0.15, "Total Cost": 0.17, "Plan Rows": 1, "Plan Width": 4, "Actual Startup Time": 0.001, "Actual Total Time": 0.001, "Actual Rows": 1, "Actual Loops": 50194, "Index Cond": "(id = t.kind_id)", "Rows Removed by Index Recheck": 0, "Filter": "((kind)::text = ANY ('{movie,episode}'::text[]))", "Rows Removed by Filter": 0}]}, {"Node Type": "Index Scan", "Parent Relationship": "Inner", "Parallel Aware": false, "Scan Direction": "Forward", "Index Name": "company_name_pkey", "Relation Name": "company_name", "Alias": "cn", "Startup Cost": 0.42, "Total Cost": 0.55, "Plan Rows": 1, "Plan Width": 4, "Actual Startup Time": 0.002, "Actual Total Time": 0.002, "Actual Rows": 1, "Actual Loops": 40333, "Index Cond": "(id = mc.company_id)", "Rows Removed by Index Recheck": 0, "Filter": "((country_code)::text <> '[us]'::text)", "Rows Removed by Filter": 0}]}, {"Node Type": "Index Only Scan", "Parent Relationship": "Inner", "Parallel Aware": false, "Scan Direction": "Forward", "Index Name": "company_type_pkey", "Relation Name": "company_type", "Alias": "ct", "Startup Cost": 0.15, "Total Cost": 0.17, "Plan Rows": 1, "Plan Width": 4, "Actual Startup Time": 0.001, "Actual Total Time": 0.001, "Actual Rows": 1, "Actual Loops": 35930, "Index Cond": "(id = mc.company_type_id)", "Rows Removed by Index Recheck": 0, "Heap Fetches": 35930}]}]}]}, {"Node Type": "Index Scan", "Parent Relationship": "Inner", "Parallel Aware": false, "Scan Direction": "Forward", "Index Name": "keyword_pkey", "Relation Name": "keyword", "Alias": "k", "Startup Cost": 0.42, "Total Cost": 0.44, "Plan Rows": 1, "Plan Width": 4, "Actual Startup Time": 0.001, "Actual Total Time": 0.001, "Actual Rows": 0, "Actual Loops": 2610972, "Index Cond": "(id = mk.keyword_id)", "Rows Removed by Index Recheck": 0, "Filter": "((keyword)::text = ANY ('{murder,murder-in-title,blood,violence}'::text[]))", "Rows Removed by Filter": 1}]}]}]}]}, "Planning Time": 134.575, "Triggers": [], "Execution Time": 3680.238}]
[{"Bao": {"Bao prediction": 2023.406, "Bao recommended hint": "(no hint)"}}, {"Plan": {"Node Type": "Aggregate", "Strategy": "Plain", "Partial Mode": "Simple", "Parallel Aware": false, "Startup Cost": 290312.19, "Total Cost": 290312.2, "Plan Rows": 1, "Plan Width": 8, "Actual Startup Time": 3337.251, "Actual Total Time": 3369.148, "Actual Rows": 1, "Actual Loops": 1, "Plans": [{"Node Type": "Nested Loop", "Parent Relationship": "Outer", "Parallel Aware": false, "Join Type": "Inner", "Startup Cost": 48897.35, "Total Cost": 290312.19, "Plan Rows": 1, "Plan Width": 0, "Actual Startup Time": 1676.736, "Actual Total Time": 3369.095, "Actual Rows": 372, "Actual Loops": 1, "Inner Unique": true, "Plans": [{"Node Type": "Nested Loop", "Parent Relationship": "Outer", "Parallel Aware": false, "Join Type": "Inner", "Startup Cost": 48897.2, "Total Cost": 290311.88, "Plan Rows": 1, "Plan Width": 4, "Actual Startup Time": 1636.733, "Actual Total Time": 3368.425, "Actual Rows": 563, "Actual Loops": 1, "Inner Unique": true, "Plans": [{"Node Type": "Gather", "Parent Relationship": "Outer", "Parallel Aware": false, "Startup Cost": 48896.78, "Total Cost": 290311.43, "Plan Rows": 1, "Plan Width": 8, "Actual Startup Time": 1599.235, "Actual Total Time": 3366.3, "Actual Rows": 926, "Actual Loops": 1, "Workers Planned": 2, "Workers Launched": 2, "Single Copy": false, "Plans": [{"Node Type": "Nested Loop", "Parent Relationship": "Outer", "Parallel Aware": false, "Join Type": "Inner", "Startup Cost": 47896.78, "Total Cost": 289311.33, "Plan Rows": 1, "Plan Width": 8, "Actual Startup Time": 1597.025, "Actual Total Time": 3331.603, "Actual Rows": 309, "Actual Loops": 3, "Inner Unique": true, "Plans": [{"Node Type": "Hash Join", "Parent Relationship": "Outer", "Parallel Aware": true, "Join Type": "Inner", "Startup Cost": 47896.35, "Total Cost": 289289.85, "Plan Rows": 46, "Plan Width": 16, "Actual Startup Time": 1590.397, "Actual Total Time": 1858.666, "Actual Rows": 834997, "Actual Loops": 3, "Inner Unique": false, "Hash Cond": "(mi.movie_id = mc.movie_id)", "Plans": [{"Node Type": "Hash Join", "Parent Relationship": "Outer", "Parallel Aware": false, "Join Type": "Inner", "Startup Cost": 2.43, "Total Cost": 241189.17, "Plan Rows": 55082, "Plan Width": 4, "Actual Startup Time": 238.854, "Actual Total Time": 916.664, "Actual Rows": 1012240, "Actual Loops": 3, "Inner Unique": true, "Hash Cond": "(mi.info_type_id = it2.id)", "Plans": [{"Node Type": "Seq Scan", "Parent Relationship": "Outer", "Parallel Aware": true, "Relation Name": "movie_info", "Alias": "mi", "Startup Cost": 0.0, "Total Cost": 224235.35, "Plan Rows": 6224235, "Plan Width": 8, "Actual Startup Time": 0.019, "Actual Total Time": 435.026, "Actual Rows": 4945240, "Actual Loops": 3}, {"Node Type": "Hash", "Parent Relationship": "Inner", "Parallel Aware": false, "Startup Cost": 2.41, "Total Cost": 2.41, "Plan Rows": 1, "Plan Width": 4, "Actual Startup Time": 0.018, "Actual Total Time": 0.019, "Actual Rows": 1, "Actual Loops": 3, "Hash Buckets": 1024, "Original Hash Buckets": 1024, "Hash Batches": 1, "Original Hash Batches": 1, "Peak Memory Usage": 9, "Plans": [{"Node Type": "Seq Scan", "Parent Relationship": "Outer", "Parallel Aware": false, "Relation Name": "info_type", "Alias": "it2", "Startup Cost": 0.0, "Total Cost": 2.41, "Plan Rows": 1, "Plan Width": 4, "Actual Startup Time": 0.011, "Actual Total Time": 0.017, "Actual Rows": 1, "Actual Loops": 3, "Filter": "((info)::text = 'release dates'::text)", "Rows Removed by Filter": 112}]}]}, {"Node Type": "Hash", "Parent Relationship": "Inner", "Parallel Aware": true, "Startup Cost": 47891.91, "Total Cost": 47891.91, "Plan Rows": 161, "Plan Width": 12, "Actual Startup Time": 546.555, "Actual Total Time": 546.559, "Actual Rows": 194741, "Actual Loops": 3, "Hash Buckets": 65536, "Original Hash Buckets": 1024, "Hash Batches": 8, "Original Hash Batches": 1, "Peak Memory Usage": 4000, "Plans": [{"Node Type": "Hash Join", "Parent Relationship": "Outer", "Parallel Aware": true, "Join Type": "Inner", "Startup Cost": 15336.14, "Total Cost": 47891.91, "Plan Rows": 161, "Plan Width": 12, "Actual Startup Time": 388.885, "Actual Total Time": 492.823, "Actual Rows": 194741, "Actual Loops": 3, "Inner Unique": false, "Hash Cond": "(mc.movie_id = miidx.movie_id)", "Plans": [{"Node Type": "Hash Join", "Parent Relationship": "Outer", "Parallel Aware": false, "Join Type": "Inner", "Startup Cost": 18.93, "Total Cost": 32551.06, "Plan Rows": 6125, "Plan Width": 8, "Actual Startup Time": 71.29, "Actual Total Time": 193.766, "Actual Rows": 444961, "Actual Loops": 3, "Inner Unique": true, "Hash Cond": "(mc.company_type_id = ct.id)", "Plans": [{"Node Type": "Seq Scan", "Parent Relationship": "Outer", "Parallel Aware": true, "Relation Name": "movie_companies", "Alias": "mc", "Startup Cost": 0.0, "Total Cost": 29661.37, "Plan Rows": 1087137, "Plan Width": 12, "Actual Startup Time": 0.008, "Actual Total Time": 73.883, "Actual Rows": 869710, "Actual Loops": 3}, {"Node Type": "Hash", "Parent Relationship": "Inner", "Parallel Aware": false, "Startup Cost": 18.88, "Total Cost": 18.88, "Plan Rows": 4, "Plan Width": 4, "Actual Startup Time": 0.024, "Actual Total Time": 0.024, "Actual Rows": 1, "Actual Loops": 3, "Hash Buckets": 1024, "Original Hash Buckets": 1024, "Hash Batches": 1, "Original Hash Batches": 1, "Peak Memory Usage": 9, "Plans": [{"Node Type": "Seq Scan", "Parent Relationship": "Outer", "Parallel Aware": false, "Relation Name": "company_type", "Alias": "ct", "Startup Cost": 0.0, "Total Cost": 18.88, "Plan Rows": 4, "Plan Width": 4, "Actual Startup Time": 0.022, "Actual Total Time": 0.022, "Actual Rows": 1, "Actual Loops": 3, "Filter": "((kind)::text = 'production companies'::text)", "Rows Removed by Filter": 3}]}]}, {"Node Type": "Hash", "Parent Relationship": "Inner", "Parallel Aware": true, "Startup Cost": 15253.6, "Total Cost": 15253.6, "Plan Rows": 5089, "Plan Width": 4, "Actual Startup Time": 124.766, "Actual Total Time": 124.768, "Actual Rows": 153308, "Actual Loops": 3, "Hash Buckets": 131072, "Original Hash Buckets": 16384, "Hash Batches": 8, "Original Hash Batches": 1, "Peak Memory Usage": 3360, "Plans": [{"Node Type": "Hash Join", "Parent Relationship": "Outer", "Parallel Aware": false, "Join Type": "Inner", "Startup Cost": 2.43, "Total Cost": 15253.6, "Plan Rows": 5089, "Plan Width": 4, "Actual Startup Time": 0.052, "Actual Total Time": 83.711, "Actual Rows": 153308, "Actual Loops": 3, "Inner Unique": true, "Hash Cond": "(miidx.info_type_id = it.id)", "Plans": [{"Node Type": "Seq Scan", "Parent Relationship": "Outer", "Parallel Aware": true, "Relation Name": "movie_info_idx", "Alias": "miidx", "Startup Cost": 0.0, "Total Cost": 13685.15, "Plan Rows": 575015, "Plan Width": 8, "Actual Startup Time": 0.015, "Actual Total Time": 35.04, "Actual Rows": 460012, "Actual Loops": 3}, {"Node Type": "Hash", "Parent Relationship": "Inner", "Parallel Aware": false, "Startup Cost": 2.41, "Total Cost": 2.41, "Plan Rows": 1, "Plan Width": 4, "Actual Startup Time": 0.026, "Actual Total Time": 0.026, "Actual Rows": 1, "Actual Loops": 3, "Hash Buckets": 1024, "Original Hash Buckets": 1024, "Hash Batches": 1, "Original Hash Batches": 1, "Peak Memory Usage": 9, "Plans": [{"Node Type": "Seq Scan", "Parent Relationship": "Outer", "Parallel Aware": false, "Relation Name": "info_type", "Alias": "it", "Startup Cost": 0.0, "Total Cost": 2.41, "Plan Rows": 1, "Plan Width": 4, "Actual Startup Time": 0.022, "Actual Total Time": 0.024, "Actual Rows": 1, "Actual Loops": 3, "Filter": "((info)::text = 'rating'::text)", "Rows Removed by Filter": 112}]}]}]}]}]}]}, {"Node Type": "Index Scan", "Parent Relationship": "Inner", "Parallel Aware": false, "Scan Direction": "Forward", "Index Name": "title_pkey", "Relation Name": "title", "Alias": "t", "Startup Cost": 0.43, "Total Cost": 0.47, "Plan Rows": 1, "Plan Width": 8, "Actual Startup Time": 0.002, "Actual Total Time": 0.002, "Actual Rows": 0, "Actual Loops": 2504990, "Index Cond": "(id = mi.movie_id)", "Rows Removed by Index Recheck": 0, "Filter": "(((title)::text <> ''::text) AND (((title)::text ~~ '%Champion%'::text) OR ((title)::text ~~ '%Loser%'::text)))", "Rows Removed by Filter": 1}]}]}, {"Node Type": "Index Scan", "Parent Relationship": "Inner", "Parallel Aware": false, "Scan Direction": "Forward", "Index Name": "company_name_pkey", "Relation Name": "company_name", "Alias": "cn", "Startup Cost": 0.42, "Total Cost": 0.45, "Plan Rows": 1, "Plan Width": 4, "Actual Startup Time": 0.002, "Actual Total Time": 0.002, "Actual Rows": 1, "Actual Loops": 926, "Index Cond": "(id = mc.company_id)", "Rows Removed by Index Recheck": 0, "Filter": "((country_code)::text = '[us]'::text)", "Rows Removed by Filter": 0}]}, {"Node Type": "Index Scan", "Parent Relationship": "Inner", "Parallel Aware": false, "Scan Direction": "Forward", "Index Name": "kind_type_pkey", "Relation Name": "kind_type", "Alias": "kt", "Startup Cost": 0.15, "Total Cost": 0.27, "Plan Rows": 1, "Plan Width": 4, "Actual Startup Time": 0.001, "Actual Total Time": 0.001, "Actual Rows": 1, "Actual Loops": 563, "Index Cond": "(id = t.kind_id)", "Rows Removed by Index Recheck": 0, "Filter": "((kind)::text = 'movie'::text)", "Rows Removed by Filter": 0}]}]}, "Planning Time": 92.484, "Triggers": [], "Execution Time": 3369.232}]
[{"Bao": {"Bao prediction": 2326.227, "Bao recommended hint": "(no hint)"}}, {"Plan": {"Node Type": "Aggregate", "Strategy": "Plain", "Partial Mode": "Finalize", "Parallel Aware": false, "Startup Cost": 837833.47, "Total Cost": 837833.48, "Plan Rows": 1, "Plan Width": 8, "Actual Startup Time": 3637.73, "Actual Total Time": 3691.423, "Actual Rows": 1, "Actual Loops": 1, "Plans": [{"Node Type": "Gather", "Parent Relationship": "Outer", "Parallel Aware": false, "Startup Cost": 837833.25, "Total Cost": 837833.46, "Plan Rows": 2, "Plan Width": 8, "Actual Startup Time": 3636.148, "Actual Total Time": 3691.418, "Actual Rows": 3, "Actual Loops": 1, "Workers Planned": 2, "Workers Launched": 2, "Single Copy": false, "Plans": [{"Node Type": "Aggregate", "Strategy": "Plain", "Partial Mode": "Partial", "Parent Relationship": "Outer", "Parallel Aware": false, "Startup Cost": 836833.25, "Total Cost": 836833.26, "Plan Rows": 1, "Plan Width": 8, "Actual Startup Time": 3633.575, "Actual Total Time": 3633.582, "Actual Rows": 1, "Actual Loops": 3, "Plans": [{"Node Type": "Nested Loop", "Parent Relationship": "Outer", "Parallel Aware": false, "Join Type": "Inner", "Startup Cost": 786382.32, "Total Cost": 836833.25, "Plan Rows": 1, "Plan Width": 0, "Actual Startup Time": 2797.83, "Actual Total Time": 3632.959, "Actual Rows": 8718, "Actual Loops": 3, "Inner Unique": true, "Join Filter": "(mi.movie_id = t.id)", "Rows Removed by Join Filter": 0, "Plans": [{"Node Type": "Nested Loop", "Parent Relationship": "Outer", "Parallel Aware": false, "Join Type": "Inner", "Startup Cost": 786381.89, "Total Cost": 836832.4, "Plan Rows": 1, "Plan Width": 16, "Actual Startup Time": 2797.809, "Actual Total Time": 3613.625, "Actual Rows": 8718, "Actual Loops": 3, "Inner Unique": true, "Plans": [{"Node Type": "Hash Join", "Parent Relationship": "Outer", "Parallel Aware": true, "Join Type": "Inner", "Startup Cost": 786381.47, "Total Cost": 836754.32, "Plan Rows": 116, "Plan Width": 20, "Actual Startup Time": 2796.436, "Actual Total Time": 3061.402, "Actual Rows": 313684, "Actual Loops": 3, "Inner Unique": false, "Hash Cond": "(mk.movie_id = mi.movie_id)", "Plans": [{"Node Type": "Seq Scan", "Parent Relationship": "Outer", "Parallel Aware": true, "Relation Name": "movie_keyword", "Alias": "mk", "Startup Cost": 0.0, "Total Cost": 43303.71, "Plan Rows": 1884971, "Plan Width": 8, "Actual Startup Time": 0.016, "Actual Total Time": 100.647, "Actual Rows": 1507977, "Actual Loops": 3}, {"Node Type": "Hash", "Parent Relationship": "Inner", "Parallel Aware": true, "Startup Cost": 786381.34, "Total Cost": 786381.34, "Plan Rows": 10, "Plan Width": 12, "Actual Startup Time": 2794.918, "Actual Total Time": 2794.924, "Actual Rows": 9358, "Actual Loops": 3, "Hash Buckets": 32768, "Original Hash Buckets": 1024, "Hash Batches": 1, "Original Hash Batches": 1, "Peak Memory Usage": 1848, "Plans": [{"Node Type": "Nested Loop", "Parent Relationship": "Outer", "Parallel Aware": false, "Join Type": "Inner", "Startup Cost": 286435.79, "Total Cost": 786381.34, "Plan Rows": 10, "Plan Width": 12, "Actual Startup Time": 1852.815, "Actual Total Time": 2756.005, "Actual Rows": 9358, "Actual Loops": 3, "Inner Unique": true, "Plans": [{"Node Type": "Hash Join", "Parent Relationship": "Outer", "Parallel Aware": true, "Join Type": "Inner", "Startup Cost": 286435.36, "Total Cost": 786356.49, "Plan Rows": 23, "Plan Width": 16, "Actual Startup Time": 1852.675, "Actual Total Time": 2711.648, "Actual Rows": 18052, "Actual Loops": 3, "Inner Unique": false, "Hash Cond": "(ci.movie_id = mi.movie_id)", "Plans": [{"Node Type": "Seq Scan", "Parent Relationship": "Outer", "Parallel Aware": true, "Relation Name": "cast_info", "Alias": "ci", "Startup Cost": 0.0, "Total Cost": 497985.06, "Plan Rows": 516258, "Plan Width": 8, "Actual Startup Time": 103.23, "Actual Total Time": 1438.164, "Actual Rows": 414905, "Actual Loops": 3, "Filter": "((note)::text = ANY ('{(writer),\"(head writer)\",\"(written by)\",(story),\"(story editor)\"}'::text[]))", "Rows Removed by Filter": 11666543}, {"Node Type": "Hash", "Parent Relationship": "Inner", "Parallel Aware": true, "Startup Cost": 286435.15, "Total Cost": 286435.15, "Plan Rows": 17, "Plan Width": 8, "Actual Startup Time": 1212.142, "Actual Total Time": 1212.146, "Actual Rows": 34172, "Actual Loops": 3, "Hash Buckets": 131072, "Original Hash Buckets": 1024, "Hash Batches": 1, "Original Hash Batches": 1, "Peak Memory Usage": 6104, "Plans": [{"Node Type": "Hash Join", "Parent Relationship": "Outer", "Parallel Aware": true, "Join Type": "Inner", "Startup Cost": 15319.64, "Total Cost": 286435.15, "Plan Rows": 17, "Plan Width": 8, "Actual Startup Time": 1169.629, "Actual Total Time": 1197.48, "Actual Rows": 34172, "Actual Loops": 3, "Inner Unique": false, "Hash Cond": "(mi.movie_id = mi_idx.movie_id)", "Plans": [{"Node Type": "Hash Join", "Parent Relationship": "Outer", "Parallel Aware": false, "Join Type": "Inner", "Startup Cost": 2.43, "Total Cost": 271115.48, "Plan Rows": 637, "Plan Width": 4, "Actual Startup Time": 904.31, "Actual Total Time": 1030.924, "Actual Rows": 62198, "Actual Loops": 3, "Inner Unique": true, "Hash Cond": "(mi.info_type_id = it1.id)", "Plans": [{"Node Type": "Seq Scan", "Parent Relationship": "Outer", "Parallel Aware": true, "Relation Name": "movie_info", "Alias": "mi", "Startup Cost": 0.0, "Total Cost": 270917.11, "Plan Rows": 71947, "Plan Width": 8, "Actual Startup Time": 612.619, "Actual Total Time": 1022.13, "Actual Rows": 62990, "Actual Loops": 3, "Filter": "((info)::text = ANY ('{Horror,Action,Sci-Fi,Thriller,Crime,War}'::text[]))", "Rows Removed by Filter": 4882250}, {"Node Type": "Hash", "Parent Relationship": "Inner", "Parallel Aware": false, "Startup Cost": 2.41, "Total Cost": 2.41, "Plan Rows": 1, "Plan Width": 4, "Actual Startup Time": 0.017, "Actual Total Time": 0.017, "Actual Rows": 1, "Actual Loops": 3, "Hash Buckets": 1024, "Original Hash Buckets": 1024, "Hash Batches": 1, "Original Hash Batches": 1, "Peak Memory Usage": 9, "Plans": [{"Node Type": "Seq Scan", "Parent Relationship": "Outer", "Parallel Aware": false, "Relation Name": "info_type", "Alias": "it1", "Startup Cost": 0.0, "Total Cost": 2.41, "Plan Rows": 1, "Plan Width": 4, "Actual Startup Time": 0.009, "Actual Total Time": 0.015, "Actual Rows": 1, "Actual Loops": 3, "Filter": "((info)::text = 'genres'::text)", "Rows Removed by Filter": 112}]}]}, {"Node Type": "Hash", "Parent Relationship": "Inner", "Parallel Aware": true, "Startup Cost": 15253.6, "Total Cost": 15253.6, "Plan Rows": 5089, "Plan Width": 4, "Actual Startup Time": 124.456, "Actual Total Time": 124.457, "Actual Rows": 153308, "Actual Loops": 3, "Hash Buckets": 131072, "Original Hash Buckets": 16384, "Hash Batches": 8, "Original Hash Batches": 1, "Peak Memory Usage": 3360, "Plans": [{"Node Type": "Hash Join", "Parent Relationship": "Outer", "Parallel Aware": false, "Join Type": "Inner", "Startup Cost": 2.43, "Total Cost": 15253.6, "Plan Rows": 5089, "Plan Width": 4, "Actual Startup Time": 0.052, "Actual Total Time": 83.581, "Actual Rows": 153308, "Actual Loops": 3, "Inner Unique": true, "Hash Cond": "(mi_idx.info_type_id = it2.id)", "Plans": [{"Node Type": "Seq Scan", "Parent Relationship": "Outer", "Parallel Aware": true, "Relation Name": "movie_info_idx", "Alias": "mi_idx", "Startup Cost": 0.0, "Total Cost": 13685.15, "Plan Rows": 575015, "Plan Width": 8, "Actual Startup Time": 0.014, "Actual Total Time": 34.623, "Actual Rows": 460012, "Actual Loops": 3}, {"Node Type": "Hash", "Parent Relationship": "Inner", "Parallel Aware": false, "Startup Cost": 2.41, "Total Cost": 2.41, "Plan Rows": 1, "Plan Width": 4, "Actual Startup Time": 0.027, "Actual Total Time": 0.028, "Actual Rows": 1, "Actual Loops": 3, "Hash Buckets": 1024, "Original Hash Buckets": 1024, "Hash Batches": 1, "Original Hash Batches": 1, "Peak Memory Usage": 9, "Plans": [{"Node Type": "Seq Scan", "Parent Relationship": "Outer", "Parallel Aware": false, "Relation Name": "info_type", "Alias": "it2", "Startup Cost": 0.0, "Total Cost": 2.41, "Plan Rows": 1, "Plan Width": 4, "Actual Startup Time": 0.021, "Actual Total Time": 0.023, "Actual Rows": 1, "Actual Loops": 3, "Filter": "((info)::text = 'votes'::text)", "Rows Removed by Filter": 112}]}]}]}]}]}]}, {"Node Type": "Index Scan", "Parent Relationship": "Inner", "Parallel Aware": false, "Scan Direction": "Forward", "Index Name": "name_pkey", "Relation Name": "name", "Alias": "n", "Startup Cost": 0.43, "Total Cost": 1.08, "Plan Rows": 1, "Plan Width": 4, "Actual Startup Time": 0.002, "Actual Total Time": 0.002, "Actual Rows": 1, "Actual Loops": 54155, "Index Cond": "(id = ci.person_id)", "Rows Removed by Index Recheck": 0, "Filter": "((gender)::text = 'm'::text)", "Rows Removed by Filter": 0}]}]}]}, {"Node Type": "Index Scan", "Parent Relationship": "Inner", "Parallel Aware": false, "Scan Direction": "Forward", "Index Name": "keyword_pkey", "Relation Name": "keyword", "Alias": "k", "Startup Cost": 0.42, "Total Cost": 0.67, "Plan Rows": 1, "Plan Width": 4, "Actual Startup Time": 0.002, "Actual Total Time": 0.002, "Actual Rows": 0, "Actual Loops": 941053, "Index Cond": "(id = mk.keyword_id)", "Rows Removed by Index Recheck": 0, "Filter": "((keyword)::text = ANY ('{murder,violence,blood,gore,death,female-nudity,hospital}'::text[]))", "Rows Removed by Filter": 1}]}, {"Node Type": "Index Only Scan", "Parent Relationship": "Inner", "Parallel Aware": false, "Scan Direction": "Forward", "Index Name": "title_pkey", "Relation Name": "title", "Alias": "t", "Startup Cost": 0.43, "Total Cost": 0.84, "Plan Rows": 1, "Plan Width": 4, "Actual Startup Time": 0.002, "Actual Total Time": 0.002, "Actual Rows": 1, "Actual Loops": 26153, "Index Cond": "(id = mk.movie_id)", "Rows Removed by Index Recheck": 0, "Heap Fetches": 26153}]}]}]}]}, "Planning Time": 95.799, "Triggers": [], "Execution Time": 3691.525}]
[{"Bao": {"Bao prediction": 1654.684, "Bao recommended hint": "(no hint)"}}, {"Plan": {"Node Type": "Aggregate", "Strategy": "Plain", "Partial Mode": "Simple", "Parallel Aware": false, "Startup Cost": 371045.62, "Total Cost": 371045.63, "Plan Rows": 1, "Plan Width": 8, "Actual Startup Time": 2214.663, "Actual Total Time": 2244.872, "Actual Rows": 1, "Actual Loops": 1, "Plans": [{"Node Type": "Gather", "Parent Relationship": "Outer", "Parallel Aware": false, "Startup Cost": 320673.12, "Total Cost": 371045.61, "Plan Rows": 1, "Plan Width": 0, "Actual Startup Time": 1990.274, "Actual Total Time": 2244.817, "Actual Rows": 761, "Actual Loops": 1, "Workers Planned": 2, "Workers Launched": 2, "Single Copy": false, "Plans": [{"Node Type": "Nested Loop", "Parent Relationship": "Outer", "Parallel Aware": false, "Join Type": "Inner", "Startup Cost": 319673.12, "Total Cost": 370045.51, "Plan Rows": 1, "Plan Width": 0, "Actual Startup Time": 1988.34, "Actual Total Time": 2210.902, "Actual Rows": 254, "Actual Loops": 3, "Inner Unique": true, "Plans": [{"Node Type": "Hash Join", "Parent Relationship": "Outer", "Parallel Aware": true, "Join Type": "Inner", "Startup Cost": 319672.7, "Total Cost": 370045.06, "Plan Rows": 1, "Plan Width": 4, "Actual Startup Time": 1987.489, "Actual Total Time": 2164.655, "Actual Rows": 25223, "Actual Loops": 3, "Inner Unique": false, "Hash Cond": "(mk.movie_id = t.id)", "Plans": [{"Node Type": "Seq Scan", "Parent Relationship": "Outer", "Parallel Aware": true, "Relation Name": "movie_keyword", "Alias": "mk", "Startup Cost": 0.0, "Total Cost": 43303.71, "Plan Rows": 1884971, "Plan Width": 8, "Actual Startup Time": 0.009, "Actual Total Time": 98.12, "Actual Rows": 1507977, "Actual Loops": 3}, {"Node Type": "Hash", "Parent Relationship": "Inner", "Parallel Aware": true, "Startup Cost": 319672.69, "Total Cost": 319672.69, "Plan Rows": 1, "Plan Width": 12, "Actual Startup Time": 1942.942, "Actual Total Time": 1943.096, "Actual Rows": 2915, "Actual Loops": 3, "Hash Buckets": 8192, "Original Hash Buckets": 1024, "Hash Batches": 1, "Original Hash Batches": 1, "Peak Memory Usage": 600, "Plans": [{"Node Type": "Nested Loop", "Parent Relationship": "Outer", "Parallel Aware": false, "Join Type": "Inner", "Startup Cost": 16718.33, "Total Cost": 319672.69, "Plan Rows": 1, "Plan Width": 12, "Actual Startup Time": 1627.835, "Actual Total Time": 1891.948, "Actual Rows": 2915, "Actual Loops": 3, "Inner Unique": true, "Plans": [{"Node Type": "Nested Loop", "Parent Relationship": "Outer", "Parallel Aware": false, "Join Type": "Inner", "Startup Cost": 16718.18, "Total Cost": 319670.81, "Plan Rows": 11, "Plan Width": 16, "Actual Startup Time": 1607.88, "Actual Total Time": 1884.593, "Actual Rows": 5838, "Actual Loops": 3, "Inner Unique": true, "Join Filter": "(mi.movie_id = t.id)", "Rows Removed by Join Filter": 0, "Plans": [{"Node Type": "Hash Join", "Parent Relationship": "Outer", "Parallel Aware": true, "Join Type": "Inner", "Startup Cost": 16717.75, "Total Cost": 319627.89, "Plan Rows": 72, "Plan Width": 8, "Actual Startup Time": 1607.74, "Actual Total Time": 1671.5, "Actual Rows": 71080, "Actual Loops": 3, "Inner Unique": false, "Hash Cond": "(mi.movie_id = mi_idx.movie_id)", "Plans": [{"Node Type": "Hash Join", "Parent Relationship": "Outer", "Parallel Aware": false, "Join Type": "Inner", "Startup Cost": 2.43, "Total Cost": 302901.77, "Plan Rows": 2798, "Plan Width": 4, "Actual Startup Time": 1075.731, "Actual Total Time": 1411.512, "Actual Rows": 204750, "Actual Loops": 3, "Inner Unique": true, "Hash Cond": "(mi.info_type_id = it1.id)", "Plans": [{"Node Type": "Seq Scan", "Parent Relationship": "Outer", "Parallel Aware": true, "Relation Name": "movie_info", "Alias": "mi", "Startup Cost": 0.0, "Total Cost": 302038.28, "Plan Rows": 316166, "Plan Width": 8, "Actual Startup Time": 0.552, "Actual Total Time": 1380.289, "Actual Rows": 235558, "Actual Loops": 3, "Filter": "((info)::text = ANY ('{Sweden,Norway,Germany,Denmark,Swedish,Denish,Norwegian,German,USA,American}'::text[]))", "Rows Removed by Filter": 4709682}, {"Node Type": "Hash", "Parent Relationship": "Inner", "Parallel Aware": false, "Startup Cost": 2.41, "Total Cost": 2.41, "Plan Rows": 1, "Plan Width": 4, "Actual Startup Time": 0.014, "Actual Total Time": 0.015, "Actual Rows": 1, "Actual Loops": 3, "Hash Buckets": 1024, "Original Hash Buckets": 1024, "Hash Batches": 1, "Original Hash Batches": 1, "Peak Memory Usage": 9, "Plans": [{"Node Type": "Seq Scan", "Parent Relationship": "Outer", "Parallel Aware": false, "Relation Name": "info_type", "Alias": "it1", "Startup Cost": 0.0, "Total Cost": 2.41, "Plan Rows": 1, "Plan Width": 4, "Actual Startup Time": 0.008, "Actual Total Time": 0.013, "Actual Rows": 1, "Actual Loops": 3, "Filter": "((info)::text = 'countries'::text)", "Rows Removed by Filter": 112}]}]}, {"Node Type": "Hash", "Parent Relationship": "Inner", "Parallel Aware": true, "Startup Cost": 16653.27, "Total Cost": 16653.27, "Plan Rows": 4965, "Plan Width": 4, "Actual Startup Time": 160.001, "Actual Total Time": 160.002, "Actual Rows": 151410, "Actual Loops": 3, "Hash Buckets": 131072, "Original Hash Buckets": 16384, "Hash Batches": 8, "Original Hash Batches": 1, "Peak Memory Usage": 3328, "Plans": [{"Node Type": "Hash Join", "Parent Relationship": "Outer", "Parallel Aware": false, "Join Type": "Inner", "Startup Cost": 2.43, "Total Cost": 16653.27, "Plan Rows": 4965, "Plan Width": 4, "Actual Startup Time": 0.057, "Actual Total Time": 118.194, "Actual Rows": 151410, "Actual Loops": 3, "Inner Unique": true, "Hash Cond": "(mi_idx.info_type_id = it2.id)", "Plans": [{"Node Type": "Seq Scan", "Parent Relationship": "Outer", "Parallel Aware": true, "Relation Name": "movie_info_idx", "Alias": "mi_idx", "Startup Cost": 0.0, "Total Cost": 15122.68, "Plan Rows": 561109, "Plan Width": 8, "Actual Startup Time": 0.019, "Actual Total Time": 80.438, "Actual Rows": 447629, "Actual Loops": 3, "Filter": "((info)::text < '8.5'::text)", "Rows Removed by Filter": 12383}, {"Node Type": "Hash", "Parent Relationship": "Inner", "Parallel Aware": false, "Startup Cost": 2.41, "Total Cost": 2.41, "Plan Rows": 1, "Plan Width": 4, "Actual Startup Time": 0.028, "Actual Total Time": 0.028, "Actual Rows": 1, "Actual Loops": 3, "Hash Buckets": 1024, "Original Hash Buckets": 1024, "Hash Batches": 1, "Original Hash Batches": 1, "Peak Memory Usage": 9, "Plans": [{"Node Type": "Seq Scan", "Parent Relationship": "Outer", "Parallel Aware": false, "Relation Name": "info_type", "Alias": "it2", "Startup Cost": 0.0, "Total Cost": 2.41, "Plan Rows": 1, "Plan Width": 4, "Actual Startup Time": 0.022, "Actual Total Time": 0.024, "Actual Rows": 1, "Actual Loops": 3, "Filter": "((info)::text = 'rating'::text)", "Rows Removed by Filter": 112}]}]}]}]}, {"Node Type": "Index Scan", "Parent Relationship": "Inner", "Parallel Aware": false, "Scan Direction": "Forward", "Index Name": "title_pkey", "Relation Name": "title", "Alias": "t", "Startup Cost": 0.43, "Total Cost": 0.58, "Plan Rows": 1, "Plan Width": 8, "Actual Startup Time": 0.003, "Actual Total Time": 0.003, "Actual Rows": 0, "Actual Loops": 213239, "Index Cond": "(id = mi_idx.movie_id)", "Rows Removed by Index Recheck": 0, "Filter": "(production_year > 2010)", "Rows Removed by Filter": 1}]}, {"Node Type": "Index Scan", "Parent Relationship": "Inner", "Parallel Aware": false, "Scan Direction": "Forward", "Index Name": "kind_type_pkey", "Relation Name": "kind_type", "Alias": "kt", "Startup Cost": 0.15, "Total Cost": 0.17, "Plan Rows": 1, "Plan Width": 4, "Actual Startup Time": 0.001, "Actual Total Time": 0.001, "Actual Rows": 0, "Actual Loops": 17514, "Index Cond": "(id = t.kind_id)", "Rows Removed by Index Recheck": 0, "Filter": "((kind)::text = 'movie'::text)", "Rows Removed by Filter": 1}]}]}]}, {"Node Type": "Index Scan", "Parent Relationship": "Inner", "Parallel Aware": false, "Scan Direction": "Forward", "Index Name": "keyword_pkey", "Relation Name": "keyword", "Alias": "k", "Startup Cost": 0.42, "Total Cost": 0.44, "Plan Rows": 1, "Plan Width": 4, "Actual Startup Time": 0.002, "Actual Total Time": 0.002, "Actual Rows": 0, "Actual Loops": 75669, "Index Cond": "(id = mk.keyword_id)", "Rows Removed by Index Recheck": 0, "Filter": "((keyword)::text = ANY ('{murder,murder-in-title,blood,violence}'::text[]))", "Rows Removed by Filter": 1}]}]}]}, "Planning Time": 85.641, "Triggers": [], "Execution Time": 2244.949}]
[{"Bao": {"Bao prediction": 594.654, "Bao recommended hint": "SET enable_mergejoin TO off; SET enable_indexscan TO off; "}}, {"Plan": {"Node Type": "Aggregate", "Strategy": "Plain", "Partial Mode": "Simple", "Parallel Aware": false, "Startup Cost": 83045.83, "Total Cost": 83045.84, "Plan Rows": 1, "Plan Width": 8, "Actual Startup Time": 413.486, "Actual Total Time": 421.75, "Actual Rows": 1, "Actual Loops": 1, "Plans": [{"Node Type": "Nested Loop", "Parent Relationship": "Outer", "Parallel Aware": false, "Join Type": "Inner", "Startup Cost": 32661.14, "Total Cost": 83045.83, "Plan Rows": 1, "Plan Width": 0, "Actual Startup Time": 413.411, "Actual Total Time": 421.744, "Actual Rows": 14, "Actual Loops": 1, "Inner Unique": true, "Plans": [{"Node Type": "Nested Loop", "Parent Relationship": "Outer", "Parallel Aware": false, "Join Type": "Inner", "Startup Cost": 32660.71, "Total Cost": 83037.37, "Plan Rows": 1, "Plan Width": 4, "Actual Startup Time": 413.124, "Actual Total Time": 421.589, "Actual Rows": 56, "Actual Loops": 1, "Inner Unique": true, "Plans": [{"Node Type": "Gather", "Parent Relationship": "Outer", "Parallel Aware": false, "Startup Cost": 32660.28, "Total Cost": 83032.92, "Plan Rows": 1, "Plan Width": 8, "Actual Startup Time": 413.073, "Actual Total Time": 421.351, "Actual Rows": 84, "Actual Loops": 1, "Workers Planned": 2, "Workers Launched": 2, "Single Copy": false, "Plans": [{"Node Type": "Hash Join", "Parent Relationship": "Outer", "Parallel Aware": true, "Join Type": "Inner", "Startup Cost": 31660.28, "Total Cost": 82032.82, "Plan Rows": 1, "Plan Width": 8, "Actual Startup Time": 333.306, "Actual Total Time": 410.405, "Actual Rows": 28, "Actual Loops": 3, "Inner Unique": false, "Hash Cond": "(mk.movie_id = ml.movie_id)", "Plans": [{"Node Type": "Seq Scan", "Parent Relationship": "Outer", "Parallel Aware": true, "Relation Name": "movie_keyword", "Alias": "mk", "Startup Cost": 0.0, "Total Cost": 43303.71, "Plan Rows": 1884971, "Plan Width": 8, "Actual Startup Time": 0.021, "Actual Total Time": 117.572, "Actual Rows": 1507977, "Actual Loops": 3}, {"Node Type": "Hash", "Parent Relationship": "Inner", "Parallel Aware": true, "Startup Cost": 31660.27, "Total Cost": 31660.27, "Plan Rows": 1, "Plan Width": 16, "Actual Startup Time": 174.856, "Actual Total Time": 174.861, "Actual Rows": 7, "Actual Loops": 3, "Hash Buckets": 1024, "Original Hash Buckets": 1024, "Hash Batches": 1, "Original Hash Batches": 1, "Peak Memory Usage": 40, "Plans": [{"Node Type": "Nested Loop", "Parent Relationship": "Outer", "Parallel Aware": false, "Join Type": "Inner", "Startup Cost": 580.98, "Total Cost": 31660.27, "Plan Rows": 1, "Plan Width": 16, "Actual Startup Time": 133.068, "Actual Total Time": 174.759, "Actual Rows": 7, "Actual Loops": 3, "Inner Unique": true, "Join Filter": "(ml.movie_id = t.id)", "Rows Removed by Join Filter": 0, "Plans": [{"Node Type": "Hash Join", "Parent Relationship": "Outer", "Parallel Aware": false, "Join Type": "Inner", "Startup Cost": 580.52, "Total Cost": 31655.77, "Plan Rows": 1, "Plan Width": 12, "Actual Startup Time": 44.952, "Actual Total Time": 172.795, "Actual Rows": 598, "Actual Loops": 3, "Inner Unique": false, "Hash Cond": "(mc.movie_id = ml.movie_id)", "Plans": [{"Node Type": "Hash Join", "Parent Relationship": "Outer", "Parallel Aware": false, "Join Type": "Inner", "Startup Cost": 18.93, "Total Cost": 31082.95, "Plan Rows": 2992, "Plan Width": 8, "Actual Startup Time": 40.252, "Actual Total Time": 142.127, "Actual Rows": 397976, "Actual Loops": 3, "Inner Unique": true, "Hash Cond": "(mc.company_type_id = ct.id)", "Plans": [{"Node Type": "Seq Scan", "Parent Relationship": "Outer", "Parallel Aware": true, "Relation Name": "movie_companies", "Alias": "mc", "Startup Cost": 0.0, "Total Cost": 29661.37, "Plan Rows": 531175, "Plan Width": 12, "Actual Startup Time": 0.05, "Actual Total Time": 85.831, "Actual Rows": 423996, "Actual Loops": 3, "Filter": "(note IS NULL)", "Rows Removed by Filter": 445713}, {"Node Type": "Hash", "Parent Relationship": "Inner", "Parallel Aware": false, "Startup Cost": 18.88, "Total Cost": 18.88, "Plan Rows": 4, "Plan Width": 4, "Actual Startup Time": 0.016, "Actual Total Time": 0.017, "Actual Rows": 1, "Actual Loops": 3, "Hash Buckets": 1024, "Original Hash Buckets": 1024, "Hash Batches": 1, "Original Hash Batches": 1, "Peak Memory Usage": 9, "Plans": [{"Node Type": "Seq Scan", "Parent Relationship": "Outer", "Parallel Aware": false, "Relation Name": "company_type", "Alias": "ct", "Startup Cost": 0.0, "Total Cost": 18.88, "Plan Rows": 4, "Plan Width": 4, "Actual Startup Time": 0.013, "Actual Total Time": 0.014, "Actual Rows": 1, "Actual Loops": 3, "Filter": "((kind)::text = 'production companies'::text)", "Rows Removed by Filter": 3}]}]}, {"Node Type": "Hash", "Parent Relationship": "Inner", "Parallel Aware": false, "Startup Cost": 561.07, "Total Cost": 561.07, "Plan Rows": 42, "Plan Width": 4, "Actual Startup Time": 4.663, "Actual Total Time": 4.665, "Actual Rows": 1158, "Actual Loops": 3, "Hash Buckets": 2048, "Original Hash Buckets": 1024, "Hash Batches": 1, "Original Hash Batches": 1, "Peak Memory Usage": 57, "Plans": [{"Node Type": "Hash Join", "Parent Relationship": "Outer", "Parallel Aware": false, "Join Type": "Inner", "Startup Cost": 18.89, "Total Cost": 561.07, "Plan Rows": 42, "Plan Width": 4, "Actual Startup Time": 0.074, "Actual Total Time": 4.519, "Actual Rows": 1158, "Actual Loops": 3, "Inner Unique": true, "Hash Cond": "(ml.link_type_id = lt.id)", "Plans": [{"Node Type": "Seq Scan", "Parent Relationship": "Outer", "Parallel Aware": false, "Relation Name": "movie_link", "Alias": "ml", "Startup Cost": 0.0, "Total Cost": 462.97, "Plan Rows": 29997, "Plan Width": 8, "Actual Startup Time": 0.033, "Actual Total Time": 2.103, "Actual Rows": 29997, "Actual Loops": 3}, {"Node Type": "Hash", "Parent Relationship": "Inner", "Parallel Aware": false, "Startup Cost": 18.88, "Total Cost": 18.88, "Plan Rows": 1, "Plan Width": 4, "Actual Startup Time": 0.016, "Actual Total Time": 0.017, "Actual Rows": 1, "Actual Loops": 3, "Hash Buckets": 1024, "Original Hash Buckets": 1024, "Hash Batches": 1, "Original Hash Batches": 1, "Peak Memory Usage": 9, "Plans": [{"Node Type": "Seq Scan", "Parent Relationship": "Outer", "Parallel Aware": false, "Relation Name": "link_type", "Alias": "lt", "Startup Cost": 0.0, "Total Cost": 18.88, "Plan Rows": 1, "Plan Width": 4, "Actual Startup Time": 0.011, "Actual Total Time": 0.014, "Actual Rows": 1, "Actual Loops": 3, "Filter": "((link)::text ~~ '%follows%'::text)", "Rows Removed by Filter": 17}]}]}]}]}, {"Node Type": "Bitmap Heap Scan", "Parent Relationship": "Inner", "Parallel Aware": false, "Relation Name": "title", "Alias": "t", "Startup Cost": 0.47, "Total Cost": 4.48, "Plan Rows": 1, "Plan Width": 4, "Actual Startup Time": 0.002, "Actual Total Time": 0.002, "Actual Rows": 0, "Actual Loops": 1793, "Recheck Cond": "(id = mc.movie_id)", "Rows Removed by Index Recheck": 0, "Filter": "(((title)::text ~~ '%Money%'::text) AND (production_year = 1998))", "Rows Removed by Filter": 1, "Exact Heap Blocks": 639, "Lossy Heap Blocks": 0, "Plans": [{"Node Type": "Bitmap Index Scan", "Parent Relationship": "Outer", "Parallel Aware": false, "Index Name": "title_pkey", "Startup Cost": 0.0, "Total Cost": 0.47, "Plan Rows": 1, "Plan Width": 0, "Actual Startup Time": 0.002, "Actual Total Time": 0.002, "Actual Rows": 1, "Actual Loops": 1793, "Index Cond": "(id = mc.movie_id)"}]}]}]}]}]}, {"Node Type": "Bitmap Heap Scan", "Parent Relationship": "Inner", "Parallel Aware": false, "Relation Name": "company_name", "Alias": "cn", "Startup Cost": 0.43, "Total Cost": 4.45, "Plan Rows": 1, "Plan Width": 4, "Actual Startup Time": 0.002, "Actual Total Time": 0.002, "Actual Rows": 1, "Actual Loops": 84, "Recheck Cond": "(id = mc.company_id)", "Rows Removed by Index Recheck": 0, "Filter": "(((country_code)::text <> '[pl]'::text) AND (((name)::text ~~ '%Film%'::text) OR ((name)::text ~~ '%Warner%'::text)))", "Rows Removed by Filter": 0, "Exact Heap Blocks": 84, "Lossy Heap Blocks": 0, "Plans": [{"Node Type": "Bitmap Index Scan", "Parent Relationship": "Outer", "Parallel Aware": false, "Index Name": "company_name_pkey", "Startup Cost": 0.0, "Total Cost": 0.43, "Plan Rows": 1, "Plan Width": 0, "Actual Startup Time": 0.001, "Actual Total Time": 0.001, "Actual Rows": 1, "Actual Loops": 84, "Index Cond": "(id = mc.company_id)"}]}]}, {"Node Type": "Bitmap Heap Scan", "Parent Relationship": "Inner", "Parallel Aware": false, "Relation Name": "keyword", "Alias": "k", "Startup Cost": 0.43, "Total Cost": 4.44, "Plan Rows": 1, "Plan Width": 4, "Actual Startup Time": 0.002, "Actual Total Time": 0.002, "Actual Rows": 0, "Actual Loops": 56, "Recheck Cond": "(id = mk.keyword_id)", "Rows Removed by Index Recheck": 0, "Filter": "((keyword)::text = 'sequel'::text)", "Rows Removed by Filter": 1, "Exact Heap Blocks": 56, "Lossy Heap Blocks": 0, "Plans": [{"Node Type": "Bitmap Index Scan", "Parent Relationship": "Outer", "Parallel Aware": false, "Index Name": "keyword_pkey", "Startup Cost": 0.0, "Total Cost": 0.43, "Plan Rows": 1, "Plan Width": 0, "Actual Startup Time": 0.001, "Actual Total Time": 0.001, "Actual Rows": 1, "Actual Loops": 56, "Index Cond": "(id = mk.keyword_id)"}]}]}]}, "Planning Time": 91.211, "Triggers": [], "Execution Time": 421.852}]
[{"Bao": {"Bao prediction": 1296.015, "Bao recommended hint": "(no hint)"}}, {"Plan": {"Node Type": "Aggregate", "Strategy": "Plain", "Partial Mode": "Finalize", "Parallel Aware": false, "Startup Cost": 513969.89, "Total Cost": 513969.9, "Plan Rows": 1, "Plan Width": 8, "Actual Startup Time": 1489.902, "Actual Total Time": 1517.047, "Actual Rows": 1, "Actual Loops": 1, "Plans": [{"Node Type": "Gather", "Parent Relationship": "Outer", "Parallel Aware": false, "Startup Cost": 513969.67, "Total Cost": 513969.88, "Plan Rows": 2, "Plan Width": 8, "Actual Startup Time": 1489.721, "Actual Total Time": 1517.042, "Actual Rows": 3, "Actual Loops": 1, "Workers Planned": 2, "Workers Launched": 2, "Single Copy": false, "Plans": [{"Node Type": "Aggregate", "Strategy": "Plain", "Partial Mode": "Partial", "Parent Relationship": "Outer", "Parallel Aware": false, "Startup Cost": 512969.67, "Total Cost": 512969.68, "Plan Rows": 1, "Plan Width": 8, "Actual Startup Time": 1487.495, "Actual Total Time": 1487.5, "Actual Rows": 1, "Actual Loops": 3, "Plans": [{"Node Type": "Nested Loop", "Parent Relationship": "Outer", "Parallel Aware": false, "Join Type": "Inner", "Startup Cost": 479160.53, "Total Cost": 512969.67, "Plan Rows": 1, "Plan Width": 0, "Actual Startup Time": 1315.134, "Actual Total Time": 1487.488, "Actual Rows": 35, "Actual Loops": 3, "Inner Unique": true, "Plans": [{"Node Type": "Nested Loop", "Parent Relationship": "Outer", "Parallel Aware": false, "Join Type": "Inner", "Startup Cost": 479160.1, "Total Cost": 512969.15, "Plan Rows": 1, "Plan Width": 8, "Actual Startup Time": 1311.859, "Actual Total Time": 1486.938, "Actual Rows": 88, "Actual Loops": 3, "Inner Unique": true, "Plans": [{"Node Type": "Nested Loop", "Parent Relationship": "Outer", "Parallel Aware": false, "Join Type": "Inner", "Startup Cost": 479159.95, "Total Cost": 512968.98, "Plan Rows": 1, "Plan Width": 12, "Actual Startup Time": 1311.849, "Actual Total Time": 1486.816, "Actual Rows": 88, "Actual Loops": 3, "Inner Unique": true, "Plans": [{"Node Type": "Nested Loop", "Parent Relationship": "Outer", "Parallel Aware": false, "Join Type": "Inner", "Startup Cost": 479159.52, "Total Cost": 512963.4, "Plan Rows": 1, "Plan Width": 16, "Actual Startup Time": 1311.8, "Actual Total Time": 1486.047, "Actual Rows": 92, "Actual Loops": 3, "Inner Unique": true, "Plans": [{"Node Type": "Hash Join", "Parent Relationship": "Outer", "Parallel Aware": true, "Join Type": "Inner", "Startup Cost": 479159.1, "Total Cost": 512897.84, "Plan Rows": 147, "Plan Width": 20, "Actual Startup Time": 1284.402, "Actual Total Time": 1435.899, "Actual Rows": 29496, "Actual Loops": 3, "Inner Unique": false, "Hash Cond": "(mc.movie_id = ci.movie_id)", "Plans": [{"Node Type": "Seq Scan", "Parent Relationship": "Outer", "Parallel Aware": true, "Relation Name": "movie_companies", "Alias": "mc", "Startup Cost": 0.0, "Total Cost": 29661.37, "Plan Rows": 1087137, "Plan Width": 12, "Actual Startup Time": 0.007, "Actual Total Time": 64.652, "Actual Rows": 869710, "Actual Loops": 3}, {"Node Type": "Hash", "Parent Relationship": "Inner", "Parallel Aware": true, "Startup Cost": 479158.47, "Total Cost": 479158.47, "Plan Rows": 50, "Plan Width": 8, "Actual Startup Time": 1283.955, "Actual Total Time": 1283.957, "Actual Rows": 8625, "Actual Loops": 3, "Hash Buckets": 32768, "Original Hash Buckets": 1024, "Hash Batches": 1, "Original Hash Batches": 1, "Peak Memory Usage": 1560, "Plans": [{"Node Type": "Hash Join", "Parent Relationship": "Outer", "Parallel Aware": false, "Join Type": "Inner", "Startup Cost": 18.93, "Total Cost": 479158.47, "Plan Rows": 50, "Plan Width": 8, "Actual Startup Time": 0.162, "Actual Total Time": 1212.074, "Actual Rows": 8625, "Actual Loops": 3, "Inner Unique": true, "Hash Cond": "(ci.role_id = rt.id)", "Plans": [{"Node Type": "Seq Scan", "Parent Relationship": "Outer", "Parallel Aware": true, "Relation Name": "cast_info", "Alias": "ci", "Startup Cost": 0.0, "Total Cost": 479115.98, "Plan Rows": 8925, "Plan Width": 12, "Actual Startup Time": 0.138, "Actual Total Time": 1210.386, "Actual Rows": 10763, "Actual Loops": 3, "Filter": "(((note)::text ~~ '%(voice)%'::text) AND ((note)::text ~~ '%(uncredited)%'::text))", "Rows Removed by Filter": 12070685}, {"Node Type": "Hash", "Parent Relationship": "Inner", "Parallel Aware": false, "Startup Cost": 18.88, "Total Cost": 18.88, "Plan Rows": 4, "Plan Width": 4, "Actual Startup Time": 0.015, "Actual Total Time": 0.016, "Actual Rows": 1, "Actual Loops": 3, "Hash Buckets": 1024, "Original Hash Buckets": 1024, "Hash Batches": 1, "Original Hash Batches": 1, "Peak Memory Usage": 9, "Plans": [{"Node Type": "Seq Scan", "Parent Relationship": "Outer", "Parallel Aware": false, "Relation Name": "role_type", "Alias": "rt", "Startup Cost": 0.0, "Total Cost": 18.88, "Plan Rows": 4, "Plan Width": 4, "Actual Startup Time": 0.012, "Actual Total Time": 0.013, "Actual Rows": 1, "Actual Loops": 3, "Filter": "((role)::text = 'actor'::text)", "Rows Removed by Filter": 11}]}]}]}]}, {"Node Type": "Index Scan", "Parent Relationship": "Inner", "Parallel Aware": false, "Scan Direction": "Forward", "Index Name": "company_name_pkey", "Relation Name": "company_name", "Alias": "cn", "Startup Cost": 0.42, "Total Cost": 0.45, "Plan Rows": 1, "Plan Width": 4, "Actual Startup Time": 0.002, "Actual Total Time": 0.002, "Actual Rows": 0, "Actual Loops": 88489, "Index Cond": "(id = mc.company_id)", "Rows Removed by Index Recheck": 0, "Filter": "((country_code)::text = '[ru]'::text)", "Rows Removed by Filter": 1}]}, {"Node Type": "Index Only Scan", "Parent Relationship": "Inner", "Parallel Aware": false, "Scan Direction": "Forward", "Index Name": "char_name_pkey", "Relation Name": "char_name", "Alias": "chn", "Startup Cost": 0.43, "Total Cost": 5.59, "Plan Rows": 1, "Plan Width": 4, "Actual Startup Time": 0.008, "Actual Total Time": 0.008, "Actual Rows": 1, "Actual Loops": 275, "Index Cond": "(id = ci.person_role_id)", "Rows Removed by Index Recheck": 0, "Heap Fetches": 265}]}, {"Node Type": "Index Only Scan", "Parent Relationship": "Inner", "Parallel Aware": false, "Scan Direction": "Forward", "Index Name": "company_type_pkey", "Relation Name": "company_type", "Alias": "ct", "Startup Cost": 0.15, "Total Cost": 0.17, "Plan Rows": 1, "Plan Width": 4, "Actual Startup Time": 0.001, "Actual Total Time": 0.001, "Actual Rows": 1, "Actual Loops": 265, "Index Cond": "(id = mc.company_type_id)", "Rows Removed by Index Recheck": 0, "Heap Fetches": 265}]}, {"Node Type": "Index Scan", "Parent Relationship": "Inner", "Parallel Aware": false, "Scan Direction": "Forward", "Index Name": "title_pkey", "Relation Name": "title", "Alias": "t", "Startup Cost": 0.43, "Total Cost": 0.52, "Plan Rows": 1, "Plan Width": 4, "Actual Startup Time": 0.006, "Actual Total Time": 0.006, "Actual Rows": 0, "Actual Loops": 265, "Index Cond": "(id = mc.movie_id)", "Rows Removed by Index Recheck": 0, "Filter": "(production_year > 2005)", "Rows Removed by Filter": 1}]}]}]}]}, "Planning Time": 80.361, "Triggers": [], "Execution Time": 1517.13}]
[{"Bao": {"Bao prediction": 302.099, "Bao recommended hint": "(no hint)"}}, {"Plan": {"Node Type": "Aggregate", "Strategy": "Plain", "Partial Mode": "Finalize", "Parallel Aware": false, "Startup Cost": 52751.88, "Total Cost": 52751.89, "Plan Rows": 1, "Plan Width": 8, "Actual Startup Time": 246.103, "Actual Total Time": 253.682, "Actual Rows": 1, "Actual Loops": 1, "Plans": [{"Node Type": "Gather", "Parent Relationship": "Outer", "Parallel Aware": false, "Startup Cost": 52751.67, "Total Cost": 52751.88, "Plan Rows": 2, "Plan Width": 8, "Actual Startup Time": 245.934, "Actual Total Time": 253.675, "Actual Rows": 3, "Actual Loops": 1, "Workers Planned": 2, "Workers Launched": 2, "Single Copy": false, "Plans": [{"Node Type": "Aggregate", "Strategy": "Plain", "Partial Mode": "Partial", "Parent Relationship": "Outer", "Parallel Aware": false, "Startup Cost": 51751.67, "Total Cost": 51751.68, "Plan Rows": 1, "Plan Width": 8, "Actual Startup Time": 243.796, "Actual Total Time": 243.801, "Actual Rows": 1, "Actual Loops": 3, "Plans": [{"Node Type": "Nested Loop", "Parent Relationship": "Outer", "Parallel Aware": false, "Join Type": "Inner", "Startup Cost": 3465.08, "Total Cost": 51751.66, "Plan Rows": 5, "Plan Width": 0, "Actual Startup Time": 19.053, "Actual Total Time": 243.708, "Actual Rows": 1463, "Actual Loops": 3, "Inner Unique": true, "Plans": [{"Node Type": "Nested Loop", "Parent Relationship": "Outer", "Parallel Aware": false, "Join Type": "Inner", "Startup Cost": 3464.65, "Total Cost": 51729.3, "Plan Rows": 5, "Plan Width": 4, "Actual Startup Time": 19.032, "Actual Total Time": 236.354, "Actual Rows": 1463, "Actual Loops": 3, "Inner Unique": true, "Plans": [{"Node Type": "Nested Loop", "Parent Relationship": "Outer", "Parallel Aware": false, "Join Type": "Inner", "Startup Cost": 3464.22, "Total Cost": 51726.86, "Plan Rows": 5, "Plan Width": 12, "Actual Startup Time": 19.001, "Actual Total Time": 233.645, "Actual Rows": 1463, "Actual Loops": 3, "Inner Unique": true, "Plans": [{"Node Type": "Hash Join", "Parent Relationship": "Outer", "Parallel Aware": false, "Join Type": "Inner", "Startup Cost": 3464.07, "Total Cost": 51726.02, "Plan Rows": 5, "Plan Width": 16, "Actual Startup Time": 18.974, "Actual Total Time": 232.15, "Actual Rows": 1463, "Actual Loops": 3, "Inner Unique": false, "Hash Cond": "(mk.movie_id = ml.movie_id)", "Plans": [{"Node Type": "Hash Join", "Parent Relationship": "Outer", "Parallel Aware": false, "Join Type": "Inner", "Startup Cost": 2626.14, "Total Cost": 50878.05, "Plan Rows": 14, "Plan Width": 4, "Actual Startup Time": 10.777, "Actual Total Time": 221.293, "Actual Rows": 13947, "Actual Loops": 3, "Inner Unique": true, "Hash Cond": "(mk.keyword_id = k.id)", "Plans": [{"Node Type": "Seq Scan", "Parent Relationship": "Outer", "Parallel Aware": true, "Relation Name": "movie_keyword", "Alias": "mk", "Startup Cost": 0.0, "Total Cost": 43303.71, "Plan Rows": 1884971, "Plan Width": 8, "Actual Startup Time": 0.01, "Actual Total Time": 102.815, "Actual Rows": 1507977, "Actual Loops": 3}, {"Node Type": "Hash", "Parent Relationship": "Inner", "Parallel Aware": false, "Startup Cost": 2626.12, "Total Cost": 2626.12, "Plan Rows": 1, "Plan Width": 4, "Actual Startup Time": 10.735, "Actual Total Time": 10.735, "Actual Rows": 1, "Actual Loops": 3, "Hash Buckets": 1024, "Original Hash Buckets": 1024, "Hash Batches": 1, "Original Hash Batches": 1, "Peak Memory Usage": 9, "Plans": [{"Node Type": "Seq Scan", "Parent Relationship": "Outer", "Parallel Aware": false, "Relation Name": "keyword", "Alias": "k", "Startup Cost": 0.0, "Total Cost": 2626.12, "Plan Rows": 1, "Plan Width": 4, "Actual Startup Time": 0.533, "Actual Total Time": 10.732, "Actual Rows": 1, "Actual Loops": 3, "Filter": "((keyword)::text = 'character-name-in-title'::text)", "Rows Removed by Filter": 134169}]}]}, {"Node Type": "Hash", "Parent Relationship": "Inner", "Parallel Aware": false, "Startup Cost": 462.97, "Total Cost": 462.97, "Plan Rows": 29997, "Plan Width": 12, "Actual Startup Time": 7.951, "Actual Total Time": 7.951, "Actual Rows": 29997, "Actual Loops": 3, "Hash Buckets": 32768, "Original Hash Buckets": 32768, "Hash Batches": 1, "Original Hash Batches": 1, "Peak Memory Usage": 1545, "Plans": [{"Node Type": "Seq Scan", "Parent Relationship": "Outer", "Parallel Aware": false, "Relation Name": "movie_link", "Alias": "ml", "Startup Cost": 0.0, "Total Cost": 462.97, "Plan Rows": 29997, "Plan Width": 12, "Actual Startup Time": 0.03, "Actual Total Time": 3.7, "Actual Rows": 29997, "Actual Loops": 3}]}]}, {"Node Type": "Index Only Scan", "Parent Relationship": "Inner", "Parallel Aware": false, "Scan Direction": "Forward", "Index Name": "link_type_pkey", "Relation Name": "link_type", "Alias": "lt", "Startup Cost": 0.15, "Total Cost": 0.17, "Plan Rows": 1, "Plan Width": 4, "Actual Startup Time": 0.001, "Actual Total Time": 0.001, "Actual Rows": 1, "Actual Loops": 4388, "Index Cond": "(id = ml.link_type_id)", "Rows Removed by Index Recheck": 0, "Heap Fetches": 4388}]}, {"Node Type": "Index Only Scan", "Parent Relationship": "Inner", "Parallel Aware": false, "Scan Direction": "Forward", "Index Name": "title_pkey", "Relation Name": "title", "Alias": "t1", "Startup Cost": 0.43, "Total Cost": 0.49, "Plan Rows": 1, "Plan Width": 4, "Actual Startup Time": 0.002, "Actual Total Time": 0.002, "Actual Rows": 1, "Actual Loops": 4388, "Index Cond": "(id = mk.movie_id)", "Rows Removed by Index Recheck": 0, "Heap Fetches": 4388}]}, {"Node Type": "Index Only Scan", "Parent Relationship": "Inner", "Parallel Aware": false, "Scan Direction": "Forward", "Index Name": "title_pkey", "Relation Name": "title", "Alias": "t2", "Startup Cost": 0.43, "Total Cost": 4.47, "Plan Rows": 1, "Plan Width": 4, "Actual Startup Time": 0.005, "Actual Total Time": 0.005, "Actual Rows": 1, "Actual Loops": 4388, "Index Cond": "(id = ml.linked_movie_id)", "Rows Removed by Index Recheck": 0, "Heap Fetches": 4388}]}]}]}]}, "Planning Time": 79.206, "Triggers": [], "Execution Time": 253.758}]
[{"Bao": {"Bao prediction": 710.338, "Bao recommended hint": "SET enable_mergejoin TO off; "}}, {"Plan": {"Node Type": "Aggregate", "Strategy": "Plain", "Partial Mode": "Finalize", "Parallel Aware": false, "Startup Cost": 378807.31, "Total Cost": 378807.32, "Plan Rows": 1, "Plan Width": 8, "Actual Startup Time": 1555.929, "Actual Total Time": 1581.889, "Actual Rows": 1, "Actual Loops": 1, "Plans": [{"Node Type": "Gather", "Parent Relationship": "Outer", "Parallel Aware": false, "Startup Cost": 378807.1, "Total Cost": 378807.31, "Plan Rows": 2, "Plan Width": 8, "Actual Startup Time": 1555.779, "Actual Total Time": 1581.883, "Actual Rows": 3, "Actual Loops": 1, "Workers Planned": 2, "Workers Launched": 2, "Single Copy": false, "Plans": [{"Node Type": "Aggregate", "Strategy": "Plain", "Partial Mode": "Partial", "Parent Relationship": "Outer", "Parallel Aware": false, "Startup Cost": 377807.1, "Total Cost": 377807.11, "Plan Rows": 1, "Plan Width": 8, "Actual Startup Time": 1553.212, "Actual Total Time": 1553.23, "Actual Rows": 1, "Actual Loops": 3, "Plans": [{"Node Type": "Hash Join", "Parent Relationship": "Outer", "Parallel Aware": true, "Join Type": "Inner", "Startup Cost": 82030.31, "Total Cost": 377807.1, "Plan Rows": 1, "Plan Width": 0, "Actual Startup Time": 1386.448, "Actual Total Time": 1553.198, "Actual Rows": 625, "Actual Loops": 3, "Inner Unique": false, "Hash Cond": "(mi.movie_id = ml.movie_id)", "Plans": [{"Node Type": "Seq Scan", "Parent Relationship": "Outer", "Parallel Aware": true, "Relation Name": "movie_info", "Alias": "mi", "Startup Cost": 0.0, "Total Cost": 294257.98, "Plan Rows": 405012, "Plan Width": 4, "Actual Startup Time": 0.061, "Actual Total Time": 1142.736, "Actual Rows": 312074, "Actual Loops": 3, "Filter": "((info)::text = ANY ('{Sweden,Norway,Germany,Denmark,Swedish,Denish,Norwegian,German,English}'::text[]))", "Rows Removed by Filter": 4633166}, {"Node Type": "Hash", "Parent Relationship": "Inner", "Parallel Aware": true, "Startup Cost": 82030.29, "Total Cost": 82030.29, "Plan Rows": 1, "Plan Width": 16, "Actual Startup Time": 391.125, "Actual Total Time": 391.136, "Actual Rows": 134, "Actual Loops": 3, "Hash Buckets": 1024, "Original Hash Buckets": 1024, "Hash Batches": 1, "Original Hash Batches": 1, "Peak Memory Usage": 104, "Plans": [{"Node Type": "Nested Loop", "Parent Relationship": "Outer", "Parallel Aware": false, "Join Type": "Inner", "Startup Cost": 31657.27, "Total Cost": 82030.29, "Plan Rows": 1, "Plan Width": 16, "Actual Startup Time": 168.335, "Actual Total Time": 391.027, "Actual Rows": 134, "Actual Loops": 3, "Inner Unique": true, "Plans": [{"Node Type": "Hash Join", "Parent Relationship": "Outer", "Parallel Aware": true, "Join Type": "Inner", "Startup Cost": 31656.85, "Total Cost": 82029.39, "Plan Rows": 2, "Plan Width": 20, "Actual Startup Time": 166.645, "Actual Total Time": 386.751, "Actual Rows": 2899, "Actual Loops": 3, "Inner Unique": false, "Hash Cond": "(mk.movie_id = ml.movie_id)", "Plans": [{"Node Type": "Seq Scan", "Parent Relationship": "Outer", "Parallel Aware": true, "Relation Name": "movie_keyword", "Alias": "mk", "Startup Cost": 0.0, "Total Cost": 43303.71, "Plan Rows": 1884971, "Plan Width": 8, "Actual Startup Time": 0.023, "Actual Total Time": 105.697, "Actual Rows": 1507977, "Actual Loops": 3}, {"Node Type": "Hash", "Parent Relationship": "Inner", "Parallel Aware": true, "Startup Cost": 31656.84, "Total Cost": 31656.84, "Plan Rows": 1, "Plan Width": 12, "Actual Startup Time": 166.272, "Actual Total Time": 166.278, "Actual Rows": 377, "Actual Loops": 3, "Hash Buckets": 1024, "Original Hash Buckets": 1024, "Hash Batches": 1, "Original Hash Batches": 1, "Peak Memory Usage": 104, "Plans": [{"Node Type": "Nested Loop", "Parent Relationship": "Outer", "Parallel Aware": false, "Join Type": "Inner", "Startup Cost": 581.37, "Total Cost": 31656.84, "Plan Rows": 1, "Plan Width": 12, "Actual Startup Time": 43.897, "Actual Total Time": 166.172, "Actual Rows": 377, "Actual Loops": 3, "Inner Unique": true, "Join Filter": "(ml.movie_id = t.id)", "Rows Removed by Join Filter": 0, "Plans": [{"Node Type": "Nested Loop", "Parent Relationship": "Outer", "Parallel Aware": false, "Join Type": "Inner", "Startup Cost": 580.94, "Total Cost": 31656.23, "Plan Rows": 1, "Plan Width": 8, "Actual Startup Time": 43.791, "Actual Total Time": 165.393, "Actual Rows": 384, "Actual Loops": 3, "Inner Unique": true, "Plans": [{"Node Type": "Hash Join", "Parent Relationship": "Outer", "Parallel Aware": false, "Join Type": "Inner", "Startup Cost": 580.52, "Total Cost": 31655.77, "Plan Rows": 1, "Plan Width": 12, "Actual Startup Time": 43.424, "Actual Total Time": 162.624, "Actual Rows": 1464, "Actual Loops": 3, "Inner Unique": false, "Hash Cond": "(mc.movie_id = ml.movie_id)", "Plans": [{"Node Type": "Hash Join", "Parent Relationship": "Outer", "Parallel Aware": false, "Join Type": "Inner", "Startup Cost": 18.93, "Total Cost": 31082.95, "Plan Rows": 2992, "Plan Width": 8, "Actual Startup Time": 38.667, "Actual Total Time": 133.853, "Actual Rows": 397976, "Actual Loops": 3, "Inner Unique": true, "Hash Cond": "(mc.company_type_id = ct.id)", "Plans": [{"Node Type": "Seq Scan", "Parent Relationship": "Outer", "Parallel Aware": true, "Relation Name": "movie_companies", "Alias": "mc", "Startup Cost": 0.0, "Total Cost": 29661.37, "Plan Rows": 531175, "Plan Width": 12, "Actual Startup Time": 0.018, "Actual Total Time": 81.153, "Actual Rows": 423996, "Actual Loops": 3, "Filter": "(note IS NULL)", "Rows Removed by Filter": 445713}, {"Node Type": "Hash", "Parent Relationship": "Inner", "Parallel Aware": false, "Startup Cost": 18.88, "Total Cost": 18.88, "Plan Rows": 4, "Plan Width": 4, "Actual Startup Time": 0.021, "Actual Total Time": 0.022, "Actual Rows": 1, "Actual Loops": 3, "Hash Buckets": 1024, "Original Hash Buckets": 1024, "Hash Batches": 1, "Original Hash Batches": 1, "Peak Memory Usage": 9, "Plans": [{"Node Type": "Seq Scan", "Parent Relationship": "Outer", "Parallel Aware": false, "Relation Name": "company_type", "Alias": "ct", "Startup Cost": 0.0, "Total Cost": 18.88, "Plan Rows": 4, "Plan Width": 4, "Actual Startup Time": 0.016, "Actual Total Time": 0.018, "Actual Rows": 1, "Actual Loops": 3, "Filter": "((kind)::text = 'production companies'::text)", "Rows Removed by Filter": 3}]}]}, {"Node Type": "Hash", "Parent Relationship": "Inner", "Parallel Aware": false, "Startup Cost": 561.07, "Total Cost": 561.07, "Plan Rows": 42, "Plan Width": 4, "Actual Startup Time": 4.715, "Actual Total Time": 4.718, "Actual Rows": 2315, "Actual Loops": 3, "Hash Buckets": 4096, "Original Hash Buckets": 1024, "Hash Batches": 1, "Original Hash Batches": 1, "Peak Memory Usage": 114, "Plans": [{"Node Type": "Hash Join", "Parent Relationship": "Outer", "Parallel Aware": false, "Join Type": "Inner", "Startup Cost": 18.89, "Total Cost": 561.07, "Plan Rows": 42, "Plan Width": 4, "Actual Startup Time": 0.061, "Actual Total Time": 4.421, "Actual Rows": 2315, "Actual Loops": 3, "Inner Unique": true, "Hash Cond": "(ml.link_type_id = lt.id)", "Plans": [{"Node Type": "Seq Scan", "Parent Relationship": "Outer", "Parallel Aware": false, "Relation Name": "movie_link", "Alias": "ml", "Startup Cost": 0.0, "Total Cost": 462.97, "Plan Rows": 29997, "Plan Width": 8, "Actual Startup Time": 0.027, "Actual Total Time": 1.999, "Actual Rows": 29997, "Actual Loops": 3}, {"Node Type": "Hash", "Parent Relationship": "Inner", "Parallel Aware": false, "Startup Cost": 18.88, "Total Cost": 18.88, "Plan Rows": 1, "Plan Width": 4, "Actual Startup Time": 0.02, "Actual Total Time": 0.022, "Actual Rows": 2, "Actual Loops": 3, "Hash Buckets": 1024, "Original Hash Buckets": 1024, "Hash Batches": 1, "Original Hash Batches": 1, "Peak Memory Usage": 9, "Plans": [{"Node Type": "Seq Scan", "Parent Relationship": "Outer", "Parallel Aware": false, "Relation Name": "link_type", "Alias": "lt", "Startup Cost": 0.0, "Total Cost": 18.88, "Plan Rows": 1, "Plan Width": 4, "Actual Startup Time": 0.012, "Actual Total Time": 0.014, "Actual Rows": 2, "Actual Loops": 3, "Filter": "((link)::text ~~ '%follow%'::text)", "Rows Removed by Filter": 16}]}]}]}]}, {"Node Type": "Index Scan", "Parent Relationship": "Inner", "Parallel Aware": false, "Scan Direction": "Forward", "Index Name": "company_name_pkey", "Relation Name": "company_name", "Alias": "cn", "Startup Cost": 0.42, "Total Cost": 0.46, "Plan Rows": 1, "Plan Width": 4, "Actual Startup Time": 0.002, "Actual Total Time": 0.002, "Actual Rows": 0, "Actual Loops": 4393, "Index Cond": "(id = mc.company_id)", "Rows Removed by Index Recheck": 0, "Filter": "(((country_code)::text <> '[pl]'::text) AND (((name)::text ~~ '%Film%'::text) OR ((name)::text ~~ '%Warner%'::text)))", "Rows Removed by Filter": 1}]}, {"Node Type": "Index Scan", "Parent Relationship": "Inner", "Parallel Aware": false, "Scan Direction": "Forward", "Index Name": "title_pkey", "Relation Name": "title", "Alias": "t", "Startup Cost": 0.43, "Total Cost": 0.59, "Plan Rows": 1, "Plan Width": 4, "Actual Startup Time": 0.002, "Actual Total Time": 0.002, "Actual Rows": 1, "Actual Loops": 1152, "Index Cond": "(id = mc.movie_id)", "Rows Removed by Index Recheck": 0, "Filter": "((production_year >= 1950) AND (production_year <= 2010))", "Rows Removed by Filter": 0}]}]}]}, {"Node Type": "Index Scan", "Parent Relationship": "Inner", "Parallel Aware": false, "Scan Direction": "Forward", "Index Name": "keyword_pkey", "Relation Name": "keyword", "Alias": "k", "Startup Cost": 0.42, "Total Cost": 0.44, "Plan Rows": 1, "Plan Width": 4, "Actual Startup Time": 0.001, "Actual Total Time": 0.001, "Actual Rows": 0, "Actual Loops": 8697, "Index Cond": "(id = mk.keyword_id)", "Rows Removed by Index Recheck": 0, "Filter": "((keyword)::text = 'sequel'::text)", "Rows Removed by Filter": 1}]}]}]}]}]}]}, "Planning Time": 99.484, "Triggers": [], "Execution Time": 1581.985}]
[{"Bao": {"Bao prediction": 2209.787, "Bao recommended hint": "(no hint)"}}, {"Plan": {"Node Type": "Aggregate", "Strategy": "Plain", "Partial Mode": "Simple", "Parallel Aware": false, "Startup Cost": 290319.36, "Total Cost": 290319.37, "Plan Rows": 1, "Plan Width": 8, "Actual Startup Time": 5161.784, "Actual Total Time": 5187.951, "Actual Rows": 1, "Actual Loops": 1, "Plans": [{"Node Type": "Nested Loop", "Parent Relationship": "Outer", "Parallel Aware": false, "Join Type": "Inner", "Startup Cost": 48897.35, "Total Cost": 290319.36, "Plan Rows": 1, "Plan Width": 0, "Actual Startup Time": 1623.136, "Actual Total Time": 5154.77, "Actual Rows": 670390, "Actual Loops": 1, "Inner Unique": true, "Plans": [{"Node Type": "Gather", "Parent Relationship": "Outer", "Parallel Aware": false, "Startup Cost": 48896.93, "Total Cost": 290318.92, "Plan Rows": 1, "Plan Width": 4, "Actual Startup Time": 1622.559, "Actual Total Time": 2270.91, "Actual Rows": 1919495, "Actual Loops": 1, "Workers Planned": 2, "Workers Launched": 2, "Single Copy": false, "Plans": [{"Node Type": "Nested Loop", "Parent Relationship": "Outer", "Parallel Aware": false, "Join Type": "Inner", "Startup Cost": 47896.93, "Total Cost": 289318.82, "Plan Rows": 1, "Plan Width": 4, "Actual Startup Time": 1640.341, "Actual Total Time": 3925.136, "Actual Rows": 639832, "Actual Loops": 3, "Inner Unique": true, "Plans": [{"Node Type": "Nested Loop", "Parent Relationship": "Outer", "Parallel Aware": false, "Join Type": "Inner", "Startup Cost": 47896.78, "Total Cost": 289310.99, "Plan Rows": 46, "Plan Width": 8, "Actual Startup Time": 1564.008, "Actual Total Time": 3161.511, "Actual Rows": 834997, "Actual Loops": 3, "Inner Unique": true, "Plans": [{"Node Type": "Hash Join", "Parent Relationship": "Outer", "Parallel Aware": true, "Join Type": "Inner", "Startup Cost": 47896.35, "Total Cost": 289289.85, "Plan Rows": 46, "Plan Width": 16, "Actual Startup Time": 1563.951, "Actual Total Time": 1844.203, "Actual Rows": 834997, "Actual Loops": 3, "Inner Unique": false, "Hash Cond": "(mi.movie_id = mc.movie_id)", "Plans": [{"Node Type": "Hash Join", "Parent Relationship": "Outer", "Parallel Aware": false, "Join Type": "Inner", "Startup Cost": 2.43, "Total Cost": 241189.17, "Plan Rows": 55082, "Plan Width": 4, "Actual Startup Time": 234.163, "Actual Total Time": 904.323, "Actual Rows": 1012240, "Actual Loops": 3, "Inner Unique": true, "Hash Cond": "(mi.info_type_id = it2.id)", "Plans": [{"Node Type": "Seq Scan", "Parent Relationship": "Outer", "Parallel Aware": true, "Relation Name": "movie_info", "Alias": "mi", "Startup Cost": 0.0, "Total Cost": 224235.35, "Plan Rows": 6224235, "Plan Width": 8, "Actual Startup Time": 0.019, "Actual Total Time": 426.221, "Actual Rows": 4945240, "Actual Loops": 3}, {"Node Type": "Hash", "Parent Relationship": "Inner", "Parallel Aware": false, "Startup Cost": 2.41, "Total Cost": 2.41, "Plan Rows": 1, "Plan Width": 4, "Actual Startup Time": 0.018, "Actual Total Time": 0.019, "Actual Rows": 1, "Actual Loops": 3, "Hash Buckets": 1024, "Original Hash Buckets": 1024, "Hash Batches": 1, "Original Hash Batches": 1, "Peak Memory Usage": 9, "Plans": [{"Node Type": "Seq Scan", "Parent Relationship": "Outer", "Parallel Aware": false, "Relation Name": "info_type", "Alias": "it2", "Startup Cost": 0.0, "Total Cost": 2.41, "Plan Rows": 1, "Plan Width": 4, "Actual Startup Time": 0.01, "Actual Total Time": 0.017, "Actual Rows": 1, "Actual Loops": 3, "Filter": "((info)::text = 'release dates'::text)", "Rows Removed by Filter": 112}]}]}, {"Node Type": "Hash", "Parent Relationship": "Inner", "Parallel Aware": true, "Startup Cost": 47891.91, "Total Cost": 47891.91, "Plan Rows": 161, "Plan Width": 12, "Actual Startup Time": 523.915, "Actual Total Time": 523.919, "Actual Rows": 194741, "Actual Loops": 3, "Hash Buckets": 65536, "Original Hash Buckets": 1024, "Hash Batches": 8, "Original Hash Batches": 1, "Peak Memory Usage": 4000, "Plans": [{"Node Type": "Hash Join", "Parent Relationship": "Outer", "Parallel Aware": true, "Join Type": "Inner", "Startup Cost": 15336.14, "Total Cost": 47891.91, "Plan Rows": 161, "Plan Width": 12, "Actual Startup Time": 368.795, "Actual Total Time": 472.021, "Actual Rows": 194741, "Actual Loops": 3, "Inner Unique": false, "Hash Cond": "(mc.movie_id = miidx.movie_id)", "Plans": [{"Node Type": "Hash Join", "Parent Relationship": "Outer", "Parallel Aware": false, "Join Type": "Inner", "Startup Cost": 18.93, "Total Cost": 32551.06, "Plan Rows": 6125, "Plan Width": 8, "Actual Startup Time": 71.221, "Actual Total Time": 182.883, "Actual Rows": 444961, "Actual Loops": 3, "Inner Unique": true, "Hash Cond": "(mc.company_type_id = ct.id)", "Plans": [{"Node Type": "Seq Scan", "Parent Relationship": "Outer", "Parallel Aware": true, "Relation Name": "movie_companies", "Alias": "mc", "Startup Cost": 0.0, "Total Cost": 29661.37, "Plan Rows": 1087137, "Plan Width": 12, "Actual Startup Time": 0.007, "Actual Total Time": 71.468, "Actual Rows": 869710, "Actual Loops": 3}, {"Node Type": "Hash", "Parent Relationship": "Inner", "Parallel Aware": false, "Startup Cost": 18.88, "Total Cost": 18.88, "Plan Rows": 4, "Plan Width": 4, "Actual Startup Time": 0.045, "Actual Total Time": 0.045, "Actual Rows": 1, "Actual Loops": 3, "Hash Buckets": 1024, "Original Hash Buckets": 1024, "Hash Batches": 1, "Original Hash Batches": 1, "Peak Memory Usage": 9, "Plans": [{"Node Type": "Seq Scan", "Parent Relationship": "Outer", "Parallel Aware": false, "Relation Name": "company_type", "Alias": "ct", "Startup Cost": 0.0, "Total Cost": 18.88, "Plan Rows": 4, "Plan Width": 4, "Actual Startup Time": 0.037, "Actual Total Time": 0.038, "Actual Rows": 1, "Actual Loops": 3, "Filter": "((kind)::text = 'production companies'::text)", "Rows Removed by Filter": 3}]}]}, {"Node Type": "Hash", "Parent Relationship": "Inner", "Parallel Aware": true, "Startup Cost": 15253.6, "Total Cost": 15253.6, "Plan Rows": 5089, "Plan Width": 4, "Actual Startup Time": 122.412, "Actual Total Time": 122.413, "Actual Rows": 153308, "Actual Loops": 3, "Hash Buckets": 131072, "Original Hash Buckets": 16384, "Hash Batches": 8, "Original Hash Batches": 1, "Peak Memory Usage": 3328, "Plans": [{"Node Type": "Hash Join", "Parent Relationship": "Outer", "Parallel Aware": false, "Join Type": "Inner", "Startup Cost": 2.43, "Total Cost": 15253.6, "Plan Rows": 5089, "Plan Width": 4, "Actual Startup Time": 0.056, "Actual Total Time": 82.339, "Actual Rows": 153308, "Actual Loops": 3, "Inner Unique": true, "Hash Cond": "(miidx.info_type_id = it.id)", "Plans": [{"Node Type": "Seq Scan", "Parent Relationship": "Outer", "Parallel Aware": true, "Relation Name": "movie_info_idx", "Alias": "miidx", "Startup Cost": 0.0, "Total Cost": 13685.15, "Plan Rows": 575015, "Plan Width": 8, "Actual Startup Time": 0.017, "Actual Total Time": 34.147, "Actual Rows": 460012, "Actual Loops": 3}, {"Node Type": "Hash", "Parent Relationship": "Inner", "Parallel Aware": false, "Startup Cost": 2.41, "Total Cost": 2.41, "Plan Rows": 1, "Plan Width": 4, "Actual Startup Time": 0.029, "Actual Total Time": 0.029, "Actual Rows": 1, "Actual Loops": 3, "Hash Buckets": 1024, "Original Hash Buckets": 1024, "Hash Batches": 1, "Original Hash Batches": 1, "Peak Memory Usage": 9, "Plans": [{"Node Type": "Seq Scan", "Parent Relationship": "Outer", "Parallel Aware": false, "Relation Name": "info_type", "Alias": "it", "Startup Cost": 0.0, "Total Cost": 2.41, "Plan Rows": 1, "Plan Width": 4, "Actual Startup Time": 0.025, "Actual Total Time": 0.026, "Actual Rows": 1, "Actual Loops": 3, "Filter": "((info)::text = 'rating'::text)", "Rows Removed by Filter": 112}]}]}]}]}]}]}, {"Node Type": "Index Scan", "Parent Relationship": "Inner", "Parallel Aware": false, "Scan Direction": "Forward", "Index Name": "title_pkey", "Relation Name": "title", "Alias": "t", "Startup Cost": 0.43, "Total Cost": 0.46, "Plan Rows": 1, "Plan Width": 8, "Actual Startup Time": 0.001, "Actual Total Time": 0.001, "Actual Rows": 1, "Actual Loops": 2504990, "Index Cond": "(id = mi.movie_id)", "Rows Removed by Index Recheck": 0}]}, {"Node Type": "Index Scan", "Parent Relationship": "Inner", "Parallel Aware": false, "Scan Direction": "Forward", "Index Name": "kind_type_pkey", "Relation Name": "kind_type", "Alias": "kt", "Startup Cost": 0.15, "Total Cost": 0.17, "Plan Rows": 1, "Plan Width": 4, "Actual Startup Time": 0.001, "Actual Total Time": 0.001, "Actual Rows": 1, "Actual Loops": 2504990, "Index Cond": "(id = t.kind_id)", "Rows Removed by Index Recheck": 0, "Filter": "((kind)::text = 'movie'::text)", "Rows Removed by Filter": 0}]}]}, {"Node Type": "Index Scan", "Parent Relationship": "Inner", "Parallel Aware": false, "Scan Direction": "Forward", "Index Name": "company_name_pkey", "Relation Name": "company_name", "Alias": "cn", "Startup Cost": 0.42, "Total Cost": 0.45, "Plan Rows": 1, "Plan Width": 4, "Actual Startup Time": 0.001, "Actual Total Time": 0.001, "Actual Rows": 0, "Actual Loops": 1919495, "Index Cond": "(id = mc.company_id)", "Rows Removed by Index Recheck": 0, "Filter": "((country_code)::text = '[us]'::text)", "Rows Removed by Filter": 1}]}]}, "Planning Time": 141.184, "Triggers": [], "Execution Time": 5188.05}]
[{"Bao": {"Bao prediction": 2498.757, "Bao recommended hint": "(no hint)"}}, {"Plan": {"Node Type": "Aggregate", "Strategy": "Plain", "Partial Mode": "Simple", "Parallel Aware": false, "Startup Cost": 840260.12, "Total Cost": 840260.13, "Plan Rows": 1, "Plan Width": 8, "Actual Startup Time": 2825.548, "Actual Total Time": 2879.975, "Actual Rows": 1, "Actual Loops": 1, "Plans": [{"Node Type": "Gather", "Parent Relationship": "Outer", "Parallel Aware": false, "Startup Cost": 789885.99, "Total Cost": 840260.12, "Plan Rows": 1, "Plan Width": 0, "Actual Startup Time": 2638.041, "Actual Total Time": 2879.898, "Actual Rows": 1273, "Actual Loops": 1, "Workers Planned": 2, "Workers Launched": 2, "Single Copy": false, "Plans": [{"Node Type": "Nested Loop", "Parent Relationship": "Outer", "Parallel Aware": false, "Join Type": "Inner", "Startup Cost": 788885.99, "Total Cost": 839260.02, "Plan Rows": 1, "Plan Width": 0, "Actual Startup Time": 2629.153, "Actual Total Time": 2821.5, "Actual Rows": 424, "Actual Loops": 3, "Inner Unique": true, "Plans": [{"Node Type": "Hash Join", "Parent Relationship": "Outer", "Parallel Aware": true, "Join Type": "Inner", "Startup Cost": 788885.57, "Total Cost": 839257.93, "Plan Rows": 2, "Plan Width": 4, "Actual Startup Time": 2625.244, "Actual Total Time": 2794.881, "Actual Rows": 15754, "Actual Loops": 3, "Inner Unique": false, "Hash Cond": "(mk.movie_id = t.id)", "Plans": [{"Node Type": "Seq Scan", "Parent Relationship": "Outer", "Parallel Aware": true, "Relation Name": "movie_keyword", "Alias": "mk", "Startup Cost": 0.0, "Total Cost": 43303.71, "Plan Rows": 1884971, "Plan Width": 8, "Actual Startup Time": 0.011, "Actual Total Time": 101.559, "Actual Rows": 1507977, "Actual Loops": 3}, {"Node Type": "Hash", "Parent Relationship": "Inner", "Parallel Aware": true, "Startup Cost": 788885.56, "Total Cost": 788885.56, "Plan Rows": 1, "Plan Width": 20, "Actual Startup Time": 2584.136, "Actual Total Time": 2584.146, "Actual Rows": 146, "Actual Loops": 3, "Hash Buckets": 1024, "Original Hash Buckets": 1024, "Hash Batches": 1, "Original Hash Batches": 1, "Peak Memory Usage": 104, "Plans": [{"Node Type": "Nested Loop", "Parent Relationship": "Outer", "Parallel Aware": false, "Join Type": "Inner", "Startup Cost": 755135.19, "Total Cost": 788885.56, "Plan Rows": 1, "Plan Width": 20, "Actual Startup Time": 2408.648, "Actual Total Time": 2584.058, "Actual Rows": 146, "Actual Loops": 3, "Inner Unique": true, "Join Filter": "(mi.movie_id = t.id)", "Rows Removed by Join Filter": 0, "Plans": [{"Node Type": "Nested Loop", "Parent Relationship": "Outer", "Parallel Aware": false, "Join Type": "Inner", "Startup Cost": 755134.76, "Total Cost": 788884.4, "Plan Rows": 1, "Plan Width": 16, "Actual Startup Time": 2408.619, "Actual Total Time": 2583.38, "Actual Rows": 146, "Actual Loops": 3, "Inner Unique": true, "Plans": [{"Node Type": "Hash Join", "Parent Relationship": "Outer", "Parallel Aware": true, "Join Type": "Inner", "Startup Cost": 755134.34, "Total Cost": 788872.57, "Plan Rows": 12, "Plan Width": 20, "Actual Startup Time": 2383.372, "Actual Total Time": 2527.211, "Actual Rows": 31220, "Actual Loops": 3, "Inner Unique": false, "Hash Cond": "(mc.movie_id = mi.movie_id)", "Plans": [{"Node Type": "Seq Scan", "Parent Relationship": "Outer", "Parallel Aware": true, "Relation Name": "movie_companies", "Alias": "mc", "Startup Cost": 0.0, "Total Cost": 29661.37, "Plan Rows": 1087137, "Plan Width": 8, "Actual Startup Time": 0.017, "Actual Total Time": 62.608, "Actual Rows": 869710, "Actual Loops": 3}, {"Node Type": "Hash", "Parent Relationship": "Inner", "Parallel Aware": true, "Startup Cost": 755134.29, "Total Cost": 755134.29, "Plan Rows": 4, "Plan Width": 12, "Actual Startup Time": 2382.2, "Actual Total Time": 2382.207, "Actual Rows": 3888, "Actual Loops": 3, "Hash Buckets": 16384, "Original Hash Buckets": 1024, "Hash Batches": 1, "Original Hash Batches": 1, "Peak Memory Usage": 824, "Plans": [{"Node Type": "Nested Loop", "Parent Relationship": "Outer", "Parallel Aware": false, "Join Type": "Inner", "Startup Cost": 255200.19, "Total Cost": 755134.29, "Plan Rows": 4, "Plan Width": 12, "Actual Startup Time": 1763.87, "Actual Total Time": 2349.802, "Actual Rows": 3888, "Actual Loops": 3, "Inner Unique": true, "Plans": [{"Node Type": "Hash Join", "Parent Relationship": "Outer", "Parallel Aware": true, "Join Type": "Inner", "Startup Cost": 255199.76, "Total Cost": 755120.83, "Plan Rows": 10, "Plan Width": 16, "Actual Startup Time": 1670.679, "Actual Total Time": 2326.753, "Actual Rows": 7262, "Actual Loops": 3, "Inner Unique": false, "Hash Cond": "(ci.movie_id = mi.movie_id)", "Plans": [{"Node Type": "Seq Scan", "Parent Relationship": "Outer", "Parallel Aware": true, "Relation Name": "cast_info", "Alias": "ci", "Startup Cost": 0.0, "Total Cost": 497985.06, "Plan Rows": 516258, "Plan Width": 8, "Actual Startup Time": 79.935, "Actual Total Time": 1427.332, "Actual Rows": 414905, "Actual Loops": 3, "Filter": "((note)::text = ANY ('{(writer),\"(head writer)\",\"(written by)\",(story),\"(story editor)\"}'::text[]))", "Rows Removed by Filter": 11666543}, {"Node Type": "Hash", "Parent Relationship": "Inner", "Parallel Aware": true, "Startup Cost": 255199.68, "Total Cost": 255199.68, "Plan Rows": 7, "Plan Width": 8, "Actual Startup Time": 856.561, "Actual Total Time": 856.566, "Actual Rows": 13022, "Actual Loops": 3, "Hash Buckets": 65536, "Original Hash Buckets": 1024, "Hash Batches": 1, "Original Hash Batches": 1, "Peak Memory Usage": 2584, "Plans": [{"Node Type": "Hash Join", "Parent Relationship": "Outer", "Parallel Aware": true, "Join Type": "Inner", "Startup Cost": 15319.64, "Total Cost": 255199.68, "Plan Rows": 7, "Plan Width": 8, "Actual Startup Time": 820.712, "Actual Total Time": 839.527, "Actual Rows": 13022, "Actual Loops": 3, "Inner Unique": false, "Hash Cond": "(mi.movie_id = mi_idx.movie_id)", "Plans": [{"Node Type": "Hash Join", "Parent Relationship": "Outer", "Parallel Aware": false, "Join Type": "Inner", "Startup Cost": 2.43, "Total Cost": 239881.42, "Plan Rows": 270, "Plan Width": 4, "Actual Startup Time": 596.292, "Actual Total Time": 683.01, "Actual Rows": 24086, "Actual Loops": 3, "Inner Unique": true, "Hash Cond": "(mi.info_type_id = it1.id)", "Plans": [{"Node Type": "Seq Scan", "Parent Relationship": "Outer", "Parallel Aware": true, "Relation Name": "movie_info", "Alias": "mi", "Startup Cost": 0.0, "Total Cost": 239795.93, "Plan Rows": 30499, "Plan Width": 8, "Actual Startup Time": 409.115, "Actual Total Time": 679.143, "Actual Rows": 24349, "Actual Loops": 3, "Filter": "((info)::text = ANY ('{Horror,Thriller}'::text[]))", "Rows Removed by Filter": 4920891}, {"Node Type": "Hash", "Parent Relationship": "Inner", "Parallel Aware": false, "Startup Cost": 2.41, "Total Cost": 2.41, "Plan Rows": 1, "Plan Width": 4, "Actual Startup Time": 0.019, "Actual Total Time": 0.02, "Actual Rows": 1, "Actual Loops": 3, "Hash Buckets": 1024, "Original Hash Buckets": 1024, "Hash Batches": 1, "Original Hash Batches": 1, "Peak Memory Usage": 9, "Plans": [{"Node Type": "Seq Scan", "Parent Relationship": "Outer", "Parallel Aware": false, "Relation Name": "info_type", "Alias": "it1", "Startup Cost": 0.0, "Total Cost": 2.41, "Plan Rows": 1, "Plan Width": 4, "Actual Startup Time": 0.009, "Actual Total Time": 0.017, "Actual Rows": 1, "Actual Loops": 3, "Filter": "((info)::text = 'genres'::text)", "Rows Removed by Filter": 112}]}]}, {"Node Type": "Hash", "Parent Relationship": "Inner", "Parallel Aware": true, "Startup Cost": 15253.6, "Total Cost": 15253.6, "Plan Rows": 5089, "Plan Width": 4, "Actual Startup Time": 126.636, "Actual Total Time": 126.638, "Actual Rows": 153308, "Actual Loops": 3, "Hash Buckets": 131072, "Original Hash Buckets": 16384, "Hash Batches": 8, "Original Hash Batches": 1, "Peak Memory Usage": 3328, "Plans": [{"Node Type": "Hash Join", "Parent Relationship": "Outer", "Parallel Aware": false, "Join Type": "Inner", "Startup Cost": 2.43, "Total Cost": 15253.6, "Plan Rows": 5089, "Plan Width": 4, "Actual Startup Time": 0.063, "Actual Total Time": 85.907, "Actual Rows": 153308, "Actual Loops": 3, "Inner Unique": true, "Hash Cond": "(mi_idx.info_type_id = it2.id)", "Plans": [{"Node Type": "Seq Scan", "Parent Relationship": "Outer", "Parallel Aware": true, "Relation Name": "movie_info_idx", "Alias": "mi_idx", "Startup Cost": 0.0, "Total Cost": 13685.15, "Plan Rows": 575015, "Plan Width": 8, "Actual Startup Time": 0.022, "Actual Total Time": 36.121, "Actual Rows": 460012, "Actual Loops": 3}, {"Node Type": "Hash", "Parent Relationship": "Inner", "Parallel Aware": false, "Startup Cost": 2.41, "Total Cost": 2.41, "Plan Rows": 1, "Plan Width": 4, "Actual Startup Time": 0.028, "Actual Total Time": 0.028, "Actual Rows": 1, "Actual Loops": 3, "Hash Buckets": 1024, "Original Hash Buckets": 1024, "Hash Batches": 1, "Original Hash Batches": 1, "Peak Memory Usage": 9, "Plans": [{"Node Type": "Seq Scan", "Parent Relationship": "Outer", "Parallel Aware": false, "Relation Name": "info_type", "Alias": "it2", "Startup Cost": 0.0, "Total Cost": 2.41, "Plan Rows": 1, "Plan Width": 4, "Actual Startup Time": 0.024, "Actual Total Time": 0.025, "Actual Rows": 1, "Actual Loops": 3, "Filter": "((info)::text = 'votes'::text)", "Rows Removed by Filter": 112}]}]}]}]}]}]}, {"Node Type": "Index Scan", "Parent Relationship": "Inner", "Parallel Aware": false, "Scan Direction": "Forward", "Index Name": "name_pkey", "Relation Name": "name", "Alias": "n", "Startup Cost": 0.43, "Total Cost": 1.35, "Plan Rows": 1, "Plan Width": 4, "Actual Startup Time": 0.003, "Actual Total Time": 0.003, "Actual Rows": 1, "Actual Loops": 21787, "Index Cond": "(id = ci.person_id)", "Rows Removed by Index Recheck": 0, "Filter": "((gender)::text = 'm'::text)", "Rows Removed by Filter": 0}]}]}]}, {"Node Type": "Index Scan", "Parent Relationship": "Inner", "Parallel Aware": false, "Scan Direction": "Forward", "Index Name": "company_name_pkey", "Relation Name": "company_name", "Alias": "cn", "Startup Cost": 0.42, "Total Cost": 0.98, "Plan Rows": 1, "Plan Width": 4, "Actual Startup Time": 0.002, "Actual Total Time": 0.002, "Actual Rows": 0, "Actual Loops": 93660, "Index Cond": "(id = mc.company_id)", "Rows Removed by Index Recheck": 0, "Filter": "((name)::text ~~ 'Lionsgate%'::text)", "Rows Removed by Filter": 1}]}, {"Node Type": "Index Only Scan", "Parent Relationship": "Inner", "Parallel Aware": false, "Scan Direction": "Forward", "Index Name": "title_pkey", "Relation Name": "title", "Alias": "t", "Startup Cost": 0.43, "Total Cost": 1.15, "Plan Rows": 1, "Plan Width": 4, "Actual Startup Time": 0.004, "Actual Total Time": 0.004, "Actual Rows": 1, "Actual Loops": 439, "Index Cond": "(id = mc.movie_id)", "Rows Removed by Index Recheck": 0, "Heap Fetches": 439}]}]}]}, {"Node Type": "Index Scan", "Parent Relationship": "Inner", "Parallel Aware": false, "Scan Direction": "Forward", "Index Name": "keyword_pkey", "Relation Name": "keyword", "Alias": "k", "Startup Cost": 0.42, "Total Cost": 0.98, "Plan Rows": 1, "Plan Width": 4, "Actual Startup Time": 0.002, "Actual Total Time": 0.002, "Actual Rows": 0, "Actual Loops": 47262, "Index Cond": "(id = mk.keyword_id)", "Rows Removed by Index Recheck": 0, "Filter": "((keyword)::text = ANY ('{murder,violence,blood,gore,death,female-nudity,hospital}'::text[]))", "Rows Removed by Filter": 1}]}]}]}, "Planning Time": 166.507, "Triggers": [], "Execution Time": 2880.086}]
[{"Bao": {"Bao prediction": 1329.996, "Bao recommended hint": "(no hint)"}}, {"Plan": {"Node Type": "Aggregate", "Strategy": "Plain", "Partial Mode": "Finalize", "Parallel Aware": false, "Startup Cost": 494205.61, "Total Cost": 494205.62, "Plan Rows": 1, "Plan Width": 8, "Actual Startup Time": 1886.435, "Actual Total Time": 1915.08, "Actual Rows": 1, "Actual Loops": 1, "Plans": [{"Node Type": "Gather", "Parent Relationship": "Outer", "Parallel Aware": false, "Startup Cost": 494205.39, "Total Cost": 494205.6, "Plan Rows": 2, "Plan Width": 8, "Actual Startup Time": 1886.152, "Actual Total Time": 1915.074, "Actual Rows": 3, "Actual Loops": 1, "Workers Planned": 2, "Workers Launched": 2, "Single Copy": false, "Plans": [{"Node Type": "Aggregate", "Strategy": "Plain", "Partial Mode": "Partial", "Parent Relationship": "Outer", "Parallel Aware": false, "Startup Cost": 493205.39, "Total Cost": 493205.4, "Plan Rows": 1, "Plan Width": 8, "Actual Startup Time": 1883.628, "Actual Total Time": 1883.636, "Actual Rows": 1, "Actual Loops": 3, "Plans": [{"Node Type": "Nested Loop", "Parent Relationship": "Outer", "Parallel Aware": false, "Join Type": "Inner", "Startup Cost": 476643.41, "Total Cost": 493205.39, "Plan Rows": 1, "Plan Width": 0, "Actual Startup Time": 1868.222, "Actual Total Time": 1883.631, "Actual Rows": 21, "Actual Loops": 3, "Inner Unique": true, "Plans": [{"Node Type": "Nested Loop", "Parent Relationship": "Outer", "Parallel Aware": false, "Join Type": "Inner", "Startup Cost": 476642.98, "Total Cost": 493203.27, "Plan Rows": 1, "Plan Width": 8, "Actual Startup Time": 1868.203, "Actual Total Time": 1883.502, "Actual Rows": 21, "Actual Loops": 3, "Inner Unique": true, "Plans": [{"Node Type": "Hash Join", "Parent Relationship": "Outer", "Parallel Aware": true, "Join Type": "Inner", "Startup Cost": 476642.55, "Total Cost": 493202.5, "Plan Rows": 1, "Plan Width": 16, "Actual Startup Time": 1824.337, "Actual Total Time": 1874.287, "Actual Rows": 5793, "Actual Loops": 3, "Inner Unique": false, "Hash Cond": "(an1.person_id = ci.person_id)", "Plans": [{"Node Type": "Seq Scan", "Parent Relationship": "Outer", "Parallel Aware": true, "Relation Name": "aka_name", "Alias": "an1", "Startup Cost": 0.0, "Total Cost": 15151.6, "Plan Rows": 375560, "Plan Width": 4, "Actual Startup Time": 0.027, "Actual Total Time": 24.301, "Actual Rows": 300448, "Actual Loops": 3}, {"Node Type": "Hash", "Parent Relationship": "Inner", "Parallel Aware": true, "Startup Cost": 476642.53, "Total Cost": 476642.53, "Plan Rows": 1, "Plan Width": 12, "Actual Startup Time": 1823.545, "Actual Total Time": 1823.551, "Actual Rows": 2479, "Actual Loops": 3, "Hash Buckets": 8192, "Original Hash Buckets": 1024, "Hash Batches": 1, "Original Hash Batches": 1, "Peak Memory Usage": 504, "Plans": [{"Node Type": "Nested Loop", "Parent Relationship": "Outer", "Parallel Aware": false, "Join Type": "Inner", "Startup Cost": 441518.56, "Total Cost": 476642.53, "Plan Rows": 1, "Plan Width": 12, "Actual Startup Time": 1687.434, "Actual Total Time": 1799.054, "Actual Rows": 2479, "Actual Loops": 3, "Inner Unique": true, "Plans": [{"Node Type": "Hash Join", "Parent Relationship": "Outer", "Parallel Aware": true, "Join Type": "Inner", "Startup Cost": 441518.14, "Total Cost": 476636.14, "Plan Rows": 4, "Plan Width": 16, "Actual Startup Time": 1687.407, "Actual Total Time": 1795.165, "Actual Rows": 2511, "Actual Loops": 3, "Inner Unique": false, "Hash Cond": "(mc.movie_id = ci.movie_id)", "Plans": [{"Node Type": "Seq Scan", "Parent Relationship": "Outer", "Parallel Aware": true, "Relation Name": "movie_companies", "Alias": "mc", "Startup Cost": 0.0, "Total Cost": 35097.06, "Plan Rows": 5579, "Plan Width": 8, "Actual Startup Time": 0.074, "Actual Total Time": 105.384, "Actual Rows": 16299, "Actual Loops": 3, "Filter": "(((note)::text ~~ '%(Japan)%'::text) AND ((note)::text !~~ '%(USA)%'::text))", "Rows Removed by Filter": 853411}, {"Node Type": "Hash", "Parent Relationship": "Inner", "Parallel Aware": true, "Startup Cost": 441514.99, "Total Cost": 441514.99, "Plan Rows": 252, "Plan Width": 8, "Actual Startup Time": 1687.243, "Actual Total Time": 1687.246, "Actual Rows": 11616, "Actual Loops": 3, "Hash Buckets": 65536, "Original Hash Buckets": 1024, "Hash Batches": 1, "Original Hash Batches": 1, "Peak Memory Usage": 2456, "Plans": [{"Node Type": "Hash Join", "Parent Relationship": "Outer", "Parallel Aware": false, "Join Type": "Inner", "Startup Cost": 18.93, "Total Cost": 441514.99, "Plan Rows": 252, "Plan Width": 8, "Actual Startup Time": 322.449, "Actual Total Time": 891.22, "Actual Rows": 11616, "Actual Loops": 3, "Inner Unique": true, "Hash Cond": "(ci.role_id = rt.id)", "Plans": [{"Node Type": "Seq Scan", "Parent Relationship": "Outer", "Parallel Aware": true, "Relation Name": "cast_info", "Alias": "ci", "Startup Cost": 0.0, "Total Cost": 441377.81, "Plan Rows": 44782, "Plan Width": 12, "Actual Startup Time": 0.286, "Actual Total Time": 888.035, "Actual Rows": 31032, "Actual Loops": 3, "Filter": "((note)::text = '(voice: English version)'::text)", "Rows Removed by Filter": 12050416}, {"Node Type": "Hash", "Parent Relationship": "Inner", "Parallel Aware": false, "Startup Cost": 18.88, "Total Cost": 18.88, "Plan Rows": 4, "Plan Width": 4, "Actual Startup Time": 0.018, "Actual Total Time": 0.019, "Actual Rows": 1, "Actual Loops": 3, "Hash Buckets": 1024, "Original Hash Buckets": 1024, "Hash Batches": 1, "Original Hash Batches": 1, "Peak Memory Usage": 9, "Plans": [{"Node Type": "Seq Scan", "Parent Relationship": "Outer", "Parallel Aware": false, "Relation Name": "role_type", "Alias": "rt", "Startup Cost": 0.0, "Total Cost": 18.88, "Plan Rows": 4, "Plan Width": 4, "Actual Startup Time": 0.015, "Actual Total Time": 0.016, "Actual Rows": 1, "Actual Loops": 3, "Filter": "((role)::text = 'actress'::text)", "Rows Removed by Filter": 11}]}]}]}]}, {"Node Type": "Index Scan", "Parent Relationship": "Inner", "Parallel Aware": false, "Scan Direction": "Forward", "Index Name": "company_name_pkey", "Relation Name": "company_name", "Alias": "cn", "Startup Cost": 0.42, "Total Cost": 1.6, "Plan Rows": 1, "Plan Width": 4, "Actual Startup Time": 0.001, "Actual Total Time": 0.001, "Actual Rows": 1, "Actual Loops": 7532, "Index Cond": "(id = mc.company_id)", "Rows Removed by Index Recheck": 0, "Filter": "((country_code)::text = '[jp]'::text)", "Rows Removed by Filter": 0}]}]}]}, {"Node Type": "Index Scan", "Parent Relationship": "Inner", "Parallel Aware": false, "Scan Direction": "Forward", "Index Name": "name_pkey", "Relation Name": "name", "Alias": "n1", "Startup Cost": 0.43, "Total Cost": 0.77, "Plan Rows": 1, "Plan Width": 4, "Actual Startup Time": 0.001, "Actual Total Time": 0.001, "Actual Rows": 0, "Actual Loops": 17379, "Index Cond": "(id = an1.person_id)", "Rows Removed by Index Recheck": 0, "Filter": "(((name)::text ~~ '%Yo%'::text) AND ((name)::text !~~ '%Yu%'::text))", "Rows Removed by Filter": 1}]}, {"Node Type": "Index Only Scan", "Parent Relationship": "Inner", "Parallel Aware": false, "Scan Direction": "Forward", "Index Name": "title_pkey", "Relation Name": "title", "Alias": "t", "Startup Cost": 0.43, "Total Cost": 2.12, "Plan Rows": 1, "Plan Width": 4, "Actual Startup Time": 0.006, "Actual Total Time": 0.006, "Actual Rows": 1, "Actual Loops": 62, "Index Cond": "(id = ci.movie_id)", "Rows Removed by Index Recheck": 0, "Heap Fetches": 62}]}]}]}]}, "Planning Time": 82.955, "Triggers": [], "Execution Time": 1915.171}]
[{"Bao": {"Bao prediction": 2127.299, "Bao recommended hint": "(no hint)"}}, {"Plan": {"Node Type": "Aggregate", "Strategy": "Plain", "Partial Mode": "Simple", "Parallel Aware": false, "Startup Cost": 529510.66, "Total Cost": 529510.67, "Plan Rows": 1, "Plan Width": 8, "Actual Startup Time": 2339.334, "Actual Total Time": 2375.604, "Actual Rows": 1, "Actual Loops": 1, "Plans": [{"Node Type": "Nested Loop", "Parent Relationship": "Outer", "Parallel Aware": false, "Join Type": "Inner", "Startup Cost": 69261.23, "Total Cost": 529510.65, "Plan Rows": 1, "Plan Width": 0, "Actual Startup Time": 478.025, "Actual Total Time": 2375.438, "Actual Rows": 1728, "Actual Loops": 1, "Inner Unique": true, "Plans": [{"Node Type": "Nested Loop", "Parent Relationship": "Outer", "Parallel Aware": false, "Join Type": "Inner", "Startup Cost": 69261.08, "Total Cost": 529510.48, "Plan Rows": 1, "Plan Width": 4, "Actual Startup Time": 478.019, "Actual Total Time": 2373.399, "Actual Rows": 2199, "Actual Loops": 1, "Inner Unique": true, "Plans": [{"Node Type": "Gather", "Parent Relationship": "Outer", "Parallel Aware": false, "Startup Cost": 69260.65, "Total Cost": 529510.02, "Plan Rows": 1, "Plan Width": 8, "Actual Startup Time": 478.009, "Actual Total Time": 2368.119, "Actual Rows": 2199, "Actual Loops": 1, "Workers Planned": 2, "Workers Launched": 2, "Single Copy": false, "Plans": [{"Node Type": "Nested Loop", "Parent Relationship": "Outer", "Parallel Aware": false, "Join Type": "Inner", "Startup Cost": 68260.65, "Total Cost": 528509.92, "Plan Rows": 1, "Plan Width": 8, "Actual Startup Time": 478.134, "Actual Total Time": 2333.9, "Actual Rows": 733, "Actual Loops": 3, "Inner Unique": true, "Plans": [{"Node Type": "Hash Join", "Parent Relationship": "Outer", "Parallel Aware": true, "Join Type": "Inner", "Startup Cost": 68260.22, "Total Cost": 528507.17, "Plan Rows": 6, "Plan Width": 12, "Actual Startup Time": 474.539, "Actual Total Time": 2300.357, "Actual Rows": 24126, "Actual Loops": 3, "Inner Unique": false, "Hash Cond": "(ci.movie_id = t.id)", "Plans": [{"Node Type": "Seq Scan", "Parent Relationship": "Outer", "Parallel Aware": true, "Relation Name": "cast_info", "Alias": "ci", "Startup Cost": 0.0, "Total Cost": 403639.65, "Plan Rows": 15095265, "Plan Width": 12, "Actual Startup Time": 0.024, "Actual Total Time": 858.88, "Actual Rows": 12081448, "Actual Loops": 3}, {"Node Type": "Hash", "Parent Relationship": "Inner", "Parallel Aware": true, "Startup Cost": 68260.21, "Total Cost": 68260.21, "Plan Rows": 1, "Plan Width": 20, "Actual Startup Time": 473.247, "Actual Total Time": 473.254, "Actual Rows": 134, "Actual Loops": 3, "Hash Buckets": 1024, "Original Hash Buckets": 1024, "Hash Batches": 1, "Original Hash Batches": 1, "Peak Memory Usage": 104, "Plans": [{"Node Type": "Nested Loop", "Parent Relationship": "Outer", "Parallel Aware": false, "Join Type": "Inner", "Startup Cost": 17887.81, "Total Cost": 68260.21, "Plan Rows": 1, "Plan Width": 20, "Actual Startup Time": 232.312, "Actual Total Time": 473.111, "Actual Rows": 134, "Actual Loops": 3, "Inner Unique": true, "Plans": [{"Node Type": "Hash Join", "Parent Relationship": "Outer", "Parallel Aware": true, "Join Type": "Inner", "Startup Cost": 17887.39, "Total Cost": 68259.75, "Plan Rows": 1, "Plan Width": 24, "Actual Startup Time": 229.571, "Actual Total Time": 408.907, "Actual Rows": 33725, "Actual Loops": 3, "Inner Unique": false, "Hash Cond": "(mk.movie_id = t.id)", "Plans": [{"Node Type": "Seq Scan", "Parent Relationship": "Outer", "Parallel Aware": true, "Relation Name": "movie_keyword", "Alias": "mk", "Startup Cost": 0.0, "Total Cost": 43303.71, "Plan Rows": 1884971, "Plan Width": 8, "Actual Startup Time": 0.01, "Actual Total Time": 102.12, "Actual Rows": 1507977, "Actual Loops": 3}, {"Node Type": "Hash", "Parent Relationship": "Inner", "Parallel Aware": true, "Startup Cost": 17887.38, "Total Cost": 17887.38, "Plan Rows": 1, "Plan Width": 16, "Actual Startup Time": 186.584, "Actual Total Time": 186.589, "Actual Rows": 288, "Actual Loops": 3, "Hash Buckets": 1024, "Original Hash Buckets": 1024, "Hash Batches": 1, "Original Hash Batches": 1, "Peak Memory Usage": 104, "Plans": [{"Node Type": "Nested Loop", "Parent Relationship": "Outer", "Parallel Aware": false, "Join Type": "Inner", "Startup Cost": 2462.84, "Total Cost": 17887.38, "Plan Rows": 1, "Plan Width": 16, "Actual Startup Time": 102.586, "Actual Total Time": 185.491, "Actual Rows": 288, "Actual Loops": 3, "Inner Unique": true, "Plans": [{"Node Type": "Nested Loop", "Parent Relationship": "Outer", "Parallel Aware": false, "Join Type": "Inner", "Startup Cost": 2462.69, "Total Cost": 17887.2, "Plan Rows": 1, "Plan Width": 20, "Actual Startup Time": 55.155, "Actual Total Time": 182.357, "Actual Rows": 3291, "Actual Loops": 3, "Inner Unique": true, "Join Filter": "(cc.movie_id = t.id)", "Rows Removed by Join Filter": 0, "Plans": [{"Node Type": "Hash Join", "Parent Relationship": "Outer", "Parallel Aware": false, "Join Type": "Inner", "Startup Cost": 2462.26, "Total Cost": 17885.8, "Plan Rows": 1, "Plan Width": 12, "Actual Startup Time": 54.826, "Actual Total Time": 151.378, "Actual Rows": 9971, "Actual Loops": 3, "Inner Unique": true, "Hash Cond": "(mi_idx.info_type_id = it2.id)", "Plans": [{"Node Type": "Hash Join", "Parent Relationship": "Outer", "Parallel Aware": false, "Join Type": "Inner", "Startup Cost": 2459.84, "Total Cost": 17883.29, "Plan Rows": 33, "Plan Width": 16, "Actual Startup Time": 54.785, "Actual Total Time": 149.269, "Actual Rows": 14617, "Actual Loops": 3, "Inner Unique": false, "Hash Cond": "(mi_idx.movie_id = cc.movie_id)", "Plans": [{"Node Type": "Seq Scan", "Parent Relationship": "Outer", "Parallel Aware": true, "Relation Name": "movie_info_idx", "Alias": "mi_idx", "Startup Cost": 0.0, "Total Cost": 15122.68, "Plan Rows": 80118, "Plan Width": 8, "Actual Startup Time": 0.02, "Actual Total Time": 67.315, "Actual Rows": 64632, "Actual Loops": 3, "Filter": "((info)::text > '7.0'::text)", "Rows Removed by Filter": 395380}, {"Node Type": "Hash", "Parent Relationship": "Inner", "Parallel Aware": false, "Startup Cost": 2457.46, "Total Cost": 2457.46, "Plan Rows": 190, "Plan Width": 8, "Actual Startup Time": 54.73, "Actual Total Time": 54.732, "Actual Rows": 135086, "Actual Loops": 3, "Hash Buckets": 131072, "Original Hash Buckets": 1024, "Hash Batches": 2, "Original Hash Batches": 1, "Peak Memory Usage": 3659, "Plans": [{"Node Type": "Hash Join", "Parent Relationship": "Outer", "Parallel Aware": false, "Join Type": "Inner", "Startup Cost": 18.89, "Total Cost": 2457.46, "Plan Rows": 190, "Plan Width": 8, "Actual Startup Time": 0.042, "Actual Total Time": 33.356, "Actual Rows": 135086, "Actual Loops": 3, "Inner Unique": true, "Hash Cond": "(cc.status_id = cct2.id)", "Plans": [{"Node Type": "Seq Scan", "Parent Relationship": "Outer", "Parallel Aware": false, "Relation Name": "complete_cast", "Alias": "cc", "Startup Cost": 0.0, "Total Cost": 2081.86, "Plan Rows": 135086, "Plan Width": 12, "Actual Startup Time": 0.015, "Actual Total Time": 10.327, "Actual Rows": 135086, "Actual Loops": 3}, {"Node Type": "Hash", "Parent Relationship": "Inner", "Parallel Aware": false, "Startup Cost": 18.88, "Total Cost": 18.88, "Plan Rows": 1, "Plan Width": 4, "Actual Startup Time": 0.018, "Actual Total Time": 0.018, "Actual Rows": 2, "Actual Loops": 3, "Hash Buckets": 1024, "Original Hash Buckets": 1024, "Hash Batches": 1, "Original Hash Batches": 1, "Peak Memory Usage": 9, "Plans": [{"Node Type": "Seq Scan", "Parent Relationship": "Outer", "Parallel Aware": false, "Relation Name": "comp_cast_type", "Alias": "cct2", "Startup Cost": 0.0, "Total Cost": 18.88, "Plan Rows": 1, "Plan Width": 4, "Actual Startup Time": 0.015, "Actual Total Time": 0.015, "Actual Rows": 2, "Actual Loops": 3, "Filter": "((kind)::text ~~ '%complete%'::text)", "Rows Removed by Filter": 2}]}]}]}]}, {"Node Type": "Hash", "Parent Relationship": "Inner", "Parallel Aware": false, "Startup Cost": 2.41, "Total Cost": 2.41, "Plan Rows": 1, "Plan Width": 4, "Actual Startup Time": 0.029, "Actual Total Time": 0.03, "Actual Rows": 1, "Actual Loops": 3, "Hash Buckets": 1024, "Original Hash Buckets": 1024, "Hash Batches": 1, "Original Hash Batches": 1, "Peak Memory Usage": 9, "Plans": [{"Node Type": "Seq Scan", "Parent Relationship": "Outer", "Parallel Aware": false, "Relation Name": "info_type", "Alias": "it2", "Startup Cost": 0.0, "Total Cost": 2.41, "Plan Rows": 1, "Plan Width": 4, "Actual Startup Time": 0.024, "Actual Total Time": 0.026, "Actual Rows": 1, "Actual Loops": 3, "Filter": "((info)::text = 'rating'::text)", "Rows Removed by Filter": 112}]}]}, {"Node Type": "Index Scan", "Parent Relationship": "Inner", "Parallel Aware": false, "Scan Direction": "Forward", "Index Name": "title_pkey", "Relation Name": "title", "Alias": "t", "Startup Cost": 0.43, "Total Cost": 1.39, "Plan Rows": 1, "Plan Width": 8, "Actual Startup Time": 0.003, "Actual Total Time": 0.003, "Actual Rows": 0, "Actual Loops": 29914, "Index Cond": "(id = mi_idx.movie_id)", "Rows Removed by Index Recheck": 0, "Filter": "(production_year > 2000)", "Rows Removed by Filter": 1}]}, {"Node Type": "Index Scan", "Parent Relationship": "Inner", "Parallel Aware": false, "Scan Direction": "Forward", "Index Name": "kind_type_pkey", "Relation Name": "kind_type", "Alias": "kt", "Startup Cost": 0.15, "Total Cost": 0.17, "Plan Rows": 1, "Plan Width": 4, "Actual Startup Time": 0.001, "Actual Total Time": 0.001, "Actual Rows": 0, "Actual Loops": 9872, "Index Cond": "(id = t.kind_id)", "Rows Removed by Index Recheck": 0, "Filter": "((kind)::text = 'movie'::text)", "Rows Removed by Filter": 1}]}]}]}, {"Node Type": "Index Scan", "Parent Relationship": "Inner", "Parallel Aware": false, "Scan Direction": "Forward", "Index Name": "keyword_pkey", "Relation Name": "keyword", "Alias": "k", "Startup Cost": 0.42, "Total Cost": 0.45, "Plan Rows": 1, "Plan Width": 4, "Actual Startup Time": 0.002, "Actual Total Time": 0.002, "Actual Rows": 0, "Actual Loops": 101174, "Index Cond": "(id = mk.keyword_id)", "Rows Removed by Index Recheck": 0, "Filter": "((keyword)::text = ANY ('{superhero,marvel-comics,based-on-comic,tv-special,fight,violence,magnet,web,claw,laser}'::text[]))", "Rows Removed by Filter": 1}]}]}]}, {"Node Type": "Index Scan", "Parent Relationship": "Inner", "Parallel Aware": false, "Scan Direction": "Forward", "Index Name": "char_name_pkey", "Relation Name": "char_name", "Alias": "chn", "Startup Cost": 0.43, "Total Cost": 0.46, "Plan Rows": 1, "Plan Width": 4, "Actual Startup Time": 0.001, "Actual Total Time": 0.001, "Actual Rows": 0, "Actual Loops": 72379, "Index Cond": "(id = ci.person_role_id)", "Rows Removed by Index Recheck": 0, "Filter": "((name IS NOT NULL) AND (((name)::text ~~ '%man%'::text) OR ((name)::text ~~ '%Man%'::text)))", "Rows Removed by Filter": 0}]}]}, {"Node Type": "Index Only Scan", "Parent Relationship": "Inner", "Parallel Aware": false, "Scan Direction": "Forward", "Index Name": "name_pkey", "Relation Name": "name", "Alias": "n", "Startup Cost": 0.43, "Total Cost": 0.46, "Plan Rows": 1, "Plan Width": 4, "Actual Startup Time": 0.002, "Actual Total Time": 0.002, "Actual Rows": 1, "Actual Loops": 2199, "Index Cond": "(id = ci.person_id)", "Rows Removed by Index Recheck": 0, "Heap Fetches": 2199}]}, {"Node Type": "Index Scan", "Parent Relationship": "Inner", "Parallel Aware": false, "Scan Direction": "Forward", "Index Name": "comp_cast_type_pkey", "Relation Name": "comp_cast_type", "Alias": "cct1", "Startup Cost": 0.15, "Total Cost": 0.17, "Plan Rows": 1, "Plan Width": 4, "Actual Startup Time": 0.001, "Actual Total Time": 0.001, "Actual Rows": 1, "Actual Loops": 2199, "Index Cond": "(id = cc.subject_id)", "Rows Removed by Index Recheck": 0, "Filter": "((kind)::text = 'cast'::text)", "Rows Removed by Filter": 0}]}]}, "Planning Time": 209.275, "Triggers": [], "Execution Time": 2375.722}]
[{"Bao": {"Bao prediction": 2756.497, "Bao recommended hint": "SET enable_nestloop TO off; "}}, {"Plan": {"Node Type": "Aggregate", "Strategy": "Plain", "Partial Mode": "Simple", "Parallel Aware": false, "Startup Cost": 1031645.41, "Total Cost": 1031645.42, "Plan Rows": 1, "Plan Width": 8, "Actual Startup Time": 2910.103, "Actual Total Time": 2973.386, "Actual Rows": 1, "Actual Loops": 1, "Plans": [{"Node Type": "Hash Join", "Parent Relationship": "Outer", "Parallel Aware": false, "Join Type": "Inner", "Startup Cost": 775815.25, "Total Cost": 1031645.41, "Plan Rows": 1, "Plan Width": 0, "Actual Startup Time": 2479.047, "Actual Total Time": 2973.371, "Actual Rows": 45, "Actual Loops": 1, "Inner Unique": true, "Hash Cond": "(mi.info_type_id = it.id)", "Plans": [{"Node Type": "Gather", "Parent Relationship": "Outer", "Parallel Aware": false, "Startup Cost": 775812.83, "Total Cost": 1031642.98, "Plan Rows": 1, "Plan Width": 4, "Actual Startup Time": 2479.021, "Actual Total Time": 2973.337, "Actual Rows": 45, "Actual Loops": 1, "Workers Planned": 2, "Workers Launched": 2, "Single Copy": false, "Plans": [{"Node Type": "Hash Join", "Parent Relationship": "Outer", "Parallel Aware": true, "Join Type": "Inner", "Startup Cost": 774812.83, "Total Cost": 1030642.88, "Plan Rows": 1, "Plan Width": 4, "Actual Startup Time": 2620.075, "Actual Total Time": 2907.284, "Actual Rows": 15, "Actual Loops": 3, "Inner Unique": false, "Hash Cond": "(mi.movie_id = t.id)", "Plans": [{"Node Type": "Seq Scan", "Parent Relationship": "Outer", "Parallel Aware": true, "Relation Name": "movie_info", "Alias": "mi", "Startup Cost": 0.0, "Total Cost": 255356.52, "Plan Rows": 126272, "Plan Width": 8, "Actual Startup Time": 128.789, "Actual Total Time": 754.086, "Actual Rows": 100416, "Actual Loops": 3, "Filter": "((info IS NOT NULL) AND (((info)::text ~~ 'Japan:%201%'::text) OR ((info)::text ~~ 'USA:%201%'::text)))", "Rows Removed by Filter": 4844824}, {"Node Type": "Hash", "Parent Relationship": "Inner", "Parallel Aware": true, "Startup Cost": 774812.82, "Total Cost": 774812.82, "Plan Rows": 1, "Plan Width": 16, "Actual Startup Time": 2146.938, "Actual Total Time": 2146.95, "Actual Rows": 8, "Actual Loops": 3, "Hash Buckets": 1024, "Original Hash Buckets": 1024, "Hash Batches": 1, "Original Hash Batches": 1, "Peak Memory Usage": 40, "Plans": [{"Node Type": "Hash Join", "Parent Relationship": "Outer", "Parallel Aware": true, "Join Type": "Inner", "Startup Cost": 720372.94, "Total Cost": 774812.82, "Plan Rows": 1, "Plan Width": 16, "Actual Startup Time": 2130.482, "Actual Total Time": 2146.92, "Actual Rows": 8, "Actual Loops": 3, "Inner Unique": false, "Hash Cond": "(chn.id = ci.person_role_id)", "Plans": [{"Node Type": "Seq Scan", "Parent Relationship": "Outer", "Parallel Aware": true, "Relation Name": "char_name", "Alias": "chn", "Startup Cost": 0.0, "Total Cost": 49533.0, "Plan Rows": 1308500, "Plan Width": 4, "Actual Startup Time": 0.006, "Actual Total Time": 82.867, "Actual Rows": 1046780, "Actual Loops": 3}, {"Node Type": "Hash", "Parent Relationship": "Inner", "Parallel Aware": true, "Startup Cost": 720372.92, "Total Cost": 720372.92, "Plan Rows": 1, "Plan Width": 20, "Actual Startup Time": 1995.022, "Actual Total Time": 1995.033, "Actual Rows": 8, "Actual Loops": 3, "Hash Buckets": 1024, "Original Hash Buckets": 1024, "Hash Batches": 1, "Original Hash Batches": 1, "Peak Memory Usage": 40, "Plans": [{"Node Type": "Hash Join", "Parent Relationship": "Outer", "Parallel Aware": false, "Join Type": "Inner", "Startup Cost": 704222.22, "Total Cost": 720372.92, "Plan Rows": 1, "Plan Width": 20, "Actual Startup Time": 1982.932, "Actual Total Time": 1994.958, "Actual Rows": 8, "Actual Loops": 3, "Inner Unique": true, "Hash Cond": "(ci.role_id = rt.id)", "Plans": [{"Node Type": "Hash Join", "Parent Relationship": "Outer", "Parallel Aware": true, "Join Type": "Inner", "Startup Cost": 704203.3, "Total Cost": 720354.0, "Plan Rows": 1, "Plan Width": 24, "Actual Startup Time": 1982.897, "Actual Total Time": 1994.92, "Actual Rows": 8, "Actual Loops": 3, "Inner Unique": false, "Hash Cond": "(n.id = ci.person_id)", "Plans": [{"Node Type": "Hash Join", "Parent Relationship": "Outer", "Parallel Aware": true, "Join Type": "Inner", "Startup Cost": 81866.42, "Total Cost": 98003.87, "Plan Rows": 3533, "Plan Width": 8, "Actual Startup Time": 199.276, "Actual Total Time": 254.635, "Actual Rows": 3508, "Actual Loops": 3, "Inner Unique": true, "Hash Cond": "(an.person_id = n.id)", "Plans": [{"Node Type": "Seq Scan", "Parent Relationship": "Outer", "Parallel Aware": true, "Relation Name": "aka_name", "Alias": "an", "Startup Cost": 0.0, "Total Cost": 15151.6, "Plan Rows": 375560, "Plan Width": 4, "Actual Startup Time": 0.011, "Actual Total Time": 24.55, "Actual Rows": 300448, "Actual Loops": 3}, {"Node Type": "Hash", "Parent Relationship": "Inner", "Parallel Aware": true, "Startup Cost": 81662.21, "Total Cost": 81662.21, "Plan Rows": 16337, "Plan Width": 4, "Actual Startup Time": 199.079, "Actual Total Time": 199.08, "Actual Rows": 16670, "Actual Loops": 3, "Hash Buckets": 65536, "Original Hash Buckets": 65536, "Hash Batches": 1, "Original Hash Batches": 1, "Peak Memory Usage": 2528, "Plans": [{"Node Type": "Seq Scan", "Parent Relationship": "Outer", "Parallel Aware": true, "Relation Name": "name", "Alias": "n", "Startup Cost": 0.0, "Total Cost": 81662.21, "Plan Rows": 16337, "Plan Width": 4, "Actual Startup Time": 81.713, "Actual Total Time": 195.434, "Actual Rows": 16670, "Actual Loops": 3, "Filter": "(((name)::text ~~ '%An%'::text) AND ((gender)::text = 'f'::text))", "Rows Removed by Filter": 1372493}]}]}, {"Node Type": "Hash", "Parent Relationship": "Inner", "Parallel Aware": true, "Startup Cost": 622336.86, "Total Cost": 622336.86, "Plan Rows": 1, "Plan Width": 28, "Actual Startup Time": 1739.941, "Actual Total Time": 1739.948, "Actual Rows": 36, "Actual Loops": 3, "Hash Buckets": 1024, "Original Hash Buckets": 1024, "Hash Batches": 1, "Original Hash Batches": 1, "Peak Memory Usage": 104, "Plans": [{"Node Type": "Hash Join", "Parent Relationship": "Outer", "Parallel Aware": true, "Join Type": "Inner", "Startup Cost": 141820.79, "Total Cost": 622336.86, "Plan Rows": 1, "Plan Width": 28, "Actual Startup Time": 523.389, "Actual Total Time": 1739.87, "Actual Rows": 36, "Actual Loops": 3, "Inner Unique": false, "Hash Cond": "(ci.movie_id = t.id)", "Plans": [{"Node Type": "Seq Scan", "Parent Relationship": "Outer", "Parallel Aware": true, "Relation Name": "cast_info", "Alias": "ci", "Startup Cost": 0.0, "Total Cost": 479115.98, "Plan Rows": 373356, "Plan Width": 16, "Actual Startup Time": 0.031, "Actual Total Time": 1275.984, "Actual Rows": 289159, "Actual Loops": 3, "Filter": "((note)::text = ANY ('{(voice),\"(voice: Japanese version)\",\"(voice) (uncredited)\",\"(voice: English version)\"}'::text[]))", "Rows Removed by Filter": 11792289}, {"Node Type": "Hash", "Parent Relationship": "Inner", "Parallel Aware": true, "Startup Cost": 141820.78, "Total Cost": 141820.78, "Plan Rows": 1, "Plan Width": 12, "Actual Startup Time": 446.803, "Actual Total Time": 446.808, "Actual Rows": 2, "Actual Loops": 3, "Hash Buckets": 1024, "Original Hash Buckets": 1024, "Hash Batches": 1, "Original Hash Batches": 1, "Peak Memory Usage": 72, "Plans": [{"Node Type": "Hash Join", "Parent Relationship": "Outer", "Parallel Aware": true, "Join Type": "Inner", "Startup Cost": 108082.63, "Total Cost": 141820.78, "Plan Rows": 1, "Plan Width": 12, "Actual Startup Time": 421.46, "Actual Total Time": 446.779, "Actual Rows": 2, "Actual Loops": 3, "Inner Unique": true, "Hash Cond": "(mc.company_id = cn.id)", "Plans": [{"Node Type": "Hash Join", "Parent Relationship": "Outer", "Parallel Aware": true, "Join Type": "Inner", "Startup Cost": 103014.11, "Total Cost": 136752.26, "Plan Rows": 1, "Plan Width": 16, "Actual Startup Time": 359.577, "Actual Total Time": 435.867, "Actual Rows": 21, "Actual Loops": 3, "Inner Unique": false, "Hash Cond": "(mc.movie_id = t.id)", "Plans": [{"Node Type": "Seq Scan", "Parent Relationship": "Outer", "Parallel Aware": true, "Relation Name": "movie_companies", "Alias": "mc", "Startup Cost": 0.0, "Total Cost": 29661.37, "Plan Rows": 1087137, "Plan Width": 8, "Actual Startup Time": 0.027, "Actual Total Time": 66.014, "Actual Rows": 869710, "Actual Loops": 3}, {"Node Type": "Hash", "Parent Relationship": "Inner", "Parallel Aware": true, "Startup Cost": 103014.1, "Total Cost": 103014.1, "Plan Rows": 1, "Plan Width": 8, "Actual Startup Time": 308.85, "Actual Total Time": 308.852, "Actual Rows": 2, "Actual Loops": 3, "Hash Buckets": 1024, "Original Hash Buckets": 1024, "Hash Batches": 1, "Original Hash Batches": 1, "Peak Memory Usage": 72, "Plans": [{"Node Type": "Hash Join", "Parent Relationship": "Outer", "Parallel Aware": false, "Join Type": "Inner", "Startup Cost": 54762.26, "Total Cost": 103014.1, "Plan Rows": 1, "Plan Width": 8, "Actual Startup Time": 213.783, "Actual Total Time": 308.771, "Actual Rows": 2, "Actual Loops": 3, "Inner Unique": true, "Hash Cond": "(mk.keyword_id = k.id)", "Plans": [{"Node Type": "Hash Join", "Parent Relationship": "Outer", "Parallel Aware": true, "Join Type": "Inner", "Startup Cost": 51800.66, "Total Cost": 100052.43, "Plan Rows": 27, "Plan Width": 12, "Actual Startup Time": 196.119, "Actual Total Time": 291.103, "Actual Rows": 29, "Actual Loops": 3, "Inner Unique": true, "Hash Cond": "(mk.movie_id = t.id)", "Plans": [{"Node Type": "Seq Scan", "Parent Relationship": "Outer", "Parallel Aware": true, "Relation Name": "movie_keyword", "Alias": "mk", "Startup Cost": 0.0, "Total Cost": 43303.71, "Plan Rows": 1884971, "Plan Width": 8, "Actual Startup Time": 0.006, "Actual Total Time": 101.733, "Actual Rows": 1507977, "Actual Loops": 3}, {"Node Type": "Hash", "Parent Relationship": "Inner", "Parallel Aware": true, "Startup Cost": 51800.47, "Total Cost": 51800.47, "Plan Rows": 15, "Plan Width": 4, "Actual Startup Time": 85.345, "Actual Total Time": 85.345, "Actual Rows": 3, "Actual Loops": 3, "Hash Buckets": 1024, "Original Hash Buckets": 1024, "Hash Batches": 1, "Original Hash Batches": 1, "Peak Memory Usage": 104, "Plans": [{"Node Type": "Seq Scan", "Parent Relationship": "Outer", "Parallel Aware": true, "Relation Name": "title", "Alias": "t", "Startup Cost": 0.0, "Total Cost": 51800.47, "Plan Rows": 15, "Plan Width": 4, "Actual Startup Time": 29.027, "Actual Total Time": 85.305, "Actual Rows": 3, "Actual Loops": 3, "Filter": "((production_year > 2010) AND ((title)::text ~~ 'Kung Fu Panda%'::text))", "Rows Removed by Filter": 842768}]}]}, {"Node Type": "Hash", "Parent Relationship": "Inner", "Parallel Aware": false, "Startup Cost": 2961.55, "Total Cost": 2961.55, "Plan Rows": 4, "Plan Width": 4, "Actual Startup Time": 17.651, "Actual Total Time": 17.651, "Actual Rows": 3, "Actual Loops": 3, "Hash Buckets": 1024, "Original Hash Buckets": 1024, "Hash Batches": 1, "Original Hash Batches": 1, "Peak Memory Usage": 9, "Plans": [{"Node Type": "Seq Scan", "Parent Relationship": "Outer", "Parallel Aware": false, "Relation Name": "keyword", "Alias": "k", "Startup Cost": 0.0, "Total Cost": 2961.55, "Plan Rows": 4, "Plan Width": 4, "Actual Startup Time": 0.031, "Actual Total Time": 17.648, "Actual Rows": 3, "Actual Loops": 3, "Filter": "((keyword)::text = ANY ('{hero,martial-arts,hand-to-hand-combat,computer-animated-movie}'::text[]))", "Rows Removed by Filter": 134167}]}]}]}]}, {"Node Type": "Hash", "Parent Relationship": "Inner", "Parallel Aware": true, "Startup Cost": 5068.5, "Total Cost": 5068.5, "Plan Rows": 1, "Plan Width": 4, "Actual Startup Time": 10.844, "Actual Total Time": 10.844, "Actual Rows": 0, "Actual Loops": 3, "Hash Buckets": 1024, "Original Hash Buckets": 1024, "Hash Batches": 1, "Original Hash Batches": 1, "Peak Memory Usage": 40, "Plans": [{"Node Type": "Seq Scan", "Parent Relationship": "Outer", "Parallel Aware": true, "Relation Name": "company_name", "Alias": "cn", "Startup Cost": 0.0, "Total Cost": 5068.5, "Plan Rows": 1, "Plan Width": 4, "Actual Startup Time": 8.148, "Actual Total Time": 10.779, "Actual Rows": 0, "Actual Loops": 3, "Filter": "(((country_code)::text = '[us]'::text) AND ((name)::text = 'DreamWorks Animation'::text))", "Rows Removed by Filter": 78332}]}]}]}]}]}]}, {"Node Type": "Hash", "Parent Relationship": "Inner", "Parallel Aware": false, "Startup Cost": 18.88, "Total Cost": 18.88, "Plan Rows": 4, "Plan Width": 4, "Actual Startup Time": 0.025, "Actual Total Time": 0.025, "Actual Rows": 1, "Actual Loops": 3, "Hash Buckets": 1024, "Original Hash Buckets": 1024, "Hash Batches": 1, "Original Hash Batches": 1, "Peak Memory Usage": 9, "Plans": [{"Node Type": "Seq Scan", "Parent Relationship": "Outer", "Parallel Aware": false, "Relation Name": "role_type", "Alias": "rt", "Startup Cost": 0.0, "Total Cost": 18.88, "Plan Rows": 4, "Plan Width": 4, "Actual Startup Time": 0.022, "Actual Total Time": 0.023, "Actual Rows": 1, "Actual Loops": 3, "Filter": "((role)::text = 'actress'::text)", "Rows Removed by Filter": 11}]}]}]}]}]}]}]}, {"Node Type": "Hash", "Parent Relationship": "Inner", "Parallel Aware": false, "Startup Cost": 2.41, "Total Cost": 2.41, "Plan Rows": 1, "Plan Width": 4, "Actual Startup Time": 0.021, "Actual Total Time": 0.022, "Actual Rows": 1, "Actual Loops": 1, "Hash Buckets": 1024, "Original Hash Buckets": 1024, "Hash Batches": 1, "Original Hash Batches": 1, "Peak Memory Usage": 9, "Plans": [{"Node Type": "Seq Scan", "Parent Relationship": "Outer", "Parallel Aware": false, "Relation Name": "info_type", "Alias": "it", "Startup Cost": 0.0, "Total Cost": 2.41, "Plan Rows": 1, "Plan Width": 4, "Actual Startup Time": 0.014, "Actual Total Time": 0.019, "Actual Rows": 1, "Actual Loops": 1, "Filter": "((info)::text = 'release dates'::text)", "Rows Removed by Filter": 112}]}]}]}, "Planning Time": 216.151, "Triggers": [], "Execution Time": 2973.502}]
[{"Bao": {"Bao prediction": 1176.769, "Bao recommended hint": "(no hint)"}}, {"Plan": {"Node Type": "Aggregate", "Strategy": "Plain", "Partial Mode": "Finalize", "Parallel Aware": false, "Startup Cost": 369814.16, "Total Cost": 369814.17, "Plan Rows": 1, "Plan Width": 8, "Actual Startup Time": 1824.927, "Actual Total Time": 1865.97, "Actual Rows": 1, "Actual Loops": 1, "Plans": [{"Node Type": "Gather", "Parent Relationship": "Outer", "Parallel Aware": false, "Startup Cost": 369813.95, "Total Cost": 369814.16, "Plan Rows": 2, "Plan Width": 8, "Actual Startup Time": 1822.848, "Actual Total Time": 1865.959, "Actual Rows": 3, "Actual Loops": 1, "Workers Planned": 2, "Workers Launched": 2, "Single Copy": false, "Plans": [{"Node Type": "Aggregate", "Strategy": "Plain", "Partial Mode": "Partial", "Parent Relationship": "Outer", "Parallel Aware": false, "Startup Cost": 368813.95, "Total Cost": 368813.96, "Plan Rows": 1, "Plan Width": 8, "Actual Startup Time": 1820.032, "Actual Total Time": 1820.044, "Actual Rows": 1, "Actual Loops": 3, "Plans": [{"Node Type": "Nested Loop", "Parent Relationship": "Outer", "Parallel Aware": false, "Join Type": "Inner", "Startup Cost": 318441.36, "Total Cost": 368813.94, "Plan Rows": 1, "Plan Width": 0, "Actual Startup Time": 1648.326, "Actual Total Time": 1820.018, "Actual Rows": 470, "Actual Loops": 3, "Inner Unique": true, "Plans": [{"Node Type": "Hash Join", "Parent Relationship": "Outer", "Parallel Aware": true, "Join Type": "Inner", "Startup Cost": 318440.94, "Total Cost": 368813.48, "Plan Rows": 1, "Plan Width": 4, "Actual Startup Time": 1557.845, "Actual Total Time": 1808.759, "Actual Rows": 7954, "Actual Loops": 3, "Inner Unique": false, "Hash Cond": "(mk.movie_id = ml.movie_id)", "Plans": [{"Node Type": "Seq Scan", "Parent Relationship": "Outer", "Parallel Aware": true, "Relation Name": "movie_keyword", "Alias": "mk", "Startup Cost": 0.0, "Total Cost": 43303.71, "Plan Rows": 1884971, "Plan Width": 8, "Actual Startup Time": 0.026, "Actual Total Time": 121.546, "Actual Rows": 1507977, "Actual Loops": 3}, {"Node Type": "Hash", "Parent Relationship": "Inner", "Parallel Aware": true, "Startup Cost": 318440.93, "Total Cost": 318440.93, "Plan Rows": 1, "Plan Width": 16, "Actual Startup Time": 1554.8, "Actual Total Time": 1554.809, "Actual Rows": 821, "Actual Loops": 3, "Hash Buckets": 4096, "Original Hash Buckets": 1024, "Hash Batches": 1, "Original Hash Batches": 1, "Peak Memory Usage": 248, "Plans": [{"Node Type": "Nested Loop", "Parent Relationship": "Outer", "Parallel Aware": false, "Join Type": "Inner", "Startup Cost": 318440.31, "Total Cost": 318440.93, "Plan Rows": 1, "Plan Width": 16, "Actual Startup Time": 1542.488, "Actual Total Time": 1549.999, "Actual Rows": 821, "Actual Loops": 3, "Inner Unique": true, "Join Filter": "(ml.movie_id = t.id)", "Rows Removed by Join Filter": 0, "Plans": [{"Node Type": "Nested Loop", "Parent Relationship": "Outer", "Parallel Aware": false, "Join Type": "Inner", "Startup Cost": 318439.88, "Total Cost": 318440.32, "Plan Rows": 1, "Plan Width": 12, "Actual Startup Time": 1542.381, "Actual Total Time": 1547.968, "Actual Rows": 1241, "Actual Loops": 3, "Inner Unique": true, "Plans": [{"Node Type": "Merge Join", "Parent Relationship": "Outer", "Parallel Aware": false, "Join Type": "Inner", "Startup Cost": 318439.46, "Total Cost": 318439.87, "Plan Rows": 1, "Plan Width": 16, "Actual Startup Time": 1542.329, "Actual Total Time": 1543.168, "Actual Rows": 2928, "Actual Loops": 3, "Inner Unique": false, "Merge Cond": "(mc.movie_id = ml.movie_id)", "Plans": [{"Node Type": "Sort", "Parent Relationship": "Outer", "Parallel Aware": false, "Startup Cost": 317877.26, "Total Cost": 317879.61, "Plan Rows": 941, "Plan Width": 12, "Actual Startup Time": 1537.204, "Actual Total Time": 1537.292, "Actual Rows": 1103, "Actual Loops": 3, "Sort Key": ["mc.movie_id"], "Sort Method": "quicksort", "Sort Space Used": 3334, "Sort Space Type": "Memory", "Workers": [{"Worker Number": 0, "Sort Method": "external merge", "Sort Space Used": 1264, "Sort Space Type": "Disk"}, {"Worker Number": 1, "Sort Method": "quicksort", "Sort Space Used": 3934, "Sort Space Type": "Memory"}], "Plans": [{"Node Type": "Hash Join", "Parent Relationship": "Outer", "Parallel Aware": true, "Join Type": "Inner", "Startup Cost": 31120.35, "Total Cost": 317830.78, "Plan Rows": 941, "Plan Width": 12, "Actual Startup Time": 1469.028, "Actual Total Time": 1523.191, "Actual Rows": 51726, "Actual Loops": 3, "Inner Unique": false, "Hash Cond": "(mi.movie_id = mc.movie_id)", "Plans": [{"Node Type": "Seq Scan", "Parent Relationship": "Outer", "Parallel Aware": true, "Relation Name": "movie_info", "Alias": "mi", "Startup Cost": 0.0, "Total Cost": 286477.69, "Plan Rows": 61019, "Plan Width": 4, "Actual Startup Time": 0.623, "Actual Total Time": 1174.575, "Actual Rows": 51299, "Actual Loops": 3, "Filter": "((info)::text = ANY ('{Sweden,Norway,Germany,Denmark,Swedish,Denish,Norwegian,German}'::text[]))", "Rows Removed by Filter": 4893941}, {"Node Type": "Hash", "Parent Relationship": "Inner", "Parallel Aware": true, "Startup Cost": 31082.95, "Total Cost": 31082.95, "Plan Rows": 2992, "Plan Width": 8, "Actual Startup Time": 278.246, "Actual Total Time": 278.249, "Actual Rows": 397976, "Actual Loops": 3, "Hash Buckets": 65536, "Original Hash Buckets": 8192, "Hash Batches": 16, "Original Hash Batches": 1, "Peak Memory Usage": 3520, "Plans": [{"Node Type": "Hash Join", "Parent Relationship": "Outer", "Parallel Aware": false, "Join Type": "Inner", "Startup Cost": 18.93, "Total Cost": 31082.95, "Plan Rows": 2992, "Plan Width": 8, "Actual Startup Time": 49.709, "Actual Total Time": 171.408, "Actual Rows": 397976, "Actual Loops": 3, "Inner Unique": true, "Hash Cond": "(mc.company_type_id = ct.id)", "Plans": [{"Node Type": "Seq Scan", "Parent Relationship": "Outer", "Parallel Aware": true, "Relation Name": "movie_companies", "Alias": "mc", "Startup Cost": 0.0, "Total Cost": 29661.37, "Plan Rows": 531175, "Plan Width": 12, "Actual Startup Time": 0.046, "Actual Total Time": 104.627, "Actual Rows": 423996, "Actual Loops": 3, "Filter": "(note IS NULL)", "Rows Removed by Filter": 445713}, {"Node Type": "Hash", "Parent Relationship": "Inner", "Parallel Aware": false, "Startup Cost": 18.88, "Total Cost": 18.88, "Plan Rows": 4, "Plan Width": 4, "Actual Startup Time": 0.02, "Actual Total Time": 0.021, "Actual Rows": 1, "Actual Loops": 3, "Hash Buckets": 1024, "Original Hash Buckets": 1024, "Hash Batches": 1, "Original Hash Batches": 1, "Peak Memory Usage": 9, "Plans": [{"Node Type": "Seq Scan", "Parent Relationship": "Outer", "Parallel Aware": false, "Relation Name": "company_type", "Alias": "ct", "Startup Cost": 0.0, "Total Cost": 18.88, "Plan Rows": 4, "Plan Width": 4, "Actual Startup Time": 0.017, "Actual Total Time": 0.018, "Actual Rows": 1, "Actual Loops": 3, "Filter": "((kind)::text = 'production companies'::text)", "Rows Removed by Filter": 3}]}]}]}]}]}, {"Node Type": "Sort", "Parent Relationship": "Inner", "Parallel Aware": false, "Startup Cost": 562.2, "Total Cost": 562.3, "Plan Rows": 42, "Plan Width": 4, "Actual Startup Time": 5.114, "Actual Total Time": 5.342, "Actual Rows": 4941, "Actual Loops": 3, "Sort Key": ["ml.movie_id"], "Sort Method": "quicksort", "Sort Space Used": 205, "Sort Space Type": "Memory", "Workers": [{"Worker Number": 0, "Sort Method": "quicksort", "Sort Space Used": 205, "Sort Space Type": "Memory"}, {"Worker Number": 1, "Sort Method": "quicksort", "Sort Space Used": 205, "Sort Space Type": "Memory"}], "Plans": [{"Node Type": "Hash Join", "Parent Relationship": "Outer", "Parallel Aware": false, "Join Type": "Inner", "Startup Cost": 18.89, "Total Cost": 561.07, "Plan Rows": 42, "Plan Width": 4, "Actual Startup Time": 0.061, "Actual Total Time": 4.745, "Actual Rows": 2315, "Actual Loops": 3, "Inner Unique": true, "Hash Cond": "(ml.link_type_id = lt.id)", "Plans": [{"Node Type": "Seq Scan", "Parent Relationship": "Outer", "Parallel Aware": false, "Relation Name": "movie_link", "Alias": "ml", "Startup Cost": 0.0, "Total Cost": 462.97, "Plan Rows": 29997, "Plan Width": 8, "Actual Startup Time": 0.029, "Actual Total Time": 2.183, "Actual Rows": 29997, "Actual Loops": 3}, {"Node Type": "Hash", "Parent Relationship": "Inner", "Parallel Aware": false, "Startup Cost": 18.88, "Total Cost": 18.88, "Plan Rows": 1, "Plan Width": 4, "Actual Startup Time": 0.018, "Actual Total Time": 0.018, "Actual Rows": 2, "Actual Loops": 3, "Hash Buckets": 1024, "Original Hash Buckets": 1024, "Hash Batches": 1, "Original Hash Batches": 1, "Peak Memory Usage": 9, "Plans": [{"Node Type": "Seq Scan", "Parent Relationship": "Outer", "Parallel Aware": false, "Relation Name": "link_type", "Alias": "lt", "Startup Cost": 0.0, "Total Cost": 18.88, "Plan Rows": 1, "Plan Width": 4, "Actual Startup Time": 0.012, "Actual Total Time": 0.015, "Actual Rows": 2, "Actual Loops": 3, "Filter": "((link)::text ~~ '%follow%'::text)", "Rows Removed by Filter": 16}]}]}]}]}, {"Node Type": "Index Scan", "Parent Relationship": "Inner", "Parallel Aware": false, "Scan Direction": "Forward", "Index Name": "company_name_pkey", "Relation Name": "company_name", "Alias": "cn", "Startup Cost": 0.42, "Total Cost": 0.46, "Plan Rows": 1, "Plan Width": 4, "Actual Startup Time": 0.001, "Actual Total Time": 0.001, "Actual Rows": 0, "Actual Loops": 8785, "Index Cond": "(id = mc.company_id)", "Rows Removed by Index Recheck": 0, "Filter": "(((country_code)::text <> '[pl]'::text) AND (((name)::text ~~ '%Film%'::text) OR ((name)::text ~~ '%Warner%'::text)))", "Rows Removed by Filter": 1}]}, {"Node Type": "Index Scan", "Parent Relationship": "Inner", "Parallel Aware": false, "Scan Direction": "Forward", "Index Name": "title_pkey", "Relation Name": "title", "Alias": "t", "Startup Cost": 0.43, "Total Cost": 0.59, "Plan Rows": 1, "Plan Width": 4, "Actual Startup Time": 0.001, "Actual Total Time": 0.001, "Actual Rows": 1, "Actual Loops": 3722, "Index Cond": "(id = mc.movie_id)", "Rows Removed by Index Recheck": 0, "Filter": "((production_year >= 1950) AND (production_year <= 2000))", "Rows Removed by Filter": 0}]}]}]}, {"Node Type": "Index Scan", "Parent Relationship": "Inner", "Parallel Aware": false, "Scan Direction": "Forward", "Index Name": "keyword_pkey", "Relation Name": "keyword", "Alias": "k", "Startup Cost": 0.42, "Total Cost": 0.44, "Plan Rows": 1, "Plan Width": 4, "Actual Startup Time": 0.001, "Actual Total Time": 0.001, "Actual Rows": 0, "Actual Loops": 23862, "Index Cond": "(id = mk.keyword_id)", "Rows Removed by Index Recheck": 0, "Filter": "((keyword)::text = 'sequel'::text)", "Rows Removed by Filter": 1}]}]}]}]}, "Planning Time": 103.359, "Triggers": [], "Execution Time": 1866.092}]
[{"Bao": {"Bao prediction": 1855.829, "Bao recommended hint": "SET enable_nestloop TO off; "}}, {"Plan": {"Node Type": "Aggregate", "Strategy": "Plain", "Partial Mode": "Finalize", "Parallel Aware": false, "Startup Cost": 686017.29, "Total Cost": 686017.3, "Plan Rows": 1, "Plan Width": 8, "Actual Startup Time": 2495.368, "Actual Total Time": 2537.781, "Actual Rows": 1, "Actual Loops": 1, "Plans": [{"Node Type": "Gather", "Parent Relationship": "Outer", "Parallel Aware": false, "Startup Cost": 686017.07, "Total Cost": 686017.28, "Plan Rows": 2, "Plan Width": 8, "Actual Startup Time": 2495.195, "Actual Total Time": 2537.776, "Actual Rows": 3, "Actual Loops": 1, "Workers Planned": 2, "Workers Launched": 2, "Single Copy": false, "Plans": [{"Node Type": "Aggregate", "Strategy": "Plain", "Partial Mode": "Partial", "Parent Relationship": "Outer", "Parallel Aware": false, "Startup Cost": 685017.07, "Total Cost": 685017.08, "Plan Rows": 1, "Plan Width": 8, "Actual Startup Time": 2492.89, "Actual Total Time": 2492.902, "Actual Rows": 1, "Actual Loops": 3, "Plans": [{"Node Type": "Hash Join", "Parent Relationship": "Outer", "Parallel Aware": false, "Join Type": "Inner", "Startup Cost": 636764.71, "Total Cost": 685017.07, "Plan Rows": 1, "Plan Width": 0, "Actual Startup Time": 2413.382, "Actual Total Time": 2492.894, "Actual Rows": 6, "Actual Loops": 3, "Inner Unique": false, "Hash Cond": "(t.id = cc.movie_id)", "Plans": [{"Node Type": "Hash Join", "Parent Relationship": "Outer", "Parallel Aware": true, "Join Type": "Inner", "Startup Cost": 634287.81, "Total Cost": 682540.16, "Plan Rows": 1, "Plan Width": 12, "Actual Startup Time": 2331.1, "Actual Total Time": 2435.23, "Actual Rows": 15, "Actual Loops": 3, "Inner Unique": false, "Hash Cond": "(mk.movie_id = t.id)", "Plans": [{"Node Type": "Hash Join", "Parent Relationship": "Outer", "Parallel Aware": false, "Join Type": "Inner", "Startup Cost": 3632.5, "Total Cost": 51884.41, "Plan Rows": 112, "Plan Width": 4, "Actual Startup Time": 26.984, "Actual Total Time": 233.229, "Actual Rows": 11849, "Actual Loops": 3, "Inner Unique": true, "Hash Cond": "(mk.keyword_id = k.id)", "Plans": [{"Node Type": "Seq Scan", "Parent Relationship": "Outer", "Parallel Aware": true, "Relation Name": "movie_keyword", "Alias": "mk", "Startup Cost": 0.0, "Total Cost": 43303.71, "Plan Rows": 1884971, "Plan Width": 8, "Actual Startup Time": 0.017, "Actual Total Time": 101.71, "Actual Rows": 1507977, "Actual Loops": 3}, {"Node Type": "Hash", "Parent Relationship": "Inner", "Parallel Aware": false, "Startup Cost": 3632.4, "Total Cost": 3632.4, "Plan Rows": 8, "Plan Width": 4, "Actual Startup Time": 26.831, "Actual Total Time": 26.832, "Actual Rows": 8, "Actual Loops": 3, "Hash Buckets": 1024, "Original Hash Buckets": 1024, "Hash Batches": 1, "Original Hash Batches": 1, "Peak Memory Usage": 9, "Plans": [{"Node Type": "Seq Scan", "Parent Relationship": "Outer", "Parallel Aware": false, "Relation Name": "keyword", "Alias": "k", "Startup Cost": 0.0, "Total Cost": 3632.4, "Plan Rows": 8, "Plan Width": 4, "Actual Startup Time": 0.111, "Actual Total Time": 26.827, "Actual Rows": 8, "Actual Loops": 3, "Filter": "((keyword)::text = ANY ('{superhero,sequel,second-part,marvel-comics,based-on-comic,tv-special,fight,violence}'::text[]))", "Rows Removed by Filter": 134162}]}]}, {"Node Type": "Hash", "Parent Relationship": "Inner", "Parallel Aware": true, "Startup Cost": 630655.3, "Total Cost": 630655.3, "Plan Rows": 1, "Plan Width": 8, "Actual Startup Time": 2201.053, "Actual Total Time": 2201.06, "Actual Rows": 3, "Actual Loops": 3, "Hash Buckets": 1024, "Original Hash Buckets": 1024, "Hash Batches": 1, "Original Hash Batches": 1, "Peak Memory Usage": 104, "Plans": [{"Node Type": "Hash Join", "Parent Relationship": "Outer", "Parallel Aware": true, "Join Type": "Inner", "Startup Cost": 579964.3, "Total Cost": 630655.3, "Plan Rows": 1, "Plan Width": 8, "Actual Startup Time": 2163.809, "Actual Total Time": 2200.984, "Actual Rows": 3, "Actual Loops": 3, "Inner Unique": false, "Hash Cond": "(t.id = ci.movie_id)", "Plans": [{"Node Type": "Hash Join", "Parent Relationship": "Outer", "Parallel Aware": false, "Join Type": "Inner", "Startup Cost": 22.81, "Total Cost": 50703.24, "Plan Rows": 2815, "Plan Width": 4, "Actual Startup Time": 47.071, "Actual Total Time": 129.394, "Actual Rows": 91338, "Actual Loops": 3, "Inner Unique": true, "Hash Cond": "(t.kind_id = kt.id)", "Plans": [{"Node Type": "Seq Scan", "Parent Relationship": "Outer", "Parallel Aware": true, "Relation Name": "title", "Alias": "t", "Startup Cost": 0.0, "Total Cost": 49166.73, "Plan Rows": 574262, "Plan Width": 8, "Actual Startup Time": 0.014, "Actual Total Time": 97.197, "Actual Rows": 460484, "Actual Loops": 3, "Filter": "(production_year > 2000)", "Rows Removed by Filter": 382286}, {"Node Type": "Hash", "Parent Relationship": "Inner", "Parallel Aware": false, "Startup Cost": 22.75, "Total Cost": 22.75, "Plan Rows": 5, "Plan Width": 4, "Actual Startup Time": 0.021, "Actual Total Time": 0.022, "Actual Rows": 1, "Actual Loops": 3, "Hash Buckets": 1024, "Original Hash Buckets": 1024, "Hash Batches": 1, "Original Hash Batches": 1, "Peak Memory Usage": 9, "Plans": [{"Node Type": "Seq Scan", "Parent Relationship": "Outer", "Parallel Aware": false, "Relation Name": "kind_type", "Alias": "kt", "Startup Cost": 0.0, "Total Cost": 22.75, "Plan Rows": 5, "Plan Width": 4, "Actual Startup Time": 0.018, "Actual Total Time": 0.018, "Actual Rows": 1, "Actual Loops": 3, "Filter": "((kind)::text = 'movie'::text)", "Rows Removed by Filter": 6}]}]}, {"Node Type": "Hash", "Parent Relationship": "Inner", "Parallel Aware": true, "Startup Cost": 579941.48, "Total Cost": 579941.48, "Plan Rows": 1, "Plan Width": 4, "Actual Startup Time": 2066.17, "Actual Total Time": 2066.174, "Actual Rows": 5, "Actual Loops": 3, "Hash Buckets": 1024, "Original Hash Buckets": 1024, "Hash Batches": 1, "Original Hash Batches": 1, "Peak Memory Usage": 104, "Plans": [{"Node Type": "Hash Join", "Parent Relationship": "Outer", "Parallel Aware": true, "Join Type": "Inner", "Startup Cost": 136672.87, "Total Cost": 579941.48, "Plan Rows": 1, "Plan Width": 4, "Actual Startup Time": 595.878, "Actual Total Time": 2066.057, "Actual Rows": 5, "Actual Loops": 3, "Inner Unique": true, "Hash Cond": "(ci.person_id = n.id)", "Plans": [{"Node Type": "Hash Join", "Parent Relationship": "Outer", "Parallel Aware": true, "Join Type": "Inner", "Startup Cost": 59350.02, "Total Cost": 502614.76, "Plan Rows": 1473, "Plan Width": 8, "Actual Startup Time": 284.621, "Actual Total Time": 1884.637, "Actual Rows": 185, "Actual Loops": 3, "Inner Unique": true, "Hash Cond": "(ci.person_role_id = chn.id)", "Plans": [{"Node Type": "Seq Scan", "Parent Relationship": "Outer", "Parallel Aware": true, "Relation Name": "cast_info", "Alias": "ci", "Startup Cost": 0.0, "Total Cost": 403639.65, "Plan Rows": 15095265, "Plan Width": 12, "Actual Startup Time": 0.009, "Actual Total Time": 841.921, "Actual Rows": 12081448, "Actual Loops": 3}, {"Node Type": "Hash", "Parent Relationship": "Inner", "Parallel Aware": true, "Startup Cost": 59346.74, "Total Cost": 59346.74, "Plan Rows": 262, "Plan Width": 4, "Actual Startup Time": 266.82, "Actual Total Time": 266.82, "Actual Rows": 10, "Actual Loops": 3, "Hash Buckets": 1024, "Original Hash Buckets": 1024, "Hash Batches": 1, "Original Hash Batches": 1, "Peak Memory Usage": 104, "Plans": [{"Node Type": "Seq Scan", "Parent Relationship": "Outer", "Parallel Aware": true, "Relation Name": "char_name", "Alias": "chn", "Startup Cost": 0.0, "Total Cost": 59346.74, "Plan Rows": 262, "Plan Width": 4, "Actual Startup Time": 18.459, "Actual Total Time": 266.775, "Actual Rows": 10, "Actual Loops": 3, "Filter": "(((name)::text !~~ '%Sherlock%'::text) AND (((name)::text ~~ '%Tony%Stark%'::text) OR ((name)::text ~~ '%Iron%Man%'::text)))", "Rows Removed by Filter": 1046770}]}]}, {"Node Type": "Hash", "Parent Relationship": "Inner", "Parallel Aware": true, "Startup Cost": 77320.68, "Total Cost": 77320.68, "Plan Rows": 174, "Plan Width": 4, "Actual Startup Time": 181.348, "Actual Total Time": 181.349, "Actual Rows": 1, "Actual Loops": 3, "Hash Buckets": 1024, "Original Hash Buckets": 1024, "Hash Batches": 1, "Original Hash Batches": 1, "Peak Memory Usage": 72, "Plans": [{"Node Type": "Seq Scan", "Parent Relationship": "Outer", "Parallel Aware": true, "Relation Name": "name", "Alias": "n", "Startup Cost": 0.0, "Total Cost": 77320.68, "Plan Rows": 174, "Plan Width": 4, "Actual Startup Time": 72.903, "Actual Total Time": 181.32, "Actual Rows": 1, "Actual Loops": 3, "Filter": "((name)::text ~~ '%Downey%Robert%'::text)", "Rows Removed by Filter": 1389163}]}]}]}]}]}]}, {"Node Type": "Hash", "Parent Relationship": "Inner", "Parallel Aware": false, "Startup Cost": 2476.89, "Total Cost": 2476.89, "Plan Rows": 1, "Plan Width": 4, "Actual Startup Time": 57.553, "Actual Total Time": 57.556, "Actual Rows": 85941, "Actual Loops": 3, "Hash Buckets": 131072, "Original Hash Buckets": 1024, "Hash Batches": 1, "Original Hash Batches": 1, "Peak Memory Usage": 4046, "Plans": [{"Node Type": "Hash Join", "Parent Relationship": "Outer", "Parallel Aware": false, "Join Type": "Inner", "Startup Cost": 37.81, "Total Cost": 2476.89, "Plan Rows": 1, "Plan Width": 4, "Actual Startup Time": 0.062, "Actual Total Time": 47.511, "Actual Rows": 85941, "Actual Loops": 3, "Inner Unique": true, "Hash Cond": "(cc.subject_id = cct1.id)", "Plans": [{"Node Type": "Hash Join", "Parent Relationship": "Outer", "Parallel Aware": false, "Join Type": "Inner", "Startup Cost": 18.89, "Total Cost": 2457.46, "Plan Rows": 190, "Plan Width": 8, "Actual Startup Time": 0.024, "Actual Total Time": 32.783, "Actual Rows": 135086, "Actual Loops": 3, "Inner Unique": true, "Hash Cond": "(cc.status_id = cct2.id)", "Plans": [{"Node Type": "Seq Scan", "Parent Relationship": "Outer", "Parallel Aware": false, "Relation Name": "complete_cast", "Alias": "cc", "Startup Cost": 0.0, "Total Cost": 2081.86, "Plan Rows": 135086, "Plan Width": 12, "Actual Startup Time": 0.008, "Actual Total Time": 10.52, "Actual Rows": 135086, "Actual Loops": 3}, {"Node Type": "Hash", "Parent Relationship": "Inner", "Parallel Aware": false, "Startup Cost": 18.88, "Total Cost": 18.88, "Plan Rows": 1, "Plan Width": 4, "Actual Startup Time": 0.006, "Actual Total Time": 0.007, "Actual Rows": 2, "Actual Loops": 3, "Hash Buckets": 1024, "Original Hash Buckets": 1024, "Hash Batches": 1, "Original Hash Batches": 1, "Peak Memory Usage": 9, "Plans": [{"Node Type": "Seq Scan", "Parent Relationship": "Outer", "Parallel Aware": false, "Relation Name": "comp_cast_type", "Alias": "cct2", "Startup Cost": 0.0, "Total Cost": 18.88, "Plan Rows": 1, "Plan Width": 4, "Actual Startup Time": 0.004, "Actual Total Time": 0.005, "Actual Rows": 2, "Actual Loops": 3, "Filter": "((kind)::text ~~ '%complete%'::text)", "Rows Removed by Filter": 2}]}]}, {"Node Type": "Hash", "Parent Relationship": "Inner", "Parallel Aware": false, "Startup Cost": 18.88, "Total Cost": 18.88, "Plan Rows": 4, "Plan Width": 4, "Actual Startup Time": 0.03, "Actual Total Time": 0.031, "Actual Rows": 1, "Actual Loops": 3, "Hash Buckets": 1024, "Original Hash Buckets": 1024, "Hash Batches": 1, "Original Hash Batches": 1, "Peak Memory Usage": 9, "Plans": [{"Node Type": "Seq Scan", "Parent Relationship": "Outer", "Parallel Aware": false, "Relation Name": "comp_cast_type", "Alias": "cct1", "Startup Cost": 0.0, "Total Cost": 18.88, "Plan Rows": 4, "Plan Width": 4, "Actual Startup Time": 0.026, "Actual Total Time": 0.027, "Actual Rows": 1, "Actual Loops": 3, "Filter": "((kind)::text = 'cast'::text)", "Rows Removed by Filter": 3}]}]}]}]}]}]}]}, "Planning Time": 100.747, "Triggers": [], "Execution Time": 2537.885}]
[{"Bao": {"Bao prediction": 2369.232, "Bao recommended hint": "SET enable_nestloop TO off; "}}, {"Plan": {"Node Type": "Aggregate", "Strategy": "Plain", "Partial Mode": "Finalize", "Parallel Aware": false, "Startup Cost": 700153.83, "Total Cost": 700153.84, "Plan Rows": 1, "Plan Width": 8, "Actual Startup Time": 3073.004, "Actual Total Time": 3113.45, "Actual Rows": 1, "Actual Loops": 1, "Plans": [{"Node Type": "Gather", "Parent Relationship": "Outer", "Parallel Aware": false, "Startup Cost": 700153.61, "Total Cost": 700153.82, "Plan Rows": 2, "Plan Width": 8, "Actual Startup Time": 3071.619, "Actual Total Time": 3113.443, "Actual Rows": 3, "Actual Loops": 1, "Workers Planned": 2, "Workers Launched": 2, "Single Copy": false, "Plans": [{"Node Type": "Aggregate", "Strategy": "Plain", "Partial Mode": "Partial", "Parent Relationship": "Outer", "Parallel Aware": false, "Startup Cost": 699153.61, "Total Cost": 699153.62, "Plan Rows": 1, "Plan Width": 8, "Actual Startup Time": 3069.374, "Actual Total Time": 3069.599, "Actual Rows": 1, "Actual Loops": 3, "Plans": [{"Node Type": "Hash Join", "Parent Relationship": "Outer", "Parallel Aware": true, "Join Type": "Inner", "Startup Cost": 619659.67, "Total Cost": 699152.67, "Plan Rows": 375, "Plan Width": 0, "Actual Startup Time": 2799.923, "Actual Total Time": 3065.686, "Actual Rows": 83152, "Actual Loops": 3, "Inner Unique": false, "Hash Cond": "(n.id = an.person_id)", "Plans": [{"Node Type": "Seq Scan", "Parent Relationship": "Outer", "Parallel Aware": true, "Relation Name": "name", "Alias": "n", "Startup Cost": 0.0, "Total Cost": 72979.14, "Plan Rows": 1736614, "Plan Width": 4, "Actual Startup Time": 0.016, "Actual Total Time": 115.872, "Actual Rows": 1389164, "Actual Loops": 3}, {"Node Type": "Hash", "Parent Relationship": "Inner", "Parallel Aware": true, "Startup Cost": 619654.98, "Total Cost": 619654.98, "Plan Rows": 375, "Plan Width": 8, "Actual Startup Time": 2799.534, "Actual Total Time": 2799.758, "Actual Rows": 83152, "Actual Loops": 3, "Hash Buckets": 262144, "Original Hash Buckets": 1024, "Hash Batches": 1, "Original Hash Batches": 1, "Peak Memory Usage": 13912, "Plans": [{"Node Type": "Hash Join", "Parent Relationship": "Outer", "Parallel Aware": true, "Join Type": "Inner", "Startup Cost": 603093.48, "Total Cost": 619654.98, "Plan Rows": 375, "Plan Width": 8, "Actual Startup Time": 2711.753, "Actual Total Time": 2780.511, "Actual Rows": 83152, "Actual Loops": 3, "Inner Unique": false, "Hash Cond": "(an.person_id = ci.person_id)", "Plans": [{"Node Type": "Seq Scan", "Parent Relationship": "Outer", "Parallel Aware": true, "Relation Name": "aka_name", "Alias": "an", "Startup Cost": 0.0, "Total Cost": 15151.6, "Plan Rows": 375560, "Plan Width": 4, "Actual Startup Time": 0.026, "Actual Total Time": 25.63, "Actual Rows": 300448, "Actual Loops": 3}, {"Node Type": "Hash", "Parent Relationship": "Inner", "Parallel Aware": true, "Startup Cost": 603091.44, "Total Cost": 603091.44, "Plan Rows": 163, "Plan Width": 4, "Actual Startup Time": 2711.649, "Actual Total Time": 2711.872, "Actual Rows": 56424, "Actual Loops": 3, "Hash Buckets": 262144, "Original Hash Buckets": 1024, "Hash Batches": 1, "Original Hash Batches": 1, "Peak Memory Usage": 10744, "Plans": [{"Node Type": "Hash Join", "Parent Relationship": "Outer", "Parallel Aware": true, "Join Type": "Inner", "Startup Cost": 142844.06, "Total Cost": 603091.44, "Plan Rows": 163, "Plan Width": 4, "Actual Startup Time": 619.056, "Actual Total Time": 2601.857, "Actual Rows": 56424, "Actual Loops": 3, "Inner Unique": false, "Hash Cond": "(ci.movie_id = t.id)", "Plans": [{"Node Type": "Seq Scan", "Parent Relationship": "Outer", "Parallel Aware": true, "Relation Name": "cast_info", "Alias": "ci", "Startup Cost": 0.0, "Total Cost": 403639.65, "Plan Rows": 15095265, "Plan Width": 8, "Actual Startup Time": 0.016, "Actual Total Time": 855.349, "Actual Rows": 12081448, "Actual Loops": 3}, {"Node Type": "Hash", "Parent Relationship": "Inner", "Parallel Aware": true, "Startup Cost": 142843.96, "Total Cost": 142843.96, "Plan Rows": 8, "Plan Width": 12, "Actual Startup Time": 618.802, "Actual Total Time": 619.023, "Actual Rows": 2255, "Actual Loops": 3, "Hash Buckets": 8192, "Original Hash Buckets": 1024, "Hash Batches": 1, "Original Hash Batches": 1, "Peak Memory Usage": 504, "Plans": [{"Node Type": "Hash Join", "Parent Relationship": "Outer", "Parallel Aware": true, "Join Type": "Inner", "Startup Cost": 109105.75, "Total Cost": 142843.96, "Plan Rows": 8, "Plan Width": 12, "Actual Startup Time": 437.102, "Actual Total Time": 581.588, "Actual Rows": 2255, "Actual Loops": 3, "Inner Unique": true, "Hash Cond": "(mc.company_id = cn.id)", "Plans": [{"Node Type": "Hash Join", "Parent Relationship": "Outer", "Parallel Aware": true, "Join Type": "Inner", "Startup Cost": 103761.25, "Total Cost": 137499.4, "Plan Rows": 22, "Plan Width": 16, "Actual Startup Time": 420.984, "Actual Total Time": 564.815, "Actual Rows": 2887, "Actual Loops": 3, "Inner Unique": false, "Hash Cond": "(mc.movie_id = t.id)", "Plans": [{"Node Type": "Seq Scan", "Parent Relationship": "Outer", "Parallel Aware": true, "Relation Name": "movie_companies", "Alias": "mc", "Startup Cost": 0.0, "Total Cost": 29661.37, "Plan Rows": 1087137, "Plan Width": 8, "Actual Startup Time": 0.01, "Actual Total Time": 61.918, "Actual Rows": 869710, "Actual Loops": 3}, {"Node Type": "Hash", "Parent Relationship": "Inner", "Parallel Aware": true, "Startup Cost": 103761.2, "Total Cost": 103761.2, "Plan Rows": 4, "Plan Width": 8, "Actual Startup Time": 420.687, "Actual Total Time": 420.906, "Actual Rows": 1795, "Actual Loops": 3, "Hash Buckets": 4096, "Original Hash Buckets": 1024, "Hash Batches": 1, "Original Hash Batches": 1, "Peak Memory Usage": 312, "Plans": [{"Node Type": "Hash Join", "Parent Relationship": "Outer", "Parallel Aware": true, "Join Type": "Inner", "Startup Cost": 50878.23, "Total Cost": 103761.2, "Plan Rows": 4, "Plan Width": 8, "Actual Startup Time": 248.91, "Actual Total Time": 371.391, "Actual Rows": 1795, "Actual Loops": 3, "Inner Unique": false, "Hash Cond": "(t.id = mk.movie_id)", "Plans": [{"Node Type": "Seq Scan", "Parent Relationship": "Outer", "Parallel Aware": true, "Relation Name": "title", "Alias": "t", "Startup Cost": 0.0, "Total Cost": 51800.47, "Plan Rows": 288660, "Plan Width": 4, "Actual Startup Time": 0.025, "Actual Total Time": 98.44, "Actual Rows": 230852, "Actual Loops": 3, "Filter": "((episode_nr >= 5) AND (episode_nr < 100))", "Rows Removed by Filter": 611919}, {"Node Type": "Hash", "Parent Relationship": "Inner", "Parallel Aware": true, "Startup Cost": 50878.05, "Total Cost": 50878.05, "Plan Rows": 14, "Plan Width": 4, "Actual Startup Time": 248.746, "Actual Total Time": 248.748, "Actual Rows": 13947, "Actual Loops": 3, "Hash Buckets": 65536, "Original Hash Buckets": 1024, "Hash Batches": 1, "Original Hash Batches": 1, "Peak Memory Usage": 2680, "Plans": [{"Node Type": "Hash Join", "Parent Relationship": "Outer", "Parallel Aware": false, "Join Type": "Inner", "Startup Cost": 2626.14, "Total Cost": 50878.05, "Plan Rows": 14, "Plan Width": 4, "Actual Startup Time": 9.746, "Actual Total Time": 219.347, "Actual Rows": 13947, "Actual Loops": 3, "Inner Unique": true, "Hash Cond": "(mk.keyword_id = k.id)", "Plans": [{"Node Type": "Seq Scan", "Parent Relationship": "Outer", "Parallel Aware": true, "Relation Name": "movie_keyword", "Alias": "mk", "Startup Cost": 0.0, "Total Cost": 43303.71, "Plan Rows": 1884971, "Plan Width": 8, "Actual Startup Time": 0.008, "Actual Total Time": 103.334, "Actual Rows": 1507977, "Actual Loops": 3}, {"Node Type": "Hash", "Parent Relationship": "Inner", "Parallel Aware": false, "Startup Cost": 2626.12, "Total Cost": 2626.12, "Plan Rows": 1, "Plan Width": 4, "Actual Startup Time": 9.705, "Actual Total Time": 9.706, "Actual Rows": 1, "Actual Loops": 3, "Hash Buckets": 1024, "Original Hash Buckets": 1024, "Hash Batches": 1, "Original Hash Batches": 1, "Peak Memory Usage": 9, "Plans": [{"Node Type": "Seq Scan", "Parent Relationship": "Outer", "Parallel Aware": false, "Relation Name": "keyword", "Alias": "k", "Startup Cost": 0.0, "Total Cost": 2626.12, "Plan Rows": 1, "Plan Width": 4, "Actual Startup Time": 0.458, "Actual Total Time": 9.698, "Actual Rows": 1, "Actual Loops": 3, "Filter": "((keyword)::text = 'character-name-in-title'::text)", "Rows Removed by Filter": 134169}]}]}]}]}]}]}, {"Node Type": "Hash", "Parent Relationship": "Inner", "Parallel Aware": true, "Startup Cost": 4722.92, "Total Cost": 4722.92, "Plan Rows": 49727, "Plan Width": 4, "Actual Startup Time": 15.76, "Actual Total Time": 15.76, "Actual Rows": 28281, "Actual Loops": 3, "Hash Buckets": 131072, "Original Hash Buckets": 131072, "Hash Batches": 1, "Original Hash Batches": 1, "Peak Memory Usage": 4384, "Plans": [{"Node Type": "Seq Scan", "Parent Relationship": "Outer", "Parallel Aware": true, "Relation Name": "company_name", "Alias": "cn", "Startup Cost": 0.0, "Total Cost": 4722.92, "Plan Rows": 49727, "Plan Width": 4, "Actual Startup Time": 0.017, "Actual Total Time": 10.877, "Actual Rows": 28281, "Actual Loops": 3, "Filter": "((country_code)::text = '[us]'::text)", "Rows Removed by Filter": 50051}]}]}]}]}]}]}]}]}]}]}]}, "Planning Time": 87.282, "Triggers": [], "Execution Time": 3113.522}]
[{"Bao": {"Bao prediction": 532.46, "Bao recommended hint": "(no hint)"}}, {"Plan": {"Node Type": "Aggregate", "Strategy": "Plain", "Partial Mode": "Simple", "Parallel Aware": false, "Startup Cost": 85653.07, "Total Cost": 85653.08, "Plan Rows": 1, "Plan Width": 8, "Actual Startup Time": 509.845, "Actual Total Time": 519.262, "Actual Rows": 1, "Actual Loops": 1, "Plans": [{"Node Type": "Gather", "Parent Relationship": "Outer", "Parallel Aware": false, "Startup Cost": 51879.08, "Total Cost": 85653.07, "Plan Rows": 2, "Plan Width": 0, "Actual Startup Time": 251.566, "Actual Total Time": 518.968, "Actual Rows": 5228, "Actual Loops": 1, "Workers Planned": 2, "Workers Launched": 2, "Single Copy": false, "Plans": [{"Node Type": "Nested Loop", "Parent Relationship": "Outer", "Parallel Aware": false, "Join Type": "Inner", "Startup Cost": 50879.08, "Total Cost": 84652.87, "Plan Rows": 1, "Plan Width": 0, "Actual Startup Time": 248.772, "Actual Total Time": 506.278, "Actual Rows": 1743, "Actual Loops": 3, "Inner Unique": true, "Join Filter": "(mc.movie_id = t.id)", "Rows Removed by Join Filter": 0, "Plans": [{"Node Type": "Nested Loop", "Parent Relationship": "Outer", "Parallel Aware": false, "Join Type": "Inner", "Startup Cost": 50878.65, "Total Cost": 84652.37, "Plan Rows": 1, "Plan Width": 8, "Actual Startup Time": 248.743, "Actual Total Time": 500.587, "Actual Rows": 1743, "Actual Loops": 3, "Inner Unique": true, "Plans": [{"Node Type": "Hash Join", "Parent Relationship": "Outer", "Parallel Aware": true, "Join Type": "Inner", "Startup Cost": 50878.23, "Total Cost": 84616.69, "Plan Rows": 80, "Plan Width": 12, "Actual Startup Time": 247.725, "Actual Total Time": 406.99, "Actual Rows": 49517, "Actual Loops": 3, "Inner Unique": false, "Hash Cond": "(mc.movie_id = mk.movie_id)", "Plans": [{"Node Type": "Seq Scan", "Parent Relationship": "Outer", "Parallel Aware": true, "Relation Name": "movie_companies", "Alias": "mc", "Startup Cost": 0.0, "Total Cost": 29661.37, "Plan Rows": 1087137, "Plan Width": 8, "Actual Startup Time": 0.014, "Actual Total Time": 62.82, "Actual Rows": 869710, "Actual Loops": 3}, {"Node Type": "Hash", "Parent Relationship": "Inner", "Parallel Aware": true, "Startup Cost": 50878.05, "Total Cost": 50878.05, "Plan Rows": 14, "Plan Width": 4, "Actual Startup Time": 247.289, "Actual Total Time": 247.29, "Actual Rows": 13947, "Actual Loops": 3, "Hash Buckets": 65536, "Original Hash Buckets": 1024, "Hash Batches": 1, "Original Hash Batches": 1, "Peak Memory Usage": 2680, "Plans": [{"Node Type": "Hash Join", "Parent Relationship": "Outer", "Parallel Aware": false, "Join Type": "Inner", "Startup Cost": 2626.14, "Total Cost": 50878.05, "Plan Rows": 14, "Plan Width": 4, "Actual Startup Time": 11.245, "Actual Total Time": 225.802, "Actual Rows": 13947, "Actual Loops": 3, "Inner Unique": true, "Hash Cond": "(mk.keyword_id = k.id)", "Plans": [{"Node Type": "Seq Scan", "Parent Relationship": "Outer", "Parallel Aware": true, "Relation Name": "movie_keyword", "Alias": "mk", "Startup Cost": 0.0, "Total Cost": 43303.71, "Plan Rows": 1884971, "Plan Width": 8, "Actual Startup Time": 0.009, "Actual Total Time": 108.161, "Actual Rows": 1507977, "Actual Loops": 3}, {"Node Type": "Hash", "Parent Relationship": "Inner", "Parallel Aware": false, "Startup Cost": 2626.12, "Total Cost": 2626.12, "Plan Rows": 1, "Plan Width": 4, "Actual Startup Time": 11.187, "Actual Total Time": 11.187, "Actual Rows": 1, "Actual Loops": 3, "Hash Buckets": 1024, "Original Hash Buckets": 1024, "Hash Batches": 1, "Original Hash Batches": 1, "Peak Memory Usage": 9, "Plans": [{"Node Type": "Seq Scan", "Parent Relationship": "Outer", "Parallel Aware": false, "Relation Name": "keyword", "Alias": "k", "Startup Cost": 0.0, "Total Cost": 2626.12, "Plan Rows": 1, "Plan Width": 4, "Actual Startup Time": 0.55, "Actual Total Time": 11.184, "Actual Rows": 1, "Actual Loops": 3, "Filter": "((keyword)::text = 'character-name-in-title'::text)", "Rows Removed by Filter": 134169}]}]}]}]}, {"Node Type": "Index Scan", "Parent Relationship": "Inner", "Parallel Aware": false, "Scan Direction": "Forward", "Index Name": "company_name_pkey", "Relation Name": "company_name", "Alias": "cn", "Startup Cost": 0.42, "Total Cost": 0.45, "Plan Rows": 1, "Plan Width": 4, "Actual Startup Time": 0.002, "Actual Total Time": 0.002, "Actual Rows": 0, "Actual Loops": 148552, "Index Cond": "(id = mc.company_id)", "Rows Removed by Index Recheck": 0, "Filter": "((country_code)::text = '[nl]'::text)", "Rows Removed by Filter": 1}]}, {"Node Type": "Index Only Scan", "Parent Relationship": "Inner", "Parallel Aware": false, "Scan Direction": "Forward", "Index Name": "title_pkey", "Relation Name": "title", "Alias": "t", "Startup Cost": 0.43, "Total Cost": 0.49, "Plan Rows": 1, "Plan Width": 4, "Actual Startup Time": 0.003, "Actual Total Time": 0.003, "Actual Rows": 1, "Actual Loops": 5228, "Index Cond": "(id = mk.movie_id)", "Rows Removed by Index Recheck": 0, "Heap Fetches": 5228}]}]}]}, "Planning Time": 78.993, "Triggers": [], "Execution Time": 519.329}]
[{"Bao": {"Bao prediction": 2350.927, "Bao recommended hint": "SET enable_nestloop TO off; "}}, {"Plan": {"Node Type": "Aggregate", "Strategy": "Plain", "Partial Mode": "Finalize", "Parallel Aware": false, "Startup Cost": 660439.38, "Total Cost": 660439.39, "Plan Rows": 1, "Plan Width": 8, "Actual Startup Time": 5142.225, "Actual Total Time": 5309.668, "Actual Rows": 1, "Actual Loops": 1, "Plans": [{"Node Type": "Gather", "Parent Relationship": "Outer", "Parallel Aware": false, "Startup Cost": 660439.16, "Total Cost": 660439.37, "Plan Rows": 2, "Plan Width": 8, "Actual Startup Time": 5140.676, "Actual Total Time": 5309.663, "Actual Rows": 3, "Actual Loops": 1, "Workers Planned": 2, "Workers Launched": 2, "Single Copy": false, "Plans": [{"Node Type": "Aggregate", "Strategy": "Plain", "Partial Mode": "Partial", "Parent Relationship": "Outer", "Parallel Aware": false, "Startup Cost": 659439.16, "Total Cost": 659439.17, "Plan Rows": 1, "Plan Width": 8, "Actual Startup Time": 5138.195, "Actual Total Time": 5138.212, "Actual Rows": 1, "Actual Loops": 3, "Plans": [{"Node Type": "Hash Join", "Parent Relationship": "Outer", "Parallel Aware": true, "Join Type": "Inner", "Startup Cost": 564212.65, "Total Cost": 658926.89, "Plan Rows": 204910, "Plan Width": 0, "Actual Startup Time": 4869.504, "Actual Total Time": 5101.961, "Actual Rows": 829204, "Actual Loops": 3, "Inner Unique": false, "Hash Cond": "(n1.id = a1.person_id)", "Plans": [{"Node Type": "Seq Scan", "Parent Relationship": "Outer", "Parallel Aware": true, "Relation Name": "name", "Alias": "n1", "Startup Cost": 0.0, "Total Cost": 72979.14, "Plan Rows": 1736614, "Plan Width": 4, "Actual Startup Time": 0.025, "Actual Total Time": 161.126, "Actual Rows": 1389164, "Actual Loops": 3}, {"Node Type": "Hash", "Parent Relationship": "Inner", "Parallel Aware": true, "Startup Cost": 560850.28, "Total Cost": 560850.28, "Plan Rows": 204910, "Plan Width": 8, "Actual Startup Time": 4513.016, "Actual Total Time": 4513.028, "Actual Rows": 829204, "Actual Loops": 3, "Hash Buckets": 131072, "Original Hash Buckets": 131072, "Hash Batches": 128, "Original Hash Batches": 8, "Peak Memory Usage": 4384, "Plans": [{"Node Type": "Hash Join", "Parent Relationship": "Outer", "Parallel Aware": true, "Join Type": "Inner", "Startup Cost": 523142.83, "Total Cost": 560850.28, "Plan Rows": 204910, "Plan Width": 8, "Actual Startup Time": 4115.382, "Actual Total Time": 4284.683, "Actual Rows": 829204, "Actual Loops": 3, "Inner Unique": false, "Hash Cond": "(ci.person_id = a1.person_id)", "Plans": [{"Node Type": "Hash Join", "Parent Relationship": "Outer", "Parallel Aware": true, "Join Type": "Inner", "Startup Cost": 501828.73, "Total Cost": 536181.99, "Plan Rows": 89172, "Plan Width": 4, "Actual Startup Time": 3746.584, "Actual Total Time": 3950.903, "Actual Rows": 656886, "Actual Loops": 3, "Inner Unique": false, "Hash Cond": "(mc.movie_id = ci.movie_id)", "Plans": [{"Node Type": "Hash Join", "Parent Relationship": "Outer", "Parallel Aware": true, "Join Type": "Inner", "Startup Cost": 5344.51, "Total Cost": 37859.67, "Plan Rows": 391078, "Plan Width": 4, "Actual Startup Time": 18.787, "Actual Total Time": 234.38, "Actual Rows": 384599, "Actual Loops": 3, "Inner Unique": true, "Hash Cond": "(mc.company_id = cn.id)", "Plans": [{"Node Type": "Seq Scan", "Parent Relationship": "Outer", "Parallel Aware": true, "Relation Name": "movie_companies", "Alias": "mc", "Startup Cost": 0.0, "Total Cost": 29661.37, "Plan Rows": 1087137, "Plan Width": 8, "Actual Startup Time": 0.009, "Actual Total Time": 71.709, "Actual Rows": 869710, "Actual Loops": 3}, {"Node Type": "Hash", "Parent Relationship": "Inner", "Parallel Aware": true, "Startup Cost": 4722.92, "Total Cost": 4722.92, "Plan Rows": 49727, "Plan Width": 4, "Actual Startup Time": 18.684, "Actual Total Time": 18.684, "Actual Rows": 28281, "Actual Loops": 3, "Hash Buckets": 131072, "Original Hash Buckets": 131072, "Hash Batches": 1, "Original Hash Batches": 1, "Peak Memory Usage": 4384, "Plans": [{"Node Type": "Seq Scan", "Parent Relationship": "Outer", "Parallel Aware": true, "Relation Name": "company_name", "Alias": "cn", "Startup Cost": 0.0, "Total Cost": 4722.92, "Plan Rows": 49727, "Plan Width": 4, "Actual Startup Time": 0.021, "Actual Total Time": 13.235, "Actual Rows": 28281, "Actual Loops": 3, "Filter": "((country_code)::text = '[us]'::text)", "Rows Removed by Filter": 50051}]}]}, {"Node Type": "Hash", "Parent Relationship": "Inner", "Parallel Aware": true, "Startup Cost": 495421.18, "Total Cost": 495421.18, "Plan Rows": 85044, "Plan Width": 12, "Actual Startup Time": 3451.989, "Actual Total Time": 3451.993, "Actual Rows": 909648, "Actual Loops": 3, "Hash Buckets": 65536, "Original Hash Buckets": 262144, "Hash Batches": 32, "Original Hash Batches": 1, "Peak Memory Usage": 4576, "Plans": [{"Node Type": "Hash Join", "Parent Relationship": "Outer", "Parallel Aware": true, "Join Type": "Inner", "Startup Cost": 444583.22, "Total Cost": 495421.18, "Plan Rows": 85044, "Plan Width": 12, "Actual Startup Time": 2673.493, "Actual Total Time": 3216.857, "Actual Rows": 909648, "Actual Loops": 3, "Inner Unique": false, "Hash Cond": "(t.id = ci.movie_id)", "Plans": [{"Node Type": "Seq Scan", "Parent Relationship": "Outer", "Parallel Aware": true, "Relation Name": "title", "Alias": "t", "Startup Cost": 0.0, "Total Cost": 46532.98, "Plan Rows": 1053498, "Plan Width": 4, "Actual Startup Time": 0.031, "Actual Total Time": 118.874, "Actual Rows": 842771, "Actual Loops": 3}, {"Node Type": "Hash", "Parent Relationship": "Inner", "Parallel Aware": true, "Startup Cost": 443520.17, "Total Cost": 443520.17, "Plan Rows": 85044, "Plan Width": 8, "Actual Startup Time": 2329.775, "Actual Total Time": 2329.777, "Actual Rows": 909648, "Actual Loops": 3, "Hash Buckets": 131072, "Original Hash Buckets": 262144, "Hash Batches": 32, "Original Hash Batches": 1, "Peak Memory Usage": 4416, "Plans": [{"Node Type": "Hash Join", "Parent Relationship": "Outer", "Parallel Aware": false, "Join Type": "Inner", "Startup Cost": 18.93, "Total Cost": 443520.17, "Plan Rows": 85044, "Plan Width": 8, "Actual Startup Time": 1387.025, "Actual Total Time": 2117.988, "Actual Rows": 909648, "Actual Loops": 3, "Inner Unique": true, "Hash Cond": "(ci.role_id = rt.id)", "Plans": [{"Node Type": "Seq Scan", "Parent Relationship": "Outer", "Parallel Aware": true, "Relation Name": "cast_info", "Alias": "ci", "Startup Cost": 0.0, "Total Cost": 403639.65, "Plan Rows": 15095265, "Plan Width": 12, "Actual Startup Time": 0.025, "Actual Total Time": 929.459, "Actual Rows": 12081448, "Actual Loops": 3}, {"Node Type": "Hash", "Parent Relationship": "Inner", "Parallel Aware": false, "Startup Cost": 18.88, "Total Cost": 18.88, "Plan Rows": 4, "Plan Width": 4, "Actual Startup Time": 0.016, "Actual Total Time": 0.016, "Actual Rows": 1, "Actual Loops": 3, "Hash Buckets": 1024, "Original Hash Buckets": 1024, "Hash Batches": 1, "Original Hash Batches": 1, "Peak Memory Usage": 9, "Plans": [{"Node Type": "Seq Scan", "Parent Relationship": "Outer", "Parallel Aware": false, "Relation Name": "role_type", "Alias": "rt", "Startup Cost": 0.0, "Total Cost": 18.88, "Plan Rows": 4, "Plan Width": 4, "Actual Startup Time": 0.013, "Actual Total Time": 0.014, "Actual Rows": 1, "Actual Loops": 3, "Filter": "((role)::text = 'writer'::text)", "Rows Removed by Filter": 11}]}]}]}]}]}]}, {"Node Type": "Hash", "Parent Relationship": "Inner", "Parallel Aware": true, "Startup Cost": 15151.6, "Total Cost": 15151.6, "Plan Rows": 375560, "Plan Width": 4, "Actual Startup Time": 79.287, "Actual Total Time": 79.287, "Actual Rows": 300448, "Actual Loops": 3, "Hash Buckets": 131072, "Original Hash Buckets": 131072, "Hash Batches": 16, "Original Hash Batches": 16, "Peak Memory Usage": 3296, "Plans": [{"Node Type": "Seq Scan", "Parent Relationship": "Outer", "Parallel Aware": true, "Relation Name": "aka_name", "Alias": "a1", "Startup Cost": 0.0, "Total Cost": 15151.6, "Plan Rows": 375560, "Plan Width": 4, "Actual Startup Time": 0.016, "Actual Total Time": 37.676, "Actual Rows": 300448, "Actual Loops": 3}]}]}]}]}]}]}]}, "Planning Time": 84.906, "Triggers": [], "Execution Time": 5309.748}]
[{"Bao": {"Bao prediction": 1832.583, "Bao recommended hint": "SET enable_mergejoin TO off; "}}, {"Plan": {"Node Type": "Aggregate", "Strategy": "Plain", "Partial Mode": "Simple", "Parallel Aware": false, "Startup Cost": 360322.96, "Total Cost": 360322.97, "Plan Rows": 1, "Plan Width": 8, "Actual Startup Time": 1265.691, "Actual Total Time": 1293.379, "Actual Rows": 1, "Actual Loops": 1, "Plans": [{"Node Type": "Nested Loop", "Parent Relationship": "Outer", "Parallel Aware": false, "Join Type": "Inner", "Startup Cost": 325006.2, "Total Cost": 360322.96, "Plan Rows": 1, "Plan Width": 0, "Actual Startup Time": 1147.45, "Actual Total Time": 1293.363, "Actual Rows": 148, "Actual Loops": 1, "Inner Unique": true, "Plans": [{"Node Type": "Nested Loop", "Parent Relationship": "Outer", "Parallel Aware": false, "Join Type": "Inner", "Startup Cost": 325006.05, "Total Cost": 360322.79, "Plan Rows": 1, "Plan Width": 4, "Actual Startup Time": 1147.446, "Actual Total Time": 1293.154, "Actual Rows": 240, "Actual Loops": 1, "Inner Unique": true, "Plans": [{"Node Type": "Nested Loop", "Parent Relationship": "Outer", "Parallel Aware": false, "Join Type": "Inner", "Startup Cost": 325005.9, "Total Cost": 360322.61, "Plan Rows": 1, "Plan Width": 8, "Actual Startup Time": 1147.44, "Actual Total Time": 1292.892, "Actual Rows": 253, "Actual Loops": 1, "Inner Unique": true, "Join Filter": "(mi.movie_id = t.id)", "Rows Removed by Join Filter": 0, "Plans": [{"Node Type": "Nested Loop", "Parent Relationship": "Outer", "Parallel Aware": false, "Join Type": "Inner", "Startup Cost": 325005.47, "Total Cost": 360322.11, "Plan Rows": 1, "Plan Width": 24, "Actual Startup Time": 1147.431, "Actual Total Time": 1290.595, "Actual Rows": 1516, "Actual Loops": 1, "Inner Unique": true, "Plans": [{"Node Type": "Nested Loop", "Parent Relationship": "Outer", "Parallel Aware": false, "Join Type": "Inner", "Startup Cost": 325005.32, "Total Cost": 360321.94, "Plan Rows": 1, "Plan Width": 28, "Actual Startup Time": 1147.424, "Actual Total Time": 1289.292, "Actual Rows": 1516, "Actual Loops": 1, "Inner Unique": true, "Plans": [{"Node Type": "Gather", "Parent Relationship": "Outer", "Parallel Aware": false, "Startup Cost": 325004.9, "Total Cost": 360321.39, "Plan Rows": 1, "Plan Width": 32, "Actual Startup Time": 1147.41, "Actual Total Time": 1286.446, "Actual Rows": 1559, "Actual Loops": 1, "Workers Planned": 2, "Workers Launched": 2, "Single Copy": false, "Plans": [{"Node Type": "Hash Join", "Parent Relationship": "Outer", "Parallel Aware": true, "Join Type": "Inner", "Startup Cost": 324004.9, "Total Cost": 359321.29, "Plan Rows": 1, "Plan Width": 32, "Actual Startup Time": 1141.079, "Actual Total Time": 1260.205, "Actual Rows": 520, "Actual Loops": 3, "Inner Unique": false, "Hash Cond": "(mc.movie_id = mi.movie_id)", "Plans": [{"Node Type": "Seq Scan", "Parent Relationship": "Outer", "Parallel Aware": true, "Relation Name": "movie_companies", "Alias": "mc", "Startup Cost": 0.0, "Total Cost": 35097.06, "Plan Rows": 58487, "Plan Width": 12, "Actual Startup Time": 0.032, "Actual Total Time": 127.389, "Actual Rows": 101090, "Actual Loops": 3, "Filter": "(((note)::text !~~ '%(USA)%'::text) AND ((note)::text ~~ '%(200%)%'::text))", "Rows Removed by Filter": 768619}, {"Node Type": "Hash", "Parent Relationship": "Inner", "Parallel Aware": true, "Startup Cost": 324004.89, "Total Cost": 324004.89, "Plan Rows": 1, "Plan Width": 20, "Actual Startup Time": 1126.424, "Actual Total Time": 1126.433, "Actual Rows": 47, "Actual Loops": 3, "Hash Buckets": 1024, "Original Hash Buckets": 1024, "Hash Batches": 1, "Original Hash Batches": 1, "Peak Memory Usage": 104, "Plans": [{"Node Type": "Nested Loop", "Parent Relationship": "Outer", "Parallel Aware": false, "Join Type": "Inner", "Startup Cost": 273630.68, "Total Cost": 324004.89, "Plan Rows": 1, "Plan Width": 20, "Actual Startup Time": 930.655, "Actual Total Time": 1126.321, "Actual Rows": 47, "Actual Loops": 3, "Inner Unique": true, "Plans": [{"Node Type": "Hash Join", "Parent Relationship": "Outer", "Parallel Aware": true, "Join Type": "Inner", "Startup Cost": 273630.26, "Total Cost": 324002.66, "Plan Rows": 5, "Plan Width": 24, "Actual Startup Time": 910.682, "Actual Total Time": 1114.871, "Actual Rows": 5705, "Actual Loops": 3, "Inner Unique": false, "Hash Cond": "(mk.movie_id = mi.movie_id)", "Plans": [{"Node Type": "Seq Scan", "Parent Relationship": "Outer", "Parallel Aware": true, "Relation Name": "movie_keyword", "Alias": "mk", "Startup Cost": 0.0, "Total Cost": 43303.71, "Plan Rows": 1884971, "Plan Width": 8, "Actual Startup Time": 0.009, "Actual Total Time": 104.47, "Actual Rows": 1507977, "Actual Loops": 3}, {"Node Type": "Hash", "Parent Relationship": "Inner", "Parallel Aware": true, "Startup Cost": 273630.25, "Total Cost": 273630.25, "Plan Rows": 1, "Plan Width": 16, "Actual Startup Time": 900.756, "Actual Total Time": 900.763, "Actual Rows": 132, "Actual Loops": 3, "Hash Buckets": 1024, "Original Hash Buckets": 1024, "Hash Batches": 1, "Original Hash Batches": 1, "Peak Memory Usage": 104, "Plans": [{"Node Type": "Nested Loop", "Parent Relationship": "Outer", "Parallel Aware": false, "Join Type": "Inner", "Startup Cost": 258034.3, "Total Cost": 273630.25, "Plan Rows": 1, "Plan Width": 16, "Actual Startup Time": 826.031, "Actual Total Time": 900.66, "Actual Rows": 132, "Actual Loops": 3, "Inner Unique": true, "Plans": [{"Node Type": "Hash Join", "Parent Relationship": "Outer", "Parallel Aware": true, "Join Type": "Inner", "Startup Cost": 258034.16, "Total Cost": 273630.07, "Plan Rows": 1, "Plan Width": 20, "Actual Startup Time": 826.017, "Actual Total Time": 900.397, "Actual Rows": 224, "Actual Loops": 3, "Inner Unique": false, "Hash Cond": "(mi_idx.movie_id = mi.movie_id)", "Plans": [{"Node Type": "Seq Scan", "Parent Relationship": "Outer", "Parallel Aware": true, "Relation Name": "movie_info_idx", "Alias": "mi_idx", "Startup Cost": 0.0, "Total Cost": 15122.68, "Plan Rows": 126190, "Plan Width": 8, "Actual Startup Time": 0.028, "Actual Total Time": 67.668, "Actual Rows": 99992, "Actual Loops": 3, "Filter": "((info)::text > '6.5'::text)", "Rows Removed by Filter": 360020}, {"Node Type": "Hash", "Parent Relationship": "Inner", "Parallel Aware": true, "Startup Cost": 258034.15, "Total Cost": 258034.15, "Plan Rows": 1, "Plan Width": 12, "Actual Startup Time": 825.321, "Actual Total Time": 825.325, "Actual Rows": 735, "Actual Loops": 3, "Hash Buckets": 4096, "Original Hash Buckets": 1024, "Hash Batches": 1, "Original Hash Batches": 1, "Peak Memory Usage": 216, "Plans": [{"Node Type": "Hash Join", "Parent Relationship": "Outer", "Parallel Aware": false, "Join Type": "Inner", "Startup Cost": 2469.44, "Total Cost": 258034.15, "Plan Rows": 1, "Plan Width": 12, "Actual Startup Time": 627.463, "Actual Total Time": 776.598, "Actual Rows": 735, "Actual Loops": 3, "Inner Unique": true, "Hash Cond": "(mi.info_type_id = it1.id)", "Plans": [{"Node Type": "Hash Join", "Parent Relationship": "Outer", "Parallel Aware": false, "Join Type": "Inner", "Startup Cost": 2467.01, "Total Cost": 258031.42, "Plan Rows": 110, "Plan Width": 16, "Actual Startup Time": 31.024, "Actual Total Time": 776.379, "Actual Rows": 1857, "Actual Loops": 3, "Inner Unique": false, "Hash Cond": "(mi.movie_id = cc.movie_id)", "Plans": [{"Node Type": "Seq Scan", "Parent Relationship": "Outer", "Parallel Aware": true, "Relation Name": "movie_info", "Alias": "mi", "Startup Cost": 0.0, "Total Cost": 255356.52, "Plan Rows": 55142, "Plan Width": 8, "Actual Startup Time": 0.398, "Actual Total Time": 737.26, "Actual Rows": 44746, "Actual Loops": 3, "Filter": "((info)::text = ANY ('{Sweden,Germany,Swedish,German}'::text[]))", "Rows Removed by Filter": 4900494}, {"Node Type": "Hash", "Parent Relationship": "Inner", "Parallel Aware": false, "Startup Cost": 2457.5, "Total Cost": 2457.5, "Plan Rows": 761, "Plan Width": 8, "Actual Startup Time": 30.465, "Actual Total Time": 30.467, "Actual Rows": 49145, "Actual Loops": 3, "Hash Buckets": 65536, "Original Hash Buckets": 1024, "Hash Batches": 1, "Original Hash Batches": 1, "Peak Memory Usage": 2432, "Plans": [{"Node Type": "Hash Join", "Parent Relationship": "Outer", "Parallel Aware": false, "Join Type": "Inner", "Startup Cost": 18.93, "Total Cost": 2457.5, "Plan Rows": 761, "Plan Width": 8, "Actual Startup Time": 13.642, "Actual Total Time": 24.732, "Actual Rows": 49145, "Actual Loops": 3, "Inner Unique": true, "Hash Cond": "(cc.subject_id = cct1.id)", "Plans": [{"Node Type": "Seq Scan", "Parent Relationship": "Outer", "Parallel Aware": false, "Relation Name": "complete_cast", "Alias": "cc", "Startup Cost": 0.0, "Total Cost": 2081.86, "Plan Rows": 135086, "Plan Width": 12, "Actual Startup Time": 0.015, "Actual Total Time": 9.777, "Actual Rows": 135086, "Actual Loops": 3}, {"Node Type": "Hash", "Parent Relationship": "Inner", "Parallel Aware": false, "Startup Cost": 18.88, "Total Cost": 18.88, "Plan Rows": 4, "Plan Width": 4, "Actual Startup Time": 0.011, "Actual Total Time": 0.011, "Actual Rows": 1, "Actual Loops": 3, "Hash Buckets": 1024, "Original Hash Buckets": 1024, "Hash Batches": 1, "Original Hash Batches": 1, "Peak Memory Usage": 9, "Plans": [{"Node Type": "Seq Scan", "Parent Relationship": "Outer", "Parallel Aware": false, "Relation Name": "comp_cast_type", "Alias": "cct1", "Startup Cost": 0.0, "Total Cost": 18.88, "Plan Rows": 4, "Plan Width": 4, "Actual Startup Time": 0.008, "Actual Total Time": 0.009, "Actual Rows": 1, "Actual Loops": 3, "Filter": "((kind)::text = 'crew'::text)", "Rows Removed by Filter": 3}]}]}]}]}, {"Node Type": "Hash", "Parent Relationship": "Inner", "Parallel Aware": false, "Startup Cost": 2.41, "Total Cost": 2.41, "Plan Rows": 1, "Plan Width": 4, "Actual Startup Time": 0.028, "Actual Total Time": 0.028, "Actual Rows": 1, "Actual Loops": 3, "Hash Buckets": 1024, "Original Hash Buckets": 1024, "Hash Batches": 1, "Original Hash Batches": 1, "Peak Memory Usage": 9, "Plans": [{"Node Type": "Seq Scan", "Parent Relationship": "Outer", "Parallel Aware": false, "Relation Name": "info_type", "Alias": "it1", "Startup Cost": 0.0, "Total Cost": 2.41, "Plan Rows": 1, "Plan Width": 4, "Actual Startup Time": 0.017, "Actual Total Time": 0.024, "Actual Rows": 1, "Actual Loops": 3, "Filter": "((info)::text = 'countries'::text)", "Rows Removed by Filter": 112}]}]}]}]}, {"Node Type": "Index Scan", "Parent Relationship": "Inner", "Parallel Aware": false, "Scan Direction": "Forward", "Index Name": "info_type_pkey", "Relation Name": "info_type", "Alias": "it2", "Startup Cost": 0.14, "Total Cost": 0.16, "Plan Rows": 1, "Plan Width": 4, "Actual Startup Time": 0.001, "Actual Total Time": 0.001, "Actual Rows": 1, "Actual Loops": 673, "Index Cond": "(id = mi_idx.info_type_id)", "Rows Removed by Index Recheck": 0, "Filter": "((info)::text = 'rating'::text)", "Rows Removed by Filter": 0}]}]}]}, {"Node Type": "Index Scan", "Parent Relationship": "Inner", "Parallel Aware": false, "Scan Direction": "Forward", "Index Name": "keyword_pkey", "Relation Name": "keyword", "Alias": "k", "Startup Cost": 0.42, "Total Cost": 0.44, "Plan Rows": 1, "Plan Width": 4, "Actual Startup Time": 0.002, "Actual Total Time": 0.002, "Actual Rows": 0, "Actual Loops": 17114, "Index Cond": "(id = mk.keyword_id)", "Rows Removed by Index Recheck": 0, "Filter": "((keyword)::text = ANY ('{murder,murder-in-title,blood,violence}'::text[]))", "Rows Removed by Filter": 1}]}]}]}]}, {"Node Type": "Index Scan", "Parent Relationship": "Inner", "Parallel Aware": false, "Scan Direction": "Forward", "Index Name": "company_name_pkey", "Relation Name": "company_name", "Alias": "cn", "Startup Cost": 0.42, "Total Cost": 0.55, "Plan Rows": 1, "Plan Width": 4, "Actual Startup Time": 0.002, "Actual Total Time": 0.002, "Actual Rows": 1, "Actual Loops": 1559, "Index Cond": "(id = mc.company_id)", "Rows Removed by Index Recheck": 0, "Filter": "((country_code)::text <> '[us]'::text)", "Rows Removed by Filter": 0}]}, {"Node Type": "Index Only Scan", "Parent Relationship": "Inner", "Parallel Aware": false, "Scan Direction": "Forward", "Index Name": "company_type_pkey", "Relation Name": "company_type", "Alias": "ct", "Startup Cost": 0.15, "Total Cost": 0.17, "Plan Rows": 1, "Plan Width": 4, "Actual Startup Time": 0.001, "Actual Total Time": 0.001, "Actual Rows": 1, "Actual Loops": 1516, "Index Cond": "(id = mc.company_type_id)", "Rows Removed by Index Recheck": 0, "Heap Fetches": 1516}]}, {"Node Type": "Index Scan", "Parent Relationship": "Inner", "Parallel Aware": false, "Scan Direction": "Forward", "Index Name": "title_pkey", "Relation Name": "title", "Alias": "t", "Startup Cost": 0.43, "Total Cost": 0.49, "Plan Rows": 1, "Plan Width": 8, "Actual Startup Time": 0.001, "Actual Total Time": 0.001, "Actual Rows": 0, "Actual Loops": 1516, "Index Cond": "(id = mk.movie_id)", "Rows Removed by Index Recheck": 0, "Filter": "(production_year > 2005)", "Rows Removed by Filter": 1}]}, {"Node Type": "Index Scan", "Parent Relationship": "Inner", "Parallel Aware": false, "Scan Direction": "Forward", "Index Name": "kind_type_pkey", "Relation Name": "kind_type", "Alias": "kt", "Startup Cost": 0.15, "Total Cost": 0.17, "Plan Rows": 1, "Plan Width": 4, "Actual Startup Time": 0.001, "Actual Total Time": 0.001, "Actual Rows": 1, "Actual Loops": 253, "Index Cond": "(id = t.kind_id)", "Rows Removed by Index Recheck": 0, "Filter": "((kind)::text = ANY ('{movie,episode}'::text[]))", "Rows Removed by Filter": 0}]}, {"Node Type": "Index Scan", "Parent Relationship": "Inner", "Parallel Aware": false, "Scan Direction": "Forward", "Index Name": "comp_cast_type_pkey", "Relation Name": "comp_cast_type", "Alias": "cct2", "Startup Cost": 0.15, "Total Cost": 0.17, "Plan Rows": 1, "Plan Width": 4, "Actual Startup Time": 0.001, "Actual Total Time": 0.001, "Actual Rows": 1, "Actual Loops": 240, "Index Cond": "(id = cc.status_id)", "Rows Removed by Index Recheck": 0, "Filter": "((kind)::text <> 'complete+verified'::text)", "Rows Removed by Filter": 0}]}]}, "Planning Time": 242.034, "Triggers": [], "Execution Time": 1293.519}]
[{"Bao": {"Bao prediction": 1392.955, "Bao recommended hint": "SET enable_nestloop TO off; SET enable_mergejoin TO off; SET enable_indexscan TO off; "}}, {"Plan": {"Node Type": "Aggregate", "Strategy": "Plain", "Partial Mode": "Simple", "Parallel Aware": false, "Startup Cost": 708167.28, "Total Cost": 708167.29, "Plan Rows": 1, "Plan Width": 8, "Actual Startup Time": 3014.447, "Actual Total Time": 3058.988, "Actual Rows": 1, "Actual Loops": 1, "Plans": [{"Node Type": "Hash Join", "Parent Relationship": "Outer", "Parallel Aware": false, "Join Type": "Inner", "Startup Cost": 657412.38, "Total Cost": 708167.28, "Plan Rows": 1, "Plan Width": 0, "Actual Startup Time": 2988.639, "Actual Total Time": 3058.975, "Actual Rows": 93, "Actual Loops": 1, "Inner Unique": true, "Hash Cond": "(t.kind_id = kt.id)", "Plans": [{"Node Type": "Gather", "Parent Relationship": "Outer", "Parallel Aware": false, "Startup Cost": 657389.57, "Total Cost": 708144.46, "Plan Rows": 1, "Plan Width": 4, "Actual Startup Time": 2905.835, "Actual Total Time": 3058.926, "Actual Rows": 111, "Actual Loops": 1, "Workers Planned": 2, "Workers Launched": 2, "Single Copy": false, "Plans": [{"Node Type": "Hash Join", "Parent Relationship": "Outer", "Parallel Aware": true, "Join Type": "Inner", "Startup Cost": 656389.57, "Total Cost": 707144.36, "Plan Rows": 1, "Plan Width": 4, "Actual Startup Time": 2897.74, "Actual Total Time": 3006.86, "Actual Rows": 37, "Actual Loops": 3, "Inner Unique": false, "Hash Cond": "(t.id = mk.movie_id)", "Plans": [{"Node Type": "Seq Scan", "Parent Relationship": "Outer", "Parallel Aware": true, "Relation Name": "title", "Alias": "t", "Startup Cost": 0.0, "Total Cost": 49166.73, "Plan Rows": 423480, "Plan Width": 8, "Actual Startup Time": 0.018, "Actual Total Time": 95.896, "Actual Rows": 337640, "Actual Loops": 3, "Filter": "(production_year > 2005)", "Rows Removed by Filter": 505131}, {"Node Type": "Hash", "Parent Relationship": "Inner", "Parallel Aware": true, "Startup Cost": 656389.56, "Total Cost": 656389.56, "Plan Rows": 1, "Plan Width": 16, "Actual Startup Time": 2888.529, "Actual Total Time": 2888.544, "Actual Rows": 122, "Actual Loops": 3, "Hash Buckets": 1024, "Original Hash Buckets": 1024, "Hash Batches": 1, "Original Hash Batches": 1, "Peak Memory Usage": 104, "Plans": [{"Node Type": "Hash Join", "Parent Relationship": "Outer", "Parallel Aware": false, "Join Type": "Inner", "Startup Cost": 576898.1, "Total Cost": 656389.56, "Plan Rows": 1, "Plan Width": 16, "Actual Startup Time": 2668.676, "Actual Total Time": 2888.422, "Actual Rows": 122, "Actual Loops": 3, "Inner Unique": true, "Hash Cond": "(cc.status_id = cct2.id)", "Plans": [{"Node Type": "Hash Join", "Parent Relationship": "Outer", "Parallel Aware": true, "Join Type": "Inner", "Startup Cost": 576879.21, "Total Cost": 656370.67, "Plan Rows": 1, "Plan Width": 20, "Actual Startup Time": 2668.645, "Actual Total Time": 2888.347, "Actual Rows": 122, "Actual Loops": 3, "Inner Unique": false, "Hash Cond": "(n.id = ci.person_id)", "Plans": [{"Node Type": "Seq Scan", "Parent Relationship": "Outer", "Parallel Aware": true, "Relation Name": "name", "Alias": "n", "Startup Cost": 0.0, "Total Cost": 72979.14, "Plan Rows": 1736614, "Plan Width": 4, "Actual Startup Time": 0.012, "Actual Total Time": 118.428, "Actual Rows": 1389164, "Actual Loops": 3}, {"Node Type": "Hash", "Parent Relationship": "Inner", "Parallel Aware": true, "Startup Cost": 576879.2, "Total Cost": 576879.2, "Plan Rows": 1, "Plan Width": 24, "Actual Startup Time": 2666.66, "Actual Total Time": 2666.672, "Actual Rows": 122, "Actual Loops": 3, "Hash Buckets": 1024, "Original Hash Buckets": 1024, "Hash Batches": 1, "Original Hash Batches": 1, "Peak Memory Usage": 104, "Plans": [{"Node Type": "Hash Join", "Parent Relationship": "Outer", "Parallel Aware": false, "Join Type": "Inner", "Startup Cost": 526506.83, "Total Cost": 576879.2, "Plan Rows": 1, "Plan Width": 24, "Actual Startup Time": 2432.802, "Actual Total Time": 2666.516, "Actual Rows": 122, "Actual Loops": 3, "Inner Unique": true, "Hash Cond": "(mk.keyword_id = k.id)", "Plans": [{"Node Type": "Hash Join", "Parent Relationship": "Outer", "Parallel Aware": true, "Join Type": "Inner", "Startup Cost": 523545.23, "Total Cost": 573917.6, "Plan Rows": 2, "Plan Width": 28, "Actual Startup Time": 2404.343, "Actual Total Time": 2638.346, "Actual Rows": 90602, "Actual Loops": 3, "Inner Unique": false, "Hash Cond": "(mk.movie_id = ci.movie_id)", "Plans": [{"Node Type": "Seq Scan", "Parent Relationship": "Outer", "Parallel Aware": true, "Relation Name": "movie_keyword", "Alias": "mk", "Startup Cost": 0.0, "Total Cost": 43303.71, "Plan Rows": 1884971, "Plan Width": 8, "Actual Startup Time": 0.009, "Actual Total Time": 104.279, "Actual Rows": 1507977, "Actual Loops": 3}, {"Node Type": "Hash", "Parent Relationship": "Inner", "Parallel Aware": true, "Startup Cost": 523545.21, "Total Cost": 523545.21, "Plan Rows": 1, "Plan Width": 20, "Actual Startup Time": 2403.837, "Actual Total Time": 2403.846, "Actual Rows": 1278, "Actual Loops": 3, "Hash Buckets": 4096, "Original Hash Buckets": 1024, "Hash Batches": 1, "Original Hash Batches": 1, "Peak Memory Usage": 344, "Plans": [{"Node Type": "Hash Join", "Parent Relationship": "Outer", "Parallel Aware": false, "Join Type": "Inner", "Startup Cost": 77064.71, "Total Cost": 523545.21, "Plan Rows": 1, "Plan Width": 20, "Actual Startup Time": 360.32, "Actual Total Time": 2396.191, "Actual Rows": 1278, "Actual Loops": 3, "Inner Unique": true, "Hash Cond": "(mi_idx.info_type_id = it2.id)", "Plans": [{"Node Type": "Hash Join", "Parent Relationship": "Outer", "Parallel Aware": false, "Join Type": "Inner", "Startup Cost": 77062.29, "Total Cost": 523542.72, "Plan Rows": 25, "Plan Width": 24, "Actual Startup Time": 360.108, "Actual Total Time": 2395.612, "Actual Rows": 4336, "Actual Loops": 3, "Inner Unique": true, "Hash Cond": "(cc.subject_id = cct1.id)", "Plans": [{"Node Type": "Hash Join", "Parent Relationship": "Outer", "Parallel Aware": false, "Join Type": "Inner", "Startup Cost": 77043.36, "Total Cost": 523512.36, "Plan Rows": 4334, "Plan Width": 28, "Actual Startup Time": 360.087, "Actual Total Time": 2394.505, "Actual Rows": 6986, "Actual Loops": 3, "Inner Unique": false, "Hash Cond": "(ci.movie_id = cc.movie_id)", "Plans": [{"Node Type": "Hash Join", "Parent Relationship": "Outer", "Parallel Aware": true, "Join Type": "Inner", "Startup Cost": 72612.93, "Total Cost": 517953.0, "Plan Rows": 28717, "Plan Width": 16, "Actual Startup Time": 318.182, "Actual Total Time": 2339.484, "Actual Rows": 14096, "Actual Loops": 3, "Inner Unique": false, "Hash Cond": "(ci.movie_id = mi_idx.movie_id)", "Plans": [{"Node Type": "Hash Join", "Parent Relationship": "Outer", "Parallel Aware": true, "Join Type": "Inner", "Startup Cost": 57233.52, "Total Cost": 500498.26, "Plan Rows": 521511, "Plan Width": 8, "Actual Startup Time": 237.516, "Actual Total Time": 2209.584, "Actual Rows": 207862, "Actual Loops": 3, "Inner Unique": true, "Hash Cond": "(ci.person_role_id = chn.id)", "Plans": [{"Node Type": "Seq Scan", "Parent Relationship": "Outer", "Parallel Aware": true, "Relation Name": "cast_info", "Alias": "ci", "Startup Cost": 0.0, "Total Cost": 403639.65, "Plan Rows": 15095265, "Plan Width": 12, "Actual Startup Time": 0.026, "Actual Total Time": 888.964, "Actual Rows": 12081448, "Actual Loops": 3}, {"Node Type": "Hash", "Parent Relationship": "Inner", "Parallel Aware": true, "Startup Cost": 56075.49, "Total Cost": 56075.49, "Plan Rows": 92642, "Plan Width": 4, "Actual Startup Time": 236.97, "Actual Total Time": 236.971, "Actual Rows": 60051, "Actual Loops": 3, "Hash Buckets": 262144, "Original Hash Buckets": 262144, "Hash Batches": 1, "Original Hash Batches": 1, "Peak Memory Usage": 9152, "Plans": [{"Node Type": "Seq Scan", "Parent Relationship": "Outer", "Parallel Aware": true, "Relation Name": "char_name", "Alias": "chn", "Startup Cost": 0.0, "Total Cost": 56075.49, "Plan Rows": 92642, "Plan Width": 4, "Actual Startup Time": 0.042, "Actual Total Time": 220.774, "Actual Rows": 60051, "Actual Loops": 3, "Filter": "((name IS NOT NULL) AND (((name)::text ~~ '%man%'::text) OR ((name)::text ~~ '%Man%'::text)))", "Rows Removed by Filter": 986729}]}]}, {"Node Type": "Hash", "Parent Relationship": "Inner", "Parallel Aware": true, "Startup Cost": 15122.68, "Total Cost": 15122.68, "Plan Rows": 20538, "Plan Width": 8, "Actual Startup Time": 80.35, "Actual Total Time": 80.351, "Actual Rows": 17883, "Actual Loops": 3, "Hash Buckets": 65536, "Original Hash Buckets": 65536, "Hash Batches": 1, "Original Hash Batches": 1, "Peak Memory Usage": 2656, "Plans": [{"Node Type": "Seq Scan", "Parent Relationship": "Outer", "Parallel Aware": true, "Relation Name": "movie_info_idx", "Alias": "mi_idx", "Startup Cost": 0.0, "Total Cost": 15122.68, "Plan Rows": 20538, "Plan Width": 8, "Actual Startup Time": 0.021, "Actual Total Time": 75.601, "Actual Rows": 17883, "Actual Loops": 3, "Filter": "((info)::text > '8.0'::text)", "Rows Removed by Filter": 442129}]}]}, {"Node Type": "Hash", "Parent Relationship": "Inner", "Parallel Aware": false, "Startup Cost": 2081.86, "Total Cost": 2081.86, "Plan Rows": 135086, "Plan Width": 12, "Actual Startup Time": 40.269, "Actual Total Time": 40.27, "Actual Rows": 135086, "Actual Loops": 3, "Hash Buckets": 131072, "Original Hash Buckets": 131072, "Hash Batches": 4, "Original Hash Batches": 4, "Peak Memory Usage": 2471, "Plans": [{"Node Type": "Seq Scan", "Parent Relationship": "Outer", "Parallel Aware": false, "Relation Name": "complete_cast", "Alias": "cc", "Startup Cost": 0.0, "Total Cost": 2081.86, "Plan Rows": 135086, "Plan Width": 12, "Actual Startup Time": 0.016, "Actual Total Time": 15.987, "Actual Rows": 135086, "Actual Loops": 3}]}]}, {"Node Type": "Hash", "Parent Relationship": "Inner", "Parallel Aware": false, "Startup Cost": 18.88, "Total Cost": 18.88, "Plan Rows": 4, "Plan Width": 4, "Actual Startup Time": 0.011, "Actual Total Time": 0.012, "Actual Rows": 1, "Actual Loops": 3, "Hash Buckets": 1024, "Original Hash Buckets": 1024, "Hash Batches": 1, "Original Hash Batches": 1, "Peak Memory Usage": 9, "Plans": [{"Node Type": "Seq Scan", "Parent Relationship": "Outer", "Parallel Aware": false, "Relation Name": "comp_cast_type", "Alias": "cct1", "Startup Cost": 0.0, "Total Cost": 18.88, "Plan Rows": 4, "Plan Width": 4, "Actual Startup Time": 0.005, "Actual Total Time": 0.006, "Actual Rows": 1, "Actual Loops": 3, "Filter": "((kind)::text = 'cast'::text)", "Rows Removed by Filter": 3}]}]}, {"Node Type": "Hash", "Parent Relationship": "Inner", "Parallel Aware": false, "Startup Cost": 2.41, "Total Cost": 2.41, "Plan Rows": 1, "Plan Width": 4, "Actual Startup Time": 0.036, "Actual Total Time": 0.036, "Actual Rows": 1, "Actual Loops": 3, "Hash Buckets": 1024, "Original Hash Buckets": 1024, "Hash Batches": 1, "Original Hash Batches": 1, "Peak Memory Usage": 9, "Plans": [{"Node Type": "Seq Scan", "Parent Relationship": "Outer", "Parallel Aware": false, "Relation Name": "info_type", "Alias": "it2", "Startup Cost": 0.0, "Total Cost": 2.41, "Plan Rows": 1, "Plan Width": 4, "Actual Startup Time": 0.031, "Actual Total Time": 0.032, "Actual Rows": 1, "Actual Loops": 3, "Filter": "((info)::text = 'rating'::text)", "Rows Removed by Filter": 112}]}]}]}]}, {"Node Type": "Hash", "Parent Relationship": "Inner", "Parallel Aware": false, "Startup Cost": 2961.55, "Total Cost": 2961.55, "Plan Rows": 4, "Plan Width": 4, "Actual Startup Time": 23.079, "Actual Total Time": 23.08, "Actual Rows": 4, "Actual Loops": 3, "Hash Buckets": 1024, "Original Hash Buckets": 1024, "Hash Batches": 1, "Original Hash Batches": 1, "Peak Memory Usage": 9, "Plans": [{"Node Type": "Seq Scan", "Parent Relationship": "Outer", "Parallel Aware": false, "Relation Name": "keyword", "Alias": "k", "Startup Cost": 0.0, "Total Cost": 2961.55, "Plan Rows": 4, "Plan Width": 4, "Actual Startup Time": 0.089, "Actual Total Time": 23.075, "Actual Rows": 4, "Actual Loops": 3, "Filter": "((keyword)::text = ANY ('{superhero,marvel-comics,based-on-comic,fight}'::text[]))", "Rows Removed by Filter": 134166}]}]}]}]}, {"Node Type": "Hash", "Parent Relationship": "Inner", "Parallel Aware": false, "Startup Cost": 18.88, "Total Cost": 18.88, "Plan Rows": 1, "Plan Width": 4, "Actual Startup Time": 0.022, "Actual Total Time": 0.023, "Actual Rows": 2, "Actual Loops": 3, "Hash Buckets": 1024, "Original Hash Buckets": 1024, "Hash Batches": 1, "Original Hash Batches": 1, "Peak Memory Usage": 9, "Plans": [{"Node Type": "Seq Scan", "Parent Relationship": "Outer", "Parallel Aware": false, "Relation Name": "comp_cast_type", "Alias": "cct2", "Startup Cost": 0.0, "Total Cost": 18.88, "Plan Rows": 1, "Plan Width": 4, "Actual Startup Time": 0.019, "Actual Total Time": 0.02, "Actual Rows": 2, "Actual Loops": 3, "Filter": "((kind)::text ~~ '%complete%'::text)", "Rows Removed by Filter": 2}]}]}]}]}]}, {"Node Type": "Hash", "Parent Relationship": "Inner", "Parallel Aware": false, "Startup Cost": 22.75, "Total Cost": 22.75, "Plan Rows": 5, "Plan Width": 4, "Actual Startup Time": 0.017, "Actual Total Time": 0.018, "Actual Rows": 1, "Actual Loops": 1, "Hash Buckets": 1024, "Original Hash Buckets": 1024, "Hash Batches": 1, "Original Hash Batches": 1, "Peak Memory Usage": 9, "Plans": [{"Node Type": "Seq Scan", "Parent Relationship": "Outer", "Parallel Aware": false, "Relation Name": "kind_type", "Alias": "kt", "Startup Cost": 0.0, "Total Cost": 22.75, "Plan Rows": 5, "Plan Width": 4, "Actual Startup Time": 0.013, "Actual Total Time": 0.015, "Actual Rows": 1, "Actual Loops": 1, "Filter": "((kind)::text = 'movie'::text)", "Rows Removed by Filter": 6}]}]}]}, "Planning Time": 228.948, "Triggers": [], "Execution Time": 3059.155}]
[{"Bao": {"Bao prediction": 2474.019, "Bao recommended hint": "SET enable_nestloop TO off; "}}, {"Plan": {"Node Type": "Aggregate", "Strategy": "Plain", "Partial Mode": "Finalize", "Parallel Aware": false, "Startup Cost": 682547.51, "Total Cost": 682547.52, "Plan Rows": 1, "Plan Width": 8, "Actual Startup Time": 3602.536, "Actual Total Time": 3645.463, "Actual Rows": 1, "Actual Loops": 1, "Plans": [{"Node Type": "Gather", "Parent Relationship": "Outer", "Parallel Aware": false, "Startup Cost": 682547.29, "Total Cost": 682547.5, "Plan Rows": 2, "Plan Width": 8, "Actual Startup Time": 3599.35, "Actual Total Time": 3645.456, "Actual Rows": 3, "Actual Loops": 1, "Workers Planned": 2, "Workers Launched": 2, "Single Copy": false, "Plans": [{"Node Type": "Aggregate", "Strategy": "Plain", "Partial Mode": "Partial", "Parent Relationship": "Outer", "Parallel Aware": false, "Startup Cost": 681547.29, "Total Cost": 681547.3, "Plan Rows": 1, "Plan Width": 8, "Actual Startup Time": 3596.985, "Actual Total Time": 3596.996, "Actual Rows": 1, "Actual Loops": 3, "Plans": [{"Node Type": "Hash Join", "Parent Relationship": "Outer", "Parallel Aware": true, "Join Type": "Inner", "Startup Cost": 647806.98, "Total Cost": 681546.7, "Plan Rows": 235, "Plan Width": 0, "Actual Startup Time": 3294.684, "Actual Total Time": 3580.506, "Actual Rows": 371040, "Actual Loops": 3, "Inner Unique": true, "Hash Cond": "(mc.company_id = cn.id)", "Plans": [{"Node Type": "Hash Join", "Parent Relationship": "Outer", "Parallel Aware": true, "Join Type": "Inner", "Startup Cost": 641701.72, "Total Cost": 675440.83, "Plan Rows": 235, "Plan Width": 4, "Actual Startup Time": 3267.34, "Actual Total Time": 3492.628, "Actual Rows": 371040, "Actual Loops": 3, "Inner Unique": false, "Hash Cond": "(mc.movie_id = ci.movie_id)", "Plans": [{"Node Type": "Seq Scan", "Parent Relationship": "Outer", "Parallel Aware": true, "Relation Name": "movie_companies", "Alias": "mc", "Startup Cost": 0.0, "Total Cost": 29661.37, "Plan Rows": 1087137, "Plan Width": 8, "Actual Startup Time": 0.014, "Actual Total Time": 69.807, "Actual Rows": 869710, "Actual Loops": 3}, {"Node Type": "Hash", "Parent Relationship": "Inner", "Parallel Aware": true, "Startup Cost": 641700.72, "Total Cost": 641700.72, "Plan Rows": 80, "Plan Width": 12, "Actual Startup Time": 3267.097, "Actual Total Time": 3267.104, "Actual Rows": 49831, "Actual Loops": 3, "Hash Buckets": 262144, "Original Hash Buckets": 1024, "Hash Batches": 1, "Original Hash Batches": 1, "Peak Memory Usage": 11160, "Plans": [{"Node Type": "Hash Join", "Parent Relationship": "Outer", "Parallel Aware": true, "Join Type": "Inner", "Startup Cost": 561616.91, "Total Cost": 641700.72, "Plan Rows": 80, "Plan Width": 12, "Actual Startup Time": 3169.48, "Actual Total Time": 3244.432, "Actual Rows": 49831, "Actual Loops": 3, "Inner Unique": false, "Hash Cond": "(n.id = ci.person_id)", "Plans": [{"Node Type": "Seq Scan", "Parent Relationship": "Outer", "Parallel Aware": true, "Relation Name": "name", "Alias": "n", "Startup Cost": 0.0, "Total Cost": 77320.68, "Plan Rows": 245582, "Plan Width": 4, "Actual Startup Time": 0.05, "Actual Total Time": 198.582, "Actual Rows": 178905, "Actual Loops": 3, "Filter": "((name)::text ~~ '%B%'::text)", "Rows Removed by Filter": 1210258}, {"Node Type": "Hash", "Parent Relationship": "Inner", "Parallel Aware": true, "Startup Cost": 561609.8, "Total Cost": 561609.8, "Plan Rows": 569, "Plan Width": 16, "Actual Startup Time": 2929.47, "Actual Total Time": 2929.475, "Actual Rows": 346131, "Actual Loops": 3, "Hash Buckets": 65536, "Original Hash Buckets": 2048, "Hash Batches": 16, "Original Hash Batches": 1, "Peak Memory Usage": 3680, "Plans": [{"Node Type": "Hash Join", "Parent Relationship": "Outer", "Parallel Aware": true, "Join Type": "Inner", "Startup Cost": 101362.06, "Total Cost": 561609.8, "Plan Rows": 569, "Plan Width": 16, "Actual Startup Time": 509.808, "Actual Total Time": 2815.103, "Actual Rows": 346131, "Actual Loops": 3, "Inner Unique": false, "Hash Cond": "(ci.movie_id = t.id)", "Plans": [{"Node Type": "Seq Scan", "Parent Relationship": "Outer", "Parallel Aware": true, "Relation Name": "cast_info", "Alias": "ci", "Startup Cost": 0.0, "Total Cost": 403639.65, "Plan Rows": 15095265, "Plan Width": 8, "Actual Startup Time": 0.014, "Actual Total Time": 930.093, "Actual Rows": 12081448, "Actual Loops": 3}, {"Node Type": "Hash", "Parent Relationship": "Inner", "Parallel Aware": true, "Startup Cost": 101361.89, "Total Cost": 101361.89, "Plan Rows": 14, "Plan Width": 8, "Actual Startup Time": 509.73, "Actual Total Time": 509.734, "Actual Rows": 13947, "Actual Loops": 3, "Hash Buckets": 65536, "Original Hash Buckets": 1024, "Hash Batches": 1, "Original Hash Batches": 1, "Peak Memory Usage": 2680, "Plans": [{"Node Type": "Hash Join", "Parent Relationship": "Outer", "Parallel Aware": true, "Join Type": "Inner", "Startup Cost": 50878.23, "Total Cost": 101361.89, "Plan Rows": 14, "Plan Width": 8, "Actual Startup Time": 278.165, "Actual Total Time": 466.825, "Actual Rows": 13947, "Actual Loops": 3, "Inner Unique": false, "Hash Cond": "(t.id = mk.movie_id)", "Plans": [{"Node Type": "Seq Scan", "Parent Relationship": "Outer", "Parallel Aware": true, "Relation Name": "title", "Alias": "t", "Startup Cost": 0.0, "Total Cost": 46532.98, "Plan Rows": 1053498, "Plan Width": 4, "Actual Startup Time": 0.011, "Actual Total Time": 79.83, "Actual Rows": 842771, "Actual Loops": 3}, {"Node Type": "Hash", "Parent Relationship": "Inner", "Parallel Aware": true, "Startup Cost": 50878.05, "Total Cost": 50878.05, "Plan Rows": 14, "Plan Width": 4, "Actual Startup Time": 278.026, "Actual Total Time": 278.028, "Actual Rows": 13947, "Actual Loops": 3, "Hash Buckets": 65536, "Original Hash Buckets": 1024, "Hash Batches": 1, "Original Hash Batches": 1, "Peak Memory Usage": 2712, "Plans": [{"Node Type": "Hash Join", "Parent Relationship": "Outer", "Parallel Aware": false, "Join Type": "Inner", "Startup Cost": 2626.14, "Total Cost": 50878.05, "Plan Rows": 14, "Plan Width": 4, "Actual Startup Time": 10.706, "Actual Total Time": 250.913, "Actual Rows": 13947, "Actual Loops": 3, "Inner Unique": true, "Hash Cond": "(mk.keyword_id = k.id)", "Plans": [{"Node Type": "Seq Scan", "Parent Relationship": "Outer", "Parallel Aware": true, "Relation Name": "movie_keyword", "Alias": "mk", "Startup Cost": 0.0, "Total Cost": 43303.71, "Plan Rows": 1884971, "Plan Width": 8, "Actual Startup Time": 0.009, "Actual Total Time": 117.754, "Actual Rows": 1507977, "Actual Loops": 3}, {"Node Type": "Hash", "Parent Relationship": "Inner", "Parallel Aware": false, "Startup Cost": 2626.12, "Total Cost": 2626.12, "Plan Rows": 1, "Plan Width": 4, "Actual Startup Time": 10.661, "Actual Total Time": 10.662, "Actual Rows": 1, "Actual Loops": 3, "Hash Buckets": 1024, "Original Hash Buckets": 1024, "Hash Batches": 1, "Original Hash Batches": 1, "Peak Memory Usage": 9, "Plans": [{"Node Type": "Seq Scan", "Parent Relationship": "Outer", "Parallel Aware": false, "Relation Name": "keyword", "Alias": "k", "Startup Cost": 0.0, "Total Cost": 2626.12, "Plan Rows": 1, "Plan Width": 4, "Actual Startup Time": 0.457, "Actual Total Time": 10.655, "Actual Rows": 1, "Actual Loops": 3, "Filter": "((keyword)::text = 'character-name-in-title'::text)", "Rows Removed by Filter": 134169}]}]}]}]}]}]}]}]}]}]}, {"Node Type": "Hash", "Parent Relationship": "Inner", "Parallel Aware": true, "Startup Cost": 4377.34, "Total Cost": 4377.34, "Plan Rows": 138234, "Plan Width": 4, "Actual Startup Time": 26.613, "Actual Total Time": 26.613, "Actual Rows": 78332, "Actual Loops": 3, "Hash Buckets": 262144, "Original Hash Buckets": 262144, "Hash Batches": 1, "Original Hash Batches": 1, "Peak Memory Usage": 11296, "Plans": [{"Node Type": "Seq Scan", "Parent Relationship": "Outer", "Parallel Aware": true, "Relation Name": "company_name", "Alias": "cn", "Startup Cost": 0.0, "Total Cost": 4377.34, "Plan Rows": 138234, "Plan Width": 4, "Actual Startup Time": 0.016, "Actual Total Time": 10.341, "Actual Rows": 78332, "Actual Loops": 3}]}]}]}]}]}, "Planning Time": 87.084, "Triggers": [], "Execution Time": 3645.535}]
[{"Bao": {"Bao prediction": 1362.369, "Bao recommended hint": "(no hint)"}}, {"Plan": {"Node Type": "Aggregate", "Strategy": "Plain", "Partial Mode": "Simple", "Parallel Aware": false, "Startup Cost": 290349.42, "Total Cost": 290349.43, "Plan Rows": 1, "Plan Width": 8, "Actual Startup Time": 1083.571, "Actual Total Time": 1105.617, "Actual Rows": 1, "Actual Loops": 1, "Plans": [{"Node Type": "Nested Loop", "Parent Relationship": "Outer", "Parallel Aware": false, "Join Type": "Inner", "Startup Cost": 48918.24, "Total Cost": 290349.41, "Plan Rows": 1, "Plan Width": 0, "Actual Startup Time": 1083.466, "Actual Total Time": 1105.611, "Actual Rows": 10, "Actual Loops": 1, "Inner Unique": true, "Plans": [{"Node Type": "Gather", "Parent Relationship": "Outer", "Parallel Aware": false, "Startup Cost": 48917.82, "Total Cost": 290348.97, "Plan Rows": 1, "Plan Width": 4, "Actual Startup Time": 1083.419, "Actual Total Time": 1105.468, "Actual Rows": 33, "Actual Loops": 1, "Workers Planned": 2, "Workers Launched": 2, "Single Copy": false, "Plans": [{"Node Type": "Nested Loop", "Parent Relationship": "Outer", "Parallel Aware": false, "Join Type": "Inner", "Startup Cost": 47917.82, "Total Cost": 289348.87, "Plan Rows": 1, "Plan Width": 4, "Actual Startup Time": 985.969, "Actual Total Time": 1081.045, "Actual Rows": 11, "Actual Loops": 3, "Inner Unique": true, "Plans": [{"Node Type": "Hash Join", "Parent Relationship": "Outer", "Parallel Aware": true, "Join Type": "Inner", "Startup Cost": 47917.39, "Total Cost": 289311.04, "Plan Rows": 81, "Plan Width": 16, "Actual Startup Time": 881.438, "Actual Total Time": 1080.975, "Actual Rows": 24, "Actual Loops": 3, "Inner Unique": false, "Hash Cond": "(mi.movie_id = mi_idx.movie_id)", "Plans": [{"Node Type": "Hash Join", "Parent Relationship": "Outer", "Parallel Aware": false, "Join Type": "Inner", "Startup Cost": 2.43, "Total Cost": 241189.17, "Plan Rows": 55082, "Plan Width": 4, "Actual Startup Time": 434.568, "Actual Total Time": 747.127, "Actual Rows": 40621, "Actual Loops": 3, "Inner Unique": true, "Hash Cond": "(mi.info_type_id = it1.id)", "Plans": [{"Node Type": "Seq Scan", "Parent Relationship": "Outer", "Parallel Aware": true, "Relation Name": "movie_info", "Alias": "mi", "Startup Cost": 0.0, "Total Cost": 224235.35, "Plan Rows": 6224235, "Plan Width": 8, "Actual Startup Time": 0.036, "Actual Total Time": 385.477, "Actual Rows": 4945240, "Actual Loops": 3}, {"Node Type": "Hash", "Parent Relationship": "Inner", "Parallel Aware": false, "Startup Cost": 2.41, "Total Cost": 2.41, "Plan Rows": 1, "Plan Width": 4, "Actual Startup Time": 0.016, "Actual Total Time": 0.016, "Actual Rows": 1, "Actual Loops": 3, "Hash Buckets": 1024, "Original Hash Buckets": 1024, "Hash Batches": 1, "Original Hash Batches": 1, "Peak Memory Usage": 9, "Plans": [{"Node Type": "Seq Scan", "Parent Relationship": "Outer", "Parallel Aware": false, "Relation Name": "info_type", "Alias": "it1", "Startup Cost": 0.0, "Total Cost": 2.41, "Plan Rows": 1, "Plan Width": 4, "Actual Startup Time": 0.013, "Actual Total Time": 0.014, "Actual Rows": 1, "Actual Loops": 3, "Filter": "((info)::text = 'budget'::text)", "Rows Removed by Filter": 112}]}]}, {"Node Type": "Hash", "Parent Relationship": "Inner", "Parallel Aware": true, "Startup Cost": 47911.45, "Total Cost": 47911.45, "Plan Rows": 281, "Plan Width": 12, "Actual Startup Time": 331.048, "Actual Total Time": 331.053, "Actual Rows": 40, "Actual Loops": 3, "Hash Buckets": 1024, "Original Hash Buckets": 1024, "Hash Batches": 1, "Original Hash Batches": 1, "Peak Memory Usage": 104, "Plans": [{"Node Type": "Hash Join", "Parent Relationship": "Outer", "Parallel Aware": true, "Join Type": "Inner", "Startup Cost": 15337.95, "Total Cost": 47911.45, "Plan Rows": 281, "Plan Width": 12, "Actual Startup Time": 144.75, "Actual Total Time": 330.928, "Actual Rows": 40, "Actual Loops": 3, "Inner Unique": false, "Hash Cond": "(mc.movie_id = mi_idx.movie_id)", "Plans": [{"Node Type": "Hash Join", "Parent Relationship": "Outer", "Parallel Aware": false, "Join Type": "Inner", "Startup Cost": 20.74, "Total Cost": 32552.88, "Plan Rows": 10718, "Plan Width": 8, "Actual Startup Time": 0.062, "Actual Total Time": 198.428, "Actual Rows": 869710, "Actual Loops": 3, "Inner Unique": true, "Hash Cond": "(mc.company_type_id = ct.id)", "Plans": [{"Node Type": "Seq Scan", "Parent Relationship": "Outer", "Parallel Aware": true, "Relation Name": "movie_companies", "Alias": "mc", "Startup Cost": 0.0, "Total Cost": 29661.37, "Plan Rows": 1087137, "Plan Width": 12, "Actual Startup Time": 0.022, "Actual Total Time": 64.04, "Actual Rows": 869710, "Actual Loops": 3}, {"Node Type": "Hash", "Parent Relationship": "Inner", "Parallel Aware": false, "Startup Cost": 20.65, "Total Cost": 20.65, "Plan Rows": 7, "Plan Width": 4, "Actual Startup Time": 0.018, "Actual Total Time": 0.018, "Actual Rows": 2, "Actual Loops": 3, "Hash Buckets": 1024, "Original Hash Buckets": 1024, "Hash Batches": 1, "Original Hash Batches": 1, "Peak Memory Usage": 9, "Plans": [{"Node Type": "Seq Scan", "Parent Relationship": "Outer", "Parallel Aware": false, "Relation Name": "company_type", "Alias": "ct", "Startup Cost": 0.0, "Total Cost": 20.65, "Plan Rows": 7, "Plan Width": 4, "Actual Startup Time": 0.014, "Actual Total Time": 0.015, "Actual Rows": 2, "Actual Loops": 3, "Filter": "((kind IS NOT NULL) AND (((kind)::text = 'production companies'::text) OR ((kind)::text = 'distributors'::text)))", "Rows Removed by Filter": 2}]}]}, {"Node Type": "Hash", "Parent Relationship": "Inner", "Parallel Aware": true, "Startup Cost": 15253.6, "Total Cost": 15253.6, "Plan Rows": 5089, "Plan Width": 4, "Actual Startup Time": 81.649, "Actual Total Time": 81.65, "Actual Rows": 3, "Actual Loops": 3, "Hash Buckets": 16384, "Original Hash Buckets": 16384, "Hash Batches": 1, "Original Hash Batches": 1, "Peak Memory Usage": 160, "Plans": [{"Node Type": "Hash Join", "Parent Relationship": "Outer", "Parallel Aware": false, "Join Type": "Inner", "Startup Cost": 2.43, "Total Cost": 15253.6, "Plan Rows": 5089, "Plan Width": 4, "Actual Startup Time": 81.588, "Actual Total Time": 81.59, "Actual Rows": 3, "Actual Loops": 3, "Inner Unique": true, "Hash Cond": "(mi_idx.info_type_id = it2.id)", "Plans": [{"Node Type": "Seq Scan", "Parent Relationship": "Outer", "Parallel Aware": true, "Relation Name": "movie_info_idx", "Alias": "mi_idx", "Startup Cost": 0.0, "Total Cost": 13685.15, "Plan Rows": 575015, "Plan Width": 8, "Actual Startup Time": 0.019, "Actual Total Time": 40.251, "Actual Rows": 460012, "Actual Loops": 3}, {"Node Type": "Hash", "Parent Relationship": "Inner", "Parallel Aware": false, "Startup Cost": 2.41, "Total Cost": 2.41, "Plan Rows": 1, "Plan Width": 4, "Actual Startup Time": 0.028, "Actual Total Time": 0.029, "Actual Rows": 1, "Actual Loops": 3, "Hash Buckets": 1024, "Original Hash Buckets": 1024, "Hash Batches": 1, "Original Hash Batches": 1, "Peak Memory Usage": 9, "Plans": [{"Node Type": "Seq Scan", "Parent Relationship": "Outer", "Parallel Aware": false, "Relation Name": "info_type", "Alias": "it2", "Startup Cost": 0.0, "Total Cost": 2.41, "Plan Rows": 1, "Plan Width": 4, "Actual Startup Time": 0.025, "Actual Total Time": 0.025, "Actual Rows": 1, "Actual Loops": 3, "Filter": "((info)::text = 'bottom 10 rank'::text)", "Rows Removed by Filter": 112}]}]}]}]}]}]}, {"Node Type": "Index Scan", "Parent Relationship": "Inner", "Parallel Aware": false, "Scan Direction": "Forward", "Index Name": "title_pkey", "Relation Name": "title", "Alias": "t", "Startup Cost": 0.43, "Total Cost": 0.47, "Plan Rows": 1, "Plan Width": 4, "Actual Startup Time": 0.003, "Actual Total Time": 0.003, "Actual Rows": 0, "Actual Loops": 72, "Index Cond": "(id = mi.movie_id)", "Rows Removed by Index Recheck": 0, "Filter": "((production_year > 2000) AND (((title)::text ~~ 'Birdemic%'::text) OR ((title)::text ~~ '%Movie%'::text)))", "Rows Removed by Filter": 1}]}]}, {"Node Type": "Index Scan", "Parent Relationship": "Inner", "Parallel Aware": false, "Scan Direction": "Forward", "Index Name": "company_name_pkey", "Relation Name": "company_name", "Alias": "cn", "Startup Cost": 0.42, "Total Cost": 0.45, "Plan Rows": 1, "Plan Width": 4, "Actual Startup Time": 0.004, "Actual Total Time": 0.004, "Actual Rows": 0, "Actual Loops": 33, "Index Cond": "(id = mc.company_id)", "Rows Removed by Index Recheck": 0, "Filter": "((country_code)::text = '[us]'::text)", "Rows Removed by Filter": 1}]}]}, "Planning Time": 92.227, "Triggers": [], "Execution Time": 1105.707}]
[{"Bao": {"Bao prediction": 357.356, "Bao recommended hint": "(no hint)"}}, {"Plan": {"Node Type": "Aggregate", "Strategy": "Plain", "Partial Mode": "Simple", "Parallel Aware": false, "Startup Cost": 101537.35, "Total Cost": 101537.36, "Plan Rows": 1, "Plan Width": 8, "Actual Startup Time": 402.362, "Actual Total Time": 406.671, "Actual Rows": 1, "Actual Loops": 1, "Plans": [{"Node Type": "Nested Loop", "Parent Relationship": "Outer", "Parallel Aware": false, "Join Type": "Inner", "Startup Cost": 67798.46, "Total Cost": 101537.35, "Plan Rows": 1, "Plan Width": 0, "Actual Startup Time": 281.964, "Actual Total Time": 406.659, "Actual Rows": 114, "Actual Loops": 1, "Inner Unique": true, "Plans": [{"Node Type": "Nested Loop", "Parent Relationship": "Outer", "Parallel Aware": false, "Join Type": "Inner", "Startup Cost": 67798.31, "Total Cost": 101537.17, "Plan Rows": 1, "Plan Width": 4, "Actual Startup Time": 281.957, "Actual Total Time": 406.538, "Actual Rows": 114, "Actual Loops": 1, "Inner Unique": true, "Join Filter": "(ml.movie_id = t1.id)", "Rows Removed by Join Filter": 0, "Plans": [{"Node Type": "Gather", "Parent Relationship": "Outer", "Parallel Aware": false, "Startup Cost": 67797.88, "Total Cost": 101536.64, "Plan Rows": 1, "Plan Width": 12, "Actual Startup Time": 281.949, "Actual Total Time": 406.284, "Actual Rows": 114, "Actual Loops": 1, "Workers Planned": 2, "Workers Launched": 2, "Single Copy": false, "Plans": [{"Node Type": "Nested Loop", "Parent Relationship": "Outer", "Parallel Aware": false, "Join Type": "Inner", "Startup Cost": 66797.88, "Total Cost": 100536.54, "Plan Rows": 1, "Plan Width": 12, "Actual Startup Time": 299.841, "Actual Total Time": 399.418, "Actual Rows": 38, "Actual Loops": 3, "Inner Unique": true, "Plans": [{"Node Type": "Nested Loop", "Parent Relationship": "Outer", "Parallel Aware": false, "Join Type": "Inner", "Startup Cost": 66797.74, "Total Cost": 100536.36, "Plan Rows": 1, "Plan Width": 16, "Actual Startup Time": 299.824, "Actual Total Time": 399.302, "Actual Rows": 114, "Actual Loops": 3, "Inner Unique": true, "Plans": [{"Node Type": "Hash Join", "Parent Relationship": "Outer", "Parallel Aware": true, "Join Type": "Inner", "Startup Cost": 66797.32, "Total Cost": 100535.47, "Plan Rows": 2, "Plan Width": 20, "Actual Startup Time": 299.32, "Actual Total Time": 399.052, "Actual Rows": 131, "Actual Loops": 3, "Inner Unique": false, "Hash Cond": "(mc1.movie_id = ml.movie_id)", "Plans": [{"Node Type": "Seq Scan", "Parent Relationship": "Outer", "Parallel Aware": true, "Relation Name": "movie_companies", "Alias": "mc1", "Startup Cost": 0.0, "Total Cost": 29661.37, "Plan Rows": 1087137, "Plan Width": 8, "Actual Startup Time": 0.026, "Actual Total Time": 58.729, "Actual Rows": 869710, "Actual Loops": 3}, {"Node Type": "Hash", "Parent Relationship": "Inner", "Parallel Aware": true, "Startup Cost": 66797.3, "Total Cost": 66797.3, "Plan Rows": 1, "Plan Width": 12, "Actual Startup Time": 278.577, "Actual Total Time": 278.586, "Actual Rows": 44, "Actual Loops": 3, "Hash Buckets": 1024, "Original Hash Buckets": 1024, "Hash Batches": 1, "Original Hash Batches": 1, "Peak Memory Usage": 104, "Plans": [{"Node Type": "Nested Loop", "Parent Relationship": "Outer", "Parallel Aware": false, "Join Type": "Inner", "Startup Cost": 33059.13, "Total Cost": 66797.3, "Plan Rows": 1, "Plan Width": 12, "Actual Startup Time": 157.589, "Actual Total Time": 278.52, "Actual Rows": 44, "Actual Loops": 3, "Inner Unique": true, "Plans": [{"Node Type": "Hash Join", "Parent Relationship": "Outer", "Parallel Aware": true, "Join Type": "Inner", "Startup Cost": 33058.71, "Total Cost": 66796.86, "Plan Rows": 1, "Plan Width": 16, "Actual Startup Time": 157.552, "Actual Total Time": 278.36, "Actual Rows": 44, "Actual Loops": 3, "Inner Unique": false, "Hash Cond": "(mc2.movie_id = t2.id)", "Plans": [{"Node Type": "Seq Scan", "Parent Relationship": "Outer", "Parallel Aware": true, "Relation Name": "movie_companies", "Alias": "mc2", "Startup Cost": 0.0, "Total Cost": 29661.37, "Plan Rows": 1087137, "Plan Width": 8, "Actual Startup Time": 0.014, "Actual Total Time": 61.155, "Actual Rows": 869710, "Actual Loops": 3}, {"Node Type": "Hash", "Parent Relationship": "Inner", "Parallel Aware": true, "Startup Cost": 33058.7, "Total Cost": 33058.7, "Plan Rows": 1, "Plan Width": 24, "Actual Startup Time": 156.581, "Actual Total Time": 156.588, "Actual Rows": 19, "Actual Loops": 3, "Hash Buckets": 1024, "Original Hash Buckets": 1024, "Hash Batches": 1, "Original Hash Batches": 1, "Peak Memory Usage": 104, "Plans": [{"Node Type": "Nested Loop", "Parent Relationship": "Outer", "Parallel Aware": false, "Join Type": "Inner", "Startup Cost": 17211.51, "Total Cost": 33058.7, "Plan Rows": 1, "Plan Width": 24, "Actual Startup Time": 96.086, "Actual Total Time": 156.49, "Actual Rows": 19, "Actual Loops": 3, "Inner Unique": true, "Plans": [{"Node Type": "Nested Loop", "Parent Relationship": "Outer", "Parallel Aware": false, "Join Type": "Inner", "Startup Cost": 17211.36, "Total Cost": 33058.19, "Plan Rows": 3, "Plan Width": 28, "Actual Startup Time": 95.986, "Actual Total Time": 156.443, "Actual Rows": 27, "Actual Loops": 3, "Inner Unique": true, "Join Filter": "(ml.linked_movie_id = t2.id)", "Rows Removed by Join Filter": 0, "Plans": [{"Node Type": "Hash Join", "Parent Relationship": "Outer", "Parallel Aware": true, "Join Type": "Inner", "Startup Cost": 17210.93, "Total Cost": 33052.42, "Plan Rows": 8, "Plan Width": 20, "Actual Startup Time": 95.933, "Actual Total Time": 156.24, "Actual Rows": 41, "Actual Loops": 3, "Inner Unique": false, "Hash Cond": "(mi_idx1.movie_id = ml.movie_id)", "Plans": [{"Node Type": "Seq Scan", "Parent Relationship": "Outer", "Parallel Aware": true, "Relation Name": "movie_info_idx", "Alias": "mi_idx1", "Startup Cost": 0.0, "Total Cost": 13685.15, "Plan Rows": 575015, "Plan Width": 8, "Actual Startup Time": 0.007, "Actual Total Time": 29.639, "Actual Rows": 460012, "Actual Loops": 3}, {"Node Type": "Hash", "Parent Relationship": "Inner", "Parallel Aware": true, "Startup Cost": 17210.91, "Total Cost": 17210.91, "Plan Rows": 2, "Plan Width": 12, "Actual Startup Time": 95.41, "Actual Total Time": 95.414, "Actual Rows": 16, "Actual Loops": 3, "Hash Buckets": 1024, "Original Hash Buckets": 1024, "Hash Batches": 1, "Original Hash Batches": 1, "Peak Memory Usage": 104, "Plans": [{"Node Type": "Hash Join", "Parent Relationship": "Outer", "Parallel Aware": false, "Join Type": "Inner", "Startup Cost": 860.26, "Total Cost": 17210.91, "Plan Rows": 2, "Plan Width": 12, "Actual Startup Time": 9.032, "Actual Total Time": 95.329, "Actual Rows": 16, "Actual Loops": 3, "Inner Unique": true, "Hash Cond": "(ml.link_type_id = lt.id)", "Plans": [{"Node Type": "Hash Join", "Parent Relationship": "Outer", "Parallel Aware": false, "Join Type": "Inner", "Startup Cost": 840.36, "Total Cost": 17190.56, "Plan Rows": 169, "Plan Width": 16, "Actual Startup Time": 8.24, "Actual Total Time": 95.245, "Actual Rows": 502, "Actual Loops": 3, "Inner Unique": false, "Hash Cond": "(mi_idx2.movie_id = ml.linked_movie_id)", "Plans": [{"Node Type": "Hash Join", "Parent Relationship": "Outer", "Parallel Aware": false, "Join Type": "Inner", "Startup Cost": 2.43, "Total Cost": 15921.02, "Plan Rows": 2586, "Plan Width": 4, "Actual Startup Time": 0.072, "Actual Total Time": 84.814, "Actual Rows": 12250, "Actual Loops": 3, "Inner Unique": true, "Hash Cond": "(mi_idx2.info_type_id = it2.id)", "Plans": [{"Node Type": "Seq Scan", "Parent Relationship": "Outer", "Parallel Aware": true, "Relation Name": "movie_info_idx", "Alias": "mi_idx2", "Startup Cost": 0.0, "Total Cost": 15122.68, "Plan Rows": 292245, "Plan Width": 8, "Actual Startup Time": 0.015, "Actual Total Time": 70.85, "Actual Rows": 234640, "Actual Loops": 3, "Filter": "((info)::text < '3.5'::text)", "Rows Removed by Filter": 225372}, {"Node Type": "Hash", "Parent Relationship": "Inner", "Parallel Aware": false, "Startup Cost": 2.41, "Total Cost": 2.41, "Plan Rows": 1, "Plan Width": 4, "Actual Startup Time": 0.023, "Actual Total Time": 0.024, "Actual Rows": 1, "Actual Loops": 3, "Hash Buckets": 1024, "Original Hash Buckets": 1024, "Hash Batches": 1, "Original Hash Batches": 1, "Peak Memory Usage": 9, "Plans": [{"Node Type": "Seq Scan", "Parent Relationship": "Outer", "Parallel Aware": false, "Relation Name": "info_type", "Alias": "it2", "Startup Cost": 0.0, "Total Cost": 2.41, "Plan Rows": 1, "Plan Width": 4, "Actual Startup Time": 0.02, "Actual Total Time": 0.021, "Actual Rows": 1, "Actual Loops": 3, "Filter": "((info)::text = 'rating'::text)", "Rows Removed by Filter": 112}]}]}, {"Node Type": "Hash", "Parent Relationship": "Inner", "Parallel Aware": false, "Startup Cost": 462.97, "Total Cost": 462.97, "Plan Rows": 29997, "Plan Width": 12, "Actual Startup Time": 7.842, "Actual Total Time": 7.842, "Actual Rows": 29997, "Actual Loops": 3, "Hash Buckets": 32768, "Original Hash Buckets": 32768, "Hash Batches": 1, "Original Hash Batches": 1, "Peak Memory Usage": 1545, "Plans": [{"Node Type": "Seq Scan", "Parent Relationship": "Outer", "Parallel Aware": false, "Relation Name": "movie_link", "Alias": "ml", "Startup Cost": 0.0, "Total Cost": 462.97, "Plan Rows": 29997, "Plan Width": 12, "Actual Startup Time": 0.014, "Actual Total Time": 3.654, "Actual Rows": 29997, "Actual Loops": 3}]}]}, {"Node Type": "Hash", "Parent Relationship": "Inner", "Parallel Aware": false, "Startup Cost": 19.76, "Total Cost": 19.76, "Plan Rows": 11, "Plan Width": 4, "Actual Startup Time": 0.031, "Actual Total Time": 0.032, "Actual Rows": 2, "Actual Loops": 3, "Hash Buckets": 1024, "Original Hash Buckets": 1024, "Hash Batches": 1, "Original Hash Batches": 1, "Peak Memory Usage": 9, "Plans": [{"Node Type": "Seq Scan", "Parent Relationship": "Outer", "Parallel Aware": false, "Relation Name": "link_type", "Alias": "lt", "Startup Cost": 0.0, "Total Cost": 19.76, "Plan Rows": 11, "Plan Width": 4, "Actual Startup Time": 0.025, "Actual Total Time": 0.028, "Actual Rows": 2, "Actual Loops": 3, "Filter": "((link)::text = ANY ('{sequel,follows,\"followed by\"}'::text[]))", "Rows Removed by Filter": 16}]}]}]}]}, {"Node Type": "Index Scan", "Parent Relationship": "Inner", "Parallel Aware": false, "Scan Direction": "Forward", "Index Name": "title_pkey", "Relation Name": "title", "Alias": "t2", "Startup Cost": 0.43, "Total Cost": 0.71, "Plan Rows": 1, "Plan Width": 8, "Actual Startup Time": 0.005, "Actual Total Time": 0.005, "Actual Rows": 1, "Actual Loops": 123, "Index Cond": "(id = mi_idx2.movie_id)", "Rows Removed by Index Recheck": 0, "Filter": "((production_year >= 2000) AND (production_year <= 2010))", "Rows Removed by Filter": 0}]}, {"Node Type": "Index Scan", "Parent Relationship": "Inner", "Parallel Aware": false, "Scan Direction": "Forward", "Index Name": "kind_type_pkey", "Relation Name": "kind_type", "Alias": "kt2", "Startup Cost": 0.15, "Total Cost": 0.17, "Plan Rows": 1, "Plan Width": 4, "Actual Startup Time": 0.001, "Actual Total Time": 0.001, "Actual Rows": 1, "Actual Loops": 81, "Index Cond": "(id = t2.kind_id)", "Rows Removed by Index Recheck": 0, "Filter": "((kind)::text = ANY ('{\"tv series\",episode}'::text[]))", "Rows Removed by Filter": 0}]}]}]}, {"Node Type": "Index Only Scan", "Parent Relationship": "Inner", "Parallel Aware": false, "Scan Direction": "Forward", "Index Name": "company_name_pkey", "Relation Name": "company_name", "Alias": "cn2", "Startup Cost": 0.42, "Total Cost": 0.44, "Plan Rows": 1, "Plan Width": 4, "Actual Startup Time": 0.003, "Actual Total Time": 0.003, "Actual Rows": 1, "Actual Loops": 132, "Index Cond": "(id = mc2.company_id)", "Rows Removed by Index Recheck": 0, "Heap Fetches": 132}]}]}]}, {"Node Type": "Index Scan", "Parent Relationship": "Inner", "Parallel Aware": false, "Scan Direction": "Forward", "Index Name": "company_name_pkey", "Relation Name": "company_name", "Alias": "cn1", "Startup Cost": 0.42, "Total Cost": 0.45, "Plan Rows": 1, "Plan Width": 4, "Actual Startup Time": 0.002, "Actual Total Time": 0.002, "Actual Rows": 1, "Actual Loops": 393, "Index Cond": "(id = mc1.company_id)", "Rows Removed by Index Recheck": 0, "Filter": "((country_code)::text <> '[us]'::text)", "Rows Removed by Filter": 0}]}, {"Node Type": "Index Scan", "Parent Relationship": "Inner", "Parallel Aware": false, "Scan Direction": "Forward", "Index Name": "info_type_pkey", "Relation Name": "info_type", "Alias": "it1", "Startup Cost": 0.14, "Total Cost": 0.16, "Plan Rows": 1, "Plan Width": 4, "Actual Startup Time": 0.001, "Actual Total Time": 0.001, "Actual Rows": 0, "Actual Loops": 342, "Index Cond": "(id = mi_idx1.info_type_id)", "Rows Removed by Index Recheck": 0, "Filter": "((info)::text = 'rating'::text)", "Rows Removed by Filter": 1}]}]}, {"Node Type": "Index Scan", "Parent Relationship": "Inner", "Parallel Aware": false, "Scan Direction": "Forward", "Index Name": "title_pkey", "Relation Name": "title", "Alias": "t1", "Startup Cost": 0.43, "Total Cost": 0.52, "Plan Rows": 1, "Plan Width": 8, "Actual Startup Time": 0.002, "Actual Total Time": 0.002, "Actual Rows": 1, "Actual Loops": 114, "Index Cond": "(id = mc1.movie_id)", "Rows Removed by Index Recheck": 0}]}, {"Node Type": "Index Scan", "Parent Relationship": "Inner", "Parallel Aware": false, "Scan Direction": "Forward", "Index Name": "kind_type_pkey", "Relation Name": "kind_type", "Alias": "kt1", "Startup Cost": 0.15, "Total Cost": 0.17, "Plan Rows": 1, "Plan Width": 4, "Actual Startup Time": 0.001, "Actual Total Time": 0.001, "Actual Rows": 1, "Actual Loops": 114, "Index Cond": "(id = t1.kind_id)", "Rows Removed by Index Recheck": 0, "Filter": "((kind)::text = ANY ('{\"tv series\",episode}'::text[]))", "Rows Removed by Filter": 0}]}]}, "Planning Time": 244.133, "Triggers": [], "Execution Time": 406.803}]
[{"Bao": {"Bao prediction": 546.001, "Bao recommended hint": "(no hint)"}}, {"Plan": {"Node Type": "Aggregate", "Strategy": "Plain", "Partial Mode": "Finalize", "Parallel Aware": false, "Startup Cost": 85654.09, "Total Cost": 85654.1, "Plan Rows": 1, "Plan Width": 8, "Actual Startup Time": 507.908, "Actual Total Time": 517.574, "Actual Rows": 1, "Actual Loops": 1, "Plans": [{"Node Type": "Gather", "Parent Relationship": "Outer", "Parallel Aware": false, "Startup Cost": 85653.87, "Total Cost": 85654.08, "Plan Rows": 2, "Plan Width": 8, "Actual Startup Time": 507.72, "Actual Total Time": 517.55, "Actual Rows": 3, "Actual Loops": 1, "Workers Planned": 2, "Workers Launched": 2, "Single Copy": false, "Plans": [{"Node Type": "Aggregate", "Strategy": "Plain", "Partial Mode": "Partial", "Parent Relationship": "Outer", "Parallel Aware": false, "Startup Cost": 84653.87, "Total Cost": 84653.88, "Plan Rows": 1, "Plan Width": 8, "Actual Startup Time": 505.537, "Actual Total Time": 505.54, "Actual Rows": 1, "Actual Loops": 3, "Plans": [{"Node Type": "Nested Loop", "Parent Relationship": "Outer", "Parallel Aware": false, "Join Type": "Inner", "Startup Cost": 50879.08, "Total Cost": 84653.87, "Plan Rows": 3, "Plan Width": 0, "Actual Startup Time": 243.27, "Actual Total Time": 505.324, "Actual Rows": 2611, "Actual Loops": 3, "Inner Unique": true, "Join Filter": "(mc.movie_id = t.id)", "Rows Removed by Join Filter": 0, "Plans": [{"Node Type": "Nested Loop", "Parent Relationship": "Outer", "Parallel Aware": false, "Join Type": "Inner", "Startup Cost": 50878.65, "Total Cost": 84652.37, "Plan Rows": 3, "Plan Width": 8, "Actual Startup Time": 243.244, "Actual Total Time": 496.722, "Actual Rows": 2611, "Actual Loops": 3, "Inner Unique": true, "Plans": [{"Node Type": "Hash Join", "Parent Relationship": "Outer", "Parallel Aware": true, "Join Type": "Inner", "Startup Cost": 50878.23, "Total Cost": 84616.69, "Plan Rows": 80, "Plan Width": 12, "Actual Startup Time": 242.723, "Actual Total Time": 403.636, "Actual Rows": 49517, "Actual Loops": 3, "Inner Unique": false, "Hash Cond": "(mc.movie_id = mk.movie_id)", "Plans": [{"Node Type": "Seq Scan", "Parent Relationship": "Outer", "Parallel Aware": true, "Relation Name": "movie_companies", "Alias": "mc", "Startup Cost": 0.0, "Total Cost": 29661.37, "Plan Rows": 1087137, "Plan Width": 8, "Actual Startup Time": 0.018, "Actual Total Time": 62.703, "Actual Rows": 869710, "Actual Loops": 3}, {"Node Type": "Hash", "Parent Relationship": "Inner", "Parallel Aware": true, "Startup Cost": 50878.05, "Total Cost": 50878.05, "Plan Rows": 14, "Plan Width": 4, "Actual Startup Time": 242.34, "Actual Total Time": 242.341, "Actual Rows": 13947, "Actual Loops": 3, "Hash Buckets": 65536, "Original Hash Buckets": 1024, "Hash Batches": 1, "Original Hash Batches": 1, "Peak Memory Usage": 2680, "Plans": [{"Node Type": "Hash Join", "Parent Relationship": "Outer", "Parallel Aware": false, "Join Type": "Inner", "Startup Cost": 2626.14, "Total Cost": 50878.05, "Plan Rows": 14, "Plan Width": 4, "Actual Startup Time": 12.084, "Actual Total Time": 220.688, "Actual Rows": 13947, "Actual Loops": 3, "Inner Unique": true, "Hash Cond": "(mk.keyword_id = k.id)", "Plans": [{"Node Type": "Seq Scan", "Parent Relationship": "Outer", "Parallel Aware": true, "Relation Name": "movie_keyword", "Alias": "mk", "Startup Cost": 0.0, "Total Cost": 43303.71, "Plan Rows": 1884971, "Plan Width": 8, "Actual Startup Time": 0.01, "Actual Total Time": 103.185, "Actual Rows": 1507977, "Actual Loops": 3}, {"Node Type": "Hash", "Parent Relationship": "Inner", "Parallel Aware": false, "Startup Cost": 2626.12, "Total Cost": 2626.12, "Plan Rows": 1, "Plan Width": 4, "Actual Startup Time": 12.042, "Actual Total Time": 12.042, "Actual Rows": 1, "Actual Loops": 3, "Hash Buckets": 1024, "Original Hash Buckets": 1024, "Hash Batches": 1, "Original Hash Batches": 1, "Peak Memory Usage": 9, "Plans": [{"Node Type": "Seq Scan", "Parent Relationship": "Outer", "Parallel Aware": false, "Relation Name": "keyword", "Alias": "k", "Startup Cost": 0.0, "Total Cost": 2626.12, "Plan Rows": 1, "Plan Width": 4, "Actual Startup Time": 0.573, "Actual Total Time": 12.038, "Actual Rows": 1, "Actual Loops": 3, "Filter": "((keyword)::text = 'character-name-in-title'::text)", "Rows Removed by Filter": 134169}]}]}]}]}, {"Node Type": "Index Scan", "Parent Relationship": "Inner", "Parallel Aware": false, "Scan Direction": "Forward", "Index Name": "company_name_pkey", "Relation Name": "company_name", "Alias": "cn", "Startup Cost": 0.42, "Total Cost": 0.45, "Plan Rows": 1, "Plan Width": 4, "Actual Startup Time": 0.002, "Actual Total Time": 0.002, "Actual Rows": 0, "Actual Loops": 148552, "Index Cond": "(id = mc.company_id)", "Rows Removed by Index Recheck": 0, "Filter": "((country_code)::text = '[de]'::text)", "Rows Removed by Filter": 1}]}, {"Node Type": "Index Only Scan", "Parent Relationship": "Inner", "Parallel Aware": false, "Scan Direction": "Forward", "Index Name": "title_pkey", "Relation Name": "title", "Alias": "t", "Startup Cost": 0.43, "Total Cost": 0.49, "Plan Rows": 1, "Plan Width": 4, "Actual Startup Time": 0.003, "Actual Total Time": 0.003, "Actual Rows": 1, "Actual Loops": 7834, "Index Cond": "(id = mk.movie_id)", "Rows Removed by Index Recheck": 0, "Heap Fetches": 7834}]}]}]}]}, "Planning Time": 81.783, "Triggers": [], "Execution Time": 517.647}]
[{"Bao": {"Bao prediction": 411.637, "Bao recommended hint": "(no hint)"}}, {"Plan": {"Node Type": "Aggregate", "Strategy": "Plain", "Partial Mode": "Finalize", "Parallel Aware": false, "Startup Cost": 84678.33, "Total Cost": 84678.34, "Plan Rows": 1, "Plan Width": 8, "Actual Startup Time": 359.413, "Actual Total Time": 367.484, "Actual Rows": 1, "Actual Loops": 1, "Plans": [{"Node Type": "Gather", "Parent Relationship": "Outer", "Parallel Aware": false, "Startup Cost": 84678.12, "Total Cost": 84678.33, "Plan Rows": 2, "Plan Width": 8, "Actual Startup Time": 359.222, "Actual Total Time": 367.464, "Actual Rows": 3, "Actual Loops": 1, "Workers Planned": 2, "Workers Launched": 2, "Single Copy": false, "Plans": [{"Node Type": "Aggregate", "Strategy": "Plain", "Partial Mode": "Partial", "Parent Relationship": "Outer", "Parallel Aware": false, "Startup Cost": 83678.12, "Total Cost": 83678.13, "Plan Rows": 1, "Plan Width": 8, "Actual Startup Time": 356.823, "Actual Total Time": 356.832, "Actual Rows": 1, "Actual Loops": 3, "Plans": [{"Node Type": "Nested Loop", "Parent Relationship": "Outer", "Parallel Aware": false, "Join Type": "Inner", "Startup Cost": 51915.14, "Total Cost": 83678.12, "Plan Rows": 1, "Plan Width": 0, "Actual Startup Time": 235.269, "Actual Total Time": 356.694, "Actual Rows": 2315, "Actual Loops": 3, "Inner Unique": true, "Join Filter": "(ml.movie_id = t.id)", "Rows Removed by Join Filter": 0, "Plans": [{"Node Type": "Nested Loop", "Parent Relationship": "Outer", "Parallel Aware": false, "Join Type": "Inner", "Startup Cost": 51914.71, "Total Cost": 83677.61, "Plan Rows": 1, "Plan Width": 12, "Actual Startup Time": 235.248, "Actual Total Time": 353.303, "Actual Rows": 2315, "Actual Loops": 3, "Inner Unique": true, "Plans": [{"Node Type": "Nested Loop", "Parent Relationship": "Outer", "Parallel Aware": false, "Join Type": "Inner", "Startup Cost": 51914.56, "Total Cost": 83677.45, "Plan Rows": 1, "Plan Width": 16, "Actual Startup Time": 235.226, "Actual Total Time": 351.262, "Actual Rows": 2315, "Actual Loops": 3, "Inner Unique": true, "Plans": [{"Node Type": "Nested Loop", "Parent Relationship": "Outer", "Parallel Aware": false, "Join Type": "Inner", "Startup Cost": 51914.41, "Total Cost": 83677.28, "Plan Rows": 1, "Plan Width": 20, "Actual Startup Time": 235.215, "Actual Total Time": 349.301, "Actual Rows": 2315, "Actual Loops": 3, "Inner Unique": true, "Plans": [{"Node Type": "Hash Join", "Parent Relationship": "Outer", "Parallel Aware": true, "Join Type": "Inner", "Startup Cost": 51913.99, "Total Cost": 83660.38, "Plan Rows": 37, "Plan Width": 24, "Actual Startup Time": 233.771, "Actual Total Time": 341.343, "Actual Rows": 5170, "Actual Loops": 3, "Inner Unique": false, "Hash Cond": "(mc.movie_id = ml.movie_id)", "Plans": [{"Node Type": "Seq Scan", "Parent Relationship": "Outer", "Parallel Aware": true, "Relation Name": "movie_companies", "Alias": "mc", "Startup Cost": 0.0, "Total Cost": 29661.37, "Plan Rows": 555962, "Plan Width": 12, "Actual Startup Time": 0.022, "Actual Total Time": 75.963, "Actual Rows": 445713, "Actual Loops": 3, "Filter": "(note IS NOT NULL)", "Rows Removed by Filter": 423996}, {"Node Type": "Hash", "Parent Relationship": "Inner", "Parallel Aware": true, "Startup Cost": 51913.83, "Total Cost": 51913.83, "Plan Rows": 13, "Plan Width": 12, "Actual Startup Time": 233.338, "Actual Total Time": 233.341, "Actual Rows": 487, "Actual Loops": 3, "Hash Buckets": 1024, "Original Hash Buckets": 1024, "Hash Batches": 1, "Original Hash Batches": 1, "Peak Memory Usage": 136, "Plans": [{"Node Type": "Hash Join", "Parent Relationship": "Outer", "Parallel Aware": false, "Join Type": "Inner", "Startup Cost": 3631.81, "Total Cost": 51913.83, "Plan Rows": 13, "Plan Width": 12, "Actual Startup Time": 24.736, "Actual Total Time": 233.172, "Actual Rows": 487, "Actual Loops": 3, "Inner Unique": false, "Hash Cond": "(mk.movie_id = ml.movie_id)", "Plans": [{"Node Type": "Hash Join", "Parent Relationship": "Outer", "Parallel Aware": false, "Join Type": "Inner", "Startup Cost": 2793.88, "Total Cost": 51045.79, "Plan Rows": 42, "Plan Width": 4, "Actual Startup Time": 17.241, "Actual Total Time": 222.639, "Actual Rows": 15801, "Actual Loops": 3, "Inner Unique": true, "Hash Cond": "(mk.keyword_id = k.id)", "Plans": [{"Node Type": "Seq Scan", "Parent Relationship": "Outer", "Parallel Aware": true, "Relation Name": "movie_keyword", "Alias": "mk", "Startup Cost": 0.0, "Total Cost": 43303.71, "Plan Rows": 1884971, "Plan Width": 8, "Actual Startup Time": 0.009, "Actual Total Time": 101.019, "Actual Rows": 1507977, "Actual Loops": 3}, {"Node Type": "Hash", "Parent Relationship": "Inner", "Parallel Aware": false, "Startup Cost": 2793.84, "Total Cost": 2793.84, "Plan Rows": 3, "Plan Width": 4, "Actual Startup Time": 17.156, "Actual Total Time": 17.156, "Actual Rows": 3, "Actual Loops": 3, "Hash Buckets": 1024, "Original Hash Buckets": 1024, "Hash Batches": 1, "Original Hash Batches": 1, "Peak Memory Usage": 9, "Plans": [{"Node Type": "Seq Scan", "Parent Relationship": "Outer", "Parallel Aware": false, "Relation Name": "keyword", "Alias": "k", "Startup Cost": 0.0, "Total Cost": 2793.84, "Plan Rows": 3, "Plan Width": 4, "Actual Startup Time": 0.804, "Actual Total Time": 17.153, "Actual Rows": 3, "Actual Loops": 3, "Filter": "((keyword)::text = ANY ('{sequel,revenge,based-on-novel}'::text[]))", "Rows Removed by Filter": 134167}]}]}, {"Node Type": "Hash", "Parent Relationship": "Inner", "Parallel Aware": false, "Startup Cost": 462.97, "Total Cost": 462.97, "Plan Rows": 29997, "Plan Width": 8, "Actual Startup Time": 7.406, "Actual Total Time": 7.407, "Actual Rows": 29997, "Actual Loops": 3, "Hash Buckets": 32768, "Original Hash Buckets": 32768, "Hash Batches": 1, "Original Hash Batches": 1, "Peak Memory Usage": 1428, "Plans": [{"Node Type": "Seq Scan", "Parent Relationship": "Outer", "Parallel Aware": false, "Relation Name": "movie_link", "Alias": "ml", "Startup Cost": 0.0, "Total Cost": 462.97, "Plan Rows": 29997, "Plan Width": 8, "Actual Startup Time": 0.022, "Actual Total Time": 3.618, "Actual Rows": 29997, "Actual Loops": 3}]}]}]}]}, {"Node Type": "Index Scan", "Parent Relationship": "Inner", "Parallel Aware": false, "Scan Direction": "Forward", "Index Name": "company_name_pkey", "Relation Name": "company_name", "Alias": "cn", "Startup Cost": 0.42, "Total Cost": 0.46, "Plan Rows": 1, "Plan Width": 4, "Actual Startup Time": 0.001, "Actual Total Time": 0.001, "Actual Rows": 0, "Actual Loops": 15510, "Index Cond": "(id = mc.company_id)", "Rows Removed by Index Recheck": 0, "Filter": "(((country_code)::text <> '[pl]'::text) AND (((name)::text ~~ '20th Century Fox%'::text) OR ((name)::text ~~ 'Twentieth Century Fox%'::text)))", "Rows Removed by Filter": 1}]}, {"Node Type": "Index Scan", "Parent Relationship": "Inner", "Parallel Aware": false, "Scan Direction": "Forward", "Index Name": "company_type_pkey", "Relation Name": "company_type", "Alias": "ct", "Startup Cost": 0.15, "Total Cost": 0.17, "Plan Rows": 1, "Plan Width": 4, "Actual Startup Time": 0.001, "Actual Total Time": 0.001, "Actual Rows": 1, "Actual Loops": 6946, "Index Cond": "(id = mc.company_type_id)", "Rows Removed by Index Recheck": 0, "Filter": "((kind IS NOT NULL) AND ((kind)::text <> 'production companies'::text))", "Rows Removed by Filter": 0}]}, {"Node Type": "Index Only Scan", "Parent Relationship": "Inner", "Parallel Aware": false, "Scan Direction": "Forward", "Index Name": "link_type_pkey", "Relation Name": "link_type", "Alias": "lt", "Startup Cost": 0.15, "Total Cost": 0.17, "Plan Rows": 1, "Plan Width": 4, "Actual Startup Time": 0.001, "Actual Total Time": 0.001, "Actual Rows": 1, "Actual Loops": 6946, "Index Cond": "(id = ml.link_type_id)", "Rows Removed by Index Recheck": 0, "Heap Fetches": 6946}]}, {"Node Type": "Index Scan", "Parent Relationship": "Inner", "Parallel Aware": false, "Scan Direction": "Forward", "Index Name": "title_pkey", "Relation Name": "title", "Alias": "t", "Startup Cost": 0.43, "Total Cost": 0.49, "Plan Rows": 1, "Plan Width": 4, "Actual Startup Time": 0.001, "Actual Total Time": 0.001, "Actual Rows": 1, "Actual Loops": 6946, "Index Cond": "(id = mk.movie_id)", "Rows Removed by Index Recheck": 0, "Filter": "(production_year > 1950)", "Rows Removed by Filter": 0}]}]}]}]}, "Planning Time": 86.747, "Triggers": [], "Execution Time": 367.612}]
[{"Bao": {"Bao prediction": 2141.951, "Bao recommended hint": "(no hint)"}}, {"Plan": {"Node Type": "Aggregate", "Strategy": "Plain", "Partial Mode": "Finalize", "Parallel Aware": false, "Startup Cost": 789000.02, "Total Cost": 789000.03, "Plan Rows": 1, "Plan Width": 8, "Actual Startup Time": 2740.13, "Actual Total Time": 2791.379, "Actual Rows": 1, "Actual Loops": 1, "Plans": [{"Node Type": "Gather", "Parent Relationship": "Outer", "Parallel Aware": false, "Startup Cost": 788999.81, "Total Cost": 789000.02, "Plan Rows": 2, "Plan Width": 8, "Actual Startup Time": 2738.526, "Actual Total Time": 2791.373, "Actual Rows": 3, "Actual Loops": 1, "Workers Planned": 2, "Workers Launched": 2, "Single Copy": false, "Plans": [{"Node Type": "Aggregate", "Strategy": "Plain", "Partial Mode": "Partial", "Parent Relationship": "Outer", "Parallel Aware": false, "Startup Cost": 787999.81, "Total Cost": 787999.82, "Plan Rows": 1, "Plan Width": 8, "Actual Startup Time": 2735.93, "Actual Total Time": 2735.941, "Actual Rows": 1, "Actual Loops": 3, "Plans": [{"Node Type": "Nested Loop", "Parent Relationship": "Outer", "Parallel Aware": false, "Join Type": "Inner", "Startup Cost": 771437.91, "Total Cost": 787999.81, "Plan Rows": 1, "Plan Width": 0, "Actual Startup Time": 2633.493, "Actual Total Time": 2735.931, "Actual Rows": 61, "Actual Loops": 3, "Inner Unique": true, "Join Filter": "(ci.person_id = n.id)", "Rows Removed by Join Filter": 0, "Plans": [{"Node Type": "Nested Loop", "Parent Relationship": "Outer", "Parallel Aware": false, "Join Type": "Inner", "Startup Cost": 771437.48, "Total Cost": 787998.22, "Plan Rows": 1, "Plan Width": 8, "Actual Startup Time": 2610.492, "Actual Total Time": 2699.794, "Actual Rows": 22342, "Actual Loops": 3, "Inner Unique": true, "Plans": [{"Node Type": "Hash Join", "Parent Relationship": "Outer", "Parallel Aware": true, "Join Type": "Inner", "Startup Cost": 771437.06, "Total Cost": 787997.01, "Plan Rows": 1, "Plan Width": 12, "Actual Startup Time": 2610.473, "Actual Total Time": 2662.995, "Actual Rows": 22983, "Actual Loops": 3, "Inner Unique": false, "Hash Cond": "(an.person_id = ci.person_id)", "Plans": [{"Node Type": "Seq Scan", "Parent Relationship": "Outer", "Parallel Aware": true, "Relation Name": "aka_name", "Alias": "an", "Startup Cost": 0.0, "Total Cost": 15151.6, "Plan Rows": 375560, "Plan Width": 4, "Actual Startup Time": 0.008, "Actual Total Time": 23.952, "Actual Rows": 300448, "Actual Loops": 3}, {"Node Type": "Hash", "Parent Relationship": "Inner", "Parallel Aware": true, "Startup Cost": 771437.05, "Total Cost": 771437.05, "Plan Rows": 1, "Plan Width": 8, "Actual Startup Time": 2609.851, "Actual Total Time": 2609.858, "Actual Rows": 12609, "Actual Loops": 3, "Hash Buckets": 65536, "Original Hash Buckets": 1024, "Hash Batches": 1, "Original Hash Batches": 1, "Peak Memory Usage": 2552, "Plans": [{"Node Type": "Nested Loop", "Parent Relationship": "Outer", "Parallel Aware": false, "Join Type": "Inner", "Startup Cost": 735857.27, "Total Cost": 771437.05, "Plan Rows": 1, "Plan Width": 8, "Actual Startup Time": 2320.815, "Actual Total Time": 2556.797, "Actual Rows": 12609, "Actual Loops": 3, "Inner Unique": true, "Plans": [{"Node Type": "Nested Loop", "Parent Relationship": "Outer", "Parallel Aware": false, "Join Type": "Inner", "Startup Cost": 735856.84, "Total Cost": 771435.59, "Plan Rows": 1, "Plan Width": 12, "Actual Startup Time": 2320.78, "Actual Total Time": 2528.287, "Actual Rows": 14241, "Actual Loops": 3, "Inner Unique": true, "Join Filter": "(mi.movie_id = t.id)", "Rows Removed by Join Filter": 0, "Plans": [{"Node Type": "Hash Join", "Parent Relationship": "Outer", "Parallel Aware": true, "Join Type": "Inner", "Startup Cost": 735856.41, "Total Cost": 771429.83, "Plan Rows": 4, "Plan Width": 24, "Actual Startup Time": 2320.525, "Actual Total Time": 2485.304, "Actual Rows": 24232, "Actual Loops": 3, "Inner Unique": false, "Hash Cond": "(mc.movie_id = mi.movie_id)", "Plans": [{"Node Type": "Seq Scan", "Parent Relationship": "Outer", "Parallel Aware": true, "Relation Name": "movie_companies", "Alias": "mc", "Startup Cost": 0.0, "Total Cost": 35097.06, "Plan Rows": 127023, "Plan Width": 8, "Actual Startup Time": 0.015, "Actual Total Time": 137.365, "Actual Rows": 196998, "Actual Loops": 3, "Filter": "((note IS NOT NULL) AND (((note)::text ~~ '%(USA)%'::text) OR ((note)::text ~~ '%(worldwide)%'::text)))", "Rows Removed by Filter": 672712}, {"Node Type": "Hash", "Parent Relationship": "Inner", "Parallel Aware": true, "Startup Cost": 735856.34, "Total Cost": 735856.34, "Plan Rows": 6, "Plan Width": 16, "Actual Startup Time": 2320.416, "Actual Total Time": 2320.421, "Actual Rows": 49045, "Actual Loops": 3, "Hash Buckets": 262144, "Original Hash Buckets": 1024, "Hash Batches": 1, "Original Hash Batches": 1, "Peak Memory Usage": 11032, "Plans": [{"Node Type": "Hash Join", "Parent Relationship": "Outer", "Parallel Aware": true, "Join Type": "Inner", "Startup Cost": 480149.52, "Total Cost": 735856.34, "Plan Rows": 6, "Plan Width": 16, "Actual Startup Time": 2274.194, "Actual Total Time": 2303.093, "Actual Rows": 49045, "Actual Loops": 3, "Inner Unique": false, "Hash Cond": "(mi.movie_id = ci.movie_id)", "Plans": [{"Node Type": "Hash Join", "Parent Relationship": "Outer", "Parallel Aware": false, "Join Type": "Inner", "Startup Cost": 2.43, "Total Cost": 255704.99, "Plan Rows": 1125, "Plan Width": 4, "Actual Startup Time": 223.488, "Actual Total Time": 828.581, "Actual Rows": 150346, "Actual Loops": 3, "Inner Unique": true, "Hash Cond": "(mi.info_type_id = it.id)", "Plans": [{"Node Type": "Seq Scan", "Parent Relationship": "Outer", "Parallel Aware": true, "Relation Name": "movie_info", "Alias": "mi", "Startup Cost": 0.0, "Total Cost": 255356.52, "Plan Rows": 127064, "Plan Width": 8, "Actual Startup Time": 90.954, "Actual Total Time": 807.292, "Actual Rows": 150368, "Actual Loops": 3, "Filter": "((info IS NOT NULL) AND (((info)::text ~~ 'Japan:%200%'::text) OR ((info)::text ~~ 'USA:%200%'::text)))", "Rows Removed by Filter": 4794872}, {"Node Type": "Hash", "Parent Relationship": "Inner", "Parallel Aware": false, "Startup Cost": 2.41, "Total Cost": 2.41, "Plan Rows": 1, "Plan Width": 4, "Actual Startup Time": 0.032, "Actual Total Time": 0.032, "Actual Rows": 1, "Actual Loops": 3, "Hash Buckets": 1024, "Original Hash Buckets": 1024, "Hash Batches": 1, "Original Hash Batches": 1, "Peak Memory Usage": 9, "Plans": [{"Node Type": "Seq Scan", "Parent Relationship": "Outer", "Parallel Aware": false, "Relation Name": "info_type", "Alias": "it", "Startup Cost": 0.0, "Total Cost": 2.41, "Plan Rows": 1, "Plan Width": 4, "Actual Startup Time": 0.02, "Actual Total Time": 0.026, "Actual Rows": 1, "Actual Loops": 3, "Filter": "((info)::text = 'release dates'::text)", "Rows Removed by Filter": 112}]}]}, {"Node Type": "Hash", "Parent Relationship": "Inner", "Parallel Aware": true, "Startup Cost": 480120.81, "Total Cost": 480120.81, "Plan Rows": 2103, "Plan Width": 12, "Actual Startup Time": 1423.037, "Actual Total Time": 1423.039, "Actual Rows": 92055, "Actual Loops": 3, "Hash Buckets": 65536, "Original Hash Buckets": 8192, "Hash Batches": 8, "Original Hash Batches": 1, "Peak Memory Usage": 2176, "Plans": [{"Node Type": "Hash Join", "Parent Relationship": "Outer", "Parallel Aware": false, "Join Type": "Inner", "Startup Cost": 18.93, "Total Cost": 480120.81, "Plan Rows": 2103, "Plan Width": 12, "Actual Startup Time": 414.041, "Actual Total Time": 1387.28, "Actual Rows": 92055, "Actual Loops": 3, "Inner Unique": true, "Hash Cond": "(ci.role_id = rt.id)", "Plans": [{"Node Type": "Seq Scan", "Parent Relationship": "Outer", "Parallel Aware": true, "Relation Name": "cast_info", "Alias": "ci", "Startup Cost": 0.0, "Total Cost": 479115.98, "Plan Rows": 373356, "Plan Width": 16, "Actual Startup Time": 0.024, "Actual Total Time": 1356.631, "Actual Rows": 289159, "Actual Loops": 3, "Filter": "((note)::text = ANY ('{(voice),\"(voice: Japanese version)\",\"(voice) (uncredited)\",\"(voice: English version)\"}'::text[]))", "Rows Removed by Filter": 11792289}, {"Node Type": "Hash", "Parent Relationship": "Inner", "Parallel Aware": false, "Startup Cost": 18.88, "Total Cost": 18.88, "Plan Rows": 4, "Plan Width": 4, "Actual Startup Time": 0.016, "Actual Total Time": 0.017, "Actual Rows": 1, "Actual Loops": 3, "Hash Buckets": 1024, "Original Hash Buckets": 1024, "Hash Batches": 1, "Original Hash Batches": 1, "Peak Memory Usage": 9, "Plans": [{"Node Type": "Seq Scan", "Parent Relationship": "Outer", "Parallel Aware": false, "Relation Name": "role_type", "Alias": "rt", "Startup Cost": 0.0, "Total Cost": 18.88, "Plan Rows": 4, "Plan Width": 4, "Actual Startup Time": 0.012, "Actual Total Time": 0.013, "Actual Rows": 1, "Actual Loops": 3, "Filter": "((role)::text = 'actress'::text)", "Rows Removed by Filter": 11}]}]}]}]}]}]}, {"Node Type": "Index Scan", "Parent Relationship": "Inner", "Parallel Aware": false, "Scan Direction": "Forward", "Index Name": "title_pkey", "Relation Name": "title", "Alias": "t", "Startup Cost": 0.43, "Total Cost": 1.43, "Plan Rows": 1, "Plan Width": 4, "Actual Startup Time": 0.002, "Actual Total Time": 0.002, "Actual Rows": 1, "Actual Loops": 72696, "Index Cond": "(id = ci.movie_id)", "Rows Removed by Index Recheck": 0, "Filter": "((production_year >= 2005) AND (production_year <= 2009))", "Rows Removed by Filter": 0}]}, {"Node Type": "Index Only Scan", "Parent Relationship": "Inner", "Parallel Aware": false, "Scan Direction": "Forward", "Index Name": "char_name_pkey", "Relation Name": "char_name", "Alias": "chn", "Startup Cost": 0.43, "Total Cost": 1.46, "Plan Rows": 1, "Plan Width": 4, "Actual Startup Time": 0.002, "Actual Total Time": 0.002, "Actual Rows": 1, "Actual Loops": 42723, "Index Cond": "(id = ci.person_role_id)", "Rows Removed by Index Recheck": 0, "Heap Fetches": 37828}]}]}]}, {"Node Type": "Index Scan", "Parent Relationship": "Inner", "Parallel Aware": false, "Scan Direction": "Forward", "Index Name": "company_name_pkey", "Relation Name": "company_name", "Alias": "cn", "Startup Cost": 0.42, "Total Cost": 1.2, "Plan Rows": 1, "Plan Width": 4, "Actual Startup Time": 0.001, "Actual Total Time": 0.001, "Actual Rows": 1, "Actual Loops": 68948, "Index Cond": "(id = mc.company_id)", "Rows Removed by Index Recheck": 0, "Filter": "((country_code)::text = '[us]'::text)", "Rows Removed by Filter": 0}]}, {"Node Type": "Index Scan", "Parent Relationship": "Inner", "Parallel Aware": false, "Scan Direction": "Forward", "Index Name": "name_pkey", "Relation Name": "name", "Alias": "n", "Startup Cost": 0.43, "Total Cost": 1.58, "Plan Rows": 1, "Plan Width": 4, "Actual Startup Time": 0.001, "Actual Total Time": 0.001, "Actual Rows": 0, "Actual Loops": 67025, "Index Cond": "(id = an.person_id)", "Rows Removed by Index Recheck": 0, "Filter": "(((name)::text ~~ '%Ang%'::text) AND ((gender)::text = 'f'::text))", "Rows Removed by Filter": 1}]}]}]}]}, "Planning Time": 114.256, "Triggers": [], "Execution Time": 2791.509}]
[{"Bao": {"Bao prediction": 1221.33, "Bao recommended hint": "SET enable_mergejoin TO off; "}}, {"Plan": {"Node Type": "Aggregate", "Strategy": "Plain", "Partial Mode": "Simple", "Parallel Aware": false, "Startup Cost": 341665.46, "Total Cost": 341665.47, "Plan Rows": 1, "Plan Width": 8, "Actual Startup Time": 1109.977, "Actual Total Time": 1136.831, "Actual Rows": 1, "Actual Loops": 1, "Plans": [{"Node Type": "Nested Loop", "Parent Relationship": "Outer", "Parallel Aware": false, "Join Type": "Inner", "Startup Cost": 86102.02, "Total Cost": 341665.46, "Plan Rows": 1, "Plan Width": 0, "Actual Startup Time": 962.657, "Actual Total Time": 1136.813, "Actual Rows": 247, "Actual Loops": 1, "Inner Unique": true, "Plans": [{"Node Type": "Gather", "Parent Relationship": "Outer", "Parallel Aware": false, "Startup Cost": 86101.87, "Total Cost": 341665.28, "Plan Rows": 1, "Plan Width": 4, "Actual Startup Time": 962.641, "Actual Total Time": 1136.601, "Actual Rows": 247, "Actual Loops": 1, "Workers Planned": 2, "Workers Launched": 2, "Single Copy": false, "Plans": [{"Node Type": "Hash Join", "Parent Relationship": "Outer", "Parallel Aware": true, "Join Type": "Inner", "Startup Cost": 85101.87, "Total Cost": 340665.18, "Plan Rows": 1, "Plan Width": 4, "Actual Startup Time": 1054.371, "Actual Total Time": 1106.958, "Actual Rows": 82, "Actual Loops": 3, "Inner Unique": false, "Hash Cond": "(mi.movie_id = ml.movie_id)", "Plans": [{"Node Type": "Seq Scan", "Parent Relationship": "Outer", "Parallel Aware": true, "Relation Name": "movie_info", "Alias": "mi", "Startup Cost": 0.0, "Total Cost": 255356.52, "Plan Rows": 55142, "Plan Width": 4, "Actual Startup Time": 0.344, "Actual Total Time": 735.497, "Actual Rows": 44746, "Actual Loops": 3, "Filter": "((info)::text = ANY ('{Sweden,Germany,Swedish,German}'::text[]))", "Rows Removed by Filter": 4900494}, {"Node Type": "Hash", "Parent Relationship": "Inner", "Parallel Aware": true, "Startup Cost": 85101.86, "Total Cost": 85101.86, "Plan Rows": 1, "Plan Width": 24, "Actual Startup Time": 368.407, "Actual Total Time": 368.419, "Actual Rows": 32, "Actual Loops": 3, "Hash Buckets": 1024, "Original Hash Buckets": 1024, "Hash Batches": 1, "Original Hash Batches": 1, "Peak Memory Usage": 40, "Plans": [{"Node Type": "Nested Loop", "Parent Relationship": "Outer", "Parallel Aware": false, "Join Type": "Inner", "Startup Cost": 34720.89, "Total Cost": 85101.86, "Plan Rows": 1, "Plan Width": 24, "Actual Startup Time": 301.06, "Actual Total Time": 368.357, "Actual Rows": 32, "Actual Loops": 3, "Inner Unique": true, "Plans": [{"Node Type": "Hash Join", "Parent Relationship": "Outer", "Parallel Aware": true, "Join Type": "Inner", "Startup Cost": 34720.47, "Total Cost": 85093.01, "Plan Rows": 20, "Plan Width": 28, "Actual Startup Time": 300.993, "Actual Total Time": 368.044, "Actual Rows": 234, "Actual Loops": 3, "Inner Unique": false, "Hash Cond": "(mk.movie_id = ml.movie_id)", "Plans": [{"Node Type": "Seq Scan", "Parent Relationship": "Outer", "Parallel Aware": true, "Relation Name": "movie_keyword", "Alias": "mk", "Startup Cost": 0.0, "Total Cost": 43303.71, "Plan Rows": 1884971, "Plan Width": 8, "Actual Startup Time": 0.02, "Actual Total Time": 102.923, "Actual Rows": 1507977, "Actual Loops": 3}, {"Node Type": "Hash", "Parent Relationship": "Inner", "Parallel Aware": true, "Startup Cost": 34720.46, "Total Cost": 34720.46, "Plan Rows": 1, "Plan Width": 20, "Actual Startup Time": 162.986, "Actual Total Time": 162.992, "Actual Rows": 32, "Actual Loops": 3, "Hash Buckets": 1024, "Original Hash Buckets": 1024, "Hash Batches": 1, "Original Hash Batches": 1, "Peak Memory Usage": 40, "Plans": [{"Node Type": "Nested Loop", "Parent Relationship": "Outer", "Parallel Aware": false, "Join Type": "Inner", "Startup Cost": 3067.11, "Total Cost": 34720.46, "Plan Rows": 1, "Plan Width": 20, "Actual Startup Time": 141.998, "Actual Total Time": 162.948, "Actual Rows": 32, "Actual Loops": 3, "Inner Unique": true, "Plans": [{"Node Type": "Nested Loop", "Parent Relationship": "Outer", "Parallel Aware": false, "Join Type": "Inner", "Startup Cost": 3066.96, "Total Cost": 34720.28, "Plan Rows": 1, "Plan Width": 24, "Actual Startup Time": 141.996, "Actual Total Time": 162.92, "Actual Rows": 32, "Actual Loops": 3, "Inner Unique": true, "Plans": [{"Node Type": "Hash Join", "Parent Relationship": "Outer", "Parallel Aware": false, "Join Type": "Inner", "Startup Cost": 3066.54, "Total Cost": 34719.82, "Plan Rows": 1, "Plan Width": 28, "Actual Startup Time": 141.99, "Actual Total Time": 162.823, "Actual Rows": 63, "Actual Loops": 3, "Inner Unique": false, "Hash Cond": "(mc.movie_id = ml.movie_id)", "Plans": [{"Node Type": "Seq Scan", "Parent Relationship": "Outer", "Parallel Aware": true, "Relation Name": "movie_companies", "Alias": "mc", "Startup Cost": 0.0, "Total Cost": 29661.37, "Plan Rows": 531175, "Plan Width": 12, "Actual Startup Time": 0.024, "Actual Total Time": 76.975, "Actual Rows": 423996, "Actual Loops": 3, "Filter": "(note IS NULL)", "Rows Removed by Filter": 445713}, {"Node Type": "Hash", "Parent Relationship": "Inner", "Parallel Aware": false, "Startup Cost": 3066.52, "Total Cost": 3066.52, "Plan Rows": 1, "Plan Width": 16, "Actual Startup Time": 62.79, "Actual Total Time": 62.794, "Actual Rows": 38, "Actual Loops": 3, "Hash Buckets": 1024, "Original Hash Buckets": 1024, "Hash Batches": 1, "Original Hash Batches": 1, "Peak Memory Usage": 10, "Plans": [{"Node Type": "Nested Loop", "Parent Relationship": "Outer", "Parallel Aware": false, "Join Type": "Inner", "Startup Cost": 2486.33, "Total Cost": 3066.52, "Plan Rows": 1, "Plan Width": 16, "Actual Startup Time": 54.96, "Actual Total Time": 62.786, "Actual Rows": 38, "Actual Loops": 3, "Inner Unique": true, "Join Filter": "(ml.movie_id = t.id)", "Rows Removed by Join Filter": 0, "Plans": [{"Node Type": "Hash Join", "Parent Relationship": "Outer", "Parallel Aware": false, "Join Type": "Inner", "Startup Cost": 2485.9, "Total Cost": 3064.73, "Plan Rows": 1, "Plan Width": 12, "Actual Startup Time": 49.543, "Actual Total Time": 62.046, "Actual Rows": 189, "Actual Loops": 3, "Inner Unique": true, "Hash Cond": "(ml.link_type_id = lt.id)", "Plans": [{"Node Type": "Hash Join", "Parent Relationship": "Outer", "Parallel Aware": false, "Join Type": "Inner", "Startup Cost": 2467.01, "Total Cost": 3045.14, "Plan Rows": 267, "Plan Width": 16, "Actual Startup Time": 49.079, "Actual Total Time": 61.783, "Actual Rows": 3346, "Actual Loops": 3, "Inner Unique": false, "Hash Cond": "(ml.movie_id = cc.movie_id)", "Plans": [{"Node Type": "Seq Scan", "Parent Relationship": "Outer", "Parallel Aware": false, "Relation Name": "movie_link", "Alias": "ml", "Startup Cost": 0.0, "Total Cost": 462.97, "Plan Rows": 29997, "Plan Width": 8, "Actual Startup Time": 0.013, "Actual Total Time": 2.339, "Actual Rows": 29997, "Actual Loops": 3}, {"Node Type": "Hash", "Parent Relationship": "Inner", "Parallel Aware": false, "Startup Cost": 2457.5, "Total Cost": 2457.5, "Plan Rows": 761, "Plan Width": 8, "Actual Startup Time": 49.0, "Actual Total Time": 49.001, "Actual Rows": 110494, "Actual Loops": 3, "Hash Buckets": 131072, "Original Hash Buckets": 1024, "Hash Batches": 2, "Original Hash Batches": 1, "Peak Memory Usage": 3172, "Plans": [{"Node Type": "Hash Join", "Parent Relationship": "Outer", "Parallel Aware": false, "Join Type": "Inner", "Startup Cost": 18.93, "Total Cost": 2457.5, "Plan Rows": 761, "Plan Width": 8, "Actual Startup Time": 0.037, "Actual Total Time": 31.381, "Actual Rows": 110494, "Actual Loops": 3, "Inner Unique": true, "Hash Cond": "(cc.status_id = cct2.id)", "Plans": [{"Node Type": "Seq Scan", "Parent Relationship": "Outer", "Parallel Aware": false, "Relation Name": "complete_cast", "Alias": "cc", "Startup Cost": 0.0, "Total Cost": 2081.86, "Plan Rows": 135086, "Plan Width": 12, "Actual Startup Time": 0.015, "Actual Total Time": 10.298, "Actual Rows": 135086, "Actual Loops": 3}, {"Node Type": "Hash", "Parent Relationship": "Inner", "Parallel Aware": false, "Startup Cost": 18.88, "Total Cost": 18.88, "Plan Rows": 4, "Plan Width": 4, "Actual Startup Time": 0.012, "Actual Total Time": 0.013, "Actual Rows": 1, "Actual Loops": 3, "Hash Buckets": 1024, "Original Hash Buckets": 1024, "Hash Batches": 1, "Original Hash Batches": 1, "Peak Memory Usage": 9, "Plans": [{"Node Type": "Seq Scan", "Parent Relationship": "Outer", "Parallel Aware": false, "Relation Name": "comp_cast_type", "Alias": "cct2", "Startup Cost": 0.0, "Total Cost": 18.88, "Plan Rows": 4, "Plan Width": 4, "Actual Startup Time": 0.009, "Actual Total Time": 0.01, "Actual Rows": 1, "Actual Loops": 3, "Filter": "((kind)::text = 'complete'::text)", "Rows Removed by Filter": 3}]}]}]}]}, {"Node Type": "Hash", "Parent Relationship": "Inner", "Parallel Aware": false, "Startup Cost": 18.88, "Total Cost": 18.88, "Plan Rows": 1, "Plan Width": 4, "Actual Startup Time": 0.024, "Actual Total Time": 0.024, "Actual Rows": 2, "Actual Loops": 3, "Hash Buckets": 1024, "Original Hash Buckets": 1024, "Hash Batches": 1, "Original Hash Batches": 1, "Peak Memory Usage": 9, "Plans": [{"Node Type": "Seq Scan", "Parent Relationship": "Outer", "Parallel Aware": false, "Relation Name": "link_type", "Alias": "lt", "Startup Cost": 0.0, "Total Cost": 18.88, "Plan Rows": 1, "Plan Width": 4, "Actual Startup Time": 0.018, "Actual Total Time": 0.021, "Actual Rows": 2, "Actual Loops": 3, "Filter": "((link)::text ~~ '%follow%'::text)", "Rows Removed by Filter": 16}]}]}, {"Node Type": "Index Scan", "Parent Relationship": "Inner", "Parallel Aware": false, "Scan Direction": "Forward", "Index Name": "title_pkey", "Relation Name": "title", "Alias": "t", "Startup Cost": 0.43, "Total Cost": 1.78, "Plan Rows": 1, "Plan Width": 4, "Actual Startup Time": 0.004, "Actual Total Time": 0.004, "Actual Rows": 0, "Actual Loops": 567, "Index Cond": "(id = cc.movie_id)", "Rows Removed by Index Recheck": 0, "Filter": "(production_year = 1998)", "Rows Removed by Filter": 1}]}]}]}, {"Node Type": "Index Scan", "Parent Relationship": "Inner", "Parallel Aware": false, "Scan Direction": "Forward", "Index Name": "company_name_pkey", "Relation Name": "company_name", "Alias": "cn", "Startup Cost": 0.42, "Total Cost": 0.46, "Plan Rows": 1, "Plan Width": 4, "Actual Startup Time": 0.001, "Actual Total Time": 0.001, "Actual Rows": 0, "Actual Loops": 190, "Index Cond": "(id = mc.company_id)", "Rows Removed by Index Recheck": 0, "Filter": "(((country_code)::text <> '[pl]'::text) AND (((name)::text ~~ '%Film%'::text) OR ((name)::text ~~ '%Warner%'::text)))", "Rows Removed by Filter": 0}]}, {"Node Type": "Index Scan", "Parent Relationship": "Inner", "Parallel Aware": false, "Scan Direction": "Forward", "Index Name": "company_type_pkey", "Relation Name": "company_type", "Alias": "ct", "Startup Cost": 0.15, "Total Cost": 0.17, "Plan Rows": 1, "Plan Width": 4, "Actual Startup Time": 0.001, "Actual Total Time": 0.001, "Actual Rows": 1, "Actual Loops": 95, "Index Cond": "(id = mc.company_type_id)", "Rows Removed by Index Recheck": 0, "Filter": "((kind)::text = 'production companies'::text)", "Rows Removed by Filter": 0}]}]}]}, {"Node Type": "Index Scan", "Parent Relationship": "Inner", "Parallel Aware": false, "Scan Direction": "Forward", "Index Name": "keyword_pkey", "Relation Name": "keyword", "Alias": "k", "Startup Cost": 0.42, "Total Cost": 0.44, "Plan Rows": 1, "Plan Width": 4, "Actual Startup Time": 0.001, "Actual Total Time": 0.001, "Actual Rows": 0, "Actual Loops": 703, "Index Cond": "(id = mk.keyword_id)", "Rows Removed by Index Recheck": 0, "Filter": "((keyword)::text = 'sequel'::text)", "Rows Removed by Filter": 1}]}]}]}]}, {"Node Type": "Index Scan", "Parent Relationship": "Inner", "Parallel Aware": false, "Scan Direction": "Forward", "Index Name": "comp_cast_type_pkey", "Relation Name": "comp_cast_type", "Alias": "cct1", "Startup Cost": 0.15, "Total Cost": 0.17, "Plan Rows": 1, "Plan Width": 4, "Actual Startup Time": 0.001, "Actual Total Time": 0.001, "Actual Rows": 1, "Actual Loops": 247, "Index Cond": "(id = cc.subject_id)", "Rows Removed by Index Recheck": 0, "Filter": "((kind)::text = ANY ('{cast,crew}'::text[]))", "Rows Removed by Filter": 0}]}]}, "Planning Time": 206.39, "Triggers": [], "Execution Time": 1136.973}]
[{"Bao": {"Bao prediction": 3065.364, "Bao recommended hint": "SET enable_mergejoin TO off; SET enable_indexscan TO off; "}}, {"Plan": {"Node Type": "Aggregate", "Strategy": "Plain", "Partial Mode": "Simple", "Parallel Aware": false, "Startup Cost": 838515.28, "Total Cost": 838515.29, "Plan Rows": 1, "Plan Width": 8, "Actual Startup Time": 3319.312, "Actual Total Time": 3368.721, "Actual Rows": 1, "Actual Loops": 1, "Plans": [{"Node Type": "Nested Loop", "Parent Relationship": "Outer", "Parallel Aware": false, "Join Type": "Inner", "Startup Cost": 804764.99, "Total Cost": 838515.28, "Plan Rows": 1, "Plan Width": 0, "Actual Startup Time": 3209.572, "Actual Total Time": 3368.679, "Actual Rows": 275, "Actual Loops": 1, "Inner Unique": true, "Plans": [{"Node Type": "Nested Loop", "Parent Relationship": "Outer", "Parallel Aware": false, "Join Type": "Inner", "Startup Cost": 804763.91, "Total Cost": 838510.18, "Plan Rows": 1, "Plan Width": 8, "Actual Startup Time": 3184.451, "Actual Total Time": 3352.247, "Actual Rows": 6518, "Actual Loops": 1, "Inner Unique": true, "Plans": [{"Node Type": "Nested Loop", "Parent Relationship": "Outer", "Parallel Aware": false, "Join Type": "Inner", "Startup Cost": 804762.86, "Total Cost": 838505.12, "Plan Rows": 1, "Plan Width": 12, "Actual Startup Time": 3184.441, "Actual Total Time": 3335.907, "Actual Rows": 6532, "Actual Loops": 1, "Inner Unique": true, "Plans": [{"Node Type": "Gather", "Parent Relationship": "Outer", "Parallel Aware": false, "Startup Cost": 804761.92, "Total Cost": 838500.16, "Plan Rows": 1, "Plan Width": 16, "Actual Startup Time": 3184.418, "Actual Total Time": 3303.432, "Actual Rows": 14511, "Actual Loops": 1, "Workers Planned": 2, "Workers Launched": 2, "Single Copy": false, "Plans": [{"Node Type": "Hash Join", "Parent Relationship": "Outer", "Parallel Aware": true, "Join Type": "Inner", "Startup Cost": 803761.92, "Total Cost": 837500.06, "Plan Rows": 1, "Plan Width": 16, "Actual Startup Time": 3175.805, "Actual Total Time": 3284.833, "Actual Rows": 4837, "Actual Loops": 3, "Inner Unique": false, "Hash Cond": "(mc.movie_id = t.id)", "Plans": [{"Node Type": "Seq Scan", "Parent Relationship": "Outer", "Parallel Aware": true, "Relation Name": "movie_companies", "Alias": "mc", "Startup Cost": 0.0, "Total Cost": 29661.37, "Plan Rows": 1087137, "Plan Width": 8, "Actual Startup Time": 0.015, "Actual Total Time": 61.303, "Actual Rows": 869710, "Actual Loops": 3}, {"Node Type": "Hash", "Parent Relationship": "Inner", "Parallel Aware": true, "Startup Cost": 803761.9, "Total Cost": 803761.9, "Plan Rows": 1, "Plan Width": 28, "Actual Startup Time": 3159.44, "Actual Total Time": 3159.454, "Actual Rows": 784, "Actual Loops": 3, "Hash Buckets": 4096, "Original Hash Buckets": 1024, "Hash Batches": 1, "Original Hash Batches": 1, "Peak Memory Usage": 248, "Plans": [{"Node Type": "Nested Loop", "Parent Relationship": "Outer", "Parallel Aware": false, "Join Type": "Inner", "Startup Cost": 752546.67, "Total Cost": 803761.9, "Plan Rows": 1, "Plan Width": 28, "Actual Startup Time": 2398.623, "Actual Total Time": 3142.971, "Actual Rows": 784, "Actual Loops": 3, "Inner Unique": true, "Join Filter": "(mi.movie_id = t.id)", "Rows Removed by Join Filter": 0, "Plans": [{"Node Type": "Nested Loop", "Parent Relationship": "Outer", "Parallel Aware": false, "Join Type": "Inner", "Startup Cost": 752545.66, "Total Cost": 803756.87, "Plan Rows": 1, "Plan Width": 24, "Actual Startup Time": 2339.233, "Actual Total Time": 3139.295, "Actual Rows": 1485, "Actual Loops": 3, "Inner Unique": true, "Plans": [{"Node Type": "Hash Join", "Parent Relationship": "Outer", "Parallel Aware": true, "Join Type": "Inner", "Startup Cost": 752544.72, "Total Cost": 802917.76, "Plan Rows": 169, "Plan Width": 28, "Actual Startup Time": 2316.362, "Actual Total Time": 2565.054, "Actual Rows": 247385, "Actual Loops": 3, "Inner Unique": false, "Hash Cond": "(mk.movie_id = mi.movie_id)", "Plans": [{"Node Type": "Seq Scan", "Parent Relationship": "Outer", "Parallel Aware": true, "Relation Name": "movie_keyword", "Alias": "mk", "Startup Cost": 0.0, "Total Cost": 43303.71, "Plan Rows": 1884971, "Plan Width": 8, "Actual Startup Time": 0.012, "Actual Total Time": 98.1, "Actual Rows": 1507977, "Actual Loops": 3}, {"Node Type": "Hash", "Parent Relationship": "Inner", "Parallel Aware": true, "Startup Cost": 752544.55, "Total Cost": 752544.55, "Plan Rows": 14, "Plan Width": 20, "Actual Startup Time": 2315.162, "Actual Total Time": 2315.168, "Actual Rows": 24569, "Actual Loops": 3, "Hash Buckets": 131072, "Original Hash Buckets": 1024, "Hash Batches": 1, "Original Hash Batches": 1, "Peak Memory Usage": 6104, "Plans": [{"Node Type": "Hash Join", "Parent Relationship": "Outer", "Parallel Aware": true, "Join Type": "Inner", "Startup Cost": 735984.54, "Total Cost": 752544.55, "Plan Rows": 14, "Plan Width": 20, "Actual Startup Time": 2242.41, "Actual Total Time": 2299.194, "Actual Rows": 24569, "Actual Loops": 3, "Inner Unique": false, "Hash Cond": "(an.person_id = ci.person_id)", "Plans": [{"Node Type": "Seq Scan", "Parent Relationship": "Outer", "Parallel Aware": true, "Relation Name": "aka_name", "Alias": "an", "Startup Cost": 0.0, "Total Cost": 15151.6, "Plan Rows": 375560, "Plan Width": 4, "Actual Startup Time": 0.01, "Actual Total Time": 25.333, "Actual Rows": 300448, "Actual Loops": 3}, {"Node Type": "Hash", "Parent Relationship": "Inner", "Parallel Aware": true, "Startup Cost": 735984.47, "Total Cost": 735984.47, "Plan Rows": 6, "Plan Width": 16, "Actual Startup Time": 2242.241, "Actual Total Time": 2242.245, "Actual Rows": 13024, "Actual Loops": 3, "Hash Buckets": 65536, "Original Hash Buckets": 1024, "Hash Batches": 1, "Original Hash Batches": 1, "Peak Memory Usage": 2904, "Plans": [{"Node Type": "Hash Join", "Parent Relationship": "Outer", "Parallel Aware": false, "Join Type": "Inner", "Startup Cost": 480149.52, "Total Cost": 735984.47, "Plan Rows": 6, "Plan Width": 16, "Actual Startup Time": 2215.568, "Actual Total Time": 2236.695, "Actual Rows": 13024, "Actual Loops": 3, "Inner Unique": true, "Hash Cond": "(mi.info_type_id = it.id)", "Plans": [{"Node Type": "Hash Join", "Parent Relationship": "Outer", "Parallel Aware": true, "Join Type": "Inner", "Startup Cost": 480147.1, "Total Cost": 735980.11, "Plan Rows": 712, "Plan Width": 20, "Actual Startup Time": 2215.527, "Actual Total Time": 2234.882, "Actual Rows": 13024, "Actual Loops": 3, "Inner Unique": false, "Hash Cond": "(mi.movie_id = ci.movie_id)", "Plans": [{"Node Type": "Seq Scan", "Parent Relationship": "Outer", "Parallel Aware": true, "Relation Name": "movie_info", "Alias": "mi", "Startup Cost": 0.0, "Total Cost": 255356.52, "Plan Rows": 126272, "Plan Width": 8, "Actual Startup Time": 146.774, "Actual Total Time": 790.147, "Actual Rows": 100416, "Actual Loops": 3, "Filter": "((info IS NOT NULL) AND (((info)::text ~~ 'Japan:%201%'::text) OR ((info)::text ~~ 'USA:%201%'::text)))", "Rows Removed by Filter": 4844824}, {"Node Type": "Hash", "Parent Relationship": "Inner", "Parallel Aware": true, "Startup Cost": 480120.81, "Total Cost": 480120.81, "Plan Rows": 2103, "Plan Width": 12, "Actual Startup Time": 1407.58, "Actual Total Time": 1407.582, "Actual Rows": 92055, "Actual Loops": 3, "Hash Buckets": 65536, "Original Hash Buckets": 8192, "Hash Batches": 8, "Original Hash Batches": 1, "Peak Memory Usage": 2208, "Plans": [{"Node Type": "Hash Join", "Parent Relationship": "Outer", "Parallel Aware": false, "Join Type": "Inner", "Startup Cost": 18.93, "Total Cost": 480120.81, "Plan Rows": 2103, "Plan Width": 12, "Actual Startup Time": 425.7, "Actual Total Time": 1371.018, "Actual Rows": 92055, "Actual Loops": 3, "Inner Unique": true, "Hash Cond": "(ci.role_id = rt.id)", "Plans": [{"Node Type": "Seq Scan", "Parent Relationship": "Outer", "Parallel Aware": true, "Relation Name": "cast_info", "Alias": "ci", "Startup Cost": 0.0, "Total Cost": 479115.98, "Plan Rows": 373356, "Plan Width": 16, "Actual Startup Time": 0.024, "Actual Total Time": 1340.174, "Actual Rows": 289159, "Actual Loops": 3, "Filter": "((note)::text = ANY ('{(voice),\"(voice: Japanese version)\",\"(voice) (uncredited)\",\"(voice: English version)\"}'::text[]))", "Rows Removed by Filter": 11792289}, {"Node Type": "Hash", "Parent Relationship": "Inner", "Parallel Aware": false, "Startup Cost": 18.88, "Total Cost": 18.88, "Plan Rows": 4, "Plan Width": 4, "Actual Startup Time": 0.014, "Actual Total Time": 0.014, "Actual Rows": 1, "Actual Loops": 3, "Hash Buckets": 1024, "Original Hash Buckets": 1024, "Hash Batches": 1, "Original Hash Batches": 1, "Peak Memory Usage": 9, "Plans": [{"Node Type": "Seq Scan", "Parent Relationship": "Outer", "Parallel Aware": false, "Relation Name": "role_type", "Alias": "rt", "Startup Cost": 0.0, "Total Cost": 18.88, "Plan Rows": 4, "Plan Width": 4, "Actual Startup Time": 0.011, "Actual Total Time": 0.012, "Actual Rows": 1, "Actual Loops": 3, "Filter": "((role)::text = 'actress'::text)", "Rows Removed by Filter": 11}]}]}]}]}, {"Node Type": "Hash", "Parent Relationship": "Inner", "Parallel Aware": false, "Startup Cost": 2.41, "Total Cost": 2.41, "Plan Rows": 1, "Plan Width": 4, "Actual Startup Time": 0.026, "Actual Total Time": 0.026, "Actual Rows": 1, "Actual Loops": 3, "Hash Buckets": 1024, "Original Hash Buckets": 1024, "Hash Batches": 1, "Original Hash Batches": 1, "Peak Memory Usage": 9, "Plans": [{"Node Type": "Seq Scan", "Parent Relationship": "Outer", "Parallel Aware": false, "Relation Name": "info_type", "Alias": "it", "Startup Cost": 0.0, "Total Cost": 2.41, "Plan Rows": 1, "Plan Width": 4, "Actual Startup Time": 0.017, "Actual Total Time": 0.023, "Actual Rows": 1, "Actual Loops": 3, "Filter": "((info)::text = 'release dates'::text)", "Rows Removed by Filter": 112}]}]}]}]}]}]}, {"Node Type": "Bitmap Heap Scan", "Parent Relationship": "Inner", "Parallel Aware": false, "Relation Name": "keyword", "Alias": "k", "Startup Cost": 0.94, "Total Cost": 4.95, "Plan Rows": 1, "Plan Width": 4, "Actual Startup Time": 0.002, "Actual Total Time": 0.002, "Actual Rows": 0, "Actual Loops": 742156, "Recheck Cond": "(id = mk.keyword_id)", "Rows Removed by Index Recheck": 0, "Filter": "((keyword)::text = ANY ('{hero,martial-arts,hand-to-hand-combat}'::text[]))", "Rows Removed by Filter": 1, "Exact Heap Blocks": 270591, "Lossy Heap Blocks": 0, "Plans": [{"Node Type": "Bitmap Index Scan", "Parent Relationship": "Outer", "Parallel Aware": false, "Index Name": "keyword_pkey", "Startup Cost": 0.0, "Total Cost": 0.94, "Plan Rows": 1, "Plan Width": 0, "Actual Startup Time": 0.001, "Actual Total Time": 0.001, "Actual Rows": 1, "Actual Loops": 742156, "Index Cond": "(id = mk.keyword_id)"}]}]}, {"Node Type": "Bitmap Heap Scan", "Parent Relationship": "Inner", "Parallel Aware": false, "Relation Name": "title", "Alias": "t", "Startup Cost": 1.01, "Total Cost": 5.02, "Plan Rows": 1, "Plan Width": 4, "Actual Startup Time": 0.002, "Actual Total Time": 0.002, "Actual Rows": 1, "Actual Loops": 4455, "Recheck Cond": "(id = mk.movie_id)", "Rows Removed by Index Recheck": 0, "Filter": "(production_year > 2010)", "Rows Removed by Filter": 0, "Exact Heap Blocks": 918, "Lossy Heap Blocks": 0, "Plans": [{"Node Type": "Bitmap Index Scan", "Parent Relationship": "Outer", "Parallel Aware": false, "Index Name": "title_pkey", "Startup Cost": 0.0, "Total Cost": 1.01, "Plan Rows": 1, "Plan Width": 0, "Actual Startup Time": 0.001, "Actual Total Time": 0.001, "Actual Rows": 1, "Actual Loops": 4455, "Index Cond": "(id = mk.movie_id)"}]}]}]}]}]}, {"Node Type": "Bitmap Heap Scan", "Parent Relationship": "Inner", "Parallel Aware": false, "Relation Name": "company_name", "Alias": "cn", "Startup Cost": 0.95, "Total Cost": 4.96, "Plan Rows": 1, "Plan Width": 4, "Actual Startup Time": 0.001, "Actual Total Time": 0.001, "Actual Rows": 0, "Actual Loops": 14511, "Recheck Cond": "(id = mc.company_id)", "Rows Removed by Index Recheck": 0, "Filter": "((country_code)::text = '[us]'::text)", "Rows Removed by Filter": 1, "Exact Heap Blocks": 14511, "Lossy Heap Blocks": 0, "Plans": [{"Node Type": "Bitmap Index Scan", "Parent Relationship": "Outer", "Parallel Aware": false, "Index Name": "company_name_pkey", "Startup Cost": 0.0, "Total Cost": 0.94, "Plan Rows": 1, "Plan Width": 0, "Actual Startup Time": 0.001, "Actual Total Time": 0.001, "Actual Rows": 1, "Actual Loops": 14511, "Index Cond": "(id = mc.company_id)"}]}]}, {"Node Type": "Bitmap Heap Scan", "Parent Relationship": "Inner", "Parallel Aware": false, "Relation Name": "char_name", "Alias": "chn", "Startup Cost": 1.05, "Total Cost": 5.06, "Plan Rows": 1, "Plan Width": 4, "Actual Startup Time": 0.002, "Actual Total Time": 0.002, "Actual Rows": 1, "Actual Loops": 6532, "Recheck Cond": "(id = ci.person_role_id)", "Rows Removed by Index Recheck": 0, "Exact Heap Blocks": 6518, "Lossy Heap Blocks": 0, "Plans": [{"Node Type": "Bitmap Index Scan", "Parent Relationship": "Outer", "Parallel Aware": false, "Index Name": "char_name_pkey", "Startup Cost": 0.0, "Total Cost": 1.05, "Plan Rows": 1, "Plan Width": 0, "Actual Startup Time": 0.001, "Actual Total Time": 0.001, "Actual Rows": 1, "Actual Loops": 6532, "Index Cond": "(id = ci.person_role_id)"}]}]}, {"Node Type": "Bitmap Heap Scan", "Parent Relationship": "Inner", "Parallel Aware": false, "Relation Name": "name", "Alias": "n", "Startup Cost": 1.08, "Total Cost": 5.09, "Plan Rows": 1, "Plan Width": 4, "Actual Startup Time": 0.002, "Actual Total Time": 0.002, "Actual Rows": 0, "Actual Loops": 6518, "Recheck Cond": "(id = ci.person_id)", "Rows Removed by Index Recheck": 0, "Filter": "(((name)::text ~~ '%An%'::text) AND ((gender)::text = 'f'::text))", "Rows Removed by Filter": 1, "Exact Heap Blocks": 6518, "Lossy Heap Blocks": 0, "Plans": [{"Node Type": "Bitmap Index Scan", "Parent Relationship": "Outer", "Parallel Aware": false, "Index Name": "name_pkey", "Startup Cost": 0.0, "Total Cost": 1.08, "Plan Rows": 1, "Plan Width": 0, "Actual Startup Time": 0.001, "Actual Total Time": 0.001, "Actual Rows": 1, "Actual Loops": 6518, "Index Cond": "(id = ci.person_id)"}]}]}]}, "Planning Time": 217.409, "Triggers": [], "Execution Time": 3368.911}]
[{"Bao": {"Bao prediction": 2562.051, "Bao recommended hint": "SET enable_nestloop TO off; "}}, {"Plan": {"Node Type": "Aggregate", "Strategy": "Plain", "Partial Mode": "Finalize", "Parallel Aware": false, "Startup Cost": 694238.05, "Total Cost": 694238.06, "Plan Rows": 1, "Plan Width": 8, "Actual Startup Time": 4824.876, "Actual Total Time": 4935.019, "Actual Rows": 1, "Actual Loops": 1, "Plans": [{"Node Type": "Gather", "Parent Relationship": "Outer", "Parallel Aware": false, "Startup Cost": 694237.83, "Total Cost": 694238.04, "Plan Rows": 2, "Plan Width": 8, "Actual Startup Time": 4823.105, "Actual Total Time": 4935.014, "Actual Rows": 3, "Actual Loops": 1, "Workers Planned": 2, "Workers Launched": 2, "Single Copy": false, "Plans": [{"Node Type": "Aggregate", "Strategy": "Plain", "Partial Mode": "Partial", "Parent Relationship": "Outer", "Parallel Aware": false, "Startup Cost": 693237.83, "Total Cost": 693237.84, "Plan Rows": 1, "Plan Width": 8, "Actual Startup Time": 4819.958, "Actual Total Time": 4819.969, "Actual Rows": 1, "Actual Loops": 3, "Plans": [{"Node Type": "Hash Join", "Parent Relationship": "Outer", "Parallel Aware": true, "Join Type": "Inner", "Startup Cost": 659486.95, "Total Cost": 693236.34, "Plan Rows": 596, "Plan Width": 0, "Actual Startup Time": 4087.506, "Actual Total Time": 4776.154, "Actual Rows": 944185, "Actual Loops": 3, "Inner Unique": true, "Hash Cond": "(mc.company_id = cn.id)", "Plans": [{"Node Type": "Hash Join", "Parent Relationship": "Outer", "Parallel Aware": true, "Join Type": "Inner", "Startup Cost": 654142.44, "Total Cost": 687887.48, "Plan Rows": 1658, "Plan Width": 4, "Actual Startup Time": 4067.653, "Actual Total Time": 4503.744, "Actual Rows": 2598975, "Actual Loops": 3, "Inner Unique": false, "Hash Cond": "(mc.movie_id = ci.movie_id)", "Plans": [{"Node Type": "Seq Scan", "Parent Relationship": "Outer", "Parallel Aware": true, "Relation Name": "movie_companies", "Alias": "mc", "Startup Cost": 0.0, "Total Cost": 29661.37, "Plan Rows": 1087137, "Plan Width": 8, "Actual Startup Time": 0.016, "Actual Total Time": 76.64, "Actual Rows": 869710, "Actual Loops": 3}, {"Node Type": "Hash", "Parent Relationship": "Inner", "Parallel Aware": true, "Startup Cost": 654135.33, "Total Cost": 654135.33, "Plan Rows": 569, "Plan Width": 12, "Actual Startup Time": 3856.71, "Actual Total Time": 3856.718, "Actual Rows": 346131, "Actual Loops": 3, "Hash Buckets": 65536, "Original Hash Buckets": 2048, "Hash Batches": 16, "Original Hash Batches": 1, "Peak Memory Usage": 3776, "Plans": [{"Node Type": "Hash Join", "Parent Relationship": "Outer", "Parallel Aware": true, "Join Type": "Inner", "Startup Cost": 561616.91, "Total Cost": 654135.33, "Plan Rows": 569, "Plan Width": 12, "Actual Startup Time": 3374.768, "Actual Total Time": 3759.384, "Actual Rows": 346131, "Actual Loops": 3, "Inner Unique": false, "Hash Cond": "(n.id = ci.person_id)", "Plans": [{"Node Type": "Seq Scan", "Parent Relationship": "Outer", "Parallel Aware": true, "Relation Name": "name", "Alias": "n", "Startup Cost": 0.0, "Total Cost": 72979.14, "Plan Rows": 1736614, "Plan Width": 4, "Actual Startup Time": 0.024, "Actual Total Time": 142.04, "Actual Rows": 1389164, "Actual Loops": 3}, {"Node Type": "Hash", "Parent Relationship": "Inner", "Parallel Aware": true, "Startup Cost": 561609.8, "Total Cost": 561609.8, "Plan Rows": 569, "Plan Width": 16, "Actual Startup Time": 2961.713, "Actual Total Time": 2961.719, "Actual Rows": 346131, "Actual Loops": 3, "Hash Buckets": 65536, "Original Hash Buckets": 2048, "Hash Batches": 16, "Original Hash Batches": 1, "Peak Memory Usage": 3680, "Plans": [{"Node Type": "Hash Join", "Parent Relationship": "Outer", "Parallel Aware": true, "Join Type": "Inner", "Startup Cost": 101362.06, "Total Cost": 561609.8, "Plan Rows": 569, "Plan Width": 16, "Actual Startup Time": 516.782, "Actual Total Time": 2850.738, "Actual Rows": 346131, "Actual Loops": 3, "Inner Unique": false, "Hash Cond": "(ci.movie_id = t.id)", "Plans": [{"Node Type": "Seq Scan", "Parent Relationship": "Outer", "Parallel Aware": true, "Relation Name": "cast_info", "Alias": "ci", "Startup Cost": 0.0, "Total Cost": 403639.65, "Plan Rows": 15095265, "Plan Width": 8, "Actual Startup Time": 0.013, "Actual Total Time": 919.502, "Actual Rows": 12081448, "Actual Loops": 3}, {"Node Type": "Hash", "Parent Relationship": "Inner", "Parallel Aware": true, "Startup Cost": 101361.89, "Total Cost": 101361.89, "Plan Rows": 14, "Plan Width": 8, "Actual Startup Time": 516.678, "Actual Total Time": 516.682, "Actual Rows": 13947, "Actual Loops": 3, "Hash Buckets": 65536, "Original Hash Buckets": 1024, "Hash Batches": 1, "Original Hash Batches": 1, "Peak Memory Usage": 2680, "Plans": [{"Node Type": "Hash Join", "Parent Relationship": "Outer", "Parallel Aware": true, "Join Type": "Inner", "Startup Cost": 50878.23, "Total Cost": 101361.89, "Plan Rows": 14, "Plan Width": 8, "Actual Startup Time": 276.054, "Actual Total Time": 473.355, "Actual Rows": 13947, "Actual Loops": 3, "Inner Unique": false, "Hash Cond": "(t.id = mk.movie_id)", "Plans": [{"Node Type": "Seq Scan", "Parent Relationship": "Outer", "Parallel Aware": true, "Relation Name": "title", "Alias": "t", "Startup Cost": 0.0, "Total Cost": 46532.98, "Plan Rows": 1053498, "Plan Width": 4, "Actual Startup Time": 0.029, "Actual Total Time": 82.243, "Actual Rows": 842771, "Actual Loops": 3}, {"Node Type": "Hash", "Parent Relationship": "Inner", "Parallel Aware": true, "Startup Cost": 50878.05, "Total Cost": 50878.05, "Plan Rows": 14, "Plan Width": 4, "Actual Startup Time": 275.914, "Actual Total Time": 275.917, "Actual Rows": 13947, "Actual Loops": 3, "Hash Buckets": 65536, "Original Hash Buckets": 1024, "Hash Batches": 1, "Original Hash Batches": 1, "Peak Memory Usage": 2680, "Plans": [{"Node Type": "Hash Join", "Parent Relationship": "Outer", "Parallel Aware": false, "Join Type": "Inner", "Startup Cost": 2626.14, "Total Cost": 50878.05, "Plan Rows": 14, "Plan Width": 4, "Actual Startup Time": 13.197, "Actual Total Time": 245.694, "Actual Rows": 13947, "Actual Loops": 3, "Inner Unique": true, "Hash Cond": "(mk.keyword_id = k.id)", "Plans": [{"Node Type": "Seq Scan", "Parent Relationship": "Outer", "Parallel Aware": true, "Relation Name": "movie_keyword", "Alias": "mk", "Startup Cost": 0.0, "Total Cost": 43303.71, "Plan Rows": 1884971, "Plan Width": 8, "Actual Startup Time": 0.021, "Actual Total Time": 113.497, "Actual Rows": 1507977, "Actual Loops": 3}, {"Node Type": "Hash", "Parent Relationship": "Inner", "Parallel Aware": false, "Startup Cost": 2626.12, "Total Cost": 2626.12, "Plan Rows": 1, "Plan Width": 4, "Actual Startup Time": 13.109, "Actual Total Time": 13.11, "Actual Rows": 1, "Actual Loops": 3, "Hash Buckets": 1024, "Original Hash Buckets": 1024, "Hash Batches": 1, "Original Hash Batches": 1, "Peak Memory Usage": 9, "Plans": [{"Node Type": "Seq Scan", "Parent Relationship": "Outer", "Parallel Aware": false, "Relation Name": "keyword", "Alias": "k", "Startup Cost": 0.0, "Total Cost": 2626.12, "Plan Rows": 1, "Plan Width": 4, "Actual Startup Time": 0.565, "Actual Total Time": 13.103, "Actual Rows": 1, "Actual Loops": 3, "Filter": "((keyword)::text = 'character-name-in-title'::text)", "Rows Removed by Filter": 134169}]}]}]}]}]}]}]}]}]}]}, {"Node Type": "Hash", "Parent Relationship": "Inner", "Parallel Aware": true, "Startup Cost": 4722.92, "Total Cost": 4722.92, "Plan Rows": 49727, "Plan Width": 4, "Actual Startup Time": 19.178, "Actual Total Time": 19.178, "Actual Rows": 28281, "Actual Loops": 3, "Hash Buckets": 131072, "Original Hash Buckets": 131072, "Hash Batches": 1, "Original Hash Batches": 1, "Peak Memory Usage": 4352, "Plans": [{"Node Type": "Seq Scan", "Parent Relationship": "Outer", "Parallel Aware": true, "Relation Name": "company_name", "Alias": "cn", "Startup Cost": 0.0, "Total Cost": 4722.92, "Plan Rows": 49727, "Plan Width": 4, "Actual Startup Time": 0.017, "Actual Total Time": 13.351, "Actual Rows": 28281, "Actual Loops": 3, "Filter": "((country_code)::text = '[us]'::text)", "Rows Removed by Filter": 50051}]}]}]}]}]}, "Planning Time": 87.711, "Triggers": [], "Execution Time": 4935.122}]
[{"Bao": {"Bao prediction": 437.371, "Bao recommended hint": "(no hint)"}}, {"Plan": {"Node Type": "Aggregate", "Strategy": "Plain", "Partial Mode": "Simple", "Parallel Aware": false, "Startup Cost": 101048.05, "Total Cost": 101048.06, "Plan Rows": 1, "Plan Width": 8, "Actual Startup Time": 447.002, "Actual Total Time": 451.98, "Actual Rows": 1, "Actual Loops": 1, "Plans": [{"Node Type": "Nested Loop", "Parent Relationship": "Outer", "Parallel Aware": false, "Join Type": "Inner", "Startup Cost": 67309.71, "Total Cost": 101048.05, "Plan Rows": 1, "Plan Width": 0, "Actual Startup Time": 329.317, "Actual Total Time": 451.973, "Actual Rows": 4, "Actual Loops": 1, "Inner Unique": true, "Plans": [{"Node Type": "Nested Loop", "Parent Relationship": "Outer", "Parallel Aware": false, "Join Type": "Inner", "Startup Cost": 67309.57, "Total Cost": 101047.86, "Plan Rows": 1, "Plan Width": 4, "Actual Startup Time": 329.314, "Actual Total Time": 451.954, "Actual Rows": 12, "Actual Loops": 1, "Inner Unique": true, "Plans": [{"Node Type": "Nested Loop", "Parent Relationship": "Outer", "Parallel Aware": false, "Join Type": "Inner", "Startup Cost": 67309.42, "Total Cost": 101047.69, "Plan Rows": 1, "Plan Width": 8, "Actual Startup Time": 329.307, "Actual Total Time": 451.931, "Actual Rows": 12, "Actual Loops": 1, "Inner Unique": true, "Plans": [{"Node Type": "Gather", "Parent Relationship": "Outer", "Parallel Aware": false, "Startup Cost": 67309.0, "Total Cost": 101047.24, "Plan Rows": 1, "Plan Width": 12, "Actual Startup Time": 329.295, "Actual Total Time": 451.885, "Actual Rows": 12, "Actual Loops": 1, "Workers Planned": 2, "Workers Launched": 2, "Single Copy": false, "Plans": [{"Node Type": "Hash Join", "Parent Relationship": "Outer", "Parallel Aware": true, "Join Type": "Inner", "Startup Cost": 66309.0, "Total Cost": 100047.14, "Plan Rows": 1, "Plan Width": 12, "Actual Startup Time": 385.362, "Actual Total Time": 444.215, "Actual Rows": 4, "Actual Loops": 3, "Inner Unique": false, "Hash Cond": "(mc2.movie_id = t2.id)", "Plans": [{"Node Type": "Seq Scan", "Parent Relationship": "Outer", "Parallel Aware": true, "Relation Name": "movie_companies", "Alias": "mc2", "Startup Cost": 0.0, "Total Cost": 29661.37, "Plan Rows": 1087137, "Plan Width": 8, "Actual Startup Time": 0.012, "Actual Total Time": 58.171, "Actual Rows": 869710, "Actual Loops": 3}, {"Node Type": "Hash", "Parent Relationship": "Inner", "Parallel Aware": true, "Startup Cost": 66308.99, "Total Cost": 66308.99, "Plan Rows": 1, "Plan Width": 20, "Actual Startup Time": 326.006, "Actual Total Time": 326.014, "Actual Rows": 1, "Actual Loops": 3, "Hash Buckets": 1024, "Original Hash Buckets": 1024, "Hash Batches": 1, "Original Hash Batches": 1, "Peak Memory Usage": 40, "Plans": [{"Node Type": "Nested Loop", "Parent Relationship": "Outer", "Parallel Aware": false, "Join Type": "Inner", "Startup Cost": 50467.36, "Total Cost": 66308.99, "Plan Rows": 1, "Plan Width": 20, "Actual Startup Time": 305.776, "Actual Total Time": 325.929, "Actual Rows": 1, "Actual Loops": 3, "Inner Unique": true, "Plans": [{"Node Type": "Nested Loop", "Parent Relationship": "Outer", "Parallel Aware": false, "Join Type": "Inner", "Startup Cost": 50467.22, "Total Cost": 66308.8, "Plan Rows": 1, "Plan Width": 24, "Actual Startup Time": 266.369, "Actual Total Time": 325.909, "Actual Rows": 12, "Actual Loops": 3, "Inner Unique": true, "Plans": [{"Node Type": "Nested Loop", "Parent Relationship": "Outer", "Parallel Aware": false, "Join Type": "Inner", "Startup Cost": 50467.07, "Total Cost": 66308.63, "Plan Rows": 1, "Plan Width": 28, "Actual Startup Time": 266.35, "Actual Total Time": 325.878, "Actual Rows": 12, "Actual Loops": 3, "Inner Unique": true, "Join Filter": "(ml.movie_id = t1.id)", "Rows Removed by Join Filter": 0, "Plans": [{"Node Type": "Hash Join", "Parent Relationship": "Outer", "Parallel Aware": true, "Join Type": "Inner", "Startup Cost": 50466.64, "Total Cost": 66308.1, "Plan Rows": 1, "Plan Width": 36, "Actual Startup Time": 266.324, "Actual Total Time": 325.834, "Actual Rows": 12, "Actual Loops": 3, "Inner Unique": false, "Hash Cond": "(mi_idx1.movie_id = ml.movie_id)", "Plans": [{"Node Type": "Seq Scan", "Parent Relationship": "Outer", "Parallel Aware": true, "Relation Name": "movie_info_idx", "Alias": "mi_idx1", "Startup Cost": 0.0, "Total Cost": 13685.15, "Plan Rows": 575015, "Plan Width": 8, "Actual Startup Time": 0.013, "Actual Total Time": 30.11, "Actual Rows": 460012, "Actual Loops": 3}, {"Node Type": "Hash", "Parent Relationship": "Inner", "Parallel Aware": true, "Startup Cost": 50466.62, "Total Cost": 50466.62, "Plan Rows": 1, "Plan Width": 28, "Actual Startup Time": 264.963, "Actual Total Time": 264.969, "Actual Rows": 4, "Actual Loops": 3, "Hash Buckets": 1024, "Original Hash Buckets": 1024, "Hash Batches": 1, "Original Hash Batches": 1, "Peak Memory Usage": 104, "Plans": [{"Node Type": "Nested Loop", "Parent Relationship": "Outer", "Parallel Aware": false, "Join Type": "Inner", "Startup Cost": 16725.77, "Total Cost": 50466.62, "Plan Rows": 1, "Plan Width": 28, "Actual Startup Time": 130.28, "Actual Total Time": 264.877, "Actual Rows": 4, "Actual Loops": 3, "Inner Unique": true, "Plans": [{"Node Type": "Hash Join", "Parent Relationship": "Outer", "Parallel Aware": true, "Join Type": "Inner", "Startup Cost": 16725.35, "Total Cost": 50463.5, "Plan Rows": 7, "Plan Width": 32, "Actual Startup Time": 129.036, "Actual Total Time": 264.425, "Actual Rows": 95, "Actual Loops": 3, "Inner Unique": false, "Hash Cond": "(mc1.movie_id = ml.movie_id)", "Plans": [{"Node Type": "Seq Scan", "Parent Relationship": "Outer", "Parallel Aware": true, "Relation Name": "movie_companies", "Alias": "mc1", "Startup Cost": 0.0, "Total Cost": 29661.37, "Plan Rows": 1087137, "Plan Width": 8, "Actual Startup Time": 0.012, "Actual Total Time": 68.234, "Actual Rows": 869710, "Actual Loops": 3}, {"Node Type": "Hash", "Parent Relationship": "Inner", "Parallel Aware": true, "Startup Cost": 16725.33, "Total Cost": 16725.33, "Plan Rows": 1, "Plan Width": 24, "Actual Startup Time": 128.953, "Actual Total Time": 128.957, "Actual Rows": 17, "Actual Loops": 3, "Hash Buckets": 1024, "Original Hash Buckets": 1024, "Hash Batches": 1, "Original Hash Batches": 1, "Peak Memory Usage": 104, "Plans": [{"Node Type": "Nested Loop", "Parent Relationship": "Outer", "Parallel Aware": false, "Join Type": "Inner", "Startup Cost": 562.02, "Total Cost": 16725.33, "Plan Rows": 1, "Plan Width": 24, "Actual Startup Time": 8.001, "Actual Total Time": 128.911, "Actual Rows": 17, "Actual Loops": 3, "Inner Unique": true, "Join Filter": "(ml.linked_movie_id = t2.id)", "Rows Removed by Join Filter": 0, "Plans": [{"Node Type": "Hash Join", "Parent Relationship": "Outer", "Parallel Aware": false, "Join Type": "Inner", "Startup Cost": 561.59, "Total Cost": 16706.89, "Plan Rows": 25, "Plan Width": 16, "Actual Startup Time": 5.909, "Actual Total Time": 125.145, "Actual Rows": 967, "Actual Loops": 3, "Inner Unique": false, "Hash Cond": "(mi_idx2.movie_id = ml.linked_movie_id)", "Plans": [{"Node Type": "Seq Scan", "Parent Relationship": "Outer", "Parallel Aware": true, "Relation Name": "movie_info_idx", "Alias": "mi_idx2", "Startup Cost": 0.0, "Total Cost": 15122.68, "Plan Rows": 272632, "Plan Width": 8, "Actual Startup Time": 0.018, "Actual Total Time": 97.926, "Actual Rows": 218320, "Actual Loops": 3, "Filter": "((info)::text < '3.0'::text)", "Rows Removed by Filter": 241691}, {"Node Type": "Hash", "Parent Relationship": "Inner", "Parallel Aware": false, "Startup Cost": 561.07, "Total Cost": 561.07, "Plan Rows": 42, "Plan Width": 8, "Actual Startup Time": 5.789, "Actual Total Time": 5.791, "Actual Rows": 2315, "Actual Loops": 3, "Hash Buckets": 4096, "Original Hash Buckets": 1024, "Hash Batches": 1, "Original Hash Batches": 1, "Peak Memory Usage": 123, "Plans": [{"Node Type": "Hash Join", "Parent Relationship": "Outer", "Parallel Aware": false, "Join Type": "Inner", "Startup Cost": 18.89, "Total Cost": 561.07, "Plan Rows": 42, "Plan Width": 8, "Actual Startup Time": 0.053, "Actual Total Time": 5.472, "Actual Rows": 2315, "Actual Loops": 3, "Inner Unique": true, "Hash Cond": "(ml.link_type_id = lt.id)", "Plans": [{"Node Type": "Seq Scan", "Parent Relationship": "Outer", "Parallel Aware": false, "Relation Name": "movie_link", "Alias": "ml", "Startup Cost": 0.0, "Total Cost": 462.97, "Plan Rows": 29997, "Plan Width": 12, "Actual Startup Time": 0.019, "Actual Total Time": 2.541, "Actual Rows": 29997, "Actual Loops": 3}, {"Node Type": "Hash", "Parent Relationship": "Inner", "Parallel Aware": false, "Startup Cost": 18.88, "Total Cost": 18.88, "Plan Rows": 1, "Plan Width": 4, "Actual Startup Time": 0.017, "Actual Total Time": 0.018, "Actual Rows": 2, "Actual Loops": 3, "Hash Buckets": 1024, "Original Hash Buckets": 1024, "Hash Batches": 1, "Original Hash Batches": 1, "Peak Memory Usage": 9, "Plans": [{"Node Type": "Seq Scan", "Parent Relationship": "Outer", "Parallel Aware": false, "Relation Name": "link_type", "Alias": "lt", "Startup Cost": 0.0, "Total Cost": 18.88, "Plan Rows": 1, "Plan Width": 4, "Actual Startup Time": 0.011, "Actual Total Time": 0.014, "Actual Rows": 2, "Actual Loops": 3, "Filter": "((link)::text ~~ '%follow%'::text)", "Rows Removed by Filter": 16}]}]}]}]}, {"Node Type": "Index Scan", "Parent Relationship": "Inner", "Parallel Aware": false, "Scan Direction": "Forward", "Index Name": "title_pkey", "Relation Name": "title", "Alias": "t2", "Startup Cost": 0.43, "Total Cost": 0.73, "Plan Rows": 1, "Plan Width": 8, "Actual Startup Time": 0.004, "Actual Total Time": 0.004, "Actual Rows": 0, "Actual Loops": 2902, "Index Cond": "(id = mi_idx2.movie_id)", "Rows Removed by Index Recheck": 0, "Filter": "(production_year = 2007)", "Rows Removed by Filter": 1}]}]}]}, {"Node Type": "Index Scan", "Parent Relationship": "Inner", "Parallel Aware": false, "Scan Direction": "Forward", "Index Name": "company_name_pkey", "Relation Name": "company_name", "Alias": "cn1", "Startup Cost": 0.42, "Total Cost": 0.45, "Plan Rows": 1, "Plan Width": 4, "Actual Startup Time": 0.004, "Actual Total Time": 0.004, "Actual Rows": 0, "Actual Loops": 284, "Index Cond": "(id = mc1.company_id)", "Rows Removed by Index Recheck": 0, "Filter": "((country_code)::text = '[nl]'::text)", "Rows Removed by Filter": 1}]}]}]}, {"Node Type": "Index Scan", "Parent Relationship": "Inner", "Parallel Aware": false, "Scan Direction": "Forward", "Index Name": "title_pkey", "Relation Name": "title", "Alias": "t1", "Startup Cost": 0.43, "Total Cost": 0.52, "Plan Rows": 1, "Plan Width": 8, "Actual Startup Time": 0.003, "Actual Total Time": 0.003, "Actual Rows": 1, "Actual Loops": 36, "Index Cond": "(id = mc1.movie_id)", "Rows Removed by Index Recheck": 0}]}, {"Node Type": "Index Scan", "Parent Relationship": "Inner", "Parallel Aware": false, "Scan Direction": "Forward", "Index Name": "kind_type_pkey", "Relation Name": "kind_type", "Alias": "kt1", "Startup Cost": 0.15, "Total Cost": 0.17, "Plan Rows": 1, "Plan Width": 4, "Actual Startup Time": 0.002, "Actual Total Time": 0.002, "Actual Rows": 1, "Actual Loops": 36, "Index Cond": "(id = t1.kind_id)", "Rows Removed by Index Recheck": 0, "Filter": "((kind)::text = 'tv series'::text)", "Rows Removed by Filter": 0}]}, {"Node Type": "Index Scan", "Parent Relationship": "Inner", "Parallel Aware": false, "Scan Direction": "Forward", "Index Name": "info_type_pkey", "Relation Name": "info_type", "Alias": "it2", "Startup Cost": 0.14, "Total Cost": 0.16, "Plan Rows": 1, "Plan Width": 4, "Actual Startup Time": 0.001, "Actual Total Time": 0.001, "Actual Rows": 0, "Actual Loops": 36, "Index Cond": "(id = mi_idx2.info_type_id)", "Rows Removed by Index Recheck": 0, "Filter": "((info)::text = 'rating'::text)", "Rows Removed by Filter": 1}]}]}]}]}, {"Node Type": "Index Only Scan", "Parent Relationship": "Inner", "Parallel Aware": false, "Scan Direction": "Forward", "Index Name": "company_name_pkey", "Relation Name": "company_name", "Alias": "cn2", "Startup Cost": 0.42, "Total Cost": 0.44, "Plan Rows": 1, "Plan Width": 4, "Actual Startup Time": 0.003, "Actual Total Time": 0.003, "Actual Rows": 1, "Actual Loops": 12, "Index Cond": "(id = mc2.company_id)", "Rows Removed by Index Recheck": 0, "Heap Fetches": 12}]}, {"Node Type": "Index Scan", "Parent Relationship": "Inner", "Parallel Aware": false, "Scan Direction": "Forward", "Index Name": "kind_type_pkey", "Relation Name": "kind_type", "Alias": "kt2", "Startup Cost": 0.15, "Total Cost": 0.17, "Plan Rows": 1, "Plan Width": 4, "Actual Startup Time": 0.001, "Actual Total Time": 0.001, "Actual Rows": 1, "Actual Loops": 12, "Index Cond": "(id = t2.kind_id)", "Rows Removed by Index Recheck": 0, "Filter": "((kind)::text = 'tv series'::text)", "Rows Removed by Filter": 0}]}, {"Node Type": "Index Scan", "Parent Relationship": "Inner", "Parallel Aware": false, "Scan Direction": "Forward", "Index Name": "info_type_pkey", "Relation Name": "info_type", "Alias": "it1", "Startup Cost": 0.14, "Total Cost": 0.16, "Plan Rows": 1, "Plan Width": 4, "Actual Startup Time": 0.001, "Actual Total Time": 0.001, "Actual Rows": 0, "Actual Loops": 12, "Index Cond": "(id = mi_idx1.info_type_id)", "Rows Removed by Index Recheck": 0, "Filter": "((info)::text = 'rating'::text)", "Rows Removed by Filter": 1}]}]}, "Planning Time": 268.719, "Triggers": [], "Execution Time": 452.118}]
[{"Bao": {"Bao prediction": 1417.443, "Bao recommended hint": "(no hint)"}}, {"Plan": {"Node Type": "Aggregate", "Strategy": "Plain", "Partial Mode": "Finalize", "Parallel Aware": false, "Startup Cost": 755980.19, "Total Cost": 755980.2, "Plan Rows": 1, "Plan Width": 8, "Actual Startup Time": 2070.058, "Actual Total Time": 2113.424, "Actual Rows": 1, "Actual Loops": 1, "Plans": [{"Node Type": "Gather", "Parent Relationship": "Outer", "Parallel Aware": false, "Startup Cost": 755979.98, "Total Cost": 755980.19, "Plan Rows": 2, "Plan Width": 8, "Actual Startup Time": 2069.903, "Actual Total Time": 2113.413, "Actual Rows": 3, "Actual Loops": 1, "Workers Planned": 2, "Workers Launched": 2, "Single Copy": false, "Plans": [{"Node Type": "Aggregate", "Strategy": "Plain", "Partial Mode": "Partial", "Parent Relationship": "Outer", "Parallel Aware": false, "Startup Cost": 754979.98, "Total Cost": 754979.99, "Plan Rows": 1, "Plan Width": 8, "Actual Startup Time": 2067.477, "Actual Total Time": 2067.486, "Actual Rows": 1, "Actual Loops": 3, "Plans": [{"Node Type": "Nested Loop", "Parent Relationship": "Outer", "Parallel Aware": false, "Join Type": "Inner", "Startup Cost": 255058.45, "Total Cost": 754979.98, "Plan Rows": 1, "Plan Width": 0, "Actual Startup Time": 1540.756, "Actual Total Time": 2067.48, "Actual Rows": 4, "Actual Loops": 3, "Inner Unique": true, "Join Filter": "(mi.movie_id = t.id)", "Rows Removed by Join Filter": 0, "Plans": [{"Node Type": "Nested Loop", "Parent Relationship": "Outer", "Parallel Aware": false, "Join Type": "Inner", "Startup Cost": 255058.02, "Total Cost": 754979.37, "Plan Rows": 1, "Plan Width": 12, "Actual Startup Time": 1533.395, "Actual Total Time": 2067.388, "Actual Rows": 5, "Actual Loops": 3, "Inner Unique": true, "Plans": [{"Node Type": "Hash Join", "Parent Relationship": "Outer", "Parallel Aware": true, "Join Type": "Inner", "Startup Cost": 255057.59, "Total Cost": 754978.62, "Plan Rows": 1, "Plan Width": 16, "Actual Startup Time": 1519.243, "Actual Total Time": 2066.124, "Actual Rows": 137, "Actual Loops": 3, "Inner Unique": false, "Hash Cond": "(ci.movie_id = mi.movie_id)", "Plans": [{"Node Type": "Seq Scan", "Parent Relationship": "Outer", "Parallel Aware": true, "Relation Name": "cast_info", "Alias": "ci", "Startup Cost": 0.0, "Total Cost": 497985.06, "Plan Rows": 516258, "Plan Width": 8, "Actual Startup Time": 91.331, "Actual Total Time": 1361.49, "Actual Rows": 414905, "Actual Loops": 3, "Filter": "((note)::text = ANY ('{(writer),\"(head writer)\",\"(written by)\",(story),\"(story editor)\"}'::text[]))", "Rows Removed by Filter": 11666543}, {"Node Type": "Hash", "Parent Relationship": "Inner", "Parallel Aware": true, "Startup Cost": 255057.57, "Total Cost": 255057.57, "Plan Rows": 1, "Plan Width": 8, "Actual Startup Time": 674.57, "Actual Total Time": 674.574, "Actual Rows": 244, "Actual Loops": 3, "Hash Buckets": 1024, "Original Hash Buckets": 1024, "Hash Batches": 1, "Original Hash Batches": 1, "Peak Memory Usage": 104, "Plans": [{"Node Type": "Hash Join", "Parent Relationship": "Outer", "Parallel Aware": true, "Join Type": "Inner", "Startup Cost": 15185.74, "Total Cost": 255057.57, "Plan Rows": 1, "Plan Width": 8, "Actual Startup Time": 598.386, "Actual Total Time": 674.212, "Actual Rows": 244, "Actual Loops": 3, "Inner Unique": false, "Hash Cond": "(mi.movie_id = mi_idx.movie_id)", "Plans": [{"Node Type": "Hash Join", "Parent Relationship": "Outer", "Parallel Aware": false, "Join Type": "Inner", "Startup Cost": 2.43, "Total Cost": 239873.33, "Plan Rows": 244, "Plan Width": 4, "Actual Startup Time": 523.784, "Actual Total Time": 596.659, "Actual Rows": 24086, "Actual Loops": 3, "Inner Unique": true, "Hash Cond": "(mi.info_type_id = it1.id)", "Plans": [{"Node Type": "Seq Scan", "Parent Relationship": "Outer", "Parallel Aware": true, "Relation Name": "movie_info", "Alias": "mi", "Startup Cost": 0.0, "Total Cost": 239795.93, "Plan Rows": 27527, "Plan Width": 8, "Actual Startup Time": 370.502, "Actual Total Time": 593.47, "Actual Rows": 24349, "Actual Loops": 3, "Filter": "((note IS NULL) AND ((info)::text = ANY ('{Horror,Thriller}'::text[])))", "Rows Removed by Filter": 4920891}, {"Node Type": "Hash", "Parent Relationship": "Inner", "Parallel Aware": false, "Startup Cost": 2.41, "Total Cost": 2.41, "Plan Rows": 1, "Plan Width": 4, "Actual Startup Time": 0.016, "Actual Total Time": 0.017, "Actual Rows": 1, "Actual Loops": 3, "Hash Buckets": 1024, "Original Hash Buckets": 1024, "Hash Batches": 1, "Original Hash Batches": 1, "Peak Memory Usage": 9, "Plans": [{"Node Type": "Seq Scan", "Parent Relationship": "Outer", "Parallel Aware": false, "Relation Name": "info_type", "Alias": "it1", "Startup Cost": 0.0, "Total Cost": 2.41, "Plan Rows": 1, "Plan Width": 4, "Actual Startup Time": 0.008, "Actual Total Time": 0.014, "Actual Rows": 1, "Actual Loops": 3, "Filter": "((info)::text = 'genres'::text)", "Rows Removed by Filter": 112}]}]}, {"Node Type": "Hash", "Parent Relationship": "Inner", "Parallel Aware": true, "Startup Cost": 15181.04, "Total Cost": 15181.04, "Plan Rows": 182, "Plan Width": 4, "Actual Startup Time": 74.36, "Actual Total Time": 74.362, "Actual Rows": 5283, "Actual Loops": 3, "Hash Buckets": 16384, "Original Hash Buckets": 1024, "Hash Batches": 1, "Original Hash Batches": 1, "Peak Memory Usage": 952, "Plans": [{"Node Type": "Hash Join", "Parent Relationship": "Outer", "Parallel Aware": false, "Join Type": "Inner", "Startup Cost": 2.43, "Total Cost": 15181.04, "Plan Rows": 182, "Plan Width": 4, "Actual Startup Time": 0.096, "Actual Total Time": 64.708, "Actual Rows": 5283, "Actual Loops": 3, "Inner Unique": true, "Hash Cond": "(mi_idx.info_type_id = it2.id)", "Plans": [{"Node Type": "Seq Scan", "Parent Relationship": "Outer", "Parallel Aware": true, "Relation Name": "movie_info_idx", "Alias": "mi_idx", "Startup Cost": 0.0, "Total Cost": 15122.68, "Plan Rows": 20538, "Plan Width": 8, "Actual Startup Time": 0.043, "Actual Total Time": 63.223, "Actual Rows": 17883, "Actual Loops": 3, "Filter": "((info)::text > '8.0'::text)", "Rows Removed by Filter": 442129}, {"Node Type": "Hash", "Parent Relationship": "Inner", "Parallel Aware": false, "Startup Cost": 2.41, "Total Cost": 2.41, "Plan Rows": 1, "Plan Width": 4, "Actual Startup Time": 0.023, "Actual Total Time": 0.023, "Actual Rows": 1, "Actual Loops": 3, "Hash Buckets": 1024, "Original Hash Buckets": 1024, "Hash Batches": 1, "Original Hash Batches": 1, "Peak Memory Usage": 9, "Plans": [{"Node Type": "Seq Scan", "Parent Relationship": "Outer", "Parallel Aware": false, "Relation Name": "info_type", "Alias": "it2", "Startup Cost": 0.0, "Total Cost": 2.41, "Plan Rows": 1, "Plan Width": 4, "Actual Startup Time": 0.019, "Actual Total Time": 0.02, "Actual Rows": 1, "Actual Loops": 3, "Filter": "((info)::text = 'rating'::text)", "Rows Removed by Filter": 112}]}]}]}]}]}]}, {"Node Type": "Index Scan", "Parent Relationship": "Inner", "Parallel Aware": false, "Scan Direction": "Forward", "Index Name": "name_pkey", "Relation Name": "name", "Alias": "n", "Startup Cost": 0.43, "Total Cost": 0.75, "Plan Rows": 1, "Plan Width": 4, "Actual Startup Time": 0.009, "Actual Total Time": 0.009, "Actual Rows": 0, "Actual Loops": 412, "Index Cond": "(id = ci.person_id)", "Rows Removed by Index Recheck": 0, "Filter": "((gender IS NOT NULL) AND ((gender)::text = 'f'::text))", "Rows Removed by Filter": 1}]}, {"Node Type": "Index Scan", "Parent Relationship": "Inner", "Parallel Aware": false, "Scan Direction": "Forward", "Index Name": "title_pkey", "Relation Name": "title", "Alias": "t", "Startup Cost": 0.43, "Total Cost": 0.6, "Plan Rows": 1, "Plan Width": 4, "Actual Startup Time": 0.016, "Actual Total Time": 0.016, "Actual Rows": 1, "Actual Loops": 16, "Index Cond": "(id = ci.movie_id)", "Rows Removed by Index Recheck": 0, "Filter": "((production_year >= 2008) AND (production_year <= 2014))", "Rows Removed by Filter": 0}]}]}]}]}, "Planning Time": 80.844, "Triggers": [], "Execution Time": 2113.505}]
[{"Bao": {"Bao prediction": 1166.884, "Bao recommended hint": "SET enable_mergejoin TO off; SET enable_indexscan TO off; "}}, {"Plan": {"Node Type": "Aggregate", "Strategy": "Plain", "Partial Mode": "Finalize", "Parallel Aware": false, "Startup Cost": 339282.06, "Total Cost": 339282.07, "Plan Rows": 1, "Plan Width": 8, "Actual Startup Time": 1354.625, "Actual Total Time": 1376.941, "Actual Rows": 1, "Actual Loops": 1, "Plans": [{"Node Type": "Gather", "Parent Relationship": "Outer", "Parallel Aware": false, "Startup Cost": 339281.84, "Total Cost": 339282.05, "Plan Rows": 2, "Plan Width": 8, "Actual Startup Time": 1354.468, "Actual Total Time": 1376.936, "Actual Rows": 3, "Actual Loops": 1, "Workers Planned": 2, "Workers Launched": 2, "Single Copy": false, "Plans": [{"Node Type": "Aggregate", "Strategy": "Plain", "Partial Mode": "Partial", "Parent Relationship": "Outer", "Parallel Aware": false, "Startup Cost": 338281.84, "Total Cost": 338281.85, "Plan Rows": 1, "Plan Width": 8, "Actual Startup Time": 1352.312, "Actual Total Time": 1352.316, "Actual Rows": 1, "Actual Loops": 3, "Plans": [{"Node Type": "Nested Loop", "Parent Relationship": "Outer", "Parallel Aware": false, "Join Type": "Inner", "Startup Cost": 50880.92, "Total Cost": 338281.77, "Plan Rows": 28, "Plan Width": 0, "Actual Startup Time": 298.043, "Actual Total Time": 1352.301, "Actual Rows": 69, "Actual Loops": 3, "Inner Unique": true, "Join Filter": "(mi.movie_id = t.id)", "Rows Removed by Join Filter": 0, "Plans": [{"Node Type": "Hash Join", "Parent Relationship": "Outer", "Parallel Aware": true, "Join Type": "Inner", "Startup Cost": 50880.48, "Total Cost": 337968.65, "Plan Rows": 70, "Plan Width": 8, "Actual Startup Time": 283.168, "Actual Total Time": 1349.858, "Actual Rows": 589, "Actual Loops": 3, "Inner Unique": false, "Hash Cond": "(mi.movie_id = mk.movie_id)", "Plans": [{"Node Type": "Seq Scan", "Parent Relationship": "Outer", "Parallel Aware": true, "Relation Name": "movie_info", "Alias": "mi", "Startup Cost": 0.0, "Total Cost": 286477.69, "Plan Rows": 61019, "Plan Width": 4, "Actual Startup Time": 0.507, "Actual Total Time": 1063.132, "Actual Rows": 51299, "Actual Loops": 3, "Filter": "((info)::text = ANY ('{Sweden,Norway,Germany,Denmark,Swedish,Denish,Norwegian,German}'::text[]))", "Rows Removed by Filter": 4893941}, {"Node Type": "Hash", "Parent Relationship": "Inner", "Parallel Aware": true, "Startup Cost": 50878.2, "Total Cost": 50878.2, "Plan Rows": 182, "Plan Width": 4, "Actual Startup Time": 280.496, "Actual Total Time": 280.498, "Actual Rows": 4317, "Actual Loops": 3, "Hash Buckets": 16384, "Original Hash Buckets": 1024, "Hash Batches": 1, "Original Hash Batches": 1, "Peak Memory Usage": 760, "Plans": [{"Node Type": "Hash Join", "Parent Relationship": "Outer", "Parallel Aware": false, "Join Type": "Inner", "Startup Cost": 2626.29, "Total Cost": 50878.2, "Plan Rows": 182, "Plan Width": 4, "Actual Startup Time": 19.251, "Actual Total Time": 228.865, "Actual Rows": 4317, "Actual Loops": 3, "Inner Unique": true, "Hash Cond": "(mk.keyword_id = k.id)", "Plans": [{"Node Type": "Seq Scan", "Parent Relationship": "Outer", "Parallel Aware": true, "Relation Name": "movie_keyword", "Alias": "mk", "Startup Cost": 0.0, "Total Cost": 43303.71, "Plan Rows": 1884971, "Plan Width": 8, "Actual Startup Time": 0.01, "Actual Total Time": 104.421, "Actual Rows": 1507977, "Actual Loops": 3}, {"Node Type": "Hash", "Parent Relationship": "Inner", "Parallel Aware": false, "Startup Cost": 2626.12, "Total Cost": 2626.12, "Plan Rows": 13, "Plan Width": 4, "Actual Startup Time": 19.077, "Actual Total Time": 19.077, "Actual Rows": 30, "Actual Loops": 3, "Hash Buckets": 1024, "Original Hash Buckets": 1024, "Hash Batches": 1, "Original Hash Batches": 1, "Peak Memory Usage": 10, "Plans": [{"Node Type": "Seq Scan", "Parent Relationship": "Outer", "Parallel Aware": false, "Relation Name": "keyword", "Alias": "k", "Startup Cost": 0.0, "Total Cost": 2626.12, "Plan Rows": 13, "Plan Width": 4, "Actual Startup Time": 1.142, "Actual Total Time": 19.066, "Actual Rows": 30, "Actual Loops": 3, "Filter": "((keyword)::text ~~ '%sequel%'::text)", "Rows Removed by Filter": 134140}]}]}]}]}, {"Node Type": "Bitmap Heap Scan", "Parent Relationship": "Inner", "Parallel Aware": false, "Relation Name": "title", "Alias": "t", "Startup Cost": 0.45, "Total Cost": 4.46, "Plan Rows": 1, "Plan Width": 4, "Actual Startup Time": 0.003, "Actual Total Time": 0.003, "Actual Rows": 0, "Actual Loops": 1766, "Recheck Cond": "(id = mk.movie_id)", "Rows Removed by Index Recheck": 0, "Filter": "(production_year > 2005)", "Rows Removed by Filter": 1, "Exact Heap Blocks": 589, "Lossy Heap Blocks": 0, "Plans": [{"Node Type": "Bitmap Index Scan", "Parent Relationship": "Outer", "Parallel Aware": false, "Index Name": "title_pkey", "Startup Cost": 0.0, "Total Cost": 0.45, "Plan Rows": 1, "Plan Width": 0, "Actual Startup Time": 0.002, "Actual Total Time": 0.002, "Actual Rows": 1, "Actual Loops": 1766, "Index Cond": "(id = mk.movie_id)"}]}]}]}]}]}, "Planning Time": 77.165, "Triggers": [], "Execution Time": 1377.004}]
[{"Bao": {"Bao prediction": 1278.322, "Bao recommended hint": "SET enable_nestloop TO off; "}}, {"Plan": {"Node Type": "Aggregate", "Strategy": "Plain", "Partial Mode": "Finalize", "Parallel Aware": false, "Startup Cost": 427400.49, "Total Cost": 427400.5, "Plan Rows": 1, "Plan Width": 8, "Actual Startup Time": 1643.291, "Actual Total Time": 1671.613, "Actual Rows": 1, "Actual Loops": 1, "Plans": [{"Node Type": "Gather", "Parent Relationship": "Outer", "Parallel Aware": false, "Startup Cost": 427400.27, "Total Cost": 427400.48, "Plan Rows": 2, "Plan Width": 8, "Actual Startup Time": 1643.176, "Actual Total Time": 1671.607, "Actual Rows": 3, "Actual Loops": 1, "Workers Planned": 2, "Workers Launched": 2, "Single Copy": false, "Plans": [{"Node Type": "Aggregate", "Strategy": "Plain", "Partial Mode": "Partial", "Parent Relationship": "Outer", "Parallel Aware": false, "Startup Cost": 426400.27, "Total Cost": 426400.28, "Plan Rows": 1, "Plan Width": 8, "Actual Startup Time": 1640.975, "Actual Total Time": 1640.983, "Actual Rows": 1, "Actual Loops": 3, "Plans": [{"Node Type": "Hash Join", "Parent Relationship": "Outer", "Parallel Aware": false, "Join Type": "Inner", "Startup Cost": 410842.65, "Total Cost": 426400.27, "Plan Rows": 1, "Plan Width": 0, "Actual Startup Time": 1634.152, "Actual Total Time": 1640.979, "Actual Rows": 0, "Actual Loops": 3, "Inner Unique": true, "Hash Cond": "(t.kind_id = kt.id)", "Plans": [{"Node Type": "Hash Join", "Parent Relationship": "Outer", "Parallel Aware": true, "Join Type": "Inner", "Startup Cost": 410819.83, "Total Cost": 426377.45, "Plan Rows": 1, "Plan Width": 4, "Actual Startup Time": 1612.403, "Actual Total Time": 1640.852, "Actual Rows": 1, "Actual Loops": 3, "Inner Unique": false, "Hash Cond": "(mi_idx.movie_id = t.id)", "Plans": [{"Node Type": "Hash Join", "Parent Relationship": "Outer", "Parallel Aware": false, "Join Type": "Inner", "Startup Cost": 2.43, "Total Cost": 15554.8, "Plan Rows": 1396, "Plan Width": 4, "Actual Startup Time": 0.077, "Actual Total Time": 82.075, "Actual Rows": 86616, "Actual Loops": 3, "Inner Unique": true, "Hash Cond": "(mi_idx.info_type_id = it2.id)", "Plans": [{"Node Type": "Seq Scan", "Parent Relationship": "Outer", "Parallel Aware": true, "Relation Name": "movie_info_idx", "Alias": "mi_idx", "Startup Cost": 0.0, "Total Cost": 15122.68, "Plan Rows": 157776, "Plan Width": 8, "Actual Startup Time": 0.035, "Actual Total Time": 68.818, "Actual Rows": 125612, "Actual Loops": 3, "Filter": "((info)::text > '6.0'::text)", "Rows Removed by Filter": 334399}, {"Node Type": "Hash", "Parent Relationship": "Inner", "Parallel Aware": false, "Startup Cost": 2.41, "Total Cost": 2.41, "Plan Rows": 1, "Plan Width": 4, "Actual Startup Time": 0.019, "Actual Total Time": 0.02, "Actual Rows": 1, "Actual Loops": 3, "Hash Buckets": 1024, "Original Hash Buckets": 1024, "Hash Batches": 1, "Original Hash Batches": 1, "Peak Memory Usage": 9, "Plans": [{"Node Type": "Seq Scan", "Parent Relationship": "Outer", "Parallel Aware": false, "Relation Name": "info_type", "Alias": "it2", "Startup Cost": 0.0, "Total Cost": 2.41, "Plan Rows": 1, "Plan Width": 4, "Actual Startup Time": 0.016, "Actual Total Time": 0.017, "Actual Rows": 1, "Actual Loops": 3, "Filter": "((info)::text = 'rating'::text)", "Rows Removed by Filter": 112}]}]}, {"Node Type": "Hash", "Parent Relationship": "Inner", "Parallel Aware": true, "Startup Cost": 410817.4, "Total Cost": 410817.4, "Plan Rows": 1, "Plan Width": 16, "Actual Startup Time": 1553.572, "Actual Total Time": 1553.577, "Actual Rows": 3, "Actual Loops": 3, "Hash Buckets": 1024, "Original Hash Buckets": 1024, "Hash Batches": 1, "Original Hash Batches": 1, "Peak Memory Usage": 104, "Plans": [{"Node Type": "Hash Join", "Parent Relationship": "Outer", "Parallel Aware": true, "Join Type": "Inner", "Startup Cost": 362565.37, "Total Cost": 410817.4, "Plan Rows": 1, "Plan Width": 16, "Actual Startup Time": 1447.439, "Actual Total Time": 1553.523, "Actual Rows": 3, "Actual Loops": 3, "Inner Unique": false, "Hash Cond": "(mk.movie_id = t.id)", "Plans": [{"Node Type": "Hash Join", "Parent Relationship": "Outer", "Parallel Aware": false, "Join Type": "Inner", "Startup Cost": 2626.15, "Total Cost": 50878.06, "Plan Rows": 28, "Plan Width": 4, "Actual Startup Time": 13.828, "Actual Total Time": 221.292, "Actual Rows": 6509, "Actual Loops": 3, "Inner Unique": true, "Hash Cond": "(mk.keyword_id = k.id)", "Plans": [{"Node Type": "Seq Scan", "Parent Relationship": "Outer", "Parallel Aware": true, "Relation Name": "movie_keyword", "Alias": "mk", "Startup Cost": 0.0, "Total Cost": 43303.71, "Plan Rows": 1884971, "Plan Width": 8, "Actual Startup Time": 0.014, "Actual Total Time": 101.074, "Actual Rows": 1507977, "Actual Loops": 3}, {"Node Type": "Hash", "Parent Relationship": "Inner", "Parallel Aware": false, "Startup Cost": 2626.12, "Total Cost": 2626.12, "Plan Rows": 2, "Plan Width": 4, "Actual Startup Time": 13.711, "Actual Total Time": 13.712, "Actual Rows": 1, "Actual Loops": 3, "Hash Buckets": 1024, "Original Hash Buckets": 1024, "Hash Batches": 1, "Original Hash Batches": 1, "Peak Memory Usage": 9, "Plans": [{"Node Type": "Seq Scan", "Parent Relationship": "Outer", "Parallel Aware": false, "Relation Name": "keyword", "Alias": "k", "Startup Cost": 0.0, "Total Cost": 2626.12, "Plan Rows": 2, "Plan Width": 4, "Actual Startup Time": 0.814, "Actual Total Time": 13.708, "Actual Rows": 1, "Actual Loops": 3, "Filter": "((keyword)::text = ANY ('{murder,murder-in-title}'::text[]))", "Rows Removed by Filter": 134169}]}]}, {"Node Type": "Hash", "Parent Relationship": "Inner", "Parallel Aware": true, "Startup Cost": 359939.2, "Total Cost": 359939.2, "Plan Rows": 1, "Plan Width": 12, "Actual Startup Time": 1331.647, "Actual Total Time": 1331.65, "Actual Rows": 41, "Actual Loops": 3, "Hash Buckets": 1024, "Original Hash Buckets": 1024, "Hash Batches": 1, "Original Hash Batches": 1, "Peak Memory Usage": 104, "Plans": [{"Node Type": "Hash Join", "Parent Relationship": "Outer", "Parallel Aware": false, "Join Type": "Inner", "Startup Cost": 57070.95, "Total Cost": 359939.2, "Plan Rows": 1, "Plan Width": 12, "Actual Startup Time": 1068.932, "Actual Total Time": 1331.545, "Actual Rows": 41, "Actual Loops": 3, "Inner Unique": true, "Hash Cond": "(mi.info_type_id = it1.id)", "Plans": [{"Node Type": "Hash Join", "Parent Relationship": "Outer", "Parallel Aware": true, "Join Type": "Inner", "Startup Cost": 57068.53, "Total Cost": 359936.74, "Plan Rows": 14, "Plan Width": 16, "Actual Startup Time": 129.931, "Actual Total Time": 1331.483, "Actual Rows": 49, "Actual Loops": 3, "Inner Unique": true, "Hash Cond": "(mi.movie_id = t.id)", "Plans": [{"Node Type": "Seq Scan", "Parent Relationship": "Outer", "Parallel Aware": true, "Relation Name": "movie_info", "Alias": "mi", "Startup Cost": 0.0, "Total Cost": 302038.28, "Plan Rows": 316166, "Plan Width": 8, "Actual Startup Time": 0.553, "Actual Total Time": 1205.481, "Actual Rows": 235558, "Actual Loops": 3, "Filter": "((info)::text = ANY ('{Sweden,Norway,Germany,Denmark,Swedish,Denish,Norwegian,German,USA,American}'::text[]))", "Rows Removed by Filter": 4709682}, {"Node Type": "Hash", "Parent Relationship": "Inner", "Parallel Aware": true, "Startup Cost": 57067.97, "Total Cost": 57067.97, "Plan Rows": 45, "Plan Width": 8, "Actual Startup Time": 110.389, "Actual Total Time": 110.389, "Actual Rows": 152, "Actual Loops": 3, "Hash Buckets": 1024, "Original Hash Buckets": 1024, "Hash Batches": 1, "Original Hash Batches": 1, "Peak Memory Usage": 104, "Plans": [{"Node Type": "Seq Scan", "Parent Relationship": "Outer", "Parallel Aware": true, "Relation Name": "title", "Alias": "t", "Startup Cost": 0.0, "Total Cost": 57067.97, "Plan Rows": 45, "Plan Width": 8, "Actual Startup Time": 1.194, "Actual Total Time": 110.312, "Actual Rows": 152, "Actual Loops": 3, "Filter": "((production_year > 2010) AND (((title)::text ~~ '%murder%'::text) OR ((title)::text ~~ '%Murder%'::text) OR ((title)::text ~~ '%Mord%'::text)))", "Rows Removed by Filter": 842619}]}]}, {"Node Type": "Hash", "Parent Relationship": "Inner", "Parallel Aware": false, "Startup Cost": 2.41, "Total Cost": 2.41, "Plan Rows": 1, "Plan Width": 4, "Actual Startup Time": 0.022, "Actual Total Time": 0.022, "Actual Rows": 1, "Actual Loops": 3, "Hash Buckets": 1024, "Original Hash Buckets": 1024, "Hash Batches": 1, "Original Hash Batches": 1, "Peak Memory Usage": 9, "Plans": [{"Node Type": "Seq Scan", "Parent Relationship": "Outer", "Parallel Aware": false, "Relation Name": "info_type", "Alias": "it1", "Startup Cost": 0.0, "Total Cost": 2.41, "Plan Rows": 1, "Plan Width": 4, "Actual Startup Time": 0.013, "Actual Total Time": 0.02, "Actual Rows": 1, "Actual Loops": 3, "Filter": "((info)::text = 'countries'::text)", "Rows Removed by Filter": 112}]}]}]}]}]}]}, {"Node Type": "Hash", "Parent Relationship": "Inner", "Parallel Aware": false, "Startup Cost": 22.75, "Total Cost": 22.75, "Plan Rows": 5, "Plan Width": 4, "Actual Startup Time": 0.025, "Actual Total Time": 0.026, "Actual Rows": 1, "Actual Loops": 3, "Hash Buckets": 1024, "Original Hash Buckets": 1024, "Hash Batches": 1, "Original Hash Batches": 1, "Peak Memory Usage": 9, "Plans": [{"Node Type": "Seq Scan", "Parent Relationship": "Outer", "Parallel Aware": false, "Relation Name": "kind_type", "Alias": "kt", "Startup Cost": 0.0, "Total Cost": 22.75, "Plan Rows": 5, "Plan Width": 4, "Actual Startup Time": 0.02, "Actual Total Time": 0.021, "Actual Rows": 1, "Actual Loops": 3, "Filter": "((kind)::text = 'movie'::text)", "Rows Removed by Filter": 6}]}]}]}]}]}, "Planning Time": 84.914, "Triggers": [], "Execution Time": 1671.703}]
[{"Bao": {"Bao prediction": 1483.105, "Bao recommended hint": "(no hint)"}}, {"Plan": {"Node Type": "Aggregate", "Strategy": "Plain", "Partial Mode": "Simple", "Parallel Aware": false, "Startup Cost": 512172.34, "Total Cost": 512172.35, "Plan Rows": 1, "Plan Width": 8, "Actual Startup Time": 1915.668, "Actual Total Time": 1946.62, "Actual Rows": 1, "Actual Loops": 1, "Plans": [{"Node Type": "Gather", "Parent Relationship": "Outer", "Parallel Aware": false, "Startup Cost": 51885.36, "Total Cost": 512172.33, "Plan Rows": 1, "Plan Width": 0, "Actual Startup Time": 373.201, "Actual Total Time": 1946.613, "Actual Rows": 6, "Actual Loops": 1, "Workers Planned": 2, "Workers Launched": 2, "Single Copy": false, "Plans": [{"Node Type": "Nested Loop", "Parent Relationship": "Outer", "Parallel Aware": false, "Join Type": "Inner", "Startup Cost": 50885.36, "Total Cost": 511172.23, "Plan Rows": 1, "Plan Width": 0, "Actual Startup Time": 1399.438, "Actual Total Time": 1913.548, "Actual Rows": 2, "Actual Loops": 3, "Inner Unique": true, "Plans": [{"Node Type": "Hash Join", "Parent Relationship": "Outer", "Parallel Aware": true, "Join Type": "Inner", "Startup Cost": 50884.93, "Total Cost": 511131.95, "Plan Rows": 88, "Plan Width": 4, "Actual Startup Time": 237.977, "Actual Total Time": 1909.995, "Actual Rows": 408, "Actual Loops": 3, "Inner Unique": false, "Hash Cond": "(ci.movie_id = t.id)", "Plans": [{"Node Type": "Seq Scan", "Parent Relationship": "Outer", "Parallel Aware": true, "Relation Name": "cast_info", "Alias": "ci", "Startup Cost": 0.0, "Total Cost": 403639.65, "Plan Rows": 15095265, "Plan Width": 8, "Actual Startup Time": 0.026, "Actual Total Time": 835.275, "Actual Rows": 12081448, "Actual Loops": 3}, {"Node Type": "Hash", "Parent Relationship": "Inner", "Parallel Aware": true, "Startup Cost": 50884.91, "Total Cost": 50884.91, "Plan Rows": 2, "Plan Width": 8, "Actual Startup Time": 226.091, "Actual Total Time": 226.094, "Actual Rows": 4, "Actual Loops": 3, "Hash Buckets": 1024, "Original Hash Buckets": 1024, "Hash Batches": 1, "Original Hash Batches": 1, "Peak Memory Usage": 104, "Plans": [{"Node Type": "Nested Loop", "Parent Relationship": "Outer", "Parallel Aware": false, "Join Type": "Inner", "Startup Cost": 2626.57, "Total Cost": 50884.91, "Plan Rows": 2, "Plan Width": 8, "Actual Startup Time": 49.813, "Actual Total Time": 226.056, "Actual Rows": 4, "Actual Loops": 3, "Inner Unique": true, "Plans": [{"Node Type": "Hash Join", "Parent Relationship": "Outer", "Parallel Aware": false, "Join Type": "Inner", "Startup Cost": 2626.14, "Total Cost": 50878.05, "Plan Rows": 14, "Plan Width": 4, "Actual Startup Time": 49.791, "Actual Total Time": 225.991, "Actual Rows": 5, "Actual Loops": 3, "Inner Unique": true, "Hash Cond": "(mk.keyword_id = k.id)", "Plans": [{"Node Type": "Seq Scan", "Parent Relationship": "Outer", "Parallel Aware": true, "Relation Name": "movie_keyword", "Alias": "mk", "Startup Cost": 0.0, "Total Cost": 43303.71, "Plan Rows": 1884971, "Plan Width": 8, "Actual Startup Time": 0.01, "Actual Total Time": 108.328, "Actual Rows": 1507977, "Actual Loops": 3}, {"Node Type": "Hash", "Parent Relationship": "Inner", "Parallel Aware": false, "Startup Cost": 2626.12, "Total Cost": 2626.12, "Plan Rows": 1, "Plan Width": 4, "Actual Startup Time": 11.921, "Actual Total Time": 11.922, "Actual Rows": 1, "Actual Loops": 3, "Hash Buckets": 1024, "Original Hash Buckets": 1024, "Hash Batches": 1, "Original Hash Batches": 1, "Peak Memory Usage": 9, "Plans": [{"Node Type": "Seq Scan", "Parent Relationship": "Outer", "Parallel Aware": false, "Relation Name": "keyword", "Alias": "k", "Startup Cost": 0.0, "Total Cost": 2626.12, "Plan Rows": 1, "Plan Width": 4, "Actual Startup Time": 0.322, "Actual Total Time": 11.919, "Actual Rows": 1, "Actual Loops": 3, "Filter": "((keyword)::text = 'marvel-cinematic-universe'::text)", "Rows Removed by Filter": 134169}]}]}, {"Node Type": "Index Scan", "Parent Relationship": "Inner", "Parallel Aware": false, "Scan Direction": "Forward", "Index Name": "title_pkey", "Relation Name": "title", "Alias": "t", "Startup Cost": 0.43, "Total Cost": 0.49, "Plan Rows": 1, "Plan Width": 4, "Actual Startup Time": 0.011, "Actual Total Time": 0.011, "Actual Rows": 1, "Actual Loops": 14, "Index Cond": "(id = mk.movie_id)", "Rows Removed by Index Recheck": 0, "Filter": "(production_year > 2010)", "Rows Removed by Filter": 0}]}]}]}, {"Node Type": "Index Scan", "Parent Relationship": "Inner", "Parallel Aware": false, "Scan Direction": "Forward", "Index Name": "name_pkey", "Relation Name": "name", "Alias": "n", "Startup Cost": 0.43, "Total Cost": 0.46, "Plan Rows": 1, "Plan Width": 4, "Actual Startup Time": 0.008, "Actual Total Time": 0.008, "Actual Rows": 0, "Actual Loops": 1224, "Index Cond": "(id = ci.person_id)", "Rows Removed by Index Recheck": 0, "Filter": "((name)::text ~~ '%Downey%Robert%'::text)", "Rows Removed by Filter": 1}]}]}]}, "Planning Time": 79.419, "Triggers": [], "Execution Time": 1946.68}]
